[2024-08-12T09:57:09.658+0000] {processor.py:153} INFO - Started process (PID=54) to work on /opt/airflow/dags/first_dags.py
[2024-08-12T09:57:09.659+0000] {processor.py:640} INFO - Processing file /opt/airflow/dags/first_dags.py for tasks to queue
[2024-08-12T09:57:09.660+0000] {logging_mixin.py:115} INFO - [2024-08-12T09:57:09.660+0000] {dagbag.py:508} INFO - Filling up the DagBag from /opt/airflow/dags/first_dags.py
[2024-08-12T09:57:10.853+0000] {processor.py:650} INFO - DAG(s) dict_keys(['first_dag']) retrieved from /opt/airflow/dags/first_dags.py
[2024-08-12T09:57:10.978+0000] {logging_mixin.py:115} INFO - [2024-08-12T09:57:10.978+0000] {manager.py:508} INFO - Created Permission View: can read on DAG:first_dag
[2024-08-12T09:57:10.995+0000] {logging_mixin.py:115} INFO - [2024-08-12T09:57:10.994+0000] {manager.py:508} INFO - Created Permission View: can edit on DAG:first_dag
[2024-08-12T09:57:11.005+0000] {logging_mixin.py:115} INFO - [2024-08-12T09:57:11.005+0000] {manager.py:508} INFO - Created Permission View: can delete on DAG:first_dag
[2024-08-12T09:57:11.006+0000] {logging_mixin.py:115} INFO - [2024-08-12T09:57:11.005+0000] {dag.py:2429} INFO - Sync 1 DAGs
[2024-08-12T09:57:11.015+0000] {logging_mixin.py:115} INFO - [2024-08-12T09:57:11.015+0000] {dag.py:2448} INFO - Creating ORM DAG for first_dag
[2024-08-12T09:57:11.036+0000] {logging_mixin.py:115} INFO - [2024-08-12T09:57:11.036+0000] {dag.py:2981} INFO - Setting next_dagrun for first_dag to 2024-08-11T00:00:00+00:00, run_after=2024-08-12T00:00:00+00:00
[2024-08-12T09:57:11.054+0000] {processor.py:161} INFO - Processing /opt/airflow/dags/first_dags.py took 1.402 seconds
[2024-08-12T09:57:41.135+0000] {processor.py:153} INFO - Started process (PID=111) to work on /opt/airflow/dags/first_dags.py
[2024-08-12T09:57:41.137+0000] {processor.py:640} INFO - Processing file /opt/airflow/dags/first_dags.py for tasks to queue
[2024-08-12T09:57:41.137+0000] {logging_mixin.py:115} INFO - [2024-08-12T09:57:41.137+0000] {dagbag.py:508} INFO - Filling up the DagBag from /opt/airflow/dags/first_dags.py
[2024-08-12T09:57:41.499+0000] {processor.py:650} INFO - DAG(s) dict_keys(['first_dag']) retrieved from /opt/airflow/dags/first_dags.py
[2024-08-12T09:57:41.534+0000] {logging_mixin.py:115} INFO - [2024-08-12T09:57:41.533+0000] {dag.py:2429} INFO - Sync 1 DAGs
[2024-08-12T09:57:41.571+0000] {logging_mixin.py:115} INFO - [2024-08-12T09:57:41.571+0000] {dag.py:2981} INFO - Setting next_dagrun for first_dag to 2024-08-11T00:00:00+00:00, run_after=2024-08-12T00:00:00+00:00
[2024-08-12T09:57:41.603+0000] {processor.py:161} INFO - Processing /opt/airflow/dags/first_dags.py took 0.470 seconds
[2024-08-12T09:58:12.287+0000] {processor.py:153} INFO - Started process (PID=175) to work on /opt/airflow/dags/first_dags.py
[2024-08-12T09:58:12.287+0000] {processor.py:640} INFO - Processing file /opt/airflow/dags/first_dags.py for tasks to queue
[2024-08-12T09:58:12.288+0000] {logging_mixin.py:115} INFO - [2024-08-12T09:58:12.288+0000] {dagbag.py:508} INFO - Filling up the DagBag from /opt/airflow/dags/first_dags.py
[2024-08-12T09:58:12.509+0000] {processor.py:650} INFO - DAG(s) dict_keys(['first_dag']) retrieved from /opt/airflow/dags/first_dags.py
[2024-08-12T09:58:12.529+0000] {logging_mixin.py:115} INFO - [2024-08-12T09:58:12.528+0000] {dag.py:2429} INFO - Sync 1 DAGs
[2024-08-12T09:58:12.547+0000] {logging_mixin.py:115} INFO - [2024-08-12T09:58:12.547+0000] {dag.py:2981} INFO - Setting next_dagrun for first_dag to 2024-08-11T00:00:00+00:00, run_after=2024-08-12T00:00:00+00:00
[2024-08-12T09:58:12.556+0000] {processor.py:161} INFO - Processing /opt/airflow/dags/first_dags.py took 0.272 seconds
[2024-08-12T09:58:43.119+0000] {processor.py:153} INFO - Started process (PID=238) to work on /opt/airflow/dags/first_dags.py
[2024-08-12T09:58:43.120+0000] {processor.py:640} INFO - Processing file /opt/airflow/dags/first_dags.py for tasks to queue
[2024-08-12T09:58:43.121+0000] {logging_mixin.py:115} INFO - [2024-08-12T09:58:43.121+0000] {dagbag.py:508} INFO - Filling up the DagBag from /opt/airflow/dags/first_dags.py
[2024-08-12T09:58:43.347+0000] {processor.py:650} INFO - DAG(s) dict_keys(['first_dag']) retrieved from /opt/airflow/dags/first_dags.py
[2024-08-12T09:58:43.370+0000] {logging_mixin.py:115} INFO - [2024-08-12T09:58:43.369+0000] {dag.py:2429} INFO - Sync 1 DAGs
[2024-08-12T09:58:43.391+0000] {logging_mixin.py:115} INFO - [2024-08-12T09:58:43.391+0000] {dag.py:2981} INFO - Setting next_dagrun for first_dag to 2024-08-11T00:00:00+00:00, run_after=2024-08-12T00:00:00+00:00
[2024-08-12T09:58:43.403+0000] {processor.py:161} INFO - Processing /opt/airflow/dags/first_dags.py took 0.286 seconds
[2024-08-12T09:59:14.047+0000] {processor.py:153} INFO - Started process (PID=301) to work on /opt/airflow/dags/first_dags.py
[2024-08-12T09:59:14.048+0000] {processor.py:640} INFO - Processing file /opt/airflow/dags/first_dags.py for tasks to queue
[2024-08-12T09:59:14.049+0000] {logging_mixin.py:115} INFO - [2024-08-12T09:59:14.048+0000] {dagbag.py:508} INFO - Filling up the DagBag from /opt/airflow/dags/first_dags.py
[2024-08-12T09:59:14.269+0000] {processor.py:650} INFO - DAG(s) dict_keys(['first_dag']) retrieved from /opt/airflow/dags/first_dags.py
[2024-08-12T09:59:14.291+0000] {logging_mixin.py:115} INFO - [2024-08-12T09:59:14.290+0000] {dag.py:2429} INFO - Sync 1 DAGs
[2024-08-12T09:59:14.310+0000] {logging_mixin.py:115} INFO - [2024-08-12T09:59:14.310+0000] {dag.py:2981} INFO - Setting next_dagrun for first_dag to 2024-08-11T00:00:00+00:00, run_after=2024-08-12T00:00:00+00:00
[2024-08-12T09:59:14.320+0000] {processor.py:161} INFO - Processing /opt/airflow/dags/first_dags.py took 0.276 seconds
[2024-08-12T09:59:44.427+0000] {processor.py:153} INFO - Started process (PID=358) to work on /opt/airflow/dags/first_dags.py
[2024-08-12T09:59:44.428+0000] {processor.py:640} INFO - Processing file /opt/airflow/dags/first_dags.py for tasks to queue
[2024-08-12T09:59:44.429+0000] {logging_mixin.py:115} INFO - [2024-08-12T09:59:44.429+0000] {dagbag.py:508} INFO - Filling up the DagBag from /opt/airflow/dags/first_dags.py
[2024-08-12T09:59:44.644+0000] {processor.py:650} INFO - DAG(s) dict_keys(['first_dag']) retrieved from /opt/airflow/dags/first_dags.py
[2024-08-12T09:59:44.664+0000] {logging_mixin.py:115} INFO - [2024-08-12T09:59:44.664+0000] {dag.py:2429} INFO - Sync 1 DAGs
[2024-08-12T09:59:44.684+0000] {logging_mixin.py:115} INFO - [2024-08-12T09:59:44.684+0000] {dag.py:2981} INFO - Setting next_dagrun for first_dag to 2024-08-11T00:00:00+00:00, run_after=2024-08-12T00:00:00+00:00
[2024-08-12T09:59:44.696+0000] {processor.py:161} INFO - Processing /opt/airflow/dags/first_dags.py took 0.271 seconds
[2024-08-12T10:00:15.362+0000] {processor.py:153} INFO - Started process (PID=420) to work on /opt/airflow/dags/first_dags.py
[2024-08-12T10:00:15.362+0000] {processor.py:640} INFO - Processing file /opt/airflow/dags/first_dags.py for tasks to queue
[2024-08-12T10:00:15.363+0000] {logging_mixin.py:115} INFO - [2024-08-12T10:00:15.363+0000] {dagbag.py:508} INFO - Filling up the DagBag from /opt/airflow/dags/first_dags.py
[2024-08-12T10:00:15.574+0000] {processor.py:650} INFO - DAG(s) dict_keys(['first_dag']) retrieved from /opt/airflow/dags/first_dags.py
[2024-08-12T10:00:15.593+0000] {logging_mixin.py:115} INFO - [2024-08-12T10:00:15.592+0000] {dag.py:2429} INFO - Sync 1 DAGs
[2024-08-12T10:00:15.612+0000] {logging_mixin.py:115} INFO - [2024-08-12T10:00:15.612+0000] {dag.py:2981} INFO - Setting next_dagrun for first_dag to 2024-08-11T00:00:00+00:00, run_after=2024-08-12T00:00:00+00:00
[2024-08-12T10:00:15.621+0000] {processor.py:161} INFO - Processing /opt/airflow/dags/first_dags.py took 0.262 seconds
[2024-08-12T10:00:46.091+0000] {processor.py:153} INFO - Started process (PID=483) to work on /opt/airflow/dags/first_dags.py
[2024-08-12T10:00:46.092+0000] {processor.py:640} INFO - Processing file /opt/airflow/dags/first_dags.py for tasks to queue
[2024-08-12T10:00:46.092+0000] {logging_mixin.py:115} INFO - [2024-08-12T10:00:46.092+0000] {dagbag.py:508} INFO - Filling up the DagBag from /opt/airflow/dags/first_dags.py
[2024-08-12T10:00:46.309+0000] {processor.py:650} INFO - DAG(s) dict_keys(['first_dag']) retrieved from /opt/airflow/dags/first_dags.py
[2024-08-12T10:00:46.329+0000] {logging_mixin.py:115} INFO - [2024-08-12T10:00:46.328+0000] {dag.py:2429} INFO - Sync 1 DAGs
[2024-08-12T10:00:46.347+0000] {logging_mixin.py:115} INFO - [2024-08-12T10:00:46.346+0000] {dag.py:2981} INFO - Setting next_dagrun for first_dag to 2024-08-11T00:00:00+00:00, run_after=2024-08-12T00:00:00+00:00
[2024-08-12T10:00:46.357+0000] {processor.py:161} INFO - Processing /opt/airflow/dags/first_dags.py took 0.268 seconds
[2024-08-12T10:01:16.924+0000] {processor.py:153} INFO - Started process (PID=537) to work on /opt/airflow/dags/first_dags.py
[2024-08-12T10:01:16.926+0000] {processor.py:640} INFO - Processing file /opt/airflow/dags/first_dags.py for tasks to queue
[2024-08-12T10:01:16.926+0000] {logging_mixin.py:115} INFO - [2024-08-12T10:01:16.926+0000] {dagbag.py:508} INFO - Filling up the DagBag from /opt/airflow/dags/first_dags.py
[2024-08-12T10:01:17.139+0000] {processor.py:650} INFO - DAG(s) dict_keys(['first_dag']) retrieved from /opt/airflow/dags/first_dags.py
[2024-08-12T10:01:17.162+0000] {logging_mixin.py:115} INFO - [2024-08-12T10:01:17.161+0000] {dag.py:2429} INFO - Sync 1 DAGs
[2024-08-12T10:01:17.181+0000] {logging_mixin.py:115} INFO - [2024-08-12T10:01:17.181+0000] {dag.py:2981} INFO - Setting next_dagrun for first_dag to 2024-08-11T00:00:00+00:00, run_after=2024-08-12T00:00:00+00:00
[2024-08-12T10:01:17.191+0000] {processor.py:161} INFO - Processing /opt/airflow/dags/first_dags.py took 0.269 seconds
[2024-08-12T10:01:47.769+0000] {processor.py:153} INFO - Started process (PID=600) to work on /opt/airflow/dags/first_dags.py
[2024-08-12T10:01:47.770+0000] {processor.py:640} INFO - Processing file /opt/airflow/dags/first_dags.py for tasks to queue
[2024-08-12T10:01:47.770+0000] {logging_mixin.py:115} INFO - [2024-08-12T10:01:47.770+0000] {dagbag.py:508} INFO - Filling up the DagBag from /opt/airflow/dags/first_dags.py
[2024-08-12T10:01:47.994+0000] {processor.py:650} INFO - DAG(s) dict_keys(['first_dag']) retrieved from /opt/airflow/dags/first_dags.py
[2024-08-12T10:01:48.013+0000] {logging_mixin.py:115} INFO - [2024-08-12T10:01:48.012+0000] {dag.py:2429} INFO - Sync 1 DAGs
[2024-08-12T10:01:48.031+0000] {logging_mixin.py:115} INFO - [2024-08-12T10:01:48.031+0000] {dag.py:2981} INFO - Setting next_dagrun for first_dag to 2024-08-11T00:00:00+00:00, run_after=2024-08-12T00:00:00+00:00
[2024-08-12T10:01:48.040+0000] {processor.py:161} INFO - Processing /opt/airflow/dags/first_dags.py took 0.274 seconds
[2024-08-12T10:02:18.513+0000] {processor.py:153} INFO - Started process (PID=663) to work on /opt/airflow/dags/first_dags.py
[2024-08-12T10:02:18.514+0000] {processor.py:640} INFO - Processing file /opt/airflow/dags/first_dags.py for tasks to queue
[2024-08-12T10:02:18.514+0000] {logging_mixin.py:115} INFO - [2024-08-12T10:02:18.514+0000] {dagbag.py:508} INFO - Filling up the DagBag from /opt/airflow/dags/first_dags.py
[2024-08-12T10:02:18.735+0000] {processor.py:650} INFO - DAG(s) dict_keys(['first_dag']) retrieved from /opt/airflow/dags/first_dags.py
[2024-08-12T10:02:18.755+0000] {logging_mixin.py:115} INFO - [2024-08-12T10:02:18.755+0000] {dag.py:2429} INFO - Sync 1 DAGs
[2024-08-12T10:02:18.774+0000] {logging_mixin.py:115} INFO - [2024-08-12T10:02:18.773+0000] {dag.py:2981} INFO - Setting next_dagrun for first_dag to 2024-08-11T00:00:00+00:00, run_after=2024-08-12T00:00:00+00:00
[2024-08-12T10:02:18.783+0000] {processor.py:161} INFO - Processing /opt/airflow/dags/first_dags.py took 0.273 seconds
[2024-08-12T10:02:49.349+0000] {processor.py:153} INFO - Started process (PID=726) to work on /opt/airflow/dags/first_dags.py
[2024-08-12T10:02:49.351+0000] {processor.py:640} INFO - Processing file /opt/airflow/dags/first_dags.py for tasks to queue
[2024-08-12T10:02:49.351+0000] {logging_mixin.py:115} INFO - [2024-08-12T10:02:49.351+0000] {dagbag.py:508} INFO - Filling up the DagBag from /opt/airflow/dags/first_dags.py
[2024-08-12T10:02:49.572+0000] {processor.py:650} INFO - DAG(s) dict_keys(['first_dag']) retrieved from /opt/airflow/dags/first_dags.py
[2024-08-12T10:02:49.592+0000] {logging_mixin.py:115} INFO - [2024-08-12T10:02:49.591+0000] {dag.py:2429} INFO - Sync 1 DAGs
[2024-08-12T10:02:49.611+0000] {logging_mixin.py:115} INFO - [2024-08-12T10:02:49.611+0000] {dag.py:2981} INFO - Setting next_dagrun for first_dag to 2024-08-11T00:00:00+00:00, run_after=2024-08-12T00:00:00+00:00
[2024-08-12T10:02:49.621+0000] {processor.py:161} INFO - Processing /opt/airflow/dags/first_dags.py took 0.274 seconds
[2024-08-12T10:03:20.184+0000] {processor.py:153} INFO - Started process (PID=780) to work on /opt/airflow/dags/first_dags.py
[2024-08-12T10:03:20.185+0000] {processor.py:640} INFO - Processing file /opt/airflow/dags/first_dags.py for tasks to queue
[2024-08-12T10:03:20.185+0000] {logging_mixin.py:115} INFO - [2024-08-12T10:03:20.185+0000] {dagbag.py:508} INFO - Filling up the DagBag from /opt/airflow/dags/first_dags.py
[2024-08-12T10:03:20.400+0000] {processor.py:650} INFO - DAG(s) dict_keys(['first_dag']) retrieved from /opt/airflow/dags/first_dags.py
[2024-08-12T10:03:20.421+0000] {logging_mixin.py:115} INFO - [2024-08-12T10:03:20.420+0000] {dag.py:2429} INFO - Sync 1 DAGs
[2024-08-12T10:03:20.440+0000] {logging_mixin.py:115} INFO - [2024-08-12T10:03:20.440+0000] {dag.py:2981} INFO - Setting next_dagrun for first_dag to 2024-08-12T00:00:00+00:00, run_after=2024-08-13T00:00:00+00:00
[2024-08-12T10:03:20.450+0000] {processor.py:161} INFO - Processing /opt/airflow/dags/first_dags.py took 0.269 seconds
[2024-08-12T10:03:51.046+0000] {processor.py:153} INFO - Started process (PID=843) to work on /opt/airflow/dags/first_dags.py
[2024-08-12T10:03:51.047+0000] {processor.py:640} INFO - Processing file /opt/airflow/dags/first_dags.py for tasks to queue
[2024-08-12T10:03:51.047+0000] {logging_mixin.py:115} INFO - [2024-08-12T10:03:51.047+0000] {dagbag.py:508} INFO - Filling up the DagBag from /opt/airflow/dags/first_dags.py
[2024-08-12T10:03:51.266+0000] {processor.py:650} INFO - DAG(s) dict_keys(['first_dag']) retrieved from /opt/airflow/dags/first_dags.py
[2024-08-12T10:03:51.286+0000] {logging_mixin.py:115} INFO - [2024-08-12T10:03:51.285+0000] {dag.py:2429} INFO - Sync 1 DAGs
[2024-08-12T10:03:51.306+0000] {logging_mixin.py:115} INFO - [2024-08-12T10:03:51.306+0000] {dag.py:2981} INFO - Setting next_dagrun for first_dag to 2024-08-12T00:00:00+00:00, run_after=2024-08-13T00:00:00+00:00
[2024-08-12T10:03:51.315+0000] {processor.py:161} INFO - Processing /opt/airflow/dags/first_dags.py took 0.273 seconds
[2024-08-12T10:04:21.965+0000] {processor.py:153} INFO - Started process (PID=906) to work on /opt/airflow/dags/first_dags.py
[2024-08-12T10:04:21.966+0000] {processor.py:640} INFO - Processing file /opt/airflow/dags/first_dags.py for tasks to queue
[2024-08-12T10:04:21.967+0000] {logging_mixin.py:115} INFO - [2024-08-12T10:04:21.967+0000] {dagbag.py:508} INFO - Filling up the DagBag from /opt/airflow/dags/first_dags.py
[2024-08-12T10:04:22.184+0000] {processor.py:650} INFO - DAG(s) dict_keys(['first_dag']) retrieved from /opt/airflow/dags/first_dags.py
[2024-08-12T10:04:22.207+0000] {logging_mixin.py:115} INFO - [2024-08-12T10:04:22.206+0000] {dag.py:2429} INFO - Sync 1 DAGs
[2024-08-12T10:04:22.225+0000] {logging_mixin.py:115} INFO - [2024-08-12T10:04:22.225+0000] {dag.py:2981} INFO - Setting next_dagrun for first_dag to 2024-08-12T00:00:00+00:00, run_after=2024-08-13T00:00:00+00:00
[2024-08-12T10:04:22.234+0000] {processor.py:161} INFO - Processing /opt/airflow/dags/first_dags.py took 0.271 seconds
[2024-08-12T10:04:52.771+0000] {processor.py:153} INFO - Started process (PID=969) to work on /opt/airflow/dags/first_dags.py
[2024-08-12T10:04:52.772+0000] {processor.py:640} INFO - Processing file /opt/airflow/dags/first_dags.py for tasks to queue
[2024-08-12T10:04:52.773+0000] {logging_mixin.py:115} INFO - [2024-08-12T10:04:52.773+0000] {dagbag.py:508} INFO - Filling up the DagBag from /opt/airflow/dags/first_dags.py
[2024-08-12T10:04:52.989+0000] {processor.py:650} INFO - DAG(s) dict_keys(['first_dag']) retrieved from /opt/airflow/dags/first_dags.py
[2024-08-12T10:04:53.008+0000] {logging_mixin.py:115} INFO - [2024-08-12T10:04:53.007+0000] {dag.py:2429} INFO - Sync 1 DAGs
[2024-08-12T10:04:53.026+0000] {logging_mixin.py:115} INFO - [2024-08-12T10:04:53.026+0000] {dag.py:2981} INFO - Setting next_dagrun for first_dag to 2024-08-12T00:00:00+00:00, run_after=2024-08-13T00:00:00+00:00
[2024-08-12T10:04:53.035+0000] {processor.py:161} INFO - Processing /opt/airflow/dags/first_dags.py took 0.266 seconds
[2024-08-12T10:05:23.627+0000] {processor.py:153} INFO - Started process (PID=1023) to work on /opt/airflow/dags/first_dags.py
[2024-08-12T10:05:23.628+0000] {processor.py:640} INFO - Processing file /opt/airflow/dags/first_dags.py for tasks to queue
[2024-08-12T10:05:23.629+0000] {logging_mixin.py:115} INFO - [2024-08-12T10:05:23.629+0000] {dagbag.py:508} INFO - Filling up the DagBag from /opt/airflow/dags/first_dags.py
[2024-08-12T10:05:23.842+0000] {processor.py:650} INFO - DAG(s) dict_keys(['first_dag']) retrieved from /opt/airflow/dags/first_dags.py
[2024-08-12T10:05:23.861+0000] {logging_mixin.py:115} INFO - [2024-08-12T10:05:23.860+0000] {dag.py:2429} INFO - Sync 1 DAGs
[2024-08-12T10:05:23.879+0000] {logging_mixin.py:115} INFO - [2024-08-12T10:05:23.878+0000] {dag.py:2981} INFO - Setting next_dagrun for first_dag to 2024-08-12T00:00:00+00:00, run_after=2024-08-13T00:00:00+00:00
[2024-08-12T10:05:23.887+0000] {processor.py:161} INFO - Processing /opt/airflow/dags/first_dags.py took 0.263 seconds
[2024-08-12T10:05:54.512+0000] {processor.py:153} INFO - Started process (PID=1086) to work on /opt/airflow/dags/first_dags.py
[2024-08-12T10:05:54.513+0000] {processor.py:640} INFO - Processing file /opt/airflow/dags/first_dags.py for tasks to queue
[2024-08-12T10:05:54.513+0000] {logging_mixin.py:115} INFO - [2024-08-12T10:05:54.513+0000] {dagbag.py:508} INFO - Filling up the DagBag from /opt/airflow/dags/first_dags.py
[2024-08-12T10:05:54.717+0000] {processor.py:650} INFO - DAG(s) dict_keys(['first_dag']) retrieved from /opt/airflow/dags/first_dags.py
[2024-08-12T10:05:54.737+0000] {logging_mixin.py:115} INFO - [2024-08-12T10:05:54.737+0000] {dag.py:2429} INFO - Sync 1 DAGs
[2024-08-12T10:05:54.755+0000] {logging_mixin.py:115} INFO - [2024-08-12T10:05:54.755+0000] {dag.py:2981} INFO - Setting next_dagrun for first_dag to 2024-08-12T00:00:00+00:00, run_after=2024-08-13T00:00:00+00:00
[2024-08-12T10:05:54.765+0000] {processor.py:161} INFO - Processing /opt/airflow/dags/first_dags.py took 0.256 seconds
[2024-08-12T10:06:25.243+0000] {processor.py:153} INFO - Started process (PID=1149) to work on /opt/airflow/dags/first_dags.py
[2024-08-12T10:06:25.245+0000] {processor.py:640} INFO - Processing file /opt/airflow/dags/first_dags.py for tasks to queue
[2024-08-12T10:06:25.245+0000] {logging_mixin.py:115} INFO - [2024-08-12T10:06:25.245+0000] {dagbag.py:508} INFO - Filling up the DagBag from /opt/airflow/dags/first_dags.py
[2024-08-12T10:06:25.452+0000] {processor.py:650} INFO - DAG(s) dict_keys(['first_dag']) retrieved from /opt/airflow/dags/first_dags.py
[2024-08-12T10:06:25.472+0000] {logging_mixin.py:115} INFO - [2024-08-12T10:06:25.471+0000] {dag.py:2429} INFO - Sync 1 DAGs
[2024-08-12T10:06:25.489+0000] {logging_mixin.py:115} INFO - [2024-08-12T10:06:25.489+0000] {dag.py:2981} INFO - Setting next_dagrun for first_dag to 2024-08-12T00:00:00+00:00, run_after=2024-08-13T00:00:00+00:00
[2024-08-12T10:06:25.500+0000] {processor.py:161} INFO - Processing /opt/airflow/dags/first_dags.py took 0.260 seconds
[2024-08-12T10:06:56.143+0000] {processor.py:153} INFO - Started process (PID=1212) to work on /opt/airflow/dags/first_dags.py
[2024-08-12T10:06:56.144+0000] {processor.py:640} INFO - Processing file /opt/airflow/dags/first_dags.py for tasks to queue
[2024-08-12T10:06:56.145+0000] {logging_mixin.py:115} INFO - [2024-08-12T10:06:56.145+0000] {dagbag.py:508} INFO - Filling up the DagBag from /opt/airflow/dags/first_dags.py
[2024-08-12T10:06:56.360+0000] {processor.py:650} INFO - DAG(s) dict_keys(['first_dag']) retrieved from /opt/airflow/dags/first_dags.py
[2024-08-12T10:06:56.380+0000] {logging_mixin.py:115} INFO - [2024-08-12T10:06:56.379+0000] {dag.py:2429} INFO - Sync 1 DAGs
[2024-08-12T10:06:56.397+0000] {logging_mixin.py:115} INFO - [2024-08-12T10:06:56.397+0000] {dag.py:2981} INFO - Setting next_dagrun for first_dag to 2024-08-12T00:00:00+00:00, run_after=2024-08-13T00:00:00+00:00
[2024-08-12T10:06:56.406+0000] {processor.py:161} INFO - Processing /opt/airflow/dags/first_dags.py took 0.265 seconds
[2024-08-12T10:07:26.452+0000] {processor.py:153} INFO - Started process (PID=1268) to work on /opt/airflow/dags/first_dags.py
[2024-08-12T10:07:26.453+0000] {processor.py:640} INFO - Processing file /opt/airflow/dags/first_dags.py for tasks to queue
[2024-08-12T10:07:26.453+0000] {logging_mixin.py:115} INFO - [2024-08-12T10:07:26.453+0000] {dagbag.py:508} INFO - Filling up the DagBag from /opt/airflow/dags/first_dags.py
[2024-08-12T10:07:26.670+0000] {processor.py:650} INFO - DAG(s) dict_keys(['first_dag']) retrieved from /opt/airflow/dags/first_dags.py
[2024-08-12T10:07:26.691+0000] {logging_mixin.py:115} INFO - [2024-08-12T10:07:26.690+0000] {dag.py:2429} INFO - Sync 1 DAGs
[2024-08-12T10:07:26.709+0000] {logging_mixin.py:115} INFO - [2024-08-12T10:07:26.709+0000] {dag.py:2981} INFO - Setting next_dagrun for first_dag to 2024-08-12T00:00:00+00:00, run_after=2024-08-13T00:00:00+00:00
[2024-08-12T10:07:26.719+0000] {processor.py:161} INFO - Processing /opt/airflow/dags/first_dags.py took 0.270 seconds
[2024-08-12T10:07:57.587+0000] {processor.py:153} INFO - Started process (PID=1331) to work on /opt/airflow/dags/first_dags.py
[2024-08-12T10:07:57.588+0000] {processor.py:640} INFO - Processing file /opt/airflow/dags/first_dags.py for tasks to queue
[2024-08-12T10:07:57.589+0000] {logging_mixin.py:115} INFO - [2024-08-12T10:07:57.588+0000] {dagbag.py:508} INFO - Filling up the DagBag from /opt/airflow/dags/first_dags.py
[2024-08-12T10:07:57.810+0000] {processor.py:650} INFO - DAG(s) dict_keys(['first_dag']) retrieved from /opt/airflow/dags/first_dags.py
[2024-08-12T10:07:57.833+0000] {logging_mixin.py:115} INFO - [2024-08-12T10:07:57.832+0000] {dag.py:2429} INFO - Sync 1 DAGs
[2024-08-12T10:07:57.852+0000] {logging_mixin.py:115} INFO - [2024-08-12T10:07:57.852+0000] {dag.py:2981} INFO - Setting next_dagrun for first_dag to 2024-08-12T00:00:00+00:00, run_after=2024-08-13T00:00:00+00:00
[2024-08-12T10:07:57.863+0000] {processor.py:161} INFO - Processing /opt/airflow/dags/first_dags.py took 0.278 seconds
[2024-08-12T10:08:28.360+0000] {processor.py:153} INFO - Started process (PID=1394) to work on /opt/airflow/dags/first_dags.py
[2024-08-12T10:08:28.360+0000] {processor.py:640} INFO - Processing file /opt/airflow/dags/first_dags.py for tasks to queue
[2024-08-12T10:08:28.361+0000] {logging_mixin.py:115} INFO - [2024-08-12T10:08:28.361+0000] {dagbag.py:508} INFO - Filling up the DagBag from /opt/airflow/dags/first_dags.py
[2024-08-12T10:08:28.571+0000] {processor.py:650} INFO - DAG(s) dict_keys(['first_dag']) retrieved from /opt/airflow/dags/first_dags.py
[2024-08-12T10:08:28.591+0000] {logging_mixin.py:115} INFO - [2024-08-12T10:08:28.590+0000] {dag.py:2429} INFO - Sync 1 DAGs
[2024-08-12T10:08:28.608+0000] {logging_mixin.py:115} INFO - [2024-08-12T10:08:28.608+0000] {dag.py:2981} INFO - Setting next_dagrun for first_dag to 2024-08-12T00:00:00+00:00, run_after=2024-08-13T00:00:00+00:00
[2024-08-12T10:08:28.617+0000] {processor.py:161} INFO - Processing /opt/airflow/dags/first_dags.py took 0.260 seconds
[2024-08-12T10:08:59.127+0000] {processor.py:153} INFO - Started process (PID=1457) to work on /opt/airflow/dags/first_dags.py
[2024-08-12T10:08:59.128+0000] {processor.py:640} INFO - Processing file /opt/airflow/dags/first_dags.py for tasks to queue
[2024-08-12T10:08:59.128+0000] {logging_mixin.py:115} INFO - [2024-08-12T10:08:59.128+0000] {dagbag.py:508} INFO - Filling up the DagBag from /opt/airflow/dags/first_dags.py
[2024-08-12T10:08:59.347+0000] {processor.py:650} INFO - DAG(s) dict_keys(['first_dag']) retrieved from /opt/airflow/dags/first_dags.py
[2024-08-12T10:08:59.367+0000] {logging_mixin.py:115} INFO - [2024-08-12T10:08:59.366+0000] {dag.py:2429} INFO - Sync 1 DAGs
[2024-08-12T10:08:59.385+0000] {logging_mixin.py:115} INFO - [2024-08-12T10:08:59.385+0000] {dag.py:2981} INFO - Setting next_dagrun for first_dag to 2024-08-12T00:00:00+00:00, run_after=2024-08-13T00:00:00+00:00
[2024-08-12T10:08:59.394+0000] {processor.py:161} INFO - Processing /opt/airflow/dags/first_dags.py took 0.270 seconds
[2024-08-12T10:09:29.830+0000] {processor.py:153} INFO - Started process (PID=1511) to work on /opt/airflow/dags/first_dags.py
[2024-08-12T10:09:29.831+0000] {processor.py:640} INFO - Processing file /opt/airflow/dags/first_dags.py for tasks to queue
[2024-08-12T10:09:29.831+0000] {logging_mixin.py:115} INFO - [2024-08-12T10:09:29.831+0000] {dagbag.py:508} INFO - Filling up the DagBag from /opt/airflow/dags/first_dags.py
[2024-08-12T10:09:30.045+0000] {processor.py:650} INFO - DAG(s) dict_keys(['first_dag']) retrieved from /opt/airflow/dags/first_dags.py
[2024-08-12T10:09:30.069+0000] {logging_mixin.py:115} INFO - [2024-08-12T10:09:30.068+0000] {dag.py:2429} INFO - Sync 1 DAGs
[2024-08-12T10:09:30.090+0000] {logging_mixin.py:115} INFO - [2024-08-12T10:09:30.089+0000] {dag.py:2981} INFO - Setting next_dagrun for first_dag to 2024-08-12T00:00:00+00:00, run_after=2024-08-13T00:00:00+00:00
[2024-08-12T10:09:30.100+0000] {processor.py:161} INFO - Processing /opt/airflow/dags/first_dags.py took 0.272 seconds
[2024-08-12T10:10:00.564+0000] {processor.py:153} INFO - Started process (PID=1574) to work on /opt/airflow/dags/first_dags.py
[2024-08-12T10:10:00.565+0000] {processor.py:640} INFO - Processing file /opt/airflow/dags/first_dags.py for tasks to queue
[2024-08-12T10:10:00.565+0000] {logging_mixin.py:115} INFO - [2024-08-12T10:10:00.565+0000] {dagbag.py:508} INFO - Filling up the DagBag from /opt/airflow/dags/first_dags.py
[2024-08-12T10:10:00.795+0000] {processor.py:650} INFO - DAG(s) dict_keys(['first_dag']) retrieved from /opt/airflow/dags/first_dags.py
[2024-08-12T10:10:00.817+0000] {logging_mixin.py:115} INFO - [2024-08-12T10:10:00.816+0000] {dag.py:2429} INFO - Sync 1 DAGs
[2024-08-12T10:10:00.836+0000] {logging_mixin.py:115} INFO - [2024-08-12T10:10:00.836+0000] {dag.py:2981} INFO - Setting next_dagrun for first_dag to 2024-08-12T00:00:00+00:00, run_after=2024-08-13T00:00:00+00:00
[2024-08-12T10:10:00.847+0000] {processor.py:161} INFO - Processing /opt/airflow/dags/first_dags.py took 0.285 seconds
[2024-08-12T10:10:31.383+0000] {processor.py:153} INFO - Started process (PID=1637) to work on /opt/airflow/dags/first_dags.py
[2024-08-12T10:10:31.385+0000] {processor.py:640} INFO - Processing file /opt/airflow/dags/first_dags.py for tasks to queue
[2024-08-12T10:10:31.385+0000] {logging_mixin.py:115} INFO - [2024-08-12T10:10:31.385+0000] {dagbag.py:508} INFO - Filling up the DagBag from /opt/airflow/dags/first_dags.py
[2024-08-12T10:10:31.595+0000] {processor.py:650} INFO - DAG(s) dict_keys(['first_dag']) retrieved from /opt/airflow/dags/first_dags.py
[2024-08-12T10:10:31.616+0000] {logging_mixin.py:115} INFO - [2024-08-12T10:10:31.615+0000] {dag.py:2429} INFO - Sync 1 DAGs
[2024-08-12T10:10:31.633+0000] {logging_mixin.py:115} INFO - [2024-08-12T10:10:31.633+0000] {dag.py:2981} INFO - Setting next_dagrun for first_dag to 2024-08-12T00:00:00+00:00, run_after=2024-08-13T00:00:00+00:00
[2024-08-12T10:10:31.642+0000] {processor.py:161} INFO - Processing /opt/airflow/dags/first_dags.py took 0.261 seconds
[2024-08-12T10:11:02.083+0000] {processor.py:153} INFO - Started process (PID=1700) to work on /opt/airflow/dags/first_dags.py
[2024-08-12T10:11:02.084+0000] {processor.py:640} INFO - Processing file /opt/airflow/dags/first_dags.py for tasks to queue
[2024-08-12T10:11:02.084+0000] {logging_mixin.py:115} INFO - [2024-08-12T10:11:02.084+0000] {dagbag.py:508} INFO - Filling up the DagBag from /opt/airflow/dags/first_dags.py
[2024-08-12T10:11:02.301+0000] {processor.py:650} INFO - DAG(s) dict_keys(['first_dag']) retrieved from /opt/airflow/dags/first_dags.py
[2024-08-12T10:11:02.323+0000] {logging_mixin.py:115} INFO - [2024-08-12T10:11:02.322+0000] {dag.py:2429} INFO - Sync 1 DAGs
[2024-08-12T10:11:02.342+0000] {logging_mixin.py:115} INFO - [2024-08-12T10:11:02.342+0000] {dag.py:2981} INFO - Setting next_dagrun for first_dag to 2024-08-12T00:00:00+00:00, run_after=2024-08-13T00:00:00+00:00
[2024-08-12T10:11:02.351+0000] {processor.py:161} INFO - Processing /opt/airflow/dags/first_dags.py took 0.271 seconds
[2024-08-12T10:11:32.856+0000] {processor.py:153} INFO - Started process (PID=1754) to work on /opt/airflow/dags/first_dags.py
[2024-08-12T10:11:32.857+0000] {processor.py:640} INFO - Processing file /opt/airflow/dags/first_dags.py for tasks to queue
[2024-08-12T10:11:32.859+0000] {logging_mixin.py:115} INFO - [2024-08-12T10:11:32.858+0000] {dagbag.py:508} INFO - Filling up the DagBag from /opt/airflow/dags/first_dags.py
[2024-08-12T10:11:33.124+0000] {processor.py:650} INFO - DAG(s) dict_keys(['first_dag']) retrieved from /opt/airflow/dags/first_dags.py
[2024-08-12T10:11:33.146+0000] {logging_mixin.py:115} INFO - [2024-08-12T10:11:33.145+0000] {dag.py:2429} INFO - Sync 1 DAGs
[2024-08-12T10:11:33.166+0000] {logging_mixin.py:115} INFO - [2024-08-12T10:11:33.166+0000] {dag.py:2981} INFO - Setting next_dagrun for first_dag to 2024-08-12T00:00:00+00:00, run_after=2024-08-13T00:00:00+00:00
[2024-08-12T10:11:33.175+0000] {processor.py:161} INFO - Processing /opt/airflow/dags/first_dags.py took 0.322 seconds
[2024-08-12T10:12:03.635+0000] {processor.py:153} INFO - Started process (PID=1817) to work on /opt/airflow/dags/first_dags.py
[2024-08-12T10:12:03.635+0000] {processor.py:640} INFO - Processing file /opt/airflow/dags/first_dags.py for tasks to queue
[2024-08-12T10:12:03.636+0000] {logging_mixin.py:115} INFO - [2024-08-12T10:12:03.636+0000] {dagbag.py:508} INFO - Filling up the DagBag from /opt/airflow/dags/first_dags.py
[2024-08-12T10:12:03.839+0000] {processor.py:650} INFO - DAG(s) dict_keys(['first_dag']) retrieved from /opt/airflow/dags/first_dags.py
[2024-08-12T10:12:03.860+0000] {logging_mixin.py:115} INFO - [2024-08-12T10:12:03.859+0000] {dag.py:2429} INFO - Sync 1 DAGs
[2024-08-12T10:12:03.877+0000] {logging_mixin.py:115} INFO - [2024-08-12T10:12:03.877+0000] {dag.py:2981} INFO - Setting next_dagrun for first_dag to 2024-08-12T00:00:00+00:00, run_after=2024-08-13T00:00:00+00:00
[2024-08-12T10:12:03.886+0000] {processor.py:161} INFO - Processing /opt/airflow/dags/first_dags.py took 0.254 seconds
[2024-08-12T10:12:34.457+0000] {processor.py:153} INFO - Started process (PID=1880) to work on /opt/airflow/dags/first_dags.py
[2024-08-12T10:12:34.458+0000] {processor.py:640} INFO - Processing file /opt/airflow/dags/first_dags.py for tasks to queue
[2024-08-12T10:12:34.459+0000] {logging_mixin.py:115} INFO - [2024-08-12T10:12:34.458+0000] {dagbag.py:508} INFO - Filling up the DagBag from /opt/airflow/dags/first_dags.py
[2024-08-12T10:12:34.676+0000] {processor.py:650} INFO - DAG(s) dict_keys(['first_dag']) retrieved from /opt/airflow/dags/first_dags.py
[2024-08-12T10:12:34.696+0000] {logging_mixin.py:115} INFO - [2024-08-12T10:12:34.696+0000] {dag.py:2429} INFO - Sync 1 DAGs
[2024-08-12T10:12:34.715+0000] {logging_mixin.py:115} INFO - [2024-08-12T10:12:34.715+0000] {dag.py:2981} INFO - Setting next_dagrun for first_dag to 2024-08-12T00:00:00+00:00, run_after=2024-08-13T00:00:00+00:00
[2024-08-12T10:12:34.725+0000] {processor.py:161} INFO - Processing /opt/airflow/dags/first_dags.py took 0.271 seconds
[2024-08-12T10:13:05.388+0000] {processor.py:153} INFO - Started process (PID=1943) to work on /opt/airflow/dags/first_dags.py
[2024-08-12T10:13:05.389+0000] {processor.py:640} INFO - Processing file /opt/airflow/dags/first_dags.py for tasks to queue
[2024-08-12T10:13:05.389+0000] {logging_mixin.py:115} INFO - [2024-08-12T10:13:05.389+0000] {dagbag.py:508} INFO - Filling up the DagBag from /opt/airflow/dags/first_dags.py
[2024-08-12T10:13:05.610+0000] {processor.py:650} INFO - DAG(s) dict_keys(['first_dag']) retrieved from /opt/airflow/dags/first_dags.py
[2024-08-12T10:13:05.633+0000] {logging_mixin.py:115} INFO - [2024-08-12T10:13:05.632+0000] {dag.py:2429} INFO - Sync 1 DAGs
[2024-08-12T10:13:05.652+0000] {logging_mixin.py:115} INFO - [2024-08-12T10:13:05.652+0000] {dag.py:2981} INFO - Setting next_dagrun for first_dag to 2024-08-12T00:00:00+00:00, run_after=2024-08-13T00:00:00+00:00
[2024-08-12T10:13:05.662+0000] {processor.py:161} INFO - Processing /opt/airflow/dags/first_dags.py took 0.276 seconds
[2024-08-12T10:13:36.167+0000] {processor.py:153} INFO - Started process (PID=1997) to work on /opt/airflow/dags/first_dags.py
[2024-08-12T10:13:36.168+0000] {processor.py:640} INFO - Processing file /opt/airflow/dags/first_dags.py for tasks to queue
[2024-08-12T10:13:36.169+0000] {logging_mixin.py:115} INFO - [2024-08-12T10:13:36.169+0000] {dagbag.py:508} INFO - Filling up the DagBag from /opt/airflow/dags/first_dags.py
[2024-08-12T10:13:36.374+0000] {processor.py:650} INFO - DAG(s) dict_keys(['first_dag']) retrieved from /opt/airflow/dags/first_dags.py
[2024-08-12T10:13:36.397+0000] {logging_mixin.py:115} INFO - [2024-08-12T10:13:36.396+0000] {dag.py:2429} INFO - Sync 1 DAGs
[2024-08-12T10:13:36.416+0000] {logging_mixin.py:115} INFO - [2024-08-12T10:13:36.416+0000] {dag.py:2981} INFO - Setting next_dagrun for first_dag to 2024-08-12T00:00:00+00:00, run_after=2024-08-13T00:00:00+00:00
[2024-08-12T10:13:36.426+0000] {processor.py:161} INFO - Processing /opt/airflow/dags/first_dags.py took 0.261 seconds
[2024-08-12T10:14:06.952+0000] {processor.py:153} INFO - Started process (PID=2060) to work on /opt/airflow/dags/first_dags.py
[2024-08-12T10:14:06.954+0000] {processor.py:640} INFO - Processing file /opt/airflow/dags/first_dags.py for tasks to queue
[2024-08-12T10:14:06.954+0000] {logging_mixin.py:115} INFO - [2024-08-12T10:14:06.954+0000] {dagbag.py:508} INFO - Filling up the DagBag from /opt/airflow/dags/first_dags.py
[2024-08-12T10:14:07.214+0000] {processor.py:650} INFO - DAG(s) dict_keys(['first_dag']) retrieved from /opt/airflow/dags/first_dags.py
[2024-08-12T10:14:07.234+0000] {logging_mixin.py:115} INFO - [2024-08-12T10:14:07.233+0000] {dag.py:2429} INFO - Sync 1 DAGs
[2024-08-12T10:14:07.253+0000] {logging_mixin.py:115} INFO - [2024-08-12T10:14:07.253+0000] {dag.py:2981} INFO - Setting next_dagrun for first_dag to 2024-08-12T00:00:00+00:00, run_after=2024-08-13T00:00:00+00:00
[2024-08-12T10:14:07.265+0000] {processor.py:161} INFO - Processing /opt/airflow/dags/first_dags.py took 0.317 seconds
