[2024-08-12T10:02:57.916+0000] {taskinstance.py:1171} INFO - Dependencies all met for <TaskInstance: first_dag.extract_data scheduled__2024-08-11T00:00:00+00:00 [queued]>
[2024-08-12T10:02:57.923+0000] {taskinstance.py:1171} INFO - Dependencies all met for <TaskInstance: first_dag.extract_data scheduled__2024-08-11T00:00:00+00:00 [queued]>
[2024-08-12T10:02:57.923+0000] {taskinstance.py:1368} INFO - 
--------------------------------------------------------------------------------
[2024-08-12T10:02:57.923+0000] {taskinstance.py:1369} INFO - Starting attempt 1 of 2
[2024-08-12T10:02:57.923+0000] {taskinstance.py:1370} INFO - 
--------------------------------------------------------------------------------
[2024-08-12T10:02:57.935+0000] {taskinstance.py:1389} INFO - Executing <Task(PythonOperator): extract_data> on 2024-08-11 00:00:00+00:00
[2024-08-12T10:02:57.940+0000] {standard_task_runner.py:52} INFO - Started process 344 to run task
[2024-08-12T10:02:57.943+0000] {standard_task_runner.py:79} INFO - Running: ['***', 'tasks', 'run', 'first_dag', 'extract_data', 'scheduled__2024-08-11T00:00:00+00:00', '--job-id', '5', '--raw', '--subdir', 'DAGS_FOLDER/first_dags.py', '--cfg-path', '/tmp/tmp3ra6tx6a', '--error-file', '/tmp/tmpp__mqgkn']
[2024-08-12T10:02:57.944+0000] {standard_task_runner.py:80} INFO - Job 5: Subtask extract_data
[2024-08-12T10:02:57.999+0000] {task_command.py:371} INFO - Running <TaskInstance: first_dag.extract_data scheduled__2024-08-11T00:00:00+00:00 [running]> on host 66cdb9626a78
[2024-08-12T10:02:58.068+0000] {taskinstance.py:1583} INFO - Exporting the following env vars:
AIRFLOW_CTX_DAG_OWNER=***
AIRFLOW_CTX_DAG_ID=first_dag
AIRFLOW_CTX_TASK_ID=extract_data
AIRFLOW_CTX_EXECUTION_DATE=2024-08-11T00:00:00+00:00
AIRFLOW_CTX_TRY_NUMBER=1
AIRFLOW_CTX_DAG_RUN_ID=scheduled__2024-08-11T00:00:00+00:00
[2024-08-12T10:02:58.120+0000] {first_dags.py:27} INFO - CSV files read successfully
[2024-08-12T10:02:58.307+0000] {first_dags.py:32} INFO - Extracted data pushed to XCom
[2024-08-12T10:02:58.309+0000] {python.py:173} INFO - Done. Returned value was: None
[2024-08-12T10:02:58.327+0000] {taskinstance.py:1412} INFO - Marking task as SUCCESS. dag_id=first_dag, task_id=extract_data, execution_date=20240811T000000, start_date=20240812T100257, end_date=20240812T100258
[2024-08-12T10:02:58.356+0000] {local_task_job.py:156} INFO - Task exited with return code 0
[2024-08-12T10:02:58.404+0000] {local_task_job.py:279} INFO - 1 downstream tasks scheduled from follow-on schedule check
