[2024-08-12T08:27:07.283+0000] {processor.py:153} INFO - Started process (PID=70) to work on /home/airflow/.local/lib/python3.7/site-packages/airflow/example_dags/example_trigger_controller_dag.py
[2024-08-12T08:27:07.284+0000] {processor.py:640} INFO - Processing file /home/airflow/.local/lib/python3.7/site-packages/airflow/example_dags/example_trigger_controller_dag.py for tasks to queue
[2024-08-12T08:27:07.284+0000] {logging_mixin.py:115} INFO - [2024-08-12T08:27:07.284+0000] {dagbag.py:508} INFO - Filling up the DagBag from /home/airflow/.local/lib/python3.7/site-packages/airflow/example_dags/example_trigger_controller_dag.py
[2024-08-12T08:27:07.288+0000] {processor.py:650} INFO - DAG(s) dict_keys(['example_trigger_controller_dag']) retrieved from /home/airflow/.local/lib/python3.7/site-packages/airflow/example_dags/example_trigger_controller_dag.py
[2024-08-12T08:27:07.388+0000] {logging_mixin.py:115} INFO - [2024-08-12T08:27:07.387+0000] {manager.py:508} INFO - Created Permission View: can edit on DAG:example_trigger_controller_dag
[2024-08-12T08:27:07.402+0000] {logging_mixin.py:115} INFO - [2024-08-12T08:27:07.402+0000] {manager.py:508} INFO - Created Permission View: can read on DAG:example_trigger_controller_dag
[2024-08-12T08:27:07.414+0000] {logging_mixin.py:115} INFO - [2024-08-12T08:27:07.413+0000] {manager.py:508} INFO - Created Permission View: can delete on DAG:example_trigger_controller_dag
[2024-08-12T08:27:07.414+0000] {logging_mixin.py:115} INFO - [2024-08-12T08:27:07.414+0000] {dag.py:2429} INFO - Sync 1 DAGs
[2024-08-12T08:27:07.425+0000] {logging_mixin.py:115} INFO - [2024-08-12T08:27:07.425+0000] {dag.py:2448} INFO - Creating ORM DAG for example_trigger_controller_dag
[2024-08-12T08:27:07.439+0000] {logging_mixin.py:115} INFO - [2024-08-12T08:27:07.439+0000] {dag.py:2981} INFO - Setting next_dagrun for example_trigger_controller_dag to 2021-01-01T00:00:00+00:00, run_after=2021-01-01T00:00:00+00:00
[2024-08-12T08:27:07.459+0000] {processor.py:161} INFO - Processing /home/airflow/.local/lib/python3.7/site-packages/airflow/example_dags/example_trigger_controller_dag.py took 0.179 seconds
[2024-08-12T08:27:38.127+0000] {processor.py:153} INFO - Started process (PID=122) to work on /home/airflow/.local/lib/python3.7/site-packages/airflow/example_dags/example_trigger_controller_dag.py
[2024-08-12T08:27:38.127+0000] {processor.py:640} INFO - Processing file /home/airflow/.local/lib/python3.7/site-packages/airflow/example_dags/example_trigger_controller_dag.py for tasks to queue
[2024-08-12T08:27:38.128+0000] {logging_mixin.py:115} INFO - [2024-08-12T08:27:38.128+0000] {dagbag.py:508} INFO - Filling up the DagBag from /home/airflow/.local/lib/python3.7/site-packages/airflow/example_dags/example_trigger_controller_dag.py
[2024-08-12T08:27:38.130+0000] {processor.py:650} INFO - DAG(s) dict_keys(['example_trigger_controller_dag']) retrieved from /home/airflow/.local/lib/python3.7/site-packages/airflow/example_dags/example_trigger_controller_dag.py
[2024-08-12T08:27:38.150+0000] {logging_mixin.py:115} INFO - [2024-08-12T08:27:38.150+0000] {dag.py:2429} INFO - Sync 1 DAGs
[2024-08-12T08:27:38.167+0000] {logging_mixin.py:115} INFO - [2024-08-12T08:27:38.167+0000] {dag.py:2981} INFO - Setting next_dagrun for example_trigger_controller_dag to 2021-01-01T00:00:00+00:00, run_after=2021-01-01T00:00:00+00:00
[2024-08-12T08:27:38.176+0000] {processor.py:161} INFO - Processing /home/airflow/.local/lib/python3.7/site-packages/airflow/example_dags/example_trigger_controller_dag.py took 0.052 seconds
[2024-08-12T08:28:08.842+0000] {processor.py:153} INFO - Started process (PID=183) to work on /home/airflow/.local/lib/python3.7/site-packages/airflow/example_dags/example_trigger_controller_dag.py
[2024-08-12T08:28:08.842+0000] {processor.py:640} INFO - Processing file /home/airflow/.local/lib/python3.7/site-packages/airflow/example_dags/example_trigger_controller_dag.py for tasks to queue
[2024-08-12T08:28:08.843+0000] {logging_mixin.py:115} INFO - [2024-08-12T08:28:08.843+0000] {dagbag.py:508} INFO - Filling up the DagBag from /home/airflow/.local/lib/python3.7/site-packages/airflow/example_dags/example_trigger_controller_dag.py
[2024-08-12T08:28:08.845+0000] {processor.py:650} INFO - DAG(s) dict_keys(['example_trigger_controller_dag']) retrieved from /home/airflow/.local/lib/python3.7/site-packages/airflow/example_dags/example_trigger_controller_dag.py
[2024-08-12T08:28:08.868+0000] {logging_mixin.py:115} INFO - [2024-08-12T08:28:08.868+0000] {dag.py:2429} INFO - Sync 1 DAGs
[2024-08-12T08:28:08.886+0000] {logging_mixin.py:115} INFO - [2024-08-12T08:28:08.885+0000] {dag.py:2981} INFO - Setting next_dagrun for example_trigger_controller_dag to 2021-01-01T00:00:00+00:00, run_after=2021-01-01T00:00:00+00:00
[2024-08-12T08:28:08.895+0000] {processor.py:161} INFO - Processing /home/airflow/.local/lib/python3.7/site-packages/airflow/example_dags/example_trigger_controller_dag.py took 0.056 seconds
[2024-08-12T09:57:11.577+0000] {processor.py:153} INFO - Started process (PID=72) to work on /home/airflow/.local/lib/python3.7/site-packages/airflow/example_dags/example_trigger_controller_dag.py
[2024-08-12T09:57:11.578+0000] {processor.py:640} INFO - Processing file /home/airflow/.local/lib/python3.7/site-packages/airflow/example_dags/example_trigger_controller_dag.py for tasks to queue
[2024-08-12T09:57:11.579+0000] {logging_mixin.py:115} INFO - [2024-08-12T09:57:11.578+0000] {dagbag.py:508} INFO - Filling up the DagBag from /home/airflow/.local/lib/python3.7/site-packages/airflow/example_dags/example_trigger_controller_dag.py
[2024-08-12T09:57:11.581+0000] {processor.py:650} INFO - DAG(s) dict_keys(['example_trigger_controller_dag']) retrieved from /home/airflow/.local/lib/python3.7/site-packages/airflow/example_dags/example_trigger_controller_dag.py
[2024-08-12T09:57:11.607+0000] {logging_mixin.py:115} INFO - [2024-08-12T09:57:11.606+0000] {dag.py:2429} INFO - Sync 1 DAGs
[2024-08-12T09:57:11.632+0000] {logging_mixin.py:115} INFO - [2024-08-12T09:57:11.632+0000] {dag.py:2981} INFO - Setting next_dagrun for example_trigger_controller_dag to 2021-01-01T00:00:00+00:00, run_after=2021-01-01T00:00:00+00:00
[2024-08-12T09:57:11.645+0000] {processor.py:161} INFO - Processing /home/airflow/.local/lib/python3.7/site-packages/airflow/example_dags/example_trigger_controller_dag.py took 0.071 seconds
[2024-08-12T09:57:42.140+0000] {processor.py:153} INFO - Started process (PID=125) to work on /home/airflow/.local/lib/python3.7/site-packages/airflow/example_dags/example_trigger_controller_dag.py
[2024-08-12T09:57:42.141+0000] {processor.py:640} INFO - Processing file /home/airflow/.local/lib/python3.7/site-packages/airflow/example_dags/example_trigger_controller_dag.py for tasks to queue
[2024-08-12T09:57:42.141+0000] {logging_mixin.py:115} INFO - [2024-08-12T09:57:42.141+0000] {dagbag.py:508} INFO - Filling up the DagBag from /home/airflow/.local/lib/python3.7/site-packages/airflow/example_dags/example_trigger_controller_dag.py
[2024-08-12T09:57:42.143+0000] {processor.py:650} INFO - DAG(s) dict_keys(['example_trigger_controller_dag']) retrieved from /home/airflow/.local/lib/python3.7/site-packages/airflow/example_dags/example_trigger_controller_dag.py
[2024-08-12T09:57:42.164+0000] {logging_mixin.py:115} INFO - [2024-08-12T09:57:42.164+0000] {dag.py:2429} INFO - Sync 1 DAGs
[2024-08-12T09:57:42.184+0000] {logging_mixin.py:115} INFO - [2024-08-12T09:57:42.184+0000] {dag.py:2981} INFO - Setting next_dagrun for example_trigger_controller_dag to 2021-01-01T00:00:00+00:00, run_after=2021-01-01T00:00:00+00:00
[2024-08-12T09:57:42.196+0000] {processor.py:161} INFO - Processing /home/airflow/.local/lib/python3.7/site-packages/airflow/example_dags/example_trigger_controller_dag.py took 0.059 seconds
[2024-08-12T09:58:13.034+0000] {processor.py:153} INFO - Started process (PID=188) to work on /home/airflow/.local/lib/python3.7/site-packages/airflow/example_dags/example_trigger_controller_dag.py
[2024-08-12T09:58:13.035+0000] {processor.py:640} INFO - Processing file /home/airflow/.local/lib/python3.7/site-packages/airflow/example_dags/example_trigger_controller_dag.py for tasks to queue
[2024-08-12T09:58:13.035+0000] {logging_mixin.py:115} INFO - [2024-08-12T09:58:13.035+0000] {dagbag.py:508} INFO - Filling up the DagBag from /home/airflow/.local/lib/python3.7/site-packages/airflow/example_dags/example_trigger_controller_dag.py
[2024-08-12T09:58:13.038+0000] {processor.py:650} INFO - DAG(s) dict_keys(['example_trigger_controller_dag']) retrieved from /home/airflow/.local/lib/python3.7/site-packages/airflow/example_dags/example_trigger_controller_dag.py
[2024-08-12T09:58:13.058+0000] {logging_mixin.py:115} INFO - [2024-08-12T09:58:13.058+0000] {dag.py:2429} INFO - Sync 1 DAGs
[2024-08-12T09:58:13.076+0000] {logging_mixin.py:115} INFO - [2024-08-12T09:58:13.075+0000] {dag.py:2981} INFO - Setting next_dagrun for example_trigger_controller_dag to 2021-01-01T00:00:00+00:00, run_after=2021-01-01T00:00:00+00:00
[2024-08-12T09:58:13.086+0000] {processor.py:161} INFO - Processing /home/airflow/.local/lib/python3.7/site-packages/airflow/example_dags/example_trigger_controller_dag.py took 0.054 seconds
[2024-08-12T09:58:43.956+0000] {processor.py:153} INFO - Started process (PID=251) to work on /home/airflow/.local/lib/python3.7/site-packages/airflow/example_dags/example_trigger_controller_dag.py
[2024-08-12T09:58:43.957+0000] {processor.py:640} INFO - Processing file /home/airflow/.local/lib/python3.7/site-packages/airflow/example_dags/example_trigger_controller_dag.py for tasks to queue
[2024-08-12T09:58:43.958+0000] {logging_mixin.py:115} INFO - [2024-08-12T09:58:43.957+0000] {dagbag.py:508} INFO - Filling up the DagBag from /home/airflow/.local/lib/python3.7/site-packages/airflow/example_dags/example_trigger_controller_dag.py
[2024-08-12T09:58:43.960+0000] {processor.py:650} INFO - DAG(s) dict_keys(['example_trigger_controller_dag']) retrieved from /home/airflow/.local/lib/python3.7/site-packages/airflow/example_dags/example_trigger_controller_dag.py
[2024-08-12T09:58:43.983+0000] {logging_mixin.py:115} INFO - [2024-08-12T09:58:43.983+0000] {dag.py:2429} INFO - Sync 1 DAGs
[2024-08-12T09:58:44.006+0000] {logging_mixin.py:115} INFO - [2024-08-12T09:58:44.005+0000] {dag.py:2981} INFO - Setting next_dagrun for example_trigger_controller_dag to 2021-01-01T00:00:00+00:00, run_after=2021-01-01T00:00:00+00:00
[2024-08-12T09:58:44.023+0000] {processor.py:161} INFO - Processing /home/airflow/.local/lib/python3.7/site-packages/airflow/example_dags/example_trigger_controller_dag.py took 0.069 seconds
[2024-08-12T09:59:14.864+0000] {processor.py:153} INFO - Started process (PID=314) to work on /home/airflow/.local/lib/python3.7/site-packages/airflow/example_dags/example_trigger_controller_dag.py
[2024-08-12T09:59:14.865+0000] {processor.py:640} INFO - Processing file /home/airflow/.local/lib/python3.7/site-packages/airflow/example_dags/example_trigger_controller_dag.py for tasks to queue
[2024-08-12T09:59:14.865+0000] {logging_mixin.py:115} INFO - [2024-08-12T09:59:14.865+0000] {dagbag.py:508} INFO - Filling up the DagBag from /home/airflow/.local/lib/python3.7/site-packages/airflow/example_dags/example_trigger_controller_dag.py
[2024-08-12T09:59:14.867+0000] {processor.py:650} INFO - DAG(s) dict_keys(['example_trigger_controller_dag']) retrieved from /home/airflow/.local/lib/python3.7/site-packages/airflow/example_dags/example_trigger_controller_dag.py
[2024-08-12T09:59:14.889+0000] {logging_mixin.py:115} INFO - [2024-08-12T09:59:14.889+0000] {dag.py:2429} INFO - Sync 1 DAGs
[2024-08-12T09:59:14.908+0000] {logging_mixin.py:115} INFO - [2024-08-12T09:59:14.908+0000] {dag.py:2981} INFO - Setting next_dagrun for example_trigger_controller_dag to 2021-01-01T00:00:00+00:00, run_after=2021-01-01T00:00:00+00:00
[2024-08-12T09:59:14.918+0000] {processor.py:161} INFO - Processing /home/airflow/.local/lib/python3.7/site-packages/airflow/example_dags/example_trigger_controller_dag.py took 0.057 seconds
[2024-08-12T09:59:44.958+0000] {processor.py:153} INFO - Started process (PID=368) to work on /home/airflow/.local/lib/python3.7/site-packages/airflow/example_dags/example_trigger_controller_dag.py
[2024-08-12T09:59:44.959+0000] {processor.py:640} INFO - Processing file /home/airflow/.local/lib/python3.7/site-packages/airflow/example_dags/example_trigger_controller_dag.py for tasks to queue
[2024-08-12T09:59:44.960+0000] {logging_mixin.py:115} INFO - [2024-08-12T09:59:44.959+0000] {dagbag.py:508} INFO - Filling up the DagBag from /home/airflow/.local/lib/python3.7/site-packages/airflow/example_dags/example_trigger_controller_dag.py
[2024-08-12T09:59:44.962+0000] {processor.py:650} INFO - DAG(s) dict_keys(['example_trigger_controller_dag']) retrieved from /home/airflow/.local/lib/python3.7/site-packages/airflow/example_dags/example_trigger_controller_dag.py
[2024-08-12T09:59:44.983+0000] {logging_mixin.py:115} INFO - [2024-08-12T09:59:44.983+0000] {dag.py:2429} INFO - Sync 1 DAGs
[2024-08-12T09:59:45.001+0000] {logging_mixin.py:115} INFO - [2024-08-12T09:59:45.001+0000] {dag.py:2981} INFO - Setting next_dagrun for example_trigger_controller_dag to 2021-01-01T00:00:00+00:00, run_after=2021-01-01T00:00:00+00:00
[2024-08-12T09:59:45.012+0000] {processor.py:161} INFO - Processing /home/airflow/.local/lib/python3.7/site-packages/airflow/example_dags/example_trigger_controller_dag.py took 0.058 seconds
[2024-08-12T10:00:16.007+0000] {processor.py:153} INFO - Started process (PID=432) to work on /home/airflow/.local/lib/python3.7/site-packages/airflow/example_dags/example_trigger_controller_dag.py
[2024-08-12T10:00:16.007+0000] {processor.py:640} INFO - Processing file /home/airflow/.local/lib/python3.7/site-packages/airflow/example_dags/example_trigger_controller_dag.py for tasks to queue
[2024-08-12T10:00:16.008+0000] {logging_mixin.py:115} INFO - [2024-08-12T10:00:16.007+0000] {dagbag.py:508} INFO - Filling up the DagBag from /home/airflow/.local/lib/python3.7/site-packages/airflow/example_dags/example_trigger_controller_dag.py
[2024-08-12T10:00:16.010+0000] {processor.py:650} INFO - DAG(s) dict_keys(['example_trigger_controller_dag']) retrieved from /home/airflow/.local/lib/python3.7/site-packages/airflow/example_dags/example_trigger_controller_dag.py
[2024-08-12T10:00:16.030+0000] {logging_mixin.py:115} INFO - [2024-08-12T10:00:16.030+0000] {dag.py:2429} INFO - Sync 1 DAGs
[2024-08-12T10:00:16.047+0000] {logging_mixin.py:115} INFO - [2024-08-12T10:00:16.047+0000] {dag.py:2981} INFO - Setting next_dagrun for example_trigger_controller_dag to 2021-01-01T00:00:00+00:00, run_after=2021-01-01T00:00:00+00:00
[2024-08-12T10:00:16.057+0000] {processor.py:161} INFO - Processing /home/airflow/.local/lib/python3.7/site-packages/airflow/example_dags/example_trigger_controller_dag.py took 0.052 seconds
[2024-08-12T10:00:46.753+0000] {processor.py:153} INFO - Started process (PID=494) to work on /home/airflow/.local/lib/python3.7/site-packages/airflow/example_dags/example_trigger_controller_dag.py
[2024-08-12T10:00:46.754+0000] {processor.py:640} INFO - Processing file /home/airflow/.local/lib/python3.7/site-packages/airflow/example_dags/example_trigger_controller_dag.py for tasks to queue
[2024-08-12T10:00:46.754+0000] {logging_mixin.py:115} INFO - [2024-08-12T10:00:46.754+0000] {dagbag.py:508} INFO - Filling up the DagBag from /home/airflow/.local/lib/python3.7/site-packages/airflow/example_dags/example_trigger_controller_dag.py
[2024-08-12T10:00:46.756+0000] {processor.py:650} INFO - DAG(s) dict_keys(['example_trigger_controller_dag']) retrieved from /home/airflow/.local/lib/python3.7/site-packages/airflow/example_dags/example_trigger_controller_dag.py
[2024-08-12T10:00:46.778+0000] {logging_mixin.py:115} INFO - [2024-08-12T10:00:46.778+0000] {dag.py:2429} INFO - Sync 1 DAGs
[2024-08-12T10:00:46.799+0000] {logging_mixin.py:115} INFO - [2024-08-12T10:00:46.799+0000] {dag.py:2981} INFO - Setting next_dagrun for example_trigger_controller_dag to 2021-01-01T00:00:00+00:00, run_after=2021-01-01T00:00:00+00:00
[2024-08-12T10:00:46.810+0000] {processor.py:161} INFO - Processing /home/airflow/.local/lib/python3.7/site-packages/airflow/example_dags/example_trigger_controller_dag.py took 0.060 seconds
[2024-08-12T10:01:17.599+0000] {processor.py:153} INFO - Started process (PID=557) to work on /home/airflow/.local/lib/python3.7/site-packages/airflow/example_dags/example_trigger_controller_dag.py
[2024-08-12T10:01:17.600+0000] {processor.py:640} INFO - Processing file /home/airflow/.local/lib/python3.7/site-packages/airflow/example_dags/example_trigger_controller_dag.py for tasks to queue
[2024-08-12T10:01:17.601+0000] {logging_mixin.py:115} INFO - [2024-08-12T10:01:17.601+0000] {dagbag.py:508} INFO - Filling up the DagBag from /home/airflow/.local/lib/python3.7/site-packages/airflow/example_dags/example_trigger_controller_dag.py
[2024-08-12T10:01:17.603+0000] {processor.py:650} INFO - DAG(s) dict_keys(['example_trigger_controller_dag']) retrieved from /home/airflow/.local/lib/python3.7/site-packages/airflow/example_dags/example_trigger_controller_dag.py
[2024-08-12T10:01:17.629+0000] {logging_mixin.py:115} INFO - [2024-08-12T10:01:17.629+0000] {dag.py:2429} INFO - Sync 1 DAGs
[2024-08-12T10:01:17.654+0000] {logging_mixin.py:115} INFO - [2024-08-12T10:01:17.654+0000] {dag.py:2981} INFO - Setting next_dagrun for example_trigger_controller_dag to 2021-01-01T00:00:00+00:00, run_after=2021-01-01T00:00:00+00:00
[2024-08-12T10:01:17.675+0000] {processor.py:161} INFO - Processing /home/airflow/.local/lib/python3.7/site-packages/airflow/example_dags/example_trigger_controller_dag.py took 0.078 seconds
[2024-08-12T10:01:48.416+0000] {processor.py:153} INFO - Started process (PID=611) to work on /home/airflow/.local/lib/python3.7/site-packages/airflow/example_dags/example_trigger_controller_dag.py
[2024-08-12T10:01:48.416+0000] {processor.py:640} INFO - Processing file /home/airflow/.local/lib/python3.7/site-packages/airflow/example_dags/example_trigger_controller_dag.py for tasks to queue
[2024-08-12T10:01:48.417+0000] {logging_mixin.py:115} INFO - [2024-08-12T10:01:48.417+0000] {dagbag.py:508} INFO - Filling up the DagBag from /home/airflow/.local/lib/python3.7/site-packages/airflow/example_dags/example_trigger_controller_dag.py
[2024-08-12T10:01:48.419+0000] {processor.py:650} INFO - DAG(s) dict_keys(['example_trigger_controller_dag']) retrieved from /home/airflow/.local/lib/python3.7/site-packages/airflow/example_dags/example_trigger_controller_dag.py
[2024-08-12T10:01:48.441+0000] {logging_mixin.py:115} INFO - [2024-08-12T10:01:48.440+0000] {dag.py:2429} INFO - Sync 1 DAGs
[2024-08-12T10:01:48.457+0000] {logging_mixin.py:115} INFO - [2024-08-12T10:01:48.457+0000] {dag.py:2981} INFO - Setting next_dagrun for example_trigger_controller_dag to 2021-01-01T00:00:00+00:00, run_after=2021-01-01T00:00:00+00:00
[2024-08-12T10:01:48.467+0000] {processor.py:161} INFO - Processing /home/airflow/.local/lib/python3.7/site-packages/airflow/example_dags/example_trigger_controller_dag.py took 0.054 seconds
[2024-08-12T10:02:19.182+0000] {processor.py:153} INFO - Started process (PID=674) to work on /home/airflow/.local/lib/python3.7/site-packages/airflow/example_dags/example_trigger_controller_dag.py
[2024-08-12T10:02:19.183+0000] {processor.py:640} INFO - Processing file /home/airflow/.local/lib/python3.7/site-packages/airflow/example_dags/example_trigger_controller_dag.py for tasks to queue
[2024-08-12T10:02:19.183+0000] {logging_mixin.py:115} INFO - [2024-08-12T10:02:19.183+0000] {dagbag.py:508} INFO - Filling up the DagBag from /home/airflow/.local/lib/python3.7/site-packages/airflow/example_dags/example_trigger_controller_dag.py
[2024-08-12T10:02:19.186+0000] {processor.py:650} INFO - DAG(s) dict_keys(['example_trigger_controller_dag']) retrieved from /home/airflow/.local/lib/python3.7/site-packages/airflow/example_dags/example_trigger_controller_dag.py
[2024-08-12T10:02:19.207+0000] {logging_mixin.py:115} INFO - [2024-08-12T10:02:19.207+0000] {dag.py:2429} INFO - Sync 1 DAGs
[2024-08-12T10:02:19.225+0000] {logging_mixin.py:115} INFO - [2024-08-12T10:02:19.225+0000] {dag.py:2981} INFO - Setting next_dagrun for example_trigger_controller_dag to 2021-01-01T00:00:00+00:00, run_after=2021-01-01T00:00:00+00:00
[2024-08-12T10:02:19.235+0000] {processor.py:161} INFO - Processing /home/airflow/.local/lib/python3.7/site-packages/airflow/example_dags/example_trigger_controller_dag.py took 0.055 seconds
[2024-08-12T10:02:50.001+0000] {processor.py:153} INFO - Started process (PID=737) to work on /home/airflow/.local/lib/python3.7/site-packages/airflow/example_dags/example_trigger_controller_dag.py
[2024-08-12T10:02:50.001+0000] {processor.py:640} INFO - Processing file /home/airflow/.local/lib/python3.7/site-packages/airflow/example_dags/example_trigger_controller_dag.py for tasks to queue
[2024-08-12T10:02:50.002+0000] {logging_mixin.py:115} INFO - [2024-08-12T10:02:50.002+0000] {dagbag.py:508} INFO - Filling up the DagBag from /home/airflow/.local/lib/python3.7/site-packages/airflow/example_dags/example_trigger_controller_dag.py
[2024-08-12T10:02:50.004+0000] {processor.py:650} INFO - DAG(s) dict_keys(['example_trigger_controller_dag']) retrieved from /home/airflow/.local/lib/python3.7/site-packages/airflow/example_dags/example_trigger_controller_dag.py
[2024-08-12T10:02:50.025+0000] {logging_mixin.py:115} INFO - [2024-08-12T10:02:50.025+0000] {dag.py:2429} INFO - Sync 1 DAGs
[2024-08-12T10:02:50.042+0000] {logging_mixin.py:115} INFO - [2024-08-12T10:02:50.042+0000] {dag.py:2981} INFO - Setting next_dagrun for example_trigger_controller_dag to 2021-01-01T00:00:00+00:00, run_after=2021-01-01T00:00:00+00:00
[2024-08-12T10:02:50.053+0000] {processor.py:161} INFO - Processing /home/airflow/.local/lib/python3.7/site-packages/airflow/example_dags/example_trigger_controller_dag.py took 0.055 seconds
[2024-08-12T10:03:20.836+0000] {processor.py:153} INFO - Started process (PID=791) to work on /home/airflow/.local/lib/python3.7/site-packages/airflow/example_dags/example_trigger_controller_dag.py
[2024-08-12T10:03:20.837+0000] {processor.py:640} INFO - Processing file /home/airflow/.local/lib/python3.7/site-packages/airflow/example_dags/example_trigger_controller_dag.py for tasks to queue
[2024-08-12T10:03:20.838+0000] {logging_mixin.py:115} INFO - [2024-08-12T10:03:20.838+0000] {dagbag.py:508} INFO - Filling up the DagBag from /home/airflow/.local/lib/python3.7/site-packages/airflow/example_dags/example_trigger_controller_dag.py
[2024-08-12T10:03:20.840+0000] {processor.py:650} INFO - DAG(s) dict_keys(['example_trigger_controller_dag']) retrieved from /home/airflow/.local/lib/python3.7/site-packages/airflow/example_dags/example_trigger_controller_dag.py
[2024-08-12T10:03:20.861+0000] {logging_mixin.py:115} INFO - [2024-08-12T10:03:20.861+0000] {dag.py:2429} INFO - Sync 1 DAGs
[2024-08-12T10:03:20.879+0000] {logging_mixin.py:115} INFO - [2024-08-12T10:03:20.878+0000] {dag.py:2981} INFO - Setting next_dagrun for example_trigger_controller_dag to 2021-01-01T00:00:00+00:00, run_after=2021-01-01T00:00:00+00:00
[2024-08-12T10:03:20.888+0000] {processor.py:161} INFO - Processing /home/airflow/.local/lib/python3.7/site-packages/airflow/example_dags/example_trigger_controller_dag.py took 0.054 seconds
[2024-08-12T10:03:51.702+0000] {processor.py:153} INFO - Started process (PID=854) to work on /home/airflow/.local/lib/python3.7/site-packages/airflow/example_dags/example_trigger_controller_dag.py
[2024-08-12T10:03:51.702+0000] {processor.py:640} INFO - Processing file /home/airflow/.local/lib/python3.7/site-packages/airflow/example_dags/example_trigger_controller_dag.py for tasks to queue
[2024-08-12T10:03:51.703+0000] {logging_mixin.py:115} INFO - [2024-08-12T10:03:51.703+0000] {dagbag.py:508} INFO - Filling up the DagBag from /home/airflow/.local/lib/python3.7/site-packages/airflow/example_dags/example_trigger_controller_dag.py
[2024-08-12T10:03:51.705+0000] {processor.py:650} INFO - DAG(s) dict_keys(['example_trigger_controller_dag']) retrieved from /home/airflow/.local/lib/python3.7/site-packages/airflow/example_dags/example_trigger_controller_dag.py
[2024-08-12T10:03:51.727+0000] {logging_mixin.py:115} INFO - [2024-08-12T10:03:51.727+0000] {dag.py:2429} INFO - Sync 1 DAGs
[2024-08-12T10:03:51.744+0000] {logging_mixin.py:115} INFO - [2024-08-12T10:03:51.744+0000] {dag.py:2981} INFO - Setting next_dagrun for example_trigger_controller_dag to 2021-01-01T00:00:00+00:00, run_after=2021-01-01T00:00:00+00:00
[2024-08-12T10:03:51.755+0000] {processor.py:161} INFO - Processing /home/airflow/.local/lib/python3.7/site-packages/airflow/example_dags/example_trigger_controller_dag.py took 0.055 seconds
[2024-08-12T10:04:22.615+0000] {processor.py:153} INFO - Started process (PID=917) to work on /home/airflow/.local/lib/python3.7/site-packages/airflow/example_dags/example_trigger_controller_dag.py
[2024-08-12T10:04:22.617+0000] {processor.py:640} INFO - Processing file /home/airflow/.local/lib/python3.7/site-packages/airflow/example_dags/example_trigger_controller_dag.py for tasks to queue
[2024-08-12T10:04:22.617+0000] {logging_mixin.py:115} INFO - [2024-08-12T10:04:22.617+0000] {dagbag.py:508} INFO - Filling up the DagBag from /home/airflow/.local/lib/python3.7/site-packages/airflow/example_dags/example_trigger_controller_dag.py
[2024-08-12T10:04:22.619+0000] {processor.py:650} INFO - DAG(s) dict_keys(['example_trigger_controller_dag']) retrieved from /home/airflow/.local/lib/python3.7/site-packages/airflow/example_dags/example_trigger_controller_dag.py
[2024-08-12T10:04:22.640+0000] {logging_mixin.py:115} INFO - [2024-08-12T10:04:22.640+0000] {dag.py:2429} INFO - Sync 1 DAGs
[2024-08-12T10:04:22.658+0000] {logging_mixin.py:115} INFO - [2024-08-12T10:04:22.658+0000] {dag.py:2981} INFO - Setting next_dagrun for example_trigger_controller_dag to 2021-01-01T00:00:00+00:00, run_after=2021-01-01T00:00:00+00:00
[2024-08-12T10:04:22.668+0000] {processor.py:161} INFO - Processing /home/airflow/.local/lib/python3.7/site-packages/airflow/example_dags/example_trigger_controller_dag.py took 0.055 seconds
[2024-08-12T10:04:53.418+0000] {processor.py:153} INFO - Started process (PID=980) to work on /home/airflow/.local/lib/python3.7/site-packages/airflow/example_dags/example_trigger_controller_dag.py
[2024-08-12T10:04:53.419+0000] {processor.py:640} INFO - Processing file /home/airflow/.local/lib/python3.7/site-packages/airflow/example_dags/example_trigger_controller_dag.py for tasks to queue
[2024-08-12T10:04:53.420+0000] {logging_mixin.py:115} INFO - [2024-08-12T10:04:53.420+0000] {dagbag.py:508} INFO - Filling up the DagBag from /home/airflow/.local/lib/python3.7/site-packages/airflow/example_dags/example_trigger_controller_dag.py
[2024-08-12T10:04:53.422+0000] {processor.py:650} INFO - DAG(s) dict_keys(['example_trigger_controller_dag']) retrieved from /home/airflow/.local/lib/python3.7/site-packages/airflow/example_dags/example_trigger_controller_dag.py
[2024-08-12T10:04:53.443+0000] {logging_mixin.py:115} INFO - [2024-08-12T10:04:53.443+0000] {dag.py:2429} INFO - Sync 1 DAGs
[2024-08-12T10:04:53.461+0000] {logging_mixin.py:115} INFO - [2024-08-12T10:04:53.461+0000] {dag.py:2981} INFO - Setting next_dagrun for example_trigger_controller_dag to 2021-01-01T00:00:00+00:00, run_after=2021-01-01T00:00:00+00:00
[2024-08-12T10:04:53.470+0000] {processor.py:161} INFO - Processing /home/airflow/.local/lib/python3.7/site-packages/airflow/example_dags/example_trigger_controller_dag.py took 0.055 seconds
[2024-08-12T10:05:24.258+0000] {processor.py:153} INFO - Started process (PID=1034) to work on /home/airflow/.local/lib/python3.7/site-packages/airflow/example_dags/example_trigger_controller_dag.py
[2024-08-12T10:05:24.259+0000] {processor.py:640} INFO - Processing file /home/airflow/.local/lib/python3.7/site-packages/airflow/example_dags/example_trigger_controller_dag.py for tasks to queue
[2024-08-12T10:05:24.259+0000] {logging_mixin.py:115} INFO - [2024-08-12T10:05:24.259+0000] {dagbag.py:508} INFO - Filling up the DagBag from /home/airflow/.local/lib/python3.7/site-packages/airflow/example_dags/example_trigger_controller_dag.py
[2024-08-12T10:05:24.262+0000] {processor.py:650} INFO - DAG(s) dict_keys(['example_trigger_controller_dag']) retrieved from /home/airflow/.local/lib/python3.7/site-packages/airflow/example_dags/example_trigger_controller_dag.py
[2024-08-12T10:05:24.284+0000] {logging_mixin.py:115} INFO - [2024-08-12T10:05:24.284+0000] {dag.py:2429} INFO - Sync 1 DAGs
[2024-08-12T10:05:24.308+0000] {logging_mixin.py:115} INFO - [2024-08-12T10:05:24.308+0000] {dag.py:2981} INFO - Setting next_dagrun for example_trigger_controller_dag to 2021-01-01T00:00:00+00:00, run_after=2021-01-01T00:00:00+00:00
[2024-08-12T10:05:24.320+0000] {processor.py:161} INFO - Processing /home/airflow/.local/lib/python3.7/site-packages/airflow/example_dags/example_trigger_controller_dag.py took 0.064 seconds
[2024-08-12T10:05:55.132+0000] {processor.py:153} INFO - Started process (PID=1097) to work on /home/airflow/.local/lib/python3.7/site-packages/airflow/example_dags/example_trigger_controller_dag.py
[2024-08-12T10:05:55.133+0000] {processor.py:640} INFO - Processing file /home/airflow/.local/lib/python3.7/site-packages/airflow/example_dags/example_trigger_controller_dag.py for tasks to queue
[2024-08-12T10:05:55.133+0000] {logging_mixin.py:115} INFO - [2024-08-12T10:05:55.133+0000] {dagbag.py:508} INFO - Filling up the DagBag from /home/airflow/.local/lib/python3.7/site-packages/airflow/example_dags/example_trigger_controller_dag.py
[2024-08-12T10:05:55.136+0000] {processor.py:650} INFO - DAG(s) dict_keys(['example_trigger_controller_dag']) retrieved from /home/airflow/.local/lib/python3.7/site-packages/airflow/example_dags/example_trigger_controller_dag.py
[2024-08-12T10:05:55.157+0000] {logging_mixin.py:115} INFO - [2024-08-12T10:05:55.157+0000] {dag.py:2429} INFO - Sync 1 DAGs
[2024-08-12T10:05:55.176+0000] {logging_mixin.py:115} INFO - [2024-08-12T10:05:55.176+0000] {dag.py:2981} INFO - Setting next_dagrun for example_trigger_controller_dag to 2021-01-01T00:00:00+00:00, run_after=2021-01-01T00:00:00+00:00
[2024-08-12T10:05:55.187+0000] {processor.py:161} INFO - Processing /home/airflow/.local/lib/python3.7/site-packages/airflow/example_dags/example_trigger_controller_dag.py took 0.057 seconds
[2024-08-12T10:06:25.882+0000] {processor.py:153} INFO - Started process (PID=1160) to work on /home/airflow/.local/lib/python3.7/site-packages/airflow/example_dags/example_trigger_controller_dag.py
[2024-08-12T10:06:25.882+0000] {processor.py:640} INFO - Processing file /home/airflow/.local/lib/python3.7/site-packages/airflow/example_dags/example_trigger_controller_dag.py for tasks to queue
[2024-08-12T10:06:25.883+0000] {logging_mixin.py:115} INFO - [2024-08-12T10:06:25.883+0000] {dagbag.py:508} INFO - Filling up the DagBag from /home/airflow/.local/lib/python3.7/site-packages/airflow/example_dags/example_trigger_controller_dag.py
[2024-08-12T10:06:25.885+0000] {processor.py:650} INFO - DAG(s) dict_keys(['example_trigger_controller_dag']) retrieved from /home/airflow/.local/lib/python3.7/site-packages/airflow/example_dags/example_trigger_controller_dag.py
[2024-08-12T10:06:25.905+0000] {logging_mixin.py:115} INFO - [2024-08-12T10:06:25.905+0000] {dag.py:2429} INFO - Sync 1 DAGs
[2024-08-12T10:06:25.922+0000] {logging_mixin.py:115} INFO - [2024-08-12T10:06:25.922+0000] {dag.py:2981} INFO - Setting next_dagrun for example_trigger_controller_dag to 2021-01-01T00:00:00+00:00, run_after=2021-01-01T00:00:00+00:00
[2024-08-12T10:06:25.931+0000] {processor.py:161} INFO - Processing /home/airflow/.local/lib/python3.7/site-packages/airflow/example_dags/example_trigger_controller_dag.py took 0.052 seconds
[2024-08-12T10:06:56.778+0000] {processor.py:153} INFO - Started process (PID=1223) to work on /home/airflow/.local/lib/python3.7/site-packages/airflow/example_dags/example_trigger_controller_dag.py
[2024-08-12T10:06:56.779+0000] {processor.py:640} INFO - Processing file /home/airflow/.local/lib/python3.7/site-packages/airflow/example_dags/example_trigger_controller_dag.py for tasks to queue
[2024-08-12T10:06:56.779+0000] {logging_mixin.py:115} INFO - [2024-08-12T10:06:56.779+0000] {dagbag.py:508} INFO - Filling up the DagBag from /home/airflow/.local/lib/python3.7/site-packages/airflow/example_dags/example_trigger_controller_dag.py
[2024-08-12T10:06:56.781+0000] {processor.py:650} INFO - DAG(s) dict_keys(['example_trigger_controller_dag']) retrieved from /home/airflow/.local/lib/python3.7/site-packages/airflow/example_dags/example_trigger_controller_dag.py
[2024-08-12T10:06:56.802+0000] {logging_mixin.py:115} INFO - [2024-08-12T10:06:56.802+0000] {dag.py:2429} INFO - Sync 1 DAGs
[2024-08-12T10:06:56.818+0000] {logging_mixin.py:115} INFO - [2024-08-12T10:06:56.818+0000] {dag.py:2981} INFO - Setting next_dagrun for example_trigger_controller_dag to 2021-01-01T00:00:00+00:00, run_after=2021-01-01T00:00:00+00:00
[2024-08-12T10:06:56.828+0000] {processor.py:161} INFO - Processing /home/airflow/.local/lib/python3.7/site-packages/airflow/example_dags/example_trigger_controller_dag.py took 0.052 seconds
[2024-08-12T10:07:27.155+0000] {processor.py:153} INFO - Started process (PID=1277) to work on /home/airflow/.local/lib/python3.7/site-packages/airflow/example_dags/example_trigger_controller_dag.py
[2024-08-12T10:07:27.156+0000] {processor.py:640} INFO - Processing file /home/airflow/.local/lib/python3.7/site-packages/airflow/example_dags/example_trigger_controller_dag.py for tasks to queue
[2024-08-12T10:07:27.157+0000] {logging_mixin.py:115} INFO - [2024-08-12T10:07:27.157+0000] {dagbag.py:508} INFO - Filling up the DagBag from /home/airflow/.local/lib/python3.7/site-packages/airflow/example_dags/example_trigger_controller_dag.py
[2024-08-12T10:07:27.159+0000] {processor.py:650} INFO - DAG(s) dict_keys(['example_trigger_controller_dag']) retrieved from /home/airflow/.local/lib/python3.7/site-packages/airflow/example_dags/example_trigger_controller_dag.py
[2024-08-12T10:07:27.186+0000] {logging_mixin.py:115} INFO - [2024-08-12T10:07:27.186+0000] {dag.py:2429} INFO - Sync 1 DAGs
[2024-08-12T10:07:27.207+0000] {logging_mixin.py:115} INFO - [2024-08-12T10:07:27.207+0000] {dag.py:2981} INFO - Setting next_dagrun for example_trigger_controller_dag to 2021-01-01T00:00:00+00:00, run_after=2021-01-01T00:00:00+00:00
[2024-08-12T10:07:27.217+0000] {processor.py:161} INFO - Processing /home/airflow/.local/lib/python3.7/site-packages/airflow/example_dags/example_trigger_controller_dag.py took 0.066 seconds
[2024-08-12T10:07:58.172+0000] {processor.py:153} INFO - Started process (PID=1341) to work on /home/airflow/.local/lib/python3.7/site-packages/airflow/example_dags/example_trigger_controller_dag.py
[2024-08-12T10:07:58.173+0000] {processor.py:640} INFO - Processing file /home/airflow/.local/lib/python3.7/site-packages/airflow/example_dags/example_trigger_controller_dag.py for tasks to queue
[2024-08-12T10:07:58.174+0000] {logging_mixin.py:115} INFO - [2024-08-12T10:07:58.174+0000] {dagbag.py:508} INFO - Filling up the DagBag from /home/airflow/.local/lib/python3.7/site-packages/airflow/example_dags/example_trigger_controller_dag.py
[2024-08-12T10:07:58.176+0000] {processor.py:650} INFO - DAG(s) dict_keys(['example_trigger_controller_dag']) retrieved from /home/airflow/.local/lib/python3.7/site-packages/airflow/example_dags/example_trigger_controller_dag.py
[2024-08-12T10:07:58.198+0000] {logging_mixin.py:115} INFO - [2024-08-12T10:07:58.198+0000] {dag.py:2429} INFO - Sync 1 DAGs
[2024-08-12T10:07:58.216+0000] {logging_mixin.py:115} INFO - [2024-08-12T10:07:58.216+0000] {dag.py:2981} INFO - Setting next_dagrun for example_trigger_controller_dag to 2021-01-01T00:00:00+00:00, run_after=2021-01-01T00:00:00+00:00
[2024-08-12T10:07:58.227+0000] {processor.py:161} INFO - Processing /home/airflow/.local/lib/python3.7/site-packages/airflow/example_dags/example_trigger_controller_dag.py took 0.058 seconds
[2024-08-12T10:08:28.918+0000] {processor.py:153} INFO - Started process (PID=1404) to work on /home/airflow/.local/lib/python3.7/site-packages/airflow/example_dags/example_trigger_controller_dag.py
[2024-08-12T10:08:28.918+0000] {processor.py:640} INFO - Processing file /home/airflow/.local/lib/python3.7/site-packages/airflow/example_dags/example_trigger_controller_dag.py for tasks to queue
[2024-08-12T10:08:28.919+0000] {logging_mixin.py:115} INFO - [2024-08-12T10:08:28.919+0000] {dagbag.py:508} INFO - Filling up the DagBag from /home/airflow/.local/lib/python3.7/site-packages/airflow/example_dags/example_trigger_controller_dag.py
[2024-08-12T10:08:28.921+0000] {processor.py:650} INFO - DAG(s) dict_keys(['example_trigger_controller_dag']) retrieved from /home/airflow/.local/lib/python3.7/site-packages/airflow/example_dags/example_trigger_controller_dag.py
[2024-08-12T10:08:28.942+0000] {logging_mixin.py:115} INFO - [2024-08-12T10:08:28.942+0000] {dag.py:2429} INFO - Sync 1 DAGs
[2024-08-12T10:08:28.959+0000] {logging_mixin.py:115} INFO - [2024-08-12T10:08:28.959+0000] {dag.py:2981} INFO - Setting next_dagrun for example_trigger_controller_dag to 2021-01-01T00:00:00+00:00, run_after=2021-01-01T00:00:00+00:00
[2024-08-12T10:08:28.968+0000] {processor.py:161} INFO - Processing /home/airflow/.local/lib/python3.7/site-packages/airflow/example_dags/example_trigger_controller_dag.py took 0.053 seconds
[2024-08-12T10:08:59.696+0000] {processor.py:153} INFO - Started process (PID=1467) to work on /home/airflow/.local/lib/python3.7/site-packages/airflow/example_dags/example_trigger_controller_dag.py
[2024-08-12T10:08:59.697+0000] {processor.py:640} INFO - Processing file /home/airflow/.local/lib/python3.7/site-packages/airflow/example_dags/example_trigger_controller_dag.py for tasks to queue
[2024-08-12T10:08:59.697+0000] {logging_mixin.py:115} INFO - [2024-08-12T10:08:59.697+0000] {dagbag.py:508} INFO - Filling up the DagBag from /home/airflow/.local/lib/python3.7/site-packages/airflow/example_dags/example_trigger_controller_dag.py
[2024-08-12T10:08:59.700+0000] {processor.py:650} INFO - DAG(s) dict_keys(['example_trigger_controller_dag']) retrieved from /home/airflow/.local/lib/python3.7/site-packages/airflow/example_dags/example_trigger_controller_dag.py
[2024-08-12T10:08:59.721+0000] {logging_mixin.py:115} INFO - [2024-08-12T10:08:59.721+0000] {dag.py:2429} INFO - Sync 1 DAGs
[2024-08-12T10:08:59.739+0000] {logging_mixin.py:115} INFO - [2024-08-12T10:08:59.739+0000] {dag.py:2981} INFO - Setting next_dagrun for example_trigger_controller_dag to 2021-01-01T00:00:00+00:00, run_after=2021-01-01T00:00:00+00:00
[2024-08-12T10:08:59.749+0000] {processor.py:161} INFO - Processing /home/airflow/.local/lib/python3.7/site-packages/airflow/example_dags/example_trigger_controller_dag.py took 0.056 seconds
[2024-08-12T10:09:30.370+0000] {processor.py:153} INFO - Started process (PID=1520) to work on /home/airflow/.local/lib/python3.7/site-packages/airflow/example_dags/example_trigger_controller_dag.py
[2024-08-12T10:09:30.371+0000] {processor.py:640} INFO - Processing file /home/airflow/.local/lib/python3.7/site-packages/airflow/example_dags/example_trigger_controller_dag.py for tasks to queue
[2024-08-12T10:09:30.371+0000] {logging_mixin.py:115} INFO - [2024-08-12T10:09:30.371+0000] {dagbag.py:508} INFO - Filling up the DagBag from /home/airflow/.local/lib/python3.7/site-packages/airflow/example_dags/example_trigger_controller_dag.py
[2024-08-12T10:09:30.374+0000] {processor.py:650} INFO - DAG(s) dict_keys(['example_trigger_controller_dag']) retrieved from /home/airflow/.local/lib/python3.7/site-packages/airflow/example_dags/example_trigger_controller_dag.py
[2024-08-12T10:09:30.394+0000] {logging_mixin.py:115} INFO - [2024-08-12T10:09:30.394+0000] {dag.py:2429} INFO - Sync 1 DAGs
[2024-08-12T10:09:30.413+0000] {logging_mixin.py:115} INFO - [2024-08-12T10:09:30.412+0000] {dag.py:2981} INFO - Setting next_dagrun for example_trigger_controller_dag to 2021-01-01T00:00:00+00:00, run_after=2021-01-01T00:00:00+00:00
[2024-08-12T10:09:30.423+0000] {processor.py:161} INFO - Processing /home/airflow/.local/lib/python3.7/site-packages/airflow/example_dags/example_trigger_controller_dag.py took 0.056 seconds
[2024-08-12T10:10:01.114+0000] {processor.py:153} INFO - Started process (PID=1583) to work on /home/airflow/.local/lib/python3.7/site-packages/airflow/example_dags/example_trigger_controller_dag.py
[2024-08-12T10:10:01.115+0000] {processor.py:640} INFO - Processing file /home/airflow/.local/lib/python3.7/site-packages/airflow/example_dags/example_trigger_controller_dag.py for tasks to queue
[2024-08-12T10:10:01.115+0000] {logging_mixin.py:115} INFO - [2024-08-12T10:10:01.115+0000] {dagbag.py:508} INFO - Filling up the DagBag from /home/airflow/.local/lib/python3.7/site-packages/airflow/example_dags/example_trigger_controller_dag.py
[2024-08-12T10:10:01.118+0000] {processor.py:650} INFO - DAG(s) dict_keys(['example_trigger_controller_dag']) retrieved from /home/airflow/.local/lib/python3.7/site-packages/airflow/example_dags/example_trigger_controller_dag.py
[2024-08-12T10:10:01.140+0000] {logging_mixin.py:115} INFO - [2024-08-12T10:10:01.140+0000] {dag.py:2429} INFO - Sync 1 DAGs
[2024-08-12T10:10:01.159+0000] {logging_mixin.py:115} INFO - [2024-08-12T10:10:01.159+0000] {dag.py:2981} INFO - Setting next_dagrun for example_trigger_controller_dag to 2021-01-01T00:00:00+00:00, run_after=2021-01-01T00:00:00+00:00
[2024-08-12T10:10:01.171+0000] {processor.py:161} INFO - Processing /home/airflow/.local/lib/python3.7/site-packages/airflow/example_dags/example_trigger_controller_dag.py took 0.060 seconds
[2024-08-12T10:10:31.905+0000] {processor.py:153} INFO - Started process (PID=1646) to work on /home/airflow/.local/lib/python3.7/site-packages/airflow/example_dags/example_trigger_controller_dag.py
[2024-08-12T10:10:31.906+0000] {processor.py:640} INFO - Processing file /home/airflow/.local/lib/python3.7/site-packages/airflow/example_dags/example_trigger_controller_dag.py for tasks to queue
[2024-08-12T10:10:31.906+0000] {logging_mixin.py:115} INFO - [2024-08-12T10:10:31.906+0000] {dagbag.py:508} INFO - Filling up the DagBag from /home/airflow/.local/lib/python3.7/site-packages/airflow/example_dags/example_trigger_controller_dag.py
[2024-08-12T10:10:31.909+0000] {processor.py:650} INFO - DAG(s) dict_keys(['example_trigger_controller_dag']) retrieved from /home/airflow/.local/lib/python3.7/site-packages/airflow/example_dags/example_trigger_controller_dag.py
[2024-08-12T10:10:31.932+0000] {logging_mixin.py:115} INFO - [2024-08-12T10:10:31.932+0000] {dag.py:2429} INFO - Sync 1 DAGs
[2024-08-12T10:10:31.950+0000] {logging_mixin.py:115} INFO - [2024-08-12T10:10:31.950+0000] {dag.py:2981} INFO - Setting next_dagrun for example_trigger_controller_dag to 2021-01-01T00:00:00+00:00, run_after=2021-01-01T00:00:00+00:00
[2024-08-12T10:10:31.960+0000] {processor.py:161} INFO - Processing /home/airflow/.local/lib/python3.7/site-packages/airflow/example_dags/example_trigger_controller_dag.py took 0.057 seconds
[2024-08-12T10:11:02.637+0000] {processor.py:153} INFO - Started process (PID=1709) to work on /home/airflow/.local/lib/python3.7/site-packages/airflow/example_dags/example_trigger_controller_dag.py
[2024-08-12T10:11:02.638+0000] {processor.py:640} INFO - Processing file /home/airflow/.local/lib/python3.7/site-packages/airflow/example_dags/example_trigger_controller_dag.py for tasks to queue
[2024-08-12T10:11:02.638+0000] {logging_mixin.py:115} INFO - [2024-08-12T10:11:02.638+0000] {dagbag.py:508} INFO - Filling up the DagBag from /home/airflow/.local/lib/python3.7/site-packages/airflow/example_dags/example_trigger_controller_dag.py
[2024-08-12T10:11:02.641+0000] {processor.py:650} INFO - DAG(s) dict_keys(['example_trigger_controller_dag']) retrieved from /home/airflow/.local/lib/python3.7/site-packages/airflow/example_dags/example_trigger_controller_dag.py
[2024-08-12T10:11:02.662+0000] {logging_mixin.py:115} INFO - [2024-08-12T10:11:02.662+0000] {dag.py:2429} INFO - Sync 1 DAGs
[2024-08-12T10:11:02.681+0000] {logging_mixin.py:115} INFO - [2024-08-12T10:11:02.680+0000] {dag.py:2981} INFO - Setting next_dagrun for example_trigger_controller_dag to 2021-01-01T00:00:00+00:00, run_after=2021-01-01T00:00:00+00:00
[2024-08-12T10:11:02.691+0000] {processor.py:161} INFO - Processing /home/airflow/.local/lib/python3.7/site-packages/airflow/example_dags/example_trigger_controller_dag.py took 0.057 seconds
[2024-08-12T10:11:33.432+0000] {processor.py:153} INFO - Started process (PID=1763) to work on /home/airflow/.local/lib/python3.7/site-packages/airflow/example_dags/example_trigger_controller_dag.py
[2024-08-12T10:11:33.433+0000] {processor.py:640} INFO - Processing file /home/airflow/.local/lib/python3.7/site-packages/airflow/example_dags/example_trigger_controller_dag.py for tasks to queue
[2024-08-12T10:11:33.433+0000] {logging_mixin.py:115} INFO - [2024-08-12T10:11:33.433+0000] {dagbag.py:508} INFO - Filling up the DagBag from /home/airflow/.local/lib/python3.7/site-packages/airflow/example_dags/example_trigger_controller_dag.py
[2024-08-12T10:11:33.435+0000] {processor.py:650} INFO - DAG(s) dict_keys(['example_trigger_controller_dag']) retrieved from /home/airflow/.local/lib/python3.7/site-packages/airflow/example_dags/example_trigger_controller_dag.py
[2024-08-12T10:11:33.456+0000] {logging_mixin.py:115} INFO - [2024-08-12T10:11:33.456+0000] {dag.py:2429} INFO - Sync 1 DAGs
[2024-08-12T10:11:33.473+0000] {logging_mixin.py:115} INFO - [2024-08-12T10:11:33.473+0000] {dag.py:2981} INFO - Setting next_dagrun for example_trigger_controller_dag to 2021-01-01T00:00:00+00:00, run_after=2021-01-01T00:00:00+00:00
[2024-08-12T10:11:33.482+0000] {processor.py:161} INFO - Processing /home/airflow/.local/lib/python3.7/site-packages/airflow/example_dags/example_trigger_controller_dag.py took 0.053 seconds
[2024-08-12T10:12:04.160+0000] {processor.py:153} INFO - Started process (PID=1826) to work on /home/airflow/.local/lib/python3.7/site-packages/airflow/example_dags/example_trigger_controller_dag.py
[2024-08-12T10:12:04.161+0000] {processor.py:640} INFO - Processing file /home/airflow/.local/lib/python3.7/site-packages/airflow/example_dags/example_trigger_controller_dag.py for tasks to queue
[2024-08-12T10:12:04.161+0000] {logging_mixin.py:115} INFO - [2024-08-12T10:12:04.161+0000] {dagbag.py:508} INFO - Filling up the DagBag from /home/airflow/.local/lib/python3.7/site-packages/airflow/example_dags/example_trigger_controller_dag.py
[2024-08-12T10:12:04.163+0000] {processor.py:650} INFO - DAG(s) dict_keys(['example_trigger_controller_dag']) retrieved from /home/airflow/.local/lib/python3.7/site-packages/airflow/example_dags/example_trigger_controller_dag.py
[2024-08-12T10:12:04.185+0000] {logging_mixin.py:115} INFO - [2024-08-12T10:12:04.185+0000] {dag.py:2429} INFO - Sync 1 DAGs
[2024-08-12T10:12:04.203+0000] {logging_mixin.py:115} INFO - [2024-08-12T10:12:04.202+0000] {dag.py:2981} INFO - Setting next_dagrun for example_trigger_controller_dag to 2021-01-01T00:00:00+00:00, run_after=2021-01-01T00:00:00+00:00
[2024-08-12T10:12:04.212+0000] {processor.py:161} INFO - Processing /home/airflow/.local/lib/python3.7/site-packages/airflow/example_dags/example_trigger_controller_dag.py took 0.054 seconds
[2024-08-12T10:12:35.040+0000] {processor.py:153} INFO - Started process (PID=1889) to work on /home/airflow/.local/lib/python3.7/site-packages/airflow/example_dags/example_trigger_controller_dag.py
[2024-08-12T10:12:35.041+0000] {processor.py:640} INFO - Processing file /home/airflow/.local/lib/python3.7/site-packages/airflow/example_dags/example_trigger_controller_dag.py for tasks to queue
[2024-08-12T10:12:35.042+0000] {logging_mixin.py:115} INFO - [2024-08-12T10:12:35.042+0000] {dagbag.py:508} INFO - Filling up the DagBag from /home/airflow/.local/lib/python3.7/site-packages/airflow/example_dags/example_trigger_controller_dag.py
[2024-08-12T10:12:35.044+0000] {processor.py:650} INFO - DAG(s) dict_keys(['example_trigger_controller_dag']) retrieved from /home/airflow/.local/lib/python3.7/site-packages/airflow/example_dags/example_trigger_controller_dag.py
[2024-08-12T10:12:35.068+0000] {logging_mixin.py:115} INFO - [2024-08-12T10:12:35.067+0000] {dag.py:2429} INFO - Sync 1 DAGs
[2024-08-12T10:12:35.085+0000] {logging_mixin.py:115} INFO - [2024-08-12T10:12:35.084+0000] {dag.py:2981} INFO - Setting next_dagrun for example_trigger_controller_dag to 2021-01-01T00:00:00+00:00, run_after=2021-01-01T00:00:00+00:00
[2024-08-12T10:12:35.096+0000] {processor.py:161} INFO - Processing /home/airflow/.local/lib/python3.7/site-packages/airflow/example_dags/example_trigger_controller_dag.py took 0.059 seconds
[2024-08-12T10:13:05.938+0000] {processor.py:153} INFO - Started process (PID=1952) to work on /home/airflow/.local/lib/python3.7/site-packages/airflow/example_dags/example_trigger_controller_dag.py
[2024-08-12T10:13:05.939+0000] {processor.py:640} INFO - Processing file /home/airflow/.local/lib/python3.7/site-packages/airflow/example_dags/example_trigger_controller_dag.py for tasks to queue
[2024-08-12T10:13:05.939+0000] {logging_mixin.py:115} INFO - [2024-08-12T10:13:05.939+0000] {dagbag.py:508} INFO - Filling up the DagBag from /home/airflow/.local/lib/python3.7/site-packages/airflow/example_dags/example_trigger_controller_dag.py
[2024-08-12T10:13:05.942+0000] {processor.py:650} INFO - DAG(s) dict_keys(['example_trigger_controller_dag']) retrieved from /home/airflow/.local/lib/python3.7/site-packages/airflow/example_dags/example_trigger_controller_dag.py
[2024-08-12T10:13:05.964+0000] {logging_mixin.py:115} INFO - [2024-08-12T10:13:05.964+0000] {dag.py:2429} INFO - Sync 1 DAGs
[2024-08-12T10:13:05.983+0000] {logging_mixin.py:115} INFO - [2024-08-12T10:13:05.983+0000] {dag.py:2981} INFO - Setting next_dagrun for example_trigger_controller_dag to 2021-01-01T00:00:00+00:00, run_after=2021-01-01T00:00:00+00:00
[2024-08-12T10:13:05.995+0000] {processor.py:161} INFO - Processing /home/airflow/.local/lib/python3.7/site-packages/airflow/example_dags/example_trigger_controller_dag.py took 0.059 seconds
[2024-08-12T10:13:36.700+0000] {processor.py:153} INFO - Started process (PID=2006) to work on /home/airflow/.local/lib/python3.7/site-packages/airflow/example_dags/example_trigger_controller_dag.py
[2024-08-12T10:13:36.701+0000] {processor.py:640} INFO - Processing file /home/airflow/.local/lib/python3.7/site-packages/airflow/example_dags/example_trigger_controller_dag.py for tasks to queue
[2024-08-12T10:13:36.702+0000] {logging_mixin.py:115} INFO - [2024-08-12T10:13:36.702+0000] {dagbag.py:508} INFO - Filling up the DagBag from /home/airflow/.local/lib/python3.7/site-packages/airflow/example_dags/example_trigger_controller_dag.py
[2024-08-12T10:13:36.704+0000] {processor.py:650} INFO - DAG(s) dict_keys(['example_trigger_controller_dag']) retrieved from /home/airflow/.local/lib/python3.7/site-packages/airflow/example_dags/example_trigger_controller_dag.py
[2024-08-12T10:13:36.726+0000] {logging_mixin.py:115} INFO - [2024-08-12T10:13:36.725+0000] {dag.py:2429} INFO - Sync 1 DAGs
[2024-08-12T10:13:36.743+0000] {logging_mixin.py:115} INFO - [2024-08-12T10:13:36.743+0000] {dag.py:2981} INFO - Setting next_dagrun for example_trigger_controller_dag to 2021-01-01T00:00:00+00:00, run_after=2021-01-01T00:00:00+00:00
[2024-08-12T10:13:36.755+0000] {processor.py:161} INFO - Processing /home/airflow/.local/lib/python3.7/site-packages/airflow/example_dags/example_trigger_controller_dag.py took 0.057 seconds
[2024-08-12T10:14:07.585+0000] {processor.py:153} INFO - Started process (PID=2069) to work on /home/airflow/.local/lib/python3.7/site-packages/airflow/example_dags/example_trigger_controller_dag.py
[2024-08-12T10:14:07.586+0000] {processor.py:640} INFO - Processing file /home/airflow/.local/lib/python3.7/site-packages/airflow/example_dags/example_trigger_controller_dag.py for tasks to queue
[2024-08-12T10:14:07.587+0000] {logging_mixin.py:115} INFO - [2024-08-12T10:14:07.587+0000] {dagbag.py:508} INFO - Filling up the DagBag from /home/airflow/.local/lib/python3.7/site-packages/airflow/example_dags/example_trigger_controller_dag.py
[2024-08-12T10:14:07.589+0000] {processor.py:650} INFO - DAG(s) dict_keys(['example_trigger_controller_dag']) retrieved from /home/airflow/.local/lib/python3.7/site-packages/airflow/example_dags/example_trigger_controller_dag.py
[2024-08-12T10:14:07.611+0000] {logging_mixin.py:115} INFO - [2024-08-12T10:14:07.611+0000] {dag.py:2429} INFO - Sync 1 DAGs
[2024-08-12T10:14:07.629+0000] {logging_mixin.py:115} INFO - [2024-08-12T10:14:07.628+0000] {dag.py:2981} INFO - Setting next_dagrun for example_trigger_controller_dag to 2021-01-01T00:00:00+00:00, run_after=2021-01-01T00:00:00+00:00
[2024-08-12T10:14:07.641+0000] {processor.py:161} INFO - Processing /home/airflow/.local/lib/python3.7/site-packages/airflow/example_dags/example_trigger_controller_dag.py took 0.058 seconds
