[2024-08-12T08:27:05.946+0000] {processor.py:153} INFO - Started process (PID=59) to work on /home/airflow/.local/lib/python3.7/site-packages/airflow/example_dags/example_xcom.py
[2024-08-12T08:27:05.947+0000] {processor.py:640} INFO - Processing file /home/airflow/.local/lib/python3.7/site-packages/airflow/example_dags/example_xcom.py for tasks to queue
[2024-08-12T08:27:05.947+0000] {logging_mixin.py:115} INFO - [2024-08-12T08:27:05.947+0000] {dagbag.py:508} INFO - Filling up the DagBag from /home/airflow/.local/lib/python3.7/site-packages/airflow/example_dags/example_xcom.py
[2024-08-12T08:27:05.963+0000] {processor.py:650} INFO - DAG(s) dict_keys(['example_xcom']) retrieved from /home/airflow/.local/lib/python3.7/site-packages/airflow/example_dags/example_xcom.py
[2024-08-12T08:27:06.036+0000] {logging_mixin.py:115} INFO - [2024-08-12T08:27:06.036+0000] {manager.py:508} INFO - Created Permission View: can edit on DAG:example_xcom
[2024-08-12T08:27:06.047+0000] {logging_mixin.py:115} INFO - [2024-08-12T08:27:06.047+0000] {manager.py:508} INFO - Created Permission View: can read on DAG:example_xcom
[2024-08-12T08:27:06.056+0000] {logging_mixin.py:115} INFO - [2024-08-12T08:27:06.055+0000] {manager.py:508} INFO - Created Permission View: can delete on DAG:example_xcom
[2024-08-12T08:27:06.056+0000] {logging_mixin.py:115} INFO - [2024-08-12T08:27:06.056+0000] {dag.py:2429} INFO - Sync 1 DAGs
[2024-08-12T08:27:06.066+0000] {logging_mixin.py:115} INFO - [2024-08-12T08:27:06.066+0000] {dag.py:2448} INFO - Creating ORM DAG for example_xcom
[2024-08-12T08:27:06.081+0000] {logging_mixin.py:115} INFO - [2024-08-12T08:27:06.081+0000] {dag.py:2981} INFO - Setting next_dagrun for example_xcom to 2021-01-01T00:00:00+00:00, run_after=2021-01-01T00:00:00+00:00
[2024-08-12T08:27:06.098+0000] {processor.py:161} INFO - Processing /home/airflow/.local/lib/python3.7/site-packages/airflow/example_dags/example_xcom.py took 0.154 seconds
[2024-08-12T08:27:36.562+0000] {processor.py:153} INFO - Started process (PID=113) to work on /home/airflow/.local/lib/python3.7/site-packages/airflow/example_dags/example_xcom.py
[2024-08-12T08:27:36.563+0000] {processor.py:640} INFO - Processing file /home/airflow/.local/lib/python3.7/site-packages/airflow/example_dags/example_xcom.py for tasks to queue
[2024-08-12T08:27:36.564+0000] {logging_mixin.py:115} INFO - [2024-08-12T08:27:36.564+0000] {dagbag.py:508} INFO - Filling up the DagBag from /home/airflow/.local/lib/python3.7/site-packages/airflow/example_dags/example_xcom.py
[2024-08-12T08:27:36.583+0000] {processor.py:650} INFO - DAG(s) dict_keys(['example_xcom']) retrieved from /home/airflow/.local/lib/python3.7/site-packages/airflow/example_dags/example_xcom.py
[2024-08-12T08:27:36.651+0000] {logging_mixin.py:115} INFO - [2024-08-12T08:27:36.651+0000] {dag.py:2429} INFO - Sync 1 DAGs
[2024-08-12T08:27:36.668+0000] {logging_mixin.py:115} INFO - [2024-08-12T08:27:36.668+0000] {dag.py:2981} INFO - Setting next_dagrun for example_xcom to 2021-01-01T00:00:00+00:00, run_after=2021-01-01T00:00:00+00:00
[2024-08-12T08:27:36.681+0000] {processor.py:161} INFO - Processing /home/airflow/.local/lib/python3.7/site-packages/airflow/example_dags/example_xcom.py took 0.121 seconds
[2024-08-12T08:28:07.318+0000] {processor.py:153} INFO - Started process (PID=174) to work on /home/airflow/.local/lib/python3.7/site-packages/airflow/example_dags/example_xcom.py
[2024-08-12T08:28:07.319+0000] {processor.py:640} INFO - Processing file /home/airflow/.local/lib/python3.7/site-packages/airflow/example_dags/example_xcom.py for tasks to queue
[2024-08-12T08:28:07.320+0000] {logging_mixin.py:115} INFO - [2024-08-12T08:28:07.320+0000] {dagbag.py:508} INFO - Filling up the DagBag from /home/airflow/.local/lib/python3.7/site-packages/airflow/example_dags/example_xcom.py
[2024-08-12T08:28:07.333+0000] {processor.py:650} INFO - DAG(s) dict_keys(['example_xcom']) retrieved from /home/airflow/.local/lib/python3.7/site-packages/airflow/example_dags/example_xcom.py
[2024-08-12T08:28:07.384+0000] {logging_mixin.py:115} INFO - [2024-08-12T08:28:07.384+0000] {dag.py:2429} INFO - Sync 1 DAGs
[2024-08-12T08:28:07.400+0000] {logging_mixin.py:115} INFO - [2024-08-12T08:28:07.400+0000] {dag.py:2981} INFO - Setting next_dagrun for example_xcom to 2021-01-01T00:00:00+00:00, run_after=2021-01-01T00:00:00+00:00
[2024-08-12T08:28:07.411+0000] {processor.py:161} INFO - Processing /home/airflow/.local/lib/python3.7/site-packages/airflow/example_dags/example_xcom.py took 0.095 seconds
[2024-08-12T08:28:38.147+0000] {processor.py:153} INFO - Started process (PID=235) to work on /home/airflow/.local/lib/python3.7/site-packages/airflow/example_dags/example_xcom.py
[2024-08-12T08:28:38.148+0000] {processor.py:640} INFO - Processing file /home/airflow/.local/lib/python3.7/site-packages/airflow/example_dags/example_xcom.py for tasks to queue
[2024-08-12T08:28:38.148+0000] {logging_mixin.py:115} INFO - [2024-08-12T08:28:38.148+0000] {dagbag.py:508} INFO - Filling up the DagBag from /home/airflow/.local/lib/python3.7/site-packages/airflow/example_dags/example_xcom.py
[2024-08-12T08:28:38.165+0000] {processor.py:650} INFO - DAG(s) dict_keys(['example_xcom']) retrieved from /home/airflow/.local/lib/python3.7/site-packages/airflow/example_dags/example_xcom.py
[2024-08-12T08:28:38.235+0000] {logging_mixin.py:115} INFO - [2024-08-12T08:28:38.235+0000] {dag.py:2429} INFO - Sync 1 DAGs
[2024-08-12T08:28:38.253+0000] {logging_mixin.py:115} INFO - [2024-08-12T08:28:38.252+0000] {dag.py:2981} INFO - Setting next_dagrun for example_xcom to 2021-01-01T00:00:00+00:00, run_after=2021-01-01T00:00:00+00:00
[2024-08-12T08:28:38.270+0000] {processor.py:161} INFO - Processing /home/airflow/.local/lib/python3.7/site-packages/airflow/example_dags/example_xcom.py took 0.125 seconds
[2024-08-12T09:57:10.568+0000] {processor.py:153} INFO - Started process (PID=63) to work on /home/airflow/.local/lib/python3.7/site-packages/airflow/example_dags/example_xcom.py
[2024-08-12T09:57:10.569+0000] {processor.py:640} INFO - Processing file /home/airflow/.local/lib/python3.7/site-packages/airflow/example_dags/example_xcom.py for tasks to queue
[2024-08-12T09:57:10.570+0000] {logging_mixin.py:115} INFO - [2024-08-12T09:57:10.570+0000] {dagbag.py:508} INFO - Filling up the DagBag from /home/airflow/.local/lib/python3.7/site-packages/airflow/example_dags/example_xcom.py
[2024-08-12T09:57:10.588+0000] {processor.py:650} INFO - DAG(s) dict_keys(['example_xcom']) retrieved from /home/airflow/.local/lib/python3.7/site-packages/airflow/example_dags/example_xcom.py
[2024-08-12T09:57:10.670+0000] {logging_mixin.py:115} INFO - [2024-08-12T09:57:10.669+0000] {dag.py:2429} INFO - Sync 1 DAGs
[2024-08-12T09:57:10.701+0000] {logging_mixin.py:115} INFO - [2024-08-12T09:57:10.701+0000] {dag.py:2981} INFO - Setting next_dagrun for example_xcom to 2021-01-01T00:00:00+00:00, run_after=2021-01-01T00:00:00+00:00
[2024-08-12T09:57:10.721+0000] {processor.py:161} INFO - Processing /home/airflow/.local/lib/python3.7/site-packages/airflow/example_dags/example_xcom.py took 0.155 seconds
[2024-08-12T09:57:41.513+0000] {processor.py:153} INFO - Started process (PID=117) to work on /home/airflow/.local/lib/python3.7/site-packages/airflow/example_dags/example_xcom.py
[2024-08-12T09:57:41.514+0000] {processor.py:640} INFO - Processing file /home/airflow/.local/lib/python3.7/site-packages/airflow/example_dags/example_xcom.py for tasks to queue
[2024-08-12T09:57:41.515+0000] {logging_mixin.py:115} INFO - [2024-08-12T09:57:41.515+0000] {dagbag.py:508} INFO - Filling up the DagBag from /home/airflow/.local/lib/python3.7/site-packages/airflow/example_dags/example_xcom.py
[2024-08-12T09:57:41.544+0000] {processor.py:650} INFO - DAG(s) dict_keys(['example_xcom']) retrieved from /home/airflow/.local/lib/python3.7/site-packages/airflow/example_dags/example_xcom.py
[2024-08-12T09:57:41.654+0000] {logging_mixin.py:115} INFO - [2024-08-12T09:57:41.653+0000] {dag.py:2429} INFO - Sync 1 DAGs
[2024-08-12T09:57:41.679+0000] {logging_mixin.py:115} INFO - [2024-08-12T09:57:41.679+0000] {dag.py:2981} INFO - Setting next_dagrun for example_xcom to 2021-01-01T00:00:00+00:00, run_after=2021-01-01T00:00:00+00:00
[2024-08-12T09:57:41.702+0000] {processor.py:161} INFO - Processing /home/airflow/.local/lib/python3.7/site-packages/airflow/example_dags/example_xcom.py took 0.192 seconds
[2024-08-12T09:58:12.546+0000] {processor.py:153} INFO - Started process (PID=180) to work on /home/airflow/.local/lib/python3.7/site-packages/airflow/example_dags/example_xcom.py
[2024-08-12T09:58:12.547+0000] {processor.py:640} INFO - Processing file /home/airflow/.local/lib/python3.7/site-packages/airflow/example_dags/example_xcom.py for tasks to queue
[2024-08-12T09:58:12.548+0000] {logging_mixin.py:115} INFO - [2024-08-12T09:58:12.547+0000] {dagbag.py:508} INFO - Filling up the DagBag from /home/airflow/.local/lib/python3.7/site-packages/airflow/example_dags/example_xcom.py
[2024-08-12T09:58:12.561+0000] {processor.py:650} INFO - DAG(s) dict_keys(['example_xcom']) retrieved from /home/airflow/.local/lib/python3.7/site-packages/airflow/example_dags/example_xcom.py
[2024-08-12T09:58:12.615+0000] {logging_mixin.py:115} INFO - [2024-08-12T09:58:12.614+0000] {dag.py:2429} INFO - Sync 1 DAGs
[2024-08-12T09:58:12.630+0000] {logging_mixin.py:115} INFO - [2024-08-12T09:58:12.630+0000] {dag.py:2981} INFO - Setting next_dagrun for example_xcom to 2021-01-01T00:00:00+00:00, run_after=2021-01-01T00:00:00+00:00
[2024-08-12T09:58:12.641+0000] {processor.py:161} INFO - Processing /home/airflow/.local/lib/python3.7/site-packages/airflow/example_dags/example_xcom.py took 0.097 seconds
[2024-08-12T09:58:43.381+0000] {processor.py:153} INFO - Started process (PID=243) to work on /home/airflow/.local/lib/python3.7/site-packages/airflow/example_dags/example_xcom.py
[2024-08-12T09:58:43.382+0000] {processor.py:640} INFO - Processing file /home/airflow/.local/lib/python3.7/site-packages/airflow/example_dags/example_xcom.py for tasks to queue
[2024-08-12T09:58:43.383+0000] {logging_mixin.py:115} INFO - [2024-08-12T09:58:43.383+0000] {dagbag.py:508} INFO - Filling up the DagBag from /home/airflow/.local/lib/python3.7/site-packages/airflow/example_dags/example_xcom.py
[2024-08-12T09:58:43.398+0000] {processor.py:650} INFO - DAG(s) dict_keys(['example_xcom']) retrieved from /home/airflow/.local/lib/python3.7/site-packages/airflow/example_dags/example_xcom.py
[2024-08-12T09:58:43.454+0000] {logging_mixin.py:115} INFO - [2024-08-12T09:58:43.454+0000] {dag.py:2429} INFO - Sync 1 DAGs
[2024-08-12T09:58:43.469+0000] {logging_mixin.py:115} INFO - [2024-08-12T09:58:43.469+0000] {dag.py:2981} INFO - Setting next_dagrun for example_xcom to 2021-01-01T00:00:00+00:00, run_after=2021-01-01T00:00:00+00:00
[2024-08-12T09:58:43.481+0000] {processor.py:161} INFO - Processing /home/airflow/.local/lib/python3.7/site-packages/airflow/example_dags/example_xcom.py took 0.102 seconds
[2024-08-12T09:59:14.306+0000] {processor.py:153} INFO - Started process (PID=306) to work on /home/airflow/.local/lib/python3.7/site-packages/airflow/example_dags/example_xcom.py
[2024-08-12T09:59:14.307+0000] {processor.py:640} INFO - Processing file /home/airflow/.local/lib/python3.7/site-packages/airflow/example_dags/example_xcom.py for tasks to queue
[2024-08-12T09:59:14.308+0000] {logging_mixin.py:115} INFO - [2024-08-12T09:59:14.308+0000] {dagbag.py:508} INFO - Filling up the DagBag from /home/airflow/.local/lib/python3.7/site-packages/airflow/example_dags/example_xcom.py
[2024-08-12T09:59:14.323+0000] {processor.py:650} INFO - DAG(s) dict_keys(['example_xcom']) retrieved from /home/airflow/.local/lib/python3.7/site-packages/airflow/example_dags/example_xcom.py
[2024-08-12T09:59:14.380+0000] {logging_mixin.py:115} INFO - [2024-08-12T09:59:14.380+0000] {dag.py:2429} INFO - Sync 1 DAGs
[2024-08-12T09:59:14.397+0000] {logging_mixin.py:115} INFO - [2024-08-12T09:59:14.397+0000] {dag.py:2981} INFO - Setting next_dagrun for example_xcom to 2021-01-01T00:00:00+00:00, run_after=2021-01-01T00:00:00+00:00
[2024-08-12T09:59:14.409+0000] {processor.py:161} INFO - Processing /home/airflow/.local/lib/python3.7/site-packages/airflow/example_dags/example_xcom.py took 0.105 seconds
[2024-08-12T09:59:44.431+0000] {processor.py:153} INFO - Started process (PID=359) to work on /home/airflow/.local/lib/python3.7/site-packages/airflow/example_dags/example_xcom.py
[2024-08-12T09:59:44.432+0000] {processor.py:640} INFO - Processing file /home/airflow/.local/lib/python3.7/site-packages/airflow/example_dags/example_xcom.py for tasks to queue
[2024-08-12T09:59:44.432+0000] {logging_mixin.py:115} INFO - [2024-08-12T09:59:44.432+0000] {dagbag.py:508} INFO - Filling up the DagBag from /home/airflow/.local/lib/python3.7/site-packages/airflow/example_dags/example_xcom.py
[2024-08-12T09:59:44.446+0000] {processor.py:650} INFO - DAG(s) dict_keys(['example_xcom']) retrieved from /home/airflow/.local/lib/python3.7/site-packages/airflow/example_dags/example_xcom.py
[2024-08-12T09:59:44.500+0000] {logging_mixin.py:115} INFO - [2024-08-12T09:59:44.500+0000] {dag.py:2429} INFO - Sync 1 DAGs
[2024-08-12T09:59:44.517+0000] {logging_mixin.py:115} INFO - [2024-08-12T09:59:44.516+0000] {dag.py:2981} INFO - Setting next_dagrun for example_xcom to 2021-01-01T00:00:00+00:00, run_after=2021-01-01T00:00:00+00:00
[2024-08-12T09:59:44.529+0000] {processor.py:161} INFO - Processing /home/airflow/.local/lib/python3.7/site-packages/airflow/example_dags/example_xcom.py took 0.100 seconds
[2024-08-12T10:00:15.454+0000] {processor.py:153} INFO - Started process (PID=423) to work on /home/airflow/.local/lib/python3.7/site-packages/airflow/example_dags/example_xcom.py
[2024-08-12T10:00:15.454+0000] {processor.py:640} INFO - Processing file /home/airflow/.local/lib/python3.7/site-packages/airflow/example_dags/example_xcom.py for tasks to queue
[2024-08-12T10:00:15.455+0000] {logging_mixin.py:115} INFO - [2024-08-12T10:00:15.455+0000] {dagbag.py:508} INFO - Filling up the DagBag from /home/airflow/.local/lib/python3.7/site-packages/airflow/example_dags/example_xcom.py
[2024-08-12T10:00:15.468+0000] {processor.py:650} INFO - DAG(s) dict_keys(['example_xcom']) retrieved from /home/airflow/.local/lib/python3.7/site-packages/airflow/example_dags/example_xcom.py
[2024-08-12T10:00:15.519+0000] {logging_mixin.py:115} INFO - [2024-08-12T10:00:15.519+0000] {dag.py:2429} INFO - Sync 1 DAGs
[2024-08-12T10:00:15.535+0000] {logging_mixin.py:115} INFO - [2024-08-12T10:00:15.535+0000] {dag.py:2981} INFO - Setting next_dagrun for example_xcom to 2021-01-01T00:00:00+00:00, run_after=2021-01-01T00:00:00+00:00
[2024-08-12T10:00:15.546+0000] {processor.py:161} INFO - Processing /home/airflow/.local/lib/python3.7/site-packages/airflow/example_dags/example_xcom.py took 0.095 seconds
[2024-08-12T10:00:46.182+0000] {processor.py:153} INFO - Started process (PID=486) to work on /home/airflow/.local/lib/python3.7/site-packages/airflow/example_dags/example_xcom.py
[2024-08-12T10:00:46.183+0000] {processor.py:640} INFO - Processing file /home/airflow/.local/lib/python3.7/site-packages/airflow/example_dags/example_xcom.py for tasks to queue
[2024-08-12T10:00:46.184+0000] {logging_mixin.py:115} INFO - [2024-08-12T10:00:46.184+0000] {dagbag.py:508} INFO - Filling up the DagBag from /home/airflow/.local/lib/python3.7/site-packages/airflow/example_dags/example_xcom.py
[2024-08-12T10:00:46.198+0000] {processor.py:650} INFO - DAG(s) dict_keys(['example_xcom']) retrieved from /home/airflow/.local/lib/python3.7/site-packages/airflow/example_dags/example_xcom.py
[2024-08-12T10:00:46.257+0000] {logging_mixin.py:115} INFO - [2024-08-12T10:00:46.257+0000] {dag.py:2429} INFO - Sync 1 DAGs
[2024-08-12T10:00:46.273+0000] {logging_mixin.py:115} INFO - [2024-08-12T10:00:46.273+0000] {dag.py:2981} INFO - Setting next_dagrun for example_xcom to 2021-01-01T00:00:00+00:00, run_after=2021-01-01T00:00:00+00:00
[2024-08-12T10:00:46.285+0000] {processor.py:161} INFO - Processing /home/airflow/.local/lib/python3.7/site-packages/airflow/example_dags/example_xcom.py took 0.105 seconds
[2024-08-12T10:01:17.013+0000] {processor.py:153} INFO - Started process (PID=540) to work on /home/airflow/.local/lib/python3.7/site-packages/airflow/example_dags/example_xcom.py
[2024-08-12T10:01:17.014+0000] {processor.py:640} INFO - Processing file /home/airflow/.local/lib/python3.7/site-packages/airflow/example_dags/example_xcom.py for tasks to queue
[2024-08-12T10:01:17.014+0000] {logging_mixin.py:115} INFO - [2024-08-12T10:01:17.014+0000] {dagbag.py:508} INFO - Filling up the DagBag from /home/airflow/.local/lib/python3.7/site-packages/airflow/example_dags/example_xcom.py
[2024-08-12T10:01:17.028+0000] {processor.py:650} INFO - DAG(s) dict_keys(['example_xcom']) retrieved from /home/airflow/.local/lib/python3.7/site-packages/airflow/example_dags/example_xcom.py
[2024-08-12T10:01:17.084+0000] {logging_mixin.py:115} INFO - [2024-08-12T10:01:17.084+0000] {dag.py:2429} INFO - Sync 1 DAGs
[2024-08-12T10:01:17.100+0000] {logging_mixin.py:115} INFO - [2024-08-12T10:01:17.100+0000] {dag.py:2981} INFO - Setting next_dagrun for example_xcom to 2021-01-01T00:00:00+00:00, run_after=2021-01-01T00:00:00+00:00
[2024-08-12T10:01:17.111+0000] {processor.py:161} INFO - Processing /home/airflow/.local/lib/python3.7/site-packages/airflow/example_dags/example_xcom.py took 0.101 seconds
[2024-08-12T10:01:47.874+0000] {processor.py:153} INFO - Started process (PID=603) to work on /home/airflow/.local/lib/python3.7/site-packages/airflow/example_dags/example_xcom.py
[2024-08-12T10:01:47.875+0000] {processor.py:640} INFO - Processing file /home/airflow/.local/lib/python3.7/site-packages/airflow/example_dags/example_xcom.py for tasks to queue
[2024-08-12T10:01:47.876+0000] {logging_mixin.py:115} INFO - [2024-08-12T10:01:47.876+0000] {dagbag.py:508} INFO - Filling up the DagBag from /home/airflow/.local/lib/python3.7/site-packages/airflow/example_dags/example_xcom.py
[2024-08-12T10:01:47.892+0000] {processor.py:650} INFO - DAG(s) dict_keys(['example_xcom']) retrieved from /home/airflow/.local/lib/python3.7/site-packages/airflow/example_dags/example_xcom.py
[2024-08-12T10:01:47.945+0000] {logging_mixin.py:115} INFO - [2024-08-12T10:01:47.945+0000] {dag.py:2429} INFO - Sync 1 DAGs
[2024-08-12T10:01:47.960+0000] {logging_mixin.py:115} INFO - [2024-08-12T10:01:47.960+0000] {dag.py:2981} INFO - Setting next_dagrun for example_xcom to 2021-01-01T00:00:00+00:00, run_after=2021-01-01T00:00:00+00:00
[2024-08-12T10:01:47.971+0000] {processor.py:161} INFO - Processing /home/airflow/.local/lib/python3.7/site-packages/airflow/example_dags/example_xcom.py took 0.100 seconds
[2024-08-12T10:02:18.604+0000] {processor.py:153} INFO - Started process (PID=666) to work on /home/airflow/.local/lib/python3.7/site-packages/airflow/example_dags/example_xcom.py
[2024-08-12T10:02:18.605+0000] {processor.py:640} INFO - Processing file /home/airflow/.local/lib/python3.7/site-packages/airflow/example_dags/example_xcom.py for tasks to queue
[2024-08-12T10:02:18.606+0000] {logging_mixin.py:115} INFO - [2024-08-12T10:02:18.606+0000] {dagbag.py:508} INFO - Filling up the DagBag from /home/airflow/.local/lib/python3.7/site-packages/airflow/example_dags/example_xcom.py
[2024-08-12T10:02:18.620+0000] {processor.py:650} INFO - DAG(s) dict_keys(['example_xcom']) retrieved from /home/airflow/.local/lib/python3.7/site-packages/airflow/example_dags/example_xcom.py
[2024-08-12T10:02:18.675+0000] {logging_mixin.py:115} INFO - [2024-08-12T10:02:18.674+0000] {dag.py:2429} INFO - Sync 1 DAGs
[2024-08-12T10:02:18.692+0000] {logging_mixin.py:115} INFO - [2024-08-12T10:02:18.692+0000] {dag.py:2981} INFO - Setting next_dagrun for example_xcom to 2021-01-01T00:00:00+00:00, run_after=2021-01-01T00:00:00+00:00
[2024-08-12T10:02:18.703+0000] {processor.py:161} INFO - Processing /home/airflow/.local/lib/python3.7/site-packages/airflow/example_dags/example_xcom.py took 0.102 seconds
[2024-08-12T10:02:49.441+0000] {processor.py:153} INFO - Started process (PID=729) to work on /home/airflow/.local/lib/python3.7/site-packages/airflow/example_dags/example_xcom.py
[2024-08-12T10:02:49.442+0000] {processor.py:640} INFO - Processing file /home/airflow/.local/lib/python3.7/site-packages/airflow/example_dags/example_xcom.py for tasks to queue
[2024-08-12T10:02:49.442+0000] {logging_mixin.py:115} INFO - [2024-08-12T10:02:49.442+0000] {dagbag.py:508} INFO - Filling up the DagBag from /home/airflow/.local/lib/python3.7/site-packages/airflow/example_dags/example_xcom.py
[2024-08-12T10:02:49.456+0000] {processor.py:650} INFO - DAG(s) dict_keys(['example_xcom']) retrieved from /home/airflow/.local/lib/python3.7/site-packages/airflow/example_dags/example_xcom.py
[2024-08-12T10:02:49.478+0000] {logging_mixin.py:115} INFO - [2024-08-12T10:02:49.478+0000] {dag.py:2429} INFO - Sync 1 DAGs
[2024-08-12T10:02:49.497+0000] {logging_mixin.py:115} INFO - [2024-08-12T10:02:49.497+0000] {dag.py:2981} INFO - Setting next_dagrun for example_xcom to 2021-01-01T00:00:00+00:00, run_after=2021-01-01T00:00:00+00:00
[2024-08-12T10:02:49.507+0000] {processor.py:161} INFO - Processing /home/airflow/.local/lib/python3.7/site-packages/airflow/example_dags/example_xcom.py took 0.070 seconds
[2024-08-12T10:03:20.273+0000] {processor.py:153} INFO - Started process (PID=783) to work on /home/airflow/.local/lib/python3.7/site-packages/airflow/example_dags/example_xcom.py
[2024-08-12T10:03:20.274+0000] {processor.py:640} INFO - Processing file /home/airflow/.local/lib/python3.7/site-packages/airflow/example_dags/example_xcom.py for tasks to queue
[2024-08-12T10:03:20.274+0000] {logging_mixin.py:115} INFO - [2024-08-12T10:03:20.274+0000] {dagbag.py:508} INFO - Filling up the DagBag from /home/airflow/.local/lib/python3.7/site-packages/airflow/example_dags/example_xcom.py
[2024-08-12T10:03:20.288+0000] {processor.py:650} INFO - DAG(s) dict_keys(['example_xcom']) retrieved from /home/airflow/.local/lib/python3.7/site-packages/airflow/example_dags/example_xcom.py
[2024-08-12T10:03:20.345+0000] {logging_mixin.py:115} INFO - [2024-08-12T10:03:20.345+0000] {dag.py:2429} INFO - Sync 1 DAGs
[2024-08-12T10:03:20.363+0000] {logging_mixin.py:115} INFO - [2024-08-12T10:03:20.363+0000] {dag.py:2981} INFO - Setting next_dagrun for example_xcom to 2021-01-01T00:00:00+00:00, run_after=2021-01-01T00:00:00+00:00
[2024-08-12T10:03:20.376+0000] {processor.py:161} INFO - Processing /home/airflow/.local/lib/python3.7/site-packages/airflow/example_dags/example_xcom.py took 0.105 seconds
[2024-08-12T10:03:51.138+0000] {processor.py:153} INFO - Started process (PID=846) to work on /home/airflow/.local/lib/python3.7/site-packages/airflow/example_dags/example_xcom.py
[2024-08-12T10:03:51.139+0000] {processor.py:640} INFO - Processing file /home/airflow/.local/lib/python3.7/site-packages/airflow/example_dags/example_xcom.py for tasks to queue
[2024-08-12T10:03:51.140+0000] {logging_mixin.py:115} INFO - [2024-08-12T10:03:51.140+0000] {dagbag.py:508} INFO - Filling up the DagBag from /home/airflow/.local/lib/python3.7/site-packages/airflow/example_dags/example_xcom.py
[2024-08-12T10:03:51.154+0000] {processor.py:650} INFO - DAG(s) dict_keys(['example_xcom']) retrieved from /home/airflow/.local/lib/python3.7/site-packages/airflow/example_dags/example_xcom.py
[2024-08-12T10:03:51.212+0000] {logging_mixin.py:115} INFO - [2024-08-12T10:03:51.212+0000] {dag.py:2429} INFO - Sync 1 DAGs
[2024-08-12T10:03:51.229+0000] {logging_mixin.py:115} INFO - [2024-08-12T10:03:51.229+0000] {dag.py:2981} INFO - Setting next_dagrun for example_xcom to 2021-01-01T00:00:00+00:00, run_after=2021-01-01T00:00:00+00:00
[2024-08-12T10:03:51.241+0000] {processor.py:161} INFO - Processing /home/airflow/.local/lib/python3.7/site-packages/airflow/example_dags/example_xcom.py took 0.105 seconds
[2024-08-12T10:04:22.058+0000] {processor.py:153} INFO - Started process (PID=909) to work on /home/airflow/.local/lib/python3.7/site-packages/airflow/example_dags/example_xcom.py
[2024-08-12T10:04:22.059+0000] {processor.py:640} INFO - Processing file /home/airflow/.local/lib/python3.7/site-packages/airflow/example_dags/example_xcom.py for tasks to queue
[2024-08-12T10:04:22.059+0000] {logging_mixin.py:115} INFO - [2024-08-12T10:04:22.059+0000] {dagbag.py:508} INFO - Filling up the DagBag from /home/airflow/.local/lib/python3.7/site-packages/airflow/example_dags/example_xcom.py
[2024-08-12T10:04:22.073+0000] {processor.py:650} INFO - DAG(s) dict_keys(['example_xcom']) retrieved from /home/airflow/.local/lib/python3.7/site-packages/airflow/example_dags/example_xcom.py
[2024-08-12T10:04:22.128+0000] {logging_mixin.py:115} INFO - [2024-08-12T10:04:22.128+0000] {dag.py:2429} INFO - Sync 1 DAGs
[2024-08-12T10:04:22.143+0000] {logging_mixin.py:115} INFO - [2024-08-12T10:04:22.143+0000] {dag.py:2981} INFO - Setting next_dagrun for example_xcom to 2021-01-01T00:00:00+00:00, run_after=2021-01-01T00:00:00+00:00
[2024-08-12T10:04:22.154+0000] {processor.py:161} INFO - Processing /home/airflow/.local/lib/python3.7/site-packages/airflow/example_dags/example_xcom.py took 0.098 seconds
[2024-08-12T10:04:52.863+0000] {processor.py:153} INFO - Started process (PID=972) to work on /home/airflow/.local/lib/python3.7/site-packages/airflow/example_dags/example_xcom.py
[2024-08-12T10:04:52.863+0000] {processor.py:640} INFO - Processing file /home/airflow/.local/lib/python3.7/site-packages/airflow/example_dags/example_xcom.py for tasks to queue
[2024-08-12T10:04:52.864+0000] {logging_mixin.py:115} INFO - [2024-08-12T10:04:52.864+0000] {dagbag.py:508} INFO - Filling up the DagBag from /home/airflow/.local/lib/python3.7/site-packages/airflow/example_dags/example_xcom.py
[2024-08-12T10:04:52.877+0000] {processor.py:650} INFO - DAG(s) dict_keys(['example_xcom']) retrieved from /home/airflow/.local/lib/python3.7/site-packages/airflow/example_dags/example_xcom.py
[2024-08-12T10:04:52.898+0000] {logging_mixin.py:115} INFO - [2024-08-12T10:04:52.897+0000] {dag.py:2429} INFO - Sync 1 DAGs
[2024-08-12T10:04:52.916+0000] {logging_mixin.py:115} INFO - [2024-08-12T10:04:52.916+0000] {dag.py:2981} INFO - Setting next_dagrun for example_xcom to 2021-01-01T00:00:00+00:00, run_after=2021-01-01T00:00:00+00:00
[2024-08-12T10:04:52.927+0000] {processor.py:161} INFO - Processing /home/airflow/.local/lib/python3.7/site-packages/airflow/example_dags/example_xcom.py took 0.067 seconds
[2024-08-12T10:05:23.722+0000] {processor.py:153} INFO - Started process (PID=1026) to work on /home/airflow/.local/lib/python3.7/site-packages/airflow/example_dags/example_xcom.py
[2024-08-12T10:05:23.723+0000] {processor.py:640} INFO - Processing file /home/airflow/.local/lib/python3.7/site-packages/airflow/example_dags/example_xcom.py for tasks to queue
[2024-08-12T10:05:23.723+0000] {logging_mixin.py:115} INFO - [2024-08-12T10:05:23.723+0000] {dagbag.py:508} INFO - Filling up the DagBag from /home/airflow/.local/lib/python3.7/site-packages/airflow/example_dags/example_xcom.py
[2024-08-12T10:05:23.737+0000] {processor.py:650} INFO - DAG(s) dict_keys(['example_xcom']) retrieved from /home/airflow/.local/lib/python3.7/site-packages/airflow/example_dags/example_xcom.py
[2024-08-12T10:05:23.757+0000] {logging_mixin.py:115} INFO - [2024-08-12T10:05:23.757+0000] {dag.py:2429} INFO - Sync 1 DAGs
[2024-08-12T10:05:23.775+0000] {logging_mixin.py:115} INFO - [2024-08-12T10:05:23.775+0000] {dag.py:2981} INFO - Setting next_dagrun for example_xcom to 2021-01-01T00:00:00+00:00, run_after=2021-01-01T00:00:00+00:00
[2024-08-12T10:05:23.785+0000] {processor.py:161} INFO - Processing /home/airflow/.local/lib/python3.7/site-packages/airflow/example_dags/example_xcom.py took 0.066 seconds
[2024-08-12T10:05:54.600+0000] {processor.py:153} INFO - Started process (PID=1089) to work on /home/airflow/.local/lib/python3.7/site-packages/airflow/example_dags/example_xcom.py
[2024-08-12T10:05:54.601+0000] {processor.py:640} INFO - Processing file /home/airflow/.local/lib/python3.7/site-packages/airflow/example_dags/example_xcom.py for tasks to queue
[2024-08-12T10:05:54.601+0000] {logging_mixin.py:115} INFO - [2024-08-12T10:05:54.601+0000] {dagbag.py:508} INFO - Filling up the DagBag from /home/airflow/.local/lib/python3.7/site-packages/airflow/example_dags/example_xcom.py
[2024-08-12T10:05:54.615+0000] {processor.py:650} INFO - DAG(s) dict_keys(['example_xcom']) retrieved from /home/airflow/.local/lib/python3.7/site-packages/airflow/example_dags/example_xcom.py
[2024-08-12T10:05:54.635+0000] {logging_mixin.py:115} INFO - [2024-08-12T10:05:54.635+0000] {dag.py:2429} INFO - Sync 1 DAGs
[2024-08-12T10:05:54.653+0000] {logging_mixin.py:115} INFO - [2024-08-12T10:05:54.653+0000] {dag.py:2981} INFO - Setting next_dagrun for example_xcom to 2021-01-01T00:00:00+00:00, run_after=2021-01-01T00:00:00+00:00
[2024-08-12T10:05:54.663+0000] {processor.py:161} INFO - Processing /home/airflow/.local/lib/python3.7/site-packages/airflow/example_dags/example_xcom.py took 0.066 seconds
[2024-08-12T10:06:25.332+0000] {processor.py:153} INFO - Started process (PID=1152) to work on /home/airflow/.local/lib/python3.7/site-packages/airflow/example_dags/example_xcom.py
[2024-08-12T10:06:25.333+0000] {processor.py:640} INFO - Processing file /home/airflow/.local/lib/python3.7/site-packages/airflow/example_dags/example_xcom.py for tasks to queue
[2024-08-12T10:06:25.333+0000] {logging_mixin.py:115} INFO - [2024-08-12T10:06:25.333+0000] {dagbag.py:508} INFO - Filling up the DagBag from /home/airflow/.local/lib/python3.7/site-packages/airflow/example_dags/example_xcom.py
[2024-08-12T10:06:25.347+0000] {processor.py:650} INFO - DAG(s) dict_keys(['example_xcom']) retrieved from /home/airflow/.local/lib/python3.7/site-packages/airflow/example_dags/example_xcom.py
[2024-08-12T10:06:25.366+0000] {logging_mixin.py:115} INFO - [2024-08-12T10:06:25.366+0000] {dag.py:2429} INFO - Sync 1 DAGs
[2024-08-12T10:06:25.385+0000] {logging_mixin.py:115} INFO - [2024-08-12T10:06:25.384+0000] {dag.py:2981} INFO - Setting next_dagrun for example_xcom to 2021-01-01T00:00:00+00:00, run_after=2021-01-01T00:00:00+00:00
[2024-08-12T10:06:25.395+0000] {processor.py:161} INFO - Processing /home/airflow/.local/lib/python3.7/site-packages/airflow/example_dags/example_xcom.py took 0.065 seconds
[2024-08-12T10:06:56.238+0000] {processor.py:153} INFO - Started process (PID=1215) to work on /home/airflow/.local/lib/python3.7/site-packages/airflow/example_dags/example_xcom.py
[2024-08-12T10:06:56.239+0000] {processor.py:640} INFO - Processing file /home/airflow/.local/lib/python3.7/site-packages/airflow/example_dags/example_xcom.py for tasks to queue
[2024-08-12T10:06:56.240+0000] {logging_mixin.py:115} INFO - [2024-08-12T10:06:56.240+0000] {dagbag.py:508} INFO - Filling up the DagBag from /home/airflow/.local/lib/python3.7/site-packages/airflow/example_dags/example_xcom.py
[2024-08-12T10:06:56.253+0000] {processor.py:650} INFO - DAG(s) dict_keys(['example_xcom']) retrieved from /home/airflow/.local/lib/python3.7/site-packages/airflow/example_dags/example_xcom.py
[2024-08-12T10:06:56.274+0000] {logging_mixin.py:115} INFO - [2024-08-12T10:06:56.274+0000] {dag.py:2429} INFO - Sync 1 DAGs
[2024-08-12T10:06:56.292+0000] {logging_mixin.py:115} INFO - [2024-08-12T10:06:56.292+0000] {dag.py:2981} INFO - Setting next_dagrun for example_xcom to 2021-01-01T00:00:00+00:00, run_after=2021-01-01T00:00:00+00:00
[2024-08-12T10:06:56.302+0000] {processor.py:161} INFO - Processing /home/airflow/.local/lib/python3.7/site-packages/airflow/example_dags/example_xcom.py took 0.066 seconds
[2024-08-12T10:07:26.337+0000] {processor.py:153} INFO - Started process (PID=1267) to work on /home/airflow/.local/lib/python3.7/site-packages/airflow/example_dags/example_xcom.py
[2024-08-12T10:07:26.338+0000] {processor.py:640} INFO - Processing file /home/airflow/.local/lib/python3.7/site-packages/airflow/example_dags/example_xcom.py for tasks to queue
[2024-08-12T10:07:26.338+0000] {logging_mixin.py:115} INFO - [2024-08-12T10:07:26.338+0000] {dagbag.py:508} INFO - Filling up the DagBag from /home/airflow/.local/lib/python3.7/site-packages/airflow/example_dags/example_xcom.py
[2024-08-12T10:07:26.352+0000] {processor.py:650} INFO - DAG(s) dict_keys(['example_xcom']) retrieved from /home/airflow/.local/lib/python3.7/site-packages/airflow/example_dags/example_xcom.py
[2024-08-12T10:07:26.407+0000] {logging_mixin.py:115} INFO - [2024-08-12T10:07:26.406+0000] {dag.py:2429} INFO - Sync 1 DAGs
[2024-08-12T10:07:26.423+0000] {logging_mixin.py:115} INFO - [2024-08-12T10:07:26.422+0000] {dag.py:2981} INFO - Setting next_dagrun for example_xcom to 2021-01-01T00:00:00+00:00, run_after=2021-01-01T00:00:00+00:00
[2024-08-12T10:07:26.435+0000] {processor.py:161} INFO - Processing /home/airflow/.local/lib/python3.7/site-packages/airflow/example_dags/example_xcom.py took 0.101 seconds
[2024-08-12T10:07:56.500+0000] {processor.py:153} INFO - Started process (PID=1330) to work on /home/airflow/.local/lib/python3.7/site-packages/airflow/example_dags/example_xcom.py
[2024-08-12T10:07:56.500+0000] {processor.py:640} INFO - Processing file /home/airflow/.local/lib/python3.7/site-packages/airflow/example_dags/example_xcom.py for tasks to queue
[2024-08-12T10:07:56.501+0000] {logging_mixin.py:115} INFO - [2024-08-12T10:07:56.501+0000] {dagbag.py:508} INFO - Filling up the DagBag from /home/airflow/.local/lib/python3.7/site-packages/airflow/example_dags/example_xcom.py
[2024-08-12T10:07:56.515+0000] {processor.py:650} INFO - DAG(s) dict_keys(['example_xcom']) retrieved from /home/airflow/.local/lib/python3.7/site-packages/airflow/example_dags/example_xcom.py
[2024-08-12T10:07:56.569+0000] {logging_mixin.py:115} INFO - [2024-08-12T10:07:56.568+0000] {dag.py:2429} INFO - Sync 1 DAGs
[2024-08-12T10:07:56.585+0000] {logging_mixin.py:115} INFO - [2024-08-12T10:07:56.585+0000] {dag.py:2981} INFO - Setting next_dagrun for example_xcom to 2021-01-01T00:00:00+00:00, run_after=2021-01-01T00:00:00+00:00
[2024-08-12T10:07:56.597+0000] {processor.py:161} INFO - Processing /home/airflow/.local/lib/python3.7/site-packages/airflow/example_dags/example_xcom.py took 0.100 seconds
[2024-08-12T10:08:27.278+0000] {processor.py:153} INFO - Started process (PID=1393) to work on /home/airflow/.local/lib/python3.7/site-packages/airflow/example_dags/example_xcom.py
[2024-08-12T10:08:27.279+0000] {processor.py:640} INFO - Processing file /home/airflow/.local/lib/python3.7/site-packages/airflow/example_dags/example_xcom.py for tasks to queue
[2024-08-12T10:08:27.279+0000] {logging_mixin.py:115} INFO - [2024-08-12T10:08:27.279+0000] {dagbag.py:508} INFO - Filling up the DagBag from /home/airflow/.local/lib/python3.7/site-packages/airflow/example_dags/example_xcom.py
[2024-08-12T10:08:27.292+0000] {processor.py:650} INFO - DAG(s) dict_keys(['example_xcom']) retrieved from /home/airflow/.local/lib/python3.7/site-packages/airflow/example_dags/example_xcom.py
[2024-08-12T10:08:27.344+0000] {logging_mixin.py:115} INFO - [2024-08-12T10:08:27.344+0000] {dag.py:2429} INFO - Sync 1 DAGs
[2024-08-12T10:08:27.359+0000] {logging_mixin.py:115} INFO - [2024-08-12T10:08:27.359+0000] {dag.py:2981} INFO - Setting next_dagrun for example_xcom to 2021-01-01T00:00:00+00:00, run_after=2021-01-01T00:00:00+00:00
[2024-08-12T10:08:27.370+0000] {processor.py:161} INFO - Processing /home/airflow/.local/lib/python3.7/site-packages/airflow/example_dags/example_xcom.py took 0.095 seconds
[2024-08-12T10:08:58.039+0000] {processor.py:153} INFO - Started process (PID=1456) to work on /home/airflow/.local/lib/python3.7/site-packages/airflow/example_dags/example_xcom.py
[2024-08-12T10:08:58.040+0000] {processor.py:640} INFO - Processing file /home/airflow/.local/lib/python3.7/site-packages/airflow/example_dags/example_xcom.py for tasks to queue
[2024-08-12T10:08:58.041+0000] {logging_mixin.py:115} INFO - [2024-08-12T10:08:58.041+0000] {dagbag.py:508} INFO - Filling up the DagBag from /home/airflow/.local/lib/python3.7/site-packages/airflow/example_dags/example_xcom.py
[2024-08-12T10:08:58.055+0000] {processor.py:650} INFO - DAG(s) dict_keys(['example_xcom']) retrieved from /home/airflow/.local/lib/python3.7/site-packages/airflow/example_dags/example_xcom.py
[2024-08-12T10:08:58.110+0000] {logging_mixin.py:115} INFO - [2024-08-12T10:08:58.110+0000] {dag.py:2429} INFO - Sync 1 DAGs
[2024-08-12T10:08:58.128+0000] {logging_mixin.py:115} INFO - [2024-08-12T10:08:58.128+0000] {dag.py:2981} INFO - Setting next_dagrun for example_xcom to 2021-01-01T00:00:00+00:00, run_after=2021-01-01T00:00:00+00:00
[2024-08-12T10:08:58.140+0000] {processor.py:161} INFO - Processing /home/airflow/.local/lib/python3.7/site-packages/airflow/example_dags/example_xcom.py took 0.103 seconds
[2024-08-12T10:09:28.768+0000] {processor.py:153} INFO - Started process (PID=1510) to work on /home/airflow/.local/lib/python3.7/site-packages/airflow/example_dags/example_xcom.py
[2024-08-12T10:09:28.769+0000] {processor.py:640} INFO - Processing file /home/airflow/.local/lib/python3.7/site-packages/airflow/example_dags/example_xcom.py for tasks to queue
[2024-08-12T10:09:28.769+0000] {logging_mixin.py:115} INFO - [2024-08-12T10:09:28.769+0000] {dagbag.py:508} INFO - Filling up the DagBag from /home/airflow/.local/lib/python3.7/site-packages/airflow/example_dags/example_xcom.py
[2024-08-12T10:09:28.782+0000] {processor.py:650} INFO - DAG(s) dict_keys(['example_xcom']) retrieved from /home/airflow/.local/lib/python3.7/site-packages/airflow/example_dags/example_xcom.py
[2024-08-12T10:09:28.805+0000] {logging_mixin.py:115} INFO - [2024-08-12T10:09:28.805+0000] {dag.py:2429} INFO - Sync 1 DAGs
[2024-08-12T10:09:28.824+0000] {logging_mixin.py:115} INFO - [2024-08-12T10:09:28.824+0000] {dag.py:2981} INFO - Setting next_dagrun for example_xcom to 2021-01-01T00:00:00+00:00, run_after=2021-01-01T00:00:00+00:00
[2024-08-12T10:09:28.835+0000] {processor.py:161} INFO - Processing /home/airflow/.local/lib/python3.7/site-packages/airflow/example_dags/example_xcom.py took 0.069 seconds
[2024-08-12T10:09:59.480+0000] {processor.py:153} INFO - Started process (PID=1573) to work on /home/airflow/.local/lib/python3.7/site-packages/airflow/example_dags/example_xcom.py
[2024-08-12T10:09:59.480+0000] {processor.py:640} INFO - Processing file /home/airflow/.local/lib/python3.7/site-packages/airflow/example_dags/example_xcom.py for tasks to queue
[2024-08-12T10:09:59.481+0000] {logging_mixin.py:115} INFO - [2024-08-12T10:09:59.481+0000] {dagbag.py:508} INFO - Filling up the DagBag from /home/airflow/.local/lib/python3.7/site-packages/airflow/example_dags/example_xcom.py
[2024-08-12T10:09:59.494+0000] {processor.py:650} INFO - DAG(s) dict_keys(['example_xcom']) retrieved from /home/airflow/.local/lib/python3.7/site-packages/airflow/example_dags/example_xcom.py
[2024-08-12T10:09:59.547+0000] {logging_mixin.py:115} INFO - [2024-08-12T10:09:59.547+0000] {dag.py:2429} INFO - Sync 1 DAGs
[2024-08-12T10:09:59.564+0000] {logging_mixin.py:115} INFO - [2024-08-12T10:09:59.564+0000] {dag.py:2981} INFO - Setting next_dagrun for example_xcom to 2021-01-01T00:00:00+00:00, run_after=2021-01-01T00:00:00+00:00
[2024-08-12T10:09:59.575+0000] {processor.py:161} INFO - Processing /home/airflow/.local/lib/python3.7/site-packages/airflow/example_dags/example_xcom.py took 0.098 seconds
[2024-08-12T10:10:30.320+0000] {processor.py:153} INFO - Started process (PID=1636) to work on /home/airflow/.local/lib/python3.7/site-packages/airflow/example_dags/example_xcom.py
[2024-08-12T10:10:30.321+0000] {processor.py:640} INFO - Processing file /home/airflow/.local/lib/python3.7/site-packages/airflow/example_dags/example_xcom.py for tasks to queue
[2024-08-12T10:10:30.321+0000] {logging_mixin.py:115} INFO - [2024-08-12T10:10:30.321+0000] {dagbag.py:508} INFO - Filling up the DagBag from /home/airflow/.local/lib/python3.7/site-packages/airflow/example_dags/example_xcom.py
[2024-08-12T10:10:30.335+0000] {processor.py:650} INFO - DAG(s) dict_keys(['example_xcom']) retrieved from /home/airflow/.local/lib/python3.7/site-packages/airflow/example_dags/example_xcom.py
[2024-08-12T10:10:30.355+0000] {logging_mixin.py:115} INFO - [2024-08-12T10:10:30.355+0000] {dag.py:2429} INFO - Sync 1 DAGs
[2024-08-12T10:10:30.374+0000] {logging_mixin.py:115} INFO - [2024-08-12T10:10:30.374+0000] {dag.py:2981} INFO - Setting next_dagrun for example_xcom to 2021-01-01T00:00:00+00:00, run_after=2021-01-01T00:00:00+00:00
[2024-08-12T10:10:30.384+0000] {processor.py:161} INFO - Processing /home/airflow/.local/lib/python3.7/site-packages/airflow/example_dags/example_xcom.py took 0.067 seconds
[2024-08-12T10:11:01.018+0000] {processor.py:153} INFO - Started process (PID=1699) to work on /home/airflow/.local/lib/python3.7/site-packages/airflow/example_dags/example_xcom.py
[2024-08-12T10:11:01.019+0000] {processor.py:640} INFO - Processing file /home/airflow/.local/lib/python3.7/site-packages/airflow/example_dags/example_xcom.py for tasks to queue
[2024-08-12T10:11:01.019+0000] {logging_mixin.py:115} INFO - [2024-08-12T10:11:01.019+0000] {dagbag.py:508} INFO - Filling up the DagBag from /home/airflow/.local/lib/python3.7/site-packages/airflow/example_dags/example_xcom.py
[2024-08-12T10:11:01.033+0000] {processor.py:650} INFO - DAG(s) dict_keys(['example_xcom']) retrieved from /home/airflow/.local/lib/python3.7/site-packages/airflow/example_dags/example_xcom.py
[2024-08-12T10:11:01.056+0000] {logging_mixin.py:115} INFO - [2024-08-12T10:11:01.056+0000] {dag.py:2429} INFO - Sync 1 DAGs
[2024-08-12T10:11:01.078+0000] {logging_mixin.py:115} INFO - [2024-08-12T10:11:01.078+0000] {dag.py:2981} INFO - Setting next_dagrun for example_xcom to 2021-01-01T00:00:00+00:00, run_after=2021-01-01T00:00:00+00:00
[2024-08-12T10:11:01.092+0000] {processor.py:161} INFO - Processing /home/airflow/.local/lib/python3.7/site-packages/airflow/example_dags/example_xcom.py took 0.077 seconds
[2024-08-12T10:11:31.846+0000] {processor.py:153} INFO - Started process (PID=1753) to work on /home/airflow/.local/lib/python3.7/site-packages/airflow/example_dags/example_xcom.py
[2024-08-12T10:11:31.847+0000] {processor.py:640} INFO - Processing file /home/airflow/.local/lib/python3.7/site-packages/airflow/example_dags/example_xcom.py for tasks to queue
[2024-08-12T10:11:31.847+0000] {logging_mixin.py:115} INFO - [2024-08-12T10:11:31.847+0000] {dagbag.py:508} INFO - Filling up the DagBag from /home/airflow/.local/lib/python3.7/site-packages/airflow/example_dags/example_xcom.py
[2024-08-12T10:11:31.861+0000] {processor.py:650} INFO - DAG(s) dict_keys(['example_xcom']) retrieved from /home/airflow/.local/lib/python3.7/site-packages/airflow/example_dags/example_xcom.py
[2024-08-12T10:11:31.881+0000] {logging_mixin.py:115} INFO - [2024-08-12T10:11:31.881+0000] {dag.py:2429} INFO - Sync 1 DAGs
[2024-08-12T10:11:31.900+0000] {logging_mixin.py:115} INFO - [2024-08-12T10:11:31.900+0000] {dag.py:2981} INFO - Setting next_dagrun for example_xcom to 2021-01-01T00:00:00+00:00, run_after=2021-01-01T00:00:00+00:00
[2024-08-12T10:11:31.910+0000] {processor.py:161} INFO - Processing /home/airflow/.local/lib/python3.7/site-packages/airflow/example_dags/example_xcom.py took 0.066 seconds
[2024-08-12T10:12:02.574+0000] {processor.py:153} INFO - Started process (PID=1816) to work on /home/airflow/.local/lib/python3.7/site-packages/airflow/example_dags/example_xcom.py
[2024-08-12T10:12:02.574+0000] {processor.py:640} INFO - Processing file /home/airflow/.local/lib/python3.7/site-packages/airflow/example_dags/example_xcom.py for tasks to queue
[2024-08-12T10:12:02.575+0000] {logging_mixin.py:115} INFO - [2024-08-12T10:12:02.575+0000] {dagbag.py:508} INFO - Filling up the DagBag from /home/airflow/.local/lib/python3.7/site-packages/airflow/example_dags/example_xcom.py
[2024-08-12T10:12:02.588+0000] {processor.py:650} INFO - DAG(s) dict_keys(['example_xcom']) retrieved from /home/airflow/.local/lib/python3.7/site-packages/airflow/example_dags/example_xcom.py
[2024-08-12T10:12:02.608+0000] {logging_mixin.py:115} INFO - [2024-08-12T10:12:02.608+0000] {dag.py:2429} INFO - Sync 1 DAGs
[2024-08-12T10:12:02.626+0000] {logging_mixin.py:115} INFO - [2024-08-12T10:12:02.626+0000] {dag.py:2981} INFO - Setting next_dagrun for example_xcom to 2021-01-01T00:00:00+00:00, run_after=2021-01-01T00:00:00+00:00
[2024-08-12T10:12:02.637+0000] {processor.py:161} INFO - Processing /home/airflow/.local/lib/python3.7/site-packages/airflow/example_dags/example_xcom.py took 0.065 seconds
[2024-08-12T10:12:33.375+0000] {processor.py:153} INFO - Started process (PID=1879) to work on /home/airflow/.local/lib/python3.7/site-packages/airflow/example_dags/example_xcom.py
[2024-08-12T10:12:33.376+0000] {processor.py:640} INFO - Processing file /home/airflow/.local/lib/python3.7/site-packages/airflow/example_dags/example_xcom.py for tasks to queue
[2024-08-12T10:12:33.376+0000] {logging_mixin.py:115} INFO - [2024-08-12T10:12:33.376+0000] {dagbag.py:508} INFO - Filling up the DagBag from /home/airflow/.local/lib/python3.7/site-packages/airflow/example_dags/example_xcom.py
[2024-08-12T10:12:33.389+0000] {processor.py:650} INFO - DAG(s) dict_keys(['example_xcom']) retrieved from /home/airflow/.local/lib/python3.7/site-packages/airflow/example_dags/example_xcom.py
[2024-08-12T10:12:33.441+0000] {logging_mixin.py:115} INFO - [2024-08-12T10:12:33.441+0000] {dag.py:2429} INFO - Sync 1 DAGs
[2024-08-12T10:12:33.456+0000] {logging_mixin.py:115} INFO - [2024-08-12T10:12:33.456+0000] {dag.py:2981} INFO - Setting next_dagrun for example_xcom to 2021-01-01T00:00:00+00:00, run_after=2021-01-01T00:00:00+00:00
[2024-08-12T10:12:33.467+0000] {processor.py:161} INFO - Processing /home/airflow/.local/lib/python3.7/site-packages/airflow/example_dags/example_xcom.py took 0.095 seconds
[2024-08-12T10:13:04.328+0000] {processor.py:153} INFO - Started process (PID=1942) to work on /home/airflow/.local/lib/python3.7/site-packages/airflow/example_dags/example_xcom.py
[2024-08-12T10:13:04.328+0000] {processor.py:640} INFO - Processing file /home/airflow/.local/lib/python3.7/site-packages/airflow/example_dags/example_xcom.py for tasks to queue
[2024-08-12T10:13:04.329+0000] {logging_mixin.py:115} INFO - [2024-08-12T10:13:04.329+0000] {dagbag.py:508} INFO - Filling up the DagBag from /home/airflow/.local/lib/python3.7/site-packages/airflow/example_dags/example_xcom.py
[2024-08-12T10:13:04.342+0000] {processor.py:650} INFO - DAG(s) dict_keys(['example_xcom']) retrieved from /home/airflow/.local/lib/python3.7/site-packages/airflow/example_dags/example_xcom.py
[2024-08-12T10:13:04.363+0000] {logging_mixin.py:115} INFO - [2024-08-12T10:13:04.363+0000] {dag.py:2429} INFO - Sync 1 DAGs
[2024-08-12T10:13:04.382+0000] {logging_mixin.py:115} INFO - [2024-08-12T10:13:04.382+0000] {dag.py:2981} INFO - Setting next_dagrun for example_xcom to 2021-01-01T00:00:00+00:00, run_after=2021-01-01T00:00:00+00:00
[2024-08-12T10:13:04.394+0000] {processor.py:161} INFO - Processing /home/airflow/.local/lib/python3.7/site-packages/airflow/example_dags/example_xcom.py took 0.069 seconds
[2024-08-12T10:13:35.158+0000] {processor.py:153} INFO - Started process (PID=1996) to work on /home/airflow/.local/lib/python3.7/site-packages/airflow/example_dags/example_xcom.py
[2024-08-12T10:13:35.159+0000] {processor.py:640} INFO - Processing file /home/airflow/.local/lib/python3.7/site-packages/airflow/example_dags/example_xcom.py for tasks to queue
[2024-08-12T10:13:35.160+0000] {logging_mixin.py:115} INFO - [2024-08-12T10:13:35.160+0000] {dagbag.py:508} INFO - Filling up the DagBag from /home/airflow/.local/lib/python3.7/site-packages/airflow/example_dags/example_xcom.py
[2024-08-12T10:13:35.173+0000] {processor.py:650} INFO - DAG(s) dict_keys(['example_xcom']) retrieved from /home/airflow/.local/lib/python3.7/site-packages/airflow/example_dags/example_xcom.py
[2024-08-12T10:13:35.194+0000] {logging_mixin.py:115} INFO - [2024-08-12T10:13:35.194+0000] {dag.py:2429} INFO - Sync 1 DAGs
[2024-08-12T10:13:35.213+0000] {logging_mixin.py:115} INFO - [2024-08-12T10:13:35.213+0000] {dag.py:2981} INFO - Setting next_dagrun for example_xcom to 2021-01-01T00:00:00+00:00, run_after=2021-01-01T00:00:00+00:00
[2024-08-12T10:13:35.223+0000] {processor.py:161} INFO - Processing /home/airflow/.local/lib/python3.7/site-packages/airflow/example_dags/example_xcom.py took 0.067 seconds
[2024-08-12T10:14:05.847+0000] {processor.py:153} INFO - Started process (PID=2059) to work on /home/airflow/.local/lib/python3.7/site-packages/airflow/example_dags/example_xcom.py
[2024-08-12T10:14:05.848+0000] {processor.py:640} INFO - Processing file /home/airflow/.local/lib/python3.7/site-packages/airflow/example_dags/example_xcom.py for tasks to queue
[2024-08-12T10:14:05.848+0000] {logging_mixin.py:115} INFO - [2024-08-12T10:14:05.848+0000] {dagbag.py:508} INFO - Filling up the DagBag from /home/airflow/.local/lib/python3.7/site-packages/airflow/example_dags/example_xcom.py
[2024-08-12T10:14:05.862+0000] {processor.py:650} INFO - DAG(s) dict_keys(['example_xcom']) retrieved from /home/airflow/.local/lib/python3.7/site-packages/airflow/example_dags/example_xcom.py
[2024-08-12T10:14:05.929+0000] {logging_mixin.py:115} INFO - [2024-08-12T10:14:05.928+0000] {dag.py:2429} INFO - Sync 1 DAGs
[2024-08-12T10:14:05.946+0000] {logging_mixin.py:115} INFO - [2024-08-12T10:14:05.945+0000] {dag.py:2981} INFO - Setting next_dagrun for example_xcom to 2021-01-01T00:00:00+00:00, run_after=2021-01-01T00:00:00+00:00
[2024-08-12T10:14:05.958+0000] {processor.py:161} INFO - Processing /home/airflow/.local/lib/python3.7/site-packages/airflow/example_dags/example_xcom.py took 0.113 seconds
