[2024-08-12T08:27:08.192+0000] {processor.py:153} INFO - Started process (PID=77) to work on /home/airflow/.local/lib/python3.7/site-packages/airflow/example_dags/example_branch_python_dop_operator_3.py
[2024-08-12T08:27:08.193+0000] {processor.py:640} INFO - Processing file /home/airflow/.local/lib/python3.7/site-packages/airflow/example_dags/example_branch_python_dop_operator_3.py for tasks to queue
[2024-08-12T08:27:08.193+0000] {logging_mixin.py:115} INFO - [2024-08-12T08:27:08.193+0000] {dagbag.py:508} INFO - Filling up the DagBag from /home/airflow/.local/lib/python3.7/site-packages/airflow/example_dags/example_branch_python_dop_operator_3.py
[2024-08-12T08:27:08.209+0000] {processor.py:650} INFO - DAG(s) dict_keys(['example_branch_dop_operator_v3']) retrieved from /home/airflow/.local/lib/python3.7/site-packages/airflow/example_dags/example_branch_python_dop_operator_3.py
[2024-08-12T08:27:08.331+0000] {logging_mixin.py:115} INFO - [2024-08-12T08:27:08.330+0000] {manager.py:508} INFO - Created Permission View: can edit on DAG:example_branch_dop_operator_v3
[2024-08-12T08:27:08.342+0000] {logging_mixin.py:115} INFO - [2024-08-12T08:27:08.342+0000] {manager.py:508} INFO - Created Permission View: can read on DAG:example_branch_dop_operator_v3
[2024-08-12T08:27:08.350+0000] {logging_mixin.py:115} INFO - [2024-08-12T08:27:08.350+0000] {manager.py:508} INFO - Created Permission View: can delete on DAG:example_branch_dop_operator_v3
[2024-08-12T08:27:08.350+0000] {logging_mixin.py:115} INFO - [2024-08-12T08:27:08.350+0000] {dag.py:2429} INFO - Sync 1 DAGs
[2024-08-12T08:27:08.359+0000] {logging_mixin.py:115} INFO - [2024-08-12T08:27:08.359+0000] {dag.py:2448} INFO - Creating ORM DAG for example_branch_dop_operator_v3
[2024-08-12T08:27:08.377+0000] {logging_mixin.py:115} INFO - [2024-08-12T08:27:08.377+0000] {dag.py:2981} INFO - Setting next_dagrun for example_branch_dop_operator_v3 to 2024-08-12T08:26:00+00:00, run_after=2024-08-12T08:27:00+00:00
[2024-08-12T08:27:08.392+0000] {processor.py:161} INFO - Processing /home/airflow/.local/lib/python3.7/site-packages/airflow/example_dags/example_branch_python_dop_operator_3.py took 0.203 seconds
[2024-08-12T08:27:38.462+0000] {processor.py:153} INFO - Started process (PID=129) to work on /home/airflow/.local/lib/python3.7/site-packages/airflow/example_dags/example_branch_python_dop_operator_3.py
[2024-08-12T08:27:38.463+0000] {processor.py:640} INFO - Processing file /home/airflow/.local/lib/python3.7/site-packages/airflow/example_dags/example_branch_python_dop_operator_3.py for tasks to queue
[2024-08-12T08:27:38.464+0000] {logging_mixin.py:115} INFO - [2024-08-12T08:27:38.464+0000] {dagbag.py:508} INFO - Filling up the DagBag from /home/airflow/.local/lib/python3.7/site-packages/airflow/example_dags/example_branch_python_dop_operator_3.py
[2024-08-12T08:27:38.472+0000] {processor.py:650} INFO - DAG(s) dict_keys(['example_branch_dop_operator_v3']) retrieved from /home/airflow/.local/lib/python3.7/site-packages/airflow/example_dags/example_branch_python_dop_operator_3.py
[2024-08-12T08:27:38.492+0000] {logging_mixin.py:115} INFO - [2024-08-12T08:27:38.492+0000] {dag.py:2429} INFO - Sync 1 DAGs
[2024-08-12T08:27:38.513+0000] {logging_mixin.py:115} INFO - [2024-08-12T08:27:38.513+0000] {dag.py:2981} INFO - Setting next_dagrun for example_branch_dop_operator_v3 to 2024-08-12T08:26:00+00:00, run_after=2024-08-12T08:27:00+00:00
[2024-08-12T08:27:38.523+0000] {processor.py:161} INFO - Processing /home/airflow/.local/lib/python3.7/site-packages/airflow/example_dags/example_branch_python_dop_operator_3.py took 0.063 seconds
[2024-08-12T08:28:09.184+0000] {processor.py:153} INFO - Started process (PID=190) to work on /home/airflow/.local/lib/python3.7/site-packages/airflow/example_dags/example_branch_python_dop_operator_3.py
[2024-08-12T08:28:09.184+0000] {processor.py:640} INFO - Processing file /home/airflow/.local/lib/python3.7/site-packages/airflow/example_dags/example_branch_python_dop_operator_3.py for tasks to queue
[2024-08-12T08:28:09.185+0000] {logging_mixin.py:115} INFO - [2024-08-12T08:28:09.185+0000] {dagbag.py:508} INFO - Filling up the DagBag from /home/airflow/.local/lib/python3.7/site-packages/airflow/example_dags/example_branch_python_dop_operator_3.py
[2024-08-12T08:28:09.192+0000] {processor.py:650} INFO - DAG(s) dict_keys(['example_branch_dop_operator_v3']) retrieved from /home/airflow/.local/lib/python3.7/site-packages/airflow/example_dags/example_branch_python_dop_operator_3.py
[2024-08-12T08:28:09.213+0000] {logging_mixin.py:115} INFO - [2024-08-12T08:28:09.213+0000] {dag.py:2429} INFO - Sync 1 DAGs
[2024-08-12T08:28:09.234+0000] {logging_mixin.py:115} INFO - [2024-08-12T08:28:09.234+0000] {dag.py:2981} INFO - Setting next_dagrun for example_branch_dop_operator_v3 to 2024-08-12T08:27:00+00:00, run_after=2024-08-12T08:28:00+00:00
[2024-08-12T08:28:09.245+0000] {processor.py:161} INFO - Processing /home/airflow/.local/lib/python3.7/site-packages/airflow/example_dags/example_branch_python_dop_operator_3.py took 0.064 seconds
[2024-08-12T09:57:12.040+0000] {processor.py:153} INFO - Started process (PID=79) to work on /home/airflow/.local/lib/python3.7/site-packages/airflow/example_dags/example_branch_python_dop_operator_3.py
[2024-08-12T09:57:12.042+0000] {processor.py:640} INFO - Processing file /home/airflow/.local/lib/python3.7/site-packages/airflow/example_dags/example_branch_python_dop_operator_3.py for tasks to queue
[2024-08-12T09:57:12.042+0000] {logging_mixin.py:115} INFO - [2024-08-12T09:57:12.042+0000] {dagbag.py:508} INFO - Filling up the DagBag from /home/airflow/.local/lib/python3.7/site-packages/airflow/example_dags/example_branch_python_dop_operator_3.py
[2024-08-12T09:57:12.054+0000] {processor.py:650} INFO - DAG(s) dict_keys(['example_branch_dop_operator_v3']) retrieved from /home/airflow/.local/lib/python3.7/site-packages/airflow/example_dags/example_branch_python_dop_operator_3.py
[2024-08-12T09:57:12.084+0000] {logging_mixin.py:115} INFO - [2024-08-12T09:57:12.083+0000] {dag.py:2429} INFO - Sync 1 DAGs
[2024-08-12T09:57:12.117+0000] {logging_mixin.py:115} INFO - [2024-08-12T09:57:12.117+0000] {dag.py:2981} INFO - Setting next_dagrun for example_branch_dop_operator_v3 to 2024-08-12T09:56:00+00:00, run_after=2024-08-12T09:57:00+00:00
[2024-08-12T09:57:12.129+0000] {processor.py:161} INFO - Processing /home/airflow/.local/lib/python3.7/site-packages/airflow/example_dags/example_branch_python_dop_operator_3.py took 0.093 seconds
[2024-08-12T09:57:42.551+0000] {processor.py:153} INFO - Started process (PID=133) to work on /home/airflow/.local/lib/python3.7/site-packages/airflow/example_dags/example_branch_python_dop_operator_3.py
[2024-08-12T09:57:42.552+0000] {processor.py:640} INFO - Processing file /home/airflow/.local/lib/python3.7/site-packages/airflow/example_dags/example_branch_python_dop_operator_3.py for tasks to queue
[2024-08-12T09:57:42.552+0000] {logging_mixin.py:115} INFO - [2024-08-12T09:57:42.552+0000] {dagbag.py:508} INFO - Filling up the DagBag from /home/airflow/.local/lib/python3.7/site-packages/airflow/example_dags/example_branch_python_dop_operator_3.py
[2024-08-12T09:57:42.559+0000] {processor.py:650} INFO - DAG(s) dict_keys(['example_branch_dop_operator_v3']) retrieved from /home/airflow/.local/lib/python3.7/site-packages/airflow/example_dags/example_branch_python_dop_operator_3.py
[2024-08-12T09:57:42.579+0000] {logging_mixin.py:115} INFO - [2024-08-12T09:57:42.579+0000] {dag.py:2429} INFO - Sync 1 DAGs
[2024-08-12T09:57:42.606+0000] {logging_mixin.py:115} INFO - [2024-08-12T09:57:42.606+0000] {dag.py:2981} INFO - Setting next_dagrun for example_branch_dop_operator_v3 to 2024-08-12T09:56:00+00:00, run_after=2024-08-12T09:57:00+00:00
[2024-08-12T09:57:42.616+0000] {processor.py:161} INFO - Processing /home/airflow/.local/lib/python3.7/site-packages/airflow/example_dags/example_branch_python_dop_operator_3.py took 0.068 seconds
[2024-08-12T09:58:13.412+0000] {processor.py:153} INFO - Started process (PID=196) to work on /home/airflow/.local/lib/python3.7/site-packages/airflow/example_dags/example_branch_python_dop_operator_3.py
[2024-08-12T09:58:13.413+0000] {processor.py:640} INFO - Processing file /home/airflow/.local/lib/python3.7/site-packages/airflow/example_dags/example_branch_python_dop_operator_3.py for tasks to queue
[2024-08-12T09:58:13.414+0000] {logging_mixin.py:115} INFO - [2024-08-12T09:58:13.414+0000] {dagbag.py:508} INFO - Filling up the DagBag from /home/airflow/.local/lib/python3.7/site-packages/airflow/example_dags/example_branch_python_dop_operator_3.py
[2024-08-12T09:58:13.421+0000] {processor.py:650} INFO - DAG(s) dict_keys(['example_branch_dop_operator_v3']) retrieved from /home/airflow/.local/lib/python3.7/site-packages/airflow/example_dags/example_branch_python_dop_operator_3.py
[2024-08-12T09:58:13.442+0000] {logging_mixin.py:115} INFO - [2024-08-12T09:58:13.442+0000] {dag.py:2429} INFO - Sync 1 DAGs
[2024-08-12T09:58:13.468+0000] {logging_mixin.py:115} INFO - [2024-08-12T09:58:13.468+0000] {dag.py:2981} INFO - Setting next_dagrun for example_branch_dop_operator_v3 to 2024-08-12T09:57:00+00:00, run_after=2024-08-12T09:58:00+00:00
[2024-08-12T09:58:13.479+0000] {processor.py:161} INFO - Processing /home/airflow/.local/lib/python3.7/site-packages/airflow/example_dags/example_branch_python_dop_operator_3.py took 0.069 seconds
[2024-08-12T09:58:44.369+0000] {processor.py:153} INFO - Started process (PID=259) to work on /home/airflow/.local/lib/python3.7/site-packages/airflow/example_dags/example_branch_python_dop_operator_3.py
[2024-08-12T09:58:44.370+0000] {processor.py:640} INFO - Processing file /home/airflow/.local/lib/python3.7/site-packages/airflow/example_dags/example_branch_python_dop_operator_3.py for tasks to queue
[2024-08-12T09:58:44.370+0000] {logging_mixin.py:115} INFO - [2024-08-12T09:58:44.370+0000] {dagbag.py:508} INFO - Filling up the DagBag from /home/airflow/.local/lib/python3.7/site-packages/airflow/example_dags/example_branch_python_dop_operator_3.py
[2024-08-12T09:58:44.378+0000] {processor.py:650} INFO - DAG(s) dict_keys(['example_branch_dop_operator_v3']) retrieved from /home/airflow/.local/lib/python3.7/site-packages/airflow/example_dags/example_branch_python_dop_operator_3.py
[2024-08-12T09:58:44.398+0000] {logging_mixin.py:115} INFO - [2024-08-12T09:58:44.397+0000] {dag.py:2429} INFO - Sync 1 DAGs
[2024-08-12T09:58:44.420+0000] {logging_mixin.py:115} INFO - [2024-08-12T09:58:44.419+0000] {dag.py:2981} INFO - Setting next_dagrun for example_branch_dop_operator_v3 to 2024-08-12T09:57:00+00:00, run_after=2024-08-12T09:58:00+00:00
[2024-08-12T09:58:44.430+0000] {processor.py:161} INFO - Processing /home/airflow/.local/lib/python3.7/site-packages/airflow/example_dags/example_branch_python_dop_operator_3.py took 0.063 seconds
[2024-08-12T09:59:15.397+0000] {processor.py:153} INFO - Started process (PID=322) to work on /home/airflow/.local/lib/python3.7/site-packages/airflow/example_dags/example_branch_python_dop_operator_3.py
[2024-08-12T09:59:15.398+0000] {processor.py:640} INFO - Processing file /home/airflow/.local/lib/python3.7/site-packages/airflow/example_dags/example_branch_python_dop_operator_3.py for tasks to queue
[2024-08-12T09:59:15.398+0000] {logging_mixin.py:115} INFO - [2024-08-12T09:59:15.398+0000] {dagbag.py:508} INFO - Filling up the DagBag from /home/airflow/.local/lib/python3.7/site-packages/airflow/example_dags/example_branch_python_dop_operator_3.py
[2024-08-12T09:59:15.406+0000] {processor.py:650} INFO - DAG(s) dict_keys(['example_branch_dop_operator_v3']) retrieved from /home/airflow/.local/lib/python3.7/site-packages/airflow/example_dags/example_branch_python_dop_operator_3.py
[2024-08-12T09:59:15.426+0000] {logging_mixin.py:115} INFO - [2024-08-12T09:59:15.426+0000] {dag.py:2429} INFO - Sync 1 DAGs
[2024-08-12T09:59:15.448+0000] {logging_mixin.py:115} INFO - [2024-08-12T09:59:15.448+0000] {dag.py:2981} INFO - Setting next_dagrun for example_branch_dop_operator_v3 to 2024-08-12T09:58:00+00:00, run_after=2024-08-12T09:59:00+00:00
[2024-08-12T09:59:15.460+0000] {processor.py:161} INFO - Processing /home/airflow/.local/lib/python3.7/site-packages/airflow/example_dags/example_branch_python_dop_operator_3.py took 0.065 seconds
[2024-08-12T09:59:45.596+0000] {processor.py:153} INFO - Started process (PID=376) to work on /home/airflow/.local/lib/python3.7/site-packages/airflow/example_dags/example_branch_python_dop_operator_3.py
[2024-08-12T09:59:45.597+0000] {processor.py:640} INFO - Processing file /home/airflow/.local/lib/python3.7/site-packages/airflow/example_dags/example_branch_python_dop_operator_3.py for tasks to queue
[2024-08-12T09:59:45.597+0000] {logging_mixin.py:115} INFO - [2024-08-12T09:59:45.597+0000] {dagbag.py:508} INFO - Filling up the DagBag from /home/airflow/.local/lib/python3.7/site-packages/airflow/example_dags/example_branch_python_dop_operator_3.py
[2024-08-12T09:59:45.605+0000] {processor.py:650} INFO - DAG(s) dict_keys(['example_branch_dop_operator_v3']) retrieved from /home/airflow/.local/lib/python3.7/site-packages/airflow/example_dags/example_branch_python_dop_operator_3.py
[2024-08-12T09:59:45.627+0000] {logging_mixin.py:115} INFO - [2024-08-12T09:59:45.627+0000] {dag.py:2429} INFO - Sync 1 DAGs
[2024-08-12T09:59:45.650+0000] {logging_mixin.py:115} INFO - [2024-08-12T09:59:45.650+0000] {dag.py:2981} INFO - Setting next_dagrun for example_branch_dop_operator_v3 to 2024-08-12T09:58:00+00:00, run_after=2024-08-12T09:59:00+00:00
[2024-08-12T09:59:45.660+0000] {processor.py:161} INFO - Processing /home/airflow/.local/lib/python3.7/site-packages/airflow/example_dags/example_branch_python_dop_operator_3.py took 0.067 seconds
[2024-08-12T10:00:16.352+0000] {processor.py:153} INFO - Started process (PID=439) to work on /home/airflow/.local/lib/python3.7/site-packages/airflow/example_dags/example_branch_python_dop_operator_3.py
[2024-08-12T10:00:16.353+0000] {processor.py:640} INFO - Processing file /home/airflow/.local/lib/python3.7/site-packages/airflow/example_dags/example_branch_python_dop_operator_3.py for tasks to queue
[2024-08-12T10:00:16.353+0000] {logging_mixin.py:115} INFO - [2024-08-12T10:00:16.353+0000] {dagbag.py:508} INFO - Filling up the DagBag from /home/airflow/.local/lib/python3.7/site-packages/airflow/example_dags/example_branch_python_dop_operator_3.py
[2024-08-12T10:00:16.361+0000] {processor.py:650} INFO - DAG(s) dict_keys(['example_branch_dop_operator_v3']) retrieved from /home/airflow/.local/lib/python3.7/site-packages/airflow/example_dags/example_branch_python_dop_operator_3.py
[2024-08-12T10:00:16.382+0000] {logging_mixin.py:115} INFO - [2024-08-12T10:00:16.382+0000] {dag.py:2429} INFO - Sync 1 DAGs
[2024-08-12T10:00:16.402+0000] {logging_mixin.py:115} INFO - [2024-08-12T10:00:16.402+0000] {dag.py:2981} INFO - Setting next_dagrun for example_branch_dop_operator_v3 to 2024-08-12T09:59:00+00:00, run_after=2024-08-12T10:00:00+00:00
[2024-08-12T10:00:16.413+0000] {processor.py:161} INFO - Processing /home/airflow/.local/lib/python3.7/site-packages/airflow/example_dags/example_branch_python_dop_operator_3.py took 0.063 seconds
[2024-08-12T10:00:47.145+0000] {processor.py:153} INFO - Started process (PID=502) to work on /home/airflow/.local/lib/python3.7/site-packages/airflow/example_dags/example_branch_python_dop_operator_3.py
[2024-08-12T10:00:47.146+0000] {processor.py:640} INFO - Processing file /home/airflow/.local/lib/python3.7/site-packages/airflow/example_dags/example_branch_python_dop_operator_3.py for tasks to queue
[2024-08-12T10:00:47.146+0000] {logging_mixin.py:115} INFO - [2024-08-12T10:00:47.146+0000] {dagbag.py:508} INFO - Filling up the DagBag from /home/airflow/.local/lib/python3.7/site-packages/airflow/example_dags/example_branch_python_dop_operator_3.py
[2024-08-12T10:00:47.154+0000] {processor.py:650} INFO - DAG(s) dict_keys(['example_branch_dop_operator_v3']) retrieved from /home/airflow/.local/lib/python3.7/site-packages/airflow/example_dags/example_branch_python_dop_operator_3.py
[2024-08-12T10:00:47.175+0000] {logging_mixin.py:115} INFO - [2024-08-12T10:00:47.175+0000] {dag.py:2429} INFO - Sync 1 DAGs
[2024-08-12T10:00:47.197+0000] {logging_mixin.py:115} INFO - [2024-08-12T10:00:47.197+0000] {dag.py:2981} INFO - Setting next_dagrun for example_branch_dop_operator_v3 to 2024-08-12T09:59:00+00:00, run_after=2024-08-12T10:00:00+00:00
[2024-08-12T10:00:47.208+0000] {processor.py:161} INFO - Processing /home/airflow/.local/lib/python3.7/site-packages/airflow/example_dags/example_branch_python_dop_operator_3.py took 0.065 seconds
[2024-08-12T10:01:18.010+0000] {processor.py:153} INFO - Started process (PID=565) to work on /home/airflow/.local/lib/python3.7/site-packages/airflow/example_dags/example_branch_python_dop_operator_3.py
[2024-08-12T10:01:18.011+0000] {processor.py:640} INFO - Processing file /home/airflow/.local/lib/python3.7/site-packages/airflow/example_dags/example_branch_python_dop_operator_3.py for tasks to queue
[2024-08-12T10:01:18.011+0000] {logging_mixin.py:115} INFO - [2024-08-12T10:01:18.011+0000] {dagbag.py:508} INFO - Filling up the DagBag from /home/airflow/.local/lib/python3.7/site-packages/airflow/example_dags/example_branch_python_dop_operator_3.py
[2024-08-12T10:01:18.019+0000] {processor.py:650} INFO - DAG(s) dict_keys(['example_branch_dop_operator_v3']) retrieved from /home/airflow/.local/lib/python3.7/site-packages/airflow/example_dags/example_branch_python_dop_operator_3.py
[2024-08-12T10:01:18.040+0000] {logging_mixin.py:115} INFO - [2024-08-12T10:01:18.040+0000] {dag.py:2429} INFO - Sync 1 DAGs
[2024-08-12T10:01:18.063+0000] {logging_mixin.py:115} INFO - [2024-08-12T10:01:18.063+0000] {dag.py:2981} INFO - Setting next_dagrun for example_branch_dop_operator_v3 to 2024-08-12T10:00:00+00:00, run_after=2024-08-12T10:01:00+00:00
[2024-08-12T10:01:18.074+0000] {processor.py:161} INFO - Processing /home/airflow/.local/lib/python3.7/site-packages/airflow/example_dags/example_branch_python_dop_operator_3.py took 0.067 seconds
[2024-08-12T10:01:48.775+0000] {processor.py:153} INFO - Started process (PID=619) to work on /home/airflow/.local/lib/python3.7/site-packages/airflow/example_dags/example_branch_python_dop_operator_3.py
[2024-08-12T10:01:48.776+0000] {processor.py:640} INFO - Processing file /home/airflow/.local/lib/python3.7/site-packages/airflow/example_dags/example_branch_python_dop_operator_3.py for tasks to queue
[2024-08-12T10:01:48.777+0000] {logging_mixin.py:115} INFO - [2024-08-12T10:01:48.777+0000] {dagbag.py:508} INFO - Filling up the DagBag from /home/airflow/.local/lib/python3.7/site-packages/airflow/example_dags/example_branch_python_dop_operator_3.py
[2024-08-12T10:01:48.786+0000] {processor.py:650} INFO - DAG(s) dict_keys(['example_branch_dop_operator_v3']) retrieved from /home/airflow/.local/lib/python3.7/site-packages/airflow/example_dags/example_branch_python_dop_operator_3.py
[2024-08-12T10:01:48.807+0000] {logging_mixin.py:115} INFO - [2024-08-12T10:01:48.807+0000] {dag.py:2429} INFO - Sync 1 DAGs
[2024-08-12T10:01:48.830+0000] {logging_mixin.py:115} INFO - [2024-08-12T10:01:48.830+0000] {dag.py:2981} INFO - Setting next_dagrun for example_branch_dop_operator_v3 to 2024-08-12T10:00:00+00:00, run_after=2024-08-12T10:01:00+00:00
[2024-08-12T10:01:48.841+0000] {processor.py:161} INFO - Processing /home/airflow/.local/lib/python3.7/site-packages/airflow/example_dags/example_branch_python_dop_operator_3.py took 0.068 seconds
[2024-08-12T10:02:19.549+0000] {processor.py:153} INFO - Started process (PID=682) to work on /home/airflow/.local/lib/python3.7/site-packages/airflow/example_dags/example_branch_python_dop_operator_3.py
[2024-08-12T10:02:19.550+0000] {processor.py:640} INFO - Processing file /home/airflow/.local/lib/python3.7/site-packages/airflow/example_dags/example_branch_python_dop_operator_3.py for tasks to queue
[2024-08-12T10:02:19.551+0000] {logging_mixin.py:115} INFO - [2024-08-12T10:02:19.551+0000] {dagbag.py:508} INFO - Filling up the DagBag from /home/airflow/.local/lib/python3.7/site-packages/airflow/example_dags/example_branch_python_dop_operator_3.py
[2024-08-12T10:02:19.558+0000] {processor.py:650} INFO - DAG(s) dict_keys(['example_branch_dop_operator_v3']) retrieved from /home/airflow/.local/lib/python3.7/site-packages/airflow/example_dags/example_branch_python_dop_operator_3.py
[2024-08-12T10:02:19.579+0000] {logging_mixin.py:115} INFO - [2024-08-12T10:02:19.579+0000] {dag.py:2429} INFO - Sync 1 DAGs
[2024-08-12T10:02:19.601+0000] {logging_mixin.py:115} INFO - [2024-08-12T10:02:19.601+0000] {dag.py:2981} INFO - Setting next_dagrun for example_branch_dop_operator_v3 to 2024-08-12T10:01:00+00:00, run_after=2024-08-12T10:02:00+00:00
[2024-08-12T10:02:19.613+0000] {processor.py:161} INFO - Processing /home/airflow/.local/lib/python3.7/site-packages/airflow/example_dags/example_branch_python_dop_operator_3.py took 0.067 seconds
[2024-08-12T10:02:50.426+0000] {processor.py:153} INFO - Started process (PID=745) to work on /home/airflow/.local/lib/python3.7/site-packages/airflow/example_dags/example_branch_python_dop_operator_3.py
[2024-08-12T10:02:50.427+0000] {processor.py:640} INFO - Processing file /home/airflow/.local/lib/python3.7/site-packages/airflow/example_dags/example_branch_python_dop_operator_3.py for tasks to queue
[2024-08-12T10:02:50.428+0000] {logging_mixin.py:115} INFO - [2024-08-12T10:02:50.428+0000] {dagbag.py:508} INFO - Filling up the DagBag from /home/airflow/.local/lib/python3.7/site-packages/airflow/example_dags/example_branch_python_dop_operator_3.py
[2024-08-12T10:02:50.436+0000] {processor.py:650} INFO - DAG(s) dict_keys(['example_branch_dop_operator_v3']) retrieved from /home/airflow/.local/lib/python3.7/site-packages/airflow/example_dags/example_branch_python_dop_operator_3.py
[2024-08-12T10:02:50.457+0000] {logging_mixin.py:115} INFO - [2024-08-12T10:02:50.456+0000] {dag.py:2429} INFO - Sync 1 DAGs
[2024-08-12T10:02:50.479+0000] {logging_mixin.py:115} INFO - [2024-08-12T10:02:50.479+0000] {dag.py:2981} INFO - Setting next_dagrun for example_branch_dop_operator_v3 to 2024-08-12T10:01:00+00:00, run_after=2024-08-12T10:02:00+00:00
[2024-08-12T10:02:50.492+0000] {processor.py:161} INFO - Processing /home/airflow/.local/lib/python3.7/site-packages/airflow/example_dags/example_branch_python_dop_operator_3.py took 0.068 seconds
[2024-08-12T10:03:21.273+0000] {processor.py:153} INFO - Started process (PID=808) to work on /home/airflow/.local/lib/python3.7/site-packages/airflow/example_dags/example_branch_python_dop_operator_3.py
[2024-08-12T10:03:21.274+0000] {processor.py:640} INFO - Processing file /home/airflow/.local/lib/python3.7/site-packages/airflow/example_dags/example_branch_python_dop_operator_3.py for tasks to queue
[2024-08-12T10:03:21.274+0000] {logging_mixin.py:115} INFO - [2024-08-12T10:03:21.274+0000] {dagbag.py:508} INFO - Filling up the DagBag from /home/airflow/.local/lib/python3.7/site-packages/airflow/example_dags/example_branch_python_dop_operator_3.py
[2024-08-12T10:03:21.282+0000] {processor.py:650} INFO - DAG(s) dict_keys(['example_branch_dop_operator_v3']) retrieved from /home/airflow/.local/lib/python3.7/site-packages/airflow/example_dags/example_branch_python_dop_operator_3.py
[2024-08-12T10:03:21.304+0000] {logging_mixin.py:115} INFO - [2024-08-12T10:03:21.304+0000] {dag.py:2429} INFO - Sync 1 DAGs
[2024-08-12T10:03:21.326+0000] {logging_mixin.py:115} INFO - [2024-08-12T10:03:21.326+0000] {dag.py:2981} INFO - Setting next_dagrun for example_branch_dop_operator_v3 to 2024-08-12T10:02:00+00:00, run_after=2024-08-12T10:03:00+00:00
[2024-08-12T10:03:21.339+0000] {processor.py:161} INFO - Processing /home/airflow/.local/lib/python3.7/site-packages/airflow/example_dags/example_branch_python_dop_operator_3.py took 0.069 seconds
[2024-08-12T10:03:52.210+0000] {processor.py:153} INFO - Started process (PID=862) to work on /home/airflow/.local/lib/python3.7/site-packages/airflow/example_dags/example_branch_python_dop_operator_3.py
[2024-08-12T10:03:52.210+0000] {processor.py:640} INFO - Processing file /home/airflow/.local/lib/python3.7/site-packages/airflow/example_dags/example_branch_python_dop_operator_3.py for tasks to queue
[2024-08-12T10:03:52.211+0000] {logging_mixin.py:115} INFO - [2024-08-12T10:03:52.211+0000] {dagbag.py:508} INFO - Filling up the DagBag from /home/airflow/.local/lib/python3.7/site-packages/airflow/example_dags/example_branch_python_dop_operator_3.py
[2024-08-12T10:03:52.219+0000] {processor.py:650} INFO - DAG(s) dict_keys(['example_branch_dop_operator_v3']) retrieved from /home/airflow/.local/lib/python3.7/site-packages/airflow/example_dags/example_branch_python_dop_operator_3.py
[2024-08-12T10:03:52.239+0000] {logging_mixin.py:115} INFO - [2024-08-12T10:03:52.238+0000] {dag.py:2429} INFO - Sync 1 DAGs
[2024-08-12T10:03:52.261+0000] {logging_mixin.py:115} INFO - [2024-08-12T10:03:52.260+0000] {dag.py:2981} INFO - Setting next_dagrun for example_branch_dop_operator_v3 to 2024-08-12T10:02:00+00:00, run_after=2024-08-12T10:03:00+00:00
[2024-08-12T10:03:52.272+0000] {processor.py:161} INFO - Processing /home/airflow/.local/lib/python3.7/site-packages/airflow/example_dags/example_branch_python_dop_operator_3.py took 0.065 seconds
[2024-08-12T10:04:23.005+0000] {processor.py:153} INFO - Started process (PID=925) to work on /home/airflow/.local/lib/python3.7/site-packages/airflow/example_dags/example_branch_python_dop_operator_3.py
[2024-08-12T10:04:23.006+0000] {processor.py:640} INFO - Processing file /home/airflow/.local/lib/python3.7/site-packages/airflow/example_dags/example_branch_python_dop_operator_3.py for tasks to queue
[2024-08-12T10:04:23.006+0000] {logging_mixin.py:115} INFO - [2024-08-12T10:04:23.006+0000] {dagbag.py:508} INFO - Filling up the DagBag from /home/airflow/.local/lib/python3.7/site-packages/airflow/example_dags/example_branch_python_dop_operator_3.py
[2024-08-12T10:04:23.015+0000] {processor.py:650} INFO - DAG(s) dict_keys(['example_branch_dop_operator_v3']) retrieved from /home/airflow/.local/lib/python3.7/site-packages/airflow/example_dags/example_branch_python_dop_operator_3.py
[2024-08-12T10:04:23.036+0000] {logging_mixin.py:115} INFO - [2024-08-12T10:04:23.036+0000] {dag.py:2429} INFO - Sync 1 DAGs
[2024-08-12T10:04:23.058+0000] {logging_mixin.py:115} INFO - [2024-08-12T10:04:23.058+0000] {dag.py:2981} INFO - Setting next_dagrun for example_branch_dop_operator_v3 to 2024-08-12T10:03:00+00:00, run_after=2024-08-12T10:04:00+00:00
[2024-08-12T10:04:23.071+0000] {processor.py:161} INFO - Processing /home/airflow/.local/lib/python3.7/site-packages/airflow/example_dags/example_branch_python_dop_operator_3.py took 0.068 seconds
[2024-08-12T10:04:53.798+0000] {processor.py:153} INFO - Started process (PID=988) to work on /home/airflow/.local/lib/python3.7/site-packages/airflow/example_dags/example_branch_python_dop_operator_3.py
[2024-08-12T10:04:53.799+0000] {processor.py:640} INFO - Processing file /home/airflow/.local/lib/python3.7/site-packages/airflow/example_dags/example_branch_python_dop_operator_3.py for tasks to queue
[2024-08-12T10:04:53.800+0000] {logging_mixin.py:115} INFO - [2024-08-12T10:04:53.800+0000] {dagbag.py:508} INFO - Filling up the DagBag from /home/airflow/.local/lib/python3.7/site-packages/airflow/example_dags/example_branch_python_dop_operator_3.py
[2024-08-12T10:04:53.807+0000] {processor.py:650} INFO - DAG(s) dict_keys(['example_branch_dop_operator_v3']) retrieved from /home/airflow/.local/lib/python3.7/site-packages/airflow/example_dags/example_branch_python_dop_operator_3.py
[2024-08-12T10:04:53.825+0000] {logging_mixin.py:115} INFO - [2024-08-12T10:04:53.825+0000] {dag.py:2429} INFO - Sync 1 DAGs
[2024-08-12T10:04:53.846+0000] {logging_mixin.py:115} INFO - [2024-08-12T10:04:53.846+0000] {dag.py:2981} INFO - Setting next_dagrun for example_branch_dop_operator_v3 to 2024-08-12T10:03:00+00:00, run_after=2024-08-12T10:04:00+00:00
[2024-08-12T10:04:53.858+0000] {processor.py:161} INFO - Processing /home/airflow/.local/lib/python3.7/site-packages/airflow/example_dags/example_branch_python_dop_operator_3.py took 0.062 seconds
[2024-08-12T10:05:24.684+0000] {processor.py:153} INFO - Started process (PID=1051) to work on /home/airflow/.local/lib/python3.7/site-packages/airflow/example_dags/example_branch_python_dop_operator_3.py
[2024-08-12T10:05:24.685+0000] {processor.py:640} INFO - Processing file /home/airflow/.local/lib/python3.7/site-packages/airflow/example_dags/example_branch_python_dop_operator_3.py for tasks to queue
[2024-08-12T10:05:24.685+0000] {logging_mixin.py:115} INFO - [2024-08-12T10:05:24.685+0000] {dagbag.py:508} INFO - Filling up the DagBag from /home/airflow/.local/lib/python3.7/site-packages/airflow/example_dags/example_branch_python_dop_operator_3.py
[2024-08-12T10:05:24.694+0000] {processor.py:650} INFO - DAG(s) dict_keys(['example_branch_dop_operator_v3']) retrieved from /home/airflow/.local/lib/python3.7/site-packages/airflow/example_dags/example_branch_python_dop_operator_3.py
[2024-08-12T10:05:24.718+0000] {logging_mixin.py:115} INFO - [2024-08-12T10:05:24.718+0000] {dag.py:2429} INFO - Sync 1 DAGs
[2024-08-12T10:05:24.742+0000] {logging_mixin.py:115} INFO - [2024-08-12T10:05:24.742+0000] {dag.py:2981} INFO - Setting next_dagrun for example_branch_dop_operator_v3 to 2024-08-12T10:04:00+00:00, run_after=2024-08-12T10:05:00+00:00
[2024-08-12T10:05:24.756+0000] {processor.py:161} INFO - Processing /home/airflow/.local/lib/python3.7/site-packages/airflow/example_dags/example_branch_python_dop_operator_3.py took 0.075 seconds
[2024-08-12T10:05:55.499+0000] {processor.py:153} INFO - Started process (PID=1105) to work on /home/airflow/.local/lib/python3.7/site-packages/airflow/example_dags/example_branch_python_dop_operator_3.py
[2024-08-12T10:05:55.500+0000] {processor.py:640} INFO - Processing file /home/airflow/.local/lib/python3.7/site-packages/airflow/example_dags/example_branch_python_dop_operator_3.py for tasks to queue
[2024-08-12T10:05:55.501+0000] {logging_mixin.py:115} INFO - [2024-08-12T10:05:55.501+0000] {dagbag.py:508} INFO - Filling up the DagBag from /home/airflow/.local/lib/python3.7/site-packages/airflow/example_dags/example_branch_python_dop_operator_3.py
[2024-08-12T10:05:55.508+0000] {processor.py:650} INFO - DAG(s) dict_keys(['example_branch_dop_operator_v3']) retrieved from /home/airflow/.local/lib/python3.7/site-packages/airflow/example_dags/example_branch_python_dop_operator_3.py
[2024-08-12T10:05:55.528+0000] {logging_mixin.py:115} INFO - [2024-08-12T10:05:55.528+0000] {dag.py:2429} INFO - Sync 1 DAGs
[2024-08-12T10:05:55.551+0000] {logging_mixin.py:115} INFO - [2024-08-12T10:05:55.550+0000] {dag.py:2981} INFO - Setting next_dagrun for example_branch_dop_operator_v3 to 2024-08-12T10:04:00+00:00, run_after=2024-08-12T10:05:00+00:00
[2024-08-12T10:05:55.565+0000] {processor.py:161} INFO - Processing /home/airflow/.local/lib/python3.7/site-packages/airflow/example_dags/example_branch_python_dop_operator_3.py took 0.069 seconds
[2024-08-12T10:06:26.252+0000] {processor.py:153} INFO - Started process (PID=1168) to work on /home/airflow/.local/lib/python3.7/site-packages/airflow/example_dags/example_branch_python_dop_operator_3.py
[2024-08-12T10:06:26.252+0000] {processor.py:640} INFO - Processing file /home/airflow/.local/lib/python3.7/site-packages/airflow/example_dags/example_branch_python_dop_operator_3.py for tasks to queue
[2024-08-12T10:06:26.253+0000] {logging_mixin.py:115} INFO - [2024-08-12T10:06:26.253+0000] {dagbag.py:508} INFO - Filling up the DagBag from /home/airflow/.local/lib/python3.7/site-packages/airflow/example_dags/example_branch_python_dop_operator_3.py
[2024-08-12T10:06:26.261+0000] {processor.py:650} INFO - DAG(s) dict_keys(['example_branch_dop_operator_v3']) retrieved from /home/airflow/.local/lib/python3.7/site-packages/airflow/example_dags/example_branch_python_dop_operator_3.py
[2024-08-12T10:06:26.280+0000] {logging_mixin.py:115} INFO - [2024-08-12T10:06:26.280+0000] {dag.py:2429} INFO - Sync 1 DAGs
[2024-08-12T10:06:26.301+0000] {logging_mixin.py:115} INFO - [2024-08-12T10:06:26.301+0000] {dag.py:2981} INFO - Setting next_dagrun for example_branch_dop_operator_v3 to 2024-08-12T10:05:00+00:00, run_after=2024-08-12T10:06:00+00:00
[2024-08-12T10:06:26.313+0000] {processor.py:161} INFO - Processing /home/airflow/.local/lib/python3.7/site-packages/airflow/example_dags/example_branch_python_dop_operator_3.py took 0.064 seconds
[2024-08-12T10:06:57.266+0000] {processor.py:153} INFO - Started process (PID=1231) to work on /home/airflow/.local/lib/python3.7/site-packages/airflow/example_dags/example_branch_python_dop_operator_3.py
[2024-08-12T10:06:57.267+0000] {processor.py:640} INFO - Processing file /home/airflow/.local/lib/python3.7/site-packages/airflow/example_dags/example_branch_python_dop_operator_3.py for tasks to queue
[2024-08-12T10:06:57.267+0000] {logging_mixin.py:115} INFO - [2024-08-12T10:06:57.267+0000] {dagbag.py:508} INFO - Filling up the DagBag from /home/airflow/.local/lib/python3.7/site-packages/airflow/example_dags/example_branch_python_dop_operator_3.py
[2024-08-12T10:06:57.275+0000] {processor.py:650} INFO - DAG(s) dict_keys(['example_branch_dop_operator_v3']) retrieved from /home/airflow/.local/lib/python3.7/site-packages/airflow/example_dags/example_branch_python_dop_operator_3.py
[2024-08-12T10:06:57.298+0000] {logging_mixin.py:115} INFO - [2024-08-12T10:06:57.297+0000] {dag.py:2429} INFO - Sync 1 DAGs
[2024-08-12T10:06:57.320+0000] {logging_mixin.py:115} INFO - [2024-08-12T10:06:57.319+0000] {dag.py:2981} INFO - Setting next_dagrun for example_branch_dop_operator_v3 to 2024-08-12T10:05:00+00:00, run_after=2024-08-12T10:06:00+00:00
[2024-08-12T10:06:57.330+0000] {processor.py:161} INFO - Processing /home/airflow/.local/lib/python3.7/site-packages/airflow/example_dags/example_branch_python_dop_operator_3.py took 0.067 seconds
[2024-08-12T10:07:27.615+0000] {processor.py:153} INFO - Started process (PID=1292) to work on /home/airflow/.local/lib/python3.7/site-packages/airflow/example_dags/example_branch_python_dop_operator_3.py
[2024-08-12T10:07:27.616+0000] {processor.py:640} INFO - Processing file /home/airflow/.local/lib/python3.7/site-packages/airflow/example_dags/example_branch_python_dop_operator_3.py for tasks to queue
[2024-08-12T10:07:27.616+0000] {logging_mixin.py:115} INFO - [2024-08-12T10:07:27.616+0000] {dagbag.py:508} INFO - Filling up the DagBag from /home/airflow/.local/lib/python3.7/site-packages/airflow/example_dags/example_branch_python_dop_operator_3.py
[2024-08-12T10:07:27.624+0000] {processor.py:650} INFO - DAG(s) dict_keys(['example_branch_dop_operator_v3']) retrieved from /home/airflow/.local/lib/python3.7/site-packages/airflow/example_dags/example_branch_python_dop_operator_3.py
[2024-08-12T10:07:27.646+0000] {logging_mixin.py:115} INFO - [2024-08-12T10:07:27.646+0000] {dag.py:2429} INFO - Sync 1 DAGs
[2024-08-12T10:07:27.670+0000] {logging_mixin.py:115} INFO - [2024-08-12T10:07:27.669+0000] {dag.py:2981} INFO - Setting next_dagrun for example_branch_dop_operator_v3 to 2024-08-12T10:06:00+00:00, run_after=2024-08-12T10:07:00+00:00
[2024-08-12T10:07:27.682+0000] {processor.py:161} INFO - Processing /home/airflow/.local/lib/python3.7/site-packages/airflow/example_dags/example_branch_python_dop_operator_3.py took 0.070 seconds
[2024-08-12T10:07:58.500+0000] {processor.py:153} INFO - Started process (PID=1348) to work on /home/airflow/.local/lib/python3.7/site-packages/airflow/example_dags/example_branch_python_dop_operator_3.py
[2024-08-12T10:07:58.501+0000] {processor.py:640} INFO - Processing file /home/airflow/.local/lib/python3.7/site-packages/airflow/example_dags/example_branch_python_dop_operator_3.py for tasks to queue
[2024-08-12T10:07:58.501+0000] {logging_mixin.py:115} INFO - [2024-08-12T10:07:58.501+0000] {dagbag.py:508} INFO - Filling up the DagBag from /home/airflow/.local/lib/python3.7/site-packages/airflow/example_dags/example_branch_python_dop_operator_3.py
[2024-08-12T10:07:58.509+0000] {processor.py:650} INFO - DAG(s) dict_keys(['example_branch_dop_operator_v3']) retrieved from /home/airflow/.local/lib/python3.7/site-packages/airflow/example_dags/example_branch_python_dop_operator_3.py
[2024-08-12T10:07:58.529+0000] {logging_mixin.py:115} INFO - [2024-08-12T10:07:58.529+0000] {dag.py:2429} INFO - Sync 1 DAGs
[2024-08-12T10:07:58.551+0000] {logging_mixin.py:115} INFO - [2024-08-12T10:07:58.551+0000] {dag.py:2981} INFO - Setting next_dagrun for example_branch_dop_operator_v3 to 2024-08-12T10:06:00+00:00, run_after=2024-08-12T10:07:00+00:00
[2024-08-12T10:07:58.563+0000] {processor.py:161} INFO - Processing /home/airflow/.local/lib/python3.7/site-packages/airflow/example_dags/example_branch_python_dop_operator_3.py took 0.066 seconds
[2024-08-12T10:08:29.237+0000] {processor.py:153} INFO - Started process (PID=1411) to work on /home/airflow/.local/lib/python3.7/site-packages/airflow/example_dags/example_branch_python_dop_operator_3.py
[2024-08-12T10:08:29.237+0000] {processor.py:640} INFO - Processing file /home/airflow/.local/lib/python3.7/site-packages/airflow/example_dags/example_branch_python_dop_operator_3.py for tasks to queue
[2024-08-12T10:08:29.238+0000] {logging_mixin.py:115} INFO - [2024-08-12T10:08:29.238+0000] {dagbag.py:508} INFO - Filling up the DagBag from /home/airflow/.local/lib/python3.7/site-packages/airflow/example_dags/example_branch_python_dop_operator_3.py
[2024-08-12T10:08:29.245+0000] {processor.py:650} INFO - DAG(s) dict_keys(['example_branch_dop_operator_v3']) retrieved from /home/airflow/.local/lib/python3.7/site-packages/airflow/example_dags/example_branch_python_dop_operator_3.py
[2024-08-12T10:08:29.266+0000] {logging_mixin.py:115} INFO - [2024-08-12T10:08:29.266+0000] {dag.py:2429} INFO - Sync 1 DAGs
[2024-08-12T10:08:29.287+0000] {logging_mixin.py:115} INFO - [2024-08-12T10:08:29.287+0000] {dag.py:2981} INFO - Setting next_dagrun for example_branch_dop_operator_v3 to 2024-08-12T10:07:00+00:00, run_after=2024-08-12T10:08:00+00:00
[2024-08-12T10:08:29.300+0000] {processor.py:161} INFO - Processing /home/airflow/.local/lib/python3.7/site-packages/airflow/example_dags/example_branch_python_dop_operator_3.py took 0.066 seconds
[2024-08-12T10:09:00.039+0000] {processor.py:153} INFO - Started process (PID=1474) to work on /home/airflow/.local/lib/python3.7/site-packages/airflow/example_dags/example_branch_python_dop_operator_3.py
[2024-08-12T10:09:00.040+0000] {processor.py:640} INFO - Processing file /home/airflow/.local/lib/python3.7/site-packages/airflow/example_dags/example_branch_python_dop_operator_3.py for tasks to queue
[2024-08-12T10:09:00.041+0000] {logging_mixin.py:115} INFO - [2024-08-12T10:09:00.040+0000] {dagbag.py:508} INFO - Filling up the DagBag from /home/airflow/.local/lib/python3.7/site-packages/airflow/example_dags/example_branch_python_dop_operator_3.py
[2024-08-12T10:09:00.049+0000] {processor.py:650} INFO - DAG(s) dict_keys(['example_branch_dop_operator_v3']) retrieved from /home/airflow/.local/lib/python3.7/site-packages/airflow/example_dags/example_branch_python_dop_operator_3.py
[2024-08-12T10:09:00.070+0000] {logging_mixin.py:115} INFO - [2024-08-12T10:09:00.070+0000] {dag.py:2429} INFO - Sync 1 DAGs
[2024-08-12T10:09:00.092+0000] {logging_mixin.py:115} INFO - [2024-08-12T10:09:00.091+0000] {dag.py:2981} INFO - Setting next_dagrun for example_branch_dop_operator_v3 to 2024-08-12T10:08:00+00:00, run_after=2024-08-12T10:09:00+00:00
[2024-08-12T10:09:00.104+0000] {processor.py:161} INFO - Processing /home/airflow/.local/lib/python3.7/site-packages/airflow/example_dags/example_branch_python_dop_operator_3.py took 0.068 seconds
[2024-08-12T10:09:30.746+0000] {processor.py:153} INFO - Started process (PID=1528) to work on /home/airflow/.local/lib/python3.7/site-packages/airflow/example_dags/example_branch_python_dop_operator_3.py
[2024-08-12T10:09:30.747+0000] {processor.py:640} INFO - Processing file /home/airflow/.local/lib/python3.7/site-packages/airflow/example_dags/example_branch_python_dop_operator_3.py for tasks to queue
[2024-08-12T10:09:30.747+0000] {logging_mixin.py:115} INFO - [2024-08-12T10:09:30.747+0000] {dagbag.py:508} INFO - Filling up the DagBag from /home/airflow/.local/lib/python3.7/site-packages/airflow/example_dags/example_branch_python_dop_operator_3.py
[2024-08-12T10:09:30.755+0000] {processor.py:650} INFO - DAG(s) dict_keys(['example_branch_dop_operator_v3']) retrieved from /home/airflow/.local/lib/python3.7/site-packages/airflow/example_dags/example_branch_python_dop_operator_3.py
[2024-08-12T10:09:30.779+0000] {logging_mixin.py:115} INFO - [2024-08-12T10:09:30.778+0000] {dag.py:2429} INFO - Sync 1 DAGs
[2024-08-12T10:09:30.802+0000] {logging_mixin.py:115} INFO - [2024-08-12T10:09:30.801+0000] {dag.py:2981} INFO - Setting next_dagrun for example_branch_dop_operator_v3 to 2024-08-12T10:08:00+00:00, run_after=2024-08-12T10:09:00+00:00
[2024-08-12T10:09:30.813+0000] {processor.py:161} INFO - Processing /home/airflow/.local/lib/python3.7/site-packages/airflow/example_dags/example_branch_python_dop_operator_3.py took 0.070 seconds
[2024-08-12T10:10:01.489+0000] {processor.py:153} INFO - Started process (PID=1591) to work on /home/airflow/.local/lib/python3.7/site-packages/airflow/example_dags/example_branch_python_dop_operator_3.py
[2024-08-12T10:10:01.489+0000] {processor.py:640} INFO - Processing file /home/airflow/.local/lib/python3.7/site-packages/airflow/example_dags/example_branch_python_dop_operator_3.py for tasks to queue
[2024-08-12T10:10:01.490+0000] {logging_mixin.py:115} INFO - [2024-08-12T10:10:01.489+0000] {dagbag.py:508} INFO - Filling up the DagBag from /home/airflow/.local/lib/python3.7/site-packages/airflow/example_dags/example_branch_python_dop_operator_3.py
[2024-08-12T10:10:01.498+0000] {processor.py:650} INFO - DAG(s) dict_keys(['example_branch_dop_operator_v3']) retrieved from /home/airflow/.local/lib/python3.7/site-packages/airflow/example_dags/example_branch_python_dop_operator_3.py
[2024-08-12T10:10:01.518+0000] {logging_mixin.py:115} INFO - [2024-08-12T10:10:01.518+0000] {dag.py:2429} INFO - Sync 1 DAGs
[2024-08-12T10:10:01.540+0000] {logging_mixin.py:115} INFO - [2024-08-12T10:10:01.539+0000] {dag.py:2981} INFO - Setting next_dagrun for example_branch_dop_operator_v3 to 2024-08-12T10:09:00+00:00, run_after=2024-08-12T10:10:00+00:00
[2024-08-12T10:10:01.552+0000] {processor.py:161} INFO - Processing /home/airflow/.local/lib/python3.7/site-packages/airflow/example_dags/example_branch_python_dop_operator_3.py took 0.066 seconds
[2024-08-12T10:10:32.290+0000] {processor.py:153} INFO - Started process (PID=1654) to work on /home/airflow/.local/lib/python3.7/site-packages/airflow/example_dags/example_branch_python_dop_operator_3.py
[2024-08-12T10:10:32.291+0000] {processor.py:640} INFO - Processing file /home/airflow/.local/lib/python3.7/site-packages/airflow/example_dags/example_branch_python_dop_operator_3.py for tasks to queue
[2024-08-12T10:10:32.292+0000] {logging_mixin.py:115} INFO - [2024-08-12T10:10:32.292+0000] {dagbag.py:508} INFO - Filling up the DagBag from /home/airflow/.local/lib/python3.7/site-packages/airflow/example_dags/example_branch_python_dop_operator_3.py
[2024-08-12T10:10:32.300+0000] {processor.py:650} INFO - DAG(s) dict_keys(['example_branch_dop_operator_v3']) retrieved from /home/airflow/.local/lib/python3.7/site-packages/airflow/example_dags/example_branch_python_dop_operator_3.py
[2024-08-12T10:10:32.320+0000] {logging_mixin.py:115} INFO - [2024-08-12T10:10:32.320+0000] {dag.py:2429} INFO - Sync 1 DAGs
[2024-08-12T10:10:32.342+0000] {logging_mixin.py:115} INFO - [2024-08-12T10:10:32.341+0000] {dag.py:2981} INFO - Setting next_dagrun for example_branch_dop_operator_v3 to 2024-08-12T10:09:00+00:00, run_after=2024-08-12T10:10:00+00:00
[2024-08-12T10:10:32.352+0000] {processor.py:161} INFO - Processing /home/airflow/.local/lib/python3.7/site-packages/airflow/example_dags/example_branch_python_dop_operator_3.py took 0.065 seconds
[2024-08-12T10:11:03.029+0000] {processor.py:153} INFO - Started process (PID=1717) to work on /home/airflow/.local/lib/python3.7/site-packages/airflow/example_dags/example_branch_python_dop_operator_3.py
[2024-08-12T10:11:03.030+0000] {processor.py:640} INFO - Processing file /home/airflow/.local/lib/python3.7/site-packages/airflow/example_dags/example_branch_python_dop_operator_3.py for tasks to queue
[2024-08-12T10:11:03.030+0000] {logging_mixin.py:115} INFO - [2024-08-12T10:11:03.030+0000] {dagbag.py:508} INFO - Filling up the DagBag from /home/airflow/.local/lib/python3.7/site-packages/airflow/example_dags/example_branch_python_dop_operator_3.py
[2024-08-12T10:11:03.039+0000] {processor.py:650} INFO - DAG(s) dict_keys(['example_branch_dop_operator_v3']) retrieved from /home/airflow/.local/lib/python3.7/site-packages/airflow/example_dags/example_branch_python_dop_operator_3.py
[2024-08-12T10:11:03.062+0000] {logging_mixin.py:115} INFO - [2024-08-12T10:11:03.062+0000] {dag.py:2429} INFO - Sync 1 DAGs
[2024-08-12T10:11:03.085+0000] {logging_mixin.py:115} INFO - [2024-08-12T10:11:03.085+0000] {dag.py:2981} INFO - Setting next_dagrun for example_branch_dop_operator_v3 to 2024-08-12T10:10:00+00:00, run_after=2024-08-12T10:11:00+00:00
[2024-08-12T10:11:03.098+0000] {processor.py:161} INFO - Processing /home/airflow/.local/lib/python3.7/site-packages/airflow/example_dags/example_branch_python_dop_operator_3.py took 0.071 seconds
[2024-08-12T10:11:33.827+0000] {processor.py:153} INFO - Started process (PID=1771) to work on /home/airflow/.local/lib/python3.7/site-packages/airflow/example_dags/example_branch_python_dop_operator_3.py
[2024-08-12T10:11:33.827+0000] {processor.py:640} INFO - Processing file /home/airflow/.local/lib/python3.7/site-packages/airflow/example_dags/example_branch_python_dop_operator_3.py for tasks to queue
[2024-08-12T10:11:33.828+0000] {logging_mixin.py:115} INFO - [2024-08-12T10:11:33.828+0000] {dagbag.py:508} INFO - Filling up the DagBag from /home/airflow/.local/lib/python3.7/site-packages/airflow/example_dags/example_branch_python_dop_operator_3.py
[2024-08-12T10:11:33.836+0000] {processor.py:650} INFO - DAG(s) dict_keys(['example_branch_dop_operator_v3']) retrieved from /home/airflow/.local/lib/python3.7/site-packages/airflow/example_dags/example_branch_python_dop_operator_3.py
[2024-08-12T10:11:33.857+0000] {logging_mixin.py:115} INFO - [2024-08-12T10:11:33.857+0000] {dag.py:2429} INFO - Sync 1 DAGs
[2024-08-12T10:11:33.879+0000] {logging_mixin.py:115} INFO - [2024-08-12T10:11:33.879+0000] {dag.py:2981} INFO - Setting next_dagrun for example_branch_dop_operator_v3 to 2024-08-12T10:10:00+00:00, run_after=2024-08-12T10:11:00+00:00
[2024-08-12T10:11:33.891+0000] {processor.py:161} INFO - Processing /home/airflow/.local/lib/python3.7/site-packages/airflow/example_dags/example_branch_python_dop_operator_3.py took 0.068 seconds
[2024-08-12T10:12:04.539+0000] {processor.py:153} INFO - Started process (PID=1834) to work on /home/airflow/.local/lib/python3.7/site-packages/airflow/example_dags/example_branch_python_dop_operator_3.py
[2024-08-12T10:12:04.540+0000] {processor.py:640} INFO - Processing file /home/airflow/.local/lib/python3.7/site-packages/airflow/example_dags/example_branch_python_dop_operator_3.py for tasks to queue
[2024-08-12T10:12:04.540+0000] {logging_mixin.py:115} INFO - [2024-08-12T10:12:04.540+0000] {dagbag.py:508} INFO - Filling up the DagBag from /home/airflow/.local/lib/python3.7/site-packages/airflow/example_dags/example_branch_python_dop_operator_3.py
[2024-08-12T10:12:04.548+0000] {processor.py:650} INFO - DAG(s) dict_keys(['example_branch_dop_operator_v3']) retrieved from /home/airflow/.local/lib/python3.7/site-packages/airflow/example_dags/example_branch_python_dop_operator_3.py
[2024-08-12T10:12:04.566+0000] {logging_mixin.py:115} INFO - [2024-08-12T10:12:04.566+0000] {dag.py:2429} INFO - Sync 1 DAGs
[2024-08-12T10:12:04.587+0000] {logging_mixin.py:115} INFO - [2024-08-12T10:12:04.587+0000] {dag.py:2981} INFO - Setting next_dagrun for example_branch_dop_operator_v3 to 2024-08-12T10:11:00+00:00, run_after=2024-08-12T10:12:00+00:00
[2024-08-12T10:12:04.599+0000] {processor.py:161} INFO - Processing /home/airflow/.local/lib/python3.7/site-packages/airflow/example_dags/example_branch_python_dop_operator_3.py took 0.061 seconds
[2024-08-12T10:12:35.528+0000] {processor.py:153} INFO - Started process (PID=1897) to work on /home/airflow/.local/lib/python3.7/site-packages/airflow/example_dags/example_branch_python_dop_operator_3.py
[2024-08-12T10:12:35.530+0000] {processor.py:640} INFO - Processing file /home/airflow/.local/lib/python3.7/site-packages/airflow/example_dags/example_branch_python_dop_operator_3.py for tasks to queue
[2024-08-12T10:12:35.530+0000] {logging_mixin.py:115} INFO - [2024-08-12T10:12:35.530+0000] {dagbag.py:508} INFO - Filling up the DagBag from /home/airflow/.local/lib/python3.7/site-packages/airflow/example_dags/example_branch_python_dop_operator_3.py
[2024-08-12T10:12:35.538+0000] {processor.py:650} INFO - DAG(s) dict_keys(['example_branch_dop_operator_v3']) retrieved from /home/airflow/.local/lib/python3.7/site-packages/airflow/example_dags/example_branch_python_dop_operator_3.py
[2024-08-12T10:12:35.560+0000] {logging_mixin.py:115} INFO - [2024-08-12T10:12:35.560+0000] {dag.py:2429} INFO - Sync 1 DAGs
[2024-08-12T10:12:35.585+0000] {logging_mixin.py:115} INFO - [2024-08-12T10:12:35.585+0000] {dag.py:2981} INFO - Setting next_dagrun for example_branch_dop_operator_v3 to 2024-08-12T10:11:00+00:00, run_after=2024-08-12T10:12:00+00:00
[2024-08-12T10:12:35.595+0000] {processor.py:161} INFO - Processing /home/airflow/.local/lib/python3.7/site-packages/airflow/example_dags/example_branch_python_dop_operator_3.py took 0.070 seconds
[2024-08-12T10:13:06.414+0000] {processor.py:153} INFO - Started process (PID=1960) to work on /home/airflow/.local/lib/python3.7/site-packages/airflow/example_dags/example_branch_python_dop_operator_3.py
[2024-08-12T10:13:06.415+0000] {processor.py:640} INFO - Processing file /home/airflow/.local/lib/python3.7/site-packages/airflow/example_dags/example_branch_python_dop_operator_3.py for tasks to queue
[2024-08-12T10:13:06.415+0000] {logging_mixin.py:115} INFO - [2024-08-12T10:13:06.415+0000] {dagbag.py:508} INFO - Filling up the DagBag from /home/airflow/.local/lib/python3.7/site-packages/airflow/example_dags/example_branch_python_dop_operator_3.py
[2024-08-12T10:13:06.422+0000] {processor.py:650} INFO - DAG(s) dict_keys(['example_branch_dop_operator_v3']) retrieved from /home/airflow/.local/lib/python3.7/site-packages/airflow/example_dags/example_branch_python_dop_operator_3.py
[2024-08-12T10:13:06.444+0000] {logging_mixin.py:115} INFO - [2024-08-12T10:13:06.444+0000] {dag.py:2429} INFO - Sync 1 DAGs
[2024-08-12T10:13:06.468+0000] {logging_mixin.py:115} INFO - [2024-08-12T10:13:06.468+0000] {dag.py:2981} INFO - Setting next_dagrun for example_branch_dop_operator_v3 to 2024-08-12T10:12:00+00:00, run_after=2024-08-12T10:13:00+00:00
[2024-08-12T10:13:06.479+0000] {processor.py:161} INFO - Processing /home/airflow/.local/lib/python3.7/site-packages/airflow/example_dags/example_branch_python_dop_operator_3.py took 0.068 seconds
[2024-08-12T10:13:37.060+0000] {processor.py:153} INFO - Started process (PID=2014) to work on /home/airflow/.local/lib/python3.7/site-packages/airflow/example_dags/example_branch_python_dop_operator_3.py
[2024-08-12T10:13:37.061+0000] {processor.py:640} INFO - Processing file /home/airflow/.local/lib/python3.7/site-packages/airflow/example_dags/example_branch_python_dop_operator_3.py for tasks to queue
[2024-08-12T10:13:37.061+0000] {logging_mixin.py:115} INFO - [2024-08-12T10:13:37.061+0000] {dagbag.py:508} INFO - Filling up the DagBag from /home/airflow/.local/lib/python3.7/site-packages/airflow/example_dags/example_branch_python_dop_operator_3.py
[2024-08-12T10:13:37.069+0000] {processor.py:650} INFO - DAG(s) dict_keys(['example_branch_dop_operator_v3']) retrieved from /home/airflow/.local/lib/python3.7/site-packages/airflow/example_dags/example_branch_python_dop_operator_3.py
[2024-08-12T10:13:37.089+0000] {logging_mixin.py:115} INFO - [2024-08-12T10:13:37.089+0000] {dag.py:2429} INFO - Sync 1 DAGs
[2024-08-12T10:13:37.112+0000] {logging_mixin.py:115} INFO - [2024-08-12T10:13:37.112+0000] {dag.py:2981} INFO - Setting next_dagrun for example_branch_dop_operator_v3 to 2024-08-12T10:12:00+00:00, run_after=2024-08-12T10:13:00+00:00
[2024-08-12T10:13:37.123+0000] {processor.py:161} INFO - Processing /home/airflow/.local/lib/python3.7/site-packages/airflow/example_dags/example_branch_python_dop_operator_3.py took 0.065 seconds
[2024-08-12T10:14:08.055+0000] {processor.py:153} INFO - Started process (PID=2077) to work on /home/airflow/.local/lib/python3.7/site-packages/airflow/example_dags/example_branch_python_dop_operator_3.py
[2024-08-12T10:14:08.056+0000] {processor.py:640} INFO - Processing file /home/airflow/.local/lib/python3.7/site-packages/airflow/example_dags/example_branch_python_dop_operator_3.py for tasks to queue
[2024-08-12T10:14:08.056+0000] {logging_mixin.py:115} INFO - [2024-08-12T10:14:08.056+0000] {dagbag.py:508} INFO - Filling up the DagBag from /home/airflow/.local/lib/python3.7/site-packages/airflow/example_dags/example_branch_python_dop_operator_3.py
[2024-08-12T10:14:08.064+0000] {processor.py:650} INFO - DAG(s) dict_keys(['example_branch_dop_operator_v3']) retrieved from /home/airflow/.local/lib/python3.7/site-packages/airflow/example_dags/example_branch_python_dop_operator_3.py
[2024-08-12T10:14:08.085+0000] {logging_mixin.py:115} INFO - [2024-08-12T10:14:08.085+0000] {dag.py:2429} INFO - Sync 1 DAGs
[2024-08-12T10:14:08.110+0000] {logging_mixin.py:115} INFO - [2024-08-12T10:14:08.110+0000] {dag.py:2981} INFO - Setting next_dagrun for example_branch_dop_operator_v3 to 2024-08-12T10:13:00+00:00, run_after=2024-08-12T10:14:00+00:00
[2024-08-12T10:14:08.121+0000] {processor.py:161} INFO - Processing /home/airflow/.local/lib/python3.7/site-packages/airflow/example_dags/example_branch_python_dop_operator_3.py took 0.068 seconds
