[2024-08-12T08:27:07.146+0000] {processor.py:153} INFO - Started process (PID=69) to work on /home/airflow/.local/lib/python3.7/site-packages/airflow/example_dags/example_time_delta_sensor_async.py
[2024-08-12T08:27:07.147+0000] {processor.py:640} INFO - Processing file /home/airflow/.local/lib/python3.7/site-packages/airflow/example_dags/example_time_delta_sensor_async.py for tasks to queue
[2024-08-12T08:27:07.147+0000] {logging_mixin.py:115} INFO - [2024-08-12T08:27:07.147+0000] {dagbag.py:508} INFO - Filling up the DagBag from /home/airflow/.local/lib/python3.7/site-packages/airflow/example_dags/example_time_delta_sensor_async.py
[2024-08-12T08:27:07.153+0000] {processor.py:650} INFO - DAG(s) dict_keys(['example_time_delta_sensor_async']) retrieved from /home/airflow/.local/lib/python3.7/site-packages/airflow/example_dags/example_time_delta_sensor_async.py
[2024-08-12T08:27:07.416+0000] {logging_mixin.py:115} INFO - [2024-08-12T08:27:07.415+0000] {manager.py:508} INFO - Created Permission View: can edit on DAG:example_time_delta_sensor_async
[2024-08-12T08:27:07.429+0000] {logging_mixin.py:115} INFO - [2024-08-12T08:27:07.429+0000] {manager.py:508} INFO - Created Permission View: can read on DAG:example_time_delta_sensor_async
[2024-08-12T08:27:07.441+0000] {logging_mixin.py:115} INFO - [2024-08-12T08:27:07.441+0000] {manager.py:508} INFO - Created Permission View: can delete on DAG:example_time_delta_sensor_async
[2024-08-12T08:27:07.442+0000] {logging_mixin.py:115} INFO - [2024-08-12T08:27:07.441+0000] {dag.py:2429} INFO - Sync 1 DAGs
[2024-08-12T08:27:07.452+0000] {logging_mixin.py:115} INFO - [2024-08-12T08:27:07.451+0000] {dag.py:2448} INFO - Creating ORM DAG for example_time_delta_sensor_async
[2024-08-12T08:27:07.466+0000] {logging_mixin.py:115} INFO - [2024-08-12T08:27:07.466+0000] {dag.py:2981} INFO - Setting next_dagrun for example_time_delta_sensor_async to None, run_after=None
[2024-08-12T08:27:07.486+0000] {processor.py:161} INFO - Processing /home/airflow/.local/lib/python3.7/site-packages/airflow/example_dags/example_time_delta_sensor_async.py took 0.343 seconds
[2024-08-12T08:27:38.083+0000] {processor.py:153} INFO - Started process (PID=121) to work on /home/airflow/.local/lib/python3.7/site-packages/airflow/example_dags/example_time_delta_sensor_async.py
[2024-08-12T08:27:38.084+0000] {processor.py:640} INFO - Processing file /home/airflow/.local/lib/python3.7/site-packages/airflow/example_dags/example_time_delta_sensor_async.py for tasks to queue
[2024-08-12T08:27:38.085+0000] {logging_mixin.py:115} INFO - [2024-08-12T08:27:38.084+0000] {dagbag.py:508} INFO - Filling up the DagBag from /home/airflow/.local/lib/python3.7/site-packages/airflow/example_dags/example_time_delta_sensor_async.py
[2024-08-12T08:27:38.088+0000] {processor.py:650} INFO - DAG(s) dict_keys(['example_time_delta_sensor_async']) retrieved from /home/airflow/.local/lib/python3.7/site-packages/airflow/example_dags/example_time_delta_sensor_async.py
[2024-08-12T08:27:38.236+0000] {logging_mixin.py:115} INFO - [2024-08-12T08:27:38.236+0000] {dag.py:2429} INFO - Sync 1 DAGs
[2024-08-12T08:27:38.254+0000] {logging_mixin.py:115} INFO - [2024-08-12T08:27:38.254+0000] {dag.py:2981} INFO - Setting next_dagrun for example_time_delta_sensor_async to None, run_after=None
[2024-08-12T08:27:38.265+0000] {processor.py:161} INFO - Processing /home/airflow/.local/lib/python3.7/site-packages/airflow/example_dags/example_time_delta_sensor_async.py took 0.184 seconds
[2024-08-12T08:28:08.803+0000] {processor.py:153} INFO - Started process (PID=182) to work on /home/airflow/.local/lib/python3.7/site-packages/airflow/example_dags/example_time_delta_sensor_async.py
[2024-08-12T08:28:08.804+0000] {processor.py:640} INFO - Processing file /home/airflow/.local/lib/python3.7/site-packages/airflow/example_dags/example_time_delta_sensor_async.py for tasks to queue
[2024-08-12T08:28:08.804+0000] {logging_mixin.py:115} INFO - [2024-08-12T08:28:08.804+0000] {dagbag.py:508} INFO - Filling up the DagBag from /home/airflow/.local/lib/python3.7/site-packages/airflow/example_dags/example_time_delta_sensor_async.py
[2024-08-12T08:28:08.808+0000] {processor.py:650} INFO - DAG(s) dict_keys(['example_time_delta_sensor_async']) retrieved from /home/airflow/.local/lib/python3.7/site-packages/airflow/example_dags/example_time_delta_sensor_async.py
[2024-08-12T08:28:08.962+0000] {logging_mixin.py:115} INFO - [2024-08-12T08:28:08.962+0000] {dag.py:2429} INFO - Sync 1 DAGs
[2024-08-12T08:28:08.983+0000] {logging_mixin.py:115} INFO - [2024-08-12T08:28:08.983+0000] {dag.py:2981} INFO - Setting next_dagrun for example_time_delta_sensor_async to None, run_after=None
[2024-08-12T08:28:08.995+0000] {processor.py:161} INFO - Processing /home/airflow/.local/lib/python3.7/site-packages/airflow/example_dags/example_time_delta_sensor_async.py took 0.194 seconds
[2024-08-12T09:57:11.534+0000] {processor.py:153} INFO - Started process (PID=71) to work on /home/airflow/.local/lib/python3.7/site-packages/airflow/example_dags/example_time_delta_sensor_async.py
[2024-08-12T09:57:11.535+0000] {processor.py:640} INFO - Processing file /home/airflow/.local/lib/python3.7/site-packages/airflow/example_dags/example_time_delta_sensor_async.py for tasks to queue
[2024-08-12T09:57:11.535+0000] {logging_mixin.py:115} INFO - [2024-08-12T09:57:11.535+0000] {dagbag.py:508} INFO - Filling up the DagBag from /home/airflow/.local/lib/python3.7/site-packages/airflow/example_dags/example_time_delta_sensor_async.py
[2024-08-12T09:57:11.542+0000] {processor.py:650} INFO - DAG(s) dict_keys(['example_time_delta_sensor_async']) retrieved from /home/airflow/.local/lib/python3.7/site-packages/airflow/example_dags/example_time_delta_sensor_async.py
[2024-08-12T09:57:11.717+0000] {logging_mixin.py:115} INFO - [2024-08-12T09:57:11.717+0000] {dag.py:2429} INFO - Sync 1 DAGs
[2024-08-12T09:57:11.739+0000] {logging_mixin.py:115} INFO - [2024-08-12T09:57:11.739+0000] {dag.py:2981} INFO - Setting next_dagrun for example_time_delta_sensor_async to None, run_after=None
[2024-08-12T09:57:11.751+0000] {processor.py:161} INFO - Processing /home/airflow/.local/lib/python3.7/site-packages/airflow/example_dags/example_time_delta_sensor_async.py took 0.220 seconds
[2024-08-12T09:57:42.202+0000] {processor.py:153} INFO - Started process (PID=126) to work on /home/airflow/.local/lib/python3.7/site-packages/airflow/example_dags/example_time_delta_sensor_async.py
[2024-08-12T09:57:42.203+0000] {processor.py:640} INFO - Processing file /home/airflow/.local/lib/python3.7/site-packages/airflow/example_dags/example_time_delta_sensor_async.py for tasks to queue
[2024-08-12T09:57:42.204+0000] {logging_mixin.py:115} INFO - [2024-08-12T09:57:42.204+0000] {dagbag.py:508} INFO - Filling up the DagBag from /home/airflow/.local/lib/python3.7/site-packages/airflow/example_dags/example_time_delta_sensor_async.py
[2024-08-12T09:57:42.208+0000] {processor.py:650} INFO - DAG(s) dict_keys(['example_time_delta_sensor_async']) retrieved from /home/airflow/.local/lib/python3.7/site-packages/airflow/example_dags/example_time_delta_sensor_async.py
[2024-08-12T09:57:42.388+0000] {logging_mixin.py:115} INFO - [2024-08-12T09:57:42.388+0000] {dag.py:2429} INFO - Sync 1 DAGs
[2024-08-12T09:57:42.408+0000] {logging_mixin.py:115} INFO - [2024-08-12T09:57:42.408+0000] {dag.py:2981} INFO - Setting next_dagrun for example_time_delta_sensor_async to None, run_after=None
[2024-08-12T09:57:42.419+0000] {processor.py:161} INFO - Processing /home/airflow/.local/lib/python3.7/site-packages/airflow/example_dags/example_time_delta_sensor_async.py took 0.221 seconds
[2024-08-12T09:58:13.064+0000] {processor.py:153} INFO - Started process (PID=189) to work on /home/airflow/.local/lib/python3.7/site-packages/airflow/example_dags/example_time_delta_sensor_async.py
[2024-08-12T09:58:13.065+0000] {processor.py:640} INFO - Processing file /home/airflow/.local/lib/python3.7/site-packages/airflow/example_dags/example_time_delta_sensor_async.py for tasks to queue
[2024-08-12T09:58:13.066+0000] {logging_mixin.py:115} INFO - [2024-08-12T09:58:13.066+0000] {dagbag.py:508} INFO - Filling up the DagBag from /home/airflow/.local/lib/python3.7/site-packages/airflow/example_dags/example_time_delta_sensor_async.py
[2024-08-12T09:58:13.069+0000] {processor.py:650} INFO - DAG(s) dict_keys(['example_time_delta_sensor_async']) retrieved from /home/airflow/.local/lib/python3.7/site-packages/airflow/example_dags/example_time_delta_sensor_async.py
[2024-08-12T09:58:13.224+0000] {logging_mixin.py:115} INFO - [2024-08-12T09:58:13.224+0000] {dag.py:2429} INFO - Sync 1 DAGs
[2024-08-12T09:58:13.243+0000] {logging_mixin.py:115} INFO - [2024-08-12T09:58:13.243+0000] {dag.py:2981} INFO - Setting next_dagrun for example_time_delta_sensor_async to None, run_after=None
[2024-08-12T09:58:13.252+0000] {processor.py:161} INFO - Processing /home/airflow/.local/lib/python3.7/site-packages/airflow/example_dags/example_time_delta_sensor_async.py took 0.191 seconds
[2024-08-12T09:58:44.012+0000] {processor.py:153} INFO - Started process (PID=252) to work on /home/airflow/.local/lib/python3.7/site-packages/airflow/example_dags/example_time_delta_sensor_async.py
[2024-08-12T09:58:44.014+0000] {processor.py:640} INFO - Processing file /home/airflow/.local/lib/python3.7/site-packages/airflow/example_dags/example_time_delta_sensor_async.py for tasks to queue
[2024-08-12T09:58:44.015+0000] {logging_mixin.py:115} INFO - [2024-08-12T09:58:44.014+0000] {dagbag.py:508} INFO - Filling up the DagBag from /home/airflow/.local/lib/python3.7/site-packages/airflow/example_dags/example_time_delta_sensor_async.py
[2024-08-12T09:58:44.020+0000] {processor.py:650} INFO - DAG(s) dict_keys(['example_time_delta_sensor_async']) retrieved from /home/airflow/.local/lib/python3.7/site-packages/airflow/example_dags/example_time_delta_sensor_async.py
[2024-08-12T09:58:44.181+0000] {logging_mixin.py:115} INFO - [2024-08-12T09:58:44.181+0000] {dag.py:2429} INFO - Sync 1 DAGs
[2024-08-12T09:58:44.200+0000] {logging_mixin.py:115} INFO - [2024-08-12T09:58:44.200+0000] {dag.py:2981} INFO - Setting next_dagrun for example_time_delta_sensor_async to None, run_after=None
[2024-08-12T09:58:44.210+0000] {processor.py:161} INFO - Processing /home/airflow/.local/lib/python3.7/site-packages/airflow/example_dags/example_time_delta_sensor_async.py took 0.201 seconds
[2024-08-12T09:59:14.933+0000] {processor.py:153} INFO - Started process (PID=315) to work on /home/airflow/.local/lib/python3.7/site-packages/airflow/example_dags/example_time_delta_sensor_async.py
[2024-08-12T09:59:14.934+0000] {processor.py:640} INFO - Processing file /home/airflow/.local/lib/python3.7/site-packages/airflow/example_dags/example_time_delta_sensor_async.py for tasks to queue
[2024-08-12T09:59:14.934+0000] {logging_mixin.py:115} INFO - [2024-08-12T09:59:14.934+0000] {dagbag.py:508} INFO - Filling up the DagBag from /home/airflow/.local/lib/python3.7/site-packages/airflow/example_dags/example_time_delta_sensor_async.py
[2024-08-12T09:59:14.938+0000] {processor.py:650} INFO - DAG(s) dict_keys(['example_time_delta_sensor_async']) retrieved from /home/airflow/.local/lib/python3.7/site-packages/airflow/example_dags/example_time_delta_sensor_async.py
[2024-08-12T09:59:15.091+0000] {logging_mixin.py:115} INFO - [2024-08-12T09:59:15.091+0000] {dag.py:2429} INFO - Sync 1 DAGs
[2024-08-12T09:59:15.110+0000] {logging_mixin.py:115} INFO - [2024-08-12T09:59:15.110+0000] {dag.py:2981} INFO - Setting next_dagrun for example_time_delta_sensor_async to None, run_after=None
[2024-08-12T09:59:15.121+0000] {processor.py:161} INFO - Processing /home/airflow/.local/lib/python3.7/site-packages/airflow/example_dags/example_time_delta_sensor_async.py took 0.190 seconds
[2024-08-12T09:59:45.155+0000] {processor.py:153} INFO - Started process (PID=369) to work on /home/airflow/.local/lib/python3.7/site-packages/airflow/example_dags/example_time_delta_sensor_async.py
[2024-08-12T09:59:45.156+0000] {processor.py:640} INFO - Processing file /home/airflow/.local/lib/python3.7/site-packages/airflow/example_dags/example_time_delta_sensor_async.py for tasks to queue
[2024-08-12T09:59:45.157+0000] {logging_mixin.py:115} INFO - [2024-08-12T09:59:45.157+0000] {dagbag.py:508} INFO - Filling up the DagBag from /home/airflow/.local/lib/python3.7/site-packages/airflow/example_dags/example_time_delta_sensor_async.py
[2024-08-12T09:59:45.161+0000] {processor.py:650} INFO - DAG(s) dict_keys(['example_time_delta_sensor_async']) retrieved from /home/airflow/.local/lib/python3.7/site-packages/airflow/example_dags/example_time_delta_sensor_async.py
[2024-08-12T09:59:45.314+0000] {logging_mixin.py:115} INFO - [2024-08-12T09:59:45.314+0000] {dag.py:2429} INFO - Sync 1 DAGs
[2024-08-12T09:59:45.333+0000] {logging_mixin.py:115} INFO - [2024-08-12T09:59:45.332+0000] {dag.py:2981} INFO - Setting next_dagrun for example_time_delta_sensor_async to None, run_after=None
[2024-08-12T09:59:45.343+0000] {processor.py:161} INFO - Processing /home/airflow/.local/lib/python3.7/site-packages/airflow/example_dags/example_time_delta_sensor_async.py took 0.191 seconds
[2024-08-12T10:00:16.002+0000] {processor.py:153} INFO - Started process (PID=431) to work on /home/airflow/.local/lib/python3.7/site-packages/airflow/example_dags/example_time_delta_sensor_async.py
[2024-08-12T10:00:16.002+0000] {processor.py:640} INFO - Processing file /home/airflow/.local/lib/python3.7/site-packages/airflow/example_dags/example_time_delta_sensor_async.py for tasks to queue
[2024-08-12T10:00:16.003+0000] {logging_mixin.py:115} INFO - [2024-08-12T10:00:16.002+0000] {dagbag.py:508} INFO - Filling up the DagBag from /home/airflow/.local/lib/python3.7/site-packages/airflow/example_dags/example_time_delta_sensor_async.py
[2024-08-12T10:00:16.006+0000] {processor.py:650} INFO - DAG(s) dict_keys(['example_time_delta_sensor_async']) retrieved from /home/airflow/.local/lib/python3.7/site-packages/airflow/example_dags/example_time_delta_sensor_async.py
[2024-08-12T10:00:16.160+0000] {logging_mixin.py:115} INFO - [2024-08-12T10:00:16.160+0000] {dag.py:2429} INFO - Sync 1 DAGs
[2024-08-12T10:00:16.178+0000] {logging_mixin.py:115} INFO - [2024-08-12T10:00:16.178+0000] {dag.py:2981} INFO - Setting next_dagrun for example_time_delta_sensor_async to None, run_after=None
[2024-08-12T10:00:16.187+0000] {processor.py:161} INFO - Processing /home/airflow/.local/lib/python3.7/site-packages/airflow/example_dags/example_time_delta_sensor_async.py took 0.188 seconds
[2024-08-12T10:00:46.787+0000] {processor.py:153} INFO - Started process (PID=495) to work on /home/airflow/.local/lib/python3.7/site-packages/airflow/example_dags/example_time_delta_sensor_async.py
[2024-08-12T10:00:46.788+0000] {processor.py:640} INFO - Processing file /home/airflow/.local/lib/python3.7/site-packages/airflow/example_dags/example_time_delta_sensor_async.py for tasks to queue
[2024-08-12T10:00:46.788+0000] {logging_mixin.py:115} INFO - [2024-08-12T10:00:46.788+0000] {dagbag.py:508} INFO - Filling up the DagBag from /home/airflow/.local/lib/python3.7/site-packages/airflow/example_dags/example_time_delta_sensor_async.py
[2024-08-12T10:00:46.792+0000] {processor.py:650} INFO - DAG(s) dict_keys(['example_time_delta_sensor_async']) retrieved from /home/airflow/.local/lib/python3.7/site-packages/airflow/example_dags/example_time_delta_sensor_async.py
[2024-08-12T10:00:46.948+0000] {logging_mixin.py:115} INFO - [2024-08-12T10:00:46.948+0000] {dag.py:2429} INFO - Sync 1 DAGs
[2024-08-12T10:00:46.967+0000] {logging_mixin.py:115} INFO - [2024-08-12T10:00:46.966+0000] {dag.py:2981} INFO - Setting next_dagrun for example_time_delta_sensor_async to None, run_after=None
[2024-08-12T10:00:46.977+0000] {processor.py:161} INFO - Processing /home/airflow/.local/lib/python3.7/site-packages/airflow/example_dags/example_time_delta_sensor_async.py took 0.193 seconds
[2024-08-12T10:01:17.703+0000] {processor.py:153} INFO - Started process (PID=559) to work on /home/airflow/.local/lib/python3.7/site-packages/airflow/example_dags/example_time_delta_sensor_async.py
[2024-08-12T10:01:17.705+0000] {processor.py:640} INFO - Processing file /home/airflow/.local/lib/python3.7/site-packages/airflow/example_dags/example_time_delta_sensor_async.py for tasks to queue
[2024-08-12T10:01:17.705+0000] {logging_mixin.py:115} INFO - [2024-08-12T10:01:17.705+0000] {dagbag.py:508} INFO - Filling up the DagBag from /home/airflow/.local/lib/python3.7/site-packages/airflow/example_dags/example_time_delta_sensor_async.py
[2024-08-12T10:01:17.710+0000] {processor.py:650} INFO - DAG(s) dict_keys(['example_time_delta_sensor_async']) retrieved from /home/airflow/.local/lib/python3.7/site-packages/airflow/example_dags/example_time_delta_sensor_async.py
[2024-08-12T10:01:17.874+0000] {logging_mixin.py:115} INFO - [2024-08-12T10:01:17.874+0000] {dag.py:2429} INFO - Sync 1 DAGs
[2024-08-12T10:01:17.895+0000] {logging_mixin.py:115} INFO - [2024-08-12T10:01:17.894+0000] {dag.py:2981} INFO - Setting next_dagrun for example_time_delta_sensor_async to None, run_after=None
[2024-08-12T10:01:17.906+0000] {processor.py:161} INFO - Processing /home/airflow/.local/lib/python3.7/site-packages/airflow/example_dags/example_time_delta_sensor_async.py took 0.208 seconds
[2024-08-12T10:01:48.484+0000] {processor.py:153} INFO - Started process (PID=613) to work on /home/airflow/.local/lib/python3.7/site-packages/airflow/example_dags/example_time_delta_sensor_async.py
[2024-08-12T10:01:48.485+0000] {processor.py:640} INFO - Processing file /home/airflow/.local/lib/python3.7/site-packages/airflow/example_dags/example_time_delta_sensor_async.py for tasks to queue
[2024-08-12T10:01:48.486+0000] {logging_mixin.py:115} INFO - [2024-08-12T10:01:48.486+0000] {dagbag.py:508} INFO - Filling up the DagBag from /home/airflow/.local/lib/python3.7/site-packages/airflow/example_dags/example_time_delta_sensor_async.py
[2024-08-12T10:01:48.489+0000] {processor.py:650} INFO - DAG(s) dict_keys(['example_time_delta_sensor_async']) retrieved from /home/airflow/.local/lib/python3.7/site-packages/airflow/example_dags/example_time_delta_sensor_async.py
[2024-08-12T10:01:48.647+0000] {logging_mixin.py:115} INFO - [2024-08-12T10:01:48.646+0000] {dag.py:2429} INFO - Sync 1 DAGs
[2024-08-12T10:01:48.666+0000] {logging_mixin.py:115} INFO - [2024-08-12T10:01:48.666+0000] {dag.py:2981} INFO - Setting next_dagrun for example_time_delta_sensor_async to None, run_after=None
[2024-08-12T10:01:48.677+0000] {processor.py:161} INFO - Processing /home/airflow/.local/lib/python3.7/site-packages/airflow/example_dags/example_time_delta_sensor_async.py took 0.195 seconds
[2024-08-12T10:02:19.252+0000] {processor.py:153} INFO - Started process (PID=676) to work on /home/airflow/.local/lib/python3.7/site-packages/airflow/example_dags/example_time_delta_sensor_async.py
[2024-08-12T10:02:19.253+0000] {processor.py:640} INFO - Processing file /home/airflow/.local/lib/python3.7/site-packages/airflow/example_dags/example_time_delta_sensor_async.py for tasks to queue
[2024-08-12T10:02:19.254+0000] {logging_mixin.py:115} INFO - [2024-08-12T10:02:19.254+0000] {dagbag.py:508} INFO - Filling up the DagBag from /home/airflow/.local/lib/python3.7/site-packages/airflow/example_dags/example_time_delta_sensor_async.py
[2024-08-12T10:02:19.257+0000] {processor.py:650} INFO - DAG(s) dict_keys(['example_time_delta_sensor_async']) retrieved from /home/airflow/.local/lib/python3.7/site-packages/airflow/example_dags/example_time_delta_sensor_async.py
[2024-08-12T10:02:19.411+0000] {logging_mixin.py:115} INFO - [2024-08-12T10:02:19.411+0000] {dag.py:2429} INFO - Sync 1 DAGs
[2024-08-12T10:02:19.432+0000] {logging_mixin.py:115} INFO - [2024-08-12T10:02:19.431+0000] {dag.py:2981} INFO - Setting next_dagrun for example_time_delta_sensor_async to None, run_after=None
[2024-08-12T10:02:19.443+0000] {processor.py:161} INFO - Processing /home/airflow/.local/lib/python3.7/site-packages/airflow/example_dags/example_time_delta_sensor_async.py took 0.193 seconds
[2024-08-12T10:02:50.070+0000] {processor.py:153} INFO - Started process (PID=739) to work on /home/airflow/.local/lib/python3.7/site-packages/airflow/example_dags/example_time_delta_sensor_async.py
[2024-08-12T10:02:50.072+0000] {processor.py:640} INFO - Processing file /home/airflow/.local/lib/python3.7/site-packages/airflow/example_dags/example_time_delta_sensor_async.py for tasks to queue
[2024-08-12T10:02:50.072+0000] {logging_mixin.py:115} INFO - [2024-08-12T10:02:50.072+0000] {dagbag.py:508} INFO - Filling up the DagBag from /home/airflow/.local/lib/python3.7/site-packages/airflow/example_dags/example_time_delta_sensor_async.py
[2024-08-12T10:02:50.076+0000] {processor.py:650} INFO - DAG(s) dict_keys(['example_time_delta_sensor_async']) retrieved from /home/airflow/.local/lib/python3.7/site-packages/airflow/example_dags/example_time_delta_sensor_async.py
[2024-08-12T10:02:50.228+0000] {logging_mixin.py:115} INFO - [2024-08-12T10:02:50.228+0000] {dag.py:2429} INFO - Sync 1 DAGs
[2024-08-12T10:02:50.248+0000] {logging_mixin.py:115} INFO - [2024-08-12T10:02:50.247+0000] {dag.py:2981} INFO - Setting next_dagrun for example_time_delta_sensor_async to None, run_after=None
[2024-08-12T10:02:50.257+0000] {processor.py:161} INFO - Processing /home/airflow/.local/lib/python3.7/site-packages/airflow/example_dags/example_time_delta_sensor_async.py took 0.189 seconds
[2024-08-12T10:03:20.987+0000] {processor.py:153} INFO - Started process (PID=801) to work on /home/airflow/.local/lib/python3.7/site-packages/airflow/example_dags/example_time_delta_sensor_async.py
[2024-08-12T10:03:20.988+0000] {processor.py:640} INFO - Processing file /home/airflow/.local/lib/python3.7/site-packages/airflow/example_dags/example_time_delta_sensor_async.py for tasks to queue
[2024-08-12T10:03:20.989+0000] {logging_mixin.py:115} INFO - [2024-08-12T10:03:20.989+0000] {dagbag.py:508} INFO - Filling up the DagBag from /home/airflow/.local/lib/python3.7/site-packages/airflow/example_dags/example_time_delta_sensor_async.py
[2024-08-12T10:03:20.993+0000] {processor.py:650} INFO - DAG(s) dict_keys(['example_time_delta_sensor_async']) retrieved from /home/airflow/.local/lib/python3.7/site-packages/airflow/example_dags/example_time_delta_sensor_async.py
[2024-08-12T10:03:21.154+0000] {logging_mixin.py:115} INFO - [2024-08-12T10:03:21.154+0000] {dag.py:2429} INFO - Sync 1 DAGs
[2024-08-12T10:03:21.174+0000] {logging_mixin.py:115} INFO - [2024-08-12T10:03:21.174+0000] {dag.py:2981} INFO - Setting next_dagrun for example_time_delta_sensor_async to None, run_after=None
[2024-08-12T10:03:21.186+0000] {processor.py:161} INFO - Processing /home/airflow/.local/lib/python3.7/site-packages/airflow/example_dags/example_time_delta_sensor_async.py took 0.201 seconds
[2024-08-12T10:03:51.851+0000] {processor.py:153} INFO - Started process (PID=857) to work on /home/airflow/.local/lib/python3.7/site-packages/airflow/example_dags/example_time_delta_sensor_async.py
[2024-08-12T10:03:51.852+0000] {processor.py:640} INFO - Processing file /home/airflow/.local/lib/python3.7/site-packages/airflow/example_dags/example_time_delta_sensor_async.py for tasks to queue
[2024-08-12T10:03:51.853+0000] {logging_mixin.py:115} INFO - [2024-08-12T10:03:51.853+0000] {dagbag.py:508} INFO - Filling up the DagBag from /home/airflow/.local/lib/python3.7/site-packages/airflow/example_dags/example_time_delta_sensor_async.py
[2024-08-12T10:03:51.856+0000] {processor.py:650} INFO - DAG(s) dict_keys(['example_time_delta_sensor_async']) retrieved from /home/airflow/.local/lib/python3.7/site-packages/airflow/example_dags/example_time_delta_sensor_async.py
[2024-08-12T10:03:52.011+0000] {logging_mixin.py:115} INFO - [2024-08-12T10:03:52.011+0000] {dag.py:2429} INFO - Sync 1 DAGs
[2024-08-12T10:03:52.028+0000] {logging_mixin.py:115} INFO - [2024-08-12T10:03:52.028+0000] {dag.py:2981} INFO - Setting next_dagrun for example_time_delta_sensor_async to None, run_after=None
[2024-08-12T10:03:52.038+0000] {processor.py:161} INFO - Processing /home/airflow/.local/lib/python3.7/site-packages/airflow/example_dags/example_time_delta_sensor_async.py took 0.189 seconds
[2024-08-12T10:04:22.724+0000] {processor.py:153} INFO - Started process (PID=920) to work on /home/airflow/.local/lib/python3.7/site-packages/airflow/example_dags/example_time_delta_sensor_async.py
[2024-08-12T10:04:22.725+0000] {processor.py:640} INFO - Processing file /home/airflow/.local/lib/python3.7/site-packages/airflow/example_dags/example_time_delta_sensor_async.py for tasks to queue
[2024-08-12T10:04:22.725+0000] {logging_mixin.py:115} INFO - [2024-08-12T10:04:22.725+0000] {dagbag.py:508} INFO - Filling up the DagBag from /home/airflow/.local/lib/python3.7/site-packages/airflow/example_dags/example_time_delta_sensor_async.py
[2024-08-12T10:04:22.729+0000] {processor.py:650} INFO - DAG(s) dict_keys(['example_time_delta_sensor_async']) retrieved from /home/airflow/.local/lib/python3.7/site-packages/airflow/example_dags/example_time_delta_sensor_async.py
[2024-08-12T10:04:22.884+0000] {logging_mixin.py:115} INFO - [2024-08-12T10:04:22.884+0000] {dag.py:2429} INFO - Sync 1 DAGs
[2024-08-12T10:04:22.903+0000] {logging_mixin.py:115} INFO - [2024-08-12T10:04:22.903+0000] {dag.py:2981} INFO - Setting next_dagrun for example_time_delta_sensor_async to None, run_after=None
[2024-08-12T10:04:22.915+0000] {processor.py:161} INFO - Processing /home/airflow/.local/lib/python3.7/site-packages/airflow/example_dags/example_time_delta_sensor_async.py took 0.194 seconds
[2024-08-12T10:04:53.507+0000] {processor.py:153} INFO - Started process (PID=983) to work on /home/airflow/.local/lib/python3.7/site-packages/airflow/example_dags/example_time_delta_sensor_async.py
[2024-08-12T10:04:53.508+0000] {processor.py:640} INFO - Processing file /home/airflow/.local/lib/python3.7/site-packages/airflow/example_dags/example_time_delta_sensor_async.py for tasks to queue
[2024-08-12T10:04:53.509+0000] {logging_mixin.py:115} INFO - [2024-08-12T10:04:53.509+0000] {dagbag.py:508} INFO - Filling up the DagBag from /home/airflow/.local/lib/python3.7/site-packages/airflow/example_dags/example_time_delta_sensor_async.py
[2024-08-12T10:04:53.512+0000] {processor.py:650} INFO - DAG(s) dict_keys(['example_time_delta_sensor_async']) retrieved from /home/airflow/.local/lib/python3.7/site-packages/airflow/example_dags/example_time_delta_sensor_async.py
[2024-08-12T10:04:53.670+0000] {logging_mixin.py:115} INFO - [2024-08-12T10:04:53.670+0000] {dag.py:2429} INFO - Sync 1 DAGs
[2024-08-12T10:04:53.690+0000] {logging_mixin.py:115} INFO - [2024-08-12T10:04:53.690+0000] {dag.py:2981} INFO - Setting next_dagrun for example_time_delta_sensor_async to None, run_after=None
[2024-08-12T10:04:53.701+0000] {processor.py:161} INFO - Processing /home/airflow/.local/lib/python3.7/site-packages/airflow/example_dags/example_time_delta_sensor_async.py took 0.196 seconds
[2024-08-12T10:05:24.361+0000] {processor.py:153} INFO - Started process (PID=1044) to work on /home/airflow/.local/lib/python3.7/site-packages/airflow/example_dags/example_time_delta_sensor_async.py
[2024-08-12T10:05:24.363+0000] {processor.py:640} INFO - Processing file /home/airflow/.local/lib/python3.7/site-packages/airflow/example_dags/example_time_delta_sensor_async.py for tasks to queue
[2024-08-12T10:05:24.363+0000] {logging_mixin.py:115} INFO - [2024-08-12T10:05:24.363+0000] {dagbag.py:508} INFO - Filling up the DagBag from /home/airflow/.local/lib/python3.7/site-packages/airflow/example_dags/example_time_delta_sensor_async.py
[2024-08-12T10:05:24.369+0000] {processor.py:650} INFO - DAG(s) dict_keys(['example_time_delta_sensor_async']) retrieved from /home/airflow/.local/lib/python3.7/site-packages/airflow/example_dags/example_time_delta_sensor_async.py
[2024-08-12T10:05:24.528+0000] {logging_mixin.py:115} INFO - [2024-08-12T10:05:24.528+0000] {dag.py:2429} INFO - Sync 1 DAGs
[2024-08-12T10:05:24.548+0000] {logging_mixin.py:115} INFO - [2024-08-12T10:05:24.548+0000] {dag.py:2981} INFO - Setting next_dagrun for example_time_delta_sensor_async to None, run_after=None
[2024-08-12T10:05:24.559+0000] {processor.py:161} INFO - Processing /home/airflow/.local/lib/python3.7/site-packages/airflow/example_dags/example_time_delta_sensor_async.py took 0.200 seconds
[2024-08-12T10:05:55.284+0000] {processor.py:153} INFO - Started process (PID=1101) to work on /home/airflow/.local/lib/python3.7/site-packages/airflow/example_dags/example_time_delta_sensor_async.py
[2024-08-12T10:05:55.285+0000] {processor.py:640} INFO - Processing file /home/airflow/.local/lib/python3.7/site-packages/airflow/example_dags/example_time_delta_sensor_async.py for tasks to queue
[2024-08-12T10:05:55.286+0000] {logging_mixin.py:115} INFO - [2024-08-12T10:05:55.286+0000] {dagbag.py:508} INFO - Filling up the DagBag from /home/airflow/.local/lib/python3.7/site-packages/airflow/example_dags/example_time_delta_sensor_async.py
[2024-08-12T10:05:55.290+0000] {processor.py:650} INFO - DAG(s) dict_keys(['example_time_delta_sensor_async']) retrieved from /home/airflow/.local/lib/python3.7/site-packages/airflow/example_dags/example_time_delta_sensor_async.py
[2024-08-12T10:05:55.454+0000] {logging_mixin.py:115} INFO - [2024-08-12T10:05:55.454+0000] {dag.py:2429} INFO - Sync 1 DAGs
[2024-08-12T10:05:55.473+0000] {logging_mixin.py:115} INFO - [2024-08-12T10:05:55.473+0000] {dag.py:2981} INFO - Setting next_dagrun for example_time_delta_sensor_async to None, run_after=None
[2024-08-12T10:05:55.485+0000] {processor.py:161} INFO - Processing /home/airflow/.local/lib/python3.7/site-packages/airflow/example_dags/example_time_delta_sensor_async.py took 0.203 seconds
[2024-08-12T10:06:25.946+0000] {processor.py:153} INFO - Started process (PID=1161) to work on /home/airflow/.local/lib/python3.7/site-packages/airflow/example_dags/example_time_delta_sensor_async.py
[2024-08-12T10:06:25.947+0000] {processor.py:640} INFO - Processing file /home/airflow/.local/lib/python3.7/site-packages/airflow/example_dags/example_time_delta_sensor_async.py for tasks to queue
[2024-08-12T10:06:25.947+0000] {logging_mixin.py:115} INFO - [2024-08-12T10:06:25.947+0000] {dagbag.py:508} INFO - Filling up the DagBag from /home/airflow/.local/lib/python3.7/site-packages/airflow/example_dags/example_time_delta_sensor_async.py
[2024-08-12T10:06:25.951+0000] {processor.py:650} INFO - DAG(s) dict_keys(['example_time_delta_sensor_async']) retrieved from /home/airflow/.local/lib/python3.7/site-packages/airflow/example_dags/example_time_delta_sensor_async.py
[2024-08-12T10:06:26.131+0000] {logging_mixin.py:115} INFO - [2024-08-12T10:06:26.131+0000] {dag.py:2429} INFO - Sync 1 DAGs
[2024-08-12T10:06:26.150+0000] {logging_mixin.py:115} INFO - [2024-08-12T10:06:26.150+0000] {dag.py:2981} INFO - Setting next_dagrun for example_time_delta_sensor_async to None, run_after=None
[2024-08-12T10:06:26.161+0000] {processor.py:161} INFO - Processing /home/airflow/.local/lib/python3.7/site-packages/airflow/example_dags/example_time_delta_sensor_async.py took 0.217 seconds
[2024-08-12T10:06:56.918+0000] {processor.py:153} INFO - Started process (PID=1226) to work on /home/airflow/.local/lib/python3.7/site-packages/airflow/example_dags/example_time_delta_sensor_async.py
[2024-08-12T10:06:56.919+0000] {processor.py:640} INFO - Processing file /home/airflow/.local/lib/python3.7/site-packages/airflow/example_dags/example_time_delta_sensor_async.py for tasks to queue
[2024-08-12T10:06:56.919+0000] {logging_mixin.py:115} INFO - [2024-08-12T10:06:56.919+0000] {dagbag.py:508} INFO - Filling up the DagBag from /home/airflow/.local/lib/python3.7/site-packages/airflow/example_dags/example_time_delta_sensor_async.py
[2024-08-12T10:06:56.923+0000] {processor.py:650} INFO - DAG(s) dict_keys(['example_time_delta_sensor_async']) retrieved from /home/airflow/.local/lib/python3.7/site-packages/airflow/example_dags/example_time_delta_sensor_async.py
[2024-08-12T10:06:57.074+0000] {logging_mixin.py:115} INFO - [2024-08-12T10:06:57.074+0000] {dag.py:2429} INFO - Sync 1 DAGs
[2024-08-12T10:06:57.091+0000] {logging_mixin.py:115} INFO - [2024-08-12T10:06:57.091+0000] {dag.py:2981} INFO - Setting next_dagrun for example_time_delta_sensor_async to None, run_after=None
[2024-08-12T10:06:57.100+0000] {processor.py:161} INFO - Processing /home/airflow/.local/lib/python3.7/site-packages/airflow/example_dags/example_time_delta_sensor_async.py took 0.185 seconds
[2024-08-12T10:07:27.321+0000] {processor.py:153} INFO - Started process (PID=1280) to work on /home/airflow/.local/lib/python3.7/site-packages/airflow/example_dags/example_time_delta_sensor_async.py
[2024-08-12T10:07:27.322+0000] {processor.py:640} INFO - Processing file /home/airflow/.local/lib/python3.7/site-packages/airflow/example_dags/example_time_delta_sensor_async.py for tasks to queue
[2024-08-12T10:07:27.322+0000] {logging_mixin.py:115} INFO - [2024-08-12T10:07:27.322+0000] {dagbag.py:508} INFO - Filling up the DagBag from /home/airflow/.local/lib/python3.7/site-packages/airflow/example_dags/example_time_delta_sensor_async.py
[2024-08-12T10:07:27.326+0000] {processor.py:650} INFO - DAG(s) dict_keys(['example_time_delta_sensor_async']) retrieved from /home/airflow/.local/lib/python3.7/site-packages/airflow/example_dags/example_time_delta_sensor_async.py
[2024-08-12T10:07:27.484+0000] {logging_mixin.py:115} INFO - [2024-08-12T10:07:27.484+0000] {dag.py:2429} INFO - Sync 1 DAGs
[2024-08-12T10:07:27.502+0000] {logging_mixin.py:115} INFO - [2024-08-12T10:07:27.502+0000] {dag.py:2981} INFO - Setting next_dagrun for example_time_delta_sensor_async to None, run_after=None
[2024-08-12T10:07:27.512+0000] {processor.py:161} INFO - Processing /home/airflow/.local/lib/python3.7/site-packages/airflow/example_dags/example_time_delta_sensor_async.py took 0.194 seconds
[2024-08-12T10:07:58.133+0000] {processor.py:153} INFO - Started process (PID=1340) to work on /home/airflow/.local/lib/python3.7/site-packages/airflow/example_dags/example_time_delta_sensor_async.py
[2024-08-12T10:07:58.134+0000] {processor.py:640} INFO - Processing file /home/airflow/.local/lib/python3.7/site-packages/airflow/example_dags/example_time_delta_sensor_async.py for tasks to queue
[2024-08-12T10:07:58.134+0000] {logging_mixin.py:115} INFO - [2024-08-12T10:07:58.134+0000] {dagbag.py:508} INFO - Filling up the DagBag from /home/airflow/.local/lib/python3.7/site-packages/airflow/example_dags/example_time_delta_sensor_async.py
[2024-08-12T10:07:58.139+0000] {processor.py:650} INFO - DAG(s) dict_keys(['example_time_delta_sensor_async']) retrieved from /home/airflow/.local/lib/python3.7/site-packages/airflow/example_dags/example_time_delta_sensor_async.py
[2024-08-12T10:07:58.293+0000] {logging_mixin.py:115} INFO - [2024-08-12T10:07:58.292+0000] {dag.py:2429} INFO - Sync 1 DAGs
[2024-08-12T10:07:58.314+0000] {logging_mixin.py:115} INFO - [2024-08-12T10:07:58.314+0000] {dag.py:2981} INFO - Setting next_dagrun for example_time_delta_sensor_async to None, run_after=None
[2024-08-12T10:07:58.325+0000] {processor.py:161} INFO - Processing /home/airflow/.local/lib/python3.7/site-packages/airflow/example_dags/example_time_delta_sensor_async.py took 0.195 seconds
[2024-08-12T10:08:28.884+0000] {processor.py:153} INFO - Started process (PID=1403) to work on /home/airflow/.local/lib/python3.7/site-packages/airflow/example_dags/example_time_delta_sensor_async.py
[2024-08-12T10:08:28.884+0000] {processor.py:640} INFO - Processing file /home/airflow/.local/lib/python3.7/site-packages/airflow/example_dags/example_time_delta_sensor_async.py for tasks to queue
[2024-08-12T10:08:28.885+0000] {logging_mixin.py:115} INFO - [2024-08-12T10:08:28.885+0000] {dagbag.py:508} INFO - Filling up the DagBag from /home/airflow/.local/lib/python3.7/site-packages/airflow/example_dags/example_time_delta_sensor_async.py
[2024-08-12T10:08:28.889+0000] {processor.py:650} INFO - DAG(s) dict_keys(['example_time_delta_sensor_async']) retrieved from /home/airflow/.local/lib/python3.7/site-packages/airflow/example_dags/example_time_delta_sensor_async.py
[2024-08-12T10:08:29.040+0000] {logging_mixin.py:115} INFO - [2024-08-12T10:08:29.040+0000] {dag.py:2429} INFO - Sync 1 DAGs
[2024-08-12T10:08:29.059+0000] {logging_mixin.py:115} INFO - [2024-08-12T10:08:29.059+0000] {dag.py:2981} INFO - Setting next_dagrun for example_time_delta_sensor_async to None, run_after=None
[2024-08-12T10:08:29.070+0000] {processor.py:161} INFO - Processing /home/airflow/.local/lib/python3.7/site-packages/airflow/example_dags/example_time_delta_sensor_async.py took 0.188 seconds
[2024-08-12T10:08:59.665+0000] {processor.py:153} INFO - Started process (PID=1466) to work on /home/airflow/.local/lib/python3.7/site-packages/airflow/example_dags/example_time_delta_sensor_async.py
[2024-08-12T10:08:59.666+0000] {processor.py:640} INFO - Processing file /home/airflow/.local/lib/python3.7/site-packages/airflow/example_dags/example_time_delta_sensor_async.py for tasks to queue
[2024-08-12T10:08:59.667+0000] {logging_mixin.py:115} INFO - [2024-08-12T10:08:59.667+0000] {dagbag.py:508} INFO - Filling up the DagBag from /home/airflow/.local/lib/python3.7/site-packages/airflow/example_dags/example_time_delta_sensor_async.py
[2024-08-12T10:08:59.671+0000] {processor.py:650} INFO - DAG(s) dict_keys(['example_time_delta_sensor_async']) retrieved from /home/airflow/.local/lib/python3.7/site-packages/airflow/example_dags/example_time_delta_sensor_async.py
[2024-08-12T10:08:59.826+0000] {logging_mixin.py:115} INFO - [2024-08-12T10:08:59.826+0000] {dag.py:2429} INFO - Sync 1 DAGs
[2024-08-12T10:08:59.845+0000] {logging_mixin.py:115} INFO - [2024-08-12T10:08:59.845+0000] {dag.py:2981} INFO - Setting next_dagrun for example_time_delta_sensor_async to None, run_after=None
[2024-08-12T10:08:59.857+0000] {processor.py:161} INFO - Processing /home/airflow/.local/lib/python3.7/site-packages/airflow/example_dags/example_time_delta_sensor_async.py took 0.195 seconds
[2024-08-12T10:09:30.399+0000] {processor.py:153} INFO - Started process (PID=1521) to work on /home/airflow/.local/lib/python3.7/site-packages/airflow/example_dags/example_time_delta_sensor_async.py
[2024-08-12T10:09:30.400+0000] {processor.py:640} INFO - Processing file /home/airflow/.local/lib/python3.7/site-packages/airflow/example_dags/example_time_delta_sensor_async.py for tasks to queue
[2024-08-12T10:09:30.400+0000] {logging_mixin.py:115} INFO - [2024-08-12T10:09:30.400+0000] {dagbag.py:508} INFO - Filling up the DagBag from /home/airflow/.local/lib/python3.7/site-packages/airflow/example_dags/example_time_delta_sensor_async.py
[2024-08-12T10:09:30.404+0000] {processor.py:650} INFO - DAG(s) dict_keys(['example_time_delta_sensor_async']) retrieved from /home/airflow/.local/lib/python3.7/site-packages/airflow/example_dags/example_time_delta_sensor_async.py
[2024-08-12T10:09:30.557+0000] {logging_mixin.py:115} INFO - [2024-08-12T10:09:30.557+0000] {dag.py:2429} INFO - Sync 1 DAGs
[2024-08-12T10:09:30.575+0000] {logging_mixin.py:115} INFO - [2024-08-12T10:09:30.574+0000] {dag.py:2981} INFO - Setting next_dagrun for example_time_delta_sensor_async to None, run_after=None
[2024-08-12T10:09:30.585+0000] {processor.py:161} INFO - Processing /home/airflow/.local/lib/python3.7/site-packages/airflow/example_dags/example_time_delta_sensor_async.py took 0.188 seconds
[2024-08-12T10:10:01.189+0000] {processor.py:153} INFO - Started process (PID=1585) to work on /home/airflow/.local/lib/python3.7/site-packages/airflow/example_dags/example_time_delta_sensor_async.py
[2024-08-12T10:10:01.190+0000] {processor.py:640} INFO - Processing file /home/airflow/.local/lib/python3.7/site-packages/airflow/example_dags/example_time_delta_sensor_async.py for tasks to queue
[2024-08-12T10:10:01.190+0000] {logging_mixin.py:115} INFO - [2024-08-12T10:10:01.190+0000] {dagbag.py:508} INFO - Filling up the DagBag from /home/airflow/.local/lib/python3.7/site-packages/airflow/example_dags/example_time_delta_sensor_async.py
[2024-08-12T10:10:01.194+0000] {processor.py:650} INFO - DAG(s) dict_keys(['example_time_delta_sensor_async']) retrieved from /home/airflow/.local/lib/python3.7/site-packages/airflow/example_dags/example_time_delta_sensor_async.py
[2024-08-12T10:10:01.349+0000] {logging_mixin.py:115} INFO - [2024-08-12T10:10:01.349+0000] {dag.py:2429} INFO - Sync 1 DAGs
[2024-08-12T10:10:01.370+0000] {logging_mixin.py:115} INFO - [2024-08-12T10:10:01.370+0000] {dag.py:2981} INFO - Setting next_dagrun for example_time_delta_sensor_async to None, run_after=None
[2024-08-12T10:10:01.382+0000] {processor.py:161} INFO - Processing /home/airflow/.local/lib/python3.7/site-packages/airflow/example_dags/example_time_delta_sensor_async.py took 0.195 seconds
[2024-08-12T10:10:32.026+0000] {processor.py:153} INFO - Started process (PID=1649) to work on /home/airflow/.local/lib/python3.7/site-packages/airflow/example_dags/example_time_delta_sensor_async.py
[2024-08-12T10:10:32.027+0000] {processor.py:640} INFO - Processing file /home/airflow/.local/lib/python3.7/site-packages/airflow/example_dags/example_time_delta_sensor_async.py for tasks to queue
[2024-08-12T10:10:32.028+0000] {logging_mixin.py:115} INFO - [2024-08-12T10:10:32.028+0000] {dagbag.py:508} INFO - Filling up the DagBag from /home/airflow/.local/lib/python3.7/site-packages/airflow/example_dags/example_time_delta_sensor_async.py
[2024-08-12T10:10:32.032+0000] {processor.py:650} INFO - DAG(s) dict_keys(['example_time_delta_sensor_async']) retrieved from /home/airflow/.local/lib/python3.7/site-packages/airflow/example_dags/example_time_delta_sensor_async.py
[2024-08-12T10:10:32.185+0000] {logging_mixin.py:115} INFO - [2024-08-12T10:10:32.185+0000] {dag.py:2429} INFO - Sync 1 DAGs
[2024-08-12T10:10:32.205+0000] {logging_mixin.py:115} INFO - [2024-08-12T10:10:32.205+0000] {dag.py:2981} INFO - Setting next_dagrun for example_time_delta_sensor_async to None, run_after=None
[2024-08-12T10:10:32.215+0000] {processor.py:161} INFO - Processing /home/airflow/.local/lib/python3.7/site-packages/airflow/example_dags/example_time_delta_sensor_async.py took 0.191 seconds
[2024-08-12T10:11:02.743+0000] {processor.py:153} INFO - Started process (PID=1712) to work on /home/airflow/.local/lib/python3.7/site-packages/airflow/example_dags/example_time_delta_sensor_async.py
[2024-08-12T10:11:02.744+0000] {processor.py:640} INFO - Processing file /home/airflow/.local/lib/python3.7/site-packages/airflow/example_dags/example_time_delta_sensor_async.py for tasks to queue
[2024-08-12T10:11:02.745+0000] {logging_mixin.py:115} INFO - [2024-08-12T10:11:02.745+0000] {dagbag.py:508} INFO - Filling up the DagBag from /home/airflow/.local/lib/python3.7/site-packages/airflow/example_dags/example_time_delta_sensor_async.py
[2024-08-12T10:11:02.749+0000] {processor.py:650} INFO - DAG(s) dict_keys(['example_time_delta_sensor_async']) retrieved from /home/airflow/.local/lib/python3.7/site-packages/airflow/example_dags/example_time_delta_sensor_async.py
[2024-08-12T10:11:02.902+0000] {logging_mixin.py:115} INFO - [2024-08-12T10:11:02.902+0000] {dag.py:2429} INFO - Sync 1 DAGs
[2024-08-12T10:11:02.921+0000] {logging_mixin.py:115} INFO - [2024-08-12T10:11:02.921+0000] {dag.py:2981} INFO - Setting next_dagrun for example_time_delta_sensor_async to None, run_after=None
[2024-08-12T10:11:02.932+0000] {processor.py:161} INFO - Processing /home/airflow/.local/lib/python3.7/site-packages/airflow/example_dags/example_time_delta_sensor_async.py took 0.191 seconds
[2024-08-12T10:11:33.547+0000] {processor.py:153} INFO - Started process (PID=1766) to work on /home/airflow/.local/lib/python3.7/site-packages/airflow/example_dags/example_time_delta_sensor_async.py
[2024-08-12T10:11:33.548+0000] {processor.py:640} INFO - Processing file /home/airflow/.local/lib/python3.7/site-packages/airflow/example_dags/example_time_delta_sensor_async.py for tasks to queue
[2024-08-12T10:11:33.549+0000] {logging_mixin.py:115} INFO - [2024-08-12T10:11:33.548+0000] {dagbag.py:508} INFO - Filling up the DagBag from /home/airflow/.local/lib/python3.7/site-packages/airflow/example_dags/example_time_delta_sensor_async.py
[2024-08-12T10:11:33.552+0000] {processor.py:650} INFO - DAG(s) dict_keys(['example_time_delta_sensor_async']) retrieved from /home/airflow/.local/lib/python3.7/site-packages/airflow/example_dags/example_time_delta_sensor_async.py
[2024-08-12T10:11:33.705+0000] {logging_mixin.py:115} INFO - [2024-08-12T10:11:33.705+0000] {dag.py:2429} INFO - Sync 1 DAGs
[2024-08-12T10:11:33.726+0000] {logging_mixin.py:115} INFO - [2024-08-12T10:11:33.726+0000] {dag.py:2981} INFO - Setting next_dagrun for example_time_delta_sensor_async to None, run_after=None
[2024-08-12T10:11:33.738+0000] {processor.py:161} INFO - Processing /home/airflow/.local/lib/python3.7/site-packages/airflow/example_dags/example_time_delta_sensor_async.py took 0.193 seconds
[2024-08-12T10:12:04.259+0000] {processor.py:153} INFO - Started process (PID=1829) to work on /home/airflow/.local/lib/python3.7/site-packages/airflow/example_dags/example_time_delta_sensor_async.py
[2024-08-12T10:12:04.260+0000] {processor.py:640} INFO - Processing file /home/airflow/.local/lib/python3.7/site-packages/airflow/example_dags/example_time_delta_sensor_async.py for tasks to queue
[2024-08-12T10:12:04.260+0000] {logging_mixin.py:115} INFO - [2024-08-12T10:12:04.260+0000] {dagbag.py:508} INFO - Filling up the DagBag from /home/airflow/.local/lib/python3.7/site-packages/airflow/example_dags/example_time_delta_sensor_async.py
[2024-08-12T10:12:04.265+0000] {processor.py:650} INFO - DAG(s) dict_keys(['example_time_delta_sensor_async']) retrieved from /home/airflow/.local/lib/python3.7/site-packages/airflow/example_dags/example_time_delta_sensor_async.py
[2024-08-12T10:12:04.417+0000] {logging_mixin.py:115} INFO - [2024-08-12T10:12:04.417+0000] {dag.py:2429} INFO - Sync 1 DAGs
[2024-08-12T10:12:04.436+0000] {logging_mixin.py:115} INFO - [2024-08-12T10:12:04.435+0000] {dag.py:2981} INFO - Setting next_dagrun for example_time_delta_sensor_async to None, run_after=None
[2024-08-12T10:12:04.446+0000] {processor.py:161} INFO - Processing /home/airflow/.local/lib/python3.7/site-packages/airflow/example_dags/example_time_delta_sensor_async.py took 0.189 seconds
[2024-08-12T10:12:35.238+0000] {processor.py:153} INFO - Started process (PID=1893) to work on /home/airflow/.local/lib/python3.7/site-packages/airflow/example_dags/example_time_delta_sensor_async.py
[2024-08-12T10:12:35.239+0000] {processor.py:640} INFO - Processing file /home/airflow/.local/lib/python3.7/site-packages/airflow/example_dags/example_time_delta_sensor_async.py for tasks to queue
[2024-08-12T10:12:35.239+0000] {logging_mixin.py:115} INFO - [2024-08-12T10:12:35.239+0000] {dagbag.py:508} INFO - Filling up the DagBag from /home/airflow/.local/lib/python3.7/site-packages/airflow/example_dags/example_time_delta_sensor_async.py
[2024-08-12T10:12:35.243+0000] {processor.py:650} INFO - DAG(s) dict_keys(['example_time_delta_sensor_async']) retrieved from /home/airflow/.local/lib/python3.7/site-packages/airflow/example_dags/example_time_delta_sensor_async.py
[2024-08-12T10:12:35.423+0000] {logging_mixin.py:115} INFO - [2024-08-12T10:12:35.422+0000] {dag.py:2429} INFO - Sync 1 DAGs
[2024-08-12T10:12:35.441+0000] {logging_mixin.py:115} INFO - [2024-08-12T10:12:35.441+0000] {dag.py:2981} INFO - Setting next_dagrun for example_time_delta_sensor_async to None, run_after=None
[2024-08-12T10:12:35.452+0000] {processor.py:161} INFO - Processing /home/airflow/.local/lib/python3.7/site-packages/airflow/example_dags/example_time_delta_sensor_async.py took 0.217 seconds
[2024-08-12T10:13:06.095+0000] {processor.py:153} INFO - Started process (PID=1956) to work on /home/airflow/.local/lib/python3.7/site-packages/airflow/example_dags/example_time_delta_sensor_async.py
[2024-08-12T10:13:06.095+0000] {processor.py:640} INFO - Processing file /home/airflow/.local/lib/python3.7/site-packages/airflow/example_dags/example_time_delta_sensor_async.py for tasks to queue
[2024-08-12T10:13:06.096+0000] {logging_mixin.py:115} INFO - [2024-08-12T10:13:06.096+0000] {dagbag.py:508} INFO - Filling up the DagBag from /home/airflow/.local/lib/python3.7/site-packages/airflow/example_dags/example_time_delta_sensor_async.py
[2024-08-12T10:13:06.100+0000] {processor.py:650} INFO - DAG(s) dict_keys(['example_time_delta_sensor_async']) retrieved from /home/airflow/.local/lib/python3.7/site-packages/airflow/example_dags/example_time_delta_sensor_async.py
[2024-08-12T10:13:06.252+0000] {logging_mixin.py:115} INFO - [2024-08-12T10:13:06.252+0000] {dag.py:2429} INFO - Sync 1 DAGs
[2024-08-12T10:13:06.270+0000] {logging_mixin.py:115} INFO - [2024-08-12T10:13:06.270+0000] {dag.py:2981} INFO - Setting next_dagrun for example_time_delta_sensor_async to None, run_after=None
[2024-08-12T10:13:06.291+0000] {processor.py:161} INFO - Processing /home/airflow/.local/lib/python3.7/site-packages/airflow/example_dags/example_time_delta_sensor_async.py took 0.198 seconds
[2024-08-12T10:13:36.850+0000] {processor.py:153} INFO - Started process (PID=2010) to work on /home/airflow/.local/lib/python3.7/site-packages/airflow/example_dags/example_time_delta_sensor_async.py
[2024-08-12T10:13:36.851+0000] {processor.py:640} INFO - Processing file /home/airflow/.local/lib/python3.7/site-packages/airflow/example_dags/example_time_delta_sensor_async.py for tasks to queue
[2024-08-12T10:13:36.852+0000] {logging_mixin.py:115} INFO - [2024-08-12T10:13:36.852+0000] {dagbag.py:508} INFO - Filling up the DagBag from /home/airflow/.local/lib/python3.7/site-packages/airflow/example_dags/example_time_delta_sensor_async.py
[2024-08-12T10:13:36.856+0000] {processor.py:650} INFO - DAG(s) dict_keys(['example_time_delta_sensor_async']) retrieved from /home/airflow/.local/lib/python3.7/site-packages/airflow/example_dags/example_time_delta_sensor_async.py
[2024-08-12T10:13:37.012+0000] {logging_mixin.py:115} INFO - [2024-08-12T10:13:37.012+0000] {dag.py:2429} INFO - Sync 1 DAGs
[2024-08-12T10:13:37.033+0000] {logging_mixin.py:115} INFO - [2024-08-12T10:13:37.032+0000] {dag.py:2981} INFO - Setting next_dagrun for example_time_delta_sensor_async to None, run_after=None
[2024-08-12T10:13:37.044+0000] {processor.py:161} INFO - Processing /home/airflow/.local/lib/python3.7/site-packages/airflow/example_dags/example_time_delta_sensor_async.py took 0.196 seconds
[2024-08-12T10:14:07.747+0000] {processor.py:153} INFO - Started process (PID=2073) to work on /home/airflow/.local/lib/python3.7/site-packages/airflow/example_dags/example_time_delta_sensor_async.py
[2024-08-12T10:14:07.748+0000] {processor.py:640} INFO - Processing file /home/airflow/.local/lib/python3.7/site-packages/airflow/example_dags/example_time_delta_sensor_async.py for tasks to queue
[2024-08-12T10:14:07.749+0000] {logging_mixin.py:115} INFO - [2024-08-12T10:14:07.749+0000] {dagbag.py:508} INFO - Filling up the DagBag from /home/airflow/.local/lib/python3.7/site-packages/airflow/example_dags/example_time_delta_sensor_async.py
[2024-08-12T10:14:07.754+0000] {processor.py:650} INFO - DAG(s) dict_keys(['example_time_delta_sensor_async']) retrieved from /home/airflow/.local/lib/python3.7/site-packages/airflow/example_dags/example_time_delta_sensor_async.py
[2024-08-12T10:14:07.937+0000] {logging_mixin.py:115} INFO - [2024-08-12T10:14:07.936+0000] {dag.py:2429} INFO - Sync 1 DAGs
[2024-08-12T10:14:07.959+0000] {logging_mixin.py:115} INFO - [2024-08-12T10:14:07.959+0000] {dag.py:2981} INFO - Setting next_dagrun for example_time_delta_sensor_async to None, run_after=None
[2024-08-12T10:14:07.971+0000] {processor.py:161} INFO - Processing /home/airflow/.local/lib/python3.7/site-packages/airflow/example_dags/example_time_delta_sensor_async.py took 0.226 seconds
