[2024-08-12T08:27:07.976+0000] {processor.py:153} INFO - Started process (PID=75) to work on /home/airflow/.local/lib/python3.7/site-packages/airflow/example_dags/example_local_kubernetes_executor.py
[2024-08-12T08:27:07.976+0000] {processor.py:640} INFO - Processing file /home/airflow/.local/lib/python3.7/site-packages/airflow/example_dags/example_local_kubernetes_executor.py for tasks to queue
[2024-08-12T08:27:07.977+0000] {logging_mixin.py:115} INFO - [2024-08-12T08:27:07.977+0000] {dagbag.py:508} INFO - Filling up the DagBag from /home/airflow/.local/lib/python3.7/site-packages/airflow/example_dags/example_local_kubernetes_executor.py
[2024-08-12T08:27:07.999+0000] {processor.py:650} INFO - DAG(s) dict_keys(['example_local_kubernetes_executor']) retrieved from /home/airflow/.local/lib/python3.7/site-packages/airflow/example_dags/example_local_kubernetes_executor.py
[2024-08-12T08:27:08.107+0000] {logging_mixin.py:115} INFO - [2024-08-12T08:27:08.107+0000] {manager.py:508} INFO - Created Permission View: can edit on DAG:example_local_kubernetes_executor
[2024-08-12T08:27:08.120+0000] {logging_mixin.py:115} INFO - [2024-08-12T08:27:08.120+0000] {manager.py:508} INFO - Created Permission View: can read on DAG:example_local_kubernetes_executor
[2024-08-12T08:27:08.131+0000] {logging_mixin.py:115} INFO - [2024-08-12T08:27:08.131+0000] {manager.py:508} INFO - Created Permission View: can delete on DAG:example_local_kubernetes_executor
[2024-08-12T08:27:08.131+0000] {logging_mixin.py:115} INFO - [2024-08-12T08:27:08.131+0000] {dag.py:2429} INFO - Sync 1 DAGs
[2024-08-12T08:27:08.141+0000] {logging_mixin.py:115} INFO - [2024-08-12T08:27:08.141+0000] {dag.py:2448} INFO - Creating ORM DAG for example_local_kubernetes_executor
[2024-08-12T08:27:08.153+0000] {logging_mixin.py:115} INFO - [2024-08-12T08:27:08.153+0000] {dag.py:2981} INFO - Setting next_dagrun for example_local_kubernetes_executor to None, run_after=None
[2024-08-12T08:27:08.172+0000] {processor.py:161} INFO - Processing /home/airflow/.local/lib/python3.7/site-packages/airflow/example_dags/example_local_kubernetes_executor.py took 0.200 seconds
[2024-08-12T08:27:38.357+0000] {processor.py:153} INFO - Started process (PID=127) to work on /home/airflow/.local/lib/python3.7/site-packages/airflow/example_dags/example_local_kubernetes_executor.py
[2024-08-12T08:27:38.357+0000] {processor.py:640} INFO - Processing file /home/airflow/.local/lib/python3.7/site-packages/airflow/example_dags/example_local_kubernetes_executor.py for tasks to queue
[2024-08-12T08:27:38.358+0000] {logging_mixin.py:115} INFO - [2024-08-12T08:27:38.358+0000] {dagbag.py:508} INFO - Filling up the DagBag from /home/airflow/.local/lib/python3.7/site-packages/airflow/example_dags/example_local_kubernetes_executor.py
[2024-08-12T08:27:38.372+0000] {processor.py:650} INFO - DAG(s) dict_keys(['example_local_kubernetes_executor']) retrieved from /home/airflow/.local/lib/python3.7/site-packages/airflow/example_dags/example_local_kubernetes_executor.py
[2024-08-12T08:27:38.391+0000] {logging_mixin.py:115} INFO - [2024-08-12T08:27:38.391+0000] {dag.py:2429} INFO - Sync 1 DAGs
[2024-08-12T08:27:38.409+0000] {logging_mixin.py:115} INFO - [2024-08-12T08:27:38.409+0000] {dag.py:2981} INFO - Setting next_dagrun for example_local_kubernetes_executor to None, run_after=None
[2024-08-12T08:27:38.420+0000] {processor.py:161} INFO - Processing /home/airflow/.local/lib/python3.7/site-packages/airflow/example_dags/example_local_kubernetes_executor.py took 0.065 seconds
[2024-08-12T08:28:09.086+0000] {processor.py:153} INFO - Started process (PID=188) to work on /home/airflow/.local/lib/python3.7/site-packages/airflow/example_dags/example_local_kubernetes_executor.py
[2024-08-12T08:28:09.087+0000] {processor.py:640} INFO - Processing file /home/airflow/.local/lib/python3.7/site-packages/airflow/example_dags/example_local_kubernetes_executor.py for tasks to queue
[2024-08-12T08:28:09.087+0000] {logging_mixin.py:115} INFO - [2024-08-12T08:28:09.087+0000] {dagbag.py:508} INFO - Filling up the DagBag from /home/airflow/.local/lib/python3.7/site-packages/airflow/example_dags/example_local_kubernetes_executor.py
[2024-08-12T08:28:09.101+0000] {processor.py:650} INFO - DAG(s) dict_keys(['example_local_kubernetes_executor']) retrieved from /home/airflow/.local/lib/python3.7/site-packages/airflow/example_dags/example_local_kubernetes_executor.py
[2024-08-12T08:28:09.121+0000] {logging_mixin.py:115} INFO - [2024-08-12T08:28:09.121+0000] {dag.py:2429} INFO - Sync 1 DAGs
[2024-08-12T08:28:09.141+0000] {logging_mixin.py:115} INFO - [2024-08-12T08:28:09.141+0000] {dag.py:2981} INFO - Setting next_dagrun for example_local_kubernetes_executor to None, run_after=None
[2024-08-12T08:28:09.151+0000] {processor.py:161} INFO - Processing /home/airflow/.local/lib/python3.7/site-packages/airflow/example_dags/example_local_kubernetes_executor.py took 0.067 seconds
[2024-08-12T09:57:11.871+0000] {processor.py:153} INFO - Started process (PID=77) to work on /home/airflow/.local/lib/python3.7/site-packages/airflow/example_dags/example_local_kubernetes_executor.py
[2024-08-12T09:57:11.872+0000] {processor.py:640} INFO - Processing file /home/airflow/.local/lib/python3.7/site-packages/airflow/example_dags/example_local_kubernetes_executor.py for tasks to queue
[2024-08-12T09:57:11.873+0000] {logging_mixin.py:115} INFO - [2024-08-12T09:57:11.872+0000] {dagbag.py:508} INFO - Filling up the DagBag from /home/airflow/.local/lib/python3.7/site-packages/airflow/example_dags/example_local_kubernetes_executor.py
[2024-08-12T09:57:11.889+0000] {processor.py:650} INFO - DAG(s) dict_keys(['example_local_kubernetes_executor']) retrieved from /home/airflow/.local/lib/python3.7/site-packages/airflow/example_dags/example_local_kubernetes_executor.py
[2024-08-12T09:57:11.915+0000] {logging_mixin.py:115} INFO - [2024-08-12T09:57:11.914+0000] {dag.py:2429} INFO - Sync 1 DAGs
[2024-08-12T09:57:11.951+0000] {logging_mixin.py:115} INFO - [2024-08-12T09:57:11.951+0000] {dag.py:2981} INFO - Setting next_dagrun for example_local_kubernetes_executor to None, run_after=None
[2024-08-12T09:57:11.978+0000] {processor.py:161} INFO - Processing /home/airflow/.local/lib/python3.7/site-packages/airflow/example_dags/example_local_kubernetes_executor.py took 0.110 seconds
[2024-08-12T09:57:42.473+0000] {processor.py:153} INFO - Started process (PID=131) to work on /home/airflow/.local/lib/python3.7/site-packages/airflow/example_dags/example_local_kubernetes_executor.py
[2024-08-12T09:57:42.474+0000] {processor.py:640} INFO - Processing file /home/airflow/.local/lib/python3.7/site-packages/airflow/example_dags/example_local_kubernetes_executor.py for tasks to queue
[2024-08-12T09:57:42.474+0000] {logging_mixin.py:115} INFO - [2024-08-12T09:57:42.474+0000] {dagbag.py:508} INFO - Filling up the DagBag from /home/airflow/.local/lib/python3.7/site-packages/airflow/example_dags/example_local_kubernetes_executor.py
[2024-08-12T09:57:42.488+0000] {processor.py:650} INFO - DAG(s) dict_keys(['example_local_kubernetes_executor']) retrieved from /home/airflow/.local/lib/python3.7/site-packages/airflow/example_dags/example_local_kubernetes_executor.py
[2024-08-12T09:57:42.507+0000] {logging_mixin.py:115} INFO - [2024-08-12T09:57:42.507+0000] {dag.py:2429} INFO - Sync 1 DAGs
[2024-08-12T09:57:42.525+0000] {logging_mixin.py:115} INFO - [2024-08-12T09:57:42.525+0000] {dag.py:2981} INFO - Setting next_dagrun for example_local_kubernetes_executor to None, run_after=None
[2024-08-12T09:57:42.536+0000] {processor.py:161} INFO - Processing /home/airflow/.local/lib/python3.7/site-packages/airflow/example_dags/example_local_kubernetes_executor.py took 0.065 seconds
[2024-08-12T09:58:13.331+0000] {processor.py:153} INFO - Started process (PID=194) to work on /home/airflow/.local/lib/python3.7/site-packages/airflow/example_dags/example_local_kubernetes_executor.py
[2024-08-12T09:58:13.332+0000] {processor.py:640} INFO - Processing file /home/airflow/.local/lib/python3.7/site-packages/airflow/example_dags/example_local_kubernetes_executor.py for tasks to queue
[2024-08-12T09:58:13.333+0000] {logging_mixin.py:115} INFO - [2024-08-12T09:58:13.333+0000] {dagbag.py:508} INFO - Filling up the DagBag from /home/airflow/.local/lib/python3.7/site-packages/airflow/example_dags/example_local_kubernetes_executor.py
[2024-08-12T09:58:13.347+0000] {processor.py:650} INFO - DAG(s) dict_keys(['example_local_kubernetes_executor']) retrieved from /home/airflow/.local/lib/python3.7/site-packages/airflow/example_dags/example_local_kubernetes_executor.py
[2024-08-12T09:58:13.366+0000] {logging_mixin.py:115} INFO - [2024-08-12T09:58:13.366+0000] {dag.py:2429} INFO - Sync 1 DAGs
[2024-08-12T09:58:13.385+0000] {logging_mixin.py:115} INFO - [2024-08-12T09:58:13.385+0000] {dag.py:2981} INFO - Setting next_dagrun for example_local_kubernetes_executor to None, run_after=None
[2024-08-12T09:58:13.396+0000] {processor.py:161} INFO - Processing /home/airflow/.local/lib/python3.7/site-packages/airflow/example_dags/example_local_kubernetes_executor.py took 0.067 seconds
[2024-08-12T09:58:44.289+0000] {processor.py:153} INFO - Started process (PID=257) to work on /home/airflow/.local/lib/python3.7/site-packages/airflow/example_dags/example_local_kubernetes_executor.py
[2024-08-12T09:58:44.290+0000] {processor.py:640} INFO - Processing file /home/airflow/.local/lib/python3.7/site-packages/airflow/example_dags/example_local_kubernetes_executor.py for tasks to queue
[2024-08-12T09:58:44.290+0000] {logging_mixin.py:115} INFO - [2024-08-12T09:58:44.290+0000] {dagbag.py:508} INFO - Filling up the DagBag from /home/airflow/.local/lib/python3.7/site-packages/airflow/example_dags/example_local_kubernetes_executor.py
[2024-08-12T09:58:44.303+0000] {processor.py:650} INFO - DAG(s) dict_keys(['example_local_kubernetes_executor']) retrieved from /home/airflow/.local/lib/python3.7/site-packages/airflow/example_dags/example_local_kubernetes_executor.py
[2024-08-12T09:58:44.324+0000] {logging_mixin.py:115} INFO - [2024-08-12T09:58:44.324+0000] {dag.py:2429} INFO - Sync 1 DAGs
[2024-08-12T09:58:44.343+0000] {logging_mixin.py:115} INFO - [2024-08-12T09:58:44.343+0000] {dag.py:2981} INFO - Setting next_dagrun for example_local_kubernetes_executor to None, run_after=None
[2024-08-12T09:58:44.353+0000] {processor.py:161} INFO - Processing /home/airflow/.local/lib/python3.7/site-packages/airflow/example_dags/example_local_kubernetes_executor.py took 0.067 seconds
[2024-08-12T09:59:15.290+0000] {processor.py:153} INFO - Started process (PID=320) to work on /home/airflow/.local/lib/python3.7/site-packages/airflow/example_dags/example_local_kubernetes_executor.py
[2024-08-12T09:59:15.291+0000] {processor.py:640} INFO - Processing file /home/airflow/.local/lib/python3.7/site-packages/airflow/example_dags/example_local_kubernetes_executor.py for tasks to queue
[2024-08-12T09:59:15.292+0000] {logging_mixin.py:115} INFO - [2024-08-12T09:59:15.291+0000] {dagbag.py:508} INFO - Filling up the DagBag from /home/airflow/.local/lib/python3.7/site-packages/airflow/example_dags/example_local_kubernetes_executor.py
[2024-08-12T09:59:15.304+0000] {processor.py:650} INFO - DAG(s) dict_keys(['example_local_kubernetes_executor']) retrieved from /home/airflow/.local/lib/python3.7/site-packages/airflow/example_dags/example_local_kubernetes_executor.py
[2024-08-12T09:59:15.323+0000] {logging_mixin.py:115} INFO - [2024-08-12T09:59:15.323+0000] {dag.py:2429} INFO - Sync 1 DAGs
[2024-08-12T09:59:15.341+0000] {logging_mixin.py:115} INFO - [2024-08-12T09:59:15.341+0000] {dag.py:2981} INFO - Setting next_dagrun for example_local_kubernetes_executor to None, run_after=None
[2024-08-12T09:59:15.352+0000] {processor.py:161} INFO - Processing /home/airflow/.local/lib/python3.7/site-packages/airflow/example_dags/example_local_kubernetes_executor.py took 0.064 seconds
[2024-08-12T09:59:45.514+0000] {processor.py:153} INFO - Started process (PID=374) to work on /home/airflow/.local/lib/python3.7/site-packages/airflow/example_dags/example_local_kubernetes_executor.py
[2024-08-12T09:59:45.515+0000] {processor.py:640} INFO - Processing file /home/airflow/.local/lib/python3.7/site-packages/airflow/example_dags/example_local_kubernetes_executor.py for tasks to queue
[2024-08-12T09:59:45.516+0000] {logging_mixin.py:115} INFO - [2024-08-12T09:59:45.515+0000] {dagbag.py:508} INFO - Filling up the DagBag from /home/airflow/.local/lib/python3.7/site-packages/airflow/example_dags/example_local_kubernetes_executor.py
[2024-08-12T09:59:45.529+0000] {processor.py:650} INFO - DAG(s) dict_keys(['example_local_kubernetes_executor']) retrieved from /home/airflow/.local/lib/python3.7/site-packages/airflow/example_dags/example_local_kubernetes_executor.py
[2024-08-12T09:59:45.549+0000] {logging_mixin.py:115} INFO - [2024-08-12T09:59:45.549+0000] {dag.py:2429} INFO - Sync 1 DAGs
[2024-08-12T09:59:45.567+0000] {logging_mixin.py:115} INFO - [2024-08-12T09:59:45.567+0000] {dag.py:2981} INFO - Setting next_dagrun for example_local_kubernetes_executor to None, run_after=None
[2024-08-12T09:59:45.578+0000] {processor.py:161} INFO - Processing /home/airflow/.local/lib/python3.7/site-packages/airflow/example_dags/example_local_kubernetes_executor.py took 0.066 seconds
[2024-08-12T10:00:16.275+0000] {processor.py:153} INFO - Started process (PID=437) to work on /home/airflow/.local/lib/python3.7/site-packages/airflow/example_dags/example_local_kubernetes_executor.py
[2024-08-12T10:00:16.275+0000] {processor.py:640} INFO - Processing file /home/airflow/.local/lib/python3.7/site-packages/airflow/example_dags/example_local_kubernetes_executor.py for tasks to queue
[2024-08-12T10:00:16.276+0000] {logging_mixin.py:115} INFO - [2024-08-12T10:00:16.276+0000] {dagbag.py:508} INFO - Filling up the DagBag from /home/airflow/.local/lib/python3.7/site-packages/airflow/example_dags/example_local_kubernetes_executor.py
[2024-08-12T10:00:16.289+0000] {processor.py:650} INFO - DAG(s) dict_keys(['example_local_kubernetes_executor']) retrieved from /home/airflow/.local/lib/python3.7/site-packages/airflow/example_dags/example_local_kubernetes_executor.py
[2024-08-12T10:00:16.309+0000] {logging_mixin.py:115} INFO - [2024-08-12T10:00:16.309+0000] {dag.py:2429} INFO - Sync 1 DAGs
[2024-08-12T10:00:16.327+0000] {logging_mixin.py:115} INFO - [2024-08-12T10:00:16.327+0000] {dag.py:2981} INFO - Setting next_dagrun for example_local_kubernetes_executor to None, run_after=None
[2024-08-12T10:00:16.337+0000] {processor.py:161} INFO - Processing /home/airflow/.local/lib/python3.7/site-packages/airflow/example_dags/example_local_kubernetes_executor.py took 0.064 seconds
[2024-08-12T10:00:47.062+0000] {processor.py:153} INFO - Started process (PID=500) to work on /home/airflow/.local/lib/python3.7/site-packages/airflow/example_dags/example_local_kubernetes_executor.py
[2024-08-12T10:00:47.062+0000] {processor.py:640} INFO - Processing file /home/airflow/.local/lib/python3.7/site-packages/airflow/example_dags/example_local_kubernetes_executor.py for tasks to queue
[2024-08-12T10:00:47.063+0000] {logging_mixin.py:115} INFO - [2024-08-12T10:00:47.063+0000] {dagbag.py:508} INFO - Filling up the DagBag from /home/airflow/.local/lib/python3.7/site-packages/airflow/example_dags/example_local_kubernetes_executor.py
[2024-08-12T10:00:47.077+0000] {processor.py:650} INFO - DAG(s) dict_keys(['example_local_kubernetes_executor']) retrieved from /home/airflow/.local/lib/python3.7/site-packages/airflow/example_dags/example_local_kubernetes_executor.py
[2024-08-12T10:00:47.097+0000] {logging_mixin.py:115} INFO - [2024-08-12T10:00:47.097+0000] {dag.py:2429} INFO - Sync 1 DAGs
[2024-08-12T10:00:47.118+0000] {logging_mixin.py:115} INFO - [2024-08-12T10:00:47.118+0000] {dag.py:2981} INFO - Setting next_dagrun for example_local_kubernetes_executor to None, run_after=None
[2024-08-12T10:00:47.128+0000] {processor.py:161} INFO - Processing /home/airflow/.local/lib/python3.7/site-packages/airflow/example_dags/example_local_kubernetes_executor.py took 0.069 seconds
[2024-08-12T10:01:17.925+0000] {processor.py:153} INFO - Started process (PID=563) to work on /home/airflow/.local/lib/python3.7/site-packages/airflow/example_dags/example_local_kubernetes_executor.py
[2024-08-12T10:01:17.926+0000] {processor.py:640} INFO - Processing file /home/airflow/.local/lib/python3.7/site-packages/airflow/example_dags/example_local_kubernetes_executor.py for tasks to queue
[2024-08-12T10:01:17.927+0000] {logging_mixin.py:115} INFO - [2024-08-12T10:01:17.927+0000] {dagbag.py:508} INFO - Filling up the DagBag from /home/airflow/.local/lib/python3.7/site-packages/airflow/example_dags/example_local_kubernetes_executor.py
[2024-08-12T10:01:17.940+0000] {processor.py:650} INFO - DAG(s) dict_keys(['example_local_kubernetes_executor']) retrieved from /home/airflow/.local/lib/python3.7/site-packages/airflow/example_dags/example_local_kubernetes_executor.py
[2024-08-12T10:01:17.961+0000] {logging_mixin.py:115} INFO - [2024-08-12T10:01:17.961+0000] {dag.py:2429} INFO - Sync 1 DAGs
[2024-08-12T10:01:17.982+0000] {logging_mixin.py:115} INFO - [2024-08-12T10:01:17.982+0000] {dag.py:2981} INFO - Setting next_dagrun for example_local_kubernetes_executor to None, run_after=None
[2024-08-12T10:01:17.993+0000] {processor.py:161} INFO - Processing /home/airflow/.local/lib/python3.7/site-packages/airflow/example_dags/example_local_kubernetes_executor.py took 0.070 seconds
[2024-08-12T10:01:48.693+0000] {processor.py:153} INFO - Started process (PID=617) to work on /home/airflow/.local/lib/python3.7/site-packages/airflow/example_dags/example_local_kubernetes_executor.py
[2024-08-12T10:01:48.693+0000] {processor.py:640} INFO - Processing file /home/airflow/.local/lib/python3.7/site-packages/airflow/example_dags/example_local_kubernetes_executor.py for tasks to queue
[2024-08-12T10:01:48.694+0000] {logging_mixin.py:115} INFO - [2024-08-12T10:01:48.694+0000] {dagbag.py:508} INFO - Filling up the DagBag from /home/airflow/.local/lib/python3.7/site-packages/airflow/example_dags/example_local_kubernetes_executor.py
[2024-08-12T10:01:48.707+0000] {processor.py:650} INFO - DAG(s) dict_keys(['example_local_kubernetes_executor']) retrieved from /home/airflow/.local/lib/python3.7/site-packages/airflow/example_dags/example_local_kubernetes_executor.py
[2024-08-12T10:01:48.728+0000] {logging_mixin.py:115} INFO - [2024-08-12T10:01:48.728+0000] {dag.py:2429} INFO - Sync 1 DAGs
[2024-08-12T10:01:48.749+0000] {logging_mixin.py:115} INFO - [2024-08-12T10:01:48.749+0000] {dag.py:2981} INFO - Setting next_dagrun for example_local_kubernetes_executor to None, run_after=None
[2024-08-12T10:01:48.759+0000] {processor.py:161} INFO - Processing /home/airflow/.local/lib/python3.7/site-packages/airflow/example_dags/example_local_kubernetes_executor.py took 0.069 seconds
[2024-08-12T10:02:19.459+0000] {processor.py:153} INFO - Started process (PID=680) to work on /home/airflow/.local/lib/python3.7/site-packages/airflow/example_dags/example_local_kubernetes_executor.py
[2024-08-12T10:02:19.460+0000] {processor.py:640} INFO - Processing file /home/airflow/.local/lib/python3.7/site-packages/airflow/example_dags/example_local_kubernetes_executor.py for tasks to queue
[2024-08-12T10:02:19.461+0000] {logging_mixin.py:115} INFO - [2024-08-12T10:02:19.461+0000] {dagbag.py:508} INFO - Filling up the DagBag from /home/airflow/.local/lib/python3.7/site-packages/airflow/example_dags/example_local_kubernetes_executor.py
[2024-08-12T10:02:19.474+0000] {processor.py:650} INFO - DAG(s) dict_keys(['example_local_kubernetes_executor']) retrieved from /home/airflow/.local/lib/python3.7/site-packages/airflow/example_dags/example_local_kubernetes_executor.py
[2024-08-12T10:02:19.494+0000] {logging_mixin.py:115} INFO - [2024-08-12T10:02:19.494+0000] {dag.py:2429} INFO - Sync 1 DAGs
[2024-08-12T10:02:19.513+0000] {logging_mixin.py:115} INFO - [2024-08-12T10:02:19.513+0000] {dag.py:2981} INFO - Setting next_dagrun for example_local_kubernetes_executor to None, run_after=None
[2024-08-12T10:02:19.523+0000] {processor.py:161} INFO - Processing /home/airflow/.local/lib/python3.7/site-packages/airflow/example_dags/example_local_kubernetes_executor.py took 0.066 seconds
[2024-08-12T10:02:50.274+0000] {processor.py:153} INFO - Started process (PID=743) to work on /home/airflow/.local/lib/python3.7/site-packages/airflow/example_dags/example_local_kubernetes_executor.py
[2024-08-12T10:02:50.276+0000] {processor.py:640} INFO - Processing file /home/airflow/.local/lib/python3.7/site-packages/airflow/example_dags/example_local_kubernetes_executor.py for tasks to queue
[2024-08-12T10:02:50.276+0000] {logging_mixin.py:115} INFO - [2024-08-12T10:02:50.276+0000] {dagbag.py:508} INFO - Filling up the DagBag from /home/airflow/.local/lib/python3.7/site-packages/airflow/example_dags/example_local_kubernetes_executor.py
[2024-08-12T10:02:50.289+0000] {processor.py:650} INFO - DAG(s) dict_keys(['example_local_kubernetes_executor']) retrieved from /home/airflow/.local/lib/python3.7/site-packages/airflow/example_dags/example_local_kubernetes_executor.py
[2024-08-12T10:02:50.309+0000] {logging_mixin.py:115} INFO - [2024-08-12T10:02:50.309+0000] {dag.py:2429} INFO - Sync 1 DAGs
[2024-08-12T10:02:50.327+0000] {logging_mixin.py:115} INFO - [2024-08-12T10:02:50.327+0000] {dag.py:2981} INFO - Setting next_dagrun for example_local_kubernetes_executor to None, run_after=None
[2024-08-12T10:02:50.336+0000] {processor.py:161} INFO - Processing /home/airflow/.local/lib/python3.7/site-packages/airflow/example_dags/example_local_kubernetes_executor.py took 0.065 seconds
[2024-08-12T10:03:21.185+0000] {processor.py:153} INFO - Started process (PID=806) to work on /home/airflow/.local/lib/python3.7/site-packages/airflow/example_dags/example_local_kubernetes_executor.py
[2024-08-12T10:03:21.186+0000] {processor.py:640} INFO - Processing file /home/airflow/.local/lib/python3.7/site-packages/airflow/example_dags/example_local_kubernetes_executor.py for tasks to queue
[2024-08-12T10:03:21.187+0000] {logging_mixin.py:115} INFO - [2024-08-12T10:03:21.187+0000] {dagbag.py:508} INFO - Filling up the DagBag from /home/airflow/.local/lib/python3.7/site-packages/airflow/example_dags/example_local_kubernetes_executor.py
[2024-08-12T10:03:21.201+0000] {processor.py:650} INFO - DAG(s) dict_keys(['example_local_kubernetes_executor']) retrieved from /home/airflow/.local/lib/python3.7/site-packages/airflow/example_dags/example_local_kubernetes_executor.py
[2024-08-12T10:03:21.223+0000] {logging_mixin.py:115} INFO - [2024-08-12T10:03:21.222+0000] {dag.py:2429} INFO - Sync 1 DAGs
[2024-08-12T10:03:21.243+0000] {logging_mixin.py:115} INFO - [2024-08-12T10:03:21.242+0000] {dag.py:2981} INFO - Setting next_dagrun for example_local_kubernetes_executor to None, run_after=None
[2024-08-12T10:03:21.253+0000] {processor.py:161} INFO - Processing /home/airflow/.local/lib/python3.7/site-packages/airflow/example_dags/example_local_kubernetes_executor.py took 0.070 seconds
[2024-08-12T10:03:52.131+0000] {processor.py:153} INFO - Started process (PID=860) to work on /home/airflow/.local/lib/python3.7/site-packages/airflow/example_dags/example_local_kubernetes_executor.py
[2024-08-12T10:03:52.132+0000] {processor.py:640} INFO - Processing file /home/airflow/.local/lib/python3.7/site-packages/airflow/example_dags/example_local_kubernetes_executor.py for tasks to queue
[2024-08-12T10:03:52.132+0000] {logging_mixin.py:115} INFO - [2024-08-12T10:03:52.132+0000] {dagbag.py:508} INFO - Filling up the DagBag from /home/airflow/.local/lib/python3.7/site-packages/airflow/example_dags/example_local_kubernetes_executor.py
[2024-08-12T10:03:52.146+0000] {processor.py:650} INFO - DAG(s) dict_keys(['example_local_kubernetes_executor']) retrieved from /home/airflow/.local/lib/python3.7/site-packages/airflow/example_dags/example_local_kubernetes_executor.py
[2024-08-12T10:03:52.165+0000] {logging_mixin.py:115} INFO - [2024-08-12T10:03:52.165+0000] {dag.py:2429} INFO - Sync 1 DAGs
[2024-08-12T10:03:52.184+0000] {logging_mixin.py:115} INFO - [2024-08-12T10:03:52.184+0000] {dag.py:2981} INFO - Setting next_dagrun for example_local_kubernetes_executor to None, run_after=None
[2024-08-12T10:03:52.194+0000] {processor.py:161} INFO - Processing /home/airflow/.local/lib/python3.7/site-packages/airflow/example_dags/example_local_kubernetes_executor.py took 0.065 seconds
[2024-08-12T10:04:22.923+0000] {processor.py:153} INFO - Started process (PID=923) to work on /home/airflow/.local/lib/python3.7/site-packages/airflow/example_dags/example_local_kubernetes_executor.py
[2024-08-12T10:04:22.924+0000] {processor.py:640} INFO - Processing file /home/airflow/.local/lib/python3.7/site-packages/airflow/example_dags/example_local_kubernetes_executor.py for tasks to queue
[2024-08-12T10:04:22.924+0000] {logging_mixin.py:115} INFO - [2024-08-12T10:04:22.924+0000] {dagbag.py:508} INFO - Filling up the DagBag from /home/airflow/.local/lib/python3.7/site-packages/airflow/example_dags/example_local_kubernetes_executor.py
[2024-08-12T10:04:22.938+0000] {processor.py:650} INFO - DAG(s) dict_keys(['example_local_kubernetes_executor']) retrieved from /home/airflow/.local/lib/python3.7/site-packages/airflow/example_dags/example_local_kubernetes_executor.py
[2024-08-12T10:04:22.960+0000] {logging_mixin.py:115} INFO - [2024-08-12T10:04:22.960+0000] {dag.py:2429} INFO - Sync 1 DAGs
[2024-08-12T10:04:22.980+0000] {logging_mixin.py:115} INFO - [2024-08-12T10:04:22.979+0000] {dag.py:2981} INFO - Setting next_dagrun for example_local_kubernetes_executor to None, run_after=None
[2024-08-12T10:04:22.989+0000] {processor.py:161} INFO - Processing /home/airflow/.local/lib/python3.7/site-packages/airflow/example_dags/example_local_kubernetes_executor.py took 0.069 seconds
[2024-08-12T10:04:53.717+0000] {processor.py:153} INFO - Started process (PID=986) to work on /home/airflow/.local/lib/python3.7/site-packages/airflow/example_dags/example_local_kubernetes_executor.py
[2024-08-12T10:04:53.718+0000] {processor.py:640} INFO - Processing file /home/airflow/.local/lib/python3.7/site-packages/airflow/example_dags/example_local_kubernetes_executor.py for tasks to queue
[2024-08-12T10:04:53.719+0000] {logging_mixin.py:115} INFO - [2024-08-12T10:04:53.719+0000] {dagbag.py:508} INFO - Filling up the DagBag from /home/airflow/.local/lib/python3.7/site-packages/airflow/example_dags/example_local_kubernetes_executor.py
[2024-08-12T10:04:53.732+0000] {processor.py:650} INFO - DAG(s) dict_keys(['example_local_kubernetes_executor']) retrieved from /home/airflow/.local/lib/python3.7/site-packages/airflow/example_dags/example_local_kubernetes_executor.py
[2024-08-12T10:04:53.752+0000] {logging_mixin.py:115} INFO - [2024-08-12T10:04:53.752+0000] {dag.py:2429} INFO - Sync 1 DAGs
[2024-08-12T10:04:53.770+0000] {logging_mixin.py:115} INFO - [2024-08-12T10:04:53.770+0000] {dag.py:2981} INFO - Setting next_dagrun for example_local_kubernetes_executor to None, run_after=None
[2024-08-12T10:04:53.780+0000] {processor.py:161} INFO - Processing /home/airflow/.local/lib/python3.7/site-packages/airflow/example_dags/example_local_kubernetes_executor.py took 0.065 seconds
[2024-08-12T10:05:24.577+0000] {processor.py:153} INFO - Started process (PID=1049) to work on /home/airflow/.local/lib/python3.7/site-packages/airflow/example_dags/example_local_kubernetes_executor.py
[2024-08-12T10:05:24.578+0000] {processor.py:640} INFO - Processing file /home/airflow/.local/lib/python3.7/site-packages/airflow/example_dags/example_local_kubernetes_executor.py for tasks to queue
[2024-08-12T10:05:24.578+0000] {logging_mixin.py:115} INFO - [2024-08-12T10:05:24.578+0000] {dagbag.py:508} INFO - Filling up the DagBag from /home/airflow/.local/lib/python3.7/site-packages/airflow/example_dags/example_local_kubernetes_executor.py
[2024-08-12T10:05:24.594+0000] {processor.py:650} INFO - DAG(s) dict_keys(['example_local_kubernetes_executor']) retrieved from /home/airflow/.local/lib/python3.7/site-packages/airflow/example_dags/example_local_kubernetes_executor.py
[2024-08-12T10:05:24.616+0000] {logging_mixin.py:115} INFO - [2024-08-12T10:05:24.616+0000] {dag.py:2429} INFO - Sync 1 DAGs
[2024-08-12T10:05:24.646+0000] {logging_mixin.py:115} INFO - [2024-08-12T10:05:24.645+0000] {dag.py:2981} INFO - Setting next_dagrun for example_local_kubernetes_executor to None, run_after=None
[2024-08-12T10:05:24.659+0000] {processor.py:161} INFO - Processing /home/airflow/.local/lib/python3.7/site-packages/airflow/example_dags/example_local_kubernetes_executor.py took 0.085 seconds
[2024-08-12T10:05:55.405+0000] {processor.py:153} INFO - Started process (PID=1103) to work on /home/airflow/.local/lib/python3.7/site-packages/airflow/example_dags/example_local_kubernetes_executor.py
[2024-08-12T10:05:55.406+0000] {processor.py:640} INFO - Processing file /home/airflow/.local/lib/python3.7/site-packages/airflow/example_dags/example_local_kubernetes_executor.py for tasks to queue
[2024-08-12T10:05:55.406+0000] {logging_mixin.py:115} INFO - [2024-08-12T10:05:55.406+0000] {dagbag.py:508} INFO - Filling up the DagBag from /home/airflow/.local/lib/python3.7/site-packages/airflow/example_dags/example_local_kubernetes_executor.py
[2024-08-12T10:05:55.419+0000] {processor.py:650} INFO - DAG(s) dict_keys(['example_local_kubernetes_executor']) retrieved from /home/airflow/.local/lib/python3.7/site-packages/airflow/example_dags/example_local_kubernetes_executor.py
[2024-08-12T10:05:55.439+0000] {logging_mixin.py:115} INFO - [2024-08-12T10:05:55.438+0000] {dag.py:2429} INFO - Sync 1 DAGs
[2024-08-12T10:05:55.457+0000] {logging_mixin.py:115} INFO - [2024-08-12T10:05:55.457+0000] {dag.py:2981} INFO - Setting next_dagrun for example_local_kubernetes_executor to None, run_after=None
[2024-08-12T10:05:55.467+0000] {processor.py:161} INFO - Processing /home/airflow/.local/lib/python3.7/site-packages/airflow/example_dags/example_local_kubernetes_executor.py took 0.064 seconds
[2024-08-12T10:06:26.177+0000] {processor.py:153} INFO - Started process (PID=1166) to work on /home/airflow/.local/lib/python3.7/site-packages/airflow/example_dags/example_local_kubernetes_executor.py
[2024-08-12T10:06:26.178+0000] {processor.py:640} INFO - Processing file /home/airflow/.local/lib/python3.7/site-packages/airflow/example_dags/example_local_kubernetes_executor.py for tasks to queue
[2024-08-12T10:06:26.179+0000] {logging_mixin.py:115} INFO - [2024-08-12T10:06:26.179+0000] {dagbag.py:508} INFO - Filling up the DagBag from /home/airflow/.local/lib/python3.7/site-packages/airflow/example_dags/example_local_kubernetes_executor.py
[2024-08-12T10:06:26.191+0000] {processor.py:650} INFO - DAG(s) dict_keys(['example_local_kubernetes_executor']) retrieved from /home/airflow/.local/lib/python3.7/site-packages/airflow/example_dags/example_local_kubernetes_executor.py
[2024-08-12T10:06:26.210+0000] {logging_mixin.py:115} INFO - [2024-08-12T10:06:26.210+0000] {dag.py:2429} INFO - Sync 1 DAGs
[2024-08-12T10:06:26.227+0000] {logging_mixin.py:115} INFO - [2024-08-12T10:06:26.227+0000] {dag.py:2981} INFO - Setting next_dagrun for example_local_kubernetes_executor to None, run_after=None
[2024-08-12T10:06:26.237+0000] {processor.py:161} INFO - Processing /home/airflow/.local/lib/python3.7/site-packages/airflow/example_dags/example_local_kubernetes_executor.py took 0.062 seconds
[2024-08-12T10:06:57.188+0000] {processor.py:153} INFO - Started process (PID=1229) to work on /home/airflow/.local/lib/python3.7/site-packages/airflow/example_dags/example_local_kubernetes_executor.py
[2024-08-12T10:06:57.189+0000] {processor.py:640} INFO - Processing file /home/airflow/.local/lib/python3.7/site-packages/airflow/example_dags/example_local_kubernetes_executor.py for tasks to queue
[2024-08-12T10:06:57.190+0000] {logging_mixin.py:115} INFO - [2024-08-12T10:06:57.190+0000] {dagbag.py:508} INFO - Filling up the DagBag from /home/airflow/.local/lib/python3.7/site-packages/airflow/example_dags/example_local_kubernetes_executor.py
[2024-08-12T10:06:57.203+0000] {processor.py:650} INFO - DAG(s) dict_keys(['example_local_kubernetes_executor']) retrieved from /home/airflow/.local/lib/python3.7/site-packages/airflow/example_dags/example_local_kubernetes_executor.py
[2024-08-12T10:06:57.222+0000] {logging_mixin.py:115} INFO - [2024-08-12T10:06:57.222+0000] {dag.py:2429} INFO - Sync 1 DAGs
[2024-08-12T10:06:57.239+0000] {logging_mixin.py:115} INFO - [2024-08-12T10:06:57.239+0000] {dag.py:2981} INFO - Setting next_dagrun for example_local_kubernetes_executor to None, run_after=None
[2024-08-12T10:06:57.249+0000] {processor.py:161} INFO - Processing /home/airflow/.local/lib/python3.7/site-packages/airflow/example_dags/example_local_kubernetes_executor.py took 0.063 seconds
[2024-08-12T10:07:27.529+0000] {processor.py:153} INFO - Started process (PID=1290) to work on /home/airflow/.local/lib/python3.7/site-packages/airflow/example_dags/example_local_kubernetes_executor.py
[2024-08-12T10:07:27.530+0000] {processor.py:640} INFO - Processing file /home/airflow/.local/lib/python3.7/site-packages/airflow/example_dags/example_local_kubernetes_executor.py for tasks to queue
[2024-08-12T10:07:27.531+0000] {logging_mixin.py:115} INFO - [2024-08-12T10:07:27.531+0000] {dagbag.py:508} INFO - Filling up the DagBag from /home/airflow/.local/lib/python3.7/site-packages/airflow/example_dags/example_local_kubernetes_executor.py
[2024-08-12T10:07:27.545+0000] {processor.py:650} INFO - DAG(s) dict_keys(['example_local_kubernetes_executor']) retrieved from /home/airflow/.local/lib/python3.7/site-packages/airflow/example_dags/example_local_kubernetes_executor.py
[2024-08-12T10:07:27.567+0000] {logging_mixin.py:115} INFO - [2024-08-12T10:07:27.566+0000] {dag.py:2429} INFO - Sync 1 DAGs
[2024-08-12T10:07:27.586+0000] {logging_mixin.py:115} INFO - [2024-08-12T10:07:27.586+0000] {dag.py:2981} INFO - Setting next_dagrun for example_local_kubernetes_executor to None, run_after=None
[2024-08-12T10:07:27.598+0000] {processor.py:161} INFO - Processing /home/airflow/.local/lib/python3.7/site-packages/airflow/example_dags/example_local_kubernetes_executor.py took 0.071 seconds
[2024-08-12T10:07:58.420+0000] {processor.py:153} INFO - Started process (PID=1346) to work on /home/airflow/.local/lib/python3.7/site-packages/airflow/example_dags/example_local_kubernetes_executor.py
[2024-08-12T10:07:58.421+0000] {processor.py:640} INFO - Processing file /home/airflow/.local/lib/python3.7/site-packages/airflow/example_dags/example_local_kubernetes_executor.py for tasks to queue
[2024-08-12T10:07:58.422+0000] {logging_mixin.py:115} INFO - [2024-08-12T10:07:58.422+0000] {dagbag.py:508} INFO - Filling up the DagBag from /home/airflow/.local/lib/python3.7/site-packages/airflow/example_dags/example_local_kubernetes_executor.py
[2024-08-12T10:07:58.436+0000] {processor.py:650} INFO - DAG(s) dict_keys(['example_local_kubernetes_executor']) retrieved from /home/airflow/.local/lib/python3.7/site-packages/airflow/example_dags/example_local_kubernetes_executor.py
[2024-08-12T10:07:58.455+0000] {logging_mixin.py:115} INFO - [2024-08-12T10:07:58.455+0000] {dag.py:2429} INFO - Sync 1 DAGs
[2024-08-12T10:07:58.474+0000] {logging_mixin.py:115} INFO - [2024-08-12T10:07:58.474+0000] {dag.py:2981} INFO - Setting next_dagrun for example_local_kubernetes_executor to None, run_after=None
[2024-08-12T10:07:58.484+0000] {processor.py:161} INFO - Processing /home/airflow/.local/lib/python3.7/site-packages/airflow/example_dags/example_local_kubernetes_executor.py took 0.066 seconds
[2024-08-12T10:08:29.158+0000] {processor.py:153} INFO - Started process (PID=1409) to work on /home/airflow/.local/lib/python3.7/site-packages/airflow/example_dags/example_local_kubernetes_executor.py
[2024-08-12T10:08:29.159+0000] {processor.py:640} INFO - Processing file /home/airflow/.local/lib/python3.7/site-packages/airflow/example_dags/example_local_kubernetes_executor.py for tasks to queue
[2024-08-12T10:08:29.159+0000] {logging_mixin.py:115} INFO - [2024-08-12T10:08:29.159+0000] {dagbag.py:508} INFO - Filling up the DagBag from /home/airflow/.local/lib/python3.7/site-packages/airflow/example_dags/example_local_kubernetes_executor.py
[2024-08-12T10:08:29.173+0000] {processor.py:650} INFO - DAG(s) dict_keys(['example_local_kubernetes_executor']) retrieved from /home/airflow/.local/lib/python3.7/site-packages/airflow/example_dags/example_local_kubernetes_executor.py
[2024-08-12T10:08:29.192+0000] {logging_mixin.py:115} INFO - [2024-08-12T10:08:29.192+0000] {dag.py:2429} INFO - Sync 1 DAGs
[2024-08-12T10:08:29.210+0000] {logging_mixin.py:115} INFO - [2024-08-12T10:08:29.210+0000] {dag.py:2981} INFO - Setting next_dagrun for example_local_kubernetes_executor to None, run_after=None
[2024-08-12T10:08:29.221+0000] {processor.py:161} INFO - Processing /home/airflow/.local/lib/python3.7/site-packages/airflow/example_dags/example_local_kubernetes_executor.py took 0.065 seconds
[2024-08-12T10:08:59.952+0000] {processor.py:153} INFO - Started process (PID=1472) to work on /home/airflow/.local/lib/python3.7/site-packages/airflow/example_dags/example_local_kubernetes_executor.py
[2024-08-12T10:08:59.953+0000] {processor.py:640} INFO - Processing file /home/airflow/.local/lib/python3.7/site-packages/airflow/example_dags/example_local_kubernetes_executor.py for tasks to queue
[2024-08-12T10:08:59.954+0000] {logging_mixin.py:115} INFO - [2024-08-12T10:08:59.954+0000] {dagbag.py:508} INFO - Filling up the DagBag from /home/airflow/.local/lib/python3.7/site-packages/airflow/example_dags/example_local_kubernetes_executor.py
[2024-08-12T10:08:59.967+0000] {processor.py:650} INFO - DAG(s) dict_keys(['example_local_kubernetes_executor']) retrieved from /home/airflow/.local/lib/python3.7/site-packages/airflow/example_dags/example_local_kubernetes_executor.py
[2024-08-12T10:08:59.986+0000] {logging_mixin.py:115} INFO - [2024-08-12T10:08:59.986+0000] {dag.py:2429} INFO - Sync 1 DAGs
[2024-08-12T10:09:00.005+0000] {logging_mixin.py:115} INFO - [2024-08-12T10:09:00.005+0000] {dag.py:2981} INFO - Setting next_dagrun for example_local_kubernetes_executor to None, run_after=None
[2024-08-12T10:09:00.017+0000] {processor.py:161} INFO - Processing /home/airflow/.local/lib/python3.7/site-packages/airflow/example_dags/example_local_kubernetes_executor.py took 0.067 seconds
[2024-08-12T10:09:30.667+0000] {processor.py:153} INFO - Started process (PID=1526) to work on /home/airflow/.local/lib/python3.7/site-packages/airflow/example_dags/example_local_kubernetes_executor.py
[2024-08-12T10:09:30.668+0000] {processor.py:640} INFO - Processing file /home/airflow/.local/lib/python3.7/site-packages/airflow/example_dags/example_local_kubernetes_executor.py for tasks to queue
[2024-08-12T10:09:30.669+0000] {logging_mixin.py:115} INFO - [2024-08-12T10:09:30.669+0000] {dagbag.py:508} INFO - Filling up the DagBag from /home/airflow/.local/lib/python3.7/site-packages/airflow/example_dags/example_local_kubernetes_executor.py
[2024-08-12T10:09:30.682+0000] {processor.py:650} INFO - DAG(s) dict_keys(['example_local_kubernetes_executor']) retrieved from /home/airflow/.local/lib/python3.7/site-packages/airflow/example_dags/example_local_kubernetes_executor.py
[2024-08-12T10:09:30.702+0000] {logging_mixin.py:115} INFO - [2024-08-12T10:09:30.702+0000] {dag.py:2429} INFO - Sync 1 DAGs
[2024-08-12T10:09:30.720+0000] {logging_mixin.py:115} INFO - [2024-08-12T10:09:30.720+0000] {dag.py:2981} INFO - Setting next_dagrun for example_local_kubernetes_executor to None, run_after=None
[2024-08-12T10:09:30.730+0000] {processor.py:161} INFO - Processing /home/airflow/.local/lib/python3.7/site-packages/airflow/example_dags/example_local_kubernetes_executor.py took 0.065 seconds
[2024-08-12T10:10:01.405+0000] {processor.py:153} INFO - Started process (PID=1589) to work on /home/airflow/.local/lib/python3.7/site-packages/airflow/example_dags/example_local_kubernetes_executor.py
[2024-08-12T10:10:01.405+0000] {processor.py:640} INFO - Processing file /home/airflow/.local/lib/python3.7/site-packages/airflow/example_dags/example_local_kubernetes_executor.py for tasks to queue
[2024-08-12T10:10:01.406+0000] {logging_mixin.py:115} INFO - [2024-08-12T10:10:01.406+0000] {dagbag.py:508} INFO - Filling up the DagBag from /home/airflow/.local/lib/python3.7/site-packages/airflow/example_dags/example_local_kubernetes_executor.py
[2024-08-12T10:10:01.420+0000] {processor.py:650} INFO - DAG(s) dict_keys(['example_local_kubernetes_executor']) retrieved from /home/airflow/.local/lib/python3.7/site-packages/airflow/example_dags/example_local_kubernetes_executor.py
[2024-08-12T10:10:01.440+0000] {logging_mixin.py:115} INFO - [2024-08-12T10:10:01.440+0000] {dag.py:2429} INFO - Sync 1 DAGs
[2024-08-12T10:10:01.460+0000] {logging_mixin.py:115} INFO - [2024-08-12T10:10:01.460+0000] {dag.py:2981} INFO - Setting next_dagrun for example_local_kubernetes_executor to None, run_after=None
[2024-08-12T10:10:01.471+0000] {processor.py:161} INFO - Processing /home/airflow/.local/lib/python3.7/site-packages/airflow/example_dags/example_local_kubernetes_executor.py took 0.069 seconds
[2024-08-12T10:10:32.207+0000] {processor.py:153} INFO - Started process (PID=1652) to work on /home/airflow/.local/lib/python3.7/site-packages/airflow/example_dags/example_local_kubernetes_executor.py
[2024-08-12T10:10:32.208+0000] {processor.py:640} INFO - Processing file /home/airflow/.local/lib/python3.7/site-packages/airflow/example_dags/example_local_kubernetes_executor.py for tasks to queue
[2024-08-12T10:10:32.209+0000] {logging_mixin.py:115} INFO - [2024-08-12T10:10:32.209+0000] {dagbag.py:508} INFO - Filling up the DagBag from /home/airflow/.local/lib/python3.7/site-packages/airflow/example_dags/example_local_kubernetes_executor.py
[2024-08-12T10:10:32.222+0000] {processor.py:650} INFO - DAG(s) dict_keys(['example_local_kubernetes_executor']) retrieved from /home/airflow/.local/lib/python3.7/site-packages/airflow/example_dags/example_local_kubernetes_executor.py
[2024-08-12T10:10:32.242+0000] {logging_mixin.py:115} INFO - [2024-08-12T10:10:32.242+0000] {dag.py:2429} INFO - Sync 1 DAGs
[2024-08-12T10:10:32.261+0000] {logging_mixin.py:115} INFO - [2024-08-12T10:10:32.261+0000] {dag.py:2981} INFO - Setting next_dagrun for example_local_kubernetes_executor to None, run_after=None
[2024-08-12T10:10:32.273+0000] {processor.py:161} INFO - Processing /home/airflow/.local/lib/python3.7/site-packages/airflow/example_dags/example_local_kubernetes_executor.py took 0.068 seconds
[2024-08-12T10:11:02.943+0000] {processor.py:153} INFO - Started process (PID=1715) to work on /home/airflow/.local/lib/python3.7/site-packages/airflow/example_dags/example_local_kubernetes_executor.py
[2024-08-12T10:11:02.943+0000] {processor.py:640} INFO - Processing file /home/airflow/.local/lib/python3.7/site-packages/airflow/example_dags/example_local_kubernetes_executor.py for tasks to queue
[2024-08-12T10:11:02.944+0000] {logging_mixin.py:115} INFO - [2024-08-12T10:11:02.944+0000] {dagbag.py:508} INFO - Filling up the DagBag from /home/airflow/.local/lib/python3.7/site-packages/airflow/example_dags/example_local_kubernetes_executor.py
[2024-08-12T10:11:02.958+0000] {processor.py:650} INFO - DAG(s) dict_keys(['example_local_kubernetes_executor']) retrieved from /home/airflow/.local/lib/python3.7/site-packages/airflow/example_dags/example_local_kubernetes_executor.py
[2024-08-12T10:11:02.982+0000] {logging_mixin.py:115} INFO - [2024-08-12T10:11:02.982+0000] {dag.py:2429} INFO - Sync 1 DAGs
[2024-08-12T10:11:03.001+0000] {logging_mixin.py:115} INFO - [2024-08-12T10:11:03.001+0000] {dag.py:2981} INFO - Setting next_dagrun for example_local_kubernetes_executor to None, run_after=None
[2024-08-12T10:11:03.012+0000] {processor.py:161} INFO - Processing /home/airflow/.local/lib/python3.7/site-packages/airflow/example_dags/example_local_kubernetes_executor.py took 0.072 seconds
[2024-08-12T10:11:33.739+0000] {processor.py:153} INFO - Started process (PID=1769) to work on /home/airflow/.local/lib/python3.7/site-packages/airflow/example_dags/example_local_kubernetes_executor.py
[2024-08-12T10:11:33.740+0000] {processor.py:640} INFO - Processing file /home/airflow/.local/lib/python3.7/site-packages/airflow/example_dags/example_local_kubernetes_executor.py for tasks to queue
[2024-08-12T10:11:33.740+0000] {logging_mixin.py:115} INFO - [2024-08-12T10:11:33.740+0000] {dagbag.py:508} INFO - Filling up the DagBag from /home/airflow/.local/lib/python3.7/site-packages/airflow/example_dags/example_local_kubernetes_executor.py
[2024-08-12T10:11:33.757+0000] {processor.py:650} INFO - DAG(s) dict_keys(['example_local_kubernetes_executor']) retrieved from /home/airflow/.local/lib/python3.7/site-packages/airflow/example_dags/example_local_kubernetes_executor.py
[2024-08-12T10:11:33.779+0000] {logging_mixin.py:115} INFO - [2024-08-12T10:11:33.779+0000] {dag.py:2429} INFO - Sync 1 DAGs
[2024-08-12T10:11:33.800+0000] {logging_mixin.py:115} INFO - [2024-08-12T10:11:33.800+0000] {dag.py:2981} INFO - Setting next_dagrun for example_local_kubernetes_executor to None, run_after=None
[2024-08-12T10:11:33.810+0000] {processor.py:161} INFO - Processing /home/airflow/.local/lib/python3.7/site-packages/airflow/example_dags/example_local_kubernetes_executor.py took 0.074 seconds
[2024-08-12T10:12:04.460+0000] {processor.py:153} INFO - Started process (PID=1832) to work on /home/airflow/.local/lib/python3.7/site-packages/airflow/example_dags/example_local_kubernetes_executor.py
[2024-08-12T10:12:04.460+0000] {processor.py:640} INFO - Processing file /home/airflow/.local/lib/python3.7/site-packages/airflow/example_dags/example_local_kubernetes_executor.py for tasks to queue
[2024-08-12T10:12:04.461+0000] {logging_mixin.py:115} INFO - [2024-08-12T10:12:04.460+0000] {dagbag.py:508} INFO - Filling up the DagBag from /home/airflow/.local/lib/python3.7/site-packages/airflow/example_dags/example_local_kubernetes_executor.py
[2024-08-12T10:12:04.474+0000] {processor.py:650} INFO - DAG(s) dict_keys(['example_local_kubernetes_executor']) retrieved from /home/airflow/.local/lib/python3.7/site-packages/airflow/example_dags/example_local_kubernetes_executor.py
[2024-08-12T10:12:04.494+0000] {logging_mixin.py:115} INFO - [2024-08-12T10:12:04.493+0000] {dag.py:2429} INFO - Sync 1 DAGs
[2024-08-12T10:12:04.511+0000] {logging_mixin.py:115} INFO - [2024-08-12T10:12:04.511+0000] {dag.py:2981} INFO - Setting next_dagrun for example_local_kubernetes_executor to None, run_after=None
[2024-08-12T10:12:04.521+0000] {processor.py:161} INFO - Processing /home/airflow/.local/lib/python3.7/site-packages/airflow/example_dags/example_local_kubernetes_executor.py took 0.064 seconds
[2024-08-12T10:12:35.445+0000] {processor.py:153} INFO - Started process (PID=1895) to work on /home/airflow/.local/lib/python3.7/site-packages/airflow/example_dags/example_local_kubernetes_executor.py
[2024-08-12T10:12:35.446+0000] {processor.py:640} INFO - Processing file /home/airflow/.local/lib/python3.7/site-packages/airflow/example_dags/example_local_kubernetes_executor.py for tasks to queue
[2024-08-12T10:12:35.446+0000] {logging_mixin.py:115} INFO - [2024-08-12T10:12:35.446+0000] {dagbag.py:508} INFO - Filling up the DagBag from /home/airflow/.local/lib/python3.7/site-packages/airflow/example_dags/example_local_kubernetes_executor.py
[2024-08-12T10:12:35.460+0000] {processor.py:650} INFO - DAG(s) dict_keys(['example_local_kubernetes_executor']) retrieved from /home/airflow/.local/lib/python3.7/site-packages/airflow/example_dags/example_local_kubernetes_executor.py
[2024-08-12T10:12:35.481+0000] {logging_mixin.py:115} INFO - [2024-08-12T10:12:35.481+0000] {dag.py:2429} INFO - Sync 1 DAGs
[2024-08-12T10:12:35.500+0000] {logging_mixin.py:115} INFO - [2024-08-12T10:12:35.500+0000] {dag.py:2981} INFO - Setting next_dagrun for example_local_kubernetes_executor to None, run_after=None
[2024-08-12T10:12:35.511+0000] {processor.py:161} INFO - Processing /home/airflow/.local/lib/python3.7/site-packages/airflow/example_dags/example_local_kubernetes_executor.py took 0.068 seconds
[2024-08-12T10:13:06.215+0000] {processor.py:153} INFO - Started process (PID=1958) to work on /home/airflow/.local/lib/python3.7/site-packages/airflow/example_dags/example_local_kubernetes_executor.py
[2024-08-12T10:13:06.215+0000] {processor.py:640} INFO - Processing file /home/airflow/.local/lib/python3.7/site-packages/airflow/example_dags/example_local_kubernetes_executor.py for tasks to queue
[2024-08-12T10:13:06.216+0000] {logging_mixin.py:115} INFO - [2024-08-12T10:13:06.216+0000] {dagbag.py:508} INFO - Filling up the DagBag from /home/airflow/.local/lib/python3.7/site-packages/airflow/example_dags/example_local_kubernetes_executor.py
[2024-08-12T10:13:06.230+0000] {processor.py:650} INFO - DAG(s) dict_keys(['example_local_kubernetes_executor']) retrieved from /home/airflow/.local/lib/python3.7/site-packages/airflow/example_dags/example_local_kubernetes_executor.py
[2024-08-12T10:13:06.251+0000] {logging_mixin.py:115} INFO - [2024-08-12T10:13:06.251+0000] {dag.py:2429} INFO - Sync 1 DAGs
[2024-08-12T10:13:06.271+0000] {logging_mixin.py:115} INFO - [2024-08-12T10:13:06.270+0000] {dag.py:2981} INFO - Setting next_dagrun for example_local_kubernetes_executor to None, run_after=None
[2024-08-12T10:13:06.290+0000] {processor.py:161} INFO - Processing /home/airflow/.local/lib/python3.7/site-packages/airflow/example_dags/example_local_kubernetes_executor.py took 0.078 seconds
[2024-08-12T10:13:36.968+0000] {processor.py:153} INFO - Started process (PID=2012) to work on /home/airflow/.local/lib/python3.7/site-packages/airflow/example_dags/example_local_kubernetes_executor.py
[2024-08-12T10:13:36.969+0000] {processor.py:640} INFO - Processing file /home/airflow/.local/lib/python3.7/site-packages/airflow/example_dags/example_local_kubernetes_executor.py for tasks to queue
[2024-08-12T10:13:36.970+0000] {logging_mixin.py:115} INFO - [2024-08-12T10:13:36.969+0000] {dagbag.py:508} INFO - Filling up the DagBag from /home/airflow/.local/lib/python3.7/site-packages/airflow/example_dags/example_local_kubernetes_executor.py
[2024-08-12T10:13:36.983+0000] {processor.py:650} INFO - DAG(s) dict_keys(['example_local_kubernetes_executor']) retrieved from /home/airflow/.local/lib/python3.7/site-packages/airflow/example_dags/example_local_kubernetes_executor.py
[2024-08-12T10:13:37.003+0000] {logging_mixin.py:115} INFO - [2024-08-12T10:13:37.002+0000] {dag.py:2429} INFO - Sync 1 DAGs
[2024-08-12T10:13:37.022+0000] {logging_mixin.py:115} INFO - [2024-08-12T10:13:37.021+0000] {dag.py:2981} INFO - Setting next_dagrun for example_local_kubernetes_executor to None, run_after=None
[2024-08-12T10:13:37.033+0000] {processor.py:161} INFO - Processing /home/airflow/.local/lib/python3.7/site-packages/airflow/example_dags/example_local_kubernetes_executor.py took 0.067 seconds
[2024-08-12T10:14:07.970+0000] {processor.py:153} INFO - Started process (PID=2075) to work on /home/airflow/.local/lib/python3.7/site-packages/airflow/example_dags/example_local_kubernetes_executor.py
[2024-08-12T10:14:07.971+0000] {processor.py:640} INFO - Processing file /home/airflow/.local/lib/python3.7/site-packages/airflow/example_dags/example_local_kubernetes_executor.py for tasks to queue
[2024-08-12T10:14:07.971+0000] {logging_mixin.py:115} INFO - [2024-08-12T10:14:07.971+0000] {dagbag.py:508} INFO - Filling up the DagBag from /home/airflow/.local/lib/python3.7/site-packages/airflow/example_dags/example_local_kubernetes_executor.py
[2024-08-12T10:14:07.986+0000] {processor.py:650} INFO - DAG(s) dict_keys(['example_local_kubernetes_executor']) retrieved from /home/airflow/.local/lib/python3.7/site-packages/airflow/example_dags/example_local_kubernetes_executor.py
[2024-08-12T10:14:08.007+0000] {logging_mixin.py:115} INFO - [2024-08-12T10:14:08.007+0000] {dag.py:2429} INFO - Sync 1 DAGs
[2024-08-12T10:14:08.028+0000] {logging_mixin.py:115} INFO - [2024-08-12T10:14:08.028+0000] {dag.py:2981} INFO - Setting next_dagrun for example_local_kubernetes_executor to None, run_after=None
[2024-08-12T10:14:08.038+0000] {processor.py:161} INFO - Processing /home/airflow/.local/lib/python3.7/site-packages/airflow/example_dags/example_local_kubernetes_executor.py took 0.071 seconds
