[2024-08-12T08:27:07.516+0000] {processor.py:153} INFO - Started process (PID=72) to work on /home/airflow/.local/lib/python3.7/site-packages/airflow/example_dags/example_trigger_target_dag.py
[2024-08-12T08:27:07.517+0000] {processor.py:640} INFO - Processing file /home/airflow/.local/lib/python3.7/site-packages/airflow/example_dags/example_trigger_target_dag.py for tasks to queue
[2024-08-12T08:27:07.518+0000] {logging_mixin.py:115} INFO - [2024-08-12T08:27:07.518+0000] {dagbag.py:508} INFO - Filling up the DagBag from /home/airflow/.local/lib/python3.7/site-packages/airflow/example_dags/example_trigger_target_dag.py
[2024-08-12T08:27:07.537+0000] {processor.py:650} INFO - DAG(s) dict_keys(['example_trigger_target_dag']) retrieved from /home/airflow/.local/lib/python3.7/site-packages/airflow/example_dags/example_trigger_target_dag.py
[2024-08-12T08:27:07.664+0000] {logging_mixin.py:115} INFO - [2024-08-12T08:27:07.663+0000] {manager.py:508} INFO - Created Permission View: can edit on DAG:example_trigger_target_dag
[2024-08-12T08:27:07.683+0000] {logging_mixin.py:115} INFO - [2024-08-12T08:27:07.682+0000] {manager.py:508} INFO - Created Permission View: can read on DAG:example_trigger_target_dag
[2024-08-12T08:27:07.694+0000] {logging_mixin.py:115} INFO - [2024-08-12T08:27:07.694+0000] {manager.py:508} INFO - Created Permission View: can delete on DAG:example_trigger_target_dag
[2024-08-12T08:27:07.695+0000] {logging_mixin.py:115} INFO - [2024-08-12T08:27:07.695+0000] {dag.py:2429} INFO - Sync 1 DAGs
[2024-08-12T08:27:07.708+0000] {logging_mixin.py:115} INFO - [2024-08-12T08:27:07.707+0000] {dag.py:2448} INFO - Creating ORM DAG for example_trigger_target_dag
[2024-08-12T08:27:07.725+0000] {logging_mixin.py:115} INFO - [2024-08-12T08:27:07.725+0000] {dag.py:2981} INFO - Setting next_dagrun for example_trigger_target_dag to None, run_after=None
[2024-08-12T08:27:07.746+0000] {processor.py:161} INFO - Processing /home/airflow/.local/lib/python3.7/site-packages/airflow/example_dags/example_trigger_target_dag.py took 0.234 seconds
[2024-08-12T08:27:38.269+0000] {processor.py:153} INFO - Started process (PID=124) to work on /home/airflow/.local/lib/python3.7/site-packages/airflow/example_dags/example_trigger_target_dag.py
[2024-08-12T08:27:38.270+0000] {processor.py:640} INFO - Processing file /home/airflow/.local/lib/python3.7/site-packages/airflow/example_dags/example_trigger_target_dag.py for tasks to queue
[2024-08-12T08:27:38.271+0000] {logging_mixin.py:115} INFO - [2024-08-12T08:27:38.271+0000] {dagbag.py:508} INFO - Filling up the DagBag from /home/airflow/.local/lib/python3.7/site-packages/airflow/example_dags/example_trigger_target_dag.py
[2024-08-12T08:27:38.284+0000] {processor.py:650} INFO - DAG(s) dict_keys(['example_trigger_target_dag']) retrieved from /home/airflow/.local/lib/python3.7/site-packages/airflow/example_dags/example_trigger_target_dag.py
[2024-08-12T08:27:38.305+0000] {logging_mixin.py:115} INFO - [2024-08-12T08:27:38.305+0000] {dag.py:2429} INFO - Sync 1 DAGs
[2024-08-12T08:27:38.324+0000] {logging_mixin.py:115} INFO - [2024-08-12T08:27:38.324+0000] {dag.py:2981} INFO - Setting next_dagrun for example_trigger_target_dag to None, run_after=None
[2024-08-12T08:27:38.335+0000] {processor.py:161} INFO - Processing /home/airflow/.local/lib/python3.7/site-packages/airflow/example_dags/example_trigger_target_dag.py took 0.068 seconds
[2024-08-12T08:28:08.987+0000] {processor.py:153} INFO - Started process (PID=185) to work on /home/airflow/.local/lib/python3.7/site-packages/airflow/example_dags/example_trigger_target_dag.py
[2024-08-12T08:28:08.987+0000] {processor.py:640} INFO - Processing file /home/airflow/.local/lib/python3.7/site-packages/airflow/example_dags/example_trigger_target_dag.py for tasks to queue
[2024-08-12T08:28:08.988+0000] {logging_mixin.py:115} INFO - [2024-08-12T08:28:08.987+0000] {dagbag.py:508} INFO - Filling up the DagBag from /home/airflow/.local/lib/python3.7/site-packages/airflow/example_dags/example_trigger_target_dag.py
[2024-08-12T08:28:09.000+0000] {processor.py:650} INFO - DAG(s) dict_keys(['example_trigger_target_dag']) retrieved from /home/airflow/.local/lib/python3.7/site-packages/airflow/example_dags/example_trigger_target_dag.py
[2024-08-12T08:28:09.021+0000] {logging_mixin.py:115} INFO - [2024-08-12T08:28:09.021+0000] {dag.py:2429} INFO - Sync 1 DAGs
[2024-08-12T08:28:09.040+0000] {logging_mixin.py:115} INFO - [2024-08-12T08:28:09.040+0000] {dag.py:2981} INFO - Setting next_dagrun for example_trigger_target_dag to None, run_after=None
[2024-08-12T08:28:09.050+0000] {processor.py:161} INFO - Processing /home/airflow/.local/lib/python3.7/site-packages/airflow/example_dags/example_trigger_target_dag.py took 0.066 seconds
[2024-08-12T09:57:11.757+0000] {processor.py:153} INFO - Started process (PID=74) to work on /home/airflow/.local/lib/python3.7/site-packages/airflow/example_dags/example_trigger_target_dag.py
[2024-08-12T09:57:11.758+0000] {processor.py:640} INFO - Processing file /home/airflow/.local/lib/python3.7/site-packages/airflow/example_dags/example_trigger_target_dag.py for tasks to queue
[2024-08-12T09:57:11.759+0000] {logging_mixin.py:115} INFO - [2024-08-12T09:57:11.759+0000] {dagbag.py:508} INFO - Filling up the DagBag from /home/airflow/.local/lib/python3.7/site-packages/airflow/example_dags/example_trigger_target_dag.py
[2024-08-12T09:57:11.775+0000] {processor.py:650} INFO - DAG(s) dict_keys(['example_trigger_target_dag']) retrieved from /home/airflow/.local/lib/python3.7/site-packages/airflow/example_dags/example_trigger_target_dag.py
[2024-08-12T09:57:11.805+0000] {logging_mixin.py:115} INFO - [2024-08-12T09:57:11.804+0000] {dag.py:2429} INFO - Sync 1 DAGs
[2024-08-12T09:57:11.829+0000] {logging_mixin.py:115} INFO - [2024-08-12T09:57:11.829+0000] {dag.py:2981} INFO - Setting next_dagrun for example_trigger_target_dag to None, run_after=None
[2024-08-12T09:57:11.843+0000] {processor.py:161} INFO - Processing /home/airflow/.local/lib/python3.7/site-packages/airflow/example_dags/example_trigger_target_dag.py took 0.090 seconds
[2024-08-12T09:57:42.290+0000] {processor.py:153} INFO - Started process (PID=128) to work on /home/airflow/.local/lib/python3.7/site-packages/airflow/example_dags/example_trigger_target_dag.py
[2024-08-12T09:57:42.291+0000] {processor.py:640} INFO - Processing file /home/airflow/.local/lib/python3.7/site-packages/airflow/example_dags/example_trigger_target_dag.py for tasks to queue
[2024-08-12T09:57:42.291+0000] {logging_mixin.py:115} INFO - [2024-08-12T09:57:42.291+0000] {dagbag.py:508} INFO - Filling up the DagBag from /home/airflow/.local/lib/python3.7/site-packages/airflow/example_dags/example_trigger_target_dag.py
[2024-08-12T09:57:42.305+0000] {processor.py:650} INFO - DAG(s) dict_keys(['example_trigger_target_dag']) retrieved from /home/airflow/.local/lib/python3.7/site-packages/airflow/example_dags/example_trigger_target_dag.py
[2024-08-12T09:57:42.329+0000] {logging_mixin.py:115} INFO - [2024-08-12T09:57:42.329+0000] {dag.py:2429} INFO - Sync 1 DAGs
[2024-08-12T09:57:42.366+0000] {logging_mixin.py:115} INFO - [2024-08-12T09:57:42.366+0000] {dag.py:2981} INFO - Setting next_dagrun for example_trigger_target_dag to None, run_after=None
[2024-08-12T09:57:42.381+0000] {processor.py:161} INFO - Processing /home/airflow/.local/lib/python3.7/site-packages/airflow/example_dags/example_trigger_target_dag.py took 0.094 seconds
[2024-08-12T09:58:13.175+0000] {processor.py:153} INFO - Started process (PID=191) to work on /home/airflow/.local/lib/python3.7/site-packages/airflow/example_dags/example_trigger_target_dag.py
[2024-08-12T09:58:13.176+0000] {processor.py:640} INFO - Processing file /home/airflow/.local/lib/python3.7/site-packages/airflow/example_dags/example_trigger_target_dag.py for tasks to queue
[2024-08-12T09:58:13.177+0000] {logging_mixin.py:115} INFO - [2024-08-12T09:58:13.177+0000] {dagbag.py:508} INFO - Filling up the DagBag from /home/airflow/.local/lib/python3.7/site-packages/airflow/example_dags/example_trigger_target_dag.py
[2024-08-12T09:58:13.188+0000] {processor.py:650} INFO - DAG(s) dict_keys(['example_trigger_target_dag']) retrieved from /home/airflow/.local/lib/python3.7/site-packages/airflow/example_dags/example_trigger_target_dag.py
[2024-08-12T09:58:13.208+0000] {logging_mixin.py:115} INFO - [2024-08-12T09:58:13.208+0000] {dag.py:2429} INFO - Sync 1 DAGs
[2024-08-12T09:58:13.232+0000] {logging_mixin.py:115} INFO - [2024-08-12T09:58:13.231+0000] {dag.py:2981} INFO - Setting next_dagrun for example_trigger_target_dag to None, run_after=None
[2024-08-12T09:58:13.242+0000] {processor.py:161} INFO - Processing /home/airflow/.local/lib/python3.7/site-packages/airflow/example_dags/example_trigger_target_dag.py took 0.069 seconds
[2024-08-12T09:58:44.130+0000] {processor.py:153} INFO - Started process (PID=254) to work on /home/airflow/.local/lib/python3.7/site-packages/airflow/example_dags/example_trigger_target_dag.py
[2024-08-12T09:58:44.131+0000] {processor.py:640} INFO - Processing file /home/airflow/.local/lib/python3.7/site-packages/airflow/example_dags/example_trigger_target_dag.py for tasks to queue
[2024-08-12T09:58:44.132+0000] {logging_mixin.py:115} INFO - [2024-08-12T09:58:44.132+0000] {dagbag.py:508} INFO - Filling up the DagBag from /home/airflow/.local/lib/python3.7/site-packages/airflow/example_dags/example_trigger_target_dag.py
[2024-08-12T09:58:44.144+0000] {processor.py:650} INFO - DAG(s) dict_keys(['example_trigger_target_dag']) retrieved from /home/airflow/.local/lib/python3.7/site-packages/airflow/example_dags/example_trigger_target_dag.py
[2024-08-12T09:58:44.166+0000] {logging_mixin.py:115} INFO - [2024-08-12T09:58:44.166+0000] {dag.py:2429} INFO - Sync 1 DAGs
[2024-08-12T09:58:44.185+0000] {logging_mixin.py:115} INFO - [2024-08-12T09:58:44.185+0000] {dag.py:2981} INFO - Setting next_dagrun for example_trigger_target_dag to None, run_after=None
[2024-08-12T09:58:44.196+0000] {processor.py:161} INFO - Processing /home/airflow/.local/lib/python3.7/site-packages/airflow/example_dags/example_trigger_target_dag.py took 0.068 seconds
[2024-08-12T09:59:15.138+0000] {processor.py:153} INFO - Started process (PID=317) to work on /home/airflow/.local/lib/python3.7/site-packages/airflow/example_dags/example_trigger_target_dag.py
[2024-08-12T09:59:15.139+0000] {processor.py:640} INFO - Processing file /home/airflow/.local/lib/python3.7/site-packages/airflow/example_dags/example_trigger_target_dag.py for tasks to queue
[2024-08-12T09:59:15.140+0000] {logging_mixin.py:115} INFO - [2024-08-12T09:59:15.139+0000] {dagbag.py:508} INFO - Filling up the DagBag from /home/airflow/.local/lib/python3.7/site-packages/airflow/example_dags/example_trigger_target_dag.py
[2024-08-12T09:59:15.151+0000] {processor.py:650} INFO - DAG(s) dict_keys(['example_trigger_target_dag']) retrieved from /home/airflow/.local/lib/python3.7/site-packages/airflow/example_dags/example_trigger_target_dag.py
[2024-08-12T09:59:15.171+0000] {logging_mixin.py:115} INFO - [2024-08-12T09:59:15.171+0000] {dag.py:2429} INFO - Sync 1 DAGs
[2024-08-12T09:59:15.187+0000] {logging_mixin.py:115} INFO - [2024-08-12T09:59:15.187+0000] {dag.py:2981} INFO - Setting next_dagrun for example_trigger_target_dag to None, run_after=None
[2024-08-12T09:59:15.197+0000] {processor.py:161} INFO - Processing /home/airflow/.local/lib/python3.7/site-packages/airflow/example_dags/example_trigger_target_dag.py took 0.061 seconds
[2024-08-12T09:59:45.365+0000] {processor.py:153} INFO - Started process (PID=371) to work on /home/airflow/.local/lib/python3.7/site-packages/airflow/example_dags/example_trigger_target_dag.py
[2024-08-12T09:59:45.366+0000] {processor.py:640} INFO - Processing file /home/airflow/.local/lib/python3.7/site-packages/airflow/example_dags/example_trigger_target_dag.py for tasks to queue
[2024-08-12T09:59:45.367+0000] {logging_mixin.py:115} INFO - [2024-08-12T09:59:45.367+0000] {dagbag.py:508} INFO - Filling up the DagBag from /home/airflow/.local/lib/python3.7/site-packages/airflow/example_dags/example_trigger_target_dag.py
[2024-08-12T09:59:45.378+0000] {processor.py:650} INFO - DAG(s) dict_keys(['example_trigger_target_dag']) retrieved from /home/airflow/.local/lib/python3.7/site-packages/airflow/example_dags/example_trigger_target_dag.py
[2024-08-12T09:59:45.400+0000] {logging_mixin.py:115} INFO - [2024-08-12T09:59:45.400+0000] {dag.py:2429} INFO - Sync 1 DAGs
[2024-08-12T09:59:45.419+0000] {logging_mixin.py:115} INFO - [2024-08-12T09:59:45.419+0000] {dag.py:2981} INFO - Setting next_dagrun for example_trigger_target_dag to None, run_after=None
[2024-08-12T09:59:45.430+0000] {processor.py:161} INFO - Processing /home/airflow/.local/lib/python3.7/site-packages/airflow/example_dags/example_trigger_target_dag.py took 0.067 seconds
[2024-08-12T10:00:16.147+0000] {processor.py:153} INFO - Started process (PID=434) to work on /home/airflow/.local/lib/python3.7/site-packages/airflow/example_dags/example_trigger_target_dag.py
[2024-08-12T10:00:16.148+0000] {processor.py:640} INFO - Processing file /home/airflow/.local/lib/python3.7/site-packages/airflow/example_dags/example_trigger_target_dag.py for tasks to queue
[2024-08-12T10:00:16.149+0000] {logging_mixin.py:115} INFO - [2024-08-12T10:00:16.148+0000] {dagbag.py:508} INFO - Filling up the DagBag from /home/airflow/.local/lib/python3.7/site-packages/airflow/example_dags/example_trigger_target_dag.py
[2024-08-12T10:00:16.160+0000] {processor.py:650} INFO - DAG(s) dict_keys(['example_trigger_target_dag']) retrieved from /home/airflow/.local/lib/python3.7/site-packages/airflow/example_dags/example_trigger_target_dag.py
[2024-08-12T10:00:16.179+0000] {logging_mixin.py:115} INFO - [2024-08-12T10:00:16.179+0000] {dag.py:2429} INFO - Sync 1 DAGs
[2024-08-12T10:00:16.197+0000] {logging_mixin.py:115} INFO - [2024-08-12T10:00:16.197+0000] {dag.py:2981} INFO - Setting next_dagrun for example_trigger_target_dag to None, run_after=None
[2024-08-12T10:00:16.207+0000] {processor.py:161} INFO - Processing /home/airflow/.local/lib/python3.7/site-packages/airflow/example_dags/example_trigger_target_dag.py took 0.062 seconds
[2024-08-12T10:00:46.904+0000] {processor.py:153} INFO - Started process (PID=497) to work on /home/airflow/.local/lib/python3.7/site-packages/airflow/example_dags/example_trigger_target_dag.py
[2024-08-12T10:00:46.905+0000] {processor.py:640} INFO - Processing file /home/airflow/.local/lib/python3.7/site-packages/airflow/example_dags/example_trigger_target_dag.py for tasks to queue
[2024-08-12T10:00:46.905+0000] {logging_mixin.py:115} INFO - [2024-08-12T10:00:46.905+0000] {dagbag.py:508} INFO - Filling up the DagBag from /home/airflow/.local/lib/python3.7/site-packages/airflow/example_dags/example_trigger_target_dag.py
[2024-08-12T10:00:46.917+0000] {processor.py:650} INFO - DAG(s) dict_keys(['example_trigger_target_dag']) retrieved from /home/airflow/.local/lib/python3.7/site-packages/airflow/example_dags/example_trigger_target_dag.py
[2024-08-12T10:00:46.939+0000] {logging_mixin.py:115} INFO - [2024-08-12T10:00:46.939+0000] {dag.py:2429} INFO - Sync 1 DAGs
[2024-08-12T10:00:46.959+0000] {logging_mixin.py:115} INFO - [2024-08-12T10:00:46.958+0000] {dag.py:2981} INFO - Setting next_dagrun for example_trigger_target_dag to None, run_after=None
[2024-08-12T10:00:46.969+0000] {processor.py:161} INFO - Processing /home/airflow/.local/lib/python3.7/site-packages/airflow/example_dags/example_trigger_target_dag.py took 0.068 seconds
[2024-08-12T10:01:17.723+0000] {processor.py:153} INFO - Started process (PID=560) to work on /home/airflow/.local/lib/python3.7/site-packages/airflow/example_dags/example_trigger_target_dag.py
[2024-08-12T10:01:17.724+0000] {processor.py:640} INFO - Processing file /home/airflow/.local/lib/python3.7/site-packages/airflow/example_dags/example_trigger_target_dag.py for tasks to queue
[2024-08-12T10:01:17.724+0000] {logging_mixin.py:115} INFO - [2024-08-12T10:01:17.724+0000] {dagbag.py:508} INFO - Filling up the DagBag from /home/airflow/.local/lib/python3.7/site-packages/airflow/example_dags/example_trigger_target_dag.py
[2024-08-12T10:01:17.736+0000] {processor.py:650} INFO - DAG(s) dict_keys(['example_trigger_target_dag']) retrieved from /home/airflow/.local/lib/python3.7/site-packages/airflow/example_dags/example_trigger_target_dag.py
[2024-08-12T10:01:17.757+0000] {logging_mixin.py:115} INFO - [2024-08-12T10:01:17.757+0000] {dag.py:2429} INFO - Sync 1 DAGs
[2024-08-12T10:01:17.780+0000] {logging_mixin.py:115} INFO - [2024-08-12T10:01:17.780+0000] {dag.py:2981} INFO - Setting next_dagrun for example_trigger_target_dag to None, run_after=None
[2024-08-12T10:01:17.790+0000] {processor.py:161} INFO - Processing /home/airflow/.local/lib/python3.7/site-packages/airflow/example_dags/example_trigger_target_dag.py took 0.070 seconds
[2024-08-12T10:01:48.498+0000] {processor.py:153} INFO - Started process (PID=614) to work on /home/airflow/.local/lib/python3.7/site-packages/airflow/example_dags/example_trigger_target_dag.py
[2024-08-12T10:01:48.499+0000] {processor.py:640} INFO - Processing file /home/airflow/.local/lib/python3.7/site-packages/airflow/example_dags/example_trigger_target_dag.py for tasks to queue
[2024-08-12T10:01:48.499+0000] {logging_mixin.py:115} INFO - [2024-08-12T10:01:48.499+0000] {dagbag.py:508} INFO - Filling up the DagBag from /home/airflow/.local/lib/python3.7/site-packages/airflow/example_dags/example_trigger_target_dag.py
[2024-08-12T10:01:48.511+0000] {processor.py:650} INFO - DAG(s) dict_keys(['example_trigger_target_dag']) retrieved from /home/airflow/.local/lib/python3.7/site-packages/airflow/example_dags/example_trigger_target_dag.py
[2024-08-12T10:01:48.532+0000] {logging_mixin.py:115} INFO - [2024-08-12T10:01:48.532+0000] {dag.py:2429} INFO - Sync 1 DAGs
[2024-08-12T10:01:48.550+0000] {logging_mixin.py:115} INFO - [2024-08-12T10:01:48.550+0000] {dag.py:2981} INFO - Setting next_dagrun for example_trigger_target_dag to None, run_after=None
[2024-08-12T10:01:48.560+0000] {processor.py:161} INFO - Processing /home/airflow/.local/lib/python3.7/site-packages/airflow/example_dags/example_trigger_target_dag.py took 0.065 seconds
[2024-08-12T10:02:19.285+0000] {processor.py:153} INFO - Started process (PID=677) to work on /home/airflow/.local/lib/python3.7/site-packages/airflow/example_dags/example_trigger_target_dag.py
[2024-08-12T10:02:19.286+0000] {processor.py:640} INFO - Processing file /home/airflow/.local/lib/python3.7/site-packages/airflow/example_dags/example_trigger_target_dag.py for tasks to queue
[2024-08-12T10:02:19.286+0000] {logging_mixin.py:115} INFO - [2024-08-12T10:02:19.286+0000] {dagbag.py:508} INFO - Filling up the DagBag from /home/airflow/.local/lib/python3.7/site-packages/airflow/example_dags/example_trigger_target_dag.py
[2024-08-12T10:02:19.298+0000] {processor.py:650} INFO - DAG(s) dict_keys(['example_trigger_target_dag']) retrieved from /home/airflow/.local/lib/python3.7/site-packages/airflow/example_dags/example_trigger_target_dag.py
[2024-08-12T10:02:19.317+0000] {logging_mixin.py:115} INFO - [2024-08-12T10:02:19.317+0000] {dag.py:2429} INFO - Sync 1 DAGs
[2024-08-12T10:02:19.336+0000] {logging_mixin.py:115} INFO - [2024-08-12T10:02:19.336+0000] {dag.py:2981} INFO - Setting next_dagrun for example_trigger_target_dag to None, run_after=None
[2024-08-12T10:02:19.346+0000] {processor.py:161} INFO - Processing /home/airflow/.local/lib/python3.7/site-packages/airflow/example_dags/example_trigger_target_dag.py took 0.064 seconds
[2024-08-12T10:02:50.090+0000] {processor.py:153} INFO - Started process (PID=740) to work on /home/airflow/.local/lib/python3.7/site-packages/airflow/example_dags/example_trigger_target_dag.py
[2024-08-12T10:02:50.091+0000] {processor.py:640} INFO - Processing file /home/airflow/.local/lib/python3.7/site-packages/airflow/example_dags/example_trigger_target_dag.py for tasks to queue
[2024-08-12T10:02:50.091+0000] {logging_mixin.py:115} INFO - [2024-08-12T10:02:50.091+0000] {dagbag.py:508} INFO - Filling up the DagBag from /home/airflow/.local/lib/python3.7/site-packages/airflow/example_dags/example_trigger_target_dag.py
[2024-08-12T10:02:50.104+0000] {processor.py:650} INFO - DAG(s) dict_keys(['example_trigger_target_dag']) retrieved from /home/airflow/.local/lib/python3.7/site-packages/airflow/example_dags/example_trigger_target_dag.py
[2024-08-12T10:02:50.124+0000] {logging_mixin.py:115} INFO - [2024-08-12T10:02:50.124+0000] {dag.py:2429} INFO - Sync 1 DAGs
[2024-08-12T10:02:50.142+0000] {logging_mixin.py:115} INFO - [2024-08-12T10:02:50.142+0000] {dag.py:2981} INFO - Setting next_dagrun for example_trigger_target_dag to None, run_after=None
[2024-08-12T10:02:50.152+0000] {processor.py:161} INFO - Processing /home/airflow/.local/lib/python3.7/site-packages/airflow/example_dags/example_trigger_target_dag.py took 0.065 seconds
[2024-08-12T10:03:20.908+0000] {processor.py:153} INFO - Started process (PID=793) to work on /home/airflow/.local/lib/python3.7/site-packages/airflow/example_dags/example_trigger_target_dag.py
[2024-08-12T10:03:20.909+0000] {processor.py:640} INFO - Processing file /home/airflow/.local/lib/python3.7/site-packages/airflow/example_dags/example_trigger_target_dag.py for tasks to queue
[2024-08-12T10:03:20.910+0000] {logging_mixin.py:115} INFO - [2024-08-12T10:03:20.909+0000] {dagbag.py:508} INFO - Filling up the DagBag from /home/airflow/.local/lib/python3.7/site-packages/airflow/example_dags/example_trigger_target_dag.py
[2024-08-12T10:03:20.922+0000] {processor.py:650} INFO - DAG(s) dict_keys(['example_trigger_target_dag']) retrieved from /home/airflow/.local/lib/python3.7/site-packages/airflow/example_dags/example_trigger_target_dag.py
[2024-08-12T10:03:20.942+0000] {logging_mixin.py:115} INFO - [2024-08-12T10:03:20.941+0000] {dag.py:2429} INFO - Sync 1 DAGs
[2024-08-12T10:03:20.966+0000] {logging_mixin.py:115} INFO - [2024-08-12T10:03:20.966+0000] {dag.py:2981} INFO - Setting next_dagrun for example_trigger_target_dag to None, run_after=None
[2024-08-12T10:03:20.977+0000] {processor.py:161} INFO - Processing /home/airflow/.local/lib/python3.7/site-packages/airflow/example_dags/example_trigger_target_dag.py took 0.071 seconds
[2024-08-12T10:03:51.774+0000] {processor.py:153} INFO - Started process (PID=856) to work on /home/airflow/.local/lib/python3.7/site-packages/airflow/example_dags/example_trigger_target_dag.py
[2024-08-12T10:03:51.775+0000] {processor.py:640} INFO - Processing file /home/airflow/.local/lib/python3.7/site-packages/airflow/example_dags/example_trigger_target_dag.py for tasks to queue
[2024-08-12T10:03:51.776+0000] {logging_mixin.py:115} INFO - [2024-08-12T10:03:51.776+0000] {dagbag.py:508} INFO - Filling up the DagBag from /home/airflow/.local/lib/python3.7/site-packages/airflow/example_dags/example_trigger_target_dag.py
[2024-08-12T10:03:51.789+0000] {processor.py:650} INFO - DAG(s) dict_keys(['example_trigger_target_dag']) retrieved from /home/airflow/.local/lib/python3.7/site-packages/airflow/example_dags/example_trigger_target_dag.py
[2024-08-12T10:03:51.810+0000] {logging_mixin.py:115} INFO - [2024-08-12T10:03:51.810+0000] {dag.py:2429} INFO - Sync 1 DAGs
[2024-08-12T10:03:51.829+0000] {logging_mixin.py:115} INFO - [2024-08-12T10:03:51.828+0000] {dag.py:2981} INFO - Setting next_dagrun for example_trigger_target_dag to None, run_after=None
[2024-08-12T10:03:51.839+0000] {processor.py:161} INFO - Processing /home/airflow/.local/lib/python3.7/site-packages/airflow/example_dags/example_trigger_target_dag.py took 0.067 seconds
[2024-08-12T10:04:22.683+0000] {processor.py:153} INFO - Started process (PID=919) to work on /home/airflow/.local/lib/python3.7/site-packages/airflow/example_dags/example_trigger_target_dag.py
[2024-08-12T10:04:22.684+0000] {processor.py:640} INFO - Processing file /home/airflow/.local/lib/python3.7/site-packages/airflow/example_dags/example_trigger_target_dag.py for tasks to queue
[2024-08-12T10:04:22.685+0000] {logging_mixin.py:115} INFO - [2024-08-12T10:04:22.685+0000] {dagbag.py:508} INFO - Filling up the DagBag from /home/airflow/.local/lib/python3.7/site-packages/airflow/example_dags/example_trigger_target_dag.py
[2024-08-12T10:04:22.697+0000] {processor.py:650} INFO - DAG(s) dict_keys(['example_trigger_target_dag']) retrieved from /home/airflow/.local/lib/python3.7/site-packages/airflow/example_dags/example_trigger_target_dag.py
[2024-08-12T10:04:22.717+0000] {logging_mixin.py:115} INFO - [2024-08-12T10:04:22.717+0000] {dag.py:2429} INFO - Sync 1 DAGs
[2024-08-12T10:04:22.736+0000] {logging_mixin.py:115} INFO - [2024-08-12T10:04:22.736+0000] {dag.py:2981} INFO - Setting next_dagrun for example_trigger_target_dag to None, run_after=None
[2024-08-12T10:04:22.746+0000] {processor.py:161} INFO - Processing /home/airflow/.local/lib/python3.7/site-packages/airflow/example_dags/example_trigger_target_dag.py took 0.065 seconds
[2024-08-12T10:04:53.487+0000] {processor.py:153} INFO - Started process (PID=982) to work on /home/airflow/.local/lib/python3.7/site-packages/airflow/example_dags/example_trigger_target_dag.py
[2024-08-12T10:04:53.488+0000] {processor.py:640} INFO - Processing file /home/airflow/.local/lib/python3.7/site-packages/airflow/example_dags/example_trigger_target_dag.py for tasks to queue
[2024-08-12T10:04:53.488+0000] {logging_mixin.py:115} INFO - [2024-08-12T10:04:53.488+0000] {dagbag.py:508} INFO - Filling up the DagBag from /home/airflow/.local/lib/python3.7/site-packages/airflow/example_dags/example_trigger_target_dag.py
[2024-08-12T10:04:53.501+0000] {processor.py:650} INFO - DAG(s) dict_keys(['example_trigger_target_dag']) retrieved from /home/airflow/.local/lib/python3.7/site-packages/airflow/example_dags/example_trigger_target_dag.py
[2024-08-12T10:04:53.521+0000] {logging_mixin.py:115} INFO - [2024-08-12T10:04:53.521+0000] {dag.py:2429} INFO - Sync 1 DAGs
[2024-08-12T10:04:53.540+0000] {logging_mixin.py:115} INFO - [2024-08-12T10:04:53.540+0000] {dag.py:2981} INFO - Setting next_dagrun for example_trigger_target_dag to None, run_after=None
[2024-08-12T10:04:53.552+0000] {processor.py:161} INFO - Processing /home/airflow/.local/lib/python3.7/site-packages/airflow/example_dags/example_trigger_target_dag.py took 0.067 seconds
[2024-08-12T10:05:24.336+0000] {processor.py:153} INFO - Started process (PID=1043) to work on /home/airflow/.local/lib/python3.7/site-packages/airflow/example_dags/example_trigger_target_dag.py
[2024-08-12T10:05:24.337+0000] {processor.py:640} INFO - Processing file /home/airflow/.local/lib/python3.7/site-packages/airflow/example_dags/example_trigger_target_dag.py for tasks to queue
[2024-08-12T10:05:24.338+0000] {logging_mixin.py:115} INFO - [2024-08-12T10:05:24.338+0000] {dagbag.py:508} INFO - Filling up the DagBag from /home/airflow/.local/lib/python3.7/site-packages/airflow/example_dags/example_trigger_target_dag.py
[2024-08-12T10:05:24.350+0000] {processor.py:650} INFO - DAG(s) dict_keys(['example_trigger_target_dag']) retrieved from /home/airflow/.local/lib/python3.7/site-packages/airflow/example_dags/example_trigger_target_dag.py
[2024-08-12T10:05:24.372+0000] {logging_mixin.py:115} INFO - [2024-08-12T10:05:24.372+0000] {dag.py:2429} INFO - Sync 1 DAGs
[2024-08-12T10:05:24.391+0000] {logging_mixin.py:115} INFO - [2024-08-12T10:05:24.391+0000] {dag.py:2981} INFO - Setting next_dagrun for example_trigger_target_dag to None, run_after=None
[2024-08-12T10:05:24.403+0000] {processor.py:161} INFO - Processing /home/airflow/.local/lib/python3.7/site-packages/airflow/example_dags/example_trigger_target_dag.py took 0.070 seconds
[2024-08-12T10:05:55.203+0000] {processor.py:153} INFO - Started process (PID=1099) to work on /home/airflow/.local/lib/python3.7/site-packages/airflow/example_dags/example_trigger_target_dag.py
[2024-08-12T10:05:55.204+0000] {processor.py:640} INFO - Processing file /home/airflow/.local/lib/python3.7/site-packages/airflow/example_dags/example_trigger_target_dag.py for tasks to queue
[2024-08-12T10:05:55.204+0000] {logging_mixin.py:115} INFO - [2024-08-12T10:05:55.204+0000] {dagbag.py:508} INFO - Filling up the DagBag from /home/airflow/.local/lib/python3.7/site-packages/airflow/example_dags/example_trigger_target_dag.py
[2024-08-12T10:05:55.216+0000] {processor.py:650} INFO - DAG(s) dict_keys(['example_trigger_target_dag']) retrieved from /home/airflow/.local/lib/python3.7/site-packages/airflow/example_dags/example_trigger_target_dag.py
[2024-08-12T10:05:55.236+0000] {logging_mixin.py:115} INFO - [2024-08-12T10:05:55.236+0000] {dag.py:2429} INFO - Sync 1 DAGs
[2024-08-12T10:05:55.256+0000] {logging_mixin.py:115} INFO - [2024-08-12T10:05:55.255+0000] {dag.py:2981} INFO - Setting next_dagrun for example_trigger_target_dag to None, run_after=None
[2024-08-12T10:05:55.267+0000] {processor.py:161} INFO - Processing /home/airflow/.local/lib/python3.7/site-packages/airflow/example_dags/example_trigger_target_dag.py took 0.067 seconds
[2024-08-12T10:06:26.024+0000] {processor.py:153} INFO - Started process (PID=1163) to work on /home/airflow/.local/lib/python3.7/site-packages/airflow/example_dags/example_trigger_target_dag.py
[2024-08-12T10:06:26.025+0000] {processor.py:640} INFO - Processing file /home/airflow/.local/lib/python3.7/site-packages/airflow/example_dags/example_trigger_target_dag.py for tasks to queue
[2024-08-12T10:06:26.026+0000] {logging_mixin.py:115} INFO - [2024-08-12T10:06:26.026+0000] {dagbag.py:508} INFO - Filling up the DagBag from /home/airflow/.local/lib/python3.7/site-packages/airflow/example_dags/example_trigger_target_dag.py
[2024-08-12T10:06:26.037+0000] {processor.py:650} INFO - DAG(s) dict_keys(['example_trigger_target_dag']) retrieved from /home/airflow/.local/lib/python3.7/site-packages/airflow/example_dags/example_trigger_target_dag.py
[2024-08-12T10:06:26.057+0000] {logging_mixin.py:115} INFO - [2024-08-12T10:06:26.057+0000] {dag.py:2429} INFO - Sync 1 DAGs
[2024-08-12T10:06:26.075+0000] {logging_mixin.py:115} INFO - [2024-08-12T10:06:26.075+0000] {dag.py:2981} INFO - Setting next_dagrun for example_trigger_target_dag to None, run_after=None
[2024-08-12T10:06:26.084+0000] {processor.py:161} INFO - Processing /home/airflow/.local/lib/python3.7/site-packages/airflow/example_dags/example_trigger_target_dag.py took 0.062 seconds
[2024-08-12T10:06:56.846+0000] {processor.py:153} INFO - Started process (PID=1225) to work on /home/airflow/.local/lib/python3.7/site-packages/airflow/example_dags/example_trigger_target_dag.py
[2024-08-12T10:06:56.847+0000] {processor.py:640} INFO - Processing file /home/airflow/.local/lib/python3.7/site-packages/airflow/example_dags/example_trigger_target_dag.py for tasks to queue
[2024-08-12T10:06:56.847+0000] {logging_mixin.py:115} INFO - [2024-08-12T10:06:56.847+0000] {dagbag.py:508} INFO - Filling up the DagBag from /home/airflow/.local/lib/python3.7/site-packages/airflow/example_dags/example_trigger_target_dag.py
[2024-08-12T10:06:56.859+0000] {processor.py:650} INFO - DAG(s) dict_keys(['example_trigger_target_dag']) retrieved from /home/airflow/.local/lib/python3.7/site-packages/airflow/example_dags/example_trigger_target_dag.py
[2024-08-12T10:06:56.878+0000] {logging_mixin.py:115} INFO - [2024-08-12T10:06:56.878+0000] {dag.py:2429} INFO - Sync 1 DAGs
[2024-08-12T10:06:56.895+0000] {logging_mixin.py:115} INFO - [2024-08-12T10:06:56.895+0000] {dag.py:2981} INFO - Setting next_dagrun for example_trigger_target_dag to None, run_after=None
[2024-08-12T10:06:56.905+0000] {processor.py:161} INFO - Processing /home/airflow/.local/lib/python3.7/site-packages/airflow/example_dags/example_trigger_target_dag.py took 0.061 seconds
[2024-08-12T10:07:27.280+0000] {processor.py:153} INFO - Started process (PID=1279) to work on /home/airflow/.local/lib/python3.7/site-packages/airflow/example_dags/example_trigger_target_dag.py
[2024-08-12T10:07:27.281+0000] {processor.py:640} INFO - Processing file /home/airflow/.local/lib/python3.7/site-packages/airflow/example_dags/example_trigger_target_dag.py for tasks to queue
[2024-08-12T10:07:27.282+0000] {logging_mixin.py:115} INFO - [2024-08-12T10:07:27.281+0000] {dagbag.py:508} INFO - Filling up the DagBag from /home/airflow/.local/lib/python3.7/site-packages/airflow/example_dags/example_trigger_target_dag.py
[2024-08-12T10:07:27.294+0000] {processor.py:650} INFO - DAG(s) dict_keys(['example_trigger_target_dag']) retrieved from /home/airflow/.local/lib/python3.7/site-packages/airflow/example_dags/example_trigger_target_dag.py
[2024-08-12T10:07:27.316+0000] {logging_mixin.py:115} INFO - [2024-08-12T10:07:27.316+0000] {dag.py:2429} INFO - Sync 1 DAGs
[2024-08-12T10:07:27.336+0000] {logging_mixin.py:115} INFO - [2024-08-12T10:07:27.335+0000] {dag.py:2981} INFO - Setting next_dagrun for example_trigger_target_dag to None, run_after=None
[2024-08-12T10:07:27.346+0000] {processor.py:161} INFO - Processing /home/airflow/.local/lib/python3.7/site-packages/airflow/example_dags/example_trigger_target_dag.py took 0.069 seconds
[2024-08-12T10:07:58.329+0000] {processor.py:153} INFO - Started process (PID=1343) to work on /home/airflow/.local/lib/python3.7/site-packages/airflow/example_dags/example_trigger_target_dag.py
[2024-08-12T10:07:58.330+0000] {processor.py:640} INFO - Processing file /home/airflow/.local/lib/python3.7/site-packages/airflow/example_dags/example_trigger_target_dag.py for tasks to queue
[2024-08-12T10:07:58.330+0000] {logging_mixin.py:115} INFO - [2024-08-12T10:07:58.330+0000] {dagbag.py:508} INFO - Filling up the DagBag from /home/airflow/.local/lib/python3.7/site-packages/airflow/example_dags/example_trigger_target_dag.py
[2024-08-12T10:07:58.343+0000] {processor.py:650} INFO - DAG(s) dict_keys(['example_trigger_target_dag']) retrieved from /home/airflow/.local/lib/python3.7/site-packages/airflow/example_dags/example_trigger_target_dag.py
[2024-08-12T10:07:58.364+0000] {logging_mixin.py:115} INFO - [2024-08-12T10:07:58.364+0000] {dag.py:2429} INFO - Sync 1 DAGs
[2024-08-12T10:07:58.383+0000] {logging_mixin.py:115} INFO - [2024-08-12T10:07:58.383+0000] {dag.py:2981} INFO - Setting next_dagrun for example_trigger_target_dag to None, run_after=None
[2024-08-12T10:07:58.394+0000] {processor.py:161} INFO - Processing /home/airflow/.local/lib/python3.7/site-packages/airflow/example_dags/example_trigger_target_dag.py took 0.067 seconds
[2024-08-12T10:08:29.062+0000] {processor.py:153} INFO - Started process (PID=1406) to work on /home/airflow/.local/lib/python3.7/site-packages/airflow/example_dags/example_trigger_target_dag.py
[2024-08-12T10:08:29.062+0000] {processor.py:640} INFO - Processing file /home/airflow/.local/lib/python3.7/site-packages/airflow/example_dags/example_trigger_target_dag.py for tasks to queue
[2024-08-12T10:08:29.063+0000] {logging_mixin.py:115} INFO - [2024-08-12T10:08:29.063+0000] {dagbag.py:508} INFO - Filling up the DagBag from /home/airflow/.local/lib/python3.7/site-packages/airflow/example_dags/example_trigger_target_dag.py
[2024-08-12T10:08:29.075+0000] {processor.py:650} INFO - DAG(s) dict_keys(['example_trigger_target_dag']) retrieved from /home/airflow/.local/lib/python3.7/site-packages/airflow/example_dags/example_trigger_target_dag.py
[2024-08-12T10:08:29.097+0000] {logging_mixin.py:115} INFO - [2024-08-12T10:08:29.096+0000] {dag.py:2429} INFO - Sync 1 DAGs
[2024-08-12T10:08:29.115+0000] {logging_mixin.py:115} INFO - [2024-08-12T10:08:29.115+0000] {dag.py:2981} INFO - Setting next_dagrun for example_trigger_target_dag to None, run_after=None
[2024-08-12T10:08:29.125+0000] {processor.py:161} INFO - Processing /home/airflow/.local/lib/python3.7/site-packages/airflow/example_dags/example_trigger_target_dag.py took 0.065 seconds
[2024-08-12T10:08:59.849+0000] {processor.py:153} INFO - Started process (PID=1469) to work on /home/airflow/.local/lib/python3.7/site-packages/airflow/example_dags/example_trigger_target_dag.py
[2024-08-12T10:08:59.850+0000] {processor.py:640} INFO - Processing file /home/airflow/.local/lib/python3.7/site-packages/airflow/example_dags/example_trigger_target_dag.py for tasks to queue
[2024-08-12T10:08:59.851+0000] {logging_mixin.py:115} INFO - [2024-08-12T10:08:59.851+0000] {dagbag.py:508} INFO - Filling up the DagBag from /home/airflow/.local/lib/python3.7/site-packages/airflow/example_dags/example_trigger_target_dag.py
[2024-08-12T10:08:59.863+0000] {processor.py:650} INFO - DAG(s) dict_keys(['example_trigger_target_dag']) retrieved from /home/airflow/.local/lib/python3.7/site-packages/airflow/example_dags/example_trigger_target_dag.py
[2024-08-12T10:08:59.885+0000] {logging_mixin.py:115} INFO - [2024-08-12T10:08:59.885+0000] {dag.py:2429} INFO - Sync 1 DAGs
[2024-08-12T10:08:59.905+0000] {logging_mixin.py:115} INFO - [2024-08-12T10:08:59.905+0000] {dag.py:2981} INFO - Setting next_dagrun for example_trigger_target_dag to None, run_after=None
[2024-08-12T10:08:59.915+0000] {processor.py:161} INFO - Processing /home/airflow/.local/lib/python3.7/site-packages/airflow/example_dags/example_trigger_target_dag.py took 0.069 seconds
[2024-08-12T10:09:30.515+0000] {processor.py:153} INFO - Started process (PID=1523) to work on /home/airflow/.local/lib/python3.7/site-packages/airflow/example_dags/example_trigger_target_dag.py
[2024-08-12T10:09:30.516+0000] {processor.py:640} INFO - Processing file /home/airflow/.local/lib/python3.7/site-packages/airflow/example_dags/example_trigger_target_dag.py for tasks to queue
[2024-08-12T10:09:30.516+0000] {logging_mixin.py:115} INFO - [2024-08-12T10:09:30.516+0000] {dagbag.py:508} INFO - Filling up the DagBag from /home/airflow/.local/lib/python3.7/site-packages/airflow/example_dags/example_trigger_target_dag.py
[2024-08-12T10:09:30.528+0000] {processor.py:650} INFO - DAG(s) dict_keys(['example_trigger_target_dag']) retrieved from /home/airflow/.local/lib/python3.7/site-packages/airflow/example_dags/example_trigger_target_dag.py
[2024-08-12T10:09:30.548+0000] {logging_mixin.py:115} INFO - [2024-08-12T10:09:30.548+0000] {dag.py:2429} INFO - Sync 1 DAGs
[2024-08-12T10:09:30.567+0000] {logging_mixin.py:115} INFO - [2024-08-12T10:09:30.567+0000] {dag.py:2981} INFO - Setting next_dagrun for example_trigger_target_dag to None, run_after=None
[2024-08-12T10:09:30.577+0000] {processor.py:161} INFO - Processing /home/airflow/.local/lib/python3.7/site-packages/airflow/example_dags/example_trigger_target_dag.py took 0.064 seconds
[2024-08-12T10:10:01.241+0000] {processor.py:153} INFO - Started process (PID=1586) to work on /home/airflow/.local/lib/python3.7/site-packages/airflow/example_dags/example_trigger_target_dag.py
[2024-08-12T10:10:01.242+0000] {processor.py:640} INFO - Processing file /home/airflow/.local/lib/python3.7/site-packages/airflow/example_dags/example_trigger_target_dag.py for tasks to queue
[2024-08-12T10:10:01.242+0000] {logging_mixin.py:115} INFO - [2024-08-12T10:10:01.242+0000] {dagbag.py:508} INFO - Filling up the DagBag from /home/airflow/.local/lib/python3.7/site-packages/airflow/example_dags/example_trigger_target_dag.py
[2024-08-12T10:10:01.254+0000] {processor.py:650} INFO - DAG(s) dict_keys(['example_trigger_target_dag']) retrieved from /home/airflow/.local/lib/python3.7/site-packages/airflow/example_dags/example_trigger_target_dag.py
[2024-08-12T10:10:01.276+0000] {logging_mixin.py:115} INFO - [2024-08-12T10:10:01.276+0000] {dag.py:2429} INFO - Sync 1 DAGs
[2024-08-12T10:10:01.297+0000] {logging_mixin.py:115} INFO - [2024-08-12T10:10:01.296+0000] {dag.py:2981} INFO - Setting next_dagrun for example_trigger_target_dag to None, run_after=None
[2024-08-12T10:10:01.307+0000] {processor.py:161} INFO - Processing /home/airflow/.local/lib/python3.7/site-packages/airflow/example_dags/example_trigger_target_dag.py took 0.069 seconds
[2024-08-12T10:10:31.975+0000] {processor.py:153} INFO - Started process (PID=1648) to work on /home/airflow/.local/lib/python3.7/site-packages/airflow/example_dags/example_trigger_target_dag.py
[2024-08-12T10:10:31.976+0000] {processor.py:640} INFO - Processing file /home/airflow/.local/lib/python3.7/site-packages/airflow/example_dags/example_trigger_target_dag.py for tasks to queue
[2024-08-12T10:10:31.977+0000] {logging_mixin.py:115} INFO - [2024-08-12T10:10:31.977+0000] {dagbag.py:508} INFO - Filling up the DagBag from /home/airflow/.local/lib/python3.7/site-packages/airflow/example_dags/example_trigger_target_dag.py
[2024-08-12T10:10:31.989+0000] {processor.py:650} INFO - DAG(s) dict_keys(['example_trigger_target_dag']) retrieved from /home/airflow/.local/lib/python3.7/site-packages/airflow/example_dags/example_trigger_target_dag.py
[2024-08-12T10:10:32.008+0000] {logging_mixin.py:115} INFO - [2024-08-12T10:10:32.008+0000] {dag.py:2429} INFO - Sync 1 DAGs
[2024-08-12T10:10:32.027+0000] {logging_mixin.py:115} INFO - [2024-08-12T10:10:32.026+0000] {dag.py:2981} INFO - Setting next_dagrun for example_trigger_target_dag to None, run_after=None
[2024-08-12T10:10:32.037+0000] {processor.py:161} INFO - Processing /home/airflow/.local/lib/python3.7/site-packages/airflow/example_dags/example_trigger_target_dag.py took 0.064 seconds
[2024-08-12T10:11:02.708+0000] {processor.py:153} INFO - Started process (PID=1711) to work on /home/airflow/.local/lib/python3.7/site-packages/airflow/example_dags/example_trigger_target_dag.py
[2024-08-12T10:11:02.709+0000] {processor.py:640} INFO - Processing file /home/airflow/.local/lib/python3.7/site-packages/airflow/example_dags/example_trigger_target_dag.py for tasks to queue
[2024-08-12T10:11:02.709+0000] {logging_mixin.py:115} INFO - [2024-08-12T10:11:02.709+0000] {dagbag.py:508} INFO - Filling up the DagBag from /home/airflow/.local/lib/python3.7/site-packages/airflow/example_dags/example_trigger_target_dag.py
[2024-08-12T10:11:02.721+0000] {processor.py:650} INFO - DAG(s) dict_keys(['example_trigger_target_dag']) retrieved from /home/airflow/.local/lib/python3.7/site-packages/airflow/example_dags/example_trigger_target_dag.py
[2024-08-12T10:11:02.742+0000] {logging_mixin.py:115} INFO - [2024-08-12T10:11:02.742+0000] {dag.py:2429} INFO - Sync 1 DAGs
[2024-08-12T10:11:02.761+0000] {logging_mixin.py:115} INFO - [2024-08-12T10:11:02.760+0000] {dag.py:2981} INFO - Setting next_dagrun for example_trigger_target_dag to None, run_after=None
[2024-08-12T10:11:02.771+0000] {processor.py:161} INFO - Processing /home/airflow/.local/lib/python3.7/site-packages/airflow/example_dags/example_trigger_target_dag.py took 0.065 seconds
[2024-08-12T10:11:33.498+0000] {processor.py:153} INFO - Started process (PID=1765) to work on /home/airflow/.local/lib/python3.7/site-packages/airflow/example_dags/example_trigger_target_dag.py
[2024-08-12T10:11:33.499+0000] {processor.py:640} INFO - Processing file /home/airflow/.local/lib/python3.7/site-packages/airflow/example_dags/example_trigger_target_dag.py for tasks to queue
[2024-08-12T10:11:33.499+0000] {logging_mixin.py:115} INFO - [2024-08-12T10:11:33.499+0000] {dagbag.py:508} INFO - Filling up the DagBag from /home/airflow/.local/lib/python3.7/site-packages/airflow/example_dags/example_trigger_target_dag.py
[2024-08-12T10:11:33.511+0000] {processor.py:650} INFO - DAG(s) dict_keys(['example_trigger_target_dag']) retrieved from /home/airflow/.local/lib/python3.7/site-packages/airflow/example_dags/example_trigger_target_dag.py
[2024-08-12T10:11:33.531+0000] {logging_mixin.py:115} INFO - [2024-08-12T10:11:33.531+0000] {dag.py:2429} INFO - Sync 1 DAGs
[2024-08-12T10:11:33.551+0000] {logging_mixin.py:115} INFO - [2024-08-12T10:11:33.550+0000] {dag.py:2981} INFO - Setting next_dagrun for example_trigger_target_dag to None, run_after=None
[2024-08-12T10:11:33.561+0000] {processor.py:161} INFO - Processing /home/airflow/.local/lib/python3.7/site-packages/airflow/example_dags/example_trigger_target_dag.py took 0.065 seconds
[2024-08-12T10:12:04.228+0000] {processor.py:153} INFO - Started process (PID=1828) to work on /home/airflow/.local/lib/python3.7/site-packages/airflow/example_dags/example_trigger_target_dag.py
[2024-08-12T10:12:04.228+0000] {processor.py:640} INFO - Processing file /home/airflow/.local/lib/python3.7/site-packages/airflow/example_dags/example_trigger_target_dag.py for tasks to queue
[2024-08-12T10:12:04.229+0000] {logging_mixin.py:115} INFO - [2024-08-12T10:12:04.229+0000] {dagbag.py:508} INFO - Filling up the DagBag from /home/airflow/.local/lib/python3.7/site-packages/airflow/example_dags/example_trigger_target_dag.py
[2024-08-12T10:12:04.241+0000] {processor.py:650} INFO - DAG(s) dict_keys(['example_trigger_target_dag']) retrieved from /home/airflow/.local/lib/python3.7/site-packages/airflow/example_dags/example_trigger_target_dag.py
[2024-08-12T10:12:04.262+0000] {logging_mixin.py:115} INFO - [2024-08-12T10:12:04.262+0000] {dag.py:2429} INFO - Sync 1 DAGs
[2024-08-12T10:12:04.282+0000] {logging_mixin.py:115} INFO - [2024-08-12T10:12:04.281+0000] {dag.py:2981} INFO - Setting next_dagrun for example_trigger_target_dag to None, run_after=None
[2024-08-12T10:12:04.293+0000] {processor.py:161} INFO - Processing /home/airflow/.local/lib/python3.7/site-packages/airflow/example_dags/example_trigger_target_dag.py took 0.068 seconds
[2024-08-12T10:12:35.116+0000] {processor.py:153} INFO - Started process (PID=1891) to work on /home/airflow/.local/lib/python3.7/site-packages/airflow/example_dags/example_trigger_target_dag.py
[2024-08-12T10:12:35.117+0000] {processor.py:640} INFO - Processing file /home/airflow/.local/lib/python3.7/site-packages/airflow/example_dags/example_trigger_target_dag.py for tasks to queue
[2024-08-12T10:12:35.118+0000] {logging_mixin.py:115} INFO - [2024-08-12T10:12:35.118+0000] {dagbag.py:508} INFO - Filling up the DagBag from /home/airflow/.local/lib/python3.7/site-packages/airflow/example_dags/example_trigger_target_dag.py
[2024-08-12T10:12:35.134+0000] {processor.py:650} INFO - DAG(s) dict_keys(['example_trigger_target_dag']) retrieved from /home/airflow/.local/lib/python3.7/site-packages/airflow/example_dags/example_trigger_target_dag.py
[2024-08-12T10:12:35.168+0000] {logging_mixin.py:115} INFO - [2024-08-12T10:12:35.168+0000] {dag.py:2429} INFO - Sync 1 DAGs
[2024-08-12T10:12:35.203+0000] {logging_mixin.py:115} INFO - [2024-08-12T10:12:35.202+0000] {dag.py:2981} INFO - Setting next_dagrun for example_trigger_target_dag to None, run_after=None
[2024-08-12T10:12:35.220+0000] {processor.py:161} INFO - Processing /home/airflow/.local/lib/python3.7/site-packages/airflow/example_dags/example_trigger_target_dag.py took 0.107 seconds
[2024-08-12T10:13:06.012+0000] {processor.py:153} INFO - Started process (PID=1954) to work on /home/airflow/.local/lib/python3.7/site-packages/airflow/example_dags/example_trigger_target_dag.py
[2024-08-12T10:13:06.012+0000] {processor.py:640} INFO - Processing file /home/airflow/.local/lib/python3.7/site-packages/airflow/example_dags/example_trigger_target_dag.py for tasks to queue
[2024-08-12T10:13:06.013+0000] {logging_mixin.py:115} INFO - [2024-08-12T10:13:06.013+0000] {dagbag.py:508} INFO - Filling up the DagBag from /home/airflow/.local/lib/python3.7/site-packages/airflow/example_dags/example_trigger_target_dag.py
[2024-08-12T10:13:06.025+0000] {processor.py:650} INFO - DAG(s) dict_keys(['example_trigger_target_dag']) retrieved from /home/airflow/.local/lib/python3.7/site-packages/airflow/example_dags/example_trigger_target_dag.py
[2024-08-12T10:13:06.045+0000] {logging_mixin.py:115} INFO - [2024-08-12T10:13:06.045+0000] {dag.py:2429} INFO - Sync 1 DAGs
[2024-08-12T10:13:06.067+0000] {logging_mixin.py:115} INFO - [2024-08-12T10:13:06.067+0000] {dag.py:2981} INFO - Setting next_dagrun for example_trigger_target_dag to None, run_after=None
[2024-08-12T10:13:06.078+0000] {processor.py:161} INFO - Processing /home/airflow/.local/lib/python3.7/site-packages/airflow/example_dags/example_trigger_target_dag.py took 0.069 seconds
[2024-08-12T10:13:36.770+0000] {processor.py:153} INFO - Started process (PID=2008) to work on /home/airflow/.local/lib/python3.7/site-packages/airflow/example_dags/example_trigger_target_dag.py
[2024-08-12T10:13:36.771+0000] {processor.py:640} INFO - Processing file /home/airflow/.local/lib/python3.7/site-packages/airflow/example_dags/example_trigger_target_dag.py for tasks to queue
[2024-08-12T10:13:36.772+0000] {logging_mixin.py:115} INFO - [2024-08-12T10:13:36.771+0000] {dagbag.py:508} INFO - Filling up the DagBag from /home/airflow/.local/lib/python3.7/site-packages/airflow/example_dags/example_trigger_target_dag.py
[2024-08-12T10:13:36.783+0000] {processor.py:650} INFO - DAG(s) dict_keys(['example_trigger_target_dag']) retrieved from /home/airflow/.local/lib/python3.7/site-packages/airflow/example_dags/example_trigger_target_dag.py
[2024-08-12T10:13:36.803+0000] {logging_mixin.py:115} INFO - [2024-08-12T10:13:36.803+0000] {dag.py:2429} INFO - Sync 1 DAGs
[2024-08-12T10:13:36.822+0000] {logging_mixin.py:115} INFO - [2024-08-12T10:13:36.822+0000] {dag.py:2981} INFO - Setting next_dagrun for example_trigger_target_dag to None, run_after=None
[2024-08-12T10:13:36.833+0000] {processor.py:161} INFO - Processing /home/airflow/.local/lib/python3.7/site-packages/airflow/example_dags/example_trigger_target_dag.py took 0.065 seconds
[2024-08-12T10:14:07.660+0000] {processor.py:153} INFO - Started process (PID=2071) to work on /home/airflow/.local/lib/python3.7/site-packages/airflow/example_dags/example_trigger_target_dag.py
[2024-08-12T10:14:07.661+0000] {processor.py:640} INFO - Processing file /home/airflow/.local/lib/python3.7/site-packages/airflow/example_dags/example_trigger_target_dag.py for tasks to queue
[2024-08-12T10:14:07.661+0000] {logging_mixin.py:115} INFO - [2024-08-12T10:14:07.661+0000] {dagbag.py:508} INFO - Filling up the DagBag from /home/airflow/.local/lib/python3.7/site-packages/airflow/example_dags/example_trigger_target_dag.py
[2024-08-12T10:14:07.676+0000] {processor.py:650} INFO - DAG(s) dict_keys(['example_trigger_target_dag']) retrieved from /home/airflow/.local/lib/python3.7/site-packages/airflow/example_dags/example_trigger_target_dag.py
[2024-08-12T10:14:07.699+0000] {logging_mixin.py:115} INFO - [2024-08-12T10:14:07.699+0000] {dag.py:2429} INFO - Sync 1 DAGs
[2024-08-12T10:14:07.718+0000] {logging_mixin.py:115} INFO - [2024-08-12T10:14:07.718+0000] {dag.py:2981} INFO - Setting next_dagrun for example_trigger_target_dag to None, run_after=None
[2024-08-12T10:14:07.729+0000] {processor.py:161} INFO - Processing /home/airflow/.local/lib/python3.7/site-packages/airflow/example_dags/example_trigger_target_dag.py took 0.071 seconds
