[2024-08-12T08:27:06.679+0000] {processor.py:153} INFO - Started process (PID=66) to work on /home/airflow/.local/lib/python3.7/site-packages/airflow/example_dags/example_external_task_marker_dag.py
[2024-08-12T08:27:06.680+0000] {processor.py:640} INFO - Processing file /home/airflow/.local/lib/python3.7/site-packages/airflow/example_dags/example_external_task_marker_dag.py for tasks to queue
[2024-08-12T08:27:06.680+0000] {logging_mixin.py:115} INFO - [2024-08-12T08:27:06.680+0000] {dagbag.py:508} INFO - Filling up the DagBag from /home/airflow/.local/lib/python3.7/site-packages/airflow/example_dags/example_external_task_marker_dag.py
[2024-08-12T08:27:06.688+0000] {processor.py:650} INFO - DAG(s) dict_keys(['example_external_task_marker_parent', 'example_external_task_marker_child']) retrieved from /home/airflow/.local/lib/python3.7/site-packages/airflow/example_dags/example_external_task_marker_dag.py
[2024-08-12T08:27:06.799+0000] {logging_mixin.py:115} INFO - [2024-08-12T08:27:06.798+0000] {manager.py:508} INFO - Created Permission View: can edit on DAG:example_external_task_marker_parent
[2024-08-12T08:27:06.811+0000] {logging_mixin.py:115} INFO - [2024-08-12T08:27:06.810+0000] {manager.py:508} INFO - Created Permission View: can read on DAG:example_external_task_marker_parent
[2024-08-12T08:27:06.819+0000] {logging_mixin.py:115} INFO - [2024-08-12T08:27:06.819+0000] {manager.py:508} INFO - Created Permission View: can delete on DAG:example_external_task_marker_parent
[2024-08-12T08:27:06.996+0000] {logging_mixin.py:115} INFO - [2024-08-12T08:27:06.996+0000] {manager.py:508} INFO - Created Permission View: can edit on DAG:example_external_task_marker_child
[2024-08-12T08:27:07.006+0000] {logging_mixin.py:115} INFO - [2024-08-12T08:27:07.005+0000] {manager.py:508} INFO - Created Permission View: can read on DAG:example_external_task_marker_child
[2024-08-12T08:27:07.019+0000] {logging_mixin.py:115} INFO - [2024-08-12T08:27:07.019+0000] {manager.py:508} INFO - Created Permission View: can delete on DAG:example_external_task_marker_child
[2024-08-12T08:27:07.020+0000] {logging_mixin.py:115} INFO - [2024-08-12T08:27:07.020+0000] {dag.py:2429} INFO - Sync 2 DAGs
[2024-08-12T08:27:07.032+0000] {logging_mixin.py:115} INFO - [2024-08-12T08:27:07.031+0000] {dag.py:2448} INFO - Creating ORM DAG for example_external_task_marker_child
[2024-08-12T08:27:07.032+0000] {logging_mixin.py:115} INFO - [2024-08-12T08:27:07.032+0000] {dag.py:2448} INFO - Creating ORM DAG for example_external_task_marker_parent
[2024-08-12T08:27:07.045+0000] {logging_mixin.py:115} INFO - [2024-08-12T08:27:07.045+0000] {dag.py:2981} INFO - Setting next_dagrun for example_external_task_marker_child to None, run_after=None
[2024-08-12T08:27:07.046+0000] {logging_mixin.py:115} INFO - [2024-08-12T08:27:07.046+0000] {dag.py:2981} INFO - Setting next_dagrun for example_external_task_marker_parent to None, run_after=None
[2024-08-12T08:27:07.065+0000] {processor.py:161} INFO - Processing /home/airflow/.local/lib/python3.7/site-packages/airflow/example_dags/example_external_task_marker_dag.py took 0.392 seconds
[2024-08-12T08:27:37.881+0000] {processor.py:153} INFO - Started process (PID=118) to work on /home/airflow/.local/lib/python3.7/site-packages/airflow/example_dags/example_external_task_marker_dag.py
[2024-08-12T08:27:37.882+0000] {processor.py:640} INFO - Processing file /home/airflow/.local/lib/python3.7/site-packages/airflow/example_dags/example_external_task_marker_dag.py for tasks to queue
[2024-08-12T08:27:37.883+0000] {logging_mixin.py:115} INFO - [2024-08-12T08:27:37.882+0000] {dagbag.py:508} INFO - Filling up the DagBag from /home/airflow/.local/lib/python3.7/site-packages/airflow/example_dags/example_external_task_marker_dag.py
[2024-08-12T08:27:37.885+0000] {processor.py:650} INFO - DAG(s) dict_keys(['example_external_task_marker_parent', 'example_external_task_marker_child']) retrieved from /home/airflow/.local/lib/python3.7/site-packages/airflow/example_dags/example_external_task_marker_dag.py
[2024-08-12T08:27:38.036+0000] {logging_mixin.py:115} INFO - [2024-08-12T08:27:38.035+0000] {dag.py:2429} INFO - Sync 2 DAGs
[2024-08-12T08:27:38.057+0000] {logging_mixin.py:115} INFO - [2024-08-12T08:27:38.056+0000] {dag.py:2981} INFO - Setting next_dagrun for example_external_task_marker_child to None, run_after=None
[2024-08-12T08:27:38.057+0000] {logging_mixin.py:115} INFO - [2024-08-12T08:27:38.057+0000] {dag.py:2981} INFO - Setting next_dagrun for example_external_task_marker_parent to None, run_after=None
[2024-08-12T08:27:38.068+0000] {processor.py:161} INFO - Processing /home/airflow/.local/lib/python3.7/site-packages/airflow/example_dags/example_external_task_marker_dag.py took 0.188 seconds
[2024-08-12T08:28:08.585+0000] {processor.py:153} INFO - Started process (PID=179) to work on /home/airflow/.local/lib/python3.7/site-packages/airflow/example_dags/example_external_task_marker_dag.py
[2024-08-12T08:28:08.585+0000] {processor.py:640} INFO - Processing file /home/airflow/.local/lib/python3.7/site-packages/airflow/example_dags/example_external_task_marker_dag.py for tasks to queue
[2024-08-12T08:28:08.586+0000] {logging_mixin.py:115} INFO - [2024-08-12T08:28:08.586+0000] {dagbag.py:508} INFO - Filling up the DagBag from /home/airflow/.local/lib/python3.7/site-packages/airflow/example_dags/example_external_task_marker_dag.py
[2024-08-12T08:28:08.588+0000] {processor.py:650} INFO - DAG(s) dict_keys(['example_external_task_marker_parent', 'example_external_task_marker_child']) retrieved from /home/airflow/.local/lib/python3.7/site-packages/airflow/example_dags/example_external_task_marker_dag.py
[2024-08-12T08:28:08.757+0000] {logging_mixin.py:115} INFO - [2024-08-12T08:28:08.757+0000] {dag.py:2429} INFO - Sync 2 DAGs
[2024-08-12T08:28:08.777+0000] {logging_mixin.py:115} INFO - [2024-08-12T08:28:08.776+0000] {dag.py:2981} INFO - Setting next_dagrun for example_external_task_marker_child to None, run_after=None
[2024-08-12T08:28:08.777+0000] {logging_mixin.py:115} INFO - [2024-08-12T08:28:08.777+0000] {dag.py:2981} INFO - Setting next_dagrun for example_external_task_marker_parent to None, run_after=None
[2024-08-12T08:28:08.787+0000] {processor.py:161} INFO - Processing /home/airflow/.local/lib/python3.7/site-packages/airflow/example_dags/example_external_task_marker_dag.py took 0.205 seconds
[2024-08-12T09:57:11.332+0000] {processor.py:153} INFO - Started process (PID=68) to work on /home/airflow/.local/lib/python3.7/site-packages/airflow/example_dags/example_external_task_marker_dag.py
[2024-08-12T09:57:11.333+0000] {processor.py:640} INFO - Processing file /home/airflow/.local/lib/python3.7/site-packages/airflow/example_dags/example_external_task_marker_dag.py for tasks to queue
[2024-08-12T09:57:11.334+0000] {logging_mixin.py:115} INFO - [2024-08-12T09:57:11.333+0000] {dagbag.py:508} INFO - Filling up the DagBag from /home/airflow/.local/lib/python3.7/site-packages/airflow/example_dags/example_external_task_marker_dag.py
[2024-08-12T09:57:11.338+0000] {processor.py:650} INFO - DAG(s) dict_keys(['example_external_task_marker_parent', 'example_external_task_marker_child']) retrieved from /home/airflow/.local/lib/python3.7/site-packages/airflow/example_dags/example_external_task_marker_dag.py
[2024-08-12T09:57:11.527+0000] {logging_mixin.py:115} INFO - [2024-08-12T09:57:11.527+0000] {dag.py:2429} INFO - Sync 2 DAGs
[2024-08-12T09:57:11.549+0000] {logging_mixin.py:115} INFO - [2024-08-12T09:57:11.549+0000] {dag.py:2981} INFO - Setting next_dagrun for example_external_task_marker_child to None, run_after=None
[2024-08-12T09:57:11.549+0000] {logging_mixin.py:115} INFO - [2024-08-12T09:57:11.549+0000] {dag.py:2981} INFO - Setting next_dagrun for example_external_task_marker_parent to None, run_after=None
[2024-08-12T09:57:11.561+0000] {processor.py:161} INFO - Processing /home/airflow/.local/lib/python3.7/site-packages/airflow/example_dags/example_external_task_marker_dag.py took 0.232 seconds
[2024-08-12T09:57:41.981+0000] {processor.py:153} INFO - Started process (PID=122) to work on /home/airflow/.local/lib/python3.7/site-packages/airflow/example_dags/example_external_task_marker_dag.py
[2024-08-12T09:57:41.982+0000] {processor.py:640} INFO - Processing file /home/airflow/.local/lib/python3.7/site-packages/airflow/example_dags/example_external_task_marker_dag.py for tasks to queue
[2024-08-12T09:57:41.982+0000] {logging_mixin.py:115} INFO - [2024-08-12T09:57:41.982+0000] {dagbag.py:508} INFO - Filling up the DagBag from /home/airflow/.local/lib/python3.7/site-packages/airflow/example_dags/example_external_task_marker_dag.py
[2024-08-12T09:57:41.986+0000] {processor.py:650} INFO - DAG(s) dict_keys(['example_external_task_marker_parent', 'example_external_task_marker_child']) retrieved from /home/airflow/.local/lib/python3.7/site-packages/airflow/example_dags/example_external_task_marker_dag.py
[2024-08-12T09:57:42.150+0000] {logging_mixin.py:115} INFO - [2024-08-12T09:57:42.150+0000] {dag.py:2429} INFO - Sync 2 DAGs
[2024-08-12T09:57:42.169+0000] {logging_mixin.py:115} INFO - [2024-08-12T09:57:42.169+0000] {dag.py:2981} INFO - Setting next_dagrun for example_external_task_marker_child to None, run_after=None
[2024-08-12T09:57:42.169+0000] {logging_mixin.py:115} INFO - [2024-08-12T09:57:42.169+0000] {dag.py:2981} INFO - Setting next_dagrun for example_external_task_marker_parent to None, run_after=None
[2024-08-12T09:57:42.181+0000] {processor.py:161} INFO - Processing /home/airflow/.local/lib/python3.7/site-packages/airflow/example_dags/example_external_task_marker_dag.py took 0.202 seconds
[2024-08-12T09:58:12.822+0000] {processor.py:153} INFO - Started process (PID=185) to work on /home/airflow/.local/lib/python3.7/site-packages/airflow/example_dags/example_external_task_marker_dag.py
[2024-08-12T09:58:12.822+0000] {processor.py:640} INFO - Processing file /home/airflow/.local/lib/python3.7/site-packages/airflow/example_dags/example_external_task_marker_dag.py for tasks to queue
[2024-08-12T09:58:12.823+0000] {logging_mixin.py:115} INFO - [2024-08-12T09:58:12.823+0000] {dagbag.py:508} INFO - Filling up the DagBag from /home/airflow/.local/lib/python3.7/site-packages/airflow/example_dags/example_external_task_marker_dag.py
[2024-08-12T09:58:12.826+0000] {processor.py:650} INFO - DAG(s) dict_keys(['example_external_task_marker_parent', 'example_external_task_marker_child']) retrieved from /home/airflow/.local/lib/python3.7/site-packages/airflow/example_dags/example_external_task_marker_dag.py
[2024-08-12T09:58:12.988+0000] {logging_mixin.py:115} INFO - [2024-08-12T09:58:12.988+0000] {dag.py:2429} INFO - Sync 2 DAGs
[2024-08-12T09:58:13.007+0000] {logging_mixin.py:115} INFO - [2024-08-12T09:58:13.007+0000] {dag.py:2981} INFO - Setting next_dagrun for example_external_task_marker_child to None, run_after=None
[2024-08-12T09:58:13.007+0000] {logging_mixin.py:115} INFO - [2024-08-12T09:58:13.007+0000] {dag.py:2981} INFO - Setting next_dagrun for example_external_task_marker_parent to None, run_after=None
[2024-08-12T09:58:13.018+0000] {processor.py:161} INFO - Processing /home/airflow/.local/lib/python3.7/site-packages/airflow/example_dags/example_external_task_marker_dag.py took 0.199 seconds
[2024-08-12T09:58:43.715+0000] {processor.py:153} INFO - Started process (PID=248) to work on /home/airflow/.local/lib/python3.7/site-packages/airflow/example_dags/example_external_task_marker_dag.py
[2024-08-12T09:58:43.716+0000] {processor.py:640} INFO - Processing file /home/airflow/.local/lib/python3.7/site-packages/airflow/example_dags/example_external_task_marker_dag.py for tasks to queue
[2024-08-12T09:58:43.717+0000] {logging_mixin.py:115} INFO - [2024-08-12T09:58:43.716+0000] {dagbag.py:508} INFO - Filling up the DagBag from /home/airflow/.local/lib/python3.7/site-packages/airflow/example_dags/example_external_task_marker_dag.py
[2024-08-12T09:58:43.721+0000] {processor.py:650} INFO - DAG(s) dict_keys(['example_external_task_marker_parent', 'example_external_task_marker_child']) retrieved from /home/airflow/.local/lib/python3.7/site-packages/airflow/example_dags/example_external_task_marker_dag.py
[2024-08-12T09:58:43.908+0000] {logging_mixin.py:115} INFO - [2024-08-12T09:58:43.908+0000] {dag.py:2429} INFO - Sync 2 DAGs
[2024-08-12T09:58:43.928+0000] {logging_mixin.py:115} INFO - [2024-08-12T09:58:43.928+0000] {dag.py:2981} INFO - Setting next_dagrun for example_external_task_marker_child to None, run_after=None
[2024-08-12T09:58:43.928+0000] {logging_mixin.py:115} INFO - [2024-08-12T09:58:43.928+0000] {dag.py:2981} INFO - Setting next_dagrun for example_external_task_marker_parent to None, run_after=None
[2024-08-12T09:58:43.939+0000] {processor.py:161} INFO - Processing /home/airflow/.local/lib/python3.7/site-packages/airflow/example_dags/example_external_task_marker_dag.py took 0.228 seconds
[2024-08-12T09:59:14.698+0000] {processor.py:153} INFO - Started process (PID=311) to work on /home/airflow/.local/lib/python3.7/site-packages/airflow/example_dags/example_external_task_marker_dag.py
[2024-08-12T09:59:14.700+0000] {processor.py:640} INFO - Processing file /home/airflow/.local/lib/python3.7/site-packages/airflow/example_dags/example_external_task_marker_dag.py for tasks to queue
[2024-08-12T09:59:14.700+0000] {logging_mixin.py:115} INFO - [2024-08-12T09:59:14.700+0000] {dagbag.py:508} INFO - Filling up the DagBag from /home/airflow/.local/lib/python3.7/site-packages/airflow/example_dags/example_external_task_marker_dag.py
[2024-08-12T09:59:14.703+0000] {processor.py:650} INFO - DAG(s) dict_keys(['example_external_task_marker_parent', 'example_external_task_marker_child']) retrieved from /home/airflow/.local/lib/python3.7/site-packages/airflow/example_dags/example_external_task_marker_dag.py
[2024-08-12T09:59:14.886+0000] {logging_mixin.py:115} INFO - [2024-08-12T09:59:14.886+0000] {dag.py:2429} INFO - Sync 2 DAGs
[2024-08-12T09:59:14.905+0000] {logging_mixin.py:115} INFO - [2024-08-12T09:59:14.905+0000] {dag.py:2981} INFO - Setting next_dagrun for example_external_task_marker_child to None, run_after=None
[2024-08-12T09:59:14.905+0000] {logging_mixin.py:115} INFO - [2024-08-12T09:59:14.905+0000] {dag.py:2981} INFO - Setting next_dagrun for example_external_task_marker_parent to None, run_after=None
[2024-08-12T09:59:14.916+0000] {processor.py:161} INFO - Processing /home/airflow/.local/lib/python3.7/site-packages/airflow/example_dags/example_external_task_marker_dag.py took 0.221 seconds
[2024-08-12T09:59:44.938+0000] {processor.py:153} INFO - Started process (PID=367) to work on /home/airflow/.local/lib/python3.7/site-packages/airflow/example_dags/example_external_task_marker_dag.py
[2024-08-12T09:59:44.940+0000] {processor.py:640} INFO - Processing file /home/airflow/.local/lib/python3.7/site-packages/airflow/example_dags/example_external_task_marker_dag.py for tasks to queue
[2024-08-12T09:59:44.940+0000] {logging_mixin.py:115} INFO - [2024-08-12T09:59:44.940+0000] {dagbag.py:508} INFO - Filling up the DagBag from /home/airflow/.local/lib/python3.7/site-packages/airflow/example_dags/example_external_task_marker_dag.py
[2024-08-12T09:59:44.944+0000] {processor.py:650} INFO - DAG(s) dict_keys(['example_external_task_marker_parent', 'example_external_task_marker_child']) retrieved from /home/airflow/.local/lib/python3.7/site-packages/airflow/example_dags/example_external_task_marker_dag.py
[2024-08-12T09:59:45.110+0000] {logging_mixin.py:115} INFO - [2024-08-12T09:59:45.110+0000] {dag.py:2429} INFO - Sync 2 DAGs
[2024-08-12T09:59:45.128+0000] {logging_mixin.py:115} INFO - [2024-08-12T09:59:45.128+0000] {dag.py:2981} INFO - Setting next_dagrun for example_external_task_marker_child to None, run_after=None
[2024-08-12T09:59:45.128+0000] {logging_mixin.py:115} INFO - [2024-08-12T09:59:45.128+0000] {dag.py:2981} INFO - Setting next_dagrun for example_external_task_marker_parent to None, run_after=None
[2024-08-12T09:59:45.139+0000] {processor.py:161} INFO - Processing /home/airflow/.local/lib/python3.7/site-packages/airflow/example_dags/example_external_task_marker_dag.py took 0.203 seconds
[2024-08-12T10:00:15.797+0000] {processor.py:153} INFO - Started process (PID=428) to work on /home/airflow/.local/lib/python3.7/site-packages/airflow/example_dags/example_external_task_marker_dag.py
[2024-08-12T10:00:15.797+0000] {processor.py:640} INFO - Processing file /home/airflow/.local/lib/python3.7/site-packages/airflow/example_dags/example_external_task_marker_dag.py for tasks to queue
[2024-08-12T10:00:15.798+0000] {logging_mixin.py:115} INFO - [2024-08-12T10:00:15.798+0000] {dagbag.py:508} INFO - Filling up the DagBag from /home/airflow/.local/lib/python3.7/site-packages/airflow/example_dags/example_external_task_marker_dag.py
[2024-08-12T10:00:15.801+0000] {processor.py:650} INFO - DAG(s) dict_keys(['example_external_task_marker_parent', 'example_external_task_marker_child']) retrieved from /home/airflow/.local/lib/python3.7/site-packages/airflow/example_dags/example_external_task_marker_dag.py
[2024-08-12T10:00:15.959+0000] {logging_mixin.py:115} INFO - [2024-08-12T10:00:15.958+0000] {dag.py:2429} INFO - Sync 2 DAGs
[2024-08-12T10:00:15.977+0000] {logging_mixin.py:115} INFO - [2024-08-12T10:00:15.977+0000] {dag.py:2981} INFO - Setting next_dagrun for example_external_task_marker_child to None, run_after=None
[2024-08-12T10:00:15.977+0000] {logging_mixin.py:115} INFO - [2024-08-12T10:00:15.977+0000] {dag.py:2981} INFO - Setting next_dagrun for example_external_task_marker_parent to None, run_after=None
[2024-08-12T10:00:15.987+0000] {processor.py:161} INFO - Processing /home/airflow/.local/lib/python3.7/site-packages/airflow/example_dags/example_external_task_marker_dag.py took 0.192 seconds
[2024-08-12T10:00:46.539+0000] {processor.py:153} INFO - Started process (PID=491) to work on /home/airflow/.local/lib/python3.7/site-packages/airflow/example_dags/example_external_task_marker_dag.py
[2024-08-12T10:00:46.540+0000] {processor.py:640} INFO - Processing file /home/airflow/.local/lib/python3.7/site-packages/airflow/example_dags/example_external_task_marker_dag.py for tasks to queue
[2024-08-12T10:00:46.541+0000] {logging_mixin.py:115} INFO - [2024-08-12T10:00:46.541+0000] {dagbag.py:508} INFO - Filling up the DagBag from /home/airflow/.local/lib/python3.7/site-packages/airflow/example_dags/example_external_task_marker_dag.py
[2024-08-12T10:00:46.544+0000] {processor.py:650} INFO - DAG(s) dict_keys(['example_external_task_marker_parent', 'example_external_task_marker_child']) retrieved from /home/airflow/.local/lib/python3.7/site-packages/airflow/example_dags/example_external_task_marker_dag.py
[2024-08-12T10:00:46.703+0000] {logging_mixin.py:115} INFO - [2024-08-12T10:00:46.702+0000] {dag.py:2429} INFO - Sync 2 DAGs
[2024-08-12T10:00:46.724+0000] {logging_mixin.py:115} INFO - [2024-08-12T10:00:46.723+0000] {dag.py:2981} INFO - Setting next_dagrun for example_external_task_marker_child to None, run_after=None
[2024-08-12T10:00:46.724+0000] {logging_mixin.py:115} INFO - [2024-08-12T10:00:46.724+0000] {dag.py:2981} INFO - Setting next_dagrun for example_external_task_marker_parent to None, run_after=None
[2024-08-12T10:00:46.735+0000] {processor.py:161} INFO - Processing /home/airflow/.local/lib/python3.7/site-packages/airflow/example_dags/example_external_task_marker_dag.py took 0.199 seconds
[2024-08-12T10:01:17.382+0000] {processor.py:153} INFO - Started process (PID=552) to work on /home/airflow/.local/lib/python3.7/site-packages/airflow/example_dags/example_external_task_marker_dag.py
[2024-08-12T10:01:17.383+0000] {processor.py:640} INFO - Processing file /home/airflow/.local/lib/python3.7/site-packages/airflow/example_dags/example_external_task_marker_dag.py for tasks to queue
[2024-08-12T10:01:17.384+0000] {logging_mixin.py:115} INFO - [2024-08-12T10:01:17.384+0000] {dagbag.py:508} INFO - Filling up the DagBag from /home/airflow/.local/lib/python3.7/site-packages/airflow/example_dags/example_external_task_marker_dag.py
[2024-08-12T10:01:17.387+0000] {processor.py:650} INFO - DAG(s) dict_keys(['example_external_task_marker_parent', 'example_external_task_marker_child']) retrieved from /home/airflow/.local/lib/python3.7/site-packages/airflow/example_dags/example_external_task_marker_dag.py
[2024-08-12T10:01:17.550+0000] {logging_mixin.py:115} INFO - [2024-08-12T10:01:17.550+0000] {dag.py:2429} INFO - Sync 2 DAGs
[2024-08-12T10:01:17.570+0000] {logging_mixin.py:115} INFO - [2024-08-12T10:01:17.570+0000] {dag.py:2981} INFO - Setting next_dagrun for example_external_task_marker_child to None, run_after=None
[2024-08-12T10:01:17.571+0000] {logging_mixin.py:115} INFO - [2024-08-12T10:01:17.571+0000] {dag.py:2981} INFO - Setting next_dagrun for example_external_task_marker_parent to None, run_after=None
[2024-08-12T10:01:17.581+0000] {processor.py:161} INFO - Processing /home/airflow/.local/lib/python3.7/site-packages/airflow/example_dags/example_external_task_marker_dag.py took 0.202 seconds
[2024-08-12T10:01:48.214+0000] {processor.py:153} INFO - Started process (PID=608) to work on /home/airflow/.local/lib/python3.7/site-packages/airflow/example_dags/example_external_task_marker_dag.py
[2024-08-12T10:01:48.215+0000] {processor.py:640} INFO - Processing file /home/airflow/.local/lib/python3.7/site-packages/airflow/example_dags/example_external_task_marker_dag.py for tasks to queue
[2024-08-12T10:01:48.215+0000] {logging_mixin.py:115} INFO - [2024-08-12T10:01:48.215+0000] {dagbag.py:508} INFO - Filling up the DagBag from /home/airflow/.local/lib/python3.7/site-packages/airflow/example_dags/example_external_task_marker_dag.py
[2024-08-12T10:01:48.218+0000] {processor.py:650} INFO - DAG(s) dict_keys(['example_external_task_marker_parent', 'example_external_task_marker_child']) retrieved from /home/airflow/.local/lib/python3.7/site-packages/airflow/example_dags/example_external_task_marker_dag.py
[2024-08-12T10:01:48.372+0000] {logging_mixin.py:115} INFO - [2024-08-12T10:01:48.372+0000] {dag.py:2429} INFO - Sync 2 DAGs
[2024-08-12T10:01:48.390+0000] {logging_mixin.py:115} INFO - [2024-08-12T10:01:48.390+0000] {dag.py:2981} INFO - Setting next_dagrun for example_external_task_marker_child to None, run_after=None
[2024-08-12T10:01:48.390+0000] {logging_mixin.py:115} INFO - [2024-08-12T10:01:48.390+0000] {dag.py:2981} INFO - Setting next_dagrun for example_external_task_marker_parent to None, run_after=None
[2024-08-12T10:01:48.400+0000] {processor.py:161} INFO - Processing /home/airflow/.local/lib/python3.7/site-packages/airflow/example_dags/example_external_task_marker_dag.py took 0.189 seconds
[2024-08-12T10:02:18.962+0000] {processor.py:153} INFO - Started process (PID=671) to work on /home/airflow/.local/lib/python3.7/site-packages/airflow/example_dags/example_external_task_marker_dag.py
[2024-08-12T10:02:18.962+0000] {processor.py:640} INFO - Processing file /home/airflow/.local/lib/python3.7/site-packages/airflow/example_dags/example_external_task_marker_dag.py for tasks to queue
[2024-08-12T10:02:18.963+0000] {logging_mixin.py:115} INFO - [2024-08-12T10:02:18.963+0000] {dagbag.py:508} INFO - Filling up the DagBag from /home/airflow/.local/lib/python3.7/site-packages/airflow/example_dags/example_external_task_marker_dag.py
[2024-08-12T10:02:18.966+0000] {processor.py:650} INFO - DAG(s) dict_keys(['example_external_task_marker_parent', 'example_external_task_marker_child']) retrieved from /home/airflow/.local/lib/python3.7/site-packages/airflow/example_dags/example_external_task_marker_dag.py
[2024-08-12T10:02:19.137+0000] {logging_mixin.py:115} INFO - [2024-08-12T10:02:19.137+0000] {dag.py:2429} INFO - Sync 2 DAGs
[2024-08-12T10:02:19.156+0000] {logging_mixin.py:115} INFO - [2024-08-12T10:02:19.156+0000] {dag.py:2981} INFO - Setting next_dagrun for example_external_task_marker_child to None, run_after=None
[2024-08-12T10:02:19.156+0000] {logging_mixin.py:115} INFO - [2024-08-12T10:02:19.156+0000] {dag.py:2981} INFO - Setting next_dagrun for example_external_task_marker_parent to None, run_after=None
[2024-08-12T10:02:19.166+0000] {processor.py:161} INFO - Processing /home/airflow/.local/lib/python3.7/site-packages/airflow/example_dags/example_external_task_marker_dag.py took 0.207 seconds
[2024-08-12T10:02:49.803+0000] {processor.py:153} INFO - Started process (PID=734) to work on /home/airflow/.local/lib/python3.7/site-packages/airflow/example_dags/example_external_task_marker_dag.py
[2024-08-12T10:02:49.804+0000] {processor.py:640} INFO - Processing file /home/airflow/.local/lib/python3.7/site-packages/airflow/example_dags/example_external_task_marker_dag.py for tasks to queue
[2024-08-12T10:02:49.804+0000] {logging_mixin.py:115} INFO - [2024-08-12T10:02:49.804+0000] {dagbag.py:508} INFO - Filling up the DagBag from /home/airflow/.local/lib/python3.7/site-packages/airflow/example_dags/example_external_task_marker_dag.py
[2024-08-12T10:02:49.807+0000] {processor.py:650} INFO - DAG(s) dict_keys(['example_external_task_marker_parent', 'example_external_task_marker_child']) retrieved from /home/airflow/.local/lib/python3.7/site-packages/airflow/example_dags/example_external_task_marker_dag.py
[2024-08-12T10:02:49.964+0000] {logging_mixin.py:115} INFO - [2024-08-12T10:02:49.964+0000] {dag.py:2429} INFO - Sync 2 DAGs
[2024-08-12T10:02:49.982+0000] {logging_mixin.py:115} INFO - [2024-08-12T10:02:49.982+0000] {dag.py:2981} INFO - Setting next_dagrun for example_external_task_marker_child to None, run_after=None
[2024-08-12T10:02:49.982+0000] {logging_mixin.py:115} INFO - [2024-08-12T10:02:49.982+0000] {dag.py:2981} INFO - Setting next_dagrun for example_external_task_marker_parent to None, run_after=None
[2024-08-12T10:02:49.993+0000] {processor.py:161} INFO - Processing /home/airflow/.local/lib/python3.7/site-packages/airflow/example_dags/example_external_task_marker_dag.py took 0.193 seconds
[2024-08-12T10:03:20.632+0000] {processor.py:153} INFO - Started process (PID=788) to work on /home/airflow/.local/lib/python3.7/site-packages/airflow/example_dags/example_external_task_marker_dag.py
[2024-08-12T10:03:20.633+0000] {processor.py:640} INFO - Processing file /home/airflow/.local/lib/python3.7/site-packages/airflow/example_dags/example_external_task_marker_dag.py for tasks to queue
[2024-08-12T10:03:20.634+0000] {logging_mixin.py:115} INFO - [2024-08-12T10:03:20.633+0000] {dagbag.py:508} INFO - Filling up the DagBag from /home/airflow/.local/lib/python3.7/site-packages/airflow/example_dags/example_external_task_marker_dag.py
[2024-08-12T10:03:20.637+0000] {processor.py:650} INFO - DAG(s) dict_keys(['example_external_task_marker_parent', 'example_external_task_marker_child']) retrieved from /home/airflow/.local/lib/python3.7/site-packages/airflow/example_dags/example_external_task_marker_dag.py
[2024-08-12T10:03:20.793+0000] {logging_mixin.py:115} INFO - [2024-08-12T10:03:20.793+0000] {dag.py:2429} INFO - Sync 2 DAGs
[2024-08-12T10:03:20.811+0000] {logging_mixin.py:115} INFO - [2024-08-12T10:03:20.811+0000] {dag.py:2981} INFO - Setting next_dagrun for example_external_task_marker_child to None, run_after=None
[2024-08-12T10:03:20.811+0000] {logging_mixin.py:115} INFO - [2024-08-12T10:03:20.811+0000] {dag.py:2981} INFO - Setting next_dagrun for example_external_task_marker_parent to None, run_after=None
[2024-08-12T10:03:20.822+0000] {processor.py:161} INFO - Processing /home/airflow/.local/lib/python3.7/site-packages/airflow/example_dags/example_external_task_marker_dag.py took 0.192 seconds
[2024-08-12T10:03:51.497+0000] {processor.py:153} INFO - Started process (PID=851) to work on /home/airflow/.local/lib/python3.7/site-packages/airflow/example_dags/example_external_task_marker_dag.py
[2024-08-12T10:03:51.498+0000] {processor.py:640} INFO - Processing file /home/airflow/.local/lib/python3.7/site-packages/airflow/example_dags/example_external_task_marker_dag.py for tasks to queue
[2024-08-12T10:03:51.499+0000] {logging_mixin.py:115} INFO - [2024-08-12T10:03:51.499+0000] {dagbag.py:508} INFO - Filling up the DagBag from /home/airflow/.local/lib/python3.7/site-packages/airflow/example_dags/example_external_task_marker_dag.py
[2024-08-12T10:03:51.502+0000] {processor.py:650} INFO - DAG(s) dict_keys(['example_external_task_marker_parent', 'example_external_task_marker_child']) retrieved from /home/airflow/.local/lib/python3.7/site-packages/airflow/example_dags/example_external_task_marker_dag.py
[2024-08-12T10:03:51.659+0000] {logging_mixin.py:115} INFO - [2024-08-12T10:03:51.659+0000] {dag.py:2429} INFO - Sync 2 DAGs
[2024-08-12T10:03:51.677+0000] {logging_mixin.py:115} INFO - [2024-08-12T10:03:51.677+0000] {dag.py:2981} INFO - Setting next_dagrun for example_external_task_marker_child to None, run_after=None
[2024-08-12T10:03:51.677+0000] {logging_mixin.py:115} INFO - [2024-08-12T10:03:51.677+0000] {dag.py:2981} INFO - Setting next_dagrun for example_external_task_marker_parent to None, run_after=None
[2024-08-12T10:03:51.687+0000] {processor.py:161} INFO - Processing /home/airflow/.local/lib/python3.7/site-packages/airflow/example_dags/example_external_task_marker_dag.py took 0.192 seconds
[2024-08-12T10:04:22.414+0000] {processor.py:153} INFO - Started process (PID=914) to work on /home/airflow/.local/lib/python3.7/site-packages/airflow/example_dags/example_external_task_marker_dag.py
[2024-08-12T10:04:22.414+0000] {processor.py:640} INFO - Processing file /home/airflow/.local/lib/python3.7/site-packages/airflow/example_dags/example_external_task_marker_dag.py for tasks to queue
[2024-08-12T10:04:22.415+0000] {logging_mixin.py:115} INFO - [2024-08-12T10:04:22.415+0000] {dagbag.py:508} INFO - Filling up the DagBag from /home/airflow/.local/lib/python3.7/site-packages/airflow/example_dags/example_external_task_marker_dag.py
[2024-08-12T10:04:22.418+0000] {processor.py:650} INFO - DAG(s) dict_keys(['example_external_task_marker_parent', 'example_external_task_marker_child']) retrieved from /home/airflow/.local/lib/python3.7/site-packages/airflow/example_dags/example_external_task_marker_dag.py
[2024-08-12T10:04:22.572+0000] {logging_mixin.py:115} INFO - [2024-08-12T10:04:22.571+0000] {dag.py:2429} INFO - Sync 2 DAGs
[2024-08-12T10:04:22.590+0000] {logging_mixin.py:115} INFO - [2024-08-12T10:04:22.590+0000] {dag.py:2981} INFO - Setting next_dagrun for example_external_task_marker_child to None, run_after=None
[2024-08-12T10:04:22.590+0000] {logging_mixin.py:115} INFO - [2024-08-12T10:04:22.590+0000] {dag.py:2981} INFO - Setting next_dagrun for example_external_task_marker_parent to None, run_after=None
[2024-08-12T10:04:22.600+0000] {processor.py:161} INFO - Processing /home/airflow/.local/lib/python3.7/site-packages/airflow/example_dags/example_external_task_marker_dag.py took 0.189 seconds
[2024-08-12T10:04:53.213+0000] {processor.py:153} INFO - Started process (PID=977) to work on /home/airflow/.local/lib/python3.7/site-packages/airflow/example_dags/example_external_task_marker_dag.py
[2024-08-12T10:04:53.214+0000] {processor.py:640} INFO - Processing file /home/airflow/.local/lib/python3.7/site-packages/airflow/example_dags/example_external_task_marker_dag.py for tasks to queue
[2024-08-12T10:04:53.214+0000] {logging_mixin.py:115} INFO - [2024-08-12T10:04:53.214+0000] {dagbag.py:508} INFO - Filling up the DagBag from /home/airflow/.local/lib/python3.7/site-packages/airflow/example_dags/example_external_task_marker_dag.py
[2024-08-12T10:04:53.217+0000] {processor.py:650} INFO - DAG(s) dict_keys(['example_external_task_marker_parent', 'example_external_task_marker_child']) retrieved from /home/airflow/.local/lib/python3.7/site-packages/airflow/example_dags/example_external_task_marker_dag.py
[2024-08-12T10:04:53.375+0000] {logging_mixin.py:115} INFO - [2024-08-12T10:04:53.375+0000] {dag.py:2429} INFO - Sync 2 DAGs
[2024-08-12T10:04:53.392+0000] {logging_mixin.py:115} INFO - [2024-08-12T10:04:53.392+0000] {dag.py:2981} INFO - Setting next_dagrun for example_external_task_marker_child to None, run_after=None
[2024-08-12T10:04:53.392+0000] {logging_mixin.py:115} INFO - [2024-08-12T10:04:53.392+0000] {dag.py:2981} INFO - Setting next_dagrun for example_external_task_marker_parent to None, run_after=None
[2024-08-12T10:04:53.403+0000] {processor.py:161} INFO - Processing /home/airflow/.local/lib/python3.7/site-packages/airflow/example_dags/example_external_task_marker_dag.py took 0.192 seconds
[2024-08-12T10:05:24.063+0000] {processor.py:153} INFO - Started process (PID=1031) to work on /home/airflow/.local/lib/python3.7/site-packages/airflow/example_dags/example_external_task_marker_dag.py
[2024-08-12T10:05:24.064+0000] {processor.py:640} INFO - Processing file /home/airflow/.local/lib/python3.7/site-packages/airflow/example_dags/example_external_task_marker_dag.py for tasks to queue
[2024-08-12T10:05:24.064+0000] {logging_mixin.py:115} INFO - [2024-08-12T10:05:24.064+0000] {dagbag.py:508} INFO - Filling up the DagBag from /home/airflow/.local/lib/python3.7/site-packages/airflow/example_dags/example_external_task_marker_dag.py
[2024-08-12T10:05:24.067+0000] {processor.py:650} INFO - DAG(s) dict_keys(['example_external_task_marker_parent', 'example_external_task_marker_child']) retrieved from /home/airflow/.local/lib/python3.7/site-packages/airflow/example_dags/example_external_task_marker_dag.py
[2024-08-12T10:05:24.225+0000] {logging_mixin.py:115} INFO - [2024-08-12T10:05:24.225+0000] {dag.py:2429} INFO - Sync 2 DAGs
[2024-08-12T10:05:24.246+0000] {logging_mixin.py:115} INFO - [2024-08-12T10:05:24.245+0000] {dag.py:2981} INFO - Setting next_dagrun for example_external_task_marker_child to None, run_after=None
[2024-08-12T10:05:24.246+0000] {logging_mixin.py:115} INFO - [2024-08-12T10:05:24.246+0000] {dag.py:2981} INFO - Setting next_dagrun for example_external_task_marker_parent to None, run_after=None
[2024-08-12T10:05:24.257+0000] {processor.py:161} INFO - Processing /home/airflow/.local/lib/python3.7/site-packages/airflow/example_dags/example_external_task_marker_dag.py took 0.196 seconds
[2024-08-12T10:05:54.950+0000] {processor.py:153} INFO - Started process (PID=1094) to work on /home/airflow/.local/lib/python3.7/site-packages/airflow/example_dags/example_external_task_marker_dag.py
[2024-08-12T10:05:54.951+0000] {processor.py:640} INFO - Processing file /home/airflow/.local/lib/python3.7/site-packages/airflow/example_dags/example_external_task_marker_dag.py for tasks to queue
[2024-08-12T10:05:54.951+0000] {logging_mixin.py:115} INFO - [2024-08-12T10:05:54.951+0000] {dagbag.py:508} INFO - Filling up the DagBag from /home/airflow/.local/lib/python3.7/site-packages/airflow/example_dags/example_external_task_marker_dag.py
[2024-08-12T10:05:54.954+0000] {processor.py:650} INFO - DAG(s) dict_keys(['example_external_task_marker_parent', 'example_external_task_marker_child']) retrieved from /home/airflow/.local/lib/python3.7/site-packages/airflow/example_dags/example_external_task_marker_dag.py
[2024-08-12T10:05:55.113+0000] {logging_mixin.py:115} INFO - [2024-08-12T10:05:55.113+0000] {dag.py:2429} INFO - Sync 2 DAGs
[2024-08-12T10:05:55.133+0000] {logging_mixin.py:115} INFO - [2024-08-12T10:05:55.133+0000] {dag.py:2981} INFO - Setting next_dagrun for example_external_task_marker_child to None, run_after=None
[2024-08-12T10:05:55.134+0000] {logging_mixin.py:115} INFO - [2024-08-12T10:05:55.133+0000] {dag.py:2981} INFO - Setting next_dagrun for example_external_task_marker_parent to None, run_after=None
[2024-08-12T10:05:55.144+0000] {processor.py:161} INFO - Processing /home/airflow/.local/lib/python3.7/site-packages/airflow/example_dags/example_external_task_marker_dag.py took 0.197 seconds
[2024-08-12T10:06:25.680+0000] {processor.py:153} INFO - Started process (PID=1157) to work on /home/airflow/.local/lib/python3.7/site-packages/airflow/example_dags/example_external_task_marker_dag.py
[2024-08-12T10:06:25.681+0000] {processor.py:640} INFO - Processing file /home/airflow/.local/lib/python3.7/site-packages/airflow/example_dags/example_external_task_marker_dag.py for tasks to queue
[2024-08-12T10:06:25.682+0000] {logging_mixin.py:115} INFO - [2024-08-12T10:06:25.681+0000] {dagbag.py:508} INFO - Filling up the DagBag from /home/airflow/.local/lib/python3.7/site-packages/airflow/example_dags/example_external_task_marker_dag.py
[2024-08-12T10:06:25.684+0000] {processor.py:650} INFO - DAG(s) dict_keys(['example_external_task_marker_parent', 'example_external_task_marker_child']) retrieved from /home/airflow/.local/lib/python3.7/site-packages/airflow/example_dags/example_external_task_marker_dag.py
[2024-08-12T10:06:25.841+0000] {logging_mixin.py:115} INFO - [2024-08-12T10:06:25.841+0000] {dag.py:2429} INFO - Sync 2 DAGs
[2024-08-12T10:06:25.860+0000] {logging_mixin.py:115} INFO - [2024-08-12T10:06:25.859+0000] {dag.py:2981} INFO - Setting next_dagrun for example_external_task_marker_child to None, run_after=None
[2024-08-12T10:06:25.860+0000] {logging_mixin.py:115} INFO - [2024-08-12T10:06:25.860+0000] {dag.py:2981} INFO - Setting next_dagrun for example_external_task_marker_parent to None, run_after=None
[2024-08-12T10:06:25.869+0000] {processor.py:161} INFO - Processing /home/airflow/.local/lib/python3.7/site-packages/airflow/example_dags/example_external_task_marker_dag.py took 0.192 seconds
[2024-08-12T10:06:56.579+0000] {processor.py:153} INFO - Started process (PID=1220) to work on /home/airflow/.local/lib/python3.7/site-packages/airflow/example_dags/example_external_task_marker_dag.py
[2024-08-12T10:06:56.580+0000] {processor.py:640} INFO - Processing file /home/airflow/.local/lib/python3.7/site-packages/airflow/example_dags/example_external_task_marker_dag.py for tasks to queue
[2024-08-12T10:06:56.580+0000] {logging_mixin.py:115} INFO - [2024-08-12T10:06:56.580+0000] {dagbag.py:508} INFO - Filling up the DagBag from /home/airflow/.local/lib/python3.7/site-packages/airflow/example_dags/example_external_task_marker_dag.py
[2024-08-12T10:06:56.583+0000] {processor.py:650} INFO - DAG(s) dict_keys(['example_external_task_marker_parent', 'example_external_task_marker_child']) retrieved from /home/airflow/.local/lib/python3.7/site-packages/airflow/example_dags/example_external_task_marker_dag.py
[2024-08-12T10:06:56.739+0000] {logging_mixin.py:115} INFO - [2024-08-12T10:06:56.739+0000] {dag.py:2429} INFO - Sync 2 DAGs
[2024-08-12T10:06:56.757+0000] {logging_mixin.py:115} INFO - [2024-08-12T10:06:56.757+0000] {dag.py:2981} INFO - Setting next_dagrun for example_external_task_marker_child to None, run_after=None
[2024-08-12T10:06:56.757+0000] {logging_mixin.py:115} INFO - [2024-08-12T10:06:56.757+0000] {dag.py:2981} INFO - Setting next_dagrun for example_external_task_marker_parent to None, run_after=None
[2024-08-12T10:06:56.768+0000] {processor.py:161} INFO - Processing /home/airflow/.local/lib/python3.7/site-packages/airflow/example_dags/example_external_task_marker_dag.py took 0.191 seconds
[2024-08-12T10:07:27.039+0000] {processor.py:153} INFO - Started process (PID=1275) to work on /home/airflow/.local/lib/python3.7/site-packages/airflow/example_dags/example_external_task_marker_dag.py
[2024-08-12T10:07:27.040+0000] {processor.py:640} INFO - Processing file /home/airflow/.local/lib/python3.7/site-packages/airflow/example_dags/example_external_task_marker_dag.py for tasks to queue
[2024-08-12T10:07:27.041+0000] {logging_mixin.py:115} INFO - [2024-08-12T10:07:27.041+0000] {dagbag.py:508} INFO - Filling up the DagBag from /home/airflow/.local/lib/python3.7/site-packages/airflow/example_dags/example_external_task_marker_dag.py
[2024-08-12T10:07:27.044+0000] {processor.py:650} INFO - DAG(s) dict_keys(['example_external_task_marker_parent', 'example_external_task_marker_child']) retrieved from /home/airflow/.local/lib/python3.7/site-packages/airflow/example_dags/example_external_task_marker_dag.py
[2024-08-12T10:07:27.230+0000] {logging_mixin.py:115} INFO - [2024-08-12T10:07:27.230+0000] {dag.py:2429} INFO - Sync 2 DAGs
[2024-08-12T10:07:27.251+0000] {logging_mixin.py:115} INFO - [2024-08-12T10:07:27.251+0000] {dag.py:2981} INFO - Setting next_dagrun for example_external_task_marker_child to None, run_after=None
[2024-08-12T10:07:27.251+0000] {logging_mixin.py:115} INFO - [2024-08-12T10:07:27.251+0000] {dag.py:2981} INFO - Setting next_dagrun for example_external_task_marker_parent to None, run_after=None
[2024-08-12T10:07:27.262+0000] {processor.py:161} INFO - Processing /home/airflow/.local/lib/python3.7/site-packages/airflow/example_dags/example_external_task_marker_dag.py took 0.226 seconds
[2024-08-12T10:07:57.960+0000] {processor.py:153} INFO - Started process (PID=1337) to work on /home/airflow/.local/lib/python3.7/site-packages/airflow/example_dags/example_external_task_marker_dag.py
[2024-08-12T10:07:57.961+0000] {processor.py:640} INFO - Processing file /home/airflow/.local/lib/python3.7/site-packages/airflow/example_dags/example_external_task_marker_dag.py for tasks to queue
[2024-08-12T10:07:57.961+0000] {logging_mixin.py:115} INFO - [2024-08-12T10:07:57.961+0000] {dagbag.py:508} INFO - Filling up the DagBag from /home/airflow/.local/lib/python3.7/site-packages/airflow/example_dags/example_external_task_marker_dag.py
[2024-08-12T10:07:57.965+0000] {processor.py:650} INFO - DAG(s) dict_keys(['example_external_task_marker_parent', 'example_external_task_marker_child']) retrieved from /home/airflow/.local/lib/python3.7/site-packages/airflow/example_dags/example_external_task_marker_dag.py
[2024-08-12T10:07:58.124+0000] {logging_mixin.py:115} INFO - [2024-08-12T10:07:58.123+0000] {dag.py:2429} INFO - Sync 2 DAGs
[2024-08-12T10:07:58.143+0000] {logging_mixin.py:115} INFO - [2024-08-12T10:07:58.143+0000] {dag.py:2981} INFO - Setting next_dagrun for example_external_task_marker_child to None, run_after=None
[2024-08-12T10:07:58.143+0000] {logging_mixin.py:115} INFO - [2024-08-12T10:07:58.143+0000] {dag.py:2981} INFO - Setting next_dagrun for example_external_task_marker_parent to None, run_after=None
[2024-08-12T10:07:58.154+0000] {processor.py:161} INFO - Processing /home/airflow/.local/lib/python3.7/site-packages/airflow/example_dags/example_external_task_marker_dag.py took 0.197 seconds
[2024-08-12T10:08:28.710+0000] {processor.py:153} INFO - Started process (PID=1400) to work on /home/airflow/.local/lib/python3.7/site-packages/airflow/example_dags/example_external_task_marker_dag.py
[2024-08-12T10:08:28.711+0000] {processor.py:640} INFO - Processing file /home/airflow/.local/lib/python3.7/site-packages/airflow/example_dags/example_external_task_marker_dag.py for tasks to queue
[2024-08-12T10:08:28.711+0000] {logging_mixin.py:115} INFO - [2024-08-12T10:08:28.711+0000] {dagbag.py:508} INFO - Filling up the DagBag from /home/airflow/.local/lib/python3.7/site-packages/airflow/example_dags/example_external_task_marker_dag.py
[2024-08-12T10:08:28.714+0000] {processor.py:650} INFO - DAG(s) dict_keys(['example_external_task_marker_parent', 'example_external_task_marker_child']) retrieved from /home/airflow/.local/lib/python3.7/site-packages/airflow/example_dags/example_external_task_marker_dag.py
[2024-08-12T10:08:28.871+0000] {logging_mixin.py:115} INFO - [2024-08-12T10:08:28.870+0000] {dag.py:2429} INFO - Sync 2 DAGs
[2024-08-12T10:08:28.892+0000] {logging_mixin.py:115} INFO - [2024-08-12T10:08:28.892+0000] {dag.py:2981} INFO - Setting next_dagrun for example_external_task_marker_child to None, run_after=None
[2024-08-12T10:08:28.892+0000] {logging_mixin.py:115} INFO - [2024-08-12T10:08:28.892+0000] {dag.py:2981} INFO - Setting next_dagrun for example_external_task_marker_parent to None, run_after=None
[2024-08-12T10:08:28.903+0000] {processor.py:161} INFO - Processing /home/airflow/.local/lib/python3.7/site-packages/airflow/example_dags/example_external_task_marker_dag.py took 0.195 seconds
[2024-08-12T10:08:59.487+0000] {processor.py:153} INFO - Started process (PID=1463) to work on /home/airflow/.local/lib/python3.7/site-packages/airflow/example_dags/example_external_task_marker_dag.py
[2024-08-12T10:08:59.488+0000] {processor.py:640} INFO - Processing file /home/airflow/.local/lib/python3.7/site-packages/airflow/example_dags/example_external_task_marker_dag.py for tasks to queue
[2024-08-12T10:08:59.489+0000] {logging_mixin.py:115} INFO - [2024-08-12T10:08:59.489+0000] {dagbag.py:508} INFO - Filling up the DagBag from /home/airflow/.local/lib/python3.7/site-packages/airflow/example_dags/example_external_task_marker_dag.py
[2024-08-12T10:08:59.492+0000] {processor.py:650} INFO - DAG(s) dict_keys(['example_external_task_marker_parent', 'example_external_task_marker_child']) retrieved from /home/airflow/.local/lib/python3.7/site-packages/airflow/example_dags/example_external_task_marker_dag.py
[2024-08-12T10:08:59.648+0000] {logging_mixin.py:115} INFO - [2024-08-12T10:08:59.648+0000] {dag.py:2429} INFO - Sync 2 DAGs
[2024-08-12T10:08:59.667+0000] {logging_mixin.py:115} INFO - [2024-08-12T10:08:59.667+0000] {dag.py:2981} INFO - Setting next_dagrun for example_external_task_marker_child to None, run_after=None
[2024-08-12T10:08:59.668+0000] {logging_mixin.py:115} INFO - [2024-08-12T10:08:59.668+0000] {dag.py:2981} INFO - Setting next_dagrun for example_external_task_marker_parent to None, run_after=None
[2024-08-12T10:08:59.679+0000] {processor.py:161} INFO - Processing /home/airflow/.local/lib/python3.7/site-packages/airflow/example_dags/example_external_task_marker_dag.py took 0.194 seconds
[2024-08-12T10:09:30.192+0000] {processor.py:153} INFO - Started process (PID=1517) to work on /home/airflow/.local/lib/python3.7/site-packages/airflow/example_dags/example_external_task_marker_dag.py
[2024-08-12T10:09:30.193+0000] {processor.py:640} INFO - Processing file /home/airflow/.local/lib/python3.7/site-packages/airflow/example_dags/example_external_task_marker_dag.py for tasks to queue
[2024-08-12T10:09:30.194+0000] {logging_mixin.py:115} INFO - [2024-08-12T10:09:30.194+0000] {dagbag.py:508} INFO - Filling up the DagBag from /home/airflow/.local/lib/python3.7/site-packages/airflow/example_dags/example_external_task_marker_dag.py
[2024-08-12T10:09:30.197+0000] {processor.py:650} INFO - DAG(s) dict_keys(['example_external_task_marker_parent', 'example_external_task_marker_child']) retrieved from /home/airflow/.local/lib/python3.7/site-packages/airflow/example_dags/example_external_task_marker_dag.py
[2024-08-12T10:09:30.352+0000] {logging_mixin.py:115} INFO - [2024-08-12T10:09:30.352+0000] {dag.py:2429} INFO - Sync 2 DAGs
[2024-08-12T10:09:30.371+0000] {logging_mixin.py:115} INFO - [2024-08-12T10:09:30.371+0000] {dag.py:2981} INFO - Setting next_dagrun for example_external_task_marker_child to None, run_after=None
[2024-08-12T10:09:30.371+0000] {logging_mixin.py:115} INFO - [2024-08-12T10:09:30.371+0000] {dag.py:2981} INFO - Setting next_dagrun for example_external_task_marker_parent to None, run_after=None
[2024-08-12T10:09:30.382+0000] {processor.py:161} INFO - Processing /home/airflow/.local/lib/python3.7/site-packages/airflow/example_dags/example_external_task_marker_dag.py took 0.192 seconds
[2024-08-12T10:10:00.940+0000] {processor.py:153} INFO - Started process (PID=1580) to work on /home/airflow/.local/lib/python3.7/site-packages/airflow/example_dags/example_external_task_marker_dag.py
[2024-08-12T10:10:00.941+0000] {processor.py:640} INFO - Processing file /home/airflow/.local/lib/python3.7/site-packages/airflow/example_dags/example_external_task_marker_dag.py for tasks to queue
[2024-08-12T10:10:00.941+0000] {logging_mixin.py:115} INFO - [2024-08-12T10:10:00.941+0000] {dagbag.py:508} INFO - Filling up the DagBag from /home/airflow/.local/lib/python3.7/site-packages/airflow/example_dags/example_external_task_marker_dag.py
[2024-08-12T10:10:00.945+0000] {processor.py:650} INFO - DAG(s) dict_keys(['example_external_task_marker_parent', 'example_external_task_marker_child']) retrieved from /home/airflow/.local/lib/python3.7/site-packages/airflow/example_dags/example_external_task_marker_dag.py
[2024-08-12T10:10:01.101+0000] {logging_mixin.py:115} INFO - [2024-08-12T10:10:01.100+0000] {dag.py:2429} INFO - Sync 2 DAGs
[2024-08-12T10:10:01.122+0000] {logging_mixin.py:115} INFO - [2024-08-12T10:10:01.122+0000] {dag.py:2981} INFO - Setting next_dagrun for example_external_task_marker_child to None, run_after=None
[2024-08-12T10:10:01.122+0000] {logging_mixin.py:115} INFO - [2024-08-12T10:10:01.122+0000] {dag.py:2981} INFO - Setting next_dagrun for example_external_task_marker_parent to None, run_after=None
[2024-08-12T10:10:01.133+0000] {processor.py:161} INFO - Processing /home/airflow/.local/lib/python3.7/site-packages/airflow/example_dags/example_external_task_marker_dag.py took 0.195 seconds
[2024-08-12T10:10:31.736+0000] {processor.py:153} INFO - Started process (PID=1643) to work on /home/airflow/.local/lib/python3.7/site-packages/airflow/example_dags/example_external_task_marker_dag.py
[2024-08-12T10:10:31.737+0000] {processor.py:640} INFO - Processing file /home/airflow/.local/lib/python3.7/site-packages/airflow/example_dags/example_external_task_marker_dag.py for tasks to queue
[2024-08-12T10:10:31.737+0000] {logging_mixin.py:115} INFO - [2024-08-12T10:10:31.737+0000] {dagbag.py:508} INFO - Filling up the DagBag from /home/airflow/.local/lib/python3.7/site-packages/airflow/example_dags/example_external_task_marker_dag.py
[2024-08-12T10:10:31.740+0000] {processor.py:650} INFO - DAG(s) dict_keys(['example_external_task_marker_parent', 'example_external_task_marker_child']) retrieved from /home/airflow/.local/lib/python3.7/site-packages/airflow/example_dags/example_external_task_marker_dag.py
[2024-08-12T10:10:31.896+0000] {logging_mixin.py:115} INFO - [2024-08-12T10:10:31.896+0000] {dag.py:2429} INFO - Sync 2 DAGs
[2024-08-12T10:10:31.917+0000] {logging_mixin.py:115} INFO - [2024-08-12T10:10:31.916+0000] {dag.py:2981} INFO - Setting next_dagrun for example_external_task_marker_child to None, run_after=None
[2024-08-12T10:10:31.917+0000] {logging_mixin.py:115} INFO - [2024-08-12T10:10:31.917+0000] {dag.py:2981} INFO - Setting next_dagrun for example_external_task_marker_parent to None, run_after=None
[2024-08-12T10:10:31.929+0000] {processor.py:161} INFO - Processing /home/airflow/.local/lib/python3.7/site-packages/airflow/example_dags/example_external_task_marker_dag.py took 0.196 seconds
[2024-08-12T10:11:02.448+0000] {processor.py:153} INFO - Started process (PID=1706) to work on /home/airflow/.local/lib/python3.7/site-packages/airflow/example_dags/example_external_task_marker_dag.py
[2024-08-12T10:11:02.449+0000] {processor.py:640} INFO - Processing file /home/airflow/.local/lib/python3.7/site-packages/airflow/example_dags/example_external_task_marker_dag.py for tasks to queue
[2024-08-12T10:11:02.449+0000] {logging_mixin.py:115} INFO - [2024-08-12T10:11:02.449+0000] {dagbag.py:508} INFO - Filling up the DagBag from /home/airflow/.local/lib/python3.7/site-packages/airflow/example_dags/example_external_task_marker_dag.py
[2024-08-12T10:11:02.453+0000] {processor.py:650} INFO - DAG(s) dict_keys(['example_external_task_marker_parent', 'example_external_task_marker_child']) retrieved from /home/airflow/.local/lib/python3.7/site-packages/airflow/example_dags/example_external_task_marker_dag.py
[2024-08-12T10:11:02.617+0000] {logging_mixin.py:115} INFO - [2024-08-12T10:11:02.617+0000] {dag.py:2429} INFO - Sync 2 DAGs
[2024-08-12T10:11:02.636+0000] {logging_mixin.py:115} INFO - [2024-08-12T10:11:02.635+0000] {dag.py:2981} INFO - Setting next_dagrun for example_external_task_marker_child to None, run_after=None
[2024-08-12T10:11:02.636+0000] {logging_mixin.py:115} INFO - [2024-08-12T10:11:02.636+0000] {dag.py:2981} INFO - Setting next_dagrun for example_external_task_marker_parent to None, run_after=None
[2024-08-12T10:11:02.646+0000] {processor.py:161} INFO - Processing /home/airflow/.local/lib/python3.7/site-packages/airflow/example_dags/example_external_task_marker_dag.py took 0.201 seconds
[2024-08-12T10:11:33.266+0000] {processor.py:153} INFO - Started process (PID=1760) to work on /home/airflow/.local/lib/python3.7/site-packages/airflow/example_dags/example_external_task_marker_dag.py
[2024-08-12T10:11:33.267+0000] {processor.py:640} INFO - Processing file /home/airflow/.local/lib/python3.7/site-packages/airflow/example_dags/example_external_task_marker_dag.py for tasks to queue
[2024-08-12T10:11:33.267+0000] {logging_mixin.py:115} INFO - [2024-08-12T10:11:33.267+0000] {dagbag.py:508} INFO - Filling up the DagBag from /home/airflow/.local/lib/python3.7/site-packages/airflow/example_dags/example_external_task_marker_dag.py
[2024-08-12T10:11:33.271+0000] {processor.py:650} INFO - DAG(s) dict_keys(['example_external_task_marker_parent', 'example_external_task_marker_child']) retrieved from /home/airflow/.local/lib/python3.7/site-packages/airflow/example_dags/example_external_task_marker_dag.py
[2024-08-12T10:11:33.425+0000] {logging_mixin.py:115} INFO - [2024-08-12T10:11:33.424+0000] {dag.py:2429} INFO - Sync 2 DAGs
[2024-08-12T10:11:33.443+0000] {logging_mixin.py:115} INFO - [2024-08-12T10:11:33.443+0000] {dag.py:2981} INFO - Setting next_dagrun for example_external_task_marker_child to None, run_after=None
[2024-08-12T10:11:33.443+0000] {logging_mixin.py:115} INFO - [2024-08-12T10:11:33.443+0000] {dag.py:2981} INFO - Setting next_dagrun for example_external_task_marker_parent to None, run_after=None
[2024-08-12T10:11:33.453+0000] {processor.py:161} INFO - Processing /home/airflow/.local/lib/python3.7/site-packages/airflow/example_dags/example_external_task_marker_dag.py took 0.189 seconds
[2024-08-12T10:12:03.977+0000] {processor.py:153} INFO - Started process (PID=1823) to work on /home/airflow/.local/lib/python3.7/site-packages/airflow/example_dags/example_external_task_marker_dag.py
[2024-08-12T10:12:03.977+0000] {processor.py:640} INFO - Processing file /home/airflow/.local/lib/python3.7/site-packages/airflow/example_dags/example_external_task_marker_dag.py for tasks to queue
[2024-08-12T10:12:03.978+0000] {logging_mixin.py:115} INFO - [2024-08-12T10:12:03.978+0000] {dagbag.py:508} INFO - Filling up the DagBag from /home/airflow/.local/lib/python3.7/site-packages/airflow/example_dags/example_external_task_marker_dag.py
[2024-08-12T10:12:03.981+0000] {processor.py:650} INFO - DAG(s) dict_keys(['example_external_task_marker_parent', 'example_external_task_marker_child']) retrieved from /home/airflow/.local/lib/python3.7/site-packages/airflow/example_dags/example_external_task_marker_dag.py
[2024-08-12T10:12:04.135+0000] {logging_mixin.py:115} INFO - [2024-08-12T10:12:04.134+0000] {dag.py:2429} INFO - Sync 2 DAGs
[2024-08-12T10:12:04.153+0000] {logging_mixin.py:115} INFO - [2024-08-12T10:12:04.153+0000] {dag.py:2981} INFO - Setting next_dagrun for example_external_task_marker_child to None, run_after=None
[2024-08-12T10:12:04.153+0000] {logging_mixin.py:115} INFO - [2024-08-12T10:12:04.153+0000] {dag.py:2981} INFO - Setting next_dagrun for example_external_task_marker_parent to None, run_after=None
[2024-08-12T10:12:04.164+0000] {processor.py:161} INFO - Processing /home/airflow/.local/lib/python3.7/site-packages/airflow/example_dags/example_external_task_marker_dag.py took 0.190 seconds
[2024-08-12T10:12:34.821+0000] {processor.py:153} INFO - Started process (PID=1886) to work on /home/airflow/.local/lib/python3.7/site-packages/airflow/example_dags/example_external_task_marker_dag.py
[2024-08-12T10:12:34.822+0000] {processor.py:640} INFO - Processing file /home/airflow/.local/lib/python3.7/site-packages/airflow/example_dags/example_external_task_marker_dag.py for tasks to queue
[2024-08-12T10:12:34.822+0000] {logging_mixin.py:115} INFO - [2024-08-12T10:12:34.822+0000] {dagbag.py:508} INFO - Filling up the DagBag from /home/airflow/.local/lib/python3.7/site-packages/airflow/example_dags/example_external_task_marker_dag.py
[2024-08-12T10:12:34.825+0000] {processor.py:650} INFO - DAG(s) dict_keys(['example_external_task_marker_parent', 'example_external_task_marker_child']) retrieved from /home/airflow/.local/lib/python3.7/site-packages/airflow/example_dags/example_external_task_marker_dag.py
[2024-08-12T10:12:34.988+0000] {logging_mixin.py:115} INFO - [2024-08-12T10:12:34.987+0000] {dag.py:2429} INFO - Sync 2 DAGs
[2024-08-12T10:12:35.009+0000] {logging_mixin.py:115} INFO - [2024-08-12T10:12:35.009+0000] {dag.py:2981} INFO - Setting next_dagrun for example_external_task_marker_child to None, run_after=None
[2024-08-12T10:12:35.009+0000] {logging_mixin.py:115} INFO - [2024-08-12T10:12:35.009+0000] {dag.py:2981} INFO - Setting next_dagrun for example_external_task_marker_parent to None, run_after=None
[2024-08-12T10:12:35.023+0000] {processor.py:161} INFO - Processing /home/airflow/.local/lib/python3.7/site-packages/airflow/example_dags/example_external_task_marker_dag.py took 0.204 seconds
[2024-08-12T10:13:05.757+0000] {processor.py:153} INFO - Started process (PID=1949) to work on /home/airflow/.local/lib/python3.7/site-packages/airflow/example_dags/example_external_task_marker_dag.py
[2024-08-12T10:13:05.758+0000] {processor.py:640} INFO - Processing file /home/airflow/.local/lib/python3.7/site-packages/airflow/example_dags/example_external_task_marker_dag.py for tasks to queue
[2024-08-12T10:13:05.758+0000] {logging_mixin.py:115} INFO - [2024-08-12T10:13:05.758+0000] {dagbag.py:508} INFO - Filling up the DagBag from /home/airflow/.local/lib/python3.7/site-packages/airflow/example_dags/example_external_task_marker_dag.py
[2024-08-12T10:13:05.761+0000] {processor.py:650} INFO - DAG(s) dict_keys(['example_external_task_marker_parent', 'example_external_task_marker_child']) retrieved from /home/airflow/.local/lib/python3.7/site-packages/airflow/example_dags/example_external_task_marker_dag.py
[2024-08-12T10:13:05.926+0000] {logging_mixin.py:115} INFO - [2024-08-12T10:13:05.925+0000] {dag.py:2429} INFO - Sync 2 DAGs
[2024-08-12T10:13:05.946+0000] {logging_mixin.py:115} INFO - [2024-08-12T10:13:05.945+0000] {dag.py:2981} INFO - Setting next_dagrun for example_external_task_marker_child to None, run_after=None
[2024-08-12T10:13:05.946+0000] {logging_mixin.py:115} INFO - [2024-08-12T10:13:05.946+0000] {dag.py:2981} INFO - Setting next_dagrun for example_external_task_marker_parent to None, run_after=None
[2024-08-12T10:13:05.957+0000] {processor.py:161} INFO - Processing /home/airflow/.local/lib/python3.7/site-packages/airflow/example_dags/example_external_task_marker_dag.py took 0.203 seconds
[2024-08-12T10:13:36.523+0000] {processor.py:153} INFO - Started process (PID=2003) to work on /home/airflow/.local/lib/python3.7/site-packages/airflow/example_dags/example_external_task_marker_dag.py
[2024-08-12T10:13:36.524+0000] {processor.py:640} INFO - Processing file /home/airflow/.local/lib/python3.7/site-packages/airflow/example_dags/example_external_task_marker_dag.py for tasks to queue
[2024-08-12T10:13:36.524+0000] {logging_mixin.py:115} INFO - [2024-08-12T10:13:36.524+0000] {dagbag.py:508} INFO - Filling up the DagBag from /home/airflow/.local/lib/python3.7/site-packages/airflow/example_dags/example_external_task_marker_dag.py
[2024-08-12T10:13:36.527+0000] {processor.py:650} INFO - DAG(s) dict_keys(['example_external_task_marker_parent', 'example_external_task_marker_child']) retrieved from /home/airflow/.local/lib/python3.7/site-packages/airflow/example_dags/example_external_task_marker_dag.py
[2024-08-12T10:13:36.685+0000] {logging_mixin.py:115} INFO - [2024-08-12T10:13:36.685+0000] {dag.py:2429} INFO - Sync 2 DAGs
[2024-08-12T10:13:36.702+0000] {logging_mixin.py:115} INFO - [2024-08-12T10:13:36.702+0000] {dag.py:2981} INFO - Setting next_dagrun for example_external_task_marker_child to None, run_after=None
[2024-08-12T10:13:36.703+0000] {logging_mixin.py:115} INFO - [2024-08-12T10:13:36.703+0000] {dag.py:2981} INFO - Setting next_dagrun for example_external_task_marker_parent to None, run_after=None
[2024-08-12T10:13:36.713+0000] {processor.py:161} INFO - Processing /home/airflow/.local/lib/python3.7/site-packages/airflow/example_dags/example_external_task_marker_dag.py took 0.193 seconds
[2024-08-12T10:14:07.367+0000] {processor.py:153} INFO - Started process (PID=2066) to work on /home/airflow/.local/lib/python3.7/site-packages/airflow/example_dags/example_external_task_marker_dag.py
[2024-08-12T10:14:07.368+0000] {processor.py:640} INFO - Processing file /home/airflow/.local/lib/python3.7/site-packages/airflow/example_dags/example_external_task_marker_dag.py for tasks to queue
[2024-08-12T10:14:07.368+0000] {logging_mixin.py:115} INFO - [2024-08-12T10:14:07.368+0000] {dagbag.py:508} INFO - Filling up the DagBag from /home/airflow/.local/lib/python3.7/site-packages/airflow/example_dags/example_external_task_marker_dag.py
[2024-08-12T10:14:07.371+0000] {processor.py:650} INFO - DAG(s) dict_keys(['example_external_task_marker_parent', 'example_external_task_marker_child']) retrieved from /home/airflow/.local/lib/python3.7/site-packages/airflow/example_dags/example_external_task_marker_dag.py
[2024-08-12T10:14:07.541+0000] {logging_mixin.py:115} INFO - [2024-08-12T10:14:07.541+0000] {dag.py:2429} INFO - Sync 2 DAGs
[2024-08-12T10:14:07.559+0000] {logging_mixin.py:115} INFO - [2024-08-12T10:14:07.558+0000] {dag.py:2981} INFO - Setting next_dagrun for example_external_task_marker_child to None, run_after=None
[2024-08-12T10:14:07.559+0000] {logging_mixin.py:115} INFO - [2024-08-12T10:14:07.559+0000] {dag.py:2981} INFO - Setting next_dagrun for example_external_task_marker_parent to None, run_after=None
[2024-08-12T10:14:07.570+0000] {processor.py:161} INFO - Processing /home/airflow/.local/lib/python3.7/site-packages/airflow/example_dags/example_external_task_marker_dag.py took 0.205 seconds
