[2024-08-12T08:27:05.790+0000] {processor.py:153} INFO - Started process (PID=50) to work on /home/airflow/.local/lib/python3.7/site-packages/airflow/example_dags/example_latest_only_with_trigger.py
[2024-08-12T08:27:05.790+0000] {processor.py:640} INFO - Processing file /home/airflow/.local/lib/python3.7/site-packages/airflow/example_dags/example_latest_only_with_trigger.py for tasks to queue
[2024-08-12T08:27:05.791+0000] {logging_mixin.py:115} INFO - [2024-08-12T08:27:05.790+0000] {dagbag.py:508} INFO - Filling up the DagBag from /home/airflow/.local/lib/python3.7/site-packages/airflow/example_dags/example_latest_only_with_trigger.py
[2024-08-12T08:27:05.795+0000] {processor.py:650} INFO - DAG(s) dict_keys(['latest_only_with_trigger']) retrieved from /home/airflow/.local/lib/python3.7/site-packages/airflow/example_dags/example_latest_only_with_trigger.py
[2024-08-12T08:27:05.867+0000] {logging_mixin.py:115} INFO - [2024-08-12T08:27:05.867+0000] {manager.py:508} INFO - Created Permission View: can edit on DAG:latest_only_with_trigger
[2024-08-12T08:27:05.881+0000] {logging_mixin.py:115} INFO - [2024-08-12T08:27:05.881+0000] {manager.py:508} INFO - Created Permission View: can read on DAG:latest_only_with_trigger
[2024-08-12T08:27:05.891+0000] {logging_mixin.py:115} INFO - [2024-08-12T08:27:05.891+0000] {manager.py:508} INFO - Created Permission View: can delete on DAG:latest_only_with_trigger
[2024-08-12T08:27:05.891+0000] {logging_mixin.py:115} INFO - [2024-08-12T08:27:05.891+0000] {dag.py:2429} INFO - Sync 1 DAGs
[2024-08-12T08:27:05.901+0000] {logging_mixin.py:115} INFO - [2024-08-12T08:27:05.901+0000] {dag.py:2448} INFO - Creating ORM DAG for latest_only_with_trigger
[2024-08-12T08:27:05.913+0000] {logging_mixin.py:115} INFO - [2024-08-12T08:27:05.913+0000] {dag.py:2981} INFO - Setting next_dagrun for latest_only_with_trigger to 2024-08-12T04:27:05.913337+00:00, run_after=2024-08-12T08:27:05.913337+00:00
[2024-08-12T08:27:05.928+0000] {processor.py:161} INFO - Processing /home/airflow/.local/lib/python3.7/site-packages/airflow/example_dags/example_latest_only_with_trigger.py took 0.141 seconds
[2024-08-12T08:27:36.450+0000] {processor.py:153} INFO - Started process (PID=111) to work on /home/airflow/.local/lib/python3.7/site-packages/airflow/example_dags/example_latest_only_with_trigger.py
[2024-08-12T08:27:36.451+0000] {processor.py:640} INFO - Processing file /home/airflow/.local/lib/python3.7/site-packages/airflow/example_dags/example_latest_only_with_trigger.py for tasks to queue
[2024-08-12T08:27:36.451+0000] {logging_mixin.py:115} INFO - [2024-08-12T08:27:36.451+0000] {dagbag.py:508} INFO - Filling up the DagBag from /home/airflow/.local/lib/python3.7/site-packages/airflow/example_dags/example_latest_only_with_trigger.py
[2024-08-12T08:27:36.456+0000] {processor.py:650} INFO - DAG(s) dict_keys(['latest_only_with_trigger']) retrieved from /home/airflow/.local/lib/python3.7/site-packages/airflow/example_dags/example_latest_only_with_trigger.py
[2024-08-12T08:27:36.489+0000] {logging_mixin.py:115} INFO - [2024-08-12T08:27:36.488+0000] {dag.py:2429} INFO - Sync 1 DAGs
[2024-08-12T08:27:36.520+0000] {logging_mixin.py:115} INFO - [2024-08-12T08:27:36.520+0000] {dag.py:2981} INFO - Setting next_dagrun for latest_only_with_trigger to 2024-08-12T04:27:36.520151+00:00, run_after=2024-08-12T08:27:36.520151+00:00
[2024-08-12T08:27:36.539+0000] {processor.py:161} INFO - Processing /home/airflow/.local/lib/python3.7/site-packages/airflow/example_dags/example_latest_only_with_trigger.py took 0.092 seconds
[2024-08-12T08:28:07.251+0000] {processor.py:153} INFO - Started process (PID=172) to work on /home/airflow/.local/lib/python3.7/site-packages/airflow/example_dags/example_latest_only_with_trigger.py
[2024-08-12T08:28:07.252+0000] {processor.py:640} INFO - Processing file /home/airflow/.local/lib/python3.7/site-packages/airflow/example_dags/example_latest_only_with_trigger.py for tasks to queue
[2024-08-12T08:28:07.252+0000] {logging_mixin.py:115} INFO - [2024-08-12T08:28:07.252+0000] {dagbag.py:508} INFO - Filling up the DagBag from /home/airflow/.local/lib/python3.7/site-packages/airflow/example_dags/example_latest_only_with_trigger.py
[2024-08-12T08:28:07.256+0000] {processor.py:650} INFO - DAG(s) dict_keys(['latest_only_with_trigger']) retrieved from /home/airflow/.local/lib/python3.7/site-packages/airflow/example_dags/example_latest_only_with_trigger.py
[2024-08-12T08:28:07.277+0000] {logging_mixin.py:115} INFO - [2024-08-12T08:28:07.277+0000] {dag.py:2429} INFO - Sync 1 DAGs
[2024-08-12T08:28:07.293+0000] {logging_mixin.py:115} INFO - [2024-08-12T08:28:07.293+0000] {dag.py:2981} INFO - Setting next_dagrun for latest_only_with_trigger to 2024-08-12T04:28:07.293602+00:00, run_after=2024-08-12T08:28:07.293602+00:00
[2024-08-12T08:28:07.304+0000] {processor.py:161} INFO - Processing /home/airflow/.local/lib/python3.7/site-packages/airflow/example_dags/example_latest_only_with_trigger.py took 0.055 seconds
[2024-08-12T08:28:38.057+0000] {processor.py:153} INFO - Started process (PID=233) to work on /home/airflow/.local/lib/python3.7/site-packages/airflow/example_dags/example_latest_only_with_trigger.py
[2024-08-12T08:28:38.058+0000] {processor.py:640} INFO - Processing file /home/airflow/.local/lib/python3.7/site-packages/airflow/example_dags/example_latest_only_with_trigger.py for tasks to queue
[2024-08-12T08:28:38.059+0000] {logging_mixin.py:115} INFO - [2024-08-12T08:28:38.059+0000] {dagbag.py:508} INFO - Filling up the DagBag from /home/airflow/.local/lib/python3.7/site-packages/airflow/example_dags/example_latest_only_with_trigger.py
[2024-08-12T08:28:38.064+0000] {processor.py:650} INFO - DAG(s) dict_keys(['latest_only_with_trigger']) retrieved from /home/airflow/.local/lib/python3.7/site-packages/airflow/example_dags/example_latest_only_with_trigger.py
[2024-08-12T08:28:38.090+0000] {logging_mixin.py:115} INFO - [2024-08-12T08:28:38.089+0000] {dag.py:2429} INFO - Sync 1 DAGs
[2024-08-12T08:28:38.112+0000] {logging_mixin.py:115} INFO - [2024-08-12T08:28:38.111+0000] {dag.py:2981} INFO - Setting next_dagrun for latest_only_with_trigger to 2024-08-12T04:28:38.111622+00:00, run_after=2024-08-12T08:28:38.111622+00:00
[2024-08-12T08:28:38.125+0000] {processor.py:161} INFO - Processing /home/airflow/.local/lib/python3.7/site-packages/airflow/example_dags/example_latest_only_with_trigger.py took 0.071 seconds
[2024-08-12T09:57:10.326+0000] {processor.py:153} INFO - Started process (PID=61) to work on /home/airflow/.local/lib/python3.7/site-packages/airflow/example_dags/example_latest_only_with_trigger.py
[2024-08-12T09:57:10.327+0000] {processor.py:640} INFO - Processing file /home/airflow/.local/lib/python3.7/site-packages/airflow/example_dags/example_latest_only_with_trigger.py for tasks to queue
[2024-08-12T09:57:10.328+0000] {logging_mixin.py:115} INFO - [2024-08-12T09:57:10.328+0000] {dagbag.py:508} INFO - Filling up the DagBag from /home/airflow/.local/lib/python3.7/site-packages/airflow/example_dags/example_latest_only_with_trigger.py
[2024-08-12T09:57:10.334+0000] {processor.py:650} INFO - DAG(s) dict_keys(['latest_only_with_trigger']) retrieved from /home/airflow/.local/lib/python3.7/site-packages/airflow/example_dags/example_latest_only_with_trigger.py
[2024-08-12T09:57:10.361+0000] {logging_mixin.py:115} INFO - [2024-08-12T09:57:10.361+0000] {dag.py:2429} INFO - Sync 1 DAGs
[2024-08-12T09:57:10.388+0000] {logging_mixin.py:115} INFO - [2024-08-12T09:57:10.388+0000] {dag.py:2981} INFO - Setting next_dagrun for latest_only_with_trigger to 2024-08-12T05:57:10.388103+00:00, run_after=2024-08-12T09:57:10.388103+00:00
[2024-08-12T09:57:10.404+0000] {processor.py:161} INFO - Processing /home/airflow/.local/lib/python3.7/site-packages/airflow/example_dags/example_latest_only_with_trigger.py took 0.080 seconds
[2024-08-12T09:57:41.319+0000] {processor.py:153} INFO - Started process (PID=115) to work on /home/airflow/.local/lib/python3.7/site-packages/airflow/example_dags/example_latest_only_with_trigger.py
[2024-08-12T09:57:41.320+0000] {processor.py:640} INFO - Processing file /home/airflow/.local/lib/python3.7/site-packages/airflow/example_dags/example_latest_only_with_trigger.py for tasks to queue
[2024-08-12T09:57:41.321+0000] {logging_mixin.py:115} INFO - [2024-08-12T09:57:41.321+0000] {dagbag.py:508} INFO - Filling up the DagBag from /home/airflow/.local/lib/python3.7/site-packages/airflow/example_dags/example_latest_only_with_trigger.py
[2024-08-12T09:57:41.325+0000] {processor.py:650} INFO - DAG(s) dict_keys(['latest_only_with_trigger']) retrieved from /home/airflow/.local/lib/python3.7/site-packages/airflow/example_dags/example_latest_only_with_trigger.py
[2024-08-12T09:57:41.355+0000] {logging_mixin.py:115} INFO - [2024-08-12T09:57:41.354+0000] {dag.py:2429} INFO - Sync 1 DAGs
[2024-08-12T09:57:41.373+0000] {logging_mixin.py:115} INFO - [2024-08-12T09:57:41.373+0000] {dag.py:2981} INFO - Setting next_dagrun for latest_only_with_trigger to 2024-08-12T05:57:41.373352+00:00, run_after=2024-08-12T09:57:41.373352+00:00
[2024-08-12T09:57:41.384+0000] {processor.py:161} INFO - Processing /home/airflow/.local/lib/python3.7/site-packages/airflow/example_dags/example_latest_only_with_trigger.py took 0.068 seconds
[2024-08-12T09:58:12.378+0000] {processor.py:153} INFO - Started process (PID=178) to work on /home/airflow/.local/lib/python3.7/site-packages/airflow/example_dags/example_latest_only_with_trigger.py
[2024-08-12T09:58:12.379+0000] {processor.py:640} INFO - Processing file /home/airflow/.local/lib/python3.7/site-packages/airflow/example_dags/example_latest_only_with_trigger.py for tasks to queue
[2024-08-12T09:58:12.379+0000] {logging_mixin.py:115} INFO - [2024-08-12T09:58:12.379+0000] {dagbag.py:508} INFO - Filling up the DagBag from /home/airflow/.local/lib/python3.7/site-packages/airflow/example_dags/example_latest_only_with_trigger.py
[2024-08-12T09:58:12.384+0000] {processor.py:650} INFO - DAG(s) dict_keys(['latest_only_with_trigger']) retrieved from /home/airflow/.local/lib/python3.7/site-packages/airflow/example_dags/example_latest_only_with_trigger.py
[2024-08-12T09:58:12.408+0000] {logging_mixin.py:115} INFO - [2024-08-12T09:58:12.408+0000] {dag.py:2429} INFO - Sync 1 DAGs
[2024-08-12T09:58:12.427+0000] {logging_mixin.py:115} INFO - [2024-08-12T09:58:12.427+0000] {dag.py:2981} INFO - Setting next_dagrun for latest_only_with_trigger to 2024-08-12T05:58:12.427453+00:00, run_after=2024-08-12T09:58:12.427453+00:00
[2024-08-12T09:58:12.438+0000] {processor.py:161} INFO - Processing /home/airflow/.local/lib/python3.7/site-packages/airflow/example_dags/example_latest_only_with_trigger.py took 0.063 seconds
[2024-08-12T09:58:43.217+0000] {processor.py:153} INFO - Started process (PID=241) to work on /home/airflow/.local/lib/python3.7/site-packages/airflow/example_dags/example_latest_only_with_trigger.py
[2024-08-12T09:58:43.218+0000] {processor.py:640} INFO - Processing file /home/airflow/.local/lib/python3.7/site-packages/airflow/example_dags/example_latest_only_with_trigger.py for tasks to queue
[2024-08-12T09:58:43.218+0000] {logging_mixin.py:115} INFO - [2024-08-12T09:58:43.218+0000] {dagbag.py:508} INFO - Filling up the DagBag from /home/airflow/.local/lib/python3.7/site-packages/airflow/example_dags/example_latest_only_with_trigger.py
[2024-08-12T09:58:43.223+0000] {processor.py:650} INFO - DAG(s) dict_keys(['latest_only_with_trigger']) retrieved from /home/airflow/.local/lib/python3.7/site-packages/airflow/example_dags/example_latest_only_with_trigger.py
[2024-08-12T09:58:43.245+0000] {logging_mixin.py:115} INFO - [2024-08-12T09:58:43.245+0000] {dag.py:2429} INFO - Sync 1 DAGs
[2024-08-12T09:58:43.264+0000] {logging_mixin.py:115} INFO - [2024-08-12T09:58:43.264+0000] {dag.py:2981} INFO - Setting next_dagrun for latest_only_with_trigger to 2024-08-12T05:58:43.264441+00:00, run_after=2024-08-12T09:58:43.264441+00:00
[2024-08-12T09:58:43.275+0000] {processor.py:161} INFO - Processing /home/airflow/.local/lib/python3.7/site-packages/airflow/example_dags/example_latest_only_with_trigger.py took 0.061 seconds
[2024-08-12T09:59:14.140+0000] {processor.py:153} INFO - Started process (PID=304) to work on /home/airflow/.local/lib/python3.7/site-packages/airflow/example_dags/example_latest_only_with_trigger.py
[2024-08-12T09:59:14.141+0000] {processor.py:640} INFO - Processing file /home/airflow/.local/lib/python3.7/site-packages/airflow/example_dags/example_latest_only_with_trigger.py for tasks to queue
[2024-08-12T09:59:14.141+0000] {logging_mixin.py:115} INFO - [2024-08-12T09:59:14.141+0000] {dagbag.py:508} INFO - Filling up the DagBag from /home/airflow/.local/lib/python3.7/site-packages/airflow/example_dags/example_latest_only_with_trigger.py
[2024-08-12T09:59:14.145+0000] {processor.py:650} INFO - DAG(s) dict_keys(['latest_only_with_trigger']) retrieved from /home/airflow/.local/lib/python3.7/site-packages/airflow/example_dags/example_latest_only_with_trigger.py
[2024-08-12T09:59:14.167+0000] {logging_mixin.py:115} INFO - [2024-08-12T09:59:14.166+0000] {dag.py:2429} INFO - Sync 1 DAGs
[2024-08-12T09:59:14.184+0000] {logging_mixin.py:115} INFO - [2024-08-12T09:59:14.184+0000] {dag.py:2981} INFO - Setting next_dagrun for latest_only_with_trigger to 2024-08-12T05:59:14.184538+00:00, run_after=2024-08-12T09:59:14.184538+00:00
[2024-08-12T09:59:14.195+0000] {processor.py:161} INFO - Processing /home/airflow/.local/lib/python3.7/site-packages/airflow/example_dags/example_latest_only_with_trigger.py took 0.058 seconds
[2024-08-12T09:59:44.258+0000] {processor.py:153} INFO - Started process (PID=356) to work on /home/airflow/.local/lib/python3.7/site-packages/airflow/example_dags/example_latest_only_with_trigger.py
[2024-08-12T09:59:44.259+0000] {processor.py:640} INFO - Processing file /home/airflow/.local/lib/python3.7/site-packages/airflow/example_dags/example_latest_only_with_trigger.py for tasks to queue
[2024-08-12T09:59:44.260+0000] {logging_mixin.py:115} INFO - [2024-08-12T09:59:44.260+0000] {dagbag.py:508} INFO - Filling up the DagBag from /home/airflow/.local/lib/python3.7/site-packages/airflow/example_dags/example_latest_only_with_trigger.py
[2024-08-12T09:59:44.264+0000] {processor.py:650} INFO - DAG(s) dict_keys(['latest_only_with_trigger']) retrieved from /home/airflow/.local/lib/python3.7/site-packages/airflow/example_dags/example_latest_only_with_trigger.py
[2024-08-12T09:59:44.286+0000] {logging_mixin.py:115} INFO - [2024-08-12T09:59:44.286+0000] {dag.py:2429} INFO - Sync 1 DAGs
[2024-08-12T09:59:44.308+0000] {logging_mixin.py:115} INFO - [2024-08-12T09:59:44.307+0000] {dag.py:2981} INFO - Setting next_dagrun for latest_only_with_trigger to 2024-08-12T05:59:44.307674+00:00, run_after=2024-08-12T09:59:44.307674+00:00
[2024-08-12T09:59:44.321+0000] {processor.py:161} INFO - Processing /home/airflow/.local/lib/python3.7/site-packages/airflow/example_dags/example_latest_only_with_trigger.py took 0.067 seconds
[2024-08-12T10:00:14.355+0000] {processor.py:153} INFO - Started process (PID=419) to work on /home/airflow/.local/lib/python3.7/site-packages/airflow/example_dags/example_latest_only_with_trigger.py
[2024-08-12T10:00:14.356+0000] {processor.py:640} INFO - Processing file /home/airflow/.local/lib/python3.7/site-packages/airflow/example_dags/example_latest_only_with_trigger.py for tasks to queue
[2024-08-12T10:00:14.356+0000] {logging_mixin.py:115} INFO - [2024-08-12T10:00:14.356+0000] {dagbag.py:508} INFO - Filling up the DagBag from /home/airflow/.local/lib/python3.7/site-packages/airflow/example_dags/example_latest_only_with_trigger.py
[2024-08-12T10:00:14.360+0000] {processor.py:650} INFO - DAG(s) dict_keys(['latest_only_with_trigger']) retrieved from /home/airflow/.local/lib/python3.7/site-packages/airflow/example_dags/example_latest_only_with_trigger.py
[2024-08-12T10:00:14.381+0000] {logging_mixin.py:115} INFO - [2024-08-12T10:00:14.381+0000] {dag.py:2429} INFO - Sync 1 DAGs
[2024-08-12T10:00:14.398+0000] {logging_mixin.py:115} INFO - [2024-08-12T10:00:14.398+0000] {dag.py:2981} INFO - Setting next_dagrun for latest_only_with_trigger to 2024-08-12T06:00:14.398257+00:00, run_after=2024-08-12T10:00:14.398257+00:00
[2024-08-12T10:00:14.409+0000] {processor.py:161} INFO - Processing /home/airflow/.local/lib/python3.7/site-packages/airflow/example_dags/example_latest_only_with_trigger.py took 0.056 seconds
[2024-08-12T10:00:45.019+0000] {processor.py:153} INFO - Started process (PID=482) to work on /home/airflow/.local/lib/python3.7/site-packages/airflow/example_dags/example_latest_only_with_trigger.py
[2024-08-12T10:00:45.020+0000] {processor.py:640} INFO - Processing file /home/airflow/.local/lib/python3.7/site-packages/airflow/example_dags/example_latest_only_with_trigger.py for tasks to queue
[2024-08-12T10:00:45.020+0000] {logging_mixin.py:115} INFO - [2024-08-12T10:00:45.020+0000] {dagbag.py:508} INFO - Filling up the DagBag from /home/airflow/.local/lib/python3.7/site-packages/airflow/example_dags/example_latest_only_with_trigger.py
[2024-08-12T10:00:45.024+0000] {processor.py:650} INFO - DAG(s) dict_keys(['latest_only_with_trigger']) retrieved from /home/airflow/.local/lib/python3.7/site-packages/airflow/example_dags/example_latest_only_with_trigger.py
[2024-08-12T10:00:45.045+0000] {logging_mixin.py:115} INFO - [2024-08-12T10:00:45.045+0000] {dag.py:2429} INFO - Sync 1 DAGs
[2024-08-12T10:00:45.062+0000] {logging_mixin.py:115} INFO - [2024-08-12T10:00:45.062+0000] {dag.py:2981} INFO - Setting next_dagrun for latest_only_with_trigger to 2024-08-12T06:00:45.061975+00:00, run_after=2024-08-12T10:00:45.061975+00:00
[2024-08-12T10:00:45.072+0000] {processor.py:161} INFO - Processing /home/airflow/.local/lib/python3.7/site-packages/airflow/example_dags/example_latest_only_with_trigger.py took 0.056 seconds
[2024-08-12T10:01:15.849+0000] {processor.py:153} INFO - Started process (PID=536) to work on /home/airflow/.local/lib/python3.7/site-packages/airflow/example_dags/example_latest_only_with_trigger.py
[2024-08-12T10:01:15.850+0000] {processor.py:640} INFO - Processing file /home/airflow/.local/lib/python3.7/site-packages/airflow/example_dags/example_latest_only_with_trigger.py for tasks to queue
[2024-08-12T10:01:15.851+0000] {logging_mixin.py:115} INFO - [2024-08-12T10:01:15.851+0000] {dagbag.py:508} INFO - Filling up the DagBag from /home/airflow/.local/lib/python3.7/site-packages/airflow/example_dags/example_latest_only_with_trigger.py
[2024-08-12T10:01:15.855+0000] {processor.py:650} INFO - DAG(s) dict_keys(['latest_only_with_trigger']) retrieved from /home/airflow/.local/lib/python3.7/site-packages/airflow/example_dags/example_latest_only_with_trigger.py
[2024-08-12T10:01:15.876+0000] {logging_mixin.py:115} INFO - [2024-08-12T10:01:15.876+0000] {dag.py:2429} INFO - Sync 1 DAGs
[2024-08-12T10:01:15.895+0000] {logging_mixin.py:115} INFO - [2024-08-12T10:01:15.895+0000] {dag.py:2981} INFO - Setting next_dagrun for latest_only_with_trigger to 2024-08-12T06:01:15.895003+00:00, run_after=2024-08-12T10:01:15.895003+00:00
[2024-08-12T10:01:15.906+0000] {processor.py:161} INFO - Processing /home/airflow/.local/lib/python3.7/site-packages/airflow/example_dags/example_latest_only_with_trigger.py took 0.058 seconds
[2024-08-12T10:01:46.697+0000] {processor.py:153} INFO - Started process (PID=599) to work on /home/airflow/.local/lib/python3.7/site-packages/airflow/example_dags/example_latest_only_with_trigger.py
[2024-08-12T10:01:46.698+0000] {processor.py:640} INFO - Processing file /home/airflow/.local/lib/python3.7/site-packages/airflow/example_dags/example_latest_only_with_trigger.py for tasks to queue
[2024-08-12T10:01:46.698+0000] {logging_mixin.py:115} INFO - [2024-08-12T10:01:46.698+0000] {dagbag.py:508} INFO - Filling up the DagBag from /home/airflow/.local/lib/python3.7/site-packages/airflow/example_dags/example_latest_only_with_trigger.py
[2024-08-12T10:01:46.702+0000] {processor.py:650} INFO - DAG(s) dict_keys(['latest_only_with_trigger']) retrieved from /home/airflow/.local/lib/python3.7/site-packages/airflow/example_dags/example_latest_only_with_trigger.py
[2024-08-12T10:01:46.724+0000] {logging_mixin.py:115} INFO - [2024-08-12T10:01:46.724+0000] {dag.py:2429} INFO - Sync 1 DAGs
[2024-08-12T10:01:46.740+0000] {logging_mixin.py:115} INFO - [2024-08-12T10:01:46.740+0000] {dag.py:2981} INFO - Setting next_dagrun for latest_only_with_trigger to 2024-08-12T06:01:46.740306+00:00, run_after=2024-08-12T10:01:46.740306+00:00
[2024-08-12T10:01:46.750+0000] {processor.py:161} INFO - Processing /home/airflow/.local/lib/python3.7/site-packages/airflow/example_dags/example_latest_only_with_trigger.py took 0.055 seconds
[2024-08-12T10:02:17.440+0000] {processor.py:153} INFO - Started process (PID=662) to work on /home/airflow/.local/lib/python3.7/site-packages/airflow/example_dags/example_latest_only_with_trigger.py
[2024-08-12T10:02:17.441+0000] {processor.py:640} INFO - Processing file /home/airflow/.local/lib/python3.7/site-packages/airflow/example_dags/example_latest_only_with_trigger.py for tasks to queue
[2024-08-12T10:02:17.442+0000] {logging_mixin.py:115} INFO - [2024-08-12T10:02:17.441+0000] {dagbag.py:508} INFO - Filling up the DagBag from /home/airflow/.local/lib/python3.7/site-packages/airflow/example_dags/example_latest_only_with_trigger.py
[2024-08-12T10:02:17.445+0000] {processor.py:650} INFO - DAG(s) dict_keys(['latest_only_with_trigger']) retrieved from /home/airflow/.local/lib/python3.7/site-packages/airflow/example_dags/example_latest_only_with_trigger.py
[2024-08-12T10:02:17.467+0000] {logging_mixin.py:115} INFO - [2024-08-12T10:02:17.467+0000] {dag.py:2429} INFO - Sync 1 DAGs
[2024-08-12T10:02:17.484+0000] {logging_mixin.py:115} INFO - [2024-08-12T10:02:17.484+0000] {dag.py:2981} INFO - Setting next_dagrun for latest_only_with_trigger to 2024-08-12T06:02:17.484413+00:00, run_after=2024-08-12T10:02:17.484413+00:00
[2024-08-12T10:02:17.494+0000] {processor.py:161} INFO - Processing /home/airflow/.local/lib/python3.7/site-packages/airflow/example_dags/example_latest_only_with_trigger.py took 0.056 seconds
[2024-08-12T10:02:48.278+0000] {processor.py:153} INFO - Started process (PID=725) to work on /home/airflow/.local/lib/python3.7/site-packages/airflow/example_dags/example_latest_only_with_trigger.py
[2024-08-12T10:02:48.279+0000] {processor.py:640} INFO - Processing file /home/airflow/.local/lib/python3.7/site-packages/airflow/example_dags/example_latest_only_with_trigger.py for tasks to queue
[2024-08-12T10:02:48.279+0000] {logging_mixin.py:115} INFO - [2024-08-12T10:02:48.279+0000] {dagbag.py:508} INFO - Filling up the DagBag from /home/airflow/.local/lib/python3.7/site-packages/airflow/example_dags/example_latest_only_with_trigger.py
[2024-08-12T10:02:48.283+0000] {processor.py:650} INFO - DAG(s) dict_keys(['latest_only_with_trigger']) retrieved from /home/airflow/.local/lib/python3.7/site-packages/airflow/example_dags/example_latest_only_with_trigger.py
[2024-08-12T10:02:48.304+0000] {logging_mixin.py:115} INFO - [2024-08-12T10:02:48.304+0000] {dag.py:2429} INFO - Sync 1 DAGs
[2024-08-12T10:02:48.321+0000] {logging_mixin.py:115} INFO - [2024-08-12T10:02:48.321+0000] {dag.py:2981} INFO - Setting next_dagrun for latest_only_with_trigger to 2024-08-12T06:02:48.320845+00:00, run_after=2024-08-12T10:02:48.320845+00:00
[2024-08-12T10:02:48.331+0000] {processor.py:161} INFO - Processing /home/airflow/.local/lib/python3.7/site-packages/airflow/example_dags/example_latest_only_with_trigger.py took 0.055 seconds
[2024-08-12T10:03:19.107+0000] {processor.py:153} INFO - Started process (PID=779) to work on /home/airflow/.local/lib/python3.7/site-packages/airflow/example_dags/example_latest_only_with_trigger.py
[2024-08-12T10:03:19.108+0000] {processor.py:640} INFO - Processing file /home/airflow/.local/lib/python3.7/site-packages/airflow/example_dags/example_latest_only_with_trigger.py for tasks to queue
[2024-08-12T10:03:19.108+0000] {logging_mixin.py:115} INFO - [2024-08-12T10:03:19.108+0000] {dagbag.py:508} INFO - Filling up the DagBag from /home/airflow/.local/lib/python3.7/site-packages/airflow/example_dags/example_latest_only_with_trigger.py
[2024-08-12T10:03:19.113+0000] {processor.py:650} INFO - DAG(s) dict_keys(['latest_only_with_trigger']) retrieved from /home/airflow/.local/lib/python3.7/site-packages/airflow/example_dags/example_latest_only_with_trigger.py
[2024-08-12T10:03:19.134+0000] {logging_mixin.py:115} INFO - [2024-08-12T10:03:19.134+0000] {dag.py:2429} INFO - Sync 1 DAGs
[2024-08-12T10:03:19.152+0000] {logging_mixin.py:115} INFO - [2024-08-12T10:03:19.152+0000] {dag.py:2981} INFO - Setting next_dagrun for latest_only_with_trigger to 2024-08-12T06:03:19.152289+00:00, run_after=2024-08-12T10:03:19.152289+00:00
[2024-08-12T10:03:19.163+0000] {processor.py:161} INFO - Processing /home/airflow/.local/lib/python3.7/site-packages/airflow/example_dags/example_latest_only_with_trigger.py took 0.058 seconds
[2024-08-12T10:03:49.964+0000] {processor.py:153} INFO - Started process (PID=842) to work on /home/airflow/.local/lib/python3.7/site-packages/airflow/example_dags/example_latest_only_with_trigger.py
[2024-08-12T10:03:49.964+0000] {processor.py:640} INFO - Processing file /home/airflow/.local/lib/python3.7/site-packages/airflow/example_dags/example_latest_only_with_trigger.py for tasks to queue
[2024-08-12T10:03:49.965+0000] {logging_mixin.py:115} INFO - [2024-08-12T10:03:49.965+0000] {dagbag.py:508} INFO - Filling up the DagBag from /home/airflow/.local/lib/python3.7/site-packages/airflow/example_dags/example_latest_only_with_trigger.py
[2024-08-12T10:03:49.970+0000] {processor.py:650} INFO - DAG(s) dict_keys(['latest_only_with_trigger']) retrieved from /home/airflow/.local/lib/python3.7/site-packages/airflow/example_dags/example_latest_only_with_trigger.py
[2024-08-12T10:03:49.993+0000] {logging_mixin.py:115} INFO - [2024-08-12T10:03:49.993+0000] {dag.py:2429} INFO - Sync 1 DAGs
[2024-08-12T10:03:50.014+0000] {logging_mixin.py:115} INFO - [2024-08-12T10:03:50.014+0000] {dag.py:2981} INFO - Setting next_dagrun for latest_only_with_trigger to 2024-08-12T06:03:50.014147+00:00, run_after=2024-08-12T10:03:50.014147+00:00
[2024-08-12T10:03:50.026+0000] {processor.py:161} INFO - Processing /home/airflow/.local/lib/python3.7/site-packages/airflow/example_dags/example_latest_only_with_trigger.py took 0.065 seconds
[2024-08-12T10:04:20.890+0000] {processor.py:153} INFO - Started process (PID=905) to work on /home/airflow/.local/lib/python3.7/site-packages/airflow/example_dags/example_latest_only_with_trigger.py
[2024-08-12T10:04:20.890+0000] {processor.py:640} INFO - Processing file /home/airflow/.local/lib/python3.7/site-packages/airflow/example_dags/example_latest_only_with_trigger.py for tasks to queue
[2024-08-12T10:04:20.891+0000] {logging_mixin.py:115} INFO - [2024-08-12T10:04:20.891+0000] {dagbag.py:508} INFO - Filling up the DagBag from /home/airflow/.local/lib/python3.7/site-packages/airflow/example_dags/example_latest_only_with_trigger.py
[2024-08-12T10:04:20.895+0000] {processor.py:650} INFO - DAG(s) dict_keys(['latest_only_with_trigger']) retrieved from /home/airflow/.local/lib/python3.7/site-packages/airflow/example_dags/example_latest_only_with_trigger.py
[2024-08-12T10:04:20.918+0000] {logging_mixin.py:115} INFO - [2024-08-12T10:04:20.917+0000] {dag.py:2429} INFO - Sync 1 DAGs
[2024-08-12T10:04:20.936+0000] {logging_mixin.py:115} INFO - [2024-08-12T10:04:20.935+0000] {dag.py:2981} INFO - Setting next_dagrun for latest_only_with_trigger to 2024-08-12T06:04:20.935768+00:00, run_after=2024-08-12T10:04:20.935768+00:00
[2024-08-12T10:04:20.946+0000] {processor.py:161} INFO - Processing /home/airflow/.local/lib/python3.7/site-packages/airflow/example_dags/example_latest_only_with_trigger.py took 0.059 seconds
[2024-08-12T10:04:51.694+0000] {processor.py:153} INFO - Started process (PID=968) to work on /home/airflow/.local/lib/python3.7/site-packages/airflow/example_dags/example_latest_only_with_trigger.py
[2024-08-12T10:04:51.695+0000] {processor.py:640} INFO - Processing file /home/airflow/.local/lib/python3.7/site-packages/airflow/example_dags/example_latest_only_with_trigger.py for tasks to queue
[2024-08-12T10:04:51.695+0000] {logging_mixin.py:115} INFO - [2024-08-12T10:04:51.695+0000] {dagbag.py:508} INFO - Filling up the DagBag from /home/airflow/.local/lib/python3.7/site-packages/airflow/example_dags/example_latest_only_with_trigger.py
[2024-08-12T10:04:51.699+0000] {processor.py:650} INFO - DAG(s) dict_keys(['latest_only_with_trigger']) retrieved from /home/airflow/.local/lib/python3.7/site-packages/airflow/example_dags/example_latest_only_with_trigger.py
[2024-08-12T10:04:51.724+0000] {logging_mixin.py:115} INFO - [2024-08-12T10:04:51.724+0000] {dag.py:2429} INFO - Sync 1 DAGs
[2024-08-12T10:04:51.741+0000] {logging_mixin.py:115} INFO - [2024-08-12T10:04:51.741+0000] {dag.py:2981} INFO - Setting next_dagrun for latest_only_with_trigger to 2024-08-12T06:04:51.741387+00:00, run_after=2024-08-12T10:04:51.741387+00:00
[2024-08-12T10:04:51.752+0000] {processor.py:161} INFO - Processing /home/airflow/.local/lib/python3.7/site-packages/airflow/example_dags/example_latest_only_with_trigger.py took 0.061 seconds
[2024-08-12T10:05:22.554+0000] {processor.py:153} INFO - Started process (PID=1022) to work on /home/airflow/.local/lib/python3.7/site-packages/airflow/example_dags/example_latest_only_with_trigger.py
[2024-08-12T10:05:22.555+0000] {processor.py:640} INFO - Processing file /home/airflow/.local/lib/python3.7/site-packages/airflow/example_dags/example_latest_only_with_trigger.py for tasks to queue
[2024-08-12T10:05:22.556+0000] {logging_mixin.py:115} INFO - [2024-08-12T10:05:22.556+0000] {dagbag.py:508} INFO - Filling up the DagBag from /home/airflow/.local/lib/python3.7/site-packages/airflow/example_dags/example_latest_only_with_trigger.py
[2024-08-12T10:05:22.560+0000] {processor.py:650} INFO - DAG(s) dict_keys(['latest_only_with_trigger']) retrieved from /home/airflow/.local/lib/python3.7/site-packages/airflow/example_dags/example_latest_only_with_trigger.py
[2024-08-12T10:05:22.581+0000] {logging_mixin.py:115} INFO - [2024-08-12T10:05:22.581+0000] {dag.py:2429} INFO - Sync 1 DAGs
[2024-08-12T10:05:22.598+0000] {logging_mixin.py:115} INFO - [2024-08-12T10:05:22.598+0000] {dag.py:2981} INFO - Setting next_dagrun for latest_only_with_trigger to 2024-08-12T06:05:22.598231+00:00, run_after=2024-08-12T10:05:22.598231+00:00
[2024-08-12T10:05:22.608+0000] {processor.py:161} INFO - Processing /home/airflow/.local/lib/python3.7/site-packages/airflow/example_dags/example_latest_only_with_trigger.py took 0.056 seconds
[2024-08-12T10:05:53.439+0000] {processor.py:153} INFO - Started process (PID=1085) to work on /home/airflow/.local/lib/python3.7/site-packages/airflow/example_dags/example_latest_only_with_trigger.py
[2024-08-12T10:05:53.440+0000] {processor.py:640} INFO - Processing file /home/airflow/.local/lib/python3.7/site-packages/airflow/example_dags/example_latest_only_with_trigger.py for tasks to queue
[2024-08-12T10:05:53.440+0000] {logging_mixin.py:115} INFO - [2024-08-12T10:05:53.440+0000] {dagbag.py:508} INFO - Filling up the DagBag from /home/airflow/.local/lib/python3.7/site-packages/airflow/example_dags/example_latest_only_with_trigger.py
[2024-08-12T10:05:53.444+0000] {processor.py:650} INFO - DAG(s) dict_keys(['latest_only_with_trigger']) retrieved from /home/airflow/.local/lib/python3.7/site-packages/airflow/example_dags/example_latest_only_with_trigger.py
[2024-08-12T10:05:53.466+0000] {logging_mixin.py:115} INFO - [2024-08-12T10:05:53.466+0000] {dag.py:2429} INFO - Sync 1 DAGs
[2024-08-12T10:05:53.483+0000] {logging_mixin.py:115} INFO - [2024-08-12T10:05:53.483+0000] {dag.py:2981} INFO - Setting next_dagrun for latest_only_with_trigger to 2024-08-12T06:05:53.483244+00:00, run_after=2024-08-12T10:05:53.483244+00:00
[2024-08-12T10:05:53.493+0000] {processor.py:161} INFO - Processing /home/airflow/.local/lib/python3.7/site-packages/airflow/example_dags/example_latest_only_with_trigger.py took 0.056 seconds
[2024-08-12T10:06:24.173+0000] {processor.py:153} INFO - Started process (PID=1148) to work on /home/airflow/.local/lib/python3.7/site-packages/airflow/example_dags/example_latest_only_with_trigger.py
[2024-08-12T10:06:24.174+0000] {processor.py:640} INFO - Processing file /home/airflow/.local/lib/python3.7/site-packages/airflow/example_dags/example_latest_only_with_trigger.py for tasks to queue
[2024-08-12T10:06:24.175+0000] {logging_mixin.py:115} INFO - [2024-08-12T10:06:24.174+0000] {dagbag.py:508} INFO - Filling up the DagBag from /home/airflow/.local/lib/python3.7/site-packages/airflow/example_dags/example_latest_only_with_trigger.py
[2024-08-12T10:06:24.178+0000] {processor.py:650} INFO - DAG(s) dict_keys(['latest_only_with_trigger']) retrieved from /home/airflow/.local/lib/python3.7/site-packages/airflow/example_dags/example_latest_only_with_trigger.py
[2024-08-12T10:06:24.199+0000] {logging_mixin.py:115} INFO - [2024-08-12T10:06:24.199+0000] {dag.py:2429} INFO - Sync 1 DAGs
[2024-08-12T10:06:24.216+0000] {logging_mixin.py:115} INFO - [2024-08-12T10:06:24.216+0000] {dag.py:2981} INFO - Setting next_dagrun for latest_only_with_trigger to 2024-08-12T06:06:24.216397+00:00, run_after=2024-08-12T10:06:24.216397+00:00
[2024-08-12T10:06:24.226+0000] {processor.py:161} INFO - Processing /home/airflow/.local/lib/python3.7/site-packages/airflow/example_dags/example_latest_only_with_trigger.py took 0.055 seconds
[2024-08-12T10:06:55.072+0000] {processor.py:153} INFO - Started process (PID=1211) to work on /home/airflow/.local/lib/python3.7/site-packages/airflow/example_dags/example_latest_only_with_trigger.py
[2024-08-12T10:06:55.072+0000] {processor.py:640} INFO - Processing file /home/airflow/.local/lib/python3.7/site-packages/airflow/example_dags/example_latest_only_with_trigger.py for tasks to queue
[2024-08-12T10:06:55.073+0000] {logging_mixin.py:115} INFO - [2024-08-12T10:06:55.073+0000] {dagbag.py:508} INFO - Filling up the DagBag from /home/airflow/.local/lib/python3.7/site-packages/airflow/example_dags/example_latest_only_with_trigger.py
[2024-08-12T10:06:55.077+0000] {processor.py:650} INFO - DAG(s) dict_keys(['latest_only_with_trigger']) retrieved from /home/airflow/.local/lib/python3.7/site-packages/airflow/example_dags/example_latest_only_with_trigger.py
[2024-08-12T10:06:55.098+0000] {logging_mixin.py:115} INFO - [2024-08-12T10:06:55.098+0000] {dag.py:2429} INFO - Sync 1 DAGs
[2024-08-12T10:06:55.114+0000] {logging_mixin.py:115} INFO - [2024-08-12T10:06:55.114+0000] {dag.py:2981} INFO - Setting next_dagrun for latest_only_with_trigger to 2024-08-12T06:06:55.114579+00:00, run_after=2024-08-12T10:06:55.114579+00:00
[2024-08-12T10:06:55.125+0000] {processor.py:161} INFO - Processing /home/airflow/.local/lib/python3.7/site-packages/airflow/example_dags/example_latest_only_with_trigger.py took 0.056 seconds
[2024-08-12T10:07:25.167+0000] {processor.py:153} INFO - Started process (PID=1265) to work on /home/airflow/.local/lib/python3.7/site-packages/airflow/example_dags/example_latest_only_with_trigger.py
[2024-08-12T10:07:25.167+0000] {processor.py:640} INFO - Processing file /home/airflow/.local/lib/python3.7/site-packages/airflow/example_dags/example_latest_only_with_trigger.py for tasks to queue
[2024-08-12T10:07:25.168+0000] {logging_mixin.py:115} INFO - [2024-08-12T10:07:25.168+0000] {dagbag.py:508} INFO - Filling up the DagBag from /home/airflow/.local/lib/python3.7/site-packages/airflow/example_dags/example_latest_only_with_trigger.py
[2024-08-12T10:07:25.172+0000] {processor.py:650} INFO - DAG(s) dict_keys(['latest_only_with_trigger']) retrieved from /home/airflow/.local/lib/python3.7/site-packages/airflow/example_dags/example_latest_only_with_trigger.py
[2024-08-12T10:07:25.193+0000] {logging_mixin.py:115} INFO - [2024-08-12T10:07:25.193+0000] {dag.py:2429} INFO - Sync 1 DAGs
[2024-08-12T10:07:25.211+0000] {logging_mixin.py:115} INFO - [2024-08-12T10:07:25.211+0000] {dag.py:2981} INFO - Setting next_dagrun for latest_only_with_trigger to 2024-08-12T06:07:25.211138+00:00, run_after=2024-08-12T10:07:25.211138+00:00
[2024-08-12T10:07:25.221+0000] {processor.py:161} INFO - Processing /home/airflow/.local/lib/python3.7/site-packages/airflow/example_dags/example_latest_only_with_trigger.py took 0.056 seconds
[2024-08-12T10:07:55.421+0000] {processor.py:153} INFO - Started process (PID=1328) to work on /home/airflow/.local/lib/python3.7/site-packages/airflow/example_dags/example_latest_only_with_trigger.py
[2024-08-12T10:07:55.421+0000] {processor.py:640} INFO - Processing file /home/airflow/.local/lib/python3.7/site-packages/airflow/example_dags/example_latest_only_with_trigger.py for tasks to queue
[2024-08-12T10:07:55.422+0000] {logging_mixin.py:115} INFO - [2024-08-12T10:07:55.422+0000] {dagbag.py:508} INFO - Filling up the DagBag from /home/airflow/.local/lib/python3.7/site-packages/airflow/example_dags/example_latest_only_with_trigger.py
[2024-08-12T10:07:55.427+0000] {processor.py:650} INFO - DAG(s) dict_keys(['latest_only_with_trigger']) retrieved from /home/airflow/.local/lib/python3.7/site-packages/airflow/example_dags/example_latest_only_with_trigger.py
[2024-08-12T10:07:55.448+0000] {logging_mixin.py:115} INFO - [2024-08-12T10:07:55.448+0000] {dag.py:2429} INFO - Sync 1 DAGs
[2024-08-12T10:07:55.465+0000] {logging_mixin.py:115} INFO - [2024-08-12T10:07:55.465+0000] {dag.py:2981} INFO - Setting next_dagrun for latest_only_with_trigger to 2024-08-12T06:07:55.465230+00:00, run_after=2024-08-12T10:07:55.465230+00:00
[2024-08-12T10:07:55.477+0000] {processor.py:161} INFO - Processing /home/airflow/.local/lib/python3.7/site-packages/airflow/example_dags/example_latest_only_with_trigger.py took 0.059 seconds
[2024-08-12T10:08:26.266+0000] {processor.py:153} INFO - Started process (PID=1391) to work on /home/airflow/.local/lib/python3.7/site-packages/airflow/example_dags/example_latest_only_with_trigger.py
[2024-08-12T10:08:26.267+0000] {processor.py:640} INFO - Processing file /home/airflow/.local/lib/python3.7/site-packages/airflow/example_dags/example_latest_only_with_trigger.py for tasks to queue
[2024-08-12T10:08:26.267+0000] {logging_mixin.py:115} INFO - [2024-08-12T10:08:26.267+0000] {dagbag.py:508} INFO - Filling up the DagBag from /home/airflow/.local/lib/python3.7/site-packages/airflow/example_dags/example_latest_only_with_trigger.py
[2024-08-12T10:08:26.271+0000] {processor.py:650} INFO - DAG(s) dict_keys(['latest_only_with_trigger']) retrieved from /home/airflow/.local/lib/python3.7/site-packages/airflow/example_dags/example_latest_only_with_trigger.py
[2024-08-12T10:08:26.292+0000] {logging_mixin.py:115} INFO - [2024-08-12T10:08:26.292+0000] {dag.py:2429} INFO - Sync 1 DAGs
[2024-08-12T10:08:26.309+0000] {logging_mixin.py:115} INFO - [2024-08-12T10:08:26.309+0000] {dag.py:2981} INFO - Setting next_dagrun for latest_only_with_trigger to 2024-08-12T06:08:26.309333+00:00, run_after=2024-08-12T10:08:26.309333+00:00
[2024-08-12T10:08:26.319+0000] {processor.py:161} INFO - Processing /home/airflow/.local/lib/python3.7/site-packages/airflow/example_dags/example_latest_only_with_trigger.py took 0.055 seconds
[2024-08-12T10:08:56.968+0000] {processor.py:153} INFO - Started process (PID=1445) to work on /home/airflow/.local/lib/python3.7/site-packages/airflow/example_dags/example_latest_only_with_trigger.py
[2024-08-12T10:08:56.969+0000] {processor.py:640} INFO - Processing file /home/airflow/.local/lib/python3.7/site-packages/airflow/example_dags/example_latest_only_with_trigger.py for tasks to queue
[2024-08-12T10:08:56.969+0000] {logging_mixin.py:115} INFO - [2024-08-12T10:08:56.969+0000] {dagbag.py:508} INFO - Filling up the DagBag from /home/airflow/.local/lib/python3.7/site-packages/airflow/example_dags/example_latest_only_with_trigger.py
[2024-08-12T10:08:56.974+0000] {processor.py:650} INFO - DAG(s) dict_keys(['latest_only_with_trigger']) retrieved from /home/airflow/.local/lib/python3.7/site-packages/airflow/example_dags/example_latest_only_with_trigger.py
[2024-08-12T10:08:56.995+0000] {logging_mixin.py:115} INFO - [2024-08-12T10:08:56.995+0000] {dag.py:2429} INFO - Sync 1 DAGs
[2024-08-12T10:08:57.012+0000] {logging_mixin.py:115} INFO - [2024-08-12T10:08:57.012+0000] {dag.py:2981} INFO - Setting next_dagrun for latest_only_with_trigger to 2024-08-12T06:08:57.011876+00:00, run_after=2024-08-12T10:08:57.011876+00:00
[2024-08-12T10:08:57.022+0000] {processor.py:161} INFO - Processing /home/airflow/.local/lib/python3.7/site-packages/airflow/example_dags/example_latest_only_with_trigger.py took 0.057 seconds
[2024-08-12T10:09:27.757+0000] {processor.py:153} INFO - Started process (PID=1508) to work on /home/airflow/.local/lib/python3.7/site-packages/airflow/example_dags/example_latest_only_with_trigger.py
[2024-08-12T10:09:27.758+0000] {processor.py:640} INFO - Processing file /home/airflow/.local/lib/python3.7/site-packages/airflow/example_dags/example_latest_only_with_trigger.py for tasks to queue
[2024-08-12T10:09:27.758+0000] {logging_mixin.py:115} INFO - [2024-08-12T10:09:27.758+0000] {dagbag.py:508} INFO - Filling up the DagBag from /home/airflow/.local/lib/python3.7/site-packages/airflow/example_dags/example_latest_only_with_trigger.py
[2024-08-12T10:09:27.763+0000] {processor.py:650} INFO - DAG(s) dict_keys(['latest_only_with_trigger']) retrieved from /home/airflow/.local/lib/python3.7/site-packages/airflow/example_dags/example_latest_only_with_trigger.py
[2024-08-12T10:09:27.783+0000] {logging_mixin.py:115} INFO - [2024-08-12T10:09:27.783+0000] {dag.py:2429} INFO - Sync 1 DAGs
[2024-08-12T10:09:27.800+0000] {logging_mixin.py:115} INFO - [2024-08-12T10:09:27.800+0000] {dag.py:2981} INFO - Setting next_dagrun for latest_only_with_trigger to 2024-08-12T06:09:27.799888+00:00, run_after=2024-08-12T10:09:27.799888+00:00
[2024-08-12T10:09:27.809+0000] {processor.py:161} INFO - Processing /home/airflow/.local/lib/python3.7/site-packages/airflow/example_dags/example_latest_only_with_trigger.py took 0.054 seconds
[2024-08-12T10:09:58.467+0000] {processor.py:153} INFO - Started process (PID=1571) to work on /home/airflow/.local/lib/python3.7/site-packages/airflow/example_dags/example_latest_only_with_trigger.py
[2024-08-12T10:09:58.468+0000] {processor.py:640} INFO - Processing file /home/airflow/.local/lib/python3.7/site-packages/airflow/example_dags/example_latest_only_with_trigger.py for tasks to queue
[2024-08-12T10:09:58.468+0000] {logging_mixin.py:115} INFO - [2024-08-12T10:09:58.468+0000] {dagbag.py:508} INFO - Filling up the DagBag from /home/airflow/.local/lib/python3.7/site-packages/airflow/example_dags/example_latest_only_with_trigger.py
[2024-08-12T10:09:58.473+0000] {processor.py:650} INFO - DAG(s) dict_keys(['latest_only_with_trigger']) retrieved from /home/airflow/.local/lib/python3.7/site-packages/airflow/example_dags/example_latest_only_with_trigger.py
[2024-08-12T10:09:58.494+0000] {logging_mixin.py:115} INFO - [2024-08-12T10:09:58.494+0000] {dag.py:2429} INFO - Sync 1 DAGs
[2024-08-12T10:09:58.511+0000] {logging_mixin.py:115} INFO - [2024-08-12T10:09:58.511+0000] {dag.py:2981} INFO - Setting next_dagrun for latest_only_with_trigger to 2024-08-12T06:09:58.511327+00:00, run_after=2024-08-12T10:09:58.511327+00:00
[2024-08-12T10:09:58.521+0000] {processor.py:161} INFO - Processing /home/airflow/.local/lib/python3.7/site-packages/airflow/example_dags/example_latest_only_with_trigger.py took 0.056 seconds
[2024-08-12T10:10:29.307+0000] {processor.py:153} INFO - Started process (PID=1634) to work on /home/airflow/.local/lib/python3.7/site-packages/airflow/example_dags/example_latest_only_with_trigger.py
[2024-08-12T10:10:29.308+0000] {processor.py:640} INFO - Processing file /home/airflow/.local/lib/python3.7/site-packages/airflow/example_dags/example_latest_only_with_trigger.py for tasks to queue
[2024-08-12T10:10:29.308+0000] {logging_mixin.py:115} INFO - [2024-08-12T10:10:29.308+0000] {dagbag.py:508} INFO - Filling up the DagBag from /home/airflow/.local/lib/python3.7/site-packages/airflow/example_dags/example_latest_only_with_trigger.py
[2024-08-12T10:10:29.313+0000] {processor.py:650} INFO - DAG(s) dict_keys(['latest_only_with_trigger']) retrieved from /home/airflow/.local/lib/python3.7/site-packages/airflow/example_dags/example_latest_only_with_trigger.py
[2024-08-12T10:10:29.334+0000] {logging_mixin.py:115} INFO - [2024-08-12T10:10:29.334+0000] {dag.py:2429} INFO - Sync 1 DAGs
[2024-08-12T10:10:29.352+0000] {logging_mixin.py:115} INFO - [2024-08-12T10:10:29.352+0000] {dag.py:2981} INFO - Setting next_dagrun for latest_only_with_trigger to 2024-08-12T06:10:29.352381+00:00, run_after=2024-08-12T10:10:29.352381+00:00
[2024-08-12T10:10:29.363+0000] {processor.py:161} INFO - Processing /home/airflow/.local/lib/python3.7/site-packages/airflow/example_dags/example_latest_only_with_trigger.py took 0.059 seconds
[2024-08-12T10:11:00.005+0000] {processor.py:153} INFO - Started process (PID=1688) to work on /home/airflow/.local/lib/python3.7/site-packages/airflow/example_dags/example_latest_only_with_trigger.py
[2024-08-12T10:11:00.005+0000] {processor.py:640} INFO - Processing file /home/airflow/.local/lib/python3.7/site-packages/airflow/example_dags/example_latest_only_with_trigger.py for tasks to queue
[2024-08-12T10:11:00.006+0000] {logging_mixin.py:115} INFO - [2024-08-12T10:11:00.006+0000] {dagbag.py:508} INFO - Filling up the DagBag from /home/airflow/.local/lib/python3.7/site-packages/airflow/example_dags/example_latest_only_with_trigger.py
[2024-08-12T10:11:00.011+0000] {processor.py:650} INFO - DAG(s) dict_keys(['latest_only_with_trigger']) retrieved from /home/airflow/.local/lib/python3.7/site-packages/airflow/example_dags/example_latest_only_with_trigger.py
[2024-08-12T10:11:00.033+0000] {logging_mixin.py:115} INFO - [2024-08-12T10:11:00.033+0000] {dag.py:2429} INFO - Sync 1 DAGs
[2024-08-12T10:11:00.051+0000] {logging_mixin.py:115} INFO - [2024-08-12T10:11:00.051+0000] {dag.py:2981} INFO - Setting next_dagrun for latest_only_with_trigger to 2024-08-12T06:11:00.051512+00:00, run_after=2024-08-12T10:11:00.051512+00:00
[2024-08-12T10:11:00.061+0000] {processor.py:161} INFO - Processing /home/airflow/.local/lib/python3.7/site-packages/airflow/example_dags/example_latest_only_with_trigger.py took 0.059 seconds
[2024-08-12T10:11:30.774+0000] {processor.py:153} INFO - Started process (PID=1751) to work on /home/airflow/.local/lib/python3.7/site-packages/airflow/example_dags/example_latest_only_with_trigger.py
[2024-08-12T10:11:30.775+0000] {processor.py:640} INFO - Processing file /home/airflow/.local/lib/python3.7/site-packages/airflow/example_dags/example_latest_only_with_trigger.py for tasks to queue
[2024-08-12T10:11:30.775+0000] {logging_mixin.py:115} INFO - [2024-08-12T10:11:30.775+0000] {dagbag.py:508} INFO - Filling up the DagBag from /home/airflow/.local/lib/python3.7/site-packages/airflow/example_dags/example_latest_only_with_trigger.py
[2024-08-12T10:11:30.780+0000] {processor.py:650} INFO - DAG(s) dict_keys(['latest_only_with_trigger']) retrieved from /home/airflow/.local/lib/python3.7/site-packages/airflow/example_dags/example_latest_only_with_trigger.py
[2024-08-12T10:11:30.803+0000] {logging_mixin.py:115} INFO - [2024-08-12T10:11:30.803+0000] {dag.py:2429} INFO - Sync 1 DAGs
[2024-08-12T10:11:30.821+0000] {logging_mixin.py:115} INFO - [2024-08-12T10:11:30.821+0000] {dag.py:2981} INFO - Setting next_dagrun for latest_only_with_trigger to 2024-08-12T06:11:30.821267+00:00, run_after=2024-08-12T10:11:30.821267+00:00
[2024-08-12T10:11:30.832+0000] {processor.py:161} INFO - Processing /home/airflow/.local/lib/python3.7/site-packages/airflow/example_dags/example_latest_only_with_trigger.py took 0.061 seconds
[2024-08-12T10:12:01.563+0000] {processor.py:153} INFO - Started process (PID=1814) to work on /home/airflow/.local/lib/python3.7/site-packages/airflow/example_dags/example_latest_only_with_trigger.py
[2024-08-12T10:12:01.563+0000] {processor.py:640} INFO - Processing file /home/airflow/.local/lib/python3.7/site-packages/airflow/example_dags/example_latest_only_with_trigger.py for tasks to queue
[2024-08-12T10:12:01.563+0000] {logging_mixin.py:115} INFO - [2024-08-12T10:12:01.563+0000] {dagbag.py:508} INFO - Filling up the DagBag from /home/airflow/.local/lib/python3.7/site-packages/airflow/example_dags/example_latest_only_with_trigger.py
[2024-08-12T10:12:01.568+0000] {processor.py:650} INFO - DAG(s) dict_keys(['latest_only_with_trigger']) retrieved from /home/airflow/.local/lib/python3.7/site-packages/airflow/example_dags/example_latest_only_with_trigger.py
[2024-08-12T10:12:01.588+0000] {logging_mixin.py:115} INFO - [2024-08-12T10:12:01.588+0000] {dag.py:2429} INFO - Sync 1 DAGs
[2024-08-12T10:12:01.605+0000] {logging_mixin.py:115} INFO - [2024-08-12T10:12:01.605+0000] {dag.py:2981} INFO - Setting next_dagrun for latest_only_with_trigger to 2024-08-12T06:12:01.605502+00:00, run_after=2024-08-12T10:12:01.605502+00:00
[2024-08-12T10:12:01.615+0000] {processor.py:161} INFO - Processing /home/airflow/.local/lib/python3.7/site-packages/airflow/example_dags/example_latest_only_with_trigger.py took 0.055 seconds
[2024-08-12T10:12:32.364+0000] {processor.py:153} INFO - Started process (PID=1877) to work on /home/airflow/.local/lib/python3.7/site-packages/airflow/example_dags/example_latest_only_with_trigger.py
[2024-08-12T10:12:32.365+0000] {processor.py:640} INFO - Processing file /home/airflow/.local/lib/python3.7/site-packages/airflow/example_dags/example_latest_only_with_trigger.py for tasks to queue
[2024-08-12T10:12:32.366+0000] {logging_mixin.py:115} INFO - [2024-08-12T10:12:32.366+0000] {dagbag.py:508} INFO - Filling up the DagBag from /home/airflow/.local/lib/python3.7/site-packages/airflow/example_dags/example_latest_only_with_trigger.py
[2024-08-12T10:12:32.370+0000] {processor.py:650} INFO - DAG(s) dict_keys(['latest_only_with_trigger']) retrieved from /home/airflow/.local/lib/python3.7/site-packages/airflow/example_dags/example_latest_only_with_trigger.py
[2024-08-12T10:12:32.390+0000] {logging_mixin.py:115} INFO - [2024-08-12T10:12:32.390+0000] {dag.py:2429} INFO - Sync 1 DAGs
[2024-08-12T10:12:32.406+0000] {logging_mixin.py:115} INFO - [2024-08-12T10:12:32.406+0000] {dag.py:2981} INFO - Setting next_dagrun for latest_only_with_trigger to 2024-08-12T06:12:32.405999+00:00, run_after=2024-08-12T10:12:32.405999+00:00
[2024-08-12T10:12:32.417+0000] {processor.py:161} INFO - Processing /home/airflow/.local/lib/python3.7/site-packages/airflow/example_dags/example_latest_only_with_trigger.py took 0.055 seconds
[2024-08-12T10:13:03.313+0000] {processor.py:153} INFO - Started process (PID=1931) to work on /home/airflow/.local/lib/python3.7/site-packages/airflow/example_dags/example_latest_only_with_trigger.py
[2024-08-12T10:13:03.314+0000] {processor.py:640} INFO - Processing file /home/airflow/.local/lib/python3.7/site-packages/airflow/example_dags/example_latest_only_with_trigger.py for tasks to queue
[2024-08-12T10:13:03.314+0000] {logging_mixin.py:115} INFO - [2024-08-12T10:13:03.314+0000] {dagbag.py:508} INFO - Filling up the DagBag from /home/airflow/.local/lib/python3.7/site-packages/airflow/example_dags/example_latest_only_with_trigger.py
[2024-08-12T10:13:03.318+0000] {processor.py:650} INFO - DAG(s) dict_keys(['latest_only_with_trigger']) retrieved from /home/airflow/.local/lib/python3.7/site-packages/airflow/example_dags/example_latest_only_with_trigger.py
[2024-08-12T10:13:03.340+0000] {logging_mixin.py:115} INFO - [2024-08-12T10:13:03.339+0000] {dag.py:2429} INFO - Sync 1 DAGs
[2024-08-12T10:13:03.356+0000] {logging_mixin.py:115} INFO - [2024-08-12T10:13:03.356+0000] {dag.py:2981} INFO - Setting next_dagrun for latest_only_with_trigger to 2024-08-12T06:13:03.356264+00:00, run_after=2024-08-12T10:13:03.356264+00:00
[2024-08-12T10:13:03.367+0000] {processor.py:161} INFO - Processing /home/airflow/.local/lib/python3.7/site-packages/airflow/example_dags/example_latest_only_with_trigger.py took 0.056 seconds
[2024-08-12T10:13:34.084+0000] {processor.py:153} INFO - Started process (PID=1994) to work on /home/airflow/.local/lib/python3.7/site-packages/airflow/example_dags/example_latest_only_with_trigger.py
[2024-08-12T10:13:34.085+0000] {processor.py:640} INFO - Processing file /home/airflow/.local/lib/python3.7/site-packages/airflow/example_dags/example_latest_only_with_trigger.py for tasks to queue
[2024-08-12T10:13:34.086+0000] {logging_mixin.py:115} INFO - [2024-08-12T10:13:34.086+0000] {dagbag.py:508} INFO - Filling up the DagBag from /home/airflow/.local/lib/python3.7/site-packages/airflow/example_dags/example_latest_only_with_trigger.py
[2024-08-12T10:13:34.090+0000] {processor.py:650} INFO - DAG(s) dict_keys(['latest_only_with_trigger']) retrieved from /home/airflow/.local/lib/python3.7/site-packages/airflow/example_dags/example_latest_only_with_trigger.py
[2024-08-12T10:13:34.112+0000] {logging_mixin.py:115} INFO - [2024-08-12T10:13:34.112+0000] {dag.py:2429} INFO - Sync 1 DAGs
[2024-08-12T10:13:34.129+0000] {logging_mixin.py:115} INFO - [2024-08-12T10:13:34.129+0000] {dag.py:2981} INFO - Setting next_dagrun for latest_only_with_trigger to 2024-08-12T06:13:34.129271+00:00, run_after=2024-08-12T10:13:34.129271+00:00
[2024-08-12T10:13:34.142+0000] {processor.py:161} INFO - Processing /home/airflow/.local/lib/python3.7/site-packages/airflow/example_dags/example_latest_only_with_trigger.py took 0.060 seconds
[2024-08-12T10:14:04.834+0000] {processor.py:153} INFO - Started process (PID=2057) to work on /home/airflow/.local/lib/python3.7/site-packages/airflow/example_dags/example_latest_only_with_trigger.py
[2024-08-12T10:14:04.835+0000] {processor.py:640} INFO - Processing file /home/airflow/.local/lib/python3.7/site-packages/airflow/example_dags/example_latest_only_with_trigger.py for tasks to queue
[2024-08-12T10:14:04.836+0000] {logging_mixin.py:115} INFO - [2024-08-12T10:14:04.835+0000] {dagbag.py:508} INFO - Filling up the DagBag from /home/airflow/.local/lib/python3.7/site-packages/airflow/example_dags/example_latest_only_with_trigger.py
[2024-08-12T10:14:04.840+0000] {processor.py:650} INFO - DAG(s) dict_keys(['latest_only_with_trigger']) retrieved from /home/airflow/.local/lib/python3.7/site-packages/airflow/example_dags/example_latest_only_with_trigger.py
[2024-08-12T10:14:04.863+0000] {logging_mixin.py:115} INFO - [2024-08-12T10:14:04.863+0000] {dag.py:2429} INFO - Sync 1 DAGs
[2024-08-12T10:14:04.882+0000] {logging_mixin.py:115} INFO - [2024-08-12T10:14:04.882+0000] {dag.py:2981} INFO - Setting next_dagrun for latest_only_with_trigger to 2024-08-12T06:14:04.882351+00:00, run_after=2024-08-12T10:14:04.882351+00:00
[2024-08-12T10:14:04.896+0000] {processor.py:161} INFO - Processing /home/airflow/.local/lib/python3.7/site-packages/airflow/example_dags/example_latest_only_with_trigger.py took 0.064 seconds
