[2024-08-12T08:27:08.833+0000] {processor.py:153} INFO - Started process (PID=83) to work on /home/airflow/.local/lib/python3.7/site-packages/airflow/example_dags/example_complex.py
[2024-08-12T08:27:08.833+0000] {processor.py:640} INFO - Processing file /home/airflow/.local/lib/python3.7/site-packages/airflow/example_dags/example_complex.py for tasks to queue
[2024-08-12T08:27:08.834+0000] {logging_mixin.py:115} INFO - [2024-08-12T08:27:08.834+0000] {dagbag.py:508} INFO - Filling up the DagBag from /home/airflow/.local/lib/python3.7/site-packages/airflow/example_dags/example_complex.py
[2024-08-12T08:27:08.848+0000] {processor.py:650} INFO - DAG(s) dict_keys(['example_complex']) retrieved from /home/airflow/.local/lib/python3.7/site-packages/airflow/example_dags/example_complex.py
[2024-08-12T08:27:08.966+0000] {logging_mixin.py:115} INFO - [2024-08-12T08:27:08.966+0000] {manager.py:508} INFO - Created Permission View: can edit on DAG:example_complex
[2024-08-12T08:27:08.983+0000] {logging_mixin.py:115} INFO - [2024-08-12T08:27:08.983+0000] {manager.py:508} INFO - Created Permission View: can read on DAG:example_complex
[2024-08-12T08:27:08.992+0000] {logging_mixin.py:115} INFO - [2024-08-12T08:27:08.992+0000] {manager.py:508} INFO - Created Permission View: can delete on DAG:example_complex
[2024-08-12T08:27:08.993+0000] {logging_mixin.py:115} INFO - [2024-08-12T08:27:08.993+0000] {dag.py:2429} INFO - Sync 1 DAGs
[2024-08-12T08:27:09.004+0000] {logging_mixin.py:115} INFO - [2024-08-12T08:27:09.003+0000] {dag.py:2448} INFO - Creating ORM DAG for example_complex
[2024-08-12T08:27:09.020+0000] {logging_mixin.py:115} INFO - [2024-08-12T08:27:09.020+0000] {dag.py:2981} INFO - Setting next_dagrun for example_complex to None, run_after=None
[2024-08-12T08:27:09.040+0000] {processor.py:161} INFO - Processing /home/airflow/.local/lib/python3.7/site-packages/airflow/example_dags/example_complex.py took 0.210 seconds
[2024-08-12T08:27:39.831+0000] {processor.py:153} INFO - Started process (PID=135) to work on /home/airflow/.local/lib/python3.7/site-packages/airflow/example_dags/example_complex.py
[2024-08-12T08:27:39.832+0000] {processor.py:640} INFO - Processing file /home/airflow/.local/lib/python3.7/site-packages/airflow/example_dags/example_complex.py for tasks to queue
[2024-08-12T08:27:39.833+0000] {logging_mixin.py:115} INFO - [2024-08-12T08:27:39.833+0000] {dagbag.py:508} INFO - Filling up the DagBag from /home/airflow/.local/lib/python3.7/site-packages/airflow/example_dags/example_complex.py
[2024-08-12T08:27:39.843+0000] {processor.py:650} INFO - DAG(s) dict_keys(['example_complex']) retrieved from /home/airflow/.local/lib/python3.7/site-packages/airflow/example_dags/example_complex.py
[2024-08-12T08:27:39.867+0000] {logging_mixin.py:115} INFO - [2024-08-12T08:27:39.867+0000] {dag.py:2429} INFO - Sync 1 DAGs
[2024-08-12T08:27:39.882+0000] {logging_mixin.py:115} INFO - [2024-08-12T08:27:39.882+0000] {dag.py:2981} INFO - Setting next_dagrun for example_complex to None, run_after=None
[2024-08-12T08:27:39.893+0000] {processor.py:161} INFO - Processing /home/airflow/.local/lib/python3.7/site-packages/airflow/example_dags/example_complex.py took 0.064 seconds
[2024-08-12T08:28:10.479+0000] {processor.py:153} INFO - Started process (PID=196) to work on /home/airflow/.local/lib/python3.7/site-packages/airflow/example_dags/example_complex.py
[2024-08-12T08:28:10.479+0000] {processor.py:640} INFO - Processing file /home/airflow/.local/lib/python3.7/site-packages/airflow/example_dags/example_complex.py for tasks to queue
[2024-08-12T08:28:10.480+0000] {logging_mixin.py:115} INFO - [2024-08-12T08:28:10.480+0000] {dagbag.py:508} INFO - Filling up the DagBag from /home/airflow/.local/lib/python3.7/site-packages/airflow/example_dags/example_complex.py
[2024-08-12T08:28:10.490+0000] {processor.py:650} INFO - DAG(s) dict_keys(['example_complex']) retrieved from /home/airflow/.local/lib/python3.7/site-packages/airflow/example_dags/example_complex.py
[2024-08-12T08:28:10.514+0000] {logging_mixin.py:115} INFO - [2024-08-12T08:28:10.514+0000] {dag.py:2429} INFO - Sync 1 DAGs
[2024-08-12T08:28:10.530+0000] {logging_mixin.py:115} INFO - [2024-08-12T08:28:10.530+0000] {dag.py:2981} INFO - Setting next_dagrun for example_complex to None, run_after=None
[2024-08-12T08:28:10.540+0000] {processor.py:161} INFO - Processing /home/airflow/.local/lib/python3.7/site-packages/airflow/example_dags/example_complex.py took 0.063 seconds
[2024-08-12T09:57:12.533+0000] {processor.py:153} INFO - Started process (PID=85) to work on /home/airflow/.local/lib/python3.7/site-packages/airflow/example_dags/example_complex.py
[2024-08-12T09:57:12.534+0000] {processor.py:640} INFO - Processing file /home/airflow/.local/lib/python3.7/site-packages/airflow/example_dags/example_complex.py for tasks to queue
[2024-08-12T09:57:12.535+0000] {logging_mixin.py:115} INFO - [2024-08-12T09:57:12.535+0000] {dagbag.py:508} INFO - Filling up the DagBag from /home/airflow/.local/lib/python3.7/site-packages/airflow/example_dags/example_complex.py
[2024-08-12T09:57:12.560+0000] {processor.py:650} INFO - DAG(s) dict_keys(['example_complex']) retrieved from /home/airflow/.local/lib/python3.7/site-packages/airflow/example_dags/example_complex.py
[2024-08-12T09:57:12.604+0000] {logging_mixin.py:115} INFO - [2024-08-12T09:57:12.604+0000] {dag.py:2429} INFO - Sync 1 DAGs
[2024-08-12T09:57:12.634+0000] {logging_mixin.py:115} INFO - [2024-08-12T09:57:12.633+0000] {dag.py:2981} INFO - Setting next_dagrun for example_complex to None, run_after=None
[2024-08-12T09:57:12.651+0000] {processor.py:161} INFO - Processing /home/airflow/.local/lib/python3.7/site-packages/airflow/example_dags/example_complex.py took 0.124 seconds
[2024-08-12T09:57:42.884+0000] {processor.py:153} INFO - Started process (PID=139) to work on /home/airflow/.local/lib/python3.7/site-packages/airflow/example_dags/example_complex.py
[2024-08-12T09:57:42.885+0000] {processor.py:640} INFO - Processing file /home/airflow/.local/lib/python3.7/site-packages/airflow/example_dags/example_complex.py for tasks to queue
[2024-08-12T09:57:42.886+0000] {logging_mixin.py:115} INFO - [2024-08-12T09:57:42.885+0000] {dagbag.py:508} INFO - Filling up the DagBag from /home/airflow/.local/lib/python3.7/site-packages/airflow/example_dags/example_complex.py
[2024-08-12T09:57:42.897+0000] {processor.py:650} INFO - DAG(s) dict_keys(['example_complex']) retrieved from /home/airflow/.local/lib/python3.7/site-packages/airflow/example_dags/example_complex.py
[2024-08-12T09:57:42.925+0000] {logging_mixin.py:115} INFO - [2024-08-12T09:57:42.925+0000] {dag.py:2429} INFO - Sync 1 DAGs
[2024-08-12T09:57:42.945+0000] {logging_mixin.py:115} INFO - [2024-08-12T09:57:42.945+0000] {dag.py:2981} INFO - Setting next_dagrun for example_complex to None, run_after=None
[2024-08-12T09:57:42.956+0000] {processor.py:161} INFO - Processing /home/airflow/.local/lib/python3.7/site-packages/airflow/example_dags/example_complex.py took 0.074 seconds
[2024-08-12T09:58:13.704+0000] {processor.py:153} INFO - Started process (PID=202) to work on /home/airflow/.local/lib/python3.7/site-packages/airflow/example_dags/example_complex.py
[2024-08-12T09:58:13.705+0000] {processor.py:640} INFO - Processing file /home/airflow/.local/lib/python3.7/site-packages/airflow/example_dags/example_complex.py for tasks to queue
[2024-08-12T09:58:13.706+0000] {logging_mixin.py:115} INFO - [2024-08-12T09:58:13.706+0000] {dagbag.py:508} INFO - Filling up the DagBag from /home/airflow/.local/lib/python3.7/site-packages/airflow/example_dags/example_complex.py
[2024-08-12T09:58:13.720+0000] {processor.py:650} INFO - DAG(s) dict_keys(['example_complex']) retrieved from /home/airflow/.local/lib/python3.7/site-packages/airflow/example_dags/example_complex.py
[2024-08-12T09:58:13.746+0000] {logging_mixin.py:115} INFO - [2024-08-12T09:58:13.746+0000] {dag.py:2429} INFO - Sync 1 DAGs
[2024-08-12T09:58:13.762+0000] {logging_mixin.py:115} INFO - [2024-08-12T09:58:13.762+0000] {dag.py:2981} INFO - Setting next_dagrun for example_complex to None, run_after=None
[2024-08-12T09:58:13.774+0000] {processor.py:161} INFO - Processing /home/airflow/.local/lib/python3.7/site-packages/airflow/example_dags/example_complex.py took 0.072 seconds
[2024-08-12T09:58:44.655+0000] {processor.py:153} INFO - Started process (PID=265) to work on /home/airflow/.local/lib/python3.7/site-packages/airflow/example_dags/example_complex.py
[2024-08-12T09:58:44.656+0000] {processor.py:640} INFO - Processing file /home/airflow/.local/lib/python3.7/site-packages/airflow/example_dags/example_complex.py for tasks to queue
[2024-08-12T09:58:44.656+0000] {logging_mixin.py:115} INFO - [2024-08-12T09:58:44.656+0000] {dagbag.py:508} INFO - Filling up the DagBag from /home/airflow/.local/lib/python3.7/site-packages/airflow/example_dags/example_complex.py
[2024-08-12T09:58:44.667+0000] {processor.py:650} INFO - DAG(s) dict_keys(['example_complex']) retrieved from /home/airflow/.local/lib/python3.7/site-packages/airflow/example_dags/example_complex.py
[2024-08-12T09:58:44.692+0000] {logging_mixin.py:115} INFO - [2024-08-12T09:58:44.691+0000] {dag.py:2429} INFO - Sync 1 DAGs
[2024-08-12T09:58:44.708+0000] {logging_mixin.py:115} INFO - [2024-08-12T09:58:44.708+0000] {dag.py:2981} INFO - Setting next_dagrun for example_complex to None, run_after=None
[2024-08-12T09:58:44.718+0000] {processor.py:161} INFO - Processing /home/airflow/.local/lib/python3.7/site-packages/airflow/example_dags/example_complex.py took 0.066 seconds
[2024-08-12T09:59:15.696+0000] {processor.py:153} INFO - Started process (PID=328) to work on /home/airflow/.local/lib/python3.7/site-packages/airflow/example_dags/example_complex.py
[2024-08-12T09:59:15.697+0000] {processor.py:640} INFO - Processing file /home/airflow/.local/lib/python3.7/site-packages/airflow/example_dags/example_complex.py for tasks to queue
[2024-08-12T09:59:15.698+0000] {logging_mixin.py:115} INFO - [2024-08-12T09:59:15.697+0000] {dagbag.py:508} INFO - Filling up the DagBag from /home/airflow/.local/lib/python3.7/site-packages/airflow/example_dags/example_complex.py
[2024-08-12T09:59:15.708+0000] {processor.py:650} INFO - DAG(s) dict_keys(['example_complex']) retrieved from /home/airflow/.local/lib/python3.7/site-packages/airflow/example_dags/example_complex.py
[2024-08-12T09:59:15.733+0000] {logging_mixin.py:115} INFO - [2024-08-12T09:59:15.733+0000] {dag.py:2429} INFO - Sync 1 DAGs
[2024-08-12T09:59:15.751+0000] {logging_mixin.py:115} INFO - [2024-08-12T09:59:15.751+0000] {dag.py:2981} INFO - Setting next_dagrun for example_complex to None, run_after=None
[2024-08-12T09:59:15.762+0000] {processor.py:161} INFO - Processing /home/airflow/.local/lib/python3.7/site-packages/airflow/example_dags/example_complex.py took 0.069 seconds
[2024-08-12T09:59:45.874+0000] {processor.py:153} INFO - Started process (PID=382) to work on /home/airflow/.local/lib/python3.7/site-packages/airflow/example_dags/example_complex.py
[2024-08-12T09:59:45.875+0000] {processor.py:640} INFO - Processing file /home/airflow/.local/lib/python3.7/site-packages/airflow/example_dags/example_complex.py for tasks to queue
[2024-08-12T09:59:45.875+0000] {logging_mixin.py:115} INFO - [2024-08-12T09:59:45.875+0000] {dagbag.py:508} INFO - Filling up the DagBag from /home/airflow/.local/lib/python3.7/site-packages/airflow/example_dags/example_complex.py
[2024-08-12T09:59:45.885+0000] {processor.py:650} INFO - DAG(s) dict_keys(['example_complex']) retrieved from /home/airflow/.local/lib/python3.7/site-packages/airflow/example_dags/example_complex.py
[2024-08-12T09:59:45.910+0000] {logging_mixin.py:115} INFO - [2024-08-12T09:59:45.910+0000] {dag.py:2429} INFO - Sync 1 DAGs
[2024-08-12T09:59:45.927+0000] {logging_mixin.py:115} INFO - [2024-08-12T09:59:45.927+0000] {dag.py:2981} INFO - Setting next_dagrun for example_complex to None, run_after=None
[2024-08-12T09:59:45.938+0000] {processor.py:161} INFO - Processing /home/airflow/.local/lib/python3.7/site-packages/airflow/example_dags/example_complex.py took 0.066 seconds
[2024-08-12T10:00:16.599+0000] {processor.py:153} INFO - Started process (PID=445) to work on /home/airflow/.local/lib/python3.7/site-packages/airflow/example_dags/example_complex.py
[2024-08-12T10:00:16.600+0000] {processor.py:640} INFO - Processing file /home/airflow/.local/lib/python3.7/site-packages/airflow/example_dags/example_complex.py for tasks to queue
[2024-08-12T10:00:16.600+0000] {logging_mixin.py:115} INFO - [2024-08-12T10:00:16.600+0000] {dagbag.py:508} INFO - Filling up the DagBag from /home/airflow/.local/lib/python3.7/site-packages/airflow/example_dags/example_complex.py
[2024-08-12T10:00:16.612+0000] {processor.py:650} INFO - DAG(s) dict_keys(['example_complex']) retrieved from /home/airflow/.local/lib/python3.7/site-packages/airflow/example_dags/example_complex.py
[2024-08-12T10:00:16.639+0000] {logging_mixin.py:115} INFO - [2024-08-12T10:00:16.638+0000] {dag.py:2429} INFO - Sync 1 DAGs
[2024-08-12T10:00:16.656+0000] {logging_mixin.py:115} INFO - [2024-08-12T10:00:16.656+0000] {dag.py:2981} INFO - Setting next_dagrun for example_complex to None, run_after=None
[2024-08-12T10:00:16.667+0000] {processor.py:161} INFO - Processing /home/airflow/.local/lib/python3.7/site-packages/airflow/example_dags/example_complex.py took 0.071 seconds
[2024-08-12T10:00:47.437+0000] {processor.py:153} INFO - Started process (PID=508) to work on /home/airflow/.local/lib/python3.7/site-packages/airflow/example_dags/example_complex.py
[2024-08-12T10:00:47.439+0000] {processor.py:640} INFO - Processing file /home/airflow/.local/lib/python3.7/site-packages/airflow/example_dags/example_complex.py for tasks to queue
[2024-08-12T10:00:47.439+0000] {logging_mixin.py:115} INFO - [2024-08-12T10:00:47.439+0000] {dagbag.py:508} INFO - Filling up the DagBag from /home/airflow/.local/lib/python3.7/site-packages/airflow/example_dags/example_complex.py
[2024-08-12T10:00:47.450+0000] {processor.py:650} INFO - DAG(s) dict_keys(['example_complex']) retrieved from /home/airflow/.local/lib/python3.7/site-packages/airflow/example_dags/example_complex.py
[2024-08-12T10:00:47.475+0000] {logging_mixin.py:115} INFO - [2024-08-12T10:00:47.475+0000] {dag.py:2429} INFO - Sync 1 DAGs
[2024-08-12T10:00:47.493+0000] {logging_mixin.py:115} INFO - [2024-08-12T10:00:47.493+0000] {dag.py:2981} INFO - Setting next_dagrun for example_complex to None, run_after=None
[2024-08-12T10:00:47.504+0000] {processor.py:161} INFO - Processing /home/airflow/.local/lib/python3.7/site-packages/airflow/example_dags/example_complex.py took 0.070 seconds
[2024-08-12T10:01:18.276+0000] {processor.py:153} INFO - Started process (PID=571) to work on /home/airflow/.local/lib/python3.7/site-packages/airflow/example_dags/example_complex.py
[2024-08-12T10:01:18.277+0000] {processor.py:640} INFO - Processing file /home/airflow/.local/lib/python3.7/site-packages/airflow/example_dags/example_complex.py for tasks to queue
[2024-08-12T10:01:18.278+0000] {logging_mixin.py:115} INFO - [2024-08-12T10:01:18.277+0000] {dagbag.py:508} INFO - Filling up the DagBag from /home/airflow/.local/lib/python3.7/site-packages/airflow/example_dags/example_complex.py
[2024-08-12T10:01:18.288+0000] {processor.py:650} INFO - DAG(s) dict_keys(['example_complex']) retrieved from /home/airflow/.local/lib/python3.7/site-packages/airflow/example_dags/example_complex.py
[2024-08-12T10:01:18.315+0000] {logging_mixin.py:115} INFO - [2024-08-12T10:01:18.315+0000] {dag.py:2429} INFO - Sync 1 DAGs
[2024-08-12T10:01:18.336+0000] {logging_mixin.py:115} INFO - [2024-08-12T10:01:18.335+0000] {dag.py:2981} INFO - Setting next_dagrun for example_complex to None, run_after=None
[2024-08-12T10:01:18.347+0000] {processor.py:161} INFO - Processing /home/airflow/.local/lib/python3.7/site-packages/airflow/example_dags/example_complex.py took 0.074 seconds
[2024-08-12T10:01:49.035+0000] {processor.py:153} INFO - Started process (PID=625) to work on /home/airflow/.local/lib/python3.7/site-packages/airflow/example_dags/example_complex.py
[2024-08-12T10:01:49.036+0000] {processor.py:640} INFO - Processing file /home/airflow/.local/lib/python3.7/site-packages/airflow/example_dags/example_complex.py for tasks to queue
[2024-08-12T10:01:49.037+0000] {logging_mixin.py:115} INFO - [2024-08-12T10:01:49.037+0000] {dagbag.py:508} INFO - Filling up the DagBag from /home/airflow/.local/lib/python3.7/site-packages/airflow/example_dags/example_complex.py
[2024-08-12T10:01:49.047+0000] {processor.py:650} INFO - DAG(s) dict_keys(['example_complex']) retrieved from /home/airflow/.local/lib/python3.7/site-packages/airflow/example_dags/example_complex.py
[2024-08-12T10:01:49.074+0000] {logging_mixin.py:115} INFO - [2024-08-12T10:01:49.073+0000] {dag.py:2429} INFO - Sync 1 DAGs
[2024-08-12T10:01:49.091+0000] {logging_mixin.py:115} INFO - [2024-08-12T10:01:49.091+0000] {dag.py:2981} INFO - Setting next_dagrun for example_complex to None, run_after=None
[2024-08-12T10:01:49.101+0000] {processor.py:161} INFO - Processing /home/airflow/.local/lib/python3.7/site-packages/airflow/example_dags/example_complex.py took 0.068 seconds
[2024-08-12T10:02:19.872+0000] {processor.py:153} INFO - Started process (PID=688) to work on /home/airflow/.local/lib/python3.7/site-packages/airflow/example_dags/example_complex.py
[2024-08-12T10:02:19.873+0000] {processor.py:640} INFO - Processing file /home/airflow/.local/lib/python3.7/site-packages/airflow/example_dags/example_complex.py for tasks to queue
[2024-08-12T10:02:19.874+0000] {logging_mixin.py:115} INFO - [2024-08-12T10:02:19.874+0000] {dagbag.py:508} INFO - Filling up the DagBag from /home/airflow/.local/lib/python3.7/site-packages/airflow/example_dags/example_complex.py
[2024-08-12T10:02:19.884+0000] {processor.py:650} INFO - DAG(s) dict_keys(['example_complex']) retrieved from /home/airflow/.local/lib/python3.7/site-packages/airflow/example_dags/example_complex.py
[2024-08-12T10:02:19.910+0000] {logging_mixin.py:115} INFO - [2024-08-12T10:02:19.910+0000] {dag.py:2429} INFO - Sync 1 DAGs
[2024-08-12T10:02:19.930+0000] {logging_mixin.py:115} INFO - [2024-08-12T10:02:19.929+0000] {dag.py:2981} INFO - Setting next_dagrun for example_complex to None, run_after=None
[2024-08-12T10:02:19.942+0000] {processor.py:161} INFO - Processing /home/airflow/.local/lib/python3.7/site-packages/airflow/example_dags/example_complex.py took 0.072 seconds
[2024-08-12T10:02:50.715+0000] {processor.py:153} INFO - Started process (PID=751) to work on /home/airflow/.local/lib/python3.7/site-packages/airflow/example_dags/example_complex.py
[2024-08-12T10:02:50.716+0000] {processor.py:640} INFO - Processing file /home/airflow/.local/lib/python3.7/site-packages/airflow/example_dags/example_complex.py for tasks to queue
[2024-08-12T10:02:50.717+0000] {logging_mixin.py:115} INFO - [2024-08-12T10:02:50.717+0000] {dagbag.py:508} INFO - Filling up the DagBag from /home/airflow/.local/lib/python3.7/site-packages/airflow/example_dags/example_complex.py
[2024-08-12T10:02:50.727+0000] {processor.py:650} INFO - DAG(s) dict_keys(['example_complex']) retrieved from /home/airflow/.local/lib/python3.7/site-packages/airflow/example_dags/example_complex.py
[2024-08-12T10:02:50.753+0000] {logging_mixin.py:115} INFO - [2024-08-12T10:02:50.753+0000] {dag.py:2429} INFO - Sync 1 DAGs
[2024-08-12T10:02:50.771+0000] {logging_mixin.py:115} INFO - [2024-08-12T10:02:50.770+0000] {dag.py:2981} INFO - Setting next_dagrun for example_complex to None, run_after=None
[2024-08-12T10:02:50.782+0000] {processor.py:161} INFO - Processing /home/airflow/.local/lib/python3.7/site-packages/airflow/example_dags/example_complex.py took 0.069 seconds
[2024-08-12T10:03:21.577+0000] {processor.py:153} INFO - Started process (PID=814) to work on /home/airflow/.local/lib/python3.7/site-packages/airflow/example_dags/example_complex.py
[2024-08-12T10:03:21.578+0000] {processor.py:640} INFO - Processing file /home/airflow/.local/lib/python3.7/site-packages/airflow/example_dags/example_complex.py for tasks to queue
[2024-08-12T10:03:21.578+0000] {logging_mixin.py:115} INFO - [2024-08-12T10:03:21.578+0000] {dagbag.py:508} INFO - Filling up the DagBag from /home/airflow/.local/lib/python3.7/site-packages/airflow/example_dags/example_complex.py
[2024-08-12T10:03:21.589+0000] {processor.py:650} INFO - DAG(s) dict_keys(['example_complex']) retrieved from /home/airflow/.local/lib/python3.7/site-packages/airflow/example_dags/example_complex.py
[2024-08-12T10:03:21.616+0000] {logging_mixin.py:115} INFO - [2024-08-12T10:03:21.616+0000] {dag.py:2429} INFO - Sync 1 DAGs
[2024-08-12T10:03:21.635+0000] {logging_mixin.py:115} INFO - [2024-08-12T10:03:21.635+0000] {dag.py:2981} INFO - Setting next_dagrun for example_complex to None, run_after=None
[2024-08-12T10:03:21.647+0000] {processor.py:161} INFO - Processing /home/airflow/.local/lib/python3.7/site-packages/airflow/example_dags/example_complex.py took 0.073 seconds
[2024-08-12T10:03:52.491+0000] {processor.py:153} INFO - Started process (PID=868) to work on /home/airflow/.local/lib/python3.7/site-packages/airflow/example_dags/example_complex.py
[2024-08-12T10:03:52.492+0000] {processor.py:640} INFO - Processing file /home/airflow/.local/lib/python3.7/site-packages/airflow/example_dags/example_complex.py for tasks to queue
[2024-08-12T10:03:52.492+0000] {logging_mixin.py:115} INFO - [2024-08-12T10:03:52.492+0000] {dagbag.py:508} INFO - Filling up the DagBag from /home/airflow/.local/lib/python3.7/site-packages/airflow/example_dags/example_complex.py
[2024-08-12T10:03:52.502+0000] {processor.py:650} INFO - DAG(s) dict_keys(['example_complex']) retrieved from /home/airflow/.local/lib/python3.7/site-packages/airflow/example_dags/example_complex.py
[2024-08-12T10:03:52.528+0000] {logging_mixin.py:115} INFO - [2024-08-12T10:03:52.527+0000] {dag.py:2429} INFO - Sync 1 DAGs
[2024-08-12T10:03:52.545+0000] {logging_mixin.py:115} INFO - [2024-08-12T10:03:52.545+0000] {dag.py:2981} INFO - Setting next_dagrun for example_complex to None, run_after=None
[2024-08-12T10:03:52.557+0000] {processor.py:161} INFO - Processing /home/airflow/.local/lib/python3.7/site-packages/airflow/example_dags/example_complex.py took 0.069 seconds
[2024-08-12T10:04:23.297+0000] {processor.py:153} INFO - Started process (PID=931) to work on /home/airflow/.local/lib/python3.7/site-packages/airflow/example_dags/example_complex.py
[2024-08-12T10:04:23.298+0000] {processor.py:640} INFO - Processing file /home/airflow/.local/lib/python3.7/site-packages/airflow/example_dags/example_complex.py for tasks to queue
[2024-08-12T10:04:23.299+0000] {logging_mixin.py:115} INFO - [2024-08-12T10:04:23.298+0000] {dagbag.py:508} INFO - Filling up the DagBag from /home/airflow/.local/lib/python3.7/site-packages/airflow/example_dags/example_complex.py
[2024-08-12T10:04:23.309+0000] {processor.py:650} INFO - DAG(s) dict_keys(['example_complex']) retrieved from /home/airflow/.local/lib/python3.7/site-packages/airflow/example_dags/example_complex.py
[2024-08-12T10:04:23.337+0000] {logging_mixin.py:115} INFO - [2024-08-12T10:04:23.337+0000] {dag.py:2429} INFO - Sync 1 DAGs
[2024-08-12T10:04:23.356+0000] {logging_mixin.py:115} INFO - [2024-08-12T10:04:23.356+0000] {dag.py:2981} INFO - Setting next_dagrun for example_complex to None, run_after=None
[2024-08-12T10:04:23.369+0000] {processor.py:161} INFO - Processing /home/airflow/.local/lib/python3.7/site-packages/airflow/example_dags/example_complex.py took 0.074 seconds
[2024-08-12T10:04:54.172+0000] {processor.py:153} INFO - Started process (PID=994) to work on /home/airflow/.local/lib/python3.7/site-packages/airflow/example_dags/example_complex.py
[2024-08-12T10:04:54.173+0000] {processor.py:640} INFO - Processing file /home/airflow/.local/lib/python3.7/site-packages/airflow/example_dags/example_complex.py for tasks to queue
[2024-08-12T10:04:54.173+0000] {logging_mixin.py:115} INFO - [2024-08-12T10:04:54.173+0000] {dagbag.py:508} INFO - Filling up the DagBag from /home/airflow/.local/lib/python3.7/site-packages/airflow/example_dags/example_complex.py
[2024-08-12T10:04:54.183+0000] {processor.py:650} INFO - DAG(s) dict_keys(['example_complex']) retrieved from /home/airflow/.local/lib/python3.7/site-packages/airflow/example_dags/example_complex.py
[2024-08-12T10:04:54.209+0000] {logging_mixin.py:115} INFO - [2024-08-12T10:04:54.209+0000] {dag.py:2429} INFO - Sync 1 DAGs
[2024-08-12T10:04:54.226+0000] {logging_mixin.py:115} INFO - [2024-08-12T10:04:54.226+0000] {dag.py:2981} INFO - Setting next_dagrun for example_complex to None, run_after=None
[2024-08-12T10:04:54.237+0000] {processor.py:161} INFO - Processing /home/airflow/.local/lib/python3.7/site-packages/airflow/example_dags/example_complex.py took 0.068 seconds
[2024-08-12T10:05:25.038+0000] {processor.py:153} INFO - Started process (PID=1057) to work on /home/airflow/.local/lib/python3.7/site-packages/airflow/example_dags/example_complex.py
[2024-08-12T10:05:25.039+0000] {processor.py:640} INFO - Processing file /home/airflow/.local/lib/python3.7/site-packages/airflow/example_dags/example_complex.py for tasks to queue
[2024-08-12T10:05:25.039+0000] {logging_mixin.py:115} INFO - [2024-08-12T10:05:25.039+0000] {dagbag.py:508} INFO - Filling up the DagBag from /home/airflow/.local/lib/python3.7/site-packages/airflow/example_dags/example_complex.py
[2024-08-12T10:05:25.050+0000] {processor.py:650} INFO - DAG(s) dict_keys(['example_complex']) retrieved from /home/airflow/.local/lib/python3.7/site-packages/airflow/example_dags/example_complex.py
[2024-08-12T10:05:25.083+0000] {logging_mixin.py:115} INFO - [2024-08-12T10:05:25.083+0000] {dag.py:2429} INFO - Sync 1 DAGs
[2024-08-12T10:05:25.103+0000] {logging_mixin.py:115} INFO - [2024-08-12T10:05:25.103+0000] {dag.py:2981} INFO - Setting next_dagrun for example_complex to None, run_after=None
[2024-08-12T10:05:25.115+0000] {processor.py:161} INFO - Processing /home/airflow/.local/lib/python3.7/site-packages/airflow/example_dags/example_complex.py took 0.079 seconds
[2024-08-12T10:05:55.778+0000] {processor.py:153} INFO - Started process (PID=1111) to work on /home/airflow/.local/lib/python3.7/site-packages/airflow/example_dags/example_complex.py
[2024-08-12T10:05:55.779+0000] {processor.py:640} INFO - Processing file /home/airflow/.local/lib/python3.7/site-packages/airflow/example_dags/example_complex.py for tasks to queue
[2024-08-12T10:05:55.780+0000] {logging_mixin.py:115} INFO - [2024-08-12T10:05:55.780+0000] {dagbag.py:508} INFO - Filling up the DagBag from /home/airflow/.local/lib/python3.7/site-packages/airflow/example_dags/example_complex.py
[2024-08-12T10:05:55.790+0000] {processor.py:650} INFO - DAG(s) dict_keys(['example_complex']) retrieved from /home/airflow/.local/lib/python3.7/site-packages/airflow/example_dags/example_complex.py
[2024-08-12T10:05:55.816+0000] {logging_mixin.py:115} INFO - [2024-08-12T10:05:55.815+0000] {dag.py:2429} INFO - Sync 1 DAGs
[2024-08-12T10:05:55.834+0000] {logging_mixin.py:115} INFO - [2024-08-12T10:05:55.834+0000] {dag.py:2981} INFO - Setting next_dagrun for example_complex to None, run_after=None
[2024-08-12T10:05:55.846+0000] {processor.py:161} INFO - Processing /home/airflow/.local/lib/python3.7/site-packages/airflow/example_dags/example_complex.py took 0.070 seconds
[2024-08-12T10:06:26.620+0000] {processor.py:153} INFO - Started process (PID=1174) to work on /home/airflow/.local/lib/python3.7/site-packages/airflow/example_dags/example_complex.py
[2024-08-12T10:06:26.621+0000] {processor.py:640} INFO - Processing file /home/airflow/.local/lib/python3.7/site-packages/airflow/example_dags/example_complex.py for tasks to queue
[2024-08-12T10:06:26.621+0000] {logging_mixin.py:115} INFO - [2024-08-12T10:06:26.621+0000] {dagbag.py:508} INFO - Filling up the DagBag from /home/airflow/.local/lib/python3.7/site-packages/airflow/example_dags/example_complex.py
[2024-08-12T10:06:26.632+0000] {processor.py:650} INFO - DAG(s) dict_keys(['example_complex']) retrieved from /home/airflow/.local/lib/python3.7/site-packages/airflow/example_dags/example_complex.py
[2024-08-12T10:06:26.658+0000] {logging_mixin.py:115} INFO - [2024-08-12T10:06:26.658+0000] {dag.py:2429} INFO - Sync 1 DAGs
[2024-08-12T10:06:26.675+0000] {logging_mixin.py:115} INFO - [2024-08-12T10:06:26.675+0000] {dag.py:2981} INFO - Setting next_dagrun for example_complex to None, run_after=None
[2024-08-12T10:06:26.687+0000] {processor.py:161} INFO - Processing /home/airflow/.local/lib/python3.7/site-packages/airflow/example_dags/example_complex.py took 0.069 seconds
[2024-08-12T10:06:57.617+0000] {processor.py:153} INFO - Started process (PID=1237) to work on /home/airflow/.local/lib/python3.7/site-packages/airflow/example_dags/example_complex.py
[2024-08-12T10:06:57.618+0000] {processor.py:640} INFO - Processing file /home/airflow/.local/lib/python3.7/site-packages/airflow/example_dags/example_complex.py for tasks to queue
[2024-08-12T10:06:57.618+0000] {logging_mixin.py:115} INFO - [2024-08-12T10:06:57.618+0000] {dagbag.py:508} INFO - Filling up the DagBag from /home/airflow/.local/lib/python3.7/site-packages/airflow/example_dags/example_complex.py
[2024-08-12T10:06:57.629+0000] {processor.py:650} INFO - DAG(s) dict_keys(['example_complex']) retrieved from /home/airflow/.local/lib/python3.7/site-packages/airflow/example_dags/example_complex.py
[2024-08-12T10:06:57.655+0000] {logging_mixin.py:115} INFO - [2024-08-12T10:06:57.655+0000] {dag.py:2429} INFO - Sync 1 DAGs
[2024-08-12T10:06:57.674+0000] {logging_mixin.py:115} INFO - [2024-08-12T10:06:57.674+0000] {dag.py:2981} INFO - Setting next_dagrun for example_complex to None, run_after=None
[2024-08-12T10:06:57.688+0000] {processor.py:161} INFO - Processing /home/airflow/.local/lib/python3.7/site-packages/airflow/example_dags/example_complex.py took 0.074 seconds
[2024-08-12T10:07:27.913+0000] {processor.py:153} INFO - Started process (PID=1300) to work on /home/airflow/.local/lib/python3.7/site-packages/airflow/example_dags/example_complex.py
[2024-08-12T10:07:27.914+0000] {processor.py:640} INFO - Processing file /home/airflow/.local/lib/python3.7/site-packages/airflow/example_dags/example_complex.py for tasks to queue
[2024-08-12T10:07:27.914+0000] {logging_mixin.py:115} INFO - [2024-08-12T10:07:27.914+0000] {dagbag.py:508} INFO - Filling up the DagBag from /home/airflow/.local/lib/python3.7/site-packages/airflow/example_dags/example_complex.py
[2024-08-12T10:07:27.925+0000] {processor.py:650} INFO - DAG(s) dict_keys(['example_complex']) retrieved from /home/airflow/.local/lib/python3.7/site-packages/airflow/example_dags/example_complex.py
[2024-08-12T10:07:27.952+0000] {logging_mixin.py:115} INFO - [2024-08-12T10:07:27.952+0000] {dag.py:2429} INFO - Sync 1 DAGs
[2024-08-12T10:07:27.973+0000] {logging_mixin.py:115} INFO - [2024-08-12T10:07:27.973+0000] {dag.py:2981} INFO - Setting next_dagrun for example_complex to None, run_after=None
[2024-08-12T10:07:27.986+0000] {processor.py:161} INFO - Processing /home/airflow/.local/lib/python3.7/site-packages/airflow/example_dags/example_complex.py took 0.076 seconds
[2024-08-12T10:07:58.801+0000] {processor.py:153} INFO - Started process (PID=1354) to work on /home/airflow/.local/lib/python3.7/site-packages/airflow/example_dags/example_complex.py
[2024-08-12T10:07:58.802+0000] {processor.py:640} INFO - Processing file /home/airflow/.local/lib/python3.7/site-packages/airflow/example_dags/example_complex.py for tasks to queue
[2024-08-12T10:07:58.803+0000] {logging_mixin.py:115} INFO - [2024-08-12T10:07:58.803+0000] {dagbag.py:508} INFO - Filling up the DagBag from /home/airflow/.local/lib/python3.7/site-packages/airflow/example_dags/example_complex.py
[2024-08-12T10:07:58.813+0000] {processor.py:650} INFO - DAG(s) dict_keys(['example_complex']) retrieved from /home/airflow/.local/lib/python3.7/site-packages/airflow/example_dags/example_complex.py
[2024-08-12T10:07:58.838+0000] {logging_mixin.py:115} INFO - [2024-08-12T10:07:58.838+0000] {dag.py:2429} INFO - Sync 1 DAGs
[2024-08-12T10:07:58.855+0000] {logging_mixin.py:115} INFO - [2024-08-12T10:07:58.855+0000] {dag.py:2981} INFO - Setting next_dagrun for example_complex to None, run_after=None
[2024-08-12T10:07:58.867+0000] {processor.py:161} INFO - Processing /home/airflow/.local/lib/python3.7/site-packages/airflow/example_dags/example_complex.py took 0.068 seconds
[2024-08-12T10:08:29.535+0000] {processor.py:153} INFO - Started process (PID=1417) to work on /home/airflow/.local/lib/python3.7/site-packages/airflow/example_dags/example_complex.py
[2024-08-12T10:08:29.536+0000] {processor.py:640} INFO - Processing file /home/airflow/.local/lib/python3.7/site-packages/airflow/example_dags/example_complex.py for tasks to queue
[2024-08-12T10:08:29.536+0000] {logging_mixin.py:115} INFO - [2024-08-12T10:08:29.536+0000] {dagbag.py:508} INFO - Filling up the DagBag from /home/airflow/.local/lib/python3.7/site-packages/airflow/example_dags/example_complex.py
[2024-08-12T10:08:29.546+0000] {processor.py:650} INFO - DAG(s) dict_keys(['example_complex']) retrieved from /home/airflow/.local/lib/python3.7/site-packages/airflow/example_dags/example_complex.py
[2024-08-12T10:08:29.571+0000] {logging_mixin.py:115} INFO - [2024-08-12T10:08:29.571+0000] {dag.py:2429} INFO - Sync 1 DAGs
[2024-08-12T10:08:29.589+0000] {logging_mixin.py:115} INFO - [2024-08-12T10:08:29.589+0000] {dag.py:2981} INFO - Setting next_dagrun for example_complex to None, run_after=None
[2024-08-12T10:08:29.601+0000] {processor.py:161} INFO - Processing /home/airflow/.local/lib/python3.7/site-packages/airflow/example_dags/example_complex.py took 0.068 seconds
[2024-08-12T10:09:00.289+0000] {processor.py:153} INFO - Started process (PID=1480) to work on /home/airflow/.local/lib/python3.7/site-packages/airflow/example_dags/example_complex.py
[2024-08-12T10:09:00.289+0000] {processor.py:640} INFO - Processing file /home/airflow/.local/lib/python3.7/site-packages/airflow/example_dags/example_complex.py for tasks to queue
[2024-08-12T10:09:00.290+0000] {logging_mixin.py:115} INFO - [2024-08-12T10:09:00.290+0000] {dagbag.py:508} INFO - Filling up the DagBag from /home/airflow/.local/lib/python3.7/site-packages/airflow/example_dags/example_complex.py
[2024-08-12T10:09:00.301+0000] {processor.py:650} INFO - DAG(s) dict_keys(['example_complex']) retrieved from /home/airflow/.local/lib/python3.7/site-packages/airflow/example_dags/example_complex.py
[2024-08-12T10:09:00.326+0000] {logging_mixin.py:115} INFO - [2024-08-12T10:09:00.326+0000] {dag.py:2429} INFO - Sync 1 DAGs
[2024-08-12T10:09:00.344+0000] {logging_mixin.py:115} INFO - [2024-08-12T10:09:00.343+0000] {dag.py:2981} INFO - Setting next_dagrun for example_complex to None, run_after=None
[2024-08-12T10:09:00.356+0000] {processor.py:161} INFO - Processing /home/airflow/.local/lib/python3.7/site-packages/airflow/example_dags/example_complex.py took 0.070 seconds
[2024-08-12T10:09:31.003+0000] {processor.py:153} INFO - Started process (PID=1541) to work on /home/airflow/.local/lib/python3.7/site-packages/airflow/example_dags/example_complex.py
[2024-08-12T10:09:31.004+0000] {processor.py:640} INFO - Processing file /home/airflow/.local/lib/python3.7/site-packages/airflow/example_dags/example_complex.py for tasks to queue
[2024-08-12T10:09:31.004+0000] {logging_mixin.py:115} INFO - [2024-08-12T10:09:31.004+0000] {dagbag.py:508} INFO - Filling up the DagBag from /home/airflow/.local/lib/python3.7/site-packages/airflow/example_dags/example_complex.py
[2024-08-12T10:09:31.015+0000] {processor.py:650} INFO - DAG(s) dict_keys(['example_complex']) retrieved from /home/airflow/.local/lib/python3.7/site-packages/airflow/example_dags/example_complex.py
[2024-08-12T10:09:31.043+0000] {logging_mixin.py:115} INFO - [2024-08-12T10:09:31.042+0000] {dag.py:2429} INFO - Sync 1 DAGs
[2024-08-12T10:09:31.060+0000] {logging_mixin.py:115} INFO - [2024-08-12T10:09:31.060+0000] {dag.py:2981} INFO - Setting next_dagrun for example_complex to None, run_after=None
[2024-08-12T10:09:31.073+0000] {processor.py:161} INFO - Processing /home/airflow/.local/lib/python3.7/site-packages/airflow/example_dags/example_complex.py took 0.072 seconds
[2024-08-12T10:10:01.812+0000] {processor.py:153} INFO - Started process (PID=1597) to work on /home/airflow/.local/lib/python3.7/site-packages/airflow/example_dags/example_complex.py
[2024-08-12T10:10:01.813+0000] {processor.py:640} INFO - Processing file /home/airflow/.local/lib/python3.7/site-packages/airflow/example_dags/example_complex.py for tasks to queue
[2024-08-12T10:10:01.813+0000] {logging_mixin.py:115} INFO - [2024-08-12T10:10:01.813+0000] {dagbag.py:508} INFO - Filling up the DagBag from /home/airflow/.local/lib/python3.7/site-packages/airflow/example_dags/example_complex.py
[2024-08-12T10:10:01.835+0000] {processor.py:650} INFO - DAG(s) dict_keys(['example_complex']) retrieved from /home/airflow/.local/lib/python3.7/site-packages/airflow/example_dags/example_complex.py
[2024-08-12T10:10:01.870+0000] {logging_mixin.py:115} INFO - [2024-08-12T10:10:01.870+0000] {dag.py:2429} INFO - Sync 1 DAGs
[2024-08-12T10:10:01.890+0000] {logging_mixin.py:115} INFO - [2024-08-12T10:10:01.890+0000] {dag.py:2981} INFO - Setting next_dagrun for example_complex to None, run_after=None
[2024-08-12T10:10:01.904+0000] {processor.py:161} INFO - Processing /home/airflow/.local/lib/python3.7/site-packages/airflow/example_dags/example_complex.py took 0.095 seconds
[2024-08-12T10:10:32.536+0000] {processor.py:153} INFO - Started process (PID=1660) to work on /home/airflow/.local/lib/python3.7/site-packages/airflow/example_dags/example_complex.py
[2024-08-12T10:10:32.538+0000] {processor.py:640} INFO - Processing file /home/airflow/.local/lib/python3.7/site-packages/airflow/example_dags/example_complex.py for tasks to queue
[2024-08-12T10:10:32.538+0000] {logging_mixin.py:115} INFO - [2024-08-12T10:10:32.538+0000] {dagbag.py:508} INFO - Filling up the DagBag from /home/airflow/.local/lib/python3.7/site-packages/airflow/example_dags/example_complex.py
[2024-08-12T10:10:32.549+0000] {processor.py:650} INFO - DAG(s) dict_keys(['example_complex']) retrieved from /home/airflow/.local/lib/python3.7/site-packages/airflow/example_dags/example_complex.py
[2024-08-12T10:10:32.574+0000] {logging_mixin.py:115} INFO - [2024-08-12T10:10:32.574+0000] {dag.py:2429} INFO - Sync 1 DAGs
[2024-08-12T10:10:32.591+0000] {logging_mixin.py:115} INFO - [2024-08-12T10:10:32.591+0000] {dag.py:2981} INFO - Setting next_dagrun for example_complex to None, run_after=None
[2024-08-12T10:10:32.603+0000] {processor.py:161} INFO - Processing /home/airflow/.local/lib/python3.7/site-packages/airflow/example_dags/example_complex.py took 0.069 seconds
[2024-08-12T10:11:03.330+0000] {processor.py:153} INFO - Started process (PID=1723) to work on /home/airflow/.local/lib/python3.7/site-packages/airflow/example_dags/example_complex.py
[2024-08-12T10:11:03.331+0000] {processor.py:640} INFO - Processing file /home/airflow/.local/lib/python3.7/site-packages/airflow/example_dags/example_complex.py for tasks to queue
[2024-08-12T10:11:03.331+0000] {logging_mixin.py:115} INFO - [2024-08-12T10:11:03.331+0000] {dagbag.py:508} INFO - Filling up the DagBag from /home/airflow/.local/lib/python3.7/site-packages/airflow/example_dags/example_complex.py
[2024-08-12T10:11:03.342+0000] {processor.py:650} INFO - DAG(s) dict_keys(['example_complex']) retrieved from /home/airflow/.local/lib/python3.7/site-packages/airflow/example_dags/example_complex.py
[2024-08-12T10:11:03.368+0000] {logging_mixin.py:115} INFO - [2024-08-12T10:11:03.368+0000] {dag.py:2429} INFO - Sync 1 DAGs
[2024-08-12T10:11:03.386+0000] {logging_mixin.py:115} INFO - [2024-08-12T10:11:03.386+0000] {dag.py:2981} INFO - Setting next_dagrun for example_complex to None, run_after=None
[2024-08-12T10:11:03.399+0000] {processor.py:161} INFO - Processing /home/airflow/.local/lib/python3.7/site-packages/airflow/example_dags/example_complex.py took 0.072 seconds
[2024-08-12T10:11:34.109+0000] {processor.py:153} INFO - Started process (PID=1777) to work on /home/airflow/.local/lib/python3.7/site-packages/airflow/example_dags/example_complex.py
[2024-08-12T10:11:34.110+0000] {processor.py:640} INFO - Processing file /home/airflow/.local/lib/python3.7/site-packages/airflow/example_dags/example_complex.py for tasks to queue
[2024-08-12T10:11:34.111+0000] {logging_mixin.py:115} INFO - [2024-08-12T10:11:34.111+0000] {dagbag.py:508} INFO - Filling up the DagBag from /home/airflow/.local/lib/python3.7/site-packages/airflow/example_dags/example_complex.py
[2024-08-12T10:11:34.121+0000] {processor.py:650} INFO - DAG(s) dict_keys(['example_complex']) retrieved from /home/airflow/.local/lib/python3.7/site-packages/airflow/example_dags/example_complex.py
[2024-08-12T10:11:34.146+0000] {logging_mixin.py:115} INFO - [2024-08-12T10:11:34.146+0000] {dag.py:2429} INFO - Sync 1 DAGs
[2024-08-12T10:11:34.164+0000] {logging_mixin.py:115} INFO - [2024-08-12T10:11:34.164+0000] {dag.py:2981} INFO - Setting next_dagrun for example_complex to None, run_after=None
[2024-08-12T10:11:34.176+0000] {processor.py:161} INFO - Processing /home/airflow/.local/lib/python3.7/site-packages/airflow/example_dags/example_complex.py took 0.070 seconds
[2024-08-12T10:12:04.876+0000] {processor.py:153} INFO - Started process (PID=1840) to work on /home/airflow/.local/lib/python3.7/site-packages/airflow/example_dags/example_complex.py
[2024-08-12T10:12:04.877+0000] {processor.py:640} INFO - Processing file /home/airflow/.local/lib/python3.7/site-packages/airflow/example_dags/example_complex.py for tasks to queue
[2024-08-12T10:12:04.877+0000] {logging_mixin.py:115} INFO - [2024-08-12T10:12:04.877+0000] {dagbag.py:508} INFO - Filling up the DagBag from /home/airflow/.local/lib/python3.7/site-packages/airflow/example_dags/example_complex.py
[2024-08-12T10:12:04.889+0000] {processor.py:650} INFO - DAG(s) dict_keys(['example_complex']) retrieved from /home/airflow/.local/lib/python3.7/site-packages/airflow/example_dags/example_complex.py
[2024-08-12T10:12:04.917+0000] {logging_mixin.py:115} INFO - [2024-08-12T10:12:04.916+0000] {dag.py:2429} INFO - Sync 1 DAGs
[2024-08-12T10:12:04.935+0000] {logging_mixin.py:115} INFO - [2024-08-12T10:12:04.935+0000] {dag.py:2981} INFO - Setting next_dagrun for example_complex to None, run_after=None
[2024-08-12T10:12:04.948+0000] {processor.py:161} INFO - Processing /home/airflow/.local/lib/python3.7/site-packages/airflow/example_dags/example_complex.py took 0.074 seconds
[2024-08-12T10:12:35.837+0000] {processor.py:153} INFO - Started process (PID=1903) to work on /home/airflow/.local/lib/python3.7/site-packages/airflow/example_dags/example_complex.py
[2024-08-12T10:12:35.838+0000] {processor.py:640} INFO - Processing file /home/airflow/.local/lib/python3.7/site-packages/airflow/example_dags/example_complex.py for tasks to queue
[2024-08-12T10:12:35.838+0000] {logging_mixin.py:115} INFO - [2024-08-12T10:12:35.838+0000] {dagbag.py:508} INFO - Filling up the DagBag from /home/airflow/.local/lib/python3.7/site-packages/airflow/example_dags/example_complex.py
[2024-08-12T10:12:35.849+0000] {processor.py:650} INFO - DAG(s) dict_keys(['example_complex']) retrieved from /home/airflow/.local/lib/python3.7/site-packages/airflow/example_dags/example_complex.py
[2024-08-12T10:12:35.874+0000] {logging_mixin.py:115} INFO - [2024-08-12T10:12:35.874+0000] {dag.py:2429} INFO - Sync 1 DAGs
[2024-08-12T10:12:35.894+0000] {logging_mixin.py:115} INFO - [2024-08-12T10:12:35.894+0000] {dag.py:2981} INFO - Setting next_dagrun for example_complex to None, run_after=None
[2024-08-12T10:12:35.905+0000] {processor.py:161} INFO - Processing /home/airflow/.local/lib/python3.7/site-packages/airflow/example_dags/example_complex.py took 0.072 seconds
[2024-08-12T10:13:06.669+0000] {processor.py:153} INFO - Started process (PID=1966) to work on /home/airflow/.local/lib/python3.7/site-packages/airflow/example_dags/example_complex.py
[2024-08-12T10:13:06.670+0000] {processor.py:640} INFO - Processing file /home/airflow/.local/lib/python3.7/site-packages/airflow/example_dags/example_complex.py for tasks to queue
[2024-08-12T10:13:06.670+0000] {logging_mixin.py:115} INFO - [2024-08-12T10:13:06.670+0000] {dagbag.py:508} INFO - Filling up the DagBag from /home/airflow/.local/lib/python3.7/site-packages/airflow/example_dags/example_complex.py
[2024-08-12T10:13:06.681+0000] {processor.py:650} INFO - DAG(s) dict_keys(['example_complex']) retrieved from /home/airflow/.local/lib/python3.7/site-packages/airflow/example_dags/example_complex.py
[2024-08-12T10:13:06.706+0000] {logging_mixin.py:115} INFO - [2024-08-12T10:13:06.706+0000] {dag.py:2429} INFO - Sync 1 DAGs
[2024-08-12T10:13:06.725+0000] {logging_mixin.py:115} INFO - [2024-08-12T10:13:06.725+0000] {dag.py:2981} INFO - Setting next_dagrun for example_complex to None, run_after=None
[2024-08-12T10:13:06.736+0000] {processor.py:161} INFO - Processing /home/airflow/.local/lib/python3.7/site-packages/airflow/example_dags/example_complex.py took 0.069 seconds
[2024-08-12T10:13:37.340+0000] {processor.py:153} INFO - Started process (PID=2020) to work on /home/airflow/.local/lib/python3.7/site-packages/airflow/example_dags/example_complex.py
[2024-08-12T10:13:37.341+0000] {processor.py:640} INFO - Processing file /home/airflow/.local/lib/python3.7/site-packages/airflow/example_dags/example_complex.py for tasks to queue
[2024-08-12T10:13:37.341+0000] {logging_mixin.py:115} INFO - [2024-08-12T10:13:37.341+0000] {dagbag.py:508} INFO - Filling up the DagBag from /home/airflow/.local/lib/python3.7/site-packages/airflow/example_dags/example_complex.py
[2024-08-12T10:13:37.352+0000] {processor.py:650} INFO - DAG(s) dict_keys(['example_complex']) retrieved from /home/airflow/.local/lib/python3.7/site-packages/airflow/example_dags/example_complex.py
[2024-08-12T10:13:37.376+0000] {logging_mixin.py:115} INFO - [2024-08-12T10:13:37.376+0000] {dag.py:2429} INFO - Sync 1 DAGs
[2024-08-12T10:13:37.395+0000] {logging_mixin.py:115} INFO - [2024-08-12T10:13:37.394+0000] {dag.py:2981} INFO - Setting next_dagrun for example_complex to None, run_after=None
[2024-08-12T10:13:37.405+0000] {processor.py:161} INFO - Processing /home/airflow/.local/lib/python3.7/site-packages/airflow/example_dags/example_complex.py took 0.067 seconds
[2024-08-12T10:14:08.344+0000] {processor.py:153} INFO - Started process (PID=2083) to work on /home/airflow/.local/lib/python3.7/site-packages/airflow/example_dags/example_complex.py
[2024-08-12T10:14:08.345+0000] {processor.py:640} INFO - Processing file /home/airflow/.local/lib/python3.7/site-packages/airflow/example_dags/example_complex.py for tasks to queue
[2024-08-12T10:14:08.346+0000] {logging_mixin.py:115} INFO - [2024-08-12T10:14:08.346+0000] {dagbag.py:508} INFO - Filling up the DagBag from /home/airflow/.local/lib/python3.7/site-packages/airflow/example_dags/example_complex.py
[2024-08-12T10:14:08.357+0000] {processor.py:650} INFO - DAG(s) dict_keys(['example_complex']) retrieved from /home/airflow/.local/lib/python3.7/site-packages/airflow/example_dags/example_complex.py
[2024-08-12T10:14:08.385+0000] {logging_mixin.py:115} INFO - [2024-08-12T10:14:08.384+0000] {dag.py:2429} INFO - Sync 1 DAGs
[2024-08-12T10:14:08.405+0000] {logging_mixin.py:115} INFO - [2024-08-12T10:14:08.405+0000] {dag.py:2981} INFO - Setting next_dagrun for example_complex to None, run_after=None
[2024-08-12T10:14:08.417+0000] {processor.py:161} INFO - Processing /home/airflow/.local/lib/python3.7/site-packages/airflow/example_dags/example_complex.py took 0.075 seconds
