[2024-08-12T08:27:06.482+0000] {processor.py:153} INFO - Started process (PID=63) to work on /home/airflow/.local/lib/python3.7/site-packages/airflow/example_dags/example_bash_operator.py
[2024-08-12T08:27:06.483+0000] {processor.py:640} INFO - Processing file /home/airflow/.local/lib/python3.7/site-packages/airflow/example_dags/example_bash_operator.py for tasks to queue
[2024-08-12T08:27:06.484+0000] {logging_mixin.py:115} INFO - [2024-08-12T08:27:06.484+0000] {dagbag.py:508} INFO - Filling up the DagBag from /home/airflow/.local/lib/python3.7/site-packages/airflow/example_dags/example_bash_operator.py
[2024-08-12T08:27:06.502+0000] {processor.py:650} INFO - DAG(s) dict_keys(['example_bash_operator']) retrieved from /home/airflow/.local/lib/python3.7/site-packages/airflow/example_dags/example_bash_operator.py
[2024-08-12T08:27:06.587+0000] {logging_mixin.py:115} INFO - [2024-08-12T08:27:06.587+0000] {manager.py:508} INFO - Created Permission View: can edit on DAG:example_bash_operator
[2024-08-12T08:27:06.597+0000] {logging_mixin.py:115} INFO - [2024-08-12T08:27:06.597+0000] {manager.py:508} INFO - Created Permission View: can read on DAG:example_bash_operator
[2024-08-12T08:27:06.606+0000] {logging_mixin.py:115} INFO - [2024-08-12T08:27:06.606+0000] {manager.py:508} INFO - Created Permission View: can delete on DAG:example_bash_operator
[2024-08-12T08:27:06.606+0000] {logging_mixin.py:115} INFO - [2024-08-12T08:27:06.606+0000] {dag.py:2429} INFO - Sync 1 DAGs
[2024-08-12T08:27:06.617+0000] {logging_mixin.py:115} INFO - [2024-08-12T08:27:06.617+0000] {dag.py:2448} INFO - Creating ORM DAG for example_bash_operator
[2024-08-12T08:27:06.630+0000] {logging_mixin.py:115} INFO - [2024-08-12T08:27:06.630+0000] {dag.py:2981} INFO - Setting next_dagrun for example_bash_operator to 2024-08-11T00:00:00+00:00, run_after=2024-08-12T00:00:00+00:00
[2024-08-12T08:27:06.648+0000] {processor.py:161} INFO - Processing /home/airflow/.local/lib/python3.7/site-packages/airflow/example_dags/example_bash_operator.py took 0.170 seconds
[2024-08-12T08:27:36.701+0000] {processor.py:153} INFO - Started process (PID=115) to work on /home/airflow/.local/lib/python3.7/site-packages/airflow/example_dags/example_bash_operator.py
[2024-08-12T08:27:36.701+0000] {processor.py:640} INFO - Processing file /home/airflow/.local/lib/python3.7/site-packages/airflow/example_dags/example_bash_operator.py for tasks to queue
[2024-08-12T08:27:36.702+0000] {logging_mixin.py:115} INFO - [2024-08-12T08:27:36.702+0000] {dagbag.py:508} INFO - Filling up the DagBag from /home/airflow/.local/lib/python3.7/site-packages/airflow/example_dags/example_bash_operator.py
[2024-08-12T08:27:36.711+0000] {processor.py:650} INFO - DAG(s) dict_keys(['example_bash_operator']) retrieved from /home/airflow/.local/lib/python3.7/site-packages/airflow/example_dags/example_bash_operator.py
[2024-08-12T08:27:36.741+0000] {logging_mixin.py:115} INFO - [2024-08-12T08:27:36.741+0000] {dag.py:2429} INFO - Sync 1 DAGs
[2024-08-12T08:27:36.761+0000] {logging_mixin.py:115} INFO - [2024-08-12T08:27:36.761+0000] {dag.py:2981} INFO - Setting next_dagrun for example_bash_operator to 2024-08-11T00:00:00+00:00, run_after=2024-08-12T00:00:00+00:00
[2024-08-12T08:27:36.774+0000] {processor.py:161} INFO - Processing /home/airflow/.local/lib/python3.7/site-packages/airflow/example_dags/example_bash_operator.py took 0.076 seconds
[2024-08-12T08:28:07.427+0000] {processor.py:153} INFO - Started process (PID=176) to work on /home/airflow/.local/lib/python3.7/site-packages/airflow/example_dags/example_bash_operator.py
[2024-08-12T08:28:07.428+0000] {processor.py:640} INFO - Processing file /home/airflow/.local/lib/python3.7/site-packages/airflow/example_dags/example_bash_operator.py for tasks to queue
[2024-08-12T08:28:07.428+0000] {logging_mixin.py:115} INFO - [2024-08-12T08:28:07.428+0000] {dagbag.py:508} INFO - Filling up the DagBag from /home/airflow/.local/lib/python3.7/site-packages/airflow/example_dags/example_bash_operator.py
[2024-08-12T08:28:07.437+0000] {processor.py:650} INFO - DAG(s) dict_keys(['example_bash_operator']) retrieved from /home/airflow/.local/lib/python3.7/site-packages/airflow/example_dags/example_bash_operator.py
[2024-08-12T08:28:07.464+0000] {logging_mixin.py:115} INFO - [2024-08-12T08:28:07.464+0000] {dag.py:2429} INFO - Sync 1 DAGs
[2024-08-12T08:28:07.482+0000] {logging_mixin.py:115} INFO - [2024-08-12T08:28:07.482+0000] {dag.py:2981} INFO - Setting next_dagrun for example_bash_operator to 2024-08-11T00:00:00+00:00, run_after=2024-08-12T00:00:00+00:00
[2024-08-12T08:28:07.493+0000] {processor.py:161} INFO - Processing /home/airflow/.local/lib/python3.7/site-packages/airflow/example_dags/example_bash_operator.py took 0.069 seconds
[2024-08-12T08:28:38.288+0000] {processor.py:153} INFO - Started process (PID=237) to work on /home/airflow/.local/lib/python3.7/site-packages/airflow/example_dags/example_bash_operator.py
[2024-08-12T08:28:38.290+0000] {processor.py:640} INFO - Processing file /home/airflow/.local/lib/python3.7/site-packages/airflow/example_dags/example_bash_operator.py for tasks to queue
[2024-08-12T08:28:38.290+0000] {logging_mixin.py:115} INFO - [2024-08-12T08:28:38.290+0000] {dagbag.py:508} INFO - Filling up the DagBag from /home/airflow/.local/lib/python3.7/site-packages/airflow/example_dags/example_bash_operator.py
[2024-08-12T08:28:38.299+0000] {processor.py:650} INFO - DAG(s) dict_keys(['example_bash_operator']) retrieved from /home/airflow/.local/lib/python3.7/site-packages/airflow/example_dags/example_bash_operator.py
[2024-08-12T08:28:38.330+0000] {logging_mixin.py:115} INFO - [2024-08-12T08:28:38.330+0000] {dag.py:2429} INFO - Sync 1 DAGs
[2024-08-12T08:28:38.351+0000] {logging_mixin.py:115} INFO - [2024-08-12T08:28:38.351+0000] {dag.py:2981} INFO - Setting next_dagrun for example_bash_operator to 2024-08-11T00:00:00+00:00, run_after=2024-08-12T00:00:00+00:00
[2024-08-12T08:28:38.364+0000] {processor.py:161} INFO - Processing /home/airflow/.local/lib/python3.7/site-packages/airflow/example_dags/example_bash_operator.py took 0.078 seconds
[2024-08-12T09:57:11.066+0000] {processor.py:153} INFO - Started process (PID=65) to work on /home/airflow/.local/lib/python3.7/site-packages/airflow/example_dags/example_bash_operator.py
[2024-08-12T09:57:11.068+0000] {processor.py:640} INFO - Processing file /home/airflow/.local/lib/python3.7/site-packages/airflow/example_dags/example_bash_operator.py for tasks to queue
[2024-08-12T09:57:11.069+0000] {logging_mixin.py:115} INFO - [2024-08-12T09:57:11.068+0000] {dagbag.py:508} INFO - Filling up the DagBag from /home/airflow/.local/lib/python3.7/site-packages/airflow/example_dags/example_bash_operator.py
[2024-08-12T09:57:11.083+0000] {processor.py:650} INFO - DAG(s) dict_keys(['example_bash_operator']) retrieved from /home/airflow/.local/lib/python3.7/site-packages/airflow/example_dags/example_bash_operator.py
[2024-08-12T09:57:11.124+0000] {logging_mixin.py:115} INFO - [2024-08-12T09:57:11.124+0000] {dag.py:2429} INFO - Sync 1 DAGs
[2024-08-12T09:57:11.155+0000] {logging_mixin.py:115} INFO - [2024-08-12T09:57:11.155+0000] {dag.py:2981} INFO - Setting next_dagrun for example_bash_operator to 2024-08-11T00:00:00+00:00, run_after=2024-08-12T00:00:00+00:00
[2024-08-12T09:57:11.170+0000] {processor.py:161} INFO - Processing /home/airflow/.local/lib/python3.7/site-packages/airflow/example_dags/example_bash_operator.py took 0.107 seconds
[2024-08-12T09:57:41.721+0000] {processor.py:153} INFO - Started process (PID=119) to work on /home/airflow/.local/lib/python3.7/site-packages/airflow/example_dags/example_bash_operator.py
[2024-08-12T09:57:41.722+0000] {processor.py:640} INFO - Processing file /home/airflow/.local/lib/python3.7/site-packages/airflow/example_dags/example_bash_operator.py for tasks to queue
[2024-08-12T09:57:41.722+0000] {logging_mixin.py:115} INFO - [2024-08-12T09:57:41.722+0000] {dagbag.py:508} INFO - Filling up the DagBag from /home/airflow/.local/lib/python3.7/site-packages/airflow/example_dags/example_bash_operator.py
[2024-08-12T09:57:41.732+0000] {processor.py:650} INFO - DAG(s) dict_keys(['example_bash_operator']) retrieved from /home/airflow/.local/lib/python3.7/site-packages/airflow/example_dags/example_bash_operator.py
[2024-08-12T09:57:41.764+0000] {logging_mixin.py:115} INFO - [2024-08-12T09:57:41.764+0000] {dag.py:2429} INFO - Sync 1 DAGs
[2024-08-12T09:57:41.784+0000] {logging_mixin.py:115} INFO - [2024-08-12T09:57:41.784+0000] {dag.py:2981} INFO - Setting next_dagrun for example_bash_operator to 2024-08-11T00:00:00+00:00, run_after=2024-08-12T00:00:00+00:00
[2024-08-12T09:57:41.798+0000] {processor.py:161} INFO - Processing /home/airflow/.local/lib/python3.7/site-packages/airflow/example_dags/example_bash_operator.py took 0.080 seconds
[2024-08-12T09:58:12.659+0000] {processor.py:153} INFO - Started process (PID=182) to work on /home/airflow/.local/lib/python3.7/site-packages/airflow/example_dags/example_bash_operator.py
[2024-08-12T09:58:12.660+0000] {processor.py:640} INFO - Processing file /home/airflow/.local/lib/python3.7/site-packages/airflow/example_dags/example_bash_operator.py for tasks to queue
[2024-08-12T09:58:12.661+0000] {logging_mixin.py:115} INFO - [2024-08-12T09:58:12.661+0000] {dagbag.py:508} INFO - Filling up the DagBag from /home/airflow/.local/lib/python3.7/site-packages/airflow/example_dags/example_bash_operator.py
[2024-08-12T09:58:12.670+0000] {processor.py:650} INFO - DAG(s) dict_keys(['example_bash_operator']) retrieved from /home/airflow/.local/lib/python3.7/site-packages/airflow/example_dags/example_bash_operator.py
[2024-08-12T09:58:12.698+0000] {logging_mixin.py:115} INFO - [2024-08-12T09:58:12.698+0000] {dag.py:2429} INFO - Sync 1 DAGs
[2024-08-12T09:58:12.722+0000] {logging_mixin.py:115} INFO - [2024-08-12T09:58:12.722+0000] {dag.py:2981} INFO - Setting next_dagrun for example_bash_operator to 2024-08-11T00:00:00+00:00, run_after=2024-08-12T00:00:00+00:00
[2024-08-12T09:58:12.733+0000] {processor.py:161} INFO - Processing /home/airflow/.local/lib/python3.7/site-packages/airflow/example_dags/example_bash_operator.py took 0.076 seconds
[2024-08-12T09:58:43.498+0000] {processor.py:153} INFO - Started process (PID=245) to work on /home/airflow/.local/lib/python3.7/site-packages/airflow/example_dags/example_bash_operator.py
[2024-08-12T09:58:43.499+0000] {processor.py:640} INFO - Processing file /home/airflow/.local/lib/python3.7/site-packages/airflow/example_dags/example_bash_operator.py for tasks to queue
[2024-08-12T09:58:43.500+0000] {logging_mixin.py:115} INFO - [2024-08-12T09:58:43.500+0000] {dagbag.py:508} INFO - Filling up the DagBag from /home/airflow/.local/lib/python3.7/site-packages/airflow/example_dags/example_bash_operator.py
[2024-08-12T09:58:43.509+0000] {processor.py:650} INFO - DAG(s) dict_keys(['example_bash_operator']) retrieved from /home/airflow/.local/lib/python3.7/site-packages/airflow/example_dags/example_bash_operator.py
[2024-08-12T09:58:43.537+0000] {logging_mixin.py:115} INFO - [2024-08-12T09:58:43.537+0000] {dag.py:2429} INFO - Sync 1 DAGs
[2024-08-12T09:58:43.557+0000] {logging_mixin.py:115} INFO - [2024-08-12T09:58:43.557+0000] {dag.py:2981} INFO - Setting next_dagrun for example_bash_operator to 2024-08-11T00:00:00+00:00, run_after=2024-08-12T00:00:00+00:00
[2024-08-12T09:58:43.568+0000] {processor.py:161} INFO - Processing /home/airflow/.local/lib/python3.7/site-packages/airflow/example_dags/example_bash_operator.py took 0.073 seconds
[2024-08-12T09:59:14.425+0000] {processor.py:153} INFO - Started process (PID=308) to work on /home/airflow/.local/lib/python3.7/site-packages/airflow/example_dags/example_bash_operator.py
[2024-08-12T09:59:14.426+0000] {processor.py:640} INFO - Processing file /home/airflow/.local/lib/python3.7/site-packages/airflow/example_dags/example_bash_operator.py for tasks to queue
[2024-08-12T09:59:14.427+0000] {logging_mixin.py:115} INFO - [2024-08-12T09:59:14.427+0000] {dagbag.py:508} INFO - Filling up the DagBag from /home/airflow/.local/lib/python3.7/site-packages/airflow/example_dags/example_bash_operator.py
[2024-08-12T09:59:14.436+0000] {processor.py:650} INFO - DAG(s) dict_keys(['example_bash_operator']) retrieved from /home/airflow/.local/lib/python3.7/site-packages/airflow/example_dags/example_bash_operator.py
[2024-08-12T09:59:14.464+0000] {logging_mixin.py:115} INFO - [2024-08-12T09:59:14.464+0000] {dag.py:2429} INFO - Sync 1 DAGs
[2024-08-12T09:59:14.483+0000] {logging_mixin.py:115} INFO - [2024-08-12T09:59:14.483+0000] {dag.py:2981} INFO - Setting next_dagrun for example_bash_operator to 2024-08-11T00:00:00+00:00, run_after=2024-08-12T00:00:00+00:00
[2024-08-12T09:59:14.495+0000] {processor.py:161} INFO - Processing /home/airflow/.local/lib/python3.7/site-packages/airflow/example_dags/example_bash_operator.py took 0.072 seconds
[2024-08-12T09:59:44.546+0000] {processor.py:153} INFO - Started process (PID=361) to work on /home/airflow/.local/lib/python3.7/site-packages/airflow/example_dags/example_bash_operator.py
[2024-08-12T09:59:44.547+0000] {processor.py:640} INFO - Processing file /home/airflow/.local/lib/python3.7/site-packages/airflow/example_dags/example_bash_operator.py for tasks to queue
[2024-08-12T09:59:44.547+0000] {logging_mixin.py:115} INFO - [2024-08-12T09:59:44.547+0000] {dagbag.py:508} INFO - Filling up the DagBag from /home/airflow/.local/lib/python3.7/site-packages/airflow/example_dags/example_bash_operator.py
[2024-08-12T09:59:44.556+0000] {processor.py:650} INFO - DAG(s) dict_keys(['example_bash_operator']) retrieved from /home/airflow/.local/lib/python3.7/site-packages/airflow/example_dags/example_bash_operator.py
[2024-08-12T09:59:44.586+0000] {logging_mixin.py:115} INFO - [2024-08-12T09:59:44.586+0000] {dag.py:2429} INFO - Sync 1 DAGs
[2024-08-12T09:59:44.606+0000] {logging_mixin.py:115} INFO - [2024-08-12T09:59:44.606+0000] {dag.py:2981} INFO - Setting next_dagrun for example_bash_operator to 2024-08-11T00:00:00+00:00, run_after=2024-08-12T00:00:00+00:00
[2024-08-12T09:59:44.618+0000] {processor.py:161} INFO - Processing /home/airflow/.local/lib/python3.7/site-packages/airflow/example_dags/example_bash_operator.py took 0.075 seconds
[2024-08-12T10:00:15.640+0000] {processor.py:153} INFO - Started process (PID=425) to work on /home/airflow/.local/lib/python3.7/site-packages/airflow/example_dags/example_bash_operator.py
[2024-08-12T10:00:15.640+0000] {processor.py:640} INFO - Processing file /home/airflow/.local/lib/python3.7/site-packages/airflow/example_dags/example_bash_operator.py for tasks to queue
[2024-08-12T10:00:15.641+0000] {logging_mixin.py:115} INFO - [2024-08-12T10:00:15.641+0000] {dagbag.py:508} INFO - Filling up the DagBag from /home/airflow/.local/lib/python3.7/site-packages/airflow/example_dags/example_bash_operator.py
[2024-08-12T10:00:15.649+0000] {processor.py:650} INFO - DAG(s) dict_keys(['example_bash_operator']) retrieved from /home/airflow/.local/lib/python3.7/site-packages/airflow/example_dags/example_bash_operator.py
[2024-08-12T10:00:15.679+0000] {logging_mixin.py:115} INFO - [2024-08-12T10:00:15.679+0000] {dag.py:2429} INFO - Sync 1 DAGs
[2024-08-12T10:00:15.697+0000] {logging_mixin.py:115} INFO - [2024-08-12T10:00:15.697+0000] {dag.py:2981} INFO - Setting next_dagrun for example_bash_operator to 2024-08-11T00:00:00+00:00, run_after=2024-08-12T00:00:00+00:00
[2024-08-12T10:00:15.710+0000] {processor.py:161} INFO - Processing /home/airflow/.local/lib/python3.7/site-packages/airflow/example_dags/example_bash_operator.py took 0.072 seconds
[2024-08-12T10:00:46.376+0000] {processor.py:153} INFO - Started process (PID=488) to work on /home/airflow/.local/lib/python3.7/site-packages/airflow/example_dags/example_bash_operator.py
[2024-08-12T10:00:46.377+0000] {processor.py:640} INFO - Processing file /home/airflow/.local/lib/python3.7/site-packages/airflow/example_dags/example_bash_operator.py for tasks to queue
[2024-08-12T10:00:46.378+0000] {logging_mixin.py:115} INFO - [2024-08-12T10:00:46.378+0000] {dagbag.py:508} INFO - Filling up the DagBag from /home/airflow/.local/lib/python3.7/site-packages/airflow/example_dags/example_bash_operator.py
[2024-08-12T10:00:46.387+0000] {processor.py:650} INFO - DAG(s) dict_keys(['example_bash_operator']) retrieved from /home/airflow/.local/lib/python3.7/site-packages/airflow/example_dags/example_bash_operator.py
[2024-08-12T10:00:46.417+0000] {logging_mixin.py:115} INFO - [2024-08-12T10:00:46.417+0000] {dag.py:2429} INFO - Sync 1 DAGs
[2024-08-12T10:00:46.437+0000] {logging_mixin.py:115} INFO - [2024-08-12T10:00:46.437+0000] {dag.py:2981} INFO - Setting next_dagrun for example_bash_operator to 2024-08-11T00:00:00+00:00, run_after=2024-08-12T00:00:00+00:00
[2024-08-12T10:00:46.448+0000] {processor.py:161} INFO - Processing /home/airflow/.local/lib/python3.7/site-packages/airflow/example_dags/example_bash_operator.py took 0.074 seconds
[2024-08-12T10:01:17.212+0000] {processor.py:153} INFO - Started process (PID=549) to work on /home/airflow/.local/lib/python3.7/site-packages/airflow/example_dags/example_bash_operator.py
[2024-08-12T10:01:17.213+0000] {processor.py:640} INFO - Processing file /home/airflow/.local/lib/python3.7/site-packages/airflow/example_dags/example_bash_operator.py for tasks to queue
[2024-08-12T10:01:17.213+0000] {logging_mixin.py:115} INFO - [2024-08-12T10:01:17.213+0000] {dagbag.py:508} INFO - Filling up the DagBag from /home/airflow/.local/lib/python3.7/site-packages/airflow/example_dags/example_bash_operator.py
[2024-08-12T10:01:17.222+0000] {processor.py:650} INFO - DAG(s) dict_keys(['example_bash_operator']) retrieved from /home/airflow/.local/lib/python3.7/site-packages/airflow/example_dags/example_bash_operator.py
[2024-08-12T10:01:17.253+0000] {logging_mixin.py:115} INFO - [2024-08-12T10:01:17.253+0000] {dag.py:2429} INFO - Sync 1 DAGs
[2024-08-12T10:01:17.274+0000] {logging_mixin.py:115} INFO - [2024-08-12T10:01:17.274+0000] {dag.py:2981} INFO - Setting next_dagrun for example_bash_operator to 2024-08-11T00:00:00+00:00, run_after=2024-08-12T00:00:00+00:00
[2024-08-12T10:01:17.287+0000] {processor.py:161} INFO - Processing /home/airflow/.local/lib/python3.7/site-packages/airflow/example_dags/example_bash_operator.py took 0.078 seconds
[2024-08-12T10:01:48.060+0000] {processor.py:153} INFO - Started process (PID=605) to work on /home/airflow/.local/lib/python3.7/site-packages/airflow/example_dags/example_bash_operator.py
[2024-08-12T10:01:48.061+0000] {processor.py:640} INFO - Processing file /home/airflow/.local/lib/python3.7/site-packages/airflow/example_dags/example_bash_operator.py for tasks to queue
[2024-08-12T10:01:48.061+0000] {logging_mixin.py:115} INFO - [2024-08-12T10:01:48.061+0000] {dagbag.py:508} INFO - Filling up the DagBag from /home/airflow/.local/lib/python3.7/site-packages/airflow/example_dags/example_bash_operator.py
[2024-08-12T10:01:48.070+0000] {processor.py:650} INFO - DAG(s) dict_keys(['example_bash_operator']) retrieved from /home/airflow/.local/lib/python3.7/site-packages/airflow/example_dags/example_bash_operator.py
[2024-08-12T10:01:48.098+0000] {logging_mixin.py:115} INFO - [2024-08-12T10:01:48.098+0000] {dag.py:2429} INFO - Sync 1 DAGs
[2024-08-12T10:01:48.115+0000] {logging_mixin.py:115} INFO - [2024-08-12T10:01:48.115+0000] {dag.py:2981} INFO - Setting next_dagrun for example_bash_operator to 2024-08-11T00:00:00+00:00, run_after=2024-08-12T00:00:00+00:00
[2024-08-12T10:01:48.127+0000] {processor.py:161} INFO - Processing /home/airflow/.local/lib/python3.7/site-packages/airflow/example_dags/example_bash_operator.py took 0.069 seconds
[2024-08-12T10:02:18.803+0000] {processor.py:153} INFO - Started process (PID=668) to work on /home/airflow/.local/lib/python3.7/site-packages/airflow/example_dags/example_bash_operator.py
[2024-08-12T10:02:18.804+0000] {processor.py:640} INFO - Processing file /home/airflow/.local/lib/python3.7/site-packages/airflow/example_dags/example_bash_operator.py for tasks to queue
[2024-08-12T10:02:18.805+0000] {logging_mixin.py:115} INFO - [2024-08-12T10:02:18.804+0000] {dagbag.py:508} INFO - Filling up the DagBag from /home/airflow/.local/lib/python3.7/site-packages/airflow/example_dags/example_bash_operator.py
[2024-08-12T10:02:18.814+0000] {processor.py:650} INFO - DAG(s) dict_keys(['example_bash_operator']) retrieved from /home/airflow/.local/lib/python3.7/site-packages/airflow/example_dags/example_bash_operator.py
[2024-08-12T10:02:18.843+0000] {logging_mixin.py:115} INFO - [2024-08-12T10:02:18.843+0000] {dag.py:2429} INFO - Sync 1 DAGs
[2024-08-12T10:02:18.863+0000] {logging_mixin.py:115} INFO - [2024-08-12T10:02:18.863+0000] {dag.py:2981} INFO - Setting next_dagrun for example_bash_operator to 2024-08-11T00:00:00+00:00, run_after=2024-08-12T00:00:00+00:00
[2024-08-12T10:02:18.873+0000] {processor.py:161} INFO - Processing /home/airflow/.local/lib/python3.7/site-packages/airflow/example_dags/example_bash_operator.py took 0.072 seconds
[2024-08-12T10:02:49.641+0000] {processor.py:153} INFO - Started process (PID=731) to work on /home/airflow/.local/lib/python3.7/site-packages/airflow/example_dags/example_bash_operator.py
[2024-08-12T10:02:49.642+0000] {processor.py:640} INFO - Processing file /home/airflow/.local/lib/python3.7/site-packages/airflow/example_dags/example_bash_operator.py for tasks to queue
[2024-08-12T10:02:49.643+0000] {logging_mixin.py:115} INFO - [2024-08-12T10:02:49.643+0000] {dagbag.py:508} INFO - Filling up the DagBag from /home/airflow/.local/lib/python3.7/site-packages/airflow/example_dags/example_bash_operator.py
[2024-08-12T10:02:49.652+0000] {processor.py:650} INFO - DAG(s) dict_keys(['example_bash_operator']) retrieved from /home/airflow/.local/lib/python3.7/site-packages/airflow/example_dags/example_bash_operator.py
[2024-08-12T10:02:49.681+0000] {logging_mixin.py:115} INFO - [2024-08-12T10:02:49.680+0000] {dag.py:2429} INFO - Sync 1 DAGs
[2024-08-12T10:02:49.701+0000] {logging_mixin.py:115} INFO - [2024-08-12T10:02:49.701+0000] {dag.py:2981} INFO - Setting next_dagrun for example_bash_operator to 2024-08-11T00:00:00+00:00, run_after=2024-08-12T00:00:00+00:00
[2024-08-12T10:02:49.712+0000] {processor.py:161} INFO - Processing /home/airflow/.local/lib/python3.7/site-packages/airflow/example_dags/example_bash_operator.py took 0.074 seconds
[2024-08-12T10:03:20.470+0000] {processor.py:153} INFO - Started process (PID=785) to work on /home/airflow/.local/lib/python3.7/site-packages/airflow/example_dags/example_bash_operator.py
[2024-08-12T10:03:20.471+0000] {processor.py:640} INFO - Processing file /home/airflow/.local/lib/python3.7/site-packages/airflow/example_dags/example_bash_operator.py for tasks to queue
[2024-08-12T10:03:20.471+0000] {logging_mixin.py:115} INFO - [2024-08-12T10:03:20.471+0000] {dagbag.py:508} INFO - Filling up the DagBag from /home/airflow/.local/lib/python3.7/site-packages/airflow/example_dags/example_bash_operator.py
[2024-08-12T10:03:20.480+0000] {processor.py:650} INFO - DAG(s) dict_keys(['example_bash_operator']) retrieved from /home/airflow/.local/lib/python3.7/site-packages/airflow/example_dags/example_bash_operator.py
[2024-08-12T10:03:20.510+0000] {logging_mixin.py:115} INFO - [2024-08-12T10:03:20.510+0000] {dag.py:2429} INFO - Sync 1 DAGs
[2024-08-12T10:03:20.530+0000] {logging_mixin.py:115} INFO - [2024-08-12T10:03:20.530+0000] {dag.py:2981} INFO - Setting next_dagrun for example_bash_operator to 2024-08-11T00:00:00+00:00, run_after=2024-08-12T00:00:00+00:00
[2024-08-12T10:03:20.540+0000] {processor.py:161} INFO - Processing /home/airflow/.local/lib/python3.7/site-packages/airflow/example_dags/example_bash_operator.py took 0.073 seconds
[2024-08-12T10:03:51.335+0000] {processor.py:153} INFO - Started process (PID=848) to work on /home/airflow/.local/lib/python3.7/site-packages/airflow/example_dags/example_bash_operator.py
[2024-08-12T10:03:51.336+0000] {processor.py:640} INFO - Processing file /home/airflow/.local/lib/python3.7/site-packages/airflow/example_dags/example_bash_operator.py for tasks to queue
[2024-08-12T10:03:51.336+0000] {logging_mixin.py:115} INFO - [2024-08-12T10:03:51.336+0000] {dagbag.py:508} INFO - Filling up the DagBag from /home/airflow/.local/lib/python3.7/site-packages/airflow/example_dags/example_bash_operator.py
[2024-08-12T10:03:51.345+0000] {processor.py:650} INFO - DAG(s) dict_keys(['example_bash_operator']) retrieved from /home/airflow/.local/lib/python3.7/site-packages/airflow/example_dags/example_bash_operator.py
[2024-08-12T10:03:51.374+0000] {logging_mixin.py:115} INFO - [2024-08-12T10:03:51.374+0000] {dag.py:2429} INFO - Sync 1 DAGs
[2024-08-12T10:03:51.395+0000] {logging_mixin.py:115} INFO - [2024-08-12T10:03:51.394+0000] {dag.py:2981} INFO - Setting next_dagrun for example_bash_operator to 2024-08-11T00:00:00+00:00, run_after=2024-08-12T00:00:00+00:00
[2024-08-12T10:03:51.405+0000] {processor.py:161} INFO - Processing /home/airflow/.local/lib/python3.7/site-packages/airflow/example_dags/example_bash_operator.py took 0.073 seconds
[2024-08-12T10:04:22.253+0000] {processor.py:153} INFO - Started process (PID=911) to work on /home/airflow/.local/lib/python3.7/site-packages/airflow/example_dags/example_bash_operator.py
[2024-08-12T10:04:22.254+0000] {processor.py:640} INFO - Processing file /home/airflow/.local/lib/python3.7/site-packages/airflow/example_dags/example_bash_operator.py for tasks to queue
[2024-08-12T10:04:22.254+0000] {logging_mixin.py:115} INFO - [2024-08-12T10:04:22.254+0000] {dagbag.py:508} INFO - Filling up the DagBag from /home/airflow/.local/lib/python3.7/site-packages/airflow/example_dags/example_bash_operator.py
[2024-08-12T10:04:22.263+0000] {processor.py:650} INFO - DAG(s) dict_keys(['example_bash_operator']) retrieved from /home/airflow/.local/lib/python3.7/site-packages/airflow/example_dags/example_bash_operator.py
[2024-08-12T10:04:22.292+0000] {logging_mixin.py:115} INFO - [2024-08-12T10:04:22.292+0000] {dag.py:2429} INFO - Sync 1 DAGs
[2024-08-12T10:04:22.312+0000] {logging_mixin.py:115} INFO - [2024-08-12T10:04:22.312+0000] {dag.py:2981} INFO - Setting next_dagrun for example_bash_operator to 2024-08-11T00:00:00+00:00, run_after=2024-08-12T00:00:00+00:00
[2024-08-12T10:04:22.322+0000] {processor.py:161} INFO - Processing /home/airflow/.local/lib/python3.7/site-packages/airflow/example_dags/example_bash_operator.py took 0.072 seconds
[2024-08-12T10:04:53.055+0000] {processor.py:153} INFO - Started process (PID=974) to work on /home/airflow/.local/lib/python3.7/site-packages/airflow/example_dags/example_bash_operator.py
[2024-08-12T10:04:53.055+0000] {processor.py:640} INFO - Processing file /home/airflow/.local/lib/python3.7/site-packages/airflow/example_dags/example_bash_operator.py for tasks to queue
[2024-08-12T10:04:53.056+0000] {logging_mixin.py:115} INFO - [2024-08-12T10:04:53.056+0000] {dagbag.py:508} INFO - Filling up the DagBag from /home/airflow/.local/lib/python3.7/site-packages/airflow/example_dags/example_bash_operator.py
[2024-08-12T10:04:53.065+0000] {processor.py:650} INFO - DAG(s) dict_keys(['example_bash_operator']) retrieved from /home/airflow/.local/lib/python3.7/site-packages/airflow/example_dags/example_bash_operator.py
[2024-08-12T10:04:53.094+0000] {logging_mixin.py:115} INFO - [2024-08-12T10:04:53.094+0000] {dag.py:2429} INFO - Sync 1 DAGs
[2024-08-12T10:04:53.114+0000] {logging_mixin.py:115} INFO - [2024-08-12T10:04:53.114+0000] {dag.py:2981} INFO - Setting next_dagrun for example_bash_operator to 2024-08-11T00:00:00+00:00, run_after=2024-08-12T00:00:00+00:00
[2024-08-12T10:04:53.124+0000] {processor.py:161} INFO - Processing /home/airflow/.local/lib/python3.7/site-packages/airflow/example_dags/example_bash_operator.py took 0.072 seconds
[2024-08-12T10:05:23.906+0000] {processor.py:153} INFO - Started process (PID=1028) to work on /home/airflow/.local/lib/python3.7/site-packages/airflow/example_dags/example_bash_operator.py
[2024-08-12T10:05:23.907+0000] {processor.py:640} INFO - Processing file /home/airflow/.local/lib/python3.7/site-packages/airflow/example_dags/example_bash_operator.py for tasks to queue
[2024-08-12T10:05:23.908+0000] {logging_mixin.py:115} INFO - [2024-08-12T10:05:23.908+0000] {dagbag.py:508} INFO - Filling up the DagBag from /home/airflow/.local/lib/python3.7/site-packages/airflow/example_dags/example_bash_operator.py
[2024-08-12T10:05:23.917+0000] {processor.py:650} INFO - DAG(s) dict_keys(['example_bash_operator']) retrieved from /home/airflow/.local/lib/python3.7/site-packages/airflow/example_dags/example_bash_operator.py
[2024-08-12T10:05:23.946+0000] {logging_mixin.py:115} INFO - [2024-08-12T10:05:23.946+0000] {dag.py:2429} INFO - Sync 1 DAGs
[2024-08-12T10:05:23.966+0000] {logging_mixin.py:115} INFO - [2024-08-12T10:05:23.965+0000] {dag.py:2981} INFO - Setting next_dagrun for example_bash_operator to 2024-08-11T00:00:00+00:00, run_after=2024-08-12T00:00:00+00:00
[2024-08-12T10:05:23.975+0000] {processor.py:161} INFO - Processing /home/airflow/.local/lib/python3.7/site-packages/airflow/example_dags/example_bash_operator.py took 0.071 seconds
[2024-08-12T10:05:54.784+0000] {processor.py:153} INFO - Started process (PID=1091) to work on /home/airflow/.local/lib/python3.7/site-packages/airflow/example_dags/example_bash_operator.py
[2024-08-12T10:05:54.785+0000] {processor.py:640} INFO - Processing file /home/airflow/.local/lib/python3.7/site-packages/airflow/example_dags/example_bash_operator.py for tasks to queue
[2024-08-12T10:05:54.786+0000] {logging_mixin.py:115} INFO - [2024-08-12T10:05:54.786+0000] {dagbag.py:508} INFO - Filling up the DagBag from /home/airflow/.local/lib/python3.7/site-packages/airflow/example_dags/example_bash_operator.py
[2024-08-12T10:05:54.795+0000] {processor.py:650} INFO - DAG(s) dict_keys(['example_bash_operator']) retrieved from /home/airflow/.local/lib/python3.7/site-packages/airflow/example_dags/example_bash_operator.py
[2024-08-12T10:05:54.823+0000] {logging_mixin.py:115} INFO - [2024-08-12T10:05:54.823+0000] {dag.py:2429} INFO - Sync 1 DAGs
[2024-08-12T10:05:54.848+0000] {logging_mixin.py:115} INFO - [2024-08-12T10:05:54.848+0000] {dag.py:2981} INFO - Setting next_dagrun for example_bash_operator to 2024-08-11T00:00:00+00:00, run_after=2024-08-12T00:00:00+00:00
[2024-08-12T10:05:54.859+0000] {processor.py:161} INFO - Processing /home/airflow/.local/lib/python3.7/site-packages/airflow/example_dags/example_bash_operator.py took 0.077 seconds
[2024-08-12T10:06:25.520+0000] {processor.py:153} INFO - Started process (PID=1154) to work on /home/airflow/.local/lib/python3.7/site-packages/airflow/example_dags/example_bash_operator.py
[2024-08-12T10:06:25.521+0000] {processor.py:640} INFO - Processing file /home/airflow/.local/lib/python3.7/site-packages/airflow/example_dags/example_bash_operator.py for tasks to queue
[2024-08-12T10:06:25.521+0000] {logging_mixin.py:115} INFO - [2024-08-12T10:06:25.521+0000] {dagbag.py:508} INFO - Filling up the DagBag from /home/airflow/.local/lib/python3.7/site-packages/airflow/example_dags/example_bash_operator.py
[2024-08-12T10:06:25.530+0000] {processor.py:650} INFO - DAG(s) dict_keys(['example_bash_operator']) retrieved from /home/airflow/.local/lib/python3.7/site-packages/airflow/example_dags/example_bash_operator.py
[2024-08-12T10:06:25.560+0000] {logging_mixin.py:115} INFO - [2024-08-12T10:06:25.559+0000] {dag.py:2429} INFO - Sync 1 DAGs
[2024-08-12T10:06:25.581+0000] {logging_mixin.py:115} INFO - [2024-08-12T10:06:25.581+0000] {dag.py:2981} INFO - Setting next_dagrun for example_bash_operator to 2024-08-11T00:00:00+00:00, run_after=2024-08-12T00:00:00+00:00
[2024-08-12T10:06:25.591+0000] {processor.py:161} INFO - Processing /home/airflow/.local/lib/python3.7/site-packages/airflow/example_dags/example_bash_operator.py took 0.074 seconds
[2024-08-12T10:06:56.424+0000] {processor.py:153} INFO - Started process (PID=1217) to work on /home/airflow/.local/lib/python3.7/site-packages/airflow/example_dags/example_bash_operator.py
[2024-08-12T10:06:56.425+0000] {processor.py:640} INFO - Processing file /home/airflow/.local/lib/python3.7/site-packages/airflow/example_dags/example_bash_operator.py for tasks to queue
[2024-08-12T10:06:56.426+0000] {logging_mixin.py:115} INFO - [2024-08-12T10:06:56.426+0000] {dagbag.py:508} INFO - Filling up the DagBag from /home/airflow/.local/lib/python3.7/site-packages/airflow/example_dags/example_bash_operator.py
[2024-08-12T10:06:56.435+0000] {processor.py:650} INFO - DAG(s) dict_keys(['example_bash_operator']) retrieved from /home/airflow/.local/lib/python3.7/site-packages/airflow/example_dags/example_bash_operator.py
[2024-08-12T10:06:56.463+0000] {logging_mixin.py:115} INFO - [2024-08-12T10:06:56.463+0000] {dag.py:2429} INFO - Sync 1 DAGs
[2024-08-12T10:06:56.483+0000] {logging_mixin.py:115} INFO - [2024-08-12T10:06:56.483+0000] {dag.py:2981} INFO - Setting next_dagrun for example_bash_operator to 2024-08-11T00:00:00+00:00, run_after=2024-08-12T00:00:00+00:00
[2024-08-12T10:06:56.492+0000] {processor.py:161} INFO - Processing /home/airflow/.local/lib/python3.7/site-packages/airflow/example_dags/example_bash_operator.py took 0.070 seconds
[2024-08-12T10:07:26.744+0000] {processor.py:153} INFO - Started process (PID=1271) to work on /home/airflow/.local/lib/python3.7/site-packages/airflow/example_dags/example_bash_operator.py
[2024-08-12T10:07:26.745+0000] {processor.py:640} INFO - Processing file /home/airflow/.local/lib/python3.7/site-packages/airflow/example_dags/example_bash_operator.py for tasks to queue
[2024-08-12T10:07:26.746+0000] {logging_mixin.py:115} INFO - [2024-08-12T10:07:26.746+0000] {dagbag.py:508} INFO - Filling up the DagBag from /home/airflow/.local/lib/python3.7/site-packages/airflow/example_dags/example_bash_operator.py
[2024-08-12T10:07:26.755+0000] {processor.py:650} INFO - DAG(s) dict_keys(['example_bash_operator']) retrieved from /home/airflow/.local/lib/python3.7/site-packages/airflow/example_dags/example_bash_operator.py
[2024-08-12T10:07:26.784+0000] {logging_mixin.py:115} INFO - [2024-08-12T10:07:26.784+0000] {dag.py:2429} INFO - Sync 1 DAGs
[2024-08-12T10:07:26.804+0000] {logging_mixin.py:115} INFO - [2024-08-12T10:07:26.804+0000] {dag.py:2981} INFO - Setting next_dagrun for example_bash_operator to 2024-08-11T00:00:00+00:00, run_after=2024-08-12T00:00:00+00:00
[2024-08-12T10:07:26.814+0000] {processor.py:161} INFO - Processing /home/airflow/.local/lib/python3.7/site-packages/airflow/example_dags/example_bash_operator.py took 0.072 seconds
[2024-08-12T10:07:57.814+0000] {processor.py:153} INFO - Started process (PID=1334) to work on /home/airflow/.local/lib/python3.7/site-packages/airflow/example_dags/example_bash_operator.py
[2024-08-12T10:07:57.814+0000] {processor.py:640} INFO - Processing file /home/airflow/.local/lib/python3.7/site-packages/airflow/example_dags/example_bash_operator.py for tasks to queue
[2024-08-12T10:07:57.815+0000] {logging_mixin.py:115} INFO - [2024-08-12T10:07:57.815+0000] {dagbag.py:508} INFO - Filling up the DagBag from /home/airflow/.local/lib/python3.7/site-packages/airflow/example_dags/example_bash_operator.py
[2024-08-12T10:07:57.824+0000] {processor.py:650} INFO - DAG(s) dict_keys(['example_bash_operator']) retrieved from /home/airflow/.local/lib/python3.7/site-packages/airflow/example_dags/example_bash_operator.py
[2024-08-12T10:07:57.853+0000] {logging_mixin.py:115} INFO - [2024-08-12T10:07:57.852+0000] {dag.py:2429} INFO - Sync 1 DAGs
[2024-08-12T10:07:57.874+0000] {logging_mixin.py:115} INFO - [2024-08-12T10:07:57.874+0000] {dag.py:2981} INFO - Setting next_dagrun for example_bash_operator to 2024-08-11T00:00:00+00:00, run_after=2024-08-12T00:00:00+00:00
[2024-08-12T10:07:57.884+0000] {processor.py:161} INFO - Processing /home/airflow/.local/lib/python3.7/site-packages/airflow/example_dags/example_bash_operator.py took 0.073 seconds
[2024-08-12T10:08:28.579+0000] {processor.py:153} INFO - Started process (PID=1397) to work on /home/airflow/.local/lib/python3.7/site-packages/airflow/example_dags/example_bash_operator.py
[2024-08-12T10:08:28.580+0000] {processor.py:640} INFO - Processing file /home/airflow/.local/lib/python3.7/site-packages/airflow/example_dags/example_bash_operator.py for tasks to queue
[2024-08-12T10:08:28.580+0000] {logging_mixin.py:115} INFO - [2024-08-12T10:08:28.580+0000] {dagbag.py:508} INFO - Filling up the DagBag from /home/airflow/.local/lib/python3.7/site-packages/airflow/example_dags/example_bash_operator.py
[2024-08-12T10:08:28.589+0000] {processor.py:650} INFO - DAG(s) dict_keys(['example_bash_operator']) retrieved from /home/airflow/.local/lib/python3.7/site-packages/airflow/example_dags/example_bash_operator.py
[2024-08-12T10:08:28.617+0000] {logging_mixin.py:115} INFO - [2024-08-12T10:08:28.617+0000] {dag.py:2429} INFO - Sync 1 DAGs
[2024-08-12T10:08:28.638+0000] {logging_mixin.py:115} INFO - [2024-08-12T10:08:28.638+0000] {dag.py:2981} INFO - Setting next_dagrun for example_bash_operator to 2024-08-11T00:00:00+00:00, run_after=2024-08-12T00:00:00+00:00
[2024-08-12T10:08:28.649+0000] {processor.py:161} INFO - Processing /home/airflow/.local/lib/python3.7/site-packages/airflow/example_dags/example_bash_operator.py took 0.072 seconds
[2024-08-12T10:08:59.353+0000] {processor.py:153} INFO - Started process (PID=1460) to work on /home/airflow/.local/lib/python3.7/site-packages/airflow/example_dags/example_bash_operator.py
[2024-08-12T10:08:59.354+0000] {processor.py:640} INFO - Processing file /home/airflow/.local/lib/python3.7/site-packages/airflow/example_dags/example_bash_operator.py for tasks to queue
[2024-08-12T10:08:59.354+0000] {logging_mixin.py:115} INFO - [2024-08-12T10:08:59.354+0000] {dagbag.py:508} INFO - Filling up the DagBag from /home/airflow/.local/lib/python3.7/site-packages/airflow/example_dags/example_bash_operator.py
[2024-08-12T10:08:59.363+0000] {processor.py:650} INFO - DAG(s) dict_keys(['example_bash_operator']) retrieved from /home/airflow/.local/lib/python3.7/site-packages/airflow/example_dags/example_bash_operator.py
[2024-08-12T10:08:59.392+0000] {logging_mixin.py:115} INFO - [2024-08-12T10:08:59.392+0000] {dag.py:2429} INFO - Sync 1 DAGs
[2024-08-12T10:08:59.412+0000] {logging_mixin.py:115} INFO - [2024-08-12T10:08:59.412+0000] {dag.py:2981} INFO - Setting next_dagrun for example_bash_operator to 2024-08-11T00:00:00+00:00, run_after=2024-08-12T00:00:00+00:00
[2024-08-12T10:08:59.422+0000] {processor.py:161} INFO - Processing /home/airflow/.local/lib/python3.7/site-packages/airflow/example_dags/example_bash_operator.py took 0.071 seconds
[2024-08-12T10:09:30.055+0000] {processor.py:153} INFO - Started process (PID=1514) to work on /home/airflow/.local/lib/python3.7/site-packages/airflow/example_dags/example_bash_operator.py
[2024-08-12T10:09:30.056+0000] {processor.py:640} INFO - Processing file /home/airflow/.local/lib/python3.7/site-packages/airflow/example_dags/example_bash_operator.py for tasks to queue
[2024-08-12T10:09:30.057+0000] {logging_mixin.py:115} INFO - [2024-08-12T10:09:30.057+0000] {dagbag.py:508} INFO - Filling up the DagBag from /home/airflow/.local/lib/python3.7/site-packages/airflow/example_dags/example_bash_operator.py
[2024-08-12T10:09:30.066+0000] {processor.py:650} INFO - DAG(s) dict_keys(['example_bash_operator']) retrieved from /home/airflow/.local/lib/python3.7/site-packages/airflow/example_dags/example_bash_operator.py
[2024-08-12T10:09:30.094+0000] {logging_mixin.py:115} INFO - [2024-08-12T10:09:30.094+0000] {dag.py:2429} INFO - Sync 1 DAGs
[2024-08-12T10:09:30.114+0000] {logging_mixin.py:115} INFO - [2024-08-12T10:09:30.113+0000] {dag.py:2981} INFO - Setting next_dagrun for example_bash_operator to 2024-08-11T00:00:00+00:00, run_after=2024-08-12T00:00:00+00:00
[2024-08-12T10:09:30.124+0000] {processor.py:161} INFO - Processing /home/airflow/.local/lib/python3.7/site-packages/airflow/example_dags/example_bash_operator.py took 0.072 seconds
[2024-08-12T10:10:00.804+0000] {processor.py:153} INFO - Started process (PID=1577) to work on /home/airflow/.local/lib/python3.7/site-packages/airflow/example_dags/example_bash_operator.py
[2024-08-12T10:10:00.805+0000] {processor.py:640} INFO - Processing file /home/airflow/.local/lib/python3.7/site-packages/airflow/example_dags/example_bash_operator.py for tasks to queue
[2024-08-12T10:10:00.805+0000] {logging_mixin.py:115} INFO - [2024-08-12T10:10:00.805+0000] {dagbag.py:508} INFO - Filling up the DagBag from /home/airflow/.local/lib/python3.7/site-packages/airflow/example_dags/example_bash_operator.py
[2024-08-12T10:10:00.814+0000] {processor.py:650} INFO - DAG(s) dict_keys(['example_bash_operator']) retrieved from /home/airflow/.local/lib/python3.7/site-packages/airflow/example_dags/example_bash_operator.py
[2024-08-12T10:10:00.843+0000] {logging_mixin.py:115} INFO - [2024-08-12T10:10:00.843+0000] {dag.py:2429} INFO - Sync 1 DAGs
[2024-08-12T10:10:00.863+0000] {logging_mixin.py:115} INFO - [2024-08-12T10:10:00.863+0000] {dag.py:2981} INFO - Setting next_dagrun for example_bash_operator to 2024-08-11T00:00:00+00:00, run_after=2024-08-12T00:00:00+00:00
[2024-08-12T10:10:00.874+0000] {processor.py:161} INFO - Processing /home/airflow/.local/lib/python3.7/site-packages/airflow/example_dags/example_bash_operator.py took 0.072 seconds
[2024-08-12T10:10:31.602+0000] {processor.py:153} INFO - Started process (PID=1640) to work on /home/airflow/.local/lib/python3.7/site-packages/airflow/example_dags/example_bash_operator.py
[2024-08-12T10:10:31.603+0000] {processor.py:640} INFO - Processing file /home/airflow/.local/lib/python3.7/site-packages/airflow/example_dags/example_bash_operator.py for tasks to queue
[2024-08-12T10:10:31.604+0000] {logging_mixin.py:115} INFO - [2024-08-12T10:10:31.603+0000] {dagbag.py:508} INFO - Filling up the DagBag from /home/airflow/.local/lib/python3.7/site-packages/airflow/example_dags/example_bash_operator.py
[2024-08-12T10:10:31.613+0000] {processor.py:650} INFO - DAG(s) dict_keys(['example_bash_operator']) retrieved from /home/airflow/.local/lib/python3.7/site-packages/airflow/example_dags/example_bash_operator.py
[2024-08-12T10:10:31.641+0000] {logging_mixin.py:115} INFO - [2024-08-12T10:10:31.640+0000] {dag.py:2429} INFO - Sync 1 DAGs
[2024-08-12T10:10:31.661+0000] {logging_mixin.py:115} INFO - [2024-08-12T10:10:31.661+0000] {dag.py:2981} INFO - Setting next_dagrun for example_bash_operator to 2024-08-11T00:00:00+00:00, run_after=2024-08-12T00:00:00+00:00
[2024-08-12T10:10:31.673+0000] {processor.py:161} INFO - Processing /home/airflow/.local/lib/python3.7/site-packages/airflow/example_dags/example_bash_operator.py took 0.073 seconds
[2024-08-12T10:11:02.312+0000] {processor.py:153} INFO - Started process (PID=1703) to work on /home/airflow/.local/lib/python3.7/site-packages/airflow/example_dags/example_bash_operator.py
[2024-08-12T10:11:02.313+0000] {processor.py:640} INFO - Processing file /home/airflow/.local/lib/python3.7/site-packages/airflow/example_dags/example_bash_operator.py for tasks to queue
[2024-08-12T10:11:02.314+0000] {logging_mixin.py:115} INFO - [2024-08-12T10:11:02.314+0000] {dagbag.py:508} INFO - Filling up the DagBag from /home/airflow/.local/lib/python3.7/site-packages/airflow/example_dags/example_bash_operator.py
[2024-08-12T10:11:02.323+0000] {processor.py:650} INFO - DAG(s) dict_keys(['example_bash_operator']) retrieved from /home/airflow/.local/lib/python3.7/site-packages/airflow/example_dags/example_bash_operator.py
[2024-08-12T10:11:02.352+0000] {logging_mixin.py:115} INFO - [2024-08-12T10:11:02.352+0000] {dag.py:2429} INFO - Sync 1 DAGs
[2024-08-12T10:11:02.372+0000] {logging_mixin.py:115} INFO - [2024-08-12T10:11:02.372+0000] {dag.py:2981} INFO - Setting next_dagrun for example_bash_operator to 2024-08-11T00:00:00+00:00, run_after=2024-08-12T00:00:00+00:00
[2024-08-12T10:11:02.383+0000] {processor.py:161} INFO - Processing /home/airflow/.local/lib/python3.7/site-packages/airflow/example_dags/example_bash_operator.py took 0.073 seconds
[2024-08-12T10:11:33.117+0000] {processor.py:153} INFO - Started process (PID=1757) to work on /home/airflow/.local/lib/python3.7/site-packages/airflow/example_dags/example_bash_operator.py
[2024-08-12T10:11:33.118+0000] {processor.py:640} INFO - Processing file /home/airflow/.local/lib/python3.7/site-packages/airflow/example_dags/example_bash_operator.py for tasks to queue
[2024-08-12T10:11:33.119+0000] {logging_mixin.py:115} INFO - [2024-08-12T10:11:33.119+0000] {dagbag.py:508} INFO - Filling up the DagBag from /home/airflow/.local/lib/python3.7/site-packages/airflow/example_dags/example_bash_operator.py
[2024-08-12T10:11:33.131+0000] {processor.py:650} INFO - DAG(s) dict_keys(['example_bash_operator']) retrieved from /home/airflow/.local/lib/python3.7/site-packages/airflow/example_dags/example_bash_operator.py
[2024-08-12T10:11:33.162+0000] {logging_mixin.py:115} INFO - [2024-08-12T10:11:33.161+0000] {dag.py:2429} INFO - Sync 1 DAGs
[2024-08-12T10:11:33.181+0000] {logging_mixin.py:115} INFO - [2024-08-12T10:11:33.181+0000] {dag.py:2981} INFO - Setting next_dagrun for example_bash_operator to 2024-08-11T00:00:00+00:00, run_after=2024-08-12T00:00:00+00:00
[2024-08-12T10:11:33.192+0000] {processor.py:161} INFO - Processing /home/airflow/.local/lib/python3.7/site-packages/airflow/example_dags/example_bash_operator.py took 0.077 seconds
[2024-08-12T10:12:03.854+0000] {processor.py:153} INFO - Started process (PID=1820) to work on /home/airflow/.local/lib/python3.7/site-packages/airflow/example_dags/example_bash_operator.py
[2024-08-12T10:12:03.854+0000] {processor.py:640} INFO - Processing file /home/airflow/.local/lib/python3.7/site-packages/airflow/example_dags/example_bash_operator.py for tasks to queue
[2024-08-12T10:12:03.855+0000] {logging_mixin.py:115} INFO - [2024-08-12T10:12:03.854+0000] {dagbag.py:508} INFO - Filling up the DagBag from /home/airflow/.local/lib/python3.7/site-packages/airflow/example_dags/example_bash_operator.py
[2024-08-12T10:12:03.864+0000] {processor.py:650} INFO - DAG(s) dict_keys(['example_bash_operator']) retrieved from /home/airflow/.local/lib/python3.7/site-packages/airflow/example_dags/example_bash_operator.py
[2024-08-12T10:12:03.892+0000] {logging_mixin.py:115} INFO - [2024-08-12T10:12:03.892+0000] {dag.py:2429} INFO - Sync 1 DAGs
[2024-08-12T10:12:03.912+0000] {logging_mixin.py:115} INFO - [2024-08-12T10:12:03.912+0000] {dag.py:2981} INFO - Setting next_dagrun for example_bash_operator to 2024-08-11T00:00:00+00:00, run_after=2024-08-12T00:00:00+00:00
[2024-08-12T10:12:03.922+0000] {processor.py:161} INFO - Processing /home/airflow/.local/lib/python3.7/site-packages/airflow/example_dags/example_bash_operator.py took 0.071 seconds
[2024-08-12T10:12:34.683+0000] {processor.py:153} INFO - Started process (PID=1883) to work on /home/airflow/.local/lib/python3.7/site-packages/airflow/example_dags/example_bash_operator.py
[2024-08-12T10:12:34.684+0000] {processor.py:640} INFO - Processing file /home/airflow/.local/lib/python3.7/site-packages/airflow/example_dags/example_bash_operator.py for tasks to queue
[2024-08-12T10:12:34.685+0000] {logging_mixin.py:115} INFO - [2024-08-12T10:12:34.685+0000] {dagbag.py:508} INFO - Filling up the DagBag from /home/airflow/.local/lib/python3.7/site-packages/airflow/example_dags/example_bash_operator.py
[2024-08-12T10:12:34.694+0000] {processor.py:650} INFO - DAG(s) dict_keys(['example_bash_operator']) retrieved from /home/airflow/.local/lib/python3.7/site-packages/airflow/example_dags/example_bash_operator.py
[2024-08-12T10:12:34.722+0000] {logging_mixin.py:115} INFO - [2024-08-12T10:12:34.722+0000] {dag.py:2429} INFO - Sync 1 DAGs
[2024-08-12T10:12:34.744+0000] {logging_mixin.py:115} INFO - [2024-08-12T10:12:34.744+0000] {dag.py:2981} INFO - Setting next_dagrun for example_bash_operator to 2024-08-11T00:00:00+00:00, run_after=2024-08-12T00:00:00+00:00
[2024-08-12T10:12:34.754+0000] {processor.py:161} INFO - Processing /home/airflow/.local/lib/python3.7/site-packages/airflow/example_dags/example_bash_operator.py took 0.074 seconds
[2024-08-12T10:13:05.620+0000] {processor.py:153} INFO - Started process (PID=1946) to work on /home/airflow/.local/lib/python3.7/site-packages/airflow/example_dags/example_bash_operator.py
[2024-08-12T10:13:05.621+0000] {processor.py:640} INFO - Processing file /home/airflow/.local/lib/python3.7/site-packages/airflow/example_dags/example_bash_operator.py for tasks to queue
[2024-08-12T10:13:05.621+0000] {logging_mixin.py:115} INFO - [2024-08-12T10:13:05.621+0000] {dagbag.py:508} INFO - Filling up the DagBag from /home/airflow/.local/lib/python3.7/site-packages/airflow/example_dags/example_bash_operator.py
[2024-08-12T10:13:05.630+0000] {processor.py:650} INFO - DAG(s) dict_keys(['example_bash_operator']) retrieved from /home/airflow/.local/lib/python3.7/site-packages/airflow/example_dags/example_bash_operator.py
[2024-08-12T10:13:05.660+0000] {logging_mixin.py:115} INFO - [2024-08-12T10:13:05.660+0000] {dag.py:2429} INFO - Sync 1 DAGs
[2024-08-12T10:13:05.681+0000] {logging_mixin.py:115} INFO - [2024-08-12T10:13:05.681+0000] {dag.py:2981} INFO - Setting next_dagrun for example_bash_operator to 2024-08-11T00:00:00+00:00, run_after=2024-08-12T00:00:00+00:00
[2024-08-12T10:13:05.691+0000] {processor.py:161} INFO - Processing /home/airflow/.local/lib/python3.7/site-packages/airflow/example_dags/example_bash_operator.py took 0.074 seconds
[2024-08-12T10:13:36.392+0000] {processor.py:153} INFO - Started process (PID=2000) to work on /home/airflow/.local/lib/python3.7/site-packages/airflow/example_dags/example_bash_operator.py
[2024-08-12T10:13:36.393+0000] {processor.py:640} INFO - Processing file /home/airflow/.local/lib/python3.7/site-packages/airflow/example_dags/example_bash_operator.py for tasks to queue
[2024-08-12T10:13:36.393+0000] {logging_mixin.py:115} INFO - [2024-08-12T10:13:36.393+0000] {dagbag.py:508} INFO - Filling up the DagBag from /home/airflow/.local/lib/python3.7/site-packages/airflow/example_dags/example_bash_operator.py
[2024-08-12T10:13:36.402+0000] {processor.py:650} INFO - DAG(s) dict_keys(['example_bash_operator']) retrieved from /home/airflow/.local/lib/python3.7/site-packages/airflow/example_dags/example_bash_operator.py
[2024-08-12T10:13:36.430+0000] {logging_mixin.py:115} INFO - [2024-08-12T10:13:36.430+0000] {dag.py:2429} INFO - Sync 1 DAGs
[2024-08-12T10:13:36.450+0000] {logging_mixin.py:115} INFO - [2024-08-12T10:13:36.450+0000] {dag.py:2981} INFO - Setting next_dagrun for example_bash_operator to 2024-08-11T00:00:00+00:00, run_after=2024-08-12T00:00:00+00:00
[2024-08-12T10:13:36.460+0000] {processor.py:161} INFO - Processing /home/airflow/.local/lib/python3.7/site-packages/airflow/example_dags/example_bash_operator.py took 0.071 seconds
[2024-08-12T10:14:07.219+0000] {processor.py:153} INFO - Started process (PID=2063) to work on /home/airflow/.local/lib/python3.7/site-packages/airflow/example_dags/example_bash_operator.py
[2024-08-12T10:14:07.220+0000] {processor.py:640} INFO - Processing file /home/airflow/.local/lib/python3.7/site-packages/airflow/example_dags/example_bash_operator.py for tasks to queue
[2024-08-12T10:14:07.221+0000] {logging_mixin.py:115} INFO - [2024-08-12T10:14:07.221+0000] {dagbag.py:508} INFO - Filling up the DagBag from /home/airflow/.local/lib/python3.7/site-packages/airflow/example_dags/example_bash_operator.py
[2024-08-12T10:14:07.230+0000] {processor.py:650} INFO - DAG(s) dict_keys(['example_bash_operator']) retrieved from /home/airflow/.local/lib/python3.7/site-packages/airflow/example_dags/example_bash_operator.py
[2024-08-12T10:14:07.260+0000] {logging_mixin.py:115} INFO - [2024-08-12T10:14:07.260+0000] {dag.py:2429} INFO - Sync 1 DAGs
[2024-08-12T10:14:07.285+0000] {logging_mixin.py:115} INFO - [2024-08-12T10:14:07.285+0000] {dag.py:2981} INFO - Setting next_dagrun for example_bash_operator to 2024-08-11T00:00:00+00:00, run_after=2024-08-12T00:00:00+00:00
[2024-08-12T10:14:07.296+0000] {processor.py:161} INFO - Processing /home/airflow/.local/lib/python3.7/site-packages/airflow/example_dags/example_bash_operator.py took 0.080 seconds
