[2024-08-12T08:27:05.751+0000] {processor.py:153} INFO - Started process (PID=49) to work on /home/airflow/.local/lib/python3.7/site-packages/airflow/example_dags/example_branch_operator_decorator.py
[2024-08-12T08:27:05.752+0000] {processor.py:640} INFO - Processing file /home/airflow/.local/lib/python3.7/site-packages/airflow/example_dags/example_branch_operator_decorator.py for tasks to queue
[2024-08-12T08:27:05.752+0000] {logging_mixin.py:115} INFO - [2024-08-12T08:27:05.752+0000] {dagbag.py:508} INFO - Filling up the DagBag from /home/airflow/.local/lib/python3.7/site-packages/airflow/example_dags/example_branch_operator_decorator.py
[2024-08-12T08:27:05.769+0000] {processor.py:650} INFO - DAG(s) dict_keys(['example_branch_python_operator_decorator']) retrieved from /home/airflow/.local/lib/python3.7/site-packages/airflow/example_dags/example_branch_operator_decorator.py
[2024-08-12T08:27:05.848+0000] {logging_mixin.py:115} INFO - [2024-08-12T08:27:05.848+0000] {manager.py:508} INFO - Created Permission View: can edit on DAG:example_branch_python_operator_decorator
[2024-08-12T08:27:05.857+0000] {logging_mixin.py:115} INFO - [2024-08-12T08:27:05.857+0000] {manager.py:508} INFO - Created Permission View: can read on DAG:example_branch_python_operator_decorator
[2024-08-12T08:27:05.866+0000] {logging_mixin.py:115} INFO - [2024-08-12T08:27:05.866+0000] {manager.py:508} INFO - Created Permission View: can delete on DAG:example_branch_python_operator_decorator
[2024-08-12T08:27:05.866+0000] {logging_mixin.py:115} INFO - [2024-08-12T08:27:05.866+0000] {dag.py:2429} INFO - Sync 1 DAGs
[2024-08-12T08:27:05.876+0000] {logging_mixin.py:115} INFO - [2024-08-12T08:27:05.876+0000] {dag.py:2448} INFO - Creating ORM DAG for example_branch_python_operator_decorator
[2024-08-12T08:27:05.891+0000] {logging_mixin.py:115} INFO - [2024-08-12T08:27:05.891+0000] {dag.py:2981} INFO - Setting next_dagrun for example_branch_python_operator_decorator to 2024-08-11T00:00:00+00:00, run_after=2024-08-12T00:00:00+00:00
[2024-08-12T08:27:05.906+0000] {processor.py:161} INFO - Processing /home/airflow/.local/lib/python3.7/site-packages/airflow/example_dags/example_branch_operator_decorator.py took 0.158 seconds
[2024-08-12T08:27:36.421+0000] {processor.py:153} INFO - Started process (PID=110) to work on /home/airflow/.local/lib/python3.7/site-packages/airflow/example_dags/example_branch_operator_decorator.py
[2024-08-12T08:27:36.422+0000] {processor.py:640} INFO - Processing file /home/airflow/.local/lib/python3.7/site-packages/airflow/example_dags/example_branch_operator_decorator.py for tasks to queue
[2024-08-12T08:27:36.423+0000] {logging_mixin.py:115} INFO - [2024-08-12T08:27:36.423+0000] {dagbag.py:508} INFO - Filling up the DagBag from /home/airflow/.local/lib/python3.7/site-packages/airflow/example_dags/example_branch_operator_decorator.py
[2024-08-12T08:27:36.441+0000] {processor.py:650} INFO - DAG(s) dict_keys(['example_branch_python_operator_decorator']) retrieved from /home/airflow/.local/lib/python3.7/site-packages/airflow/example_dags/example_branch_operator_decorator.py
[2024-08-12T08:27:36.469+0000] {logging_mixin.py:115} INFO - [2024-08-12T08:27:36.468+0000] {dag.py:2429} INFO - Sync 1 DAGs
[2024-08-12T08:27:36.504+0000] {logging_mixin.py:115} INFO - [2024-08-12T08:27:36.503+0000] {dag.py:2981} INFO - Setting next_dagrun for example_branch_python_operator_decorator to 2024-08-11T00:00:00+00:00, run_after=2024-08-12T00:00:00+00:00
[2024-08-12T08:27:36.527+0000] {processor.py:161} INFO - Processing /home/airflow/.local/lib/python3.7/site-packages/airflow/example_dags/example_branch_operator_decorator.py took 0.108 seconds
[2024-08-12T08:28:07.225+0000] {processor.py:153} INFO - Started process (PID=171) to work on /home/airflow/.local/lib/python3.7/site-packages/airflow/example_dags/example_branch_operator_decorator.py
[2024-08-12T08:28:07.225+0000] {processor.py:640} INFO - Processing file /home/airflow/.local/lib/python3.7/site-packages/airflow/example_dags/example_branch_operator_decorator.py for tasks to queue
[2024-08-12T08:28:07.226+0000] {logging_mixin.py:115} INFO - [2024-08-12T08:28:07.226+0000] {dagbag.py:508} INFO - Filling up the DagBag from /home/airflow/.local/lib/python3.7/site-packages/airflow/example_dags/example_branch_operator_decorator.py
[2024-08-12T08:28:07.241+0000] {processor.py:650} INFO - DAG(s) dict_keys(['example_branch_python_operator_decorator']) retrieved from /home/airflow/.local/lib/python3.7/site-packages/airflow/example_dags/example_branch_operator_decorator.py
[2024-08-12T08:28:07.262+0000] {logging_mixin.py:115} INFO - [2024-08-12T08:28:07.262+0000] {dag.py:2429} INFO - Sync 1 DAGs
[2024-08-12T08:28:07.283+0000] {logging_mixin.py:115} INFO - [2024-08-12T08:28:07.282+0000] {dag.py:2981} INFO - Setting next_dagrun for example_branch_python_operator_decorator to 2024-08-11T00:00:00+00:00, run_after=2024-08-12T00:00:00+00:00
[2024-08-12T08:28:07.292+0000] {processor.py:161} INFO - Processing /home/airflow/.local/lib/python3.7/site-packages/airflow/example_dags/example_branch_operator_decorator.py took 0.070 seconds
[2024-08-12T08:28:37.955+0000] {processor.py:153} INFO - Started process (PID=232) to work on /home/airflow/.local/lib/python3.7/site-packages/airflow/example_dags/example_branch_operator_decorator.py
[2024-08-12T08:28:37.956+0000] {processor.py:640} INFO - Processing file /home/airflow/.local/lib/python3.7/site-packages/airflow/example_dags/example_branch_operator_decorator.py for tasks to queue
[2024-08-12T08:28:37.957+0000] {logging_mixin.py:115} INFO - [2024-08-12T08:28:37.957+0000] {dagbag.py:508} INFO - Filling up the DagBag from /home/airflow/.local/lib/python3.7/site-packages/airflow/example_dags/example_branch_operator_decorator.py
[2024-08-12T08:28:37.972+0000] {processor.py:650} INFO - DAG(s) dict_keys(['example_branch_python_operator_decorator']) retrieved from /home/airflow/.local/lib/python3.7/site-packages/airflow/example_dags/example_branch_operator_decorator.py
[2024-08-12T08:28:37.995+0000] {logging_mixin.py:115} INFO - [2024-08-12T08:28:37.995+0000] {dag.py:2429} INFO - Sync 1 DAGs
[2024-08-12T08:28:38.020+0000] {logging_mixin.py:115} INFO - [2024-08-12T08:28:38.020+0000] {dag.py:2981} INFO - Setting next_dagrun for example_branch_python_operator_decorator to 2024-08-11T00:00:00+00:00, run_after=2024-08-12T00:00:00+00:00
[2024-08-12T08:28:38.036+0000] {processor.py:161} INFO - Processing /home/airflow/.local/lib/python3.7/site-packages/airflow/example_dags/example_branch_operator_decorator.py took 0.083 seconds
[2024-08-12T09:57:10.212+0000] {processor.py:153} INFO - Started process (PID=60) to work on /home/airflow/.local/lib/python3.7/site-packages/airflow/example_dags/example_branch_operator_decorator.py
[2024-08-12T09:57:10.213+0000] {processor.py:640} INFO - Processing file /home/airflow/.local/lib/python3.7/site-packages/airflow/example_dags/example_branch_operator_decorator.py for tasks to queue
[2024-08-12T09:57:10.214+0000] {logging_mixin.py:115} INFO - [2024-08-12T09:57:10.214+0000] {dagbag.py:508} INFO - Filling up the DagBag from /home/airflow/.local/lib/python3.7/site-packages/airflow/example_dags/example_branch_operator_decorator.py
[2024-08-12T09:57:10.231+0000] {processor.py:650} INFO - DAG(s) dict_keys(['example_branch_python_operator_decorator']) retrieved from /home/airflow/.local/lib/python3.7/site-packages/airflow/example_dags/example_branch_operator_decorator.py
[2024-08-12T09:57:10.261+0000] {logging_mixin.py:115} INFO - [2024-08-12T09:57:10.260+0000] {dag.py:2429} INFO - Sync 1 DAGs
[2024-08-12T09:57:10.289+0000] {logging_mixin.py:115} INFO - [2024-08-12T09:57:10.289+0000] {dag.py:2981} INFO - Setting next_dagrun for example_branch_python_operator_decorator to 2024-08-11T00:00:00+00:00, run_after=2024-08-12T00:00:00+00:00
[2024-08-12T09:57:10.305+0000] {processor.py:161} INFO - Processing /home/airflow/.local/lib/python3.7/site-packages/airflow/example_dags/example_branch_operator_decorator.py took 0.096 seconds
[2024-08-12T09:57:41.228+0000] {processor.py:153} INFO - Started process (PID=113) to work on /home/airflow/.local/lib/python3.7/site-packages/airflow/example_dags/example_branch_operator_decorator.py
[2024-08-12T09:57:41.229+0000] {processor.py:640} INFO - Processing file /home/airflow/.local/lib/python3.7/site-packages/airflow/example_dags/example_branch_operator_decorator.py for tasks to queue
[2024-08-12T09:57:41.230+0000] {logging_mixin.py:115} INFO - [2024-08-12T09:57:41.229+0000] {dagbag.py:508} INFO - Filling up the DagBag from /home/airflow/.local/lib/python3.7/site-packages/airflow/example_dags/example_branch_operator_decorator.py
[2024-08-12T09:57:41.245+0000] {processor.py:650} INFO - DAG(s) dict_keys(['example_branch_python_operator_decorator']) retrieved from /home/airflow/.local/lib/python3.7/site-packages/airflow/example_dags/example_branch_operator_decorator.py
[2024-08-12T09:57:41.271+0000] {logging_mixin.py:115} INFO - [2024-08-12T09:57:41.271+0000] {dag.py:2429} INFO - Sync 1 DAGs
[2024-08-12T09:57:41.291+0000] {logging_mixin.py:115} INFO - [2024-08-12T09:57:41.290+0000] {dag.py:2981} INFO - Setting next_dagrun for example_branch_python_operator_decorator to 2024-08-11T00:00:00+00:00, run_after=2024-08-12T00:00:00+00:00
[2024-08-12T09:57:41.302+0000] {processor.py:161} INFO - Processing /home/airflow/.local/lib/python3.7/site-packages/airflow/example_dags/example_branch_operator_decorator.py took 0.076 seconds
[2024-08-12T09:58:12.291+0000] {processor.py:153} INFO - Started process (PID=176) to work on /home/airflow/.local/lib/python3.7/site-packages/airflow/example_dags/example_branch_operator_decorator.py
[2024-08-12T09:58:12.292+0000] {processor.py:640} INFO - Processing file /home/airflow/.local/lib/python3.7/site-packages/airflow/example_dags/example_branch_operator_decorator.py for tasks to queue
[2024-08-12T09:58:12.293+0000] {logging_mixin.py:115} INFO - [2024-08-12T09:58:12.292+0000] {dagbag.py:508} INFO - Filling up the DagBag from /home/airflow/.local/lib/python3.7/site-packages/airflow/example_dags/example_branch_operator_decorator.py
[2024-08-12T09:58:12.307+0000] {processor.py:650} INFO - DAG(s) dict_keys(['example_branch_python_operator_decorator']) retrieved from /home/airflow/.local/lib/python3.7/site-packages/airflow/example_dags/example_branch_operator_decorator.py
[2024-08-12T09:58:12.328+0000] {logging_mixin.py:115} INFO - [2024-08-12T09:58:12.328+0000] {dag.py:2429} INFO - Sync 1 DAGs
[2024-08-12T09:58:12.350+0000] {logging_mixin.py:115} INFO - [2024-08-12T09:58:12.350+0000] {dag.py:2981} INFO - Setting next_dagrun for example_branch_python_operator_decorator to 2024-08-11T00:00:00+00:00, run_after=2024-08-12T00:00:00+00:00
[2024-08-12T09:58:12.360+0000] {processor.py:161} INFO - Processing /home/airflow/.local/lib/python3.7/site-packages/airflow/example_dags/example_branch_operator_decorator.py took 0.071 seconds
[2024-08-12T09:58:43.124+0000] {processor.py:153} INFO - Started process (PID=239) to work on /home/airflow/.local/lib/python3.7/site-packages/airflow/example_dags/example_branch_operator_decorator.py
[2024-08-12T09:58:43.125+0000] {processor.py:640} INFO - Processing file /home/airflow/.local/lib/python3.7/site-packages/airflow/example_dags/example_branch_operator_decorator.py for tasks to queue
[2024-08-12T09:58:43.125+0000] {logging_mixin.py:115} INFO - [2024-08-12T09:58:43.125+0000] {dagbag.py:508} INFO - Filling up the DagBag from /home/airflow/.local/lib/python3.7/site-packages/airflow/example_dags/example_branch_operator_decorator.py
[2024-08-12T09:58:43.142+0000] {processor.py:650} INFO - DAG(s) dict_keys(['example_branch_python_operator_decorator']) retrieved from /home/airflow/.local/lib/python3.7/site-packages/airflow/example_dags/example_branch_operator_decorator.py
[2024-08-12T09:58:43.166+0000] {logging_mixin.py:115} INFO - [2024-08-12T09:58:43.165+0000] {dag.py:2429} INFO - Sync 1 DAGs
[2024-08-12T09:58:43.188+0000] {logging_mixin.py:115} INFO - [2024-08-12T09:58:43.187+0000] {dag.py:2981} INFO - Setting next_dagrun for example_branch_python_operator_decorator to 2024-08-11T00:00:00+00:00, run_after=2024-08-12T00:00:00+00:00
[2024-08-12T09:58:43.200+0000] {processor.py:161} INFO - Processing /home/airflow/.local/lib/python3.7/site-packages/airflow/example_dags/example_branch_operator_decorator.py took 0.079 seconds
[2024-08-12T09:59:14.051+0000] {processor.py:153} INFO - Started process (PID=302) to work on /home/airflow/.local/lib/python3.7/site-packages/airflow/example_dags/example_branch_operator_decorator.py
[2024-08-12T09:59:14.052+0000] {processor.py:640} INFO - Processing file /home/airflow/.local/lib/python3.7/site-packages/airflow/example_dags/example_branch_operator_decorator.py for tasks to queue
[2024-08-12T09:59:14.053+0000] {logging_mixin.py:115} INFO - [2024-08-12T09:59:14.053+0000] {dagbag.py:508} INFO - Filling up the DagBag from /home/airflow/.local/lib/python3.7/site-packages/airflow/example_dags/example_branch_operator_decorator.py
[2024-08-12T09:59:14.069+0000] {processor.py:650} INFO - DAG(s) dict_keys(['example_branch_python_operator_decorator']) retrieved from /home/airflow/.local/lib/python3.7/site-packages/airflow/example_dags/example_branch_operator_decorator.py
[2024-08-12T09:59:14.090+0000] {logging_mixin.py:115} INFO - [2024-08-12T09:59:14.090+0000] {dag.py:2429} INFO - Sync 1 DAGs
[2024-08-12T09:59:14.112+0000] {logging_mixin.py:115} INFO - [2024-08-12T09:59:14.112+0000] {dag.py:2981} INFO - Setting next_dagrun for example_branch_python_operator_decorator to 2024-08-11T00:00:00+00:00, run_after=2024-08-12T00:00:00+00:00
[2024-08-12T09:59:14.123+0000] {processor.py:161} INFO - Processing /home/airflow/.local/lib/python3.7/site-packages/airflow/example_dags/example_branch_operator_decorator.py took 0.074 seconds
[2024-08-12T09:59:44.174+0000] {processor.py:153} INFO - Started process (PID=355) to work on /home/airflow/.local/lib/python3.7/site-packages/airflow/example_dags/example_branch_operator_decorator.py
[2024-08-12T09:59:44.175+0000] {processor.py:640} INFO - Processing file /home/airflow/.local/lib/python3.7/site-packages/airflow/example_dags/example_branch_operator_decorator.py for tasks to queue
[2024-08-12T09:59:44.176+0000] {logging_mixin.py:115} INFO - [2024-08-12T09:59:44.175+0000] {dagbag.py:508} INFO - Filling up the DagBag from /home/airflow/.local/lib/python3.7/site-packages/airflow/example_dags/example_branch_operator_decorator.py
[2024-08-12T09:59:44.190+0000] {processor.py:650} INFO - DAG(s) dict_keys(['example_branch_python_operator_decorator']) retrieved from /home/airflow/.local/lib/python3.7/site-packages/airflow/example_dags/example_branch_operator_decorator.py
[2024-08-12T09:59:44.211+0000] {logging_mixin.py:115} INFO - [2024-08-12T09:59:44.211+0000] {dag.py:2429} INFO - Sync 1 DAGs
[2024-08-12T09:59:44.230+0000] {logging_mixin.py:115} INFO - [2024-08-12T09:59:44.230+0000] {dag.py:2981} INFO - Setting next_dagrun for example_branch_python_operator_decorator to 2024-08-11T00:00:00+00:00, run_after=2024-08-12T00:00:00+00:00
[2024-08-12T09:59:44.241+0000] {processor.py:161} INFO - Processing /home/airflow/.local/lib/python3.7/site-packages/airflow/example_dags/example_branch_operator_decorator.py took 0.069 seconds
[2024-08-12T10:00:14.270+0000] {processor.py:153} INFO - Started process (PID=418) to work on /home/airflow/.local/lib/python3.7/site-packages/airflow/example_dags/example_branch_operator_decorator.py
[2024-08-12T10:00:14.271+0000] {processor.py:640} INFO - Processing file /home/airflow/.local/lib/python3.7/site-packages/airflow/example_dags/example_branch_operator_decorator.py for tasks to queue
[2024-08-12T10:00:14.271+0000] {logging_mixin.py:115} INFO - [2024-08-12T10:00:14.271+0000] {dagbag.py:508} INFO - Filling up the DagBag from /home/airflow/.local/lib/python3.7/site-packages/airflow/example_dags/example_branch_operator_decorator.py
[2024-08-12T10:00:14.286+0000] {processor.py:650} INFO - DAG(s) dict_keys(['example_branch_python_operator_decorator']) retrieved from /home/airflow/.local/lib/python3.7/site-packages/airflow/example_dags/example_branch_operator_decorator.py
[2024-08-12T10:00:14.308+0000] {logging_mixin.py:115} INFO - [2024-08-12T10:00:14.308+0000] {dag.py:2429} INFO - Sync 1 DAGs
[2024-08-12T10:00:14.328+0000] {logging_mixin.py:115} INFO - [2024-08-12T10:00:14.328+0000] {dag.py:2981} INFO - Setting next_dagrun for example_branch_python_operator_decorator to 2024-08-11T00:00:00+00:00, run_after=2024-08-12T00:00:00+00:00
[2024-08-12T10:00:14.339+0000] {processor.py:161} INFO - Processing /home/airflow/.local/lib/python3.7/site-packages/airflow/example_dags/example_branch_operator_decorator.py took 0.071 seconds
[2024-08-12T10:00:45.014+0000] {processor.py:153} INFO - Started process (PID=481) to work on /home/airflow/.local/lib/python3.7/site-packages/airflow/example_dags/example_branch_operator_decorator.py
[2024-08-12T10:00:45.015+0000] {processor.py:640} INFO - Processing file /home/airflow/.local/lib/python3.7/site-packages/airflow/example_dags/example_branch_operator_decorator.py for tasks to queue
[2024-08-12T10:00:45.015+0000] {logging_mixin.py:115} INFO - [2024-08-12T10:00:45.015+0000] {dagbag.py:508} INFO - Filling up the DagBag from /home/airflow/.local/lib/python3.7/site-packages/airflow/example_dags/example_branch_operator_decorator.py
[2024-08-12T10:00:45.030+0000] {processor.py:650} INFO - DAG(s) dict_keys(['example_branch_python_operator_decorator']) retrieved from /home/airflow/.local/lib/python3.7/site-packages/airflow/example_dags/example_branch_operator_decorator.py
[2024-08-12T10:00:45.051+0000] {logging_mixin.py:115} INFO - [2024-08-12T10:00:45.051+0000] {dag.py:2429} INFO - Sync 1 DAGs
[2024-08-12T10:00:45.071+0000] {logging_mixin.py:115} INFO - [2024-08-12T10:00:45.071+0000] {dag.py:2981} INFO - Setting next_dagrun for example_branch_python_operator_decorator to 2024-08-11T00:00:00+00:00, run_after=2024-08-12T00:00:00+00:00
[2024-08-12T10:00:45.081+0000] {processor.py:161} INFO - Processing /home/airflow/.local/lib/python3.7/site-packages/airflow/example_dags/example_branch_operator_decorator.py took 0.070 seconds
[2024-08-12T10:01:15.845+0000] {processor.py:153} INFO - Started process (PID=535) to work on /home/airflow/.local/lib/python3.7/site-packages/airflow/example_dags/example_branch_operator_decorator.py
[2024-08-12T10:01:15.846+0000] {processor.py:640} INFO - Processing file /home/airflow/.local/lib/python3.7/site-packages/airflow/example_dags/example_branch_operator_decorator.py for tasks to queue
[2024-08-12T10:01:15.846+0000] {logging_mixin.py:115} INFO - [2024-08-12T10:01:15.846+0000] {dagbag.py:508} INFO - Filling up the DagBag from /home/airflow/.local/lib/python3.7/site-packages/airflow/example_dags/example_branch_operator_decorator.py
[2024-08-12T10:01:15.861+0000] {processor.py:650} INFO - DAG(s) dict_keys(['example_branch_python_operator_decorator']) retrieved from /home/airflow/.local/lib/python3.7/site-packages/airflow/example_dags/example_branch_operator_decorator.py
[2024-08-12T10:01:15.884+0000] {logging_mixin.py:115} INFO - [2024-08-12T10:01:15.883+0000] {dag.py:2429} INFO - Sync 1 DAGs
[2024-08-12T10:01:15.905+0000] {logging_mixin.py:115} INFO - [2024-08-12T10:01:15.904+0000] {dag.py:2981} INFO - Setting next_dagrun for example_branch_python_operator_decorator to 2024-08-11T00:00:00+00:00, run_after=2024-08-12T00:00:00+00:00
[2024-08-12T10:01:15.916+0000] {processor.py:161} INFO - Processing /home/airflow/.local/lib/python3.7/site-packages/airflow/example_dags/example_branch_operator_decorator.py took 0.074 seconds
[2024-08-12T10:01:46.693+0000] {processor.py:153} INFO - Started process (PID=598) to work on /home/airflow/.local/lib/python3.7/site-packages/airflow/example_dags/example_branch_operator_decorator.py
[2024-08-12T10:01:46.694+0000] {processor.py:640} INFO - Processing file /home/airflow/.local/lib/python3.7/site-packages/airflow/example_dags/example_branch_operator_decorator.py for tasks to queue
[2024-08-12T10:01:46.694+0000] {logging_mixin.py:115} INFO - [2024-08-12T10:01:46.694+0000] {dagbag.py:508} INFO - Filling up the DagBag from /home/airflow/.local/lib/python3.7/site-packages/airflow/example_dags/example_branch_operator_decorator.py
[2024-08-12T10:01:46.709+0000] {processor.py:650} INFO - DAG(s) dict_keys(['example_branch_python_operator_decorator']) retrieved from /home/airflow/.local/lib/python3.7/site-packages/airflow/example_dags/example_branch_operator_decorator.py
[2024-08-12T10:01:46.730+0000] {logging_mixin.py:115} INFO - [2024-08-12T10:01:46.730+0000] {dag.py:2429} INFO - Sync 1 DAGs
[2024-08-12T10:01:46.748+0000] {logging_mixin.py:115} INFO - [2024-08-12T10:01:46.748+0000] {dag.py:2981} INFO - Setting next_dagrun for example_branch_python_operator_decorator to 2024-08-11T00:00:00+00:00, run_after=2024-08-12T00:00:00+00:00
[2024-08-12T10:01:46.758+0000] {processor.py:161} INFO - Processing /home/airflow/.local/lib/python3.7/site-packages/airflow/example_dags/example_branch_operator_decorator.py took 0.068 seconds
[2024-08-12T10:02:17.436+0000] {processor.py:153} INFO - Started process (PID=661) to work on /home/airflow/.local/lib/python3.7/site-packages/airflow/example_dags/example_branch_operator_decorator.py
[2024-08-12T10:02:17.438+0000] {processor.py:640} INFO - Processing file /home/airflow/.local/lib/python3.7/site-packages/airflow/example_dags/example_branch_operator_decorator.py for tasks to queue
[2024-08-12T10:02:17.438+0000] {logging_mixin.py:115} INFO - [2024-08-12T10:02:17.438+0000] {dagbag.py:508} INFO - Filling up the DagBag from /home/airflow/.local/lib/python3.7/site-packages/airflow/example_dags/example_branch_operator_decorator.py
[2024-08-12T10:02:17.452+0000] {processor.py:650} INFO - DAG(s) dict_keys(['example_branch_python_operator_decorator']) retrieved from /home/airflow/.local/lib/python3.7/site-packages/airflow/example_dags/example_branch_operator_decorator.py
[2024-08-12T10:02:17.474+0000] {logging_mixin.py:115} INFO - [2024-08-12T10:02:17.473+0000] {dag.py:2429} INFO - Sync 1 DAGs
[2024-08-12T10:02:17.493+0000] {logging_mixin.py:115} INFO - [2024-08-12T10:02:17.493+0000] {dag.py:2981} INFO - Setting next_dagrun for example_branch_python_operator_decorator to 2024-08-11T00:00:00+00:00, run_after=2024-08-12T00:00:00+00:00
[2024-08-12T10:02:17.503+0000] {processor.py:161} INFO - Processing /home/airflow/.local/lib/python3.7/site-packages/airflow/example_dags/example_branch_operator_decorator.py took 0.069 seconds
[2024-08-12T10:02:48.274+0000] {processor.py:153} INFO - Started process (PID=724) to work on /home/airflow/.local/lib/python3.7/site-packages/airflow/example_dags/example_branch_operator_decorator.py
[2024-08-12T10:02:48.275+0000] {processor.py:640} INFO - Processing file /home/airflow/.local/lib/python3.7/site-packages/airflow/example_dags/example_branch_operator_decorator.py for tasks to queue
[2024-08-12T10:02:48.275+0000] {logging_mixin.py:115} INFO - [2024-08-12T10:02:48.275+0000] {dagbag.py:508} INFO - Filling up the DagBag from /home/airflow/.local/lib/python3.7/site-packages/airflow/example_dags/example_branch_operator_decorator.py
[2024-08-12T10:02:48.290+0000] {processor.py:650} INFO - DAG(s) dict_keys(['example_branch_python_operator_decorator']) retrieved from /home/airflow/.local/lib/python3.7/site-packages/airflow/example_dags/example_branch_operator_decorator.py
[2024-08-12T10:02:48.311+0000] {logging_mixin.py:115} INFO - [2024-08-12T10:02:48.311+0000] {dag.py:2429} INFO - Sync 1 DAGs
[2024-08-12T10:02:48.330+0000] {logging_mixin.py:115} INFO - [2024-08-12T10:02:48.330+0000] {dag.py:2981} INFO - Setting next_dagrun for example_branch_python_operator_decorator to 2024-08-11T00:00:00+00:00, run_after=2024-08-12T00:00:00+00:00
[2024-08-12T10:02:48.340+0000] {processor.py:161} INFO - Processing /home/airflow/.local/lib/python3.7/site-packages/airflow/example_dags/example_branch_operator_decorator.py took 0.068 seconds
[2024-08-12T10:03:19.102+0000] {processor.py:153} INFO - Started process (PID=778) to work on /home/airflow/.local/lib/python3.7/site-packages/airflow/example_dags/example_branch_operator_decorator.py
[2024-08-12T10:03:19.103+0000] {processor.py:640} INFO - Processing file /home/airflow/.local/lib/python3.7/site-packages/airflow/example_dags/example_branch_operator_decorator.py for tasks to queue
[2024-08-12T10:03:19.104+0000] {logging_mixin.py:115} INFO - [2024-08-12T10:03:19.104+0000] {dagbag.py:508} INFO - Filling up the DagBag from /home/airflow/.local/lib/python3.7/site-packages/airflow/example_dags/example_branch_operator_decorator.py
[2024-08-12T10:03:19.120+0000] {processor.py:650} INFO - DAG(s) dict_keys(['example_branch_python_operator_decorator']) retrieved from /home/airflow/.local/lib/python3.7/site-packages/airflow/example_dags/example_branch_operator_decorator.py
[2024-08-12T10:03:19.140+0000] {logging_mixin.py:115} INFO - [2024-08-12T10:03:19.140+0000] {dag.py:2429} INFO - Sync 1 DAGs
[2024-08-12T10:03:19.161+0000] {logging_mixin.py:115} INFO - [2024-08-12T10:03:19.160+0000] {dag.py:2981} INFO - Setting next_dagrun for example_branch_python_operator_decorator to 2024-08-11T00:00:00+00:00, run_after=2024-08-12T00:00:00+00:00
[2024-08-12T10:03:19.173+0000] {processor.py:161} INFO - Processing /home/airflow/.local/lib/python3.7/site-packages/airflow/example_dags/example_branch_operator_decorator.py took 0.073 seconds
[2024-08-12T10:03:49.959+0000] {processor.py:153} INFO - Started process (PID=841) to work on /home/airflow/.local/lib/python3.7/site-packages/airflow/example_dags/example_branch_operator_decorator.py
[2024-08-12T10:03:49.960+0000] {processor.py:640} INFO - Processing file /home/airflow/.local/lib/python3.7/site-packages/airflow/example_dags/example_branch_operator_decorator.py for tasks to queue
[2024-08-12T10:03:49.961+0000] {logging_mixin.py:115} INFO - [2024-08-12T10:03:49.960+0000] {dagbag.py:508} INFO - Filling up the DagBag from /home/airflow/.local/lib/python3.7/site-packages/airflow/example_dags/example_branch_operator_decorator.py
[2024-08-12T10:03:49.976+0000] {processor.py:650} INFO - DAG(s) dict_keys(['example_branch_python_operator_decorator']) retrieved from /home/airflow/.local/lib/python3.7/site-packages/airflow/example_dags/example_branch_operator_decorator.py
[2024-08-12T10:03:49.998+0000] {logging_mixin.py:115} INFO - [2024-08-12T10:03:49.998+0000] {dag.py:2429} INFO - Sync 1 DAGs
[2024-08-12T10:03:50.020+0000] {logging_mixin.py:115} INFO - [2024-08-12T10:03:50.020+0000] {dag.py:2981} INFO - Setting next_dagrun for example_branch_python_operator_decorator to 2024-08-11T00:00:00+00:00, run_after=2024-08-12T00:00:00+00:00
[2024-08-12T10:03:50.030+0000] {processor.py:161} INFO - Processing /home/airflow/.local/lib/python3.7/site-packages/airflow/example_dags/example_branch_operator_decorator.py took 0.074 seconds
[2024-08-12T10:04:20.885+0000] {processor.py:153} INFO - Started process (PID=904) to work on /home/airflow/.local/lib/python3.7/site-packages/airflow/example_dags/example_branch_operator_decorator.py
[2024-08-12T10:04:20.887+0000] {processor.py:640} INFO - Processing file /home/airflow/.local/lib/python3.7/site-packages/airflow/example_dags/example_branch_operator_decorator.py for tasks to queue
[2024-08-12T10:04:20.887+0000] {logging_mixin.py:115} INFO - [2024-08-12T10:04:20.887+0000] {dagbag.py:508} INFO - Filling up the DagBag from /home/airflow/.local/lib/python3.7/site-packages/airflow/example_dags/example_branch_operator_decorator.py
[2024-08-12T10:04:20.902+0000] {processor.py:650} INFO - DAG(s) dict_keys(['example_branch_python_operator_decorator']) retrieved from /home/airflow/.local/lib/python3.7/site-packages/airflow/example_dags/example_branch_operator_decorator.py
[2024-08-12T10:04:20.924+0000] {logging_mixin.py:115} INFO - [2024-08-12T10:04:20.924+0000] {dag.py:2429} INFO - Sync 1 DAGs
[2024-08-12T10:04:20.944+0000] {logging_mixin.py:115} INFO - [2024-08-12T10:04:20.944+0000] {dag.py:2981} INFO - Setting next_dagrun for example_branch_python_operator_decorator to 2024-08-11T00:00:00+00:00, run_after=2024-08-12T00:00:00+00:00
[2024-08-12T10:04:20.955+0000] {processor.py:161} INFO - Processing /home/airflow/.local/lib/python3.7/site-packages/airflow/example_dags/example_branch_operator_decorator.py took 0.073 seconds
[2024-08-12T10:04:51.689+0000] {processor.py:153} INFO - Started process (PID=967) to work on /home/airflow/.local/lib/python3.7/site-packages/airflow/example_dags/example_branch_operator_decorator.py
[2024-08-12T10:04:51.690+0000] {processor.py:640} INFO - Processing file /home/airflow/.local/lib/python3.7/site-packages/airflow/example_dags/example_branch_operator_decorator.py for tasks to queue
[2024-08-12T10:04:51.690+0000] {logging_mixin.py:115} INFO - [2024-08-12T10:04:51.690+0000] {dagbag.py:508} INFO - Filling up the DagBag from /home/airflow/.local/lib/python3.7/site-packages/airflow/example_dags/example_branch_operator_decorator.py
[2024-08-12T10:04:51.706+0000] {processor.py:650} INFO - DAG(s) dict_keys(['example_branch_python_operator_decorator']) retrieved from /home/airflow/.local/lib/python3.7/site-packages/airflow/example_dags/example_branch_operator_decorator.py
[2024-08-12T10:04:51.729+0000] {logging_mixin.py:115} INFO - [2024-08-12T10:04:51.729+0000] {dag.py:2429} INFO - Sync 1 DAGs
[2024-08-12T10:04:51.749+0000] {logging_mixin.py:115} INFO - [2024-08-12T10:04:51.749+0000] {dag.py:2981} INFO - Setting next_dagrun for example_branch_python_operator_decorator to 2024-08-11T00:00:00+00:00, run_after=2024-08-12T00:00:00+00:00
[2024-08-12T10:04:51.760+0000] {processor.py:161} INFO - Processing /home/airflow/.local/lib/python3.7/site-packages/airflow/example_dags/example_branch_operator_decorator.py took 0.074 seconds
[2024-08-12T10:05:22.551+0000] {processor.py:153} INFO - Started process (PID=1021) to work on /home/airflow/.local/lib/python3.7/site-packages/airflow/example_dags/example_branch_operator_decorator.py
[2024-08-12T10:05:22.552+0000] {processor.py:640} INFO - Processing file /home/airflow/.local/lib/python3.7/site-packages/airflow/example_dags/example_branch_operator_decorator.py for tasks to queue
[2024-08-12T10:05:22.552+0000] {logging_mixin.py:115} INFO - [2024-08-12T10:05:22.552+0000] {dagbag.py:508} INFO - Filling up the DagBag from /home/airflow/.local/lib/python3.7/site-packages/airflow/example_dags/example_branch_operator_decorator.py
[2024-08-12T10:05:22.567+0000] {processor.py:650} INFO - DAG(s) dict_keys(['example_branch_python_operator_decorator']) retrieved from /home/airflow/.local/lib/python3.7/site-packages/airflow/example_dags/example_branch_operator_decorator.py
[2024-08-12T10:05:22.588+0000] {logging_mixin.py:115} INFO - [2024-08-12T10:05:22.588+0000] {dag.py:2429} INFO - Sync 1 DAGs
[2024-08-12T10:05:22.608+0000] {logging_mixin.py:115} INFO - [2024-08-12T10:05:22.608+0000] {dag.py:2981} INFO - Setting next_dagrun for example_branch_python_operator_decorator to 2024-08-11T00:00:00+00:00, run_after=2024-08-12T00:00:00+00:00
[2024-08-12T10:05:22.617+0000] {processor.py:161} INFO - Processing /home/airflow/.local/lib/python3.7/site-packages/airflow/example_dags/example_branch_operator_decorator.py took 0.069 seconds
[2024-08-12T10:05:53.434+0000] {processor.py:153} INFO - Started process (PID=1084) to work on /home/airflow/.local/lib/python3.7/site-packages/airflow/example_dags/example_branch_operator_decorator.py
[2024-08-12T10:05:53.435+0000] {processor.py:640} INFO - Processing file /home/airflow/.local/lib/python3.7/site-packages/airflow/example_dags/example_branch_operator_decorator.py for tasks to queue
[2024-08-12T10:05:53.435+0000] {logging_mixin.py:115} INFO - [2024-08-12T10:05:53.435+0000] {dagbag.py:508} INFO - Filling up the DagBag from /home/airflow/.local/lib/python3.7/site-packages/airflow/example_dags/example_branch_operator_decorator.py
[2024-08-12T10:05:53.450+0000] {processor.py:650} INFO - DAG(s) dict_keys(['example_branch_python_operator_decorator']) retrieved from /home/airflow/.local/lib/python3.7/site-packages/airflow/example_dags/example_branch_operator_decorator.py
[2024-08-12T10:05:53.472+0000] {logging_mixin.py:115} INFO - [2024-08-12T10:05:53.472+0000] {dag.py:2429} INFO - Sync 1 DAGs
[2024-08-12T10:05:53.492+0000] {logging_mixin.py:115} INFO - [2024-08-12T10:05:53.492+0000] {dag.py:2981} INFO - Setting next_dagrun for example_branch_python_operator_decorator to 2024-08-11T00:00:00+00:00, run_after=2024-08-12T00:00:00+00:00
[2024-08-12T10:05:53.502+0000] {processor.py:161} INFO - Processing /home/airflow/.local/lib/python3.7/site-packages/airflow/example_dags/example_branch_operator_decorator.py took 0.070 seconds
[2024-08-12T10:06:24.169+0000] {processor.py:153} INFO - Started process (PID=1147) to work on /home/airflow/.local/lib/python3.7/site-packages/airflow/example_dags/example_branch_operator_decorator.py
[2024-08-12T10:06:24.170+0000] {processor.py:640} INFO - Processing file /home/airflow/.local/lib/python3.7/site-packages/airflow/example_dags/example_branch_operator_decorator.py for tasks to queue
[2024-08-12T10:06:24.171+0000] {logging_mixin.py:115} INFO - [2024-08-12T10:06:24.171+0000] {dagbag.py:508} INFO - Filling up the DagBag from /home/airflow/.local/lib/python3.7/site-packages/airflow/example_dags/example_branch_operator_decorator.py
[2024-08-12T10:06:24.185+0000] {processor.py:650} INFO - DAG(s) dict_keys(['example_branch_python_operator_decorator']) retrieved from /home/airflow/.local/lib/python3.7/site-packages/airflow/example_dags/example_branch_operator_decorator.py
[2024-08-12T10:06:24.205+0000] {logging_mixin.py:115} INFO - [2024-08-12T10:06:24.205+0000] {dag.py:2429} INFO - Sync 1 DAGs
[2024-08-12T10:06:24.225+0000] {logging_mixin.py:115} INFO - [2024-08-12T10:06:24.225+0000] {dag.py:2981} INFO - Setting next_dagrun for example_branch_python_operator_decorator to 2024-08-11T00:00:00+00:00, run_after=2024-08-12T00:00:00+00:00
[2024-08-12T10:06:24.234+0000] {processor.py:161} INFO - Processing /home/airflow/.local/lib/python3.7/site-packages/airflow/example_dags/example_branch_operator_decorator.py took 0.067 seconds
[2024-08-12T10:06:55.067+0000] {processor.py:153} INFO - Started process (PID=1210) to work on /home/airflow/.local/lib/python3.7/site-packages/airflow/example_dags/example_branch_operator_decorator.py
[2024-08-12T10:06:55.068+0000] {processor.py:640} INFO - Processing file /home/airflow/.local/lib/python3.7/site-packages/airflow/example_dags/example_branch_operator_decorator.py for tasks to queue
[2024-08-12T10:06:55.068+0000] {logging_mixin.py:115} INFO - [2024-08-12T10:06:55.068+0000] {dagbag.py:508} INFO - Filling up the DagBag from /home/airflow/.local/lib/python3.7/site-packages/airflow/example_dags/example_branch_operator_decorator.py
[2024-08-12T10:06:55.083+0000] {processor.py:650} INFO - DAG(s) dict_keys(['example_branch_python_operator_decorator']) retrieved from /home/airflow/.local/lib/python3.7/site-packages/airflow/example_dags/example_branch_operator_decorator.py
[2024-08-12T10:06:55.104+0000] {logging_mixin.py:115} INFO - [2024-08-12T10:06:55.103+0000] {dag.py:2429} INFO - Sync 1 DAGs
[2024-08-12T10:06:55.123+0000] {logging_mixin.py:115} INFO - [2024-08-12T10:06:55.123+0000] {dag.py:2981} INFO - Setting next_dagrun for example_branch_python_operator_decorator to 2024-08-11T00:00:00+00:00, run_after=2024-08-12T00:00:00+00:00
[2024-08-12T10:06:55.134+0000] {processor.py:161} INFO - Processing /home/airflow/.local/lib/python3.7/site-packages/airflow/example_dags/example_branch_operator_decorator.py took 0.069 seconds
[2024-08-12T10:07:25.164+0000] {processor.py:153} INFO - Started process (PID=1264) to work on /home/airflow/.local/lib/python3.7/site-packages/airflow/example_dags/example_branch_operator_decorator.py
[2024-08-12T10:07:25.164+0000] {processor.py:640} INFO - Processing file /home/airflow/.local/lib/python3.7/site-packages/airflow/example_dags/example_branch_operator_decorator.py for tasks to queue
[2024-08-12T10:07:25.165+0000] {logging_mixin.py:115} INFO - [2024-08-12T10:07:25.165+0000] {dagbag.py:508} INFO - Filling up the DagBag from /home/airflow/.local/lib/python3.7/site-packages/airflow/example_dags/example_branch_operator_decorator.py
[2024-08-12T10:07:25.180+0000] {processor.py:650} INFO - DAG(s) dict_keys(['example_branch_python_operator_decorator']) retrieved from /home/airflow/.local/lib/python3.7/site-packages/airflow/example_dags/example_branch_operator_decorator.py
[2024-08-12T10:07:25.200+0000] {logging_mixin.py:115} INFO - [2024-08-12T10:07:25.200+0000] {dag.py:2429} INFO - Sync 1 DAGs
[2024-08-12T10:07:25.219+0000] {logging_mixin.py:115} INFO - [2024-08-12T10:07:25.219+0000] {dag.py:2981} INFO - Setting next_dagrun for example_branch_python_operator_decorator to 2024-08-11T00:00:00+00:00, run_after=2024-08-12T00:00:00+00:00
[2024-08-12T10:07:25.229+0000] {processor.py:161} INFO - Processing /home/airflow/.local/lib/python3.7/site-packages/airflow/example_dags/example_branch_operator_decorator.py took 0.068 seconds
[2024-08-12T10:07:55.416+0000] {processor.py:153} INFO - Started process (PID=1327) to work on /home/airflow/.local/lib/python3.7/site-packages/airflow/example_dags/example_branch_operator_decorator.py
[2024-08-12T10:07:55.417+0000] {processor.py:640} INFO - Processing file /home/airflow/.local/lib/python3.7/site-packages/airflow/example_dags/example_branch_operator_decorator.py for tasks to queue
[2024-08-12T10:07:55.418+0000] {logging_mixin.py:115} INFO - [2024-08-12T10:07:55.418+0000] {dagbag.py:508} INFO - Filling up the DagBag from /home/airflow/.local/lib/python3.7/site-packages/airflow/example_dags/example_branch_operator_decorator.py
[2024-08-12T10:07:55.433+0000] {processor.py:650} INFO - DAG(s) dict_keys(['example_branch_python_operator_decorator']) retrieved from /home/airflow/.local/lib/python3.7/site-packages/airflow/example_dags/example_branch_operator_decorator.py
[2024-08-12T10:07:55.454+0000] {logging_mixin.py:115} INFO - [2024-08-12T10:07:55.454+0000] {dag.py:2429} INFO - Sync 1 DAGs
[2024-08-12T10:07:55.474+0000] {logging_mixin.py:115} INFO - [2024-08-12T10:07:55.474+0000] {dag.py:2981} INFO - Setting next_dagrun for example_branch_python_operator_decorator to 2024-08-11T00:00:00+00:00, run_after=2024-08-12T00:00:00+00:00
[2024-08-12T10:07:55.486+0000] {processor.py:161} INFO - Processing /home/airflow/.local/lib/python3.7/site-packages/airflow/example_dags/example_branch_operator_decorator.py took 0.072 seconds
[2024-08-12T10:08:26.184+0000] {processor.py:153} INFO - Started process (PID=1390) to work on /home/airflow/.local/lib/python3.7/site-packages/airflow/example_dags/example_branch_operator_decorator.py
[2024-08-12T10:08:26.185+0000] {processor.py:640} INFO - Processing file /home/airflow/.local/lib/python3.7/site-packages/airflow/example_dags/example_branch_operator_decorator.py for tasks to queue
[2024-08-12T10:08:26.185+0000] {logging_mixin.py:115} INFO - [2024-08-12T10:08:26.185+0000] {dagbag.py:508} INFO - Filling up the DagBag from /home/airflow/.local/lib/python3.7/site-packages/airflow/example_dags/example_branch_operator_decorator.py
[2024-08-12T10:08:26.200+0000] {processor.py:650} INFO - DAG(s) dict_keys(['example_branch_python_operator_decorator']) retrieved from /home/airflow/.local/lib/python3.7/site-packages/airflow/example_dags/example_branch_operator_decorator.py
[2024-08-12T10:08:26.220+0000] {logging_mixin.py:115} INFO - [2024-08-12T10:08:26.220+0000] {dag.py:2429} INFO - Sync 1 DAGs
[2024-08-12T10:08:26.240+0000] {logging_mixin.py:115} INFO - [2024-08-12T10:08:26.240+0000] {dag.py:2981} INFO - Setting next_dagrun for example_branch_python_operator_decorator to 2024-08-11T00:00:00+00:00, run_after=2024-08-12T00:00:00+00:00
[2024-08-12T10:08:26.251+0000] {processor.py:161} INFO - Processing /home/airflow/.local/lib/python3.7/site-packages/airflow/example_dags/example_branch_operator_decorator.py took 0.069 seconds
[2024-08-12T10:08:56.947+0000] {processor.py:153} INFO - Started process (PID=1444) to work on /home/airflow/.local/lib/python3.7/site-packages/airflow/example_dags/example_branch_operator_decorator.py
[2024-08-12T10:08:56.948+0000] {processor.py:640} INFO - Processing file /home/airflow/.local/lib/python3.7/site-packages/airflow/example_dags/example_branch_operator_decorator.py for tasks to queue
[2024-08-12T10:08:56.949+0000] {logging_mixin.py:115} INFO - [2024-08-12T10:08:56.948+0000] {dagbag.py:508} INFO - Filling up the DagBag from /home/airflow/.local/lib/python3.7/site-packages/airflow/example_dags/example_branch_operator_decorator.py
[2024-08-12T10:08:56.963+0000] {processor.py:650} INFO - DAG(s) dict_keys(['example_branch_python_operator_decorator']) retrieved from /home/airflow/.local/lib/python3.7/site-packages/airflow/example_dags/example_branch_operator_decorator.py
[2024-08-12T10:08:56.986+0000] {logging_mixin.py:115} INFO - [2024-08-12T10:08:56.985+0000] {dag.py:2429} INFO - Sync 1 DAGs
[2024-08-12T10:08:57.006+0000] {logging_mixin.py:115} INFO - [2024-08-12T10:08:57.005+0000] {dag.py:2981} INFO - Setting next_dagrun for example_branch_python_operator_decorator to 2024-08-11T00:00:00+00:00, run_after=2024-08-12T00:00:00+00:00
[2024-08-12T10:08:57.015+0000] {processor.py:161} INFO - Processing /home/airflow/.local/lib/python3.7/site-packages/airflow/example_dags/example_branch_operator_decorator.py took 0.070 seconds
[2024-08-12T10:09:27.679+0000] {processor.py:153} INFO - Started process (PID=1507) to work on /home/airflow/.local/lib/python3.7/site-packages/airflow/example_dags/example_branch_operator_decorator.py
[2024-08-12T10:09:27.680+0000] {processor.py:640} INFO - Processing file /home/airflow/.local/lib/python3.7/site-packages/airflow/example_dags/example_branch_operator_decorator.py for tasks to queue
[2024-08-12T10:09:27.681+0000] {logging_mixin.py:115} INFO - [2024-08-12T10:09:27.680+0000] {dagbag.py:508} INFO - Filling up the DagBag from /home/airflow/.local/lib/python3.7/site-packages/airflow/example_dags/example_branch_operator_decorator.py
[2024-08-12T10:09:27.694+0000] {processor.py:650} INFO - DAG(s) dict_keys(['example_branch_python_operator_decorator']) retrieved from /home/airflow/.local/lib/python3.7/site-packages/airflow/example_dags/example_branch_operator_decorator.py
[2024-08-12T10:09:27.715+0000] {logging_mixin.py:115} INFO - [2024-08-12T10:09:27.714+0000] {dag.py:2429} INFO - Sync 1 DAGs
[2024-08-12T10:09:27.733+0000] {logging_mixin.py:115} INFO - [2024-08-12T10:09:27.733+0000] {dag.py:2981} INFO - Setting next_dagrun for example_branch_python_operator_decorator to 2024-08-11T00:00:00+00:00, run_after=2024-08-12T00:00:00+00:00
[2024-08-12T10:09:27.743+0000] {processor.py:161} INFO - Processing /home/airflow/.local/lib/python3.7/site-packages/airflow/example_dags/example_branch_operator_decorator.py took 0.066 seconds
[2024-08-12T10:09:58.387+0000] {processor.py:153} INFO - Started process (PID=1570) to work on /home/airflow/.local/lib/python3.7/site-packages/airflow/example_dags/example_branch_operator_decorator.py
[2024-08-12T10:09:58.388+0000] {processor.py:640} INFO - Processing file /home/airflow/.local/lib/python3.7/site-packages/airflow/example_dags/example_branch_operator_decorator.py for tasks to queue
[2024-08-12T10:09:58.388+0000] {logging_mixin.py:115} INFO - [2024-08-12T10:09:58.388+0000] {dagbag.py:508} INFO - Filling up the DagBag from /home/airflow/.local/lib/python3.7/site-packages/airflow/example_dags/example_branch_operator_decorator.py
[2024-08-12T10:09:58.403+0000] {processor.py:650} INFO - DAG(s) dict_keys(['example_branch_python_operator_decorator']) retrieved from /home/airflow/.local/lib/python3.7/site-packages/airflow/example_dags/example_branch_operator_decorator.py
[2024-08-12T10:09:58.424+0000] {logging_mixin.py:115} INFO - [2024-08-12T10:09:58.424+0000] {dag.py:2429} INFO - Sync 1 DAGs
[2024-08-12T10:09:58.443+0000] {logging_mixin.py:115} INFO - [2024-08-12T10:09:58.442+0000] {dag.py:2981} INFO - Setting next_dagrun for example_branch_python_operator_decorator to 2024-08-11T00:00:00+00:00, run_after=2024-08-12T00:00:00+00:00
[2024-08-12T10:09:58.453+0000] {processor.py:161} INFO - Processing /home/airflow/.local/lib/python3.7/site-packages/airflow/example_dags/example_branch_operator_decorator.py took 0.068 seconds
[2024-08-12T10:10:29.225+0000] {processor.py:153} INFO - Started process (PID=1633) to work on /home/airflow/.local/lib/python3.7/site-packages/airflow/example_dags/example_branch_operator_decorator.py
[2024-08-12T10:10:29.226+0000] {processor.py:640} INFO - Processing file /home/airflow/.local/lib/python3.7/site-packages/airflow/example_dags/example_branch_operator_decorator.py for tasks to queue
[2024-08-12T10:10:29.227+0000] {logging_mixin.py:115} INFO - [2024-08-12T10:10:29.227+0000] {dagbag.py:508} INFO - Filling up the DagBag from /home/airflow/.local/lib/python3.7/site-packages/airflow/example_dags/example_branch_operator_decorator.py
[2024-08-12T10:10:29.242+0000] {processor.py:650} INFO - DAG(s) dict_keys(['example_branch_python_operator_decorator']) retrieved from /home/airflow/.local/lib/python3.7/site-packages/airflow/example_dags/example_branch_operator_decorator.py
[2024-08-12T10:10:29.262+0000] {logging_mixin.py:115} INFO - [2024-08-12T10:10:29.262+0000] {dag.py:2429} INFO - Sync 1 DAGs
[2024-08-12T10:10:29.282+0000] {logging_mixin.py:115} INFO - [2024-08-12T10:10:29.282+0000] {dag.py:2981} INFO - Setting next_dagrun for example_branch_python_operator_decorator to 2024-08-11T00:00:00+00:00, run_after=2024-08-12T00:00:00+00:00
[2024-08-12T10:10:29.292+0000] {processor.py:161} INFO - Processing /home/airflow/.local/lib/python3.7/site-packages/airflow/example_dags/example_branch_operator_decorator.py took 0.070 seconds
[2024-08-12T10:10:59.923+0000] {processor.py:153} INFO - Started process (PID=1687) to work on /home/airflow/.local/lib/python3.7/site-packages/airflow/example_dags/example_branch_operator_decorator.py
[2024-08-12T10:10:59.924+0000] {processor.py:640} INFO - Processing file /home/airflow/.local/lib/python3.7/site-packages/airflow/example_dags/example_branch_operator_decorator.py for tasks to queue
[2024-08-12T10:10:59.924+0000] {logging_mixin.py:115} INFO - [2024-08-12T10:10:59.924+0000] {dagbag.py:508} INFO - Filling up the DagBag from /home/airflow/.local/lib/python3.7/site-packages/airflow/example_dags/example_branch_operator_decorator.py
[2024-08-12T10:10:59.939+0000] {processor.py:650} INFO - DAG(s) dict_keys(['example_branch_python_operator_decorator']) retrieved from /home/airflow/.local/lib/python3.7/site-packages/airflow/example_dags/example_branch_operator_decorator.py
[2024-08-12T10:10:59.960+0000] {logging_mixin.py:115} INFO - [2024-08-12T10:10:59.960+0000] {dag.py:2429} INFO - Sync 1 DAGs
[2024-08-12T10:10:59.980+0000] {logging_mixin.py:115} INFO - [2024-08-12T10:10:59.980+0000] {dag.py:2981} INFO - Setting next_dagrun for example_branch_python_operator_decorator to 2024-08-11T00:00:00+00:00, run_after=2024-08-12T00:00:00+00:00
[2024-08-12T10:10:59.990+0000] {processor.py:161} INFO - Processing /home/airflow/.local/lib/python3.7/site-packages/airflow/example_dags/example_branch_operator_decorator.py took 0.070 seconds
[2024-08-12T10:11:30.749+0000] {processor.py:153} INFO - Started process (PID=1750) to work on /home/airflow/.local/lib/python3.7/site-packages/airflow/example_dags/example_branch_operator_decorator.py
[2024-08-12T10:11:30.750+0000] {processor.py:640} INFO - Processing file /home/airflow/.local/lib/python3.7/site-packages/airflow/example_dags/example_branch_operator_decorator.py for tasks to queue
[2024-08-12T10:11:30.750+0000] {logging_mixin.py:115} INFO - [2024-08-12T10:11:30.750+0000] {dagbag.py:508} INFO - Filling up the DagBag from /home/airflow/.local/lib/python3.7/site-packages/airflow/example_dags/example_branch_operator_decorator.py
[2024-08-12T10:11:30.766+0000] {processor.py:650} INFO - DAG(s) dict_keys(['example_branch_python_operator_decorator']) retrieved from /home/airflow/.local/lib/python3.7/site-packages/airflow/example_dags/example_branch_operator_decorator.py
[2024-08-12T10:11:30.789+0000] {logging_mixin.py:115} INFO - [2024-08-12T10:11:30.789+0000] {dag.py:2429} INFO - Sync 1 DAGs
[2024-08-12T10:11:30.810+0000] {logging_mixin.py:115} INFO - [2024-08-12T10:11:30.810+0000] {dag.py:2981} INFO - Setting next_dagrun for example_branch_python_operator_decorator to 2024-08-11T00:00:00+00:00, run_after=2024-08-12T00:00:00+00:00
[2024-08-12T10:11:30.822+0000] {processor.py:161} INFO - Processing /home/airflow/.local/lib/python3.7/site-packages/airflow/example_dags/example_branch_operator_decorator.py took 0.076 seconds
[2024-08-12T10:12:01.485+0000] {processor.py:153} INFO - Started process (PID=1813) to work on /home/airflow/.local/lib/python3.7/site-packages/airflow/example_dags/example_branch_operator_decorator.py
[2024-08-12T10:12:01.486+0000] {processor.py:640} INFO - Processing file /home/airflow/.local/lib/python3.7/site-packages/airflow/example_dags/example_branch_operator_decorator.py for tasks to queue
[2024-08-12T10:12:01.486+0000] {logging_mixin.py:115} INFO - [2024-08-12T10:12:01.486+0000] {dagbag.py:508} INFO - Filling up the DagBag from /home/airflow/.local/lib/python3.7/site-packages/airflow/example_dags/example_branch_operator_decorator.py
[2024-08-12T10:12:01.501+0000] {processor.py:650} INFO - DAG(s) dict_keys(['example_branch_python_operator_decorator']) retrieved from /home/airflow/.local/lib/python3.7/site-packages/airflow/example_dags/example_branch_operator_decorator.py
[2024-08-12T10:12:01.520+0000] {logging_mixin.py:115} INFO - [2024-08-12T10:12:01.520+0000] {dag.py:2429} INFO - Sync 1 DAGs
[2024-08-12T10:12:01.539+0000] {logging_mixin.py:115} INFO - [2024-08-12T10:12:01.539+0000] {dag.py:2981} INFO - Setting next_dagrun for example_branch_python_operator_decorator to 2024-08-11T00:00:00+00:00, run_after=2024-08-12T00:00:00+00:00
[2024-08-12T10:12:01.548+0000] {processor.py:161} INFO - Processing /home/airflow/.local/lib/python3.7/site-packages/airflow/example_dags/example_branch_operator_decorator.py took 0.066 seconds
[2024-08-12T10:12:32.282+0000] {processor.py:153} INFO - Started process (PID=1876) to work on /home/airflow/.local/lib/python3.7/site-packages/airflow/example_dags/example_branch_operator_decorator.py
[2024-08-12T10:12:32.283+0000] {processor.py:640} INFO - Processing file /home/airflow/.local/lib/python3.7/site-packages/airflow/example_dags/example_branch_operator_decorator.py for tasks to queue
[2024-08-12T10:12:32.284+0000] {logging_mixin.py:115} INFO - [2024-08-12T10:12:32.284+0000] {dagbag.py:508} INFO - Filling up the DagBag from /home/airflow/.local/lib/python3.7/site-packages/airflow/example_dags/example_branch_operator_decorator.py
[2024-08-12T10:12:32.300+0000] {processor.py:650} INFO - DAG(s) dict_keys(['example_branch_python_operator_decorator']) retrieved from /home/airflow/.local/lib/python3.7/site-packages/airflow/example_dags/example_branch_operator_decorator.py
[2024-08-12T10:12:32.320+0000] {logging_mixin.py:115} INFO - [2024-08-12T10:12:32.320+0000] {dag.py:2429} INFO - Sync 1 DAGs
[2024-08-12T10:12:32.340+0000] {logging_mixin.py:115} INFO - [2024-08-12T10:12:32.339+0000] {dag.py:2981} INFO - Setting next_dagrun for example_branch_python_operator_decorator to 2024-08-11T00:00:00+00:00, run_after=2024-08-12T00:00:00+00:00
[2024-08-12T10:12:32.351+0000] {processor.py:161} INFO - Processing /home/airflow/.local/lib/python3.7/site-packages/airflow/example_dags/example_branch_operator_decorator.py took 0.073 seconds
[2024-08-12T10:13:03.235+0000] {processor.py:153} INFO - Started process (PID=1930) to work on /home/airflow/.local/lib/python3.7/site-packages/airflow/example_dags/example_branch_operator_decorator.py
[2024-08-12T10:13:03.235+0000] {processor.py:640} INFO - Processing file /home/airflow/.local/lib/python3.7/site-packages/airflow/example_dags/example_branch_operator_decorator.py for tasks to queue
[2024-08-12T10:13:03.235+0000] {logging_mixin.py:115} INFO - [2024-08-12T10:13:03.235+0000] {dagbag.py:508} INFO - Filling up the DagBag from /home/airflow/.local/lib/python3.7/site-packages/airflow/example_dags/example_branch_operator_decorator.py
[2024-08-12T10:13:03.249+0000] {processor.py:650} INFO - DAG(s) dict_keys(['example_branch_python_operator_decorator']) retrieved from /home/airflow/.local/lib/python3.7/site-packages/airflow/example_dags/example_branch_operator_decorator.py
[2024-08-12T10:13:03.269+0000] {logging_mixin.py:115} INFO - [2024-08-12T10:13:03.269+0000] {dag.py:2429} INFO - Sync 1 DAGs
[2024-08-12T10:13:03.289+0000] {logging_mixin.py:115} INFO - [2024-08-12T10:13:03.289+0000] {dag.py:2981} INFO - Setting next_dagrun for example_branch_python_operator_decorator to 2024-08-11T00:00:00+00:00, run_after=2024-08-12T00:00:00+00:00
[2024-08-12T10:13:03.299+0000] {processor.py:161} INFO - Processing /home/airflow/.local/lib/python3.7/site-packages/airflow/example_dags/example_branch_operator_decorator.py took 0.066 seconds
[2024-08-12T10:13:34.061+0000] {processor.py:153} INFO - Started process (PID=1993) to work on /home/airflow/.local/lib/python3.7/site-packages/airflow/example_dags/example_branch_operator_decorator.py
[2024-08-12T10:13:34.062+0000] {processor.py:640} INFO - Processing file /home/airflow/.local/lib/python3.7/site-packages/airflow/example_dags/example_branch_operator_decorator.py for tasks to queue
[2024-08-12T10:13:34.063+0000] {logging_mixin.py:115} INFO - [2024-08-12T10:13:34.063+0000] {dagbag.py:508} INFO - Filling up the DagBag from /home/airflow/.local/lib/python3.7/site-packages/airflow/example_dags/example_branch_operator_decorator.py
[2024-08-12T10:13:34.078+0000] {processor.py:650} INFO - DAG(s) dict_keys(['example_branch_python_operator_decorator']) retrieved from /home/airflow/.local/lib/python3.7/site-packages/airflow/example_dags/example_branch_operator_decorator.py
[2024-08-12T10:13:34.102+0000] {logging_mixin.py:115} INFO - [2024-08-12T10:13:34.102+0000] {dag.py:2429} INFO - Sync 1 DAGs
[2024-08-12T10:13:34.123+0000] {logging_mixin.py:115} INFO - [2024-08-12T10:13:34.123+0000] {dag.py:2981} INFO - Setting next_dagrun for example_branch_python_operator_decorator to 2024-08-11T00:00:00+00:00, run_after=2024-08-12T00:00:00+00:00
[2024-08-12T10:13:34.133+0000] {processor.py:161} INFO - Processing /home/airflow/.local/lib/python3.7/site-packages/airflow/example_dags/example_branch_operator_decorator.py took 0.074 seconds
[2024-08-12T10:14:04.754+0000] {processor.py:153} INFO - Started process (PID=2056) to work on /home/airflow/.local/lib/python3.7/site-packages/airflow/example_dags/example_branch_operator_decorator.py
[2024-08-12T10:14:04.755+0000] {processor.py:640} INFO - Processing file /home/airflow/.local/lib/python3.7/site-packages/airflow/example_dags/example_branch_operator_decorator.py for tasks to queue
[2024-08-12T10:14:04.755+0000] {logging_mixin.py:115} INFO - [2024-08-12T10:14:04.755+0000] {dagbag.py:508} INFO - Filling up the DagBag from /home/airflow/.local/lib/python3.7/site-packages/airflow/example_dags/example_branch_operator_decorator.py
[2024-08-12T10:14:04.769+0000] {processor.py:650} INFO - DAG(s) dict_keys(['example_branch_python_operator_decorator']) retrieved from /home/airflow/.local/lib/python3.7/site-packages/airflow/example_dags/example_branch_operator_decorator.py
[2024-08-12T10:14:04.790+0000] {logging_mixin.py:115} INFO - [2024-08-12T10:14:04.790+0000] {dag.py:2429} INFO - Sync 1 DAGs
[2024-08-12T10:14:04.809+0000] {logging_mixin.py:115} INFO - [2024-08-12T10:14:04.809+0000] {dag.py:2981} INFO - Setting next_dagrun for example_branch_python_operator_decorator to 2024-08-11T00:00:00+00:00, run_after=2024-08-12T00:00:00+00:00
[2024-08-12T10:14:04.819+0000] {processor.py:161} INFO - Processing /home/airflow/.local/lib/python3.7/site-packages/airflow/example_dags/example_branch_operator_decorator.py took 0.067 seconds
