[2024-08-12T08:27:05.397+0000] {processor.py:153} INFO - Started process (PID=45) to work on /home/airflow/.local/lib/python3.7/site-packages/airflow/example_dags/example_branch_datetime_operator.py
[2024-08-12T08:27:05.399+0000] {processor.py:640} INFO - Processing file /home/airflow/.local/lib/python3.7/site-packages/airflow/example_dags/example_branch_datetime_operator.py for tasks to queue
[2024-08-12T08:27:05.399+0000] {logging_mixin.py:115} INFO - [2024-08-12T08:27:05.399+0000] {dagbag.py:508} INFO - Filling up the DagBag from /home/airflow/.local/lib/python3.7/site-packages/airflow/example_dags/example_branch_datetime_operator.py
[2024-08-12T08:27:05.417+0000] {processor.py:650} INFO - DAG(s) dict_keys(['example_branch_datetime_operator', 'example_branch_datetime_operator_2']) retrieved from /home/airflow/.local/lib/python3.7/site-packages/airflow/example_dags/example_branch_datetime_operator.py
[2024-08-12T08:27:05.528+0000] {logging_mixin.py:115} INFO - [2024-08-12T08:27:05.527+0000] {manager.py:508} INFO - Created Permission View: can edit on DAG:example_branch_datetime_operator
[2024-08-12T08:27:05.538+0000] {logging_mixin.py:115} INFO - [2024-08-12T08:27:05.538+0000] {manager.py:508} INFO - Created Permission View: can read on DAG:example_branch_datetime_operator
[2024-08-12T08:27:05.545+0000] {logging_mixin.py:115} INFO - [2024-08-12T08:27:05.545+0000] {manager.py:508} INFO - Created Permission View: can delete on DAG:example_branch_datetime_operator
[2024-08-12T08:27:05.560+0000] {logging_mixin.py:115} INFO - [2024-08-12T08:27:05.560+0000] {manager.py:508} INFO - Created Permission View: can edit on DAG:example_branch_datetime_operator_2
[2024-08-12T08:27:05.567+0000] {logging_mixin.py:115} INFO - [2024-08-12T08:27:05.567+0000] {manager.py:508} INFO - Created Permission View: can read on DAG:example_branch_datetime_operator_2
[2024-08-12T08:27:05.574+0000] {logging_mixin.py:115} INFO - [2024-08-12T08:27:05.574+0000] {manager.py:508} INFO - Created Permission View: can delete on DAG:example_branch_datetime_operator_2
[2024-08-12T08:27:05.574+0000] {logging_mixin.py:115} INFO - [2024-08-12T08:27:05.574+0000] {dag.py:2429} INFO - Sync 2 DAGs
[2024-08-12T08:27:05.582+0000] {logging_mixin.py:115} INFO - [2024-08-12T08:27:05.582+0000] {dag.py:2448} INFO - Creating ORM DAG for example_branch_datetime_operator
[2024-08-12T08:27:05.583+0000] {logging_mixin.py:115} INFO - [2024-08-12T08:27:05.582+0000] {dag.py:2448} INFO - Creating ORM DAG for example_branch_datetime_operator_2
[2024-08-12T08:27:05.594+0000] {logging_mixin.py:115} INFO - [2024-08-12T08:27:05.594+0000] {dag.py:2981} INFO - Setting next_dagrun for example_branch_datetime_operator to 2024-08-11T00:00:00+00:00, run_after=2024-08-12T00:00:00+00:00
[2024-08-12T08:27:05.596+0000] {logging_mixin.py:115} INFO - [2024-08-12T08:27:05.596+0000] {dag.py:2981} INFO - Setting next_dagrun for example_branch_datetime_operator_2 to 2024-08-11T00:00:00+00:00, run_after=2024-08-12T00:00:00+00:00
[2024-08-12T08:27:05.612+0000] {processor.py:161} INFO - Processing /home/airflow/.local/lib/python3.7/site-packages/airflow/example_dags/example_branch_datetime_operator.py took 0.218 seconds
[2024-08-12T08:27:36.238+0000] {processor.py:153} INFO - Started process (PID=106) to work on /home/airflow/.local/lib/python3.7/site-packages/airflow/example_dags/example_branch_datetime_operator.py
[2024-08-12T08:27:36.238+0000] {processor.py:640} INFO - Processing file /home/airflow/.local/lib/python3.7/site-packages/airflow/example_dags/example_branch_datetime_operator.py for tasks to queue
[2024-08-12T08:27:36.239+0000] {logging_mixin.py:115} INFO - [2024-08-12T08:27:36.239+0000] {dagbag.py:508} INFO - Filling up the DagBag from /home/airflow/.local/lib/python3.7/site-packages/airflow/example_dags/example_branch_datetime_operator.py
[2024-08-12T08:27:36.248+0000] {processor.py:650} INFO - DAG(s) dict_keys(['example_branch_datetime_operator', 'example_branch_datetime_operator_2']) retrieved from /home/airflow/.local/lib/python3.7/site-packages/airflow/example_dags/example_branch_datetime_operator.py
[2024-08-12T08:27:36.276+0000] {logging_mixin.py:115} INFO - [2024-08-12T08:27:36.276+0000] {dag.py:2429} INFO - Sync 2 DAGs
[2024-08-12T08:27:36.297+0000] {logging_mixin.py:115} INFO - [2024-08-12T08:27:36.297+0000] {dag.py:2981} INFO - Setting next_dagrun for example_branch_datetime_operator to 2024-08-11T00:00:00+00:00, run_after=2024-08-12T00:00:00+00:00
[2024-08-12T08:27:36.299+0000] {logging_mixin.py:115} INFO - [2024-08-12T08:27:36.299+0000] {dag.py:2981} INFO - Setting next_dagrun for example_branch_datetime_operator_2 to 2024-08-11T00:00:00+00:00, run_after=2024-08-12T00:00:00+00:00
[2024-08-12T08:27:36.311+0000] {processor.py:161} INFO - Processing /home/airflow/.local/lib/python3.7/site-packages/airflow/example_dags/example_branch_datetime_operator.py took 0.076 seconds
[2024-08-12T08:28:07.076+0000] {processor.py:153} INFO - Started process (PID=167) to work on /home/airflow/.local/lib/python3.7/site-packages/airflow/example_dags/example_branch_datetime_operator.py
[2024-08-12T08:28:07.077+0000] {processor.py:640} INFO - Processing file /home/airflow/.local/lib/python3.7/site-packages/airflow/example_dags/example_branch_datetime_operator.py for tasks to queue
[2024-08-12T08:28:07.077+0000] {logging_mixin.py:115} INFO - [2024-08-12T08:28:07.077+0000] {dagbag.py:508} INFO - Filling up the DagBag from /home/airflow/.local/lib/python3.7/site-packages/airflow/example_dags/example_branch_datetime_operator.py
[2024-08-12T08:28:07.085+0000] {processor.py:650} INFO - DAG(s) dict_keys(['example_branch_datetime_operator', 'example_branch_datetime_operator_2']) retrieved from /home/airflow/.local/lib/python3.7/site-packages/airflow/example_dags/example_branch_datetime_operator.py
[2024-08-12T08:28:07.113+0000] {logging_mixin.py:115} INFO - [2024-08-12T08:28:07.113+0000] {dag.py:2429} INFO - Sync 2 DAGs
[2024-08-12T08:28:07.131+0000] {logging_mixin.py:115} INFO - [2024-08-12T08:28:07.131+0000] {dag.py:2981} INFO - Setting next_dagrun for example_branch_datetime_operator to 2024-08-11T00:00:00+00:00, run_after=2024-08-12T00:00:00+00:00
[2024-08-12T08:28:07.133+0000] {logging_mixin.py:115} INFO - [2024-08-12T08:28:07.133+0000] {dag.py:2981} INFO - Setting next_dagrun for example_branch_datetime_operator_2 to 2024-08-11T00:00:00+00:00, run_after=2024-08-12T00:00:00+00:00
[2024-08-12T08:28:07.143+0000] {processor.py:161} INFO - Processing /home/airflow/.local/lib/python3.7/site-packages/airflow/example_dags/example_branch_datetime_operator.py took 0.069 seconds
[2024-08-12T08:28:37.696+0000] {processor.py:153} INFO - Started process (PID=228) to work on /home/airflow/.local/lib/python3.7/site-packages/airflow/example_dags/example_branch_datetime_operator.py
[2024-08-12T08:28:37.698+0000] {processor.py:640} INFO - Processing file /home/airflow/.local/lib/python3.7/site-packages/airflow/example_dags/example_branch_datetime_operator.py for tasks to queue
[2024-08-12T08:28:37.698+0000] {logging_mixin.py:115} INFO - [2024-08-12T08:28:37.698+0000] {dagbag.py:508} INFO - Filling up the DagBag from /home/airflow/.local/lib/python3.7/site-packages/airflow/example_dags/example_branch_datetime_operator.py
[2024-08-12T08:28:37.707+0000] {processor.py:650} INFO - DAG(s) dict_keys(['example_branch_datetime_operator', 'example_branch_datetime_operator_2']) retrieved from /home/airflow/.local/lib/python3.7/site-packages/airflow/example_dags/example_branch_datetime_operator.py
[2024-08-12T08:28:37.782+0000] {logging_mixin.py:115} INFO - [2024-08-12T08:28:37.782+0000] {dag.py:2429} INFO - Sync 2 DAGs
[2024-08-12T08:28:37.820+0000] {logging_mixin.py:115} INFO - [2024-08-12T08:28:37.820+0000] {dag.py:2981} INFO - Setting next_dagrun for example_branch_datetime_operator to 2024-08-11T00:00:00+00:00, run_after=2024-08-12T00:00:00+00:00
[2024-08-12T08:28:37.822+0000] {logging_mixin.py:115} INFO - [2024-08-12T08:28:37.821+0000] {dag.py:2981} INFO - Setting next_dagrun for example_branch_datetime_operator_2 to 2024-08-11T00:00:00+00:00, run_after=2024-08-12T00:00:00+00:00
[2024-08-12T08:28:37.854+0000] {processor.py:161} INFO - Processing /home/airflow/.local/lib/python3.7/site-packages/airflow/example_dags/example_branch_datetime_operator.py took 0.159 seconds
[2024-08-12T09:57:09.666+0000] {processor.py:153} INFO - Started process (PID=55) to work on /home/airflow/.local/lib/python3.7/site-packages/airflow/example_dags/example_branch_datetime_operator.py
[2024-08-12T09:57:09.668+0000] {processor.py:640} INFO - Processing file /home/airflow/.local/lib/python3.7/site-packages/airflow/example_dags/example_branch_datetime_operator.py for tasks to queue
[2024-08-12T09:57:09.669+0000] {logging_mixin.py:115} INFO - [2024-08-12T09:57:09.669+0000] {dagbag.py:508} INFO - Filling up the DagBag from /home/airflow/.local/lib/python3.7/site-packages/airflow/example_dags/example_branch_datetime_operator.py
[2024-08-12T09:57:09.707+0000] {processor.py:650} INFO - DAG(s) dict_keys(['example_branch_datetime_operator', 'example_branch_datetime_operator_2']) retrieved from /home/airflow/.local/lib/python3.7/site-packages/airflow/example_dags/example_branch_datetime_operator.py
[2024-08-12T09:57:09.756+0000] {logging_mixin.py:115} INFO - [2024-08-12T09:57:09.756+0000] {dag.py:2429} INFO - Sync 2 DAGs
[2024-08-12T09:57:09.788+0000] {logging_mixin.py:115} INFO - [2024-08-12T09:57:09.788+0000] {dag.py:2981} INFO - Setting next_dagrun for example_branch_datetime_operator to 2024-08-11T00:00:00+00:00, run_after=2024-08-12T00:00:00+00:00
[2024-08-12T09:57:09.791+0000] {logging_mixin.py:115} INFO - [2024-08-12T09:57:09.791+0000] {dag.py:2981} INFO - Setting next_dagrun for example_branch_datetime_operator_2 to 2024-08-11T00:00:00+00:00, run_after=2024-08-12T00:00:00+00:00
[2024-08-12T09:57:09.807+0000] {processor.py:161} INFO - Processing /home/airflow/.local/lib/python3.7/site-packages/airflow/example_dags/example_branch_datetime_operator.py took 0.146 seconds
[2024-08-12T09:57:39.911+0000] {processor.py:153} INFO - Started process (PID=108) to work on /home/airflow/.local/lib/python3.7/site-packages/airflow/example_dags/example_branch_datetime_operator.py
[2024-08-12T09:57:39.912+0000] {processor.py:640} INFO - Processing file /home/airflow/.local/lib/python3.7/site-packages/airflow/example_dags/example_branch_datetime_operator.py for tasks to queue
[2024-08-12T09:57:39.913+0000] {logging_mixin.py:115} INFO - [2024-08-12T09:57:39.913+0000] {dagbag.py:508} INFO - Filling up the DagBag from /home/airflow/.local/lib/python3.7/site-packages/airflow/example_dags/example_branch_datetime_operator.py
[2024-08-12T09:57:39.935+0000] {processor.py:650} INFO - DAG(s) dict_keys(['example_branch_datetime_operator', 'example_branch_datetime_operator_2']) retrieved from /home/airflow/.local/lib/python3.7/site-packages/airflow/example_dags/example_branch_datetime_operator.py
[2024-08-12T09:57:39.978+0000] {logging_mixin.py:115} INFO - [2024-08-12T09:57:39.978+0000] {dag.py:2429} INFO - Sync 2 DAGs
[2024-08-12T09:57:40.007+0000] {logging_mixin.py:115} INFO - [2024-08-12T09:57:40.007+0000] {dag.py:2981} INFO - Setting next_dagrun for example_branch_datetime_operator to 2024-08-11T00:00:00+00:00, run_after=2024-08-12T00:00:00+00:00
[2024-08-12T09:57:40.008+0000] {logging_mixin.py:115} INFO - [2024-08-12T09:57:40.008+0000] {dag.py:2981} INFO - Setting next_dagrun for example_branch_datetime_operator_2 to 2024-08-11T00:00:00+00:00, run_after=2024-08-12T00:00:00+00:00
[2024-08-12T09:57:40.021+0000] {processor.py:161} INFO - Processing /home/airflow/.local/lib/python3.7/site-packages/airflow/example_dags/example_branch_datetime_operator.py took 0.117 seconds
[2024-08-12T09:58:10.126+0000] {processor.py:153} INFO - Started process (PID=171) to work on /home/airflow/.local/lib/python3.7/site-packages/airflow/example_dags/example_branch_datetime_operator.py
[2024-08-12T09:58:10.127+0000] {processor.py:640} INFO - Processing file /home/airflow/.local/lib/python3.7/site-packages/airflow/example_dags/example_branch_datetime_operator.py for tasks to queue
[2024-08-12T09:58:10.128+0000] {logging_mixin.py:115} INFO - [2024-08-12T09:58:10.128+0000] {dagbag.py:508} INFO - Filling up the DagBag from /home/airflow/.local/lib/python3.7/site-packages/airflow/example_dags/example_branch_datetime_operator.py
[2024-08-12T09:58:10.135+0000] {processor.py:650} INFO - DAG(s) dict_keys(['example_branch_datetime_operator', 'example_branch_datetime_operator_2']) retrieved from /home/airflow/.local/lib/python3.7/site-packages/airflow/example_dags/example_branch_datetime_operator.py
[2024-08-12T09:58:10.159+0000] {logging_mixin.py:115} INFO - [2024-08-12T09:58:10.159+0000] {dag.py:2429} INFO - Sync 2 DAGs
[2024-08-12T09:58:10.180+0000] {logging_mixin.py:115} INFO - [2024-08-12T09:58:10.180+0000] {dag.py:2981} INFO - Setting next_dagrun for example_branch_datetime_operator to 2024-08-11T00:00:00+00:00, run_after=2024-08-12T00:00:00+00:00
[2024-08-12T09:58:10.182+0000] {logging_mixin.py:115} INFO - [2024-08-12T09:58:10.182+0000] {dag.py:2981} INFO - Setting next_dagrun for example_branch_datetime_operator_2 to 2024-08-11T00:00:00+00:00, run_after=2024-08-12T00:00:00+00:00
[2024-08-12T09:58:10.198+0000] {processor.py:161} INFO - Processing /home/airflow/.local/lib/python3.7/site-packages/airflow/example_dags/example_branch_datetime_operator.py took 0.074 seconds
[2024-08-12T09:58:40.946+0000] {processor.py:153} INFO - Started process (PID=234) to work on /home/airflow/.local/lib/python3.7/site-packages/airflow/example_dags/example_branch_datetime_operator.py
[2024-08-12T09:58:40.947+0000] {processor.py:640} INFO - Processing file /home/airflow/.local/lib/python3.7/site-packages/airflow/example_dags/example_branch_datetime_operator.py for tasks to queue
[2024-08-12T09:58:40.948+0000] {logging_mixin.py:115} INFO - [2024-08-12T09:58:40.948+0000] {dagbag.py:508} INFO - Filling up the DagBag from /home/airflow/.local/lib/python3.7/site-packages/airflow/example_dags/example_branch_datetime_operator.py
[2024-08-12T09:58:40.956+0000] {processor.py:650} INFO - DAG(s) dict_keys(['example_branch_datetime_operator', 'example_branch_datetime_operator_2']) retrieved from /home/airflow/.local/lib/python3.7/site-packages/airflow/example_dags/example_branch_datetime_operator.py
[2024-08-12T09:58:40.982+0000] {logging_mixin.py:115} INFO - [2024-08-12T09:58:40.982+0000] {dag.py:2429} INFO - Sync 2 DAGs
[2024-08-12T09:58:41.002+0000] {logging_mixin.py:115} INFO - [2024-08-12T09:58:41.001+0000] {dag.py:2981} INFO - Setting next_dagrun for example_branch_datetime_operator to 2024-08-11T00:00:00+00:00, run_after=2024-08-12T00:00:00+00:00
[2024-08-12T09:58:41.003+0000] {logging_mixin.py:115} INFO - [2024-08-12T09:58:41.003+0000] {dag.py:2981} INFO - Setting next_dagrun for example_branch_datetime_operator_2 to 2024-08-11T00:00:00+00:00, run_after=2024-08-12T00:00:00+00:00
[2024-08-12T09:58:41.015+0000] {processor.py:161} INFO - Processing /home/airflow/.local/lib/python3.7/site-packages/airflow/example_dags/example_branch_datetime_operator.py took 0.071 seconds
[2024-08-12T09:59:11.897+0000] {processor.py:153} INFO - Started process (PID=288) to work on /home/airflow/.local/lib/python3.7/site-packages/airflow/example_dags/example_branch_datetime_operator.py
[2024-08-12T09:59:11.899+0000] {processor.py:640} INFO - Processing file /home/airflow/.local/lib/python3.7/site-packages/airflow/example_dags/example_branch_datetime_operator.py for tasks to queue
[2024-08-12T09:59:11.899+0000] {logging_mixin.py:115} INFO - [2024-08-12T09:59:11.899+0000] {dagbag.py:508} INFO - Filling up the DagBag from /home/airflow/.local/lib/python3.7/site-packages/airflow/example_dags/example_branch_datetime_operator.py
[2024-08-12T09:59:11.906+0000] {processor.py:650} INFO - DAG(s) dict_keys(['example_branch_datetime_operator', 'example_branch_datetime_operator_2']) retrieved from /home/airflow/.local/lib/python3.7/site-packages/airflow/example_dags/example_branch_datetime_operator.py
[2024-08-12T09:59:11.930+0000] {logging_mixin.py:115} INFO - [2024-08-12T09:59:11.930+0000] {dag.py:2429} INFO - Sync 2 DAGs
[2024-08-12T09:59:11.948+0000] {logging_mixin.py:115} INFO - [2024-08-12T09:59:11.948+0000] {dag.py:2981} INFO - Setting next_dagrun for example_branch_datetime_operator to 2024-08-11T00:00:00+00:00, run_after=2024-08-12T00:00:00+00:00
[2024-08-12T09:59:11.950+0000] {logging_mixin.py:115} INFO - [2024-08-12T09:59:11.950+0000] {dag.py:2981} INFO - Setting next_dagrun for example_branch_datetime_operator_2 to 2024-08-11T00:00:00+00:00, run_after=2024-08-12T00:00:00+00:00
[2024-08-12T09:59:11.960+0000] {processor.py:161} INFO - Processing /home/airflow/.local/lib/python3.7/site-packages/airflow/example_dags/example_branch_datetime_operator.py took 0.065 seconds
[2024-08-12T09:59:42.944+0000] {processor.py:153} INFO - Started process (PID=351) to work on /home/airflow/.local/lib/python3.7/site-packages/airflow/example_dags/example_branch_datetime_operator.py
[2024-08-12T09:59:42.945+0000] {processor.py:640} INFO - Processing file /home/airflow/.local/lib/python3.7/site-packages/airflow/example_dags/example_branch_datetime_operator.py for tasks to queue
[2024-08-12T09:59:42.945+0000] {logging_mixin.py:115} INFO - [2024-08-12T09:59:42.945+0000] {dagbag.py:508} INFO - Filling up the DagBag from /home/airflow/.local/lib/python3.7/site-packages/airflow/example_dags/example_branch_datetime_operator.py
[2024-08-12T09:59:42.953+0000] {processor.py:650} INFO - DAG(s) dict_keys(['example_branch_datetime_operator', 'example_branch_datetime_operator_2']) retrieved from /home/airflow/.local/lib/python3.7/site-packages/airflow/example_dags/example_branch_datetime_operator.py
[2024-08-12T09:59:42.976+0000] {logging_mixin.py:115} INFO - [2024-08-12T09:59:42.976+0000] {dag.py:2429} INFO - Sync 2 DAGs
[2024-08-12T09:59:42.994+0000] {logging_mixin.py:115} INFO - [2024-08-12T09:59:42.994+0000] {dag.py:2981} INFO - Setting next_dagrun for example_branch_datetime_operator to 2024-08-11T00:00:00+00:00, run_after=2024-08-12T00:00:00+00:00
[2024-08-12T09:59:42.995+0000] {logging_mixin.py:115} INFO - [2024-08-12T09:59:42.995+0000] {dag.py:2981} INFO - Setting next_dagrun for example_branch_datetime_operator_2 to 2024-08-11T00:00:00+00:00, run_after=2024-08-12T00:00:00+00:00
[2024-08-12T09:59:43.005+0000] {processor.py:161} INFO - Processing /home/airflow/.local/lib/python3.7/site-packages/airflow/example_dags/example_branch_datetime_operator.py took 0.065 seconds
[2024-08-12T10:00:13.116+0000] {processor.py:153} INFO - Started process (PID=414) to work on /home/airflow/.local/lib/python3.7/site-packages/airflow/example_dags/example_branch_datetime_operator.py
[2024-08-12T10:00:13.117+0000] {processor.py:640} INFO - Processing file /home/airflow/.local/lib/python3.7/site-packages/airflow/example_dags/example_branch_datetime_operator.py for tasks to queue
[2024-08-12T10:00:13.118+0000] {logging_mixin.py:115} INFO - [2024-08-12T10:00:13.118+0000] {dagbag.py:508} INFO - Filling up the DagBag from /home/airflow/.local/lib/python3.7/site-packages/airflow/example_dags/example_branch_datetime_operator.py
[2024-08-12T10:00:13.125+0000] {processor.py:650} INFO - DAG(s) dict_keys(['example_branch_datetime_operator', 'example_branch_datetime_operator_2']) retrieved from /home/airflow/.local/lib/python3.7/site-packages/airflow/example_dags/example_branch_datetime_operator.py
[2024-08-12T10:00:13.151+0000] {logging_mixin.py:115} INFO - [2024-08-12T10:00:13.150+0000] {dag.py:2429} INFO - Sync 2 DAGs
[2024-08-12T10:00:13.170+0000] {logging_mixin.py:115} INFO - [2024-08-12T10:00:13.169+0000] {dag.py:2981} INFO - Setting next_dagrun for example_branch_datetime_operator to 2024-08-11T00:00:00+00:00, run_after=2024-08-12T00:00:00+00:00
[2024-08-12T10:00:13.171+0000] {logging_mixin.py:115} INFO - [2024-08-12T10:00:13.171+0000] {dag.py:2981} INFO - Setting next_dagrun for example_branch_datetime_operator_2 to 2024-08-11T00:00:00+00:00, run_after=2024-08-12T00:00:00+00:00
[2024-08-12T10:00:13.182+0000] {processor.py:161} INFO - Processing /home/airflow/.local/lib/python3.7/site-packages/airflow/example_dags/example_branch_datetime_operator.py took 0.068 seconds
[2024-08-12T10:00:43.843+0000] {processor.py:153} INFO - Started process (PID=477) to work on /home/airflow/.local/lib/python3.7/site-packages/airflow/example_dags/example_branch_datetime_operator.py
[2024-08-12T10:00:43.844+0000] {processor.py:640} INFO - Processing file /home/airflow/.local/lib/python3.7/site-packages/airflow/example_dags/example_branch_datetime_operator.py for tasks to queue
[2024-08-12T10:00:43.844+0000] {logging_mixin.py:115} INFO - [2024-08-12T10:00:43.844+0000] {dagbag.py:508} INFO - Filling up the DagBag from /home/airflow/.local/lib/python3.7/site-packages/airflow/example_dags/example_branch_datetime_operator.py
[2024-08-12T10:00:43.852+0000] {processor.py:650} INFO - DAG(s) dict_keys(['example_branch_datetime_operator', 'example_branch_datetime_operator_2']) retrieved from /home/airflow/.local/lib/python3.7/site-packages/airflow/example_dags/example_branch_datetime_operator.py
[2024-08-12T10:00:43.881+0000] {logging_mixin.py:115} INFO - [2024-08-12T10:00:43.881+0000] {dag.py:2429} INFO - Sync 2 DAGs
[2024-08-12T10:00:43.904+0000] {logging_mixin.py:115} INFO - [2024-08-12T10:00:43.904+0000] {dag.py:2981} INFO - Setting next_dagrun for example_branch_datetime_operator to 2024-08-11T00:00:00+00:00, run_after=2024-08-12T00:00:00+00:00
[2024-08-12T10:00:43.906+0000] {logging_mixin.py:115} INFO - [2024-08-12T10:00:43.906+0000] {dag.py:2981} INFO - Setting next_dagrun for example_branch_datetime_operator_2 to 2024-08-11T00:00:00+00:00, run_after=2024-08-12T00:00:00+00:00
[2024-08-12T10:00:43.919+0000] {processor.py:161} INFO - Processing /home/airflow/.local/lib/python3.7/site-packages/airflow/example_dags/example_branch_datetime_operator.py took 0.079 seconds
[2024-08-12T10:01:14.694+0000] {processor.py:153} INFO - Started process (PID=531) to work on /home/airflow/.local/lib/python3.7/site-packages/airflow/example_dags/example_branch_datetime_operator.py
[2024-08-12T10:01:14.695+0000] {processor.py:640} INFO - Processing file /home/airflow/.local/lib/python3.7/site-packages/airflow/example_dags/example_branch_datetime_operator.py for tasks to queue
[2024-08-12T10:01:14.695+0000] {logging_mixin.py:115} INFO - [2024-08-12T10:01:14.695+0000] {dagbag.py:508} INFO - Filling up the DagBag from /home/airflow/.local/lib/python3.7/site-packages/airflow/example_dags/example_branch_datetime_operator.py
[2024-08-12T10:01:14.702+0000] {processor.py:650} INFO - DAG(s) dict_keys(['example_branch_datetime_operator', 'example_branch_datetime_operator_2']) retrieved from /home/airflow/.local/lib/python3.7/site-packages/airflow/example_dags/example_branch_datetime_operator.py
[2024-08-12T10:01:14.726+0000] {logging_mixin.py:115} INFO - [2024-08-12T10:01:14.725+0000] {dag.py:2429} INFO - Sync 2 DAGs
[2024-08-12T10:01:14.744+0000] {logging_mixin.py:115} INFO - [2024-08-12T10:01:14.744+0000] {dag.py:2981} INFO - Setting next_dagrun for example_branch_datetime_operator to 2024-08-11T00:00:00+00:00, run_after=2024-08-12T00:00:00+00:00
[2024-08-12T10:01:14.745+0000] {logging_mixin.py:115} INFO - [2024-08-12T10:01:14.745+0000] {dag.py:2981} INFO - Setting next_dagrun for example_branch_datetime_operator_2 to 2024-08-11T00:00:00+00:00, run_after=2024-08-12T00:00:00+00:00
[2024-08-12T10:01:14.756+0000] {processor.py:161} INFO - Processing /home/airflow/.local/lib/python3.7/site-packages/airflow/example_dags/example_branch_datetime_operator.py took 0.064 seconds
[2024-08-12T10:01:45.542+0000] {processor.py:153} INFO - Started process (PID=594) to work on /home/airflow/.local/lib/python3.7/site-packages/airflow/example_dags/example_branch_datetime_operator.py
[2024-08-12T10:01:45.543+0000] {processor.py:640} INFO - Processing file /home/airflow/.local/lib/python3.7/site-packages/airflow/example_dags/example_branch_datetime_operator.py for tasks to queue
[2024-08-12T10:01:45.543+0000] {logging_mixin.py:115} INFO - [2024-08-12T10:01:45.543+0000] {dagbag.py:508} INFO - Filling up the DagBag from /home/airflow/.local/lib/python3.7/site-packages/airflow/example_dags/example_branch_datetime_operator.py
[2024-08-12T10:01:45.551+0000] {processor.py:650} INFO - DAG(s) dict_keys(['example_branch_datetime_operator', 'example_branch_datetime_operator_2']) retrieved from /home/airflow/.local/lib/python3.7/site-packages/airflow/example_dags/example_branch_datetime_operator.py
[2024-08-12T10:01:45.574+0000] {logging_mixin.py:115} INFO - [2024-08-12T10:01:45.574+0000] {dag.py:2429} INFO - Sync 2 DAGs
[2024-08-12T10:01:45.593+0000] {logging_mixin.py:115} INFO - [2024-08-12T10:01:45.592+0000] {dag.py:2981} INFO - Setting next_dagrun for example_branch_datetime_operator to 2024-08-11T00:00:00+00:00, run_after=2024-08-12T00:00:00+00:00
[2024-08-12T10:01:45.594+0000] {logging_mixin.py:115} INFO - [2024-08-12T10:01:45.594+0000] {dag.py:2981} INFO - Setting next_dagrun for example_branch_datetime_operator_2 to 2024-08-11T00:00:00+00:00, run_after=2024-08-12T00:00:00+00:00
[2024-08-12T10:01:45.605+0000] {processor.py:161} INFO - Processing /home/airflow/.local/lib/python3.7/site-packages/airflow/example_dags/example_branch_datetime_operator.py took 0.066 seconds
[2024-08-12T10:02:16.288+0000] {processor.py:153} INFO - Started process (PID=657) to work on /home/airflow/.local/lib/python3.7/site-packages/airflow/example_dags/example_branch_datetime_operator.py
[2024-08-12T10:02:16.289+0000] {processor.py:640} INFO - Processing file /home/airflow/.local/lib/python3.7/site-packages/airflow/example_dags/example_branch_datetime_operator.py for tasks to queue
[2024-08-12T10:02:16.290+0000] {logging_mixin.py:115} INFO - [2024-08-12T10:02:16.290+0000] {dagbag.py:508} INFO - Filling up the DagBag from /home/airflow/.local/lib/python3.7/site-packages/airflow/example_dags/example_branch_datetime_operator.py
[2024-08-12T10:02:16.297+0000] {processor.py:650} INFO - DAG(s) dict_keys(['example_branch_datetime_operator', 'example_branch_datetime_operator_2']) retrieved from /home/airflow/.local/lib/python3.7/site-packages/airflow/example_dags/example_branch_datetime_operator.py
[2024-08-12T10:02:16.320+0000] {logging_mixin.py:115} INFO - [2024-08-12T10:02:16.320+0000] {dag.py:2429} INFO - Sync 2 DAGs
[2024-08-12T10:02:16.339+0000] {logging_mixin.py:115} INFO - [2024-08-12T10:02:16.338+0000] {dag.py:2981} INFO - Setting next_dagrun for example_branch_datetime_operator to 2024-08-11T00:00:00+00:00, run_after=2024-08-12T00:00:00+00:00
[2024-08-12T10:02:16.340+0000] {logging_mixin.py:115} INFO - [2024-08-12T10:02:16.340+0000] {dag.py:2981} INFO - Setting next_dagrun for example_branch_datetime_operator_2 to 2024-08-11T00:00:00+00:00, run_after=2024-08-12T00:00:00+00:00
[2024-08-12T10:02:16.349+0000] {processor.py:161} INFO - Processing /home/airflow/.local/lib/python3.7/site-packages/airflow/example_dags/example_branch_datetime_operator.py took 0.064 seconds
[2024-08-12T10:02:47.111+0000] {processor.py:153} INFO - Started process (PID=718) to work on /home/airflow/.local/lib/python3.7/site-packages/airflow/example_dags/example_branch_datetime_operator.py
[2024-08-12T10:02:47.112+0000] {processor.py:640} INFO - Processing file /home/airflow/.local/lib/python3.7/site-packages/airflow/example_dags/example_branch_datetime_operator.py for tasks to queue
[2024-08-12T10:02:47.113+0000] {logging_mixin.py:115} INFO - [2024-08-12T10:02:47.113+0000] {dagbag.py:508} INFO - Filling up the DagBag from /home/airflow/.local/lib/python3.7/site-packages/airflow/example_dags/example_branch_datetime_operator.py
[2024-08-12T10:02:47.120+0000] {processor.py:650} INFO - DAG(s) dict_keys(['example_branch_datetime_operator', 'example_branch_datetime_operator_2']) retrieved from /home/airflow/.local/lib/python3.7/site-packages/airflow/example_dags/example_branch_datetime_operator.py
[2024-08-12T10:02:47.144+0000] {logging_mixin.py:115} INFO - [2024-08-12T10:02:47.144+0000] {dag.py:2429} INFO - Sync 2 DAGs
[2024-08-12T10:02:47.166+0000] {logging_mixin.py:115} INFO - [2024-08-12T10:02:47.166+0000] {dag.py:2981} INFO - Setting next_dagrun for example_branch_datetime_operator to 2024-08-11T00:00:00+00:00, run_after=2024-08-12T00:00:00+00:00
[2024-08-12T10:02:47.168+0000] {logging_mixin.py:115} INFO - [2024-08-12T10:02:47.168+0000] {dag.py:2981} INFO - Setting next_dagrun for example_branch_datetime_operator_2 to 2024-08-11T00:00:00+00:00, run_after=2024-08-12T00:00:00+00:00
[2024-08-12T10:02:47.179+0000] {processor.py:161} INFO - Processing /home/airflow/.local/lib/python3.7/site-packages/airflow/example_dags/example_branch_datetime_operator.py took 0.071 seconds
[2024-08-12T10:03:17.948+0000] {processor.py:153} INFO - Started process (PID=774) to work on /home/airflow/.local/lib/python3.7/site-packages/airflow/example_dags/example_branch_datetime_operator.py
[2024-08-12T10:03:17.949+0000] {processor.py:640} INFO - Processing file /home/airflow/.local/lib/python3.7/site-packages/airflow/example_dags/example_branch_datetime_operator.py for tasks to queue
[2024-08-12T10:03:17.950+0000] {logging_mixin.py:115} INFO - [2024-08-12T10:03:17.949+0000] {dagbag.py:508} INFO - Filling up the DagBag from /home/airflow/.local/lib/python3.7/site-packages/airflow/example_dags/example_branch_datetime_operator.py
[2024-08-12T10:03:17.957+0000] {processor.py:650} INFO - DAG(s) dict_keys(['example_branch_datetime_operator', 'example_branch_datetime_operator_2']) retrieved from /home/airflow/.local/lib/python3.7/site-packages/airflow/example_dags/example_branch_datetime_operator.py
[2024-08-12T10:03:17.980+0000] {logging_mixin.py:115} INFO - [2024-08-12T10:03:17.980+0000] {dag.py:2429} INFO - Sync 2 DAGs
[2024-08-12T10:03:17.999+0000] {logging_mixin.py:115} INFO - [2024-08-12T10:03:17.999+0000] {dag.py:2981} INFO - Setting next_dagrun for example_branch_datetime_operator to 2024-08-11T00:00:00+00:00, run_after=2024-08-12T00:00:00+00:00
[2024-08-12T10:03:18.001+0000] {logging_mixin.py:115} INFO - [2024-08-12T10:03:18.001+0000] {dag.py:2981} INFO - Setting next_dagrun for example_branch_datetime_operator_2 to 2024-08-11T00:00:00+00:00, run_after=2024-08-12T00:00:00+00:00
[2024-08-12T10:03:18.011+0000] {processor.py:161} INFO - Processing /home/airflow/.local/lib/python3.7/site-packages/airflow/example_dags/example_branch_datetime_operator.py took 0.066 seconds
[2024-08-12T10:03:48.793+0000] {processor.py:153} INFO - Started process (PID=837) to work on /home/airflow/.local/lib/python3.7/site-packages/airflow/example_dags/example_branch_datetime_operator.py
[2024-08-12T10:03:48.794+0000] {processor.py:640} INFO - Processing file /home/airflow/.local/lib/python3.7/site-packages/airflow/example_dags/example_branch_datetime_operator.py for tasks to queue
[2024-08-12T10:03:48.795+0000] {logging_mixin.py:115} INFO - [2024-08-12T10:03:48.795+0000] {dagbag.py:508} INFO - Filling up the DagBag from /home/airflow/.local/lib/python3.7/site-packages/airflow/example_dags/example_branch_datetime_operator.py
[2024-08-12T10:03:48.802+0000] {processor.py:650} INFO - DAG(s) dict_keys(['example_branch_datetime_operator', 'example_branch_datetime_operator_2']) retrieved from /home/airflow/.local/lib/python3.7/site-packages/airflow/example_dags/example_branch_datetime_operator.py
[2024-08-12T10:03:48.827+0000] {logging_mixin.py:115} INFO - [2024-08-12T10:03:48.827+0000] {dag.py:2429} INFO - Sync 2 DAGs
[2024-08-12T10:03:48.846+0000] {logging_mixin.py:115} INFO - [2024-08-12T10:03:48.846+0000] {dag.py:2981} INFO - Setting next_dagrun for example_branch_datetime_operator to 2024-08-11T00:00:00+00:00, run_after=2024-08-12T00:00:00+00:00
[2024-08-12T10:03:48.848+0000] {logging_mixin.py:115} INFO - [2024-08-12T10:03:48.848+0000] {dag.py:2981} INFO - Setting next_dagrun for example_branch_datetime_operator_2 to 2024-08-11T00:00:00+00:00, run_after=2024-08-12T00:00:00+00:00
[2024-08-12T10:03:48.863+0000] {processor.py:161} INFO - Processing /home/airflow/.local/lib/python3.7/site-packages/airflow/example_dags/example_branch_datetime_operator.py took 0.073 seconds
[2024-08-12T10:04:19.725+0000] {processor.py:153} INFO - Started process (PID=900) to work on /home/airflow/.local/lib/python3.7/site-packages/airflow/example_dags/example_branch_datetime_operator.py
[2024-08-12T10:04:19.726+0000] {processor.py:640} INFO - Processing file /home/airflow/.local/lib/python3.7/site-packages/airflow/example_dags/example_branch_datetime_operator.py for tasks to queue
[2024-08-12T10:04:19.727+0000] {logging_mixin.py:115} INFO - [2024-08-12T10:04:19.727+0000] {dagbag.py:508} INFO - Filling up the DagBag from /home/airflow/.local/lib/python3.7/site-packages/airflow/example_dags/example_branch_datetime_operator.py
[2024-08-12T10:04:19.734+0000] {processor.py:650} INFO - DAG(s) dict_keys(['example_branch_datetime_operator', 'example_branch_datetime_operator_2']) retrieved from /home/airflow/.local/lib/python3.7/site-packages/airflow/example_dags/example_branch_datetime_operator.py
[2024-08-12T10:04:19.761+0000] {logging_mixin.py:115} INFO - [2024-08-12T10:04:19.761+0000] {dag.py:2429} INFO - Sync 2 DAGs
[2024-08-12T10:04:19.782+0000] {logging_mixin.py:115} INFO - [2024-08-12T10:04:19.782+0000] {dag.py:2981} INFO - Setting next_dagrun for example_branch_datetime_operator to 2024-08-11T00:00:00+00:00, run_after=2024-08-12T00:00:00+00:00
[2024-08-12T10:04:19.784+0000] {logging_mixin.py:115} INFO - [2024-08-12T10:04:19.784+0000] {dag.py:2981} INFO - Setting next_dagrun for example_branch_datetime_operator_2 to 2024-08-11T00:00:00+00:00, run_after=2024-08-12T00:00:00+00:00
[2024-08-12T10:04:19.796+0000] {processor.py:161} INFO - Processing /home/airflow/.local/lib/python3.7/site-packages/airflow/example_dags/example_branch_datetime_operator.py took 0.074 seconds
[2024-08-12T10:04:50.538+0000] {processor.py:153} INFO - Started process (PID=954) to work on /home/airflow/.local/lib/python3.7/site-packages/airflow/example_dags/example_branch_datetime_operator.py
[2024-08-12T10:04:50.539+0000] {processor.py:640} INFO - Processing file /home/airflow/.local/lib/python3.7/site-packages/airflow/example_dags/example_branch_datetime_operator.py for tasks to queue
[2024-08-12T10:04:50.540+0000] {logging_mixin.py:115} INFO - [2024-08-12T10:04:50.540+0000] {dagbag.py:508} INFO - Filling up the DagBag from /home/airflow/.local/lib/python3.7/site-packages/airflow/example_dags/example_branch_datetime_operator.py
[2024-08-12T10:04:50.547+0000] {processor.py:650} INFO - DAG(s) dict_keys(['example_branch_datetime_operator', 'example_branch_datetime_operator_2']) retrieved from /home/airflow/.local/lib/python3.7/site-packages/airflow/example_dags/example_branch_datetime_operator.py
[2024-08-12T10:04:50.571+0000] {logging_mixin.py:115} INFO - [2024-08-12T10:04:50.571+0000] {dag.py:2429} INFO - Sync 2 DAGs
[2024-08-12T10:04:50.589+0000] {logging_mixin.py:115} INFO - [2024-08-12T10:04:50.589+0000] {dag.py:2981} INFO - Setting next_dagrun for example_branch_datetime_operator to 2024-08-11T00:00:00+00:00, run_after=2024-08-12T00:00:00+00:00
[2024-08-12T10:04:50.590+0000] {logging_mixin.py:115} INFO - [2024-08-12T10:04:50.590+0000] {dag.py:2981} INFO - Setting next_dagrun for example_branch_datetime_operator_2 to 2024-08-11T00:00:00+00:00, run_after=2024-08-12T00:00:00+00:00
[2024-08-12T10:04:50.600+0000] {processor.py:161} INFO - Processing /home/airflow/.local/lib/python3.7/site-packages/airflow/example_dags/example_branch_datetime_operator.py took 0.064 seconds
[2024-08-12T10:05:21.396+0000] {processor.py:153} INFO - Started process (PID=1017) to work on /home/airflow/.local/lib/python3.7/site-packages/airflow/example_dags/example_branch_datetime_operator.py
[2024-08-12T10:05:21.398+0000] {processor.py:640} INFO - Processing file /home/airflow/.local/lib/python3.7/site-packages/airflow/example_dags/example_branch_datetime_operator.py for tasks to queue
[2024-08-12T10:05:21.398+0000] {logging_mixin.py:115} INFO - [2024-08-12T10:05:21.398+0000] {dagbag.py:508} INFO - Filling up the DagBag from /home/airflow/.local/lib/python3.7/site-packages/airflow/example_dags/example_branch_datetime_operator.py
[2024-08-12T10:05:21.405+0000] {processor.py:650} INFO - DAG(s) dict_keys(['example_branch_datetime_operator', 'example_branch_datetime_operator_2']) retrieved from /home/airflow/.local/lib/python3.7/site-packages/airflow/example_dags/example_branch_datetime_operator.py
[2024-08-12T10:05:21.429+0000] {logging_mixin.py:115} INFO - [2024-08-12T10:05:21.428+0000] {dag.py:2429} INFO - Sync 2 DAGs
[2024-08-12T10:05:21.449+0000] {logging_mixin.py:115} INFO - [2024-08-12T10:05:21.448+0000] {dag.py:2981} INFO - Setting next_dagrun for example_branch_datetime_operator to 2024-08-11T00:00:00+00:00, run_after=2024-08-12T00:00:00+00:00
[2024-08-12T10:05:21.450+0000] {logging_mixin.py:115} INFO - [2024-08-12T10:05:21.450+0000] {dag.py:2981} INFO - Setting next_dagrun for example_branch_datetime_operator_2 to 2024-08-11T00:00:00+00:00, run_after=2024-08-12T00:00:00+00:00
[2024-08-12T10:05:21.460+0000] {processor.py:161} INFO - Processing /home/airflow/.local/lib/python3.7/site-packages/airflow/example_dags/example_branch_datetime_operator.py took 0.066 seconds
[2024-08-12T10:05:52.283+0000] {processor.py:153} INFO - Started process (PID=1080) to work on /home/airflow/.local/lib/python3.7/site-packages/airflow/example_dags/example_branch_datetime_operator.py
[2024-08-12T10:05:52.284+0000] {processor.py:640} INFO - Processing file /home/airflow/.local/lib/python3.7/site-packages/airflow/example_dags/example_branch_datetime_operator.py for tasks to queue
[2024-08-12T10:05:52.285+0000] {logging_mixin.py:115} INFO - [2024-08-12T10:05:52.284+0000] {dagbag.py:508} INFO - Filling up the DagBag from /home/airflow/.local/lib/python3.7/site-packages/airflow/example_dags/example_branch_datetime_operator.py
[2024-08-12T10:05:52.291+0000] {processor.py:650} INFO - DAG(s) dict_keys(['example_branch_datetime_operator', 'example_branch_datetime_operator_2']) retrieved from /home/airflow/.local/lib/python3.7/site-packages/airflow/example_dags/example_branch_datetime_operator.py
[2024-08-12T10:05:52.315+0000] {logging_mixin.py:115} INFO - [2024-08-12T10:05:52.314+0000] {dag.py:2429} INFO - Sync 2 DAGs
[2024-08-12T10:05:52.335+0000] {logging_mixin.py:115} INFO - [2024-08-12T10:05:52.335+0000] {dag.py:2981} INFO - Setting next_dagrun for example_branch_datetime_operator to 2024-08-11T00:00:00+00:00, run_after=2024-08-12T00:00:00+00:00
[2024-08-12T10:05:52.337+0000] {logging_mixin.py:115} INFO - [2024-08-12T10:05:52.336+0000] {dag.py:2981} INFO - Setting next_dagrun for example_branch_datetime_operator_2 to 2024-08-11T00:00:00+00:00, run_after=2024-08-12T00:00:00+00:00
[2024-08-12T10:05:52.346+0000] {processor.py:161} INFO - Processing /home/airflow/.local/lib/python3.7/site-packages/airflow/example_dags/example_branch_datetime_operator.py took 0.066 seconds
[2024-08-12T10:06:23.023+0000] {processor.py:153} INFO - Started process (PID=1143) to work on /home/airflow/.local/lib/python3.7/site-packages/airflow/example_dags/example_branch_datetime_operator.py
[2024-08-12T10:06:23.024+0000] {processor.py:640} INFO - Processing file /home/airflow/.local/lib/python3.7/site-packages/airflow/example_dags/example_branch_datetime_operator.py for tasks to queue
[2024-08-12T10:06:23.025+0000] {logging_mixin.py:115} INFO - [2024-08-12T10:06:23.025+0000] {dagbag.py:508} INFO - Filling up the DagBag from /home/airflow/.local/lib/python3.7/site-packages/airflow/example_dags/example_branch_datetime_operator.py
[2024-08-12T10:06:23.032+0000] {processor.py:650} INFO - DAG(s) dict_keys(['example_branch_datetime_operator', 'example_branch_datetime_operator_2']) retrieved from /home/airflow/.local/lib/python3.7/site-packages/airflow/example_dags/example_branch_datetime_operator.py
[2024-08-12T10:06:23.054+0000] {logging_mixin.py:115} INFO - [2024-08-12T10:06:23.054+0000] {dag.py:2429} INFO - Sync 2 DAGs
[2024-08-12T10:06:23.072+0000] {logging_mixin.py:115} INFO - [2024-08-12T10:06:23.072+0000] {dag.py:2981} INFO - Setting next_dagrun for example_branch_datetime_operator to 2024-08-11T00:00:00+00:00, run_after=2024-08-12T00:00:00+00:00
[2024-08-12T10:06:23.074+0000] {logging_mixin.py:115} INFO - [2024-08-12T10:06:23.073+0000] {dag.py:2981} INFO - Setting next_dagrun for example_branch_datetime_operator_2 to 2024-08-11T00:00:00+00:00, run_after=2024-08-12T00:00:00+00:00
[2024-08-12T10:06:23.083+0000] {processor.py:161} INFO - Processing /home/airflow/.local/lib/python3.7/site-packages/airflow/example_dags/example_branch_datetime_operator.py took 0.062 seconds
[2024-08-12T10:06:53.892+0000] {processor.py:153} INFO - Started process (PID=1204) to work on /home/airflow/.local/lib/python3.7/site-packages/airflow/example_dags/example_branch_datetime_operator.py
[2024-08-12T10:06:53.893+0000] {processor.py:640} INFO - Processing file /home/airflow/.local/lib/python3.7/site-packages/airflow/example_dags/example_branch_datetime_operator.py for tasks to queue
[2024-08-12T10:06:53.894+0000] {logging_mixin.py:115} INFO - [2024-08-12T10:06:53.894+0000] {dagbag.py:508} INFO - Filling up the DagBag from /home/airflow/.local/lib/python3.7/site-packages/airflow/example_dags/example_branch_datetime_operator.py
[2024-08-12T10:06:53.901+0000] {processor.py:650} INFO - DAG(s) dict_keys(['example_branch_datetime_operator', 'example_branch_datetime_operator_2']) retrieved from /home/airflow/.local/lib/python3.7/site-packages/airflow/example_dags/example_branch_datetime_operator.py
[2024-08-12T10:06:53.928+0000] {logging_mixin.py:115} INFO - [2024-08-12T10:06:53.928+0000] {dag.py:2429} INFO - Sync 2 DAGs
[2024-08-12T10:06:53.949+0000] {logging_mixin.py:115} INFO - [2024-08-12T10:06:53.949+0000] {dag.py:2981} INFO - Setting next_dagrun for example_branch_datetime_operator to 2024-08-11T00:00:00+00:00, run_after=2024-08-12T00:00:00+00:00
[2024-08-12T10:06:53.951+0000] {logging_mixin.py:115} INFO - [2024-08-12T10:06:53.950+0000] {dag.py:2981} INFO - Setting next_dagrun for example_branch_datetime_operator_2 to 2024-08-11T00:00:00+00:00, run_after=2024-08-12T00:00:00+00:00
[2024-08-12T10:06:53.964+0000] {processor.py:161} INFO - Processing /home/airflow/.local/lib/python3.7/site-packages/airflow/example_dags/example_branch_datetime_operator.py took 0.075 seconds
[2024-08-12T10:07:24.925+0000] {processor.py:153} INFO - Started process (PID=1260) to work on /home/airflow/.local/lib/python3.7/site-packages/airflow/example_dags/example_branch_datetime_operator.py
[2024-08-12T10:07:24.926+0000] {processor.py:640} INFO - Processing file /home/airflow/.local/lib/python3.7/site-packages/airflow/example_dags/example_branch_datetime_operator.py for tasks to queue
[2024-08-12T10:07:24.926+0000] {logging_mixin.py:115} INFO - [2024-08-12T10:07:24.926+0000] {dagbag.py:508} INFO - Filling up the DagBag from /home/airflow/.local/lib/python3.7/site-packages/airflow/example_dags/example_branch_datetime_operator.py
[2024-08-12T10:07:24.934+0000] {processor.py:650} INFO - DAG(s) dict_keys(['example_branch_datetime_operator', 'example_branch_datetime_operator_2']) retrieved from /home/airflow/.local/lib/python3.7/site-packages/airflow/example_dags/example_branch_datetime_operator.py
[2024-08-12T10:07:24.957+0000] {logging_mixin.py:115} INFO - [2024-08-12T10:07:24.957+0000] {dag.py:2429} INFO - Sync 2 DAGs
[2024-08-12T10:07:24.975+0000] {logging_mixin.py:115} INFO - [2024-08-12T10:07:24.975+0000] {dag.py:2981} INFO - Setting next_dagrun for example_branch_datetime_operator to 2024-08-11T00:00:00+00:00, run_after=2024-08-12T00:00:00+00:00
[2024-08-12T10:07:24.977+0000] {logging_mixin.py:115} INFO - [2024-08-12T10:07:24.977+0000] {dag.py:2981} INFO - Setting next_dagrun for example_branch_datetime_operator_2 to 2024-08-11T00:00:00+00:00, run_after=2024-08-12T00:00:00+00:00
[2024-08-12T10:07:24.989+0000] {processor.py:161} INFO - Processing /home/airflow/.local/lib/python3.7/site-packages/airflow/example_dags/example_branch_datetime_operator.py took 0.068 seconds
[2024-08-12T10:07:55.176+0000] {processor.py:153} INFO - Started process (PID=1323) to work on /home/airflow/.local/lib/python3.7/site-packages/airflow/example_dags/example_branch_datetime_operator.py
[2024-08-12T10:07:55.177+0000] {processor.py:640} INFO - Processing file /home/airflow/.local/lib/python3.7/site-packages/airflow/example_dags/example_branch_datetime_operator.py for tasks to queue
[2024-08-12T10:07:55.177+0000] {logging_mixin.py:115} INFO - [2024-08-12T10:07:55.177+0000] {dagbag.py:508} INFO - Filling up the DagBag from /home/airflow/.local/lib/python3.7/site-packages/airflow/example_dags/example_branch_datetime_operator.py
[2024-08-12T10:07:55.184+0000] {processor.py:650} INFO - DAG(s) dict_keys(['example_branch_datetime_operator', 'example_branch_datetime_operator_2']) retrieved from /home/airflow/.local/lib/python3.7/site-packages/airflow/example_dags/example_branch_datetime_operator.py
[2024-08-12T10:07:55.207+0000] {logging_mixin.py:115} INFO - [2024-08-12T10:07:55.207+0000] {dag.py:2429} INFO - Sync 2 DAGs
[2024-08-12T10:07:55.225+0000] {logging_mixin.py:115} INFO - [2024-08-12T10:07:55.225+0000] {dag.py:2981} INFO - Setting next_dagrun for example_branch_datetime_operator to 2024-08-11T00:00:00+00:00, run_after=2024-08-12T00:00:00+00:00
[2024-08-12T10:07:55.227+0000] {logging_mixin.py:115} INFO - [2024-08-12T10:07:55.227+0000] {dag.py:2981} INFO - Setting next_dagrun for example_branch_datetime_operator_2 to 2024-08-11T00:00:00+00:00, run_after=2024-08-12T00:00:00+00:00
[2024-08-12T10:07:55.239+0000] {processor.py:161} INFO - Processing /home/airflow/.local/lib/python3.7/site-packages/airflow/example_dags/example_branch_datetime_operator.py took 0.066 seconds
[2024-08-12T10:08:26.031+0000] {processor.py:153} INFO - Started process (PID=1386) to work on /home/airflow/.local/lib/python3.7/site-packages/airflow/example_dags/example_branch_datetime_operator.py
[2024-08-12T10:08:26.031+0000] {processor.py:640} INFO - Processing file /home/airflow/.local/lib/python3.7/site-packages/airflow/example_dags/example_branch_datetime_operator.py for tasks to queue
[2024-08-12T10:08:26.032+0000] {logging_mixin.py:115} INFO - [2024-08-12T10:08:26.032+0000] {dagbag.py:508} INFO - Filling up the DagBag from /home/airflow/.local/lib/python3.7/site-packages/airflow/example_dags/example_branch_datetime_operator.py
[2024-08-12T10:08:26.041+0000] {processor.py:650} INFO - DAG(s) dict_keys(['example_branch_datetime_operator', 'example_branch_datetime_operator_2']) retrieved from /home/airflow/.local/lib/python3.7/site-packages/airflow/example_dags/example_branch_datetime_operator.py
[2024-08-12T10:08:26.066+0000] {logging_mixin.py:115} INFO - [2024-08-12T10:08:26.065+0000] {dag.py:2429} INFO - Sync 2 DAGs
[2024-08-12T10:08:26.084+0000] {logging_mixin.py:115} INFO - [2024-08-12T10:08:26.084+0000] {dag.py:2981} INFO - Setting next_dagrun for example_branch_datetime_operator to 2024-08-11T00:00:00+00:00, run_after=2024-08-12T00:00:00+00:00
[2024-08-12T10:08:26.085+0000] {logging_mixin.py:115} INFO - [2024-08-12T10:08:26.085+0000] {dag.py:2981} INFO - Setting next_dagrun for example_branch_datetime_operator_2 to 2024-08-11T00:00:00+00:00, run_after=2024-08-12T00:00:00+00:00
[2024-08-12T10:08:26.097+0000] {processor.py:161} INFO - Processing /home/airflow/.local/lib/python3.7/site-packages/airflow/example_dags/example_branch_datetime_operator.py took 0.070 seconds
[2024-08-12T10:08:56.779+0000] {processor.py:153} INFO - Started process (PID=1440) to work on /home/airflow/.local/lib/python3.7/site-packages/airflow/example_dags/example_branch_datetime_operator.py
[2024-08-12T10:08:56.780+0000] {processor.py:640} INFO - Processing file /home/airflow/.local/lib/python3.7/site-packages/airflow/example_dags/example_branch_datetime_operator.py for tasks to queue
[2024-08-12T10:08:56.781+0000] {logging_mixin.py:115} INFO - [2024-08-12T10:08:56.780+0000] {dagbag.py:508} INFO - Filling up the DagBag from /home/airflow/.local/lib/python3.7/site-packages/airflow/example_dags/example_branch_datetime_operator.py
[2024-08-12T10:08:56.790+0000] {processor.py:650} INFO - DAG(s) dict_keys(['example_branch_datetime_operator', 'example_branch_datetime_operator_2']) retrieved from /home/airflow/.local/lib/python3.7/site-packages/airflow/example_dags/example_branch_datetime_operator.py
[2024-08-12T10:08:56.823+0000] {logging_mixin.py:115} INFO - [2024-08-12T10:08:56.823+0000] {dag.py:2429} INFO - Sync 2 DAGs
[2024-08-12T10:08:56.844+0000] {logging_mixin.py:115} INFO - [2024-08-12T10:08:56.844+0000] {dag.py:2981} INFO - Setting next_dagrun for example_branch_datetime_operator to 2024-08-11T00:00:00+00:00, run_after=2024-08-12T00:00:00+00:00
[2024-08-12T10:08:56.846+0000] {logging_mixin.py:115} INFO - [2024-08-12T10:08:56.845+0000] {dag.py:2981} INFO - Setting next_dagrun for example_branch_datetime_operator_2 to 2024-08-11T00:00:00+00:00, run_after=2024-08-12T00:00:00+00:00
[2024-08-12T10:08:56.858+0000] {processor.py:161} INFO - Processing /home/airflow/.local/lib/python3.7/site-packages/airflow/example_dags/example_branch_datetime_operator.py took 0.082 seconds
[2024-08-12T10:09:27.534+0000] {processor.py:153} INFO - Started process (PID=1503) to work on /home/airflow/.local/lib/python3.7/site-packages/airflow/example_dags/example_branch_datetime_operator.py
[2024-08-12T10:09:27.535+0000] {processor.py:640} INFO - Processing file /home/airflow/.local/lib/python3.7/site-packages/airflow/example_dags/example_branch_datetime_operator.py for tasks to queue
[2024-08-12T10:09:27.535+0000] {logging_mixin.py:115} INFO - [2024-08-12T10:09:27.535+0000] {dagbag.py:508} INFO - Filling up the DagBag from /home/airflow/.local/lib/python3.7/site-packages/airflow/example_dags/example_branch_datetime_operator.py
[2024-08-12T10:09:27.543+0000] {processor.py:650} INFO - DAG(s) dict_keys(['example_branch_datetime_operator', 'example_branch_datetime_operator_2']) retrieved from /home/airflow/.local/lib/python3.7/site-packages/airflow/example_dags/example_branch_datetime_operator.py
[2024-08-12T10:09:27.565+0000] {logging_mixin.py:115} INFO - [2024-08-12T10:09:27.565+0000] {dag.py:2429} INFO - Sync 2 DAGs
[2024-08-12T10:09:27.583+0000] {logging_mixin.py:115} INFO - [2024-08-12T10:09:27.582+0000] {dag.py:2981} INFO - Setting next_dagrun for example_branch_datetime_operator to 2024-08-11T00:00:00+00:00, run_after=2024-08-12T00:00:00+00:00
[2024-08-12T10:09:27.584+0000] {logging_mixin.py:115} INFO - [2024-08-12T10:09:27.584+0000] {dag.py:2981} INFO - Setting next_dagrun for example_branch_datetime_operator_2 to 2024-08-11T00:00:00+00:00, run_after=2024-08-12T00:00:00+00:00
[2024-08-12T10:09:27.595+0000] {processor.py:161} INFO - Processing /home/airflow/.local/lib/python3.7/site-packages/airflow/example_dags/example_branch_datetime_operator.py took 0.064 seconds
[2024-08-12T10:09:58.234+0000] {processor.py:153} INFO - Started process (PID=1566) to work on /home/airflow/.local/lib/python3.7/site-packages/airflow/example_dags/example_branch_datetime_operator.py
[2024-08-12T10:09:58.234+0000] {processor.py:640} INFO - Processing file /home/airflow/.local/lib/python3.7/site-packages/airflow/example_dags/example_branch_datetime_operator.py for tasks to queue
[2024-08-12T10:09:58.235+0000] {logging_mixin.py:115} INFO - [2024-08-12T10:09:58.235+0000] {dagbag.py:508} INFO - Filling up the DagBag from /home/airflow/.local/lib/python3.7/site-packages/airflow/example_dags/example_branch_datetime_operator.py
[2024-08-12T10:09:58.243+0000] {processor.py:650} INFO - DAG(s) dict_keys(['example_branch_datetime_operator', 'example_branch_datetime_operator_2']) retrieved from /home/airflow/.local/lib/python3.7/site-packages/airflow/example_dags/example_branch_datetime_operator.py
[2024-08-12T10:09:58.267+0000] {logging_mixin.py:115} INFO - [2024-08-12T10:09:58.267+0000] {dag.py:2429} INFO - Sync 2 DAGs
[2024-08-12T10:09:58.286+0000] {logging_mixin.py:115} INFO - [2024-08-12T10:09:58.286+0000] {dag.py:2981} INFO - Setting next_dagrun for example_branch_datetime_operator to 2024-08-11T00:00:00+00:00, run_after=2024-08-12T00:00:00+00:00
[2024-08-12T10:09:58.287+0000] {logging_mixin.py:115} INFO - [2024-08-12T10:09:58.287+0000] {dag.py:2981} INFO - Setting next_dagrun for example_branch_datetime_operator_2 to 2024-08-11T00:00:00+00:00, run_after=2024-08-12T00:00:00+00:00
[2024-08-12T10:09:58.299+0000] {processor.py:161} INFO - Processing /home/airflow/.local/lib/python3.7/site-packages/airflow/example_dags/example_branch_datetime_operator.py took 0.068 seconds
[2024-08-12T10:10:29.074+0000] {processor.py:153} INFO - Started process (PID=1629) to work on /home/airflow/.local/lib/python3.7/site-packages/airflow/example_dags/example_branch_datetime_operator.py
[2024-08-12T10:10:29.075+0000] {processor.py:640} INFO - Processing file /home/airflow/.local/lib/python3.7/site-packages/airflow/example_dags/example_branch_datetime_operator.py for tasks to queue
[2024-08-12T10:10:29.076+0000] {logging_mixin.py:115} INFO - [2024-08-12T10:10:29.075+0000] {dagbag.py:508} INFO - Filling up the DagBag from /home/airflow/.local/lib/python3.7/site-packages/airflow/example_dags/example_branch_datetime_operator.py
[2024-08-12T10:10:29.083+0000] {processor.py:650} INFO - DAG(s) dict_keys(['example_branch_datetime_operator', 'example_branch_datetime_operator_2']) retrieved from /home/airflow/.local/lib/python3.7/site-packages/airflow/example_dags/example_branch_datetime_operator.py
[2024-08-12T10:10:29.106+0000] {logging_mixin.py:115} INFO - [2024-08-12T10:10:29.106+0000] {dag.py:2429} INFO - Sync 2 DAGs
[2024-08-12T10:10:29.125+0000] {logging_mixin.py:115} INFO - [2024-08-12T10:10:29.125+0000] {dag.py:2981} INFO - Setting next_dagrun for example_branch_datetime_operator to 2024-08-11T00:00:00+00:00, run_after=2024-08-12T00:00:00+00:00
[2024-08-12T10:10:29.127+0000] {logging_mixin.py:115} INFO - [2024-08-12T10:10:29.127+0000] {dag.py:2981} INFO - Setting next_dagrun for example_branch_datetime_operator_2 to 2024-08-11T00:00:00+00:00, run_after=2024-08-12T00:00:00+00:00
[2024-08-12T10:10:29.138+0000] {processor.py:161} INFO - Processing /home/airflow/.local/lib/python3.7/site-packages/airflow/example_dags/example_branch_datetime_operator.py took 0.067 seconds
[2024-08-12T10:10:59.767+0000] {processor.py:153} INFO - Started process (PID=1683) to work on /home/airflow/.local/lib/python3.7/site-packages/airflow/example_dags/example_branch_datetime_operator.py
[2024-08-12T10:10:59.768+0000] {processor.py:640} INFO - Processing file /home/airflow/.local/lib/python3.7/site-packages/airflow/example_dags/example_branch_datetime_operator.py for tasks to queue
[2024-08-12T10:10:59.768+0000] {logging_mixin.py:115} INFO - [2024-08-12T10:10:59.768+0000] {dagbag.py:508} INFO - Filling up the DagBag from /home/airflow/.local/lib/python3.7/site-packages/airflow/example_dags/example_branch_datetime_operator.py
[2024-08-12T10:10:59.776+0000] {processor.py:650} INFO - DAG(s) dict_keys(['example_branch_datetime_operator', 'example_branch_datetime_operator_2']) retrieved from /home/airflow/.local/lib/python3.7/site-packages/airflow/example_dags/example_branch_datetime_operator.py
[2024-08-12T10:10:59.800+0000] {logging_mixin.py:115} INFO - [2024-08-12T10:10:59.800+0000] {dag.py:2429} INFO - Sync 2 DAGs
[2024-08-12T10:10:59.818+0000] {logging_mixin.py:115} INFO - [2024-08-12T10:10:59.818+0000] {dag.py:2981} INFO - Setting next_dagrun for example_branch_datetime_operator to 2024-08-11T00:00:00+00:00, run_after=2024-08-12T00:00:00+00:00
[2024-08-12T10:10:59.820+0000] {logging_mixin.py:115} INFO - [2024-08-12T10:10:59.820+0000] {dag.py:2981} INFO - Setting next_dagrun for example_branch_datetime_operator_2 to 2024-08-11T00:00:00+00:00, run_after=2024-08-12T00:00:00+00:00
[2024-08-12T10:10:59.832+0000] {processor.py:161} INFO - Processing /home/airflow/.local/lib/python3.7/site-packages/airflow/example_dags/example_branch_datetime_operator.py took 0.067 seconds
[2024-08-12T10:11:30.572+0000] {processor.py:153} INFO - Started process (PID=1746) to work on /home/airflow/.local/lib/python3.7/site-packages/airflow/example_dags/example_branch_datetime_operator.py
[2024-08-12T10:11:30.573+0000] {processor.py:640} INFO - Processing file /home/airflow/.local/lib/python3.7/site-packages/airflow/example_dags/example_branch_datetime_operator.py for tasks to queue
[2024-08-12T10:11:30.573+0000] {logging_mixin.py:115} INFO - [2024-08-12T10:11:30.573+0000] {dagbag.py:508} INFO - Filling up the DagBag from /home/airflow/.local/lib/python3.7/site-packages/airflow/example_dags/example_branch_datetime_operator.py
[2024-08-12T10:11:30.581+0000] {processor.py:650} INFO - DAG(s) dict_keys(['example_branch_datetime_operator', 'example_branch_datetime_operator_2']) retrieved from /home/airflow/.local/lib/python3.7/site-packages/airflow/example_dags/example_branch_datetime_operator.py
[2024-08-12T10:11:30.604+0000] {logging_mixin.py:115} INFO - [2024-08-12T10:11:30.604+0000] {dag.py:2429} INFO - Sync 2 DAGs
[2024-08-12T10:11:30.623+0000] {logging_mixin.py:115} INFO - [2024-08-12T10:11:30.623+0000] {dag.py:2981} INFO - Setting next_dagrun for example_branch_datetime_operator to 2024-08-11T00:00:00+00:00, run_after=2024-08-12T00:00:00+00:00
[2024-08-12T10:11:30.625+0000] {logging_mixin.py:115} INFO - [2024-08-12T10:11:30.625+0000] {dag.py:2981} INFO - Setting next_dagrun for example_branch_datetime_operator_2 to 2024-08-11T00:00:00+00:00, run_after=2024-08-12T00:00:00+00:00
[2024-08-12T10:11:30.638+0000] {processor.py:161} INFO - Processing /home/airflow/.local/lib/python3.7/site-packages/airflow/example_dags/example_branch_datetime_operator.py took 0.068 seconds
[2024-08-12T10:12:01.340+0000] {processor.py:153} INFO - Started process (PID=1809) to work on /home/airflow/.local/lib/python3.7/site-packages/airflow/example_dags/example_branch_datetime_operator.py
[2024-08-12T10:12:01.340+0000] {processor.py:640} INFO - Processing file /home/airflow/.local/lib/python3.7/site-packages/airflow/example_dags/example_branch_datetime_operator.py for tasks to queue
[2024-08-12T10:12:01.341+0000] {logging_mixin.py:115} INFO - [2024-08-12T10:12:01.341+0000] {dagbag.py:508} INFO - Filling up the DagBag from /home/airflow/.local/lib/python3.7/site-packages/airflow/example_dags/example_branch_datetime_operator.py
[2024-08-12T10:12:01.348+0000] {processor.py:650} INFO - DAG(s) dict_keys(['example_branch_datetime_operator', 'example_branch_datetime_operator_2']) retrieved from /home/airflow/.local/lib/python3.7/site-packages/airflow/example_dags/example_branch_datetime_operator.py
[2024-08-12T10:12:01.370+0000] {logging_mixin.py:115} INFO - [2024-08-12T10:12:01.370+0000] {dag.py:2429} INFO - Sync 2 DAGs
[2024-08-12T10:12:01.388+0000] {logging_mixin.py:115} INFO - [2024-08-12T10:12:01.388+0000] {dag.py:2981} INFO - Setting next_dagrun for example_branch_datetime_operator to 2024-08-11T00:00:00+00:00, run_after=2024-08-12T00:00:00+00:00
[2024-08-12T10:12:01.390+0000] {logging_mixin.py:115} INFO - [2024-08-12T10:12:01.389+0000] {dag.py:2981} INFO - Setting next_dagrun for example_branch_datetime_operator_2 to 2024-08-11T00:00:00+00:00, run_after=2024-08-12T00:00:00+00:00
[2024-08-12T10:12:01.401+0000] {processor.py:161} INFO - Processing /home/airflow/.local/lib/python3.7/site-packages/airflow/example_dags/example_branch_datetime_operator.py took 0.063 seconds
[2024-08-12T10:12:32.128+0000] {processor.py:153} INFO - Started process (PID=1872) to work on /home/airflow/.local/lib/python3.7/site-packages/airflow/example_dags/example_branch_datetime_operator.py
[2024-08-12T10:12:32.130+0000] {processor.py:640} INFO - Processing file /home/airflow/.local/lib/python3.7/site-packages/airflow/example_dags/example_branch_datetime_operator.py for tasks to queue
[2024-08-12T10:12:32.130+0000] {logging_mixin.py:115} INFO - [2024-08-12T10:12:32.130+0000] {dagbag.py:508} INFO - Filling up the DagBag from /home/airflow/.local/lib/python3.7/site-packages/airflow/example_dags/example_branch_datetime_operator.py
[2024-08-12T10:12:32.137+0000] {processor.py:650} INFO - DAG(s) dict_keys(['example_branch_datetime_operator', 'example_branch_datetime_operator_2']) retrieved from /home/airflow/.local/lib/python3.7/site-packages/airflow/example_dags/example_branch_datetime_operator.py
[2024-08-12T10:12:32.160+0000] {logging_mixin.py:115} INFO - [2024-08-12T10:12:32.160+0000] {dag.py:2429} INFO - Sync 2 DAGs
[2024-08-12T10:12:32.177+0000] {logging_mixin.py:115} INFO - [2024-08-12T10:12:32.177+0000] {dag.py:2981} INFO - Setting next_dagrun for example_branch_datetime_operator to 2024-08-11T00:00:00+00:00, run_after=2024-08-12T00:00:00+00:00
[2024-08-12T10:12:32.179+0000] {logging_mixin.py:115} INFO - [2024-08-12T10:12:32.179+0000] {dag.py:2981} INFO - Setting next_dagrun for example_branch_datetime_operator_2 to 2024-08-11T00:00:00+00:00, run_after=2024-08-12T00:00:00+00:00
[2024-08-12T10:12:32.191+0000] {processor.py:161} INFO - Processing /home/airflow/.local/lib/python3.7/site-packages/airflow/example_dags/example_branch_datetime_operator.py took 0.065 seconds
[2024-08-12T10:13:03.085+0000] {processor.py:153} INFO - Started process (PID=1926) to work on /home/airflow/.local/lib/python3.7/site-packages/airflow/example_dags/example_branch_datetime_operator.py
[2024-08-12T10:13:03.086+0000] {processor.py:640} INFO - Processing file /home/airflow/.local/lib/python3.7/site-packages/airflow/example_dags/example_branch_datetime_operator.py for tasks to queue
[2024-08-12T10:13:03.086+0000] {logging_mixin.py:115} INFO - [2024-08-12T10:13:03.086+0000] {dagbag.py:508} INFO - Filling up the DagBag from /home/airflow/.local/lib/python3.7/site-packages/airflow/example_dags/example_branch_datetime_operator.py
[2024-08-12T10:13:03.094+0000] {processor.py:650} INFO - DAG(s) dict_keys(['example_branch_datetime_operator', 'example_branch_datetime_operator_2']) retrieved from /home/airflow/.local/lib/python3.7/site-packages/airflow/example_dags/example_branch_datetime_operator.py
[2024-08-12T10:13:03.118+0000] {logging_mixin.py:115} INFO - [2024-08-12T10:13:03.118+0000] {dag.py:2429} INFO - Sync 2 DAGs
[2024-08-12T10:13:03.138+0000] {logging_mixin.py:115} INFO - [2024-08-12T10:13:03.138+0000] {dag.py:2981} INFO - Setting next_dagrun for example_branch_datetime_operator to 2024-08-11T00:00:00+00:00, run_after=2024-08-12T00:00:00+00:00
[2024-08-12T10:13:03.139+0000] {logging_mixin.py:115} INFO - [2024-08-12T10:13:03.139+0000] {dag.py:2981} INFO - Setting next_dagrun for example_branch_datetime_operator_2 to 2024-08-11T00:00:00+00:00, run_after=2024-08-12T00:00:00+00:00
[2024-08-12T10:13:03.150+0000] {processor.py:161} INFO - Processing /home/airflow/.local/lib/python3.7/site-packages/airflow/example_dags/example_branch_datetime_operator.py took 0.068 seconds
[2024-08-12T10:13:33.904+0000] {processor.py:153} INFO - Started process (PID=1989) to work on /home/airflow/.local/lib/python3.7/site-packages/airflow/example_dags/example_branch_datetime_operator.py
[2024-08-12T10:13:33.905+0000] {processor.py:640} INFO - Processing file /home/airflow/.local/lib/python3.7/site-packages/airflow/example_dags/example_branch_datetime_operator.py for tasks to queue
[2024-08-12T10:13:33.906+0000] {logging_mixin.py:115} INFO - [2024-08-12T10:13:33.905+0000] {dagbag.py:508} INFO - Filling up the DagBag from /home/airflow/.local/lib/python3.7/site-packages/airflow/example_dags/example_branch_datetime_operator.py
[2024-08-12T10:13:33.912+0000] {processor.py:650} INFO - DAG(s) dict_keys(['example_branch_datetime_operator', 'example_branch_datetime_operator_2']) retrieved from /home/airflow/.local/lib/python3.7/site-packages/airflow/example_dags/example_branch_datetime_operator.py
[2024-08-12T10:13:33.937+0000] {logging_mixin.py:115} INFO - [2024-08-12T10:13:33.937+0000] {dag.py:2429} INFO - Sync 2 DAGs
[2024-08-12T10:13:33.957+0000] {logging_mixin.py:115} INFO - [2024-08-12T10:13:33.957+0000] {dag.py:2981} INFO - Setting next_dagrun for example_branch_datetime_operator to 2024-08-11T00:00:00+00:00, run_after=2024-08-12T00:00:00+00:00
[2024-08-12T10:13:33.958+0000] {logging_mixin.py:115} INFO - [2024-08-12T10:13:33.958+0000] {dag.py:2981} INFO - Setting next_dagrun for example_branch_datetime_operator_2 to 2024-08-11T00:00:00+00:00, run_after=2024-08-12T00:00:00+00:00
[2024-08-12T10:13:33.970+0000] {processor.py:161} INFO - Processing /home/airflow/.local/lib/python3.7/site-packages/airflow/example_dags/example_branch_datetime_operator.py took 0.069 seconds
[2024-08-12T10:14:04.588+0000] {processor.py:153} INFO - Started process (PID=2052) to work on /home/airflow/.local/lib/python3.7/site-packages/airflow/example_dags/example_branch_datetime_operator.py
[2024-08-12T10:14:04.589+0000] {processor.py:640} INFO - Processing file /home/airflow/.local/lib/python3.7/site-packages/airflow/example_dags/example_branch_datetime_operator.py for tasks to queue
[2024-08-12T10:14:04.589+0000] {logging_mixin.py:115} INFO - [2024-08-12T10:14:04.589+0000] {dagbag.py:508} INFO - Filling up the DagBag from /home/airflow/.local/lib/python3.7/site-packages/airflow/example_dags/example_branch_datetime_operator.py
[2024-08-12T10:14:04.597+0000] {processor.py:650} INFO - DAG(s) dict_keys(['example_branch_datetime_operator', 'example_branch_datetime_operator_2']) retrieved from /home/airflow/.local/lib/python3.7/site-packages/airflow/example_dags/example_branch_datetime_operator.py
[2024-08-12T10:14:04.623+0000] {logging_mixin.py:115} INFO - [2024-08-12T10:14:04.623+0000] {dag.py:2429} INFO - Sync 2 DAGs
[2024-08-12T10:14:04.644+0000] {logging_mixin.py:115} INFO - [2024-08-12T10:14:04.644+0000] {dag.py:2981} INFO - Setting next_dagrun for example_branch_datetime_operator to 2024-08-11T00:00:00+00:00, run_after=2024-08-12T00:00:00+00:00
[2024-08-12T10:14:04.646+0000] {logging_mixin.py:115} INFO - [2024-08-12T10:14:04.646+0000] {dag.py:2981} INFO - Setting next_dagrun for example_branch_datetime_operator_2 to 2024-08-11T00:00:00+00:00, run_after=2024-08-12T00:00:00+00:00
[2024-08-12T10:14:04.661+0000] {processor.py:161} INFO - Processing /home/airflow/.local/lib/python3.7/site-packages/airflow/example_dags/example_branch_datetime_operator.py took 0.076 seconds
