[2024-08-12T08:27:08.637+0000] {processor.py:153} INFO - Started process (PID=82) to work on /home/airflow/.local/lib/python3.7/site-packages/airflow/example_dags/example_dag_decorator.py
[2024-08-12T08:27:08.638+0000] {processor.py:640} INFO - Processing file /home/airflow/.local/lib/python3.7/site-packages/airflow/example_dags/example_dag_decorator.py for tasks to queue
[2024-08-12T08:27:08.639+0000] {logging_mixin.py:115} INFO - [2024-08-12T08:27:08.639+0000] {dagbag.py:508} INFO - Filling up the DagBag from /home/airflow/.local/lib/python3.7/site-packages/airflow/example_dags/example_dag_decorator.py
[2024-08-12T08:27:08.675+0000] {processor.py:650} INFO - DAG(s) dict_keys(['example_dag_decorator']) retrieved from /home/airflow/.local/lib/python3.7/site-packages/airflow/example_dags/example_dag_decorator.py
[2024-08-12T08:27:08.770+0000] {logging_mixin.py:115} INFO - [2024-08-12T08:27:08.769+0000] {manager.py:508} INFO - Created Permission View: can edit on DAG:example_dag_decorator
[2024-08-12T08:27:08.784+0000] {logging_mixin.py:115} INFO - [2024-08-12T08:27:08.784+0000] {manager.py:508} INFO - Created Permission View: can read on DAG:example_dag_decorator
[2024-08-12T08:27:08.794+0000] {logging_mixin.py:115} INFO - [2024-08-12T08:27:08.794+0000] {manager.py:508} INFO - Created Permission View: can delete on DAG:example_dag_decorator
[2024-08-12T08:27:08.794+0000] {logging_mixin.py:115} INFO - [2024-08-12T08:27:08.794+0000] {dag.py:2429} INFO - Sync 1 DAGs
[2024-08-12T08:27:08.808+0000] {logging_mixin.py:115} INFO - [2024-08-12T08:27:08.807+0000] {dag.py:2448} INFO - Creating ORM DAG for example_dag_decorator
[2024-08-12T08:27:08.824+0000] {logging_mixin.py:115} INFO - [2024-08-12T08:27:08.823+0000] {dag.py:2981} INFO - Setting next_dagrun for example_dag_decorator to None, run_after=None
[2024-08-12T08:27:08.840+0000] {processor.py:161} INFO - Processing /home/airflow/.local/lib/python3.7/site-packages/airflow/example_dags/example_dag_decorator.py took 0.207 seconds
[2024-08-12T08:27:39.721+0000] {processor.py:153} INFO - Started process (PID=134) to work on /home/airflow/.local/lib/python3.7/site-packages/airflow/example_dags/example_dag_decorator.py
[2024-08-12T08:27:39.722+0000] {processor.py:640} INFO - Processing file /home/airflow/.local/lib/python3.7/site-packages/airflow/example_dags/example_dag_decorator.py for tasks to queue
[2024-08-12T08:27:39.722+0000] {logging_mixin.py:115} INFO - [2024-08-12T08:27:39.722+0000] {dagbag.py:508} INFO - Filling up the DagBag from /home/airflow/.local/lib/python3.7/site-packages/airflow/example_dags/example_dag_decorator.py
[2024-08-12T08:27:39.740+0000] {processor.py:650} INFO - DAG(s) dict_keys(['example_dag_decorator']) retrieved from /home/airflow/.local/lib/python3.7/site-packages/airflow/example_dags/example_dag_decorator.py
[2024-08-12T08:27:39.795+0000] {logging_mixin.py:115} INFO - [2024-08-12T08:27:39.795+0000] {dag.py:2429} INFO - Sync 1 DAGs
[2024-08-12T08:27:39.811+0000] {logging_mixin.py:115} INFO - [2024-08-12T08:27:39.811+0000] {dag.py:2981} INFO - Setting next_dagrun for example_dag_decorator to None, run_after=None
[2024-08-12T08:27:39.822+0000] {processor.py:161} INFO - Processing /home/airflow/.local/lib/python3.7/site-packages/airflow/example_dags/example_dag_decorator.py took 0.104 seconds
[2024-08-12T08:28:10.372+0000] {processor.py:153} INFO - Started process (PID=195) to work on /home/airflow/.local/lib/python3.7/site-packages/airflow/example_dags/example_dag_decorator.py
[2024-08-12T08:28:10.372+0000] {processor.py:640} INFO - Processing file /home/airflow/.local/lib/python3.7/site-packages/airflow/example_dags/example_dag_decorator.py for tasks to queue
[2024-08-12T08:28:10.372+0000] {logging_mixin.py:115} INFO - [2024-08-12T08:28:10.372+0000] {dagbag.py:508} INFO - Filling up the DagBag from /home/airflow/.local/lib/python3.7/site-packages/airflow/example_dags/example_dag_decorator.py
[2024-08-12T08:28:10.389+0000] {processor.py:650} INFO - DAG(s) dict_keys(['example_dag_decorator']) retrieved from /home/airflow/.local/lib/python3.7/site-packages/airflow/example_dags/example_dag_decorator.py
[2024-08-12T08:28:10.443+0000] {logging_mixin.py:115} INFO - [2024-08-12T08:28:10.443+0000] {dag.py:2429} INFO - Sync 1 DAGs
[2024-08-12T08:28:10.458+0000] {logging_mixin.py:115} INFO - [2024-08-12T08:28:10.458+0000] {dag.py:2981} INFO - Setting next_dagrun for example_dag_decorator to None, run_after=None
[2024-08-12T08:28:10.469+0000] {processor.py:161} INFO - Processing /home/airflow/.local/lib/python3.7/site-packages/airflow/example_dags/example_dag_decorator.py took 0.100 seconds
[2024-08-12T09:57:12.382+0000] {processor.py:153} INFO - Started process (PID=84) to work on /home/airflow/.local/lib/python3.7/site-packages/airflow/example_dags/example_dag_decorator.py
[2024-08-12T09:57:12.383+0000] {processor.py:640} INFO - Processing file /home/airflow/.local/lib/python3.7/site-packages/airflow/example_dags/example_dag_decorator.py for tasks to queue
[2024-08-12T09:57:12.384+0000] {logging_mixin.py:115} INFO - [2024-08-12T09:57:12.384+0000] {dagbag.py:508} INFO - Filling up the DagBag from /home/airflow/.local/lib/python3.7/site-packages/airflow/example_dags/example_dag_decorator.py
[2024-08-12T09:57:12.444+0000] {processor.py:650} INFO - DAG(s) dict_keys(['example_dag_decorator']) retrieved from /home/airflow/.local/lib/python3.7/site-packages/airflow/example_dags/example_dag_decorator.py
[2024-08-12T09:57:12.588+0000] {logging_mixin.py:115} INFO - [2024-08-12T09:57:12.587+0000] {dag.py:2429} INFO - Sync 1 DAGs
[2024-08-12T09:57:12.613+0000] {logging_mixin.py:115} INFO - [2024-08-12T09:57:12.613+0000] {dag.py:2981} INFO - Setting next_dagrun for example_dag_decorator to None, run_after=None
[2024-08-12T09:57:12.631+0000] {processor.py:161} INFO - Processing /home/airflow/.local/lib/python3.7/site-packages/airflow/example_dags/example_dag_decorator.py took 0.253 seconds
[2024-08-12T09:57:42.799+0000] {processor.py:153} INFO - Started process (PID=138) to work on /home/airflow/.local/lib/python3.7/site-packages/airflow/example_dags/example_dag_decorator.py
[2024-08-12T09:57:42.800+0000] {processor.py:640} INFO - Processing file /home/airflow/.local/lib/python3.7/site-packages/airflow/example_dags/example_dag_decorator.py for tasks to queue
[2024-08-12T09:57:42.801+0000] {logging_mixin.py:115} INFO - [2024-08-12T09:57:42.801+0000] {dagbag.py:508} INFO - Filling up the DagBag from /home/airflow/.local/lib/python3.7/site-packages/airflow/example_dags/example_dag_decorator.py
[2024-08-12T09:57:42.820+0000] {processor.py:650} INFO - DAG(s) dict_keys(['example_dag_decorator']) retrieved from /home/airflow/.local/lib/python3.7/site-packages/airflow/example_dags/example_dag_decorator.py
[2024-08-12T09:57:42.881+0000] {logging_mixin.py:115} INFO - [2024-08-12T09:57:42.881+0000] {dag.py:2429} INFO - Sync 1 DAGs
[2024-08-12T09:57:42.897+0000] {logging_mixin.py:115} INFO - [2024-08-12T09:57:42.897+0000] {dag.py:2981} INFO - Setting next_dagrun for example_dag_decorator to None, run_after=None
[2024-08-12T09:57:42.909+0000] {processor.py:161} INFO - Processing /home/airflow/.local/lib/python3.7/site-packages/airflow/example_dags/example_dag_decorator.py took 0.112 seconds
[2024-08-12T09:58:13.648+0000] {processor.py:153} INFO - Started process (PID=201) to work on /home/airflow/.local/lib/python3.7/site-packages/airflow/example_dags/example_dag_decorator.py
[2024-08-12T09:58:13.648+0000] {processor.py:640} INFO - Processing file /home/airflow/.local/lib/python3.7/site-packages/airflow/example_dags/example_dag_decorator.py for tasks to queue
[2024-08-12T09:58:13.649+0000] {logging_mixin.py:115} INFO - [2024-08-12T09:58:13.649+0000] {dagbag.py:508} INFO - Filling up the DagBag from /home/airflow/.local/lib/python3.7/site-packages/airflow/example_dags/example_dag_decorator.py
[2024-08-12T09:58:13.667+0000] {processor.py:650} INFO - DAG(s) dict_keys(['example_dag_decorator']) retrieved from /home/airflow/.local/lib/python3.7/site-packages/airflow/example_dags/example_dag_decorator.py
[2024-08-12T09:58:13.730+0000] {logging_mixin.py:115} INFO - [2024-08-12T09:58:13.729+0000] {dag.py:2429} INFO - Sync 1 DAGs
[2024-08-12T09:58:13.745+0000] {logging_mixin.py:115} INFO - [2024-08-12T09:58:13.745+0000] {dag.py:2981} INFO - Setting next_dagrun for example_dag_decorator to None, run_after=None
[2024-08-12T09:58:13.756+0000] {processor.py:161} INFO - Processing /home/airflow/.local/lib/python3.7/site-packages/airflow/example_dags/example_dag_decorator.py took 0.111 seconds
[2024-08-12T09:58:44.595+0000] {processor.py:153} INFO - Started process (PID=264) to work on /home/airflow/.local/lib/python3.7/site-packages/airflow/example_dags/example_dag_decorator.py
[2024-08-12T09:58:44.596+0000] {processor.py:640} INFO - Processing file /home/airflow/.local/lib/python3.7/site-packages/airflow/example_dags/example_dag_decorator.py for tasks to queue
[2024-08-12T09:58:44.596+0000] {logging_mixin.py:115} INFO - [2024-08-12T09:58:44.596+0000] {dagbag.py:508} INFO - Filling up the DagBag from /home/airflow/.local/lib/python3.7/site-packages/airflow/example_dags/example_dag_decorator.py
[2024-08-12T09:58:44.613+0000] {processor.py:650} INFO - DAG(s) dict_keys(['example_dag_decorator']) retrieved from /home/airflow/.local/lib/python3.7/site-packages/airflow/example_dags/example_dag_decorator.py
[2024-08-12T09:58:44.670+0000] {logging_mixin.py:115} INFO - [2024-08-12T09:58:44.669+0000] {dag.py:2429} INFO - Sync 1 DAGs
[2024-08-12T09:58:44.685+0000] {logging_mixin.py:115} INFO - [2024-08-12T09:58:44.685+0000] {dag.py:2981} INFO - Setting next_dagrun for example_dag_decorator to None, run_after=None
[2024-08-12T09:58:44.696+0000] {processor.py:161} INFO - Processing /home/airflow/.local/lib/python3.7/site-packages/airflow/example_dags/example_dag_decorator.py took 0.104 seconds
[2024-08-12T09:59:15.633+0000] {processor.py:153} INFO - Started process (PID=327) to work on /home/airflow/.local/lib/python3.7/site-packages/airflow/example_dags/example_dag_decorator.py
[2024-08-12T09:59:15.634+0000] {processor.py:640} INFO - Processing file /home/airflow/.local/lib/python3.7/site-packages/airflow/example_dags/example_dag_decorator.py for tasks to queue
[2024-08-12T09:59:15.634+0000] {logging_mixin.py:115} INFO - [2024-08-12T09:59:15.634+0000] {dagbag.py:508} INFO - Filling up the DagBag from /home/airflow/.local/lib/python3.7/site-packages/airflow/example_dags/example_dag_decorator.py
[2024-08-12T09:59:15.653+0000] {processor.py:650} INFO - DAG(s) dict_keys(['example_dag_decorator']) retrieved from /home/airflow/.local/lib/python3.7/site-packages/airflow/example_dags/example_dag_decorator.py
[2024-08-12T09:59:15.711+0000] {logging_mixin.py:115} INFO - [2024-08-12T09:59:15.711+0000] {dag.py:2429} INFO - Sync 1 DAGs
[2024-08-12T09:59:15.727+0000] {logging_mixin.py:115} INFO - [2024-08-12T09:59:15.727+0000] {dag.py:2981} INFO - Setting next_dagrun for example_dag_decorator to None, run_after=None
[2024-08-12T09:59:15.739+0000] {processor.py:161} INFO - Processing /home/airflow/.local/lib/python3.7/site-packages/airflow/example_dags/example_dag_decorator.py took 0.109 seconds
[2024-08-12T09:59:45.806+0000] {processor.py:153} INFO - Started process (PID=381) to work on /home/airflow/.local/lib/python3.7/site-packages/airflow/example_dags/example_dag_decorator.py
[2024-08-12T09:59:45.807+0000] {processor.py:640} INFO - Processing file /home/airflow/.local/lib/python3.7/site-packages/airflow/example_dags/example_dag_decorator.py for tasks to queue
[2024-08-12T09:59:45.807+0000] {logging_mixin.py:115} INFO - [2024-08-12T09:59:45.807+0000] {dagbag.py:508} INFO - Filling up the DagBag from /home/airflow/.local/lib/python3.7/site-packages/airflow/example_dags/example_dag_decorator.py
[2024-08-12T09:59:45.824+0000] {processor.py:650} INFO - DAG(s) dict_keys(['example_dag_decorator']) retrieved from /home/airflow/.local/lib/python3.7/site-packages/airflow/example_dags/example_dag_decorator.py
[2024-08-12T09:59:45.879+0000] {logging_mixin.py:115} INFO - [2024-08-12T09:59:45.879+0000] {dag.py:2429} INFO - Sync 1 DAGs
[2024-08-12T09:59:45.894+0000] {logging_mixin.py:115} INFO - [2024-08-12T09:59:45.894+0000] {dag.py:2981} INFO - Setting next_dagrun for example_dag_decorator to None, run_after=None
[2024-08-12T09:59:45.905+0000] {processor.py:161} INFO - Processing /home/airflow/.local/lib/python3.7/site-packages/airflow/example_dags/example_dag_decorator.py took 0.102 seconds
[2024-08-12T10:00:16.569+0000] {processor.py:153} INFO - Started process (PID=444) to work on /home/airflow/.local/lib/python3.7/site-packages/airflow/example_dags/example_dag_decorator.py
[2024-08-12T10:00:16.570+0000] {processor.py:640} INFO - Processing file /home/airflow/.local/lib/python3.7/site-packages/airflow/example_dags/example_dag_decorator.py for tasks to queue
[2024-08-12T10:00:16.570+0000] {logging_mixin.py:115} INFO - [2024-08-12T10:00:16.570+0000] {dagbag.py:508} INFO - Filling up the DagBag from /home/airflow/.local/lib/python3.7/site-packages/airflow/example_dags/example_dag_decorator.py
[2024-08-12T10:00:16.588+0000] {processor.py:650} INFO - DAG(s) dict_keys(['example_dag_decorator']) retrieved from /home/airflow/.local/lib/python3.7/site-packages/airflow/example_dags/example_dag_decorator.py
[2024-08-12T10:00:16.615+0000] {logging_mixin.py:115} INFO - [2024-08-12T10:00:16.615+0000] {dag.py:2429} INFO - Sync 1 DAGs
[2024-08-12T10:00:16.634+0000] {logging_mixin.py:115} INFO - [2024-08-12T10:00:16.634+0000] {dag.py:2981} INFO - Setting next_dagrun for example_dag_decorator to None, run_after=None
[2024-08-12T10:00:16.644+0000] {processor.py:161} INFO - Processing /home/airflow/.local/lib/python3.7/site-packages/airflow/example_dags/example_dag_decorator.py took 0.077 seconds
[2024-08-12T10:00:47.377+0000] {processor.py:153} INFO - Started process (PID=507) to work on /home/airflow/.local/lib/python3.7/site-packages/airflow/example_dags/example_dag_decorator.py
[2024-08-12T10:00:47.378+0000] {processor.py:640} INFO - Processing file /home/airflow/.local/lib/python3.7/site-packages/airflow/example_dags/example_dag_decorator.py for tasks to queue
[2024-08-12T10:00:47.379+0000] {logging_mixin.py:115} INFO - [2024-08-12T10:00:47.379+0000] {dagbag.py:508} INFO - Filling up the DagBag from /home/airflow/.local/lib/python3.7/site-packages/airflow/example_dags/example_dag_decorator.py
[2024-08-12T10:00:47.397+0000] {processor.py:650} INFO - DAG(s) dict_keys(['example_dag_decorator']) retrieved from /home/airflow/.local/lib/python3.7/site-packages/airflow/example_dags/example_dag_decorator.py
[2024-08-12T10:00:47.458+0000] {logging_mixin.py:115} INFO - [2024-08-12T10:00:47.457+0000] {dag.py:2429} INFO - Sync 1 DAGs
[2024-08-12T10:00:47.473+0000] {logging_mixin.py:115} INFO - [2024-08-12T10:00:47.473+0000] {dag.py:2981} INFO - Setting next_dagrun for example_dag_decorator to None, run_after=None
[2024-08-12T10:00:47.485+0000] {processor.py:161} INFO - Processing /home/airflow/.local/lib/python3.7/site-packages/airflow/example_dags/example_dag_decorator.py took 0.110 seconds
[2024-08-12T10:01:18.254+0000] {processor.py:153} INFO - Started process (PID=570) to work on /home/airflow/.local/lib/python3.7/site-packages/airflow/example_dags/example_dag_decorator.py
[2024-08-12T10:01:18.255+0000] {processor.py:640} INFO - Processing file /home/airflow/.local/lib/python3.7/site-packages/airflow/example_dags/example_dag_decorator.py for tasks to queue
[2024-08-12T10:01:18.255+0000] {logging_mixin.py:115} INFO - [2024-08-12T10:01:18.255+0000] {dagbag.py:508} INFO - Filling up the DagBag from /home/airflow/.local/lib/python3.7/site-packages/airflow/example_dags/example_dag_decorator.py
[2024-08-12T10:01:18.273+0000] {processor.py:650} INFO - DAG(s) dict_keys(['example_dag_decorator']) retrieved from /home/airflow/.local/lib/python3.7/site-packages/airflow/example_dags/example_dag_decorator.py
[2024-08-12T10:01:18.299+0000] {logging_mixin.py:115} INFO - [2024-08-12T10:01:18.299+0000] {dag.py:2429} INFO - Sync 1 DAGs
[2024-08-12T10:01:18.320+0000] {logging_mixin.py:115} INFO - [2024-08-12T10:01:18.320+0000] {dag.py:2981} INFO - Setting next_dagrun for example_dag_decorator to None, run_after=None
[2024-08-12T10:01:18.331+0000] {processor.py:161} INFO - Processing /home/airflow/.local/lib/python3.7/site-packages/airflow/example_dags/example_dag_decorator.py took 0.079 seconds
[2024-08-12T10:01:48.976+0000] {processor.py:153} INFO - Started process (PID=624) to work on /home/airflow/.local/lib/python3.7/site-packages/airflow/example_dags/example_dag_decorator.py
[2024-08-12T10:01:48.977+0000] {processor.py:640} INFO - Processing file /home/airflow/.local/lib/python3.7/site-packages/airflow/example_dags/example_dag_decorator.py for tasks to queue
[2024-08-12T10:01:48.978+0000] {logging_mixin.py:115} INFO - [2024-08-12T10:01:48.978+0000] {dagbag.py:508} INFO - Filling up the DagBag from /home/airflow/.local/lib/python3.7/site-packages/airflow/example_dags/example_dag_decorator.py
[2024-08-12T10:01:48.999+0000] {processor.py:650} INFO - DAG(s) dict_keys(['example_dag_decorator']) retrieved from /home/airflow/.local/lib/python3.7/site-packages/airflow/example_dags/example_dag_decorator.py
[2024-08-12T10:01:49.024+0000] {logging_mixin.py:115} INFO - [2024-08-12T10:01:49.023+0000] {dag.py:2429} INFO - Sync 1 DAGs
[2024-08-12T10:01:49.044+0000] {logging_mixin.py:115} INFO - [2024-08-12T10:01:49.044+0000] {dag.py:2981} INFO - Setting next_dagrun for example_dag_decorator to None, run_after=None
[2024-08-12T10:01:49.054+0000] {processor.py:161} INFO - Processing /home/airflow/.local/lib/python3.7/site-packages/airflow/example_dags/example_dag_decorator.py took 0.080 seconds
[2024-08-12T10:02:19.787+0000] {processor.py:153} INFO - Started process (PID=687) to work on /home/airflow/.local/lib/python3.7/site-packages/airflow/example_dags/example_dag_decorator.py
[2024-08-12T10:02:19.788+0000] {processor.py:640} INFO - Processing file /home/airflow/.local/lib/python3.7/site-packages/airflow/example_dags/example_dag_decorator.py for tasks to queue
[2024-08-12T10:02:19.789+0000] {logging_mixin.py:115} INFO - [2024-08-12T10:02:19.789+0000] {dagbag.py:508} INFO - Filling up the DagBag from /home/airflow/.local/lib/python3.7/site-packages/airflow/example_dags/example_dag_decorator.py
[2024-08-12T10:02:19.807+0000] {processor.py:650} INFO - DAG(s) dict_keys(['example_dag_decorator']) retrieved from /home/airflow/.local/lib/python3.7/site-packages/airflow/example_dags/example_dag_decorator.py
[2024-08-12T10:02:19.869+0000] {logging_mixin.py:115} INFO - [2024-08-12T10:02:19.869+0000] {dag.py:2429} INFO - Sync 1 DAGs
[2024-08-12T10:02:19.887+0000] {logging_mixin.py:115} INFO - [2024-08-12T10:02:19.886+0000] {dag.py:2981} INFO - Setting next_dagrun for example_dag_decorator to None, run_after=None
[2024-08-12T10:02:19.899+0000] {processor.py:161} INFO - Processing /home/airflow/.local/lib/python3.7/site-packages/airflow/example_dags/example_dag_decorator.py took 0.115 seconds
[2024-08-12T10:02:50.630+0000] {processor.py:153} INFO - Started process (PID=750) to work on /home/airflow/.local/lib/python3.7/site-packages/airflow/example_dags/example_dag_decorator.py
[2024-08-12T10:02:50.631+0000] {processor.py:640} INFO - Processing file /home/airflow/.local/lib/python3.7/site-packages/airflow/example_dags/example_dag_decorator.py for tasks to queue
[2024-08-12T10:02:50.631+0000] {logging_mixin.py:115} INFO - [2024-08-12T10:02:50.631+0000] {dagbag.py:508} INFO - Filling up the DagBag from /home/airflow/.local/lib/python3.7/site-packages/airflow/example_dags/example_dag_decorator.py
[2024-08-12T10:02:50.651+0000] {processor.py:650} INFO - DAG(s) dict_keys(['example_dag_decorator']) retrieved from /home/airflow/.local/lib/python3.7/site-packages/airflow/example_dags/example_dag_decorator.py
[2024-08-12T10:02:50.708+0000] {logging_mixin.py:115} INFO - [2024-08-12T10:02:50.708+0000] {dag.py:2429} INFO - Sync 1 DAGs
[2024-08-12T10:02:50.724+0000] {logging_mixin.py:115} INFO - [2024-08-12T10:02:50.724+0000] {dag.py:2981} INFO - Setting next_dagrun for example_dag_decorator to None, run_after=None
[2024-08-12T10:02:50.735+0000] {processor.py:161} INFO - Processing /home/airflow/.local/lib/python3.7/site-packages/airflow/example_dags/example_dag_decorator.py took 0.107 seconds
[2024-08-12T10:03:21.509+0000] {processor.py:153} INFO - Started process (PID=813) to work on /home/airflow/.local/lib/python3.7/site-packages/airflow/example_dags/example_dag_decorator.py
[2024-08-12T10:03:21.510+0000] {processor.py:640} INFO - Processing file /home/airflow/.local/lib/python3.7/site-packages/airflow/example_dags/example_dag_decorator.py for tasks to queue
[2024-08-12T10:03:21.510+0000] {logging_mixin.py:115} INFO - [2024-08-12T10:03:21.510+0000] {dagbag.py:508} INFO - Filling up the DagBag from /home/airflow/.local/lib/python3.7/site-packages/airflow/example_dags/example_dag_decorator.py
[2024-08-12T10:03:21.529+0000] {processor.py:650} INFO - DAG(s) dict_keys(['example_dag_decorator']) retrieved from /home/airflow/.local/lib/python3.7/site-packages/airflow/example_dags/example_dag_decorator.py
[2024-08-12T10:03:21.554+0000] {logging_mixin.py:115} INFO - [2024-08-12T10:03:21.554+0000] {dag.py:2429} INFO - Sync 1 DAGs
[2024-08-12T10:03:21.574+0000] {logging_mixin.py:115} INFO - [2024-08-12T10:03:21.574+0000] {dag.py:2981} INFO - Setting next_dagrun for example_dag_decorator to None, run_after=None
[2024-08-12T10:03:21.585+0000] {processor.py:161} INFO - Processing /home/airflow/.local/lib/python3.7/site-packages/airflow/example_dags/example_dag_decorator.py took 0.079 seconds
[2024-08-12T10:03:52.437+0000] {processor.py:153} INFO - Started process (PID=867) to work on /home/airflow/.local/lib/python3.7/site-packages/airflow/example_dags/example_dag_decorator.py
[2024-08-12T10:03:52.438+0000] {processor.py:640} INFO - Processing file /home/airflow/.local/lib/python3.7/site-packages/airflow/example_dags/example_dag_decorator.py for tasks to queue
[2024-08-12T10:03:52.439+0000] {logging_mixin.py:115} INFO - [2024-08-12T10:03:52.439+0000] {dagbag.py:508} INFO - Filling up the DagBag from /home/airflow/.local/lib/python3.7/site-packages/airflow/example_dags/example_dag_decorator.py
[2024-08-12T10:03:52.456+0000] {processor.py:650} INFO - DAG(s) dict_keys(['example_dag_decorator']) retrieved from /home/airflow/.local/lib/python3.7/site-packages/airflow/example_dags/example_dag_decorator.py
[2024-08-12T10:03:52.480+0000] {logging_mixin.py:115} INFO - [2024-08-12T10:03:52.480+0000] {dag.py:2429} INFO - Sync 1 DAGs
[2024-08-12T10:03:52.499+0000] {logging_mixin.py:115} INFO - [2024-08-12T10:03:52.499+0000] {dag.py:2981} INFO - Setting next_dagrun for example_dag_decorator to None, run_after=None
[2024-08-12T10:03:52.510+0000] {processor.py:161} INFO - Processing /home/airflow/.local/lib/python3.7/site-packages/airflow/example_dags/example_dag_decorator.py took 0.075 seconds
[2024-08-12T10:04:23.217+0000] {processor.py:153} INFO - Started process (PID=930) to work on /home/airflow/.local/lib/python3.7/site-packages/airflow/example_dags/example_dag_decorator.py
[2024-08-12T10:04:23.218+0000] {processor.py:640} INFO - Processing file /home/airflow/.local/lib/python3.7/site-packages/airflow/example_dags/example_dag_decorator.py for tasks to queue
[2024-08-12T10:04:23.218+0000] {logging_mixin.py:115} INFO - [2024-08-12T10:04:23.218+0000] {dagbag.py:508} INFO - Filling up the DagBag from /home/airflow/.local/lib/python3.7/site-packages/airflow/example_dags/example_dag_decorator.py
[2024-08-12T10:04:23.237+0000] {processor.py:650} INFO - DAG(s) dict_keys(['example_dag_decorator']) retrieved from /home/airflow/.local/lib/python3.7/site-packages/airflow/example_dags/example_dag_decorator.py
[2024-08-12T10:04:23.295+0000] {logging_mixin.py:115} INFO - [2024-08-12T10:04:23.295+0000] {dag.py:2429} INFO - Sync 1 DAGs
[2024-08-12T10:04:23.312+0000] {logging_mixin.py:115} INFO - [2024-08-12T10:04:23.312+0000] {dag.py:2981} INFO - Setting next_dagrun for example_dag_decorator to None, run_after=None
[2024-08-12T10:04:23.324+0000] {processor.py:161} INFO - Processing /home/airflow/.local/lib/python3.7/site-packages/airflow/example_dags/example_dag_decorator.py took 0.110 seconds
[2024-08-12T10:04:54.069+0000] {processor.py:153} INFO - Started process (PID=993) to work on /home/airflow/.local/lib/python3.7/site-packages/airflow/example_dags/example_dag_decorator.py
[2024-08-12T10:04:54.070+0000] {processor.py:640} INFO - Processing file /home/airflow/.local/lib/python3.7/site-packages/airflow/example_dags/example_dag_decorator.py for tasks to queue
[2024-08-12T10:04:54.071+0000] {logging_mixin.py:115} INFO - [2024-08-12T10:04:54.070+0000] {dagbag.py:508} INFO - Filling up the DagBag from /home/airflow/.local/lib/python3.7/site-packages/airflow/example_dags/example_dag_decorator.py
[2024-08-12T10:04:54.088+0000] {processor.py:650} INFO - DAG(s) dict_keys(['example_dag_decorator']) retrieved from /home/airflow/.local/lib/python3.7/site-packages/airflow/example_dags/example_dag_decorator.py
[2024-08-12T10:04:54.144+0000] {logging_mixin.py:115} INFO - [2024-08-12T10:04:54.143+0000] {dag.py:2429} INFO - Sync 1 DAGs
[2024-08-12T10:04:54.158+0000] {logging_mixin.py:115} INFO - [2024-08-12T10:04:54.158+0000] {dag.py:2981} INFO - Setting next_dagrun for example_dag_decorator to None, run_after=None
[2024-08-12T10:04:54.170+0000] {processor.py:161} INFO - Processing /home/airflow/.local/lib/python3.7/site-packages/airflow/example_dags/example_dag_decorator.py took 0.103 seconds
[2024-08-12T10:05:24.957+0000] {processor.py:153} INFO - Started process (PID=1056) to work on /home/airflow/.local/lib/python3.7/site-packages/airflow/example_dags/example_dag_decorator.py
[2024-08-12T10:05:24.958+0000] {processor.py:640} INFO - Processing file /home/airflow/.local/lib/python3.7/site-packages/airflow/example_dags/example_dag_decorator.py for tasks to queue
[2024-08-12T10:05:24.958+0000] {logging_mixin.py:115} INFO - [2024-08-12T10:05:24.958+0000] {dagbag.py:508} INFO - Filling up the DagBag from /home/airflow/.local/lib/python3.7/site-packages/airflow/example_dags/example_dag_decorator.py
[2024-08-12T10:05:24.976+0000] {processor.py:650} INFO - DAG(s) dict_keys(['example_dag_decorator']) retrieved from /home/airflow/.local/lib/python3.7/site-packages/airflow/example_dags/example_dag_decorator.py
[2024-08-12T10:05:25.038+0000] {logging_mixin.py:115} INFO - [2024-08-12T10:05:25.038+0000] {dag.py:2429} INFO - Sync 1 DAGs
[2024-08-12T10:05:25.054+0000] {logging_mixin.py:115} INFO - [2024-08-12T10:05:25.053+0000] {dag.py:2981} INFO - Setting next_dagrun for example_dag_decorator to None, run_after=None
[2024-08-12T10:05:25.067+0000] {processor.py:161} INFO - Processing /home/airflow/.local/lib/python3.7/site-packages/airflow/example_dags/example_dag_decorator.py took 0.113 seconds
[2024-08-12T10:05:55.741+0000] {processor.py:153} INFO - Started process (PID=1110) to work on /home/airflow/.local/lib/python3.7/site-packages/airflow/example_dags/example_dag_decorator.py
[2024-08-12T10:05:55.742+0000] {processor.py:640} INFO - Processing file /home/airflow/.local/lib/python3.7/site-packages/airflow/example_dags/example_dag_decorator.py for tasks to queue
[2024-08-12T10:05:55.743+0000] {logging_mixin.py:115} INFO - [2024-08-12T10:05:55.743+0000] {dagbag.py:508} INFO - Filling up the DagBag from /home/airflow/.local/lib/python3.7/site-packages/airflow/example_dags/example_dag_decorator.py
[2024-08-12T10:05:55.762+0000] {processor.py:650} INFO - DAG(s) dict_keys(['example_dag_decorator']) retrieved from /home/airflow/.local/lib/python3.7/site-packages/airflow/example_dags/example_dag_decorator.py
[2024-08-12T10:05:55.786+0000] {logging_mixin.py:115} INFO - [2024-08-12T10:05:55.786+0000] {dag.py:2429} INFO - Sync 1 DAGs
[2024-08-12T10:05:55.805+0000] {logging_mixin.py:115} INFO - [2024-08-12T10:05:55.805+0000] {dag.py:2981} INFO - Setting next_dagrun for example_dag_decorator to None, run_after=None
[2024-08-12T10:05:55.815+0000] {processor.py:161} INFO - Processing /home/airflow/.local/lib/python3.7/site-packages/airflow/example_dags/example_dag_decorator.py took 0.077 seconds
[2024-08-12T10:06:26.488+0000] {processor.py:153} INFO - Started process (PID=1173) to work on /home/airflow/.local/lib/python3.7/site-packages/airflow/example_dags/example_dag_decorator.py
[2024-08-12T10:06:26.489+0000] {processor.py:640} INFO - Processing file /home/airflow/.local/lib/python3.7/site-packages/airflow/example_dags/example_dag_decorator.py for tasks to queue
[2024-08-12T10:06:26.490+0000] {logging_mixin.py:115} INFO - [2024-08-12T10:06:26.490+0000] {dagbag.py:508} INFO - Filling up the DagBag from /home/airflow/.local/lib/python3.7/site-packages/airflow/example_dags/example_dag_decorator.py
[2024-08-12T10:06:26.508+0000] {processor.py:650} INFO - DAG(s) dict_keys(['example_dag_decorator']) retrieved from /home/airflow/.local/lib/python3.7/site-packages/airflow/example_dags/example_dag_decorator.py
[2024-08-12T10:06:26.566+0000] {logging_mixin.py:115} INFO - [2024-08-12T10:06:26.565+0000] {dag.py:2429} INFO - Sync 1 DAGs
[2024-08-12T10:06:26.588+0000] {logging_mixin.py:115} INFO - [2024-08-12T10:06:26.588+0000] {dag.py:2981} INFO - Setting next_dagrun for example_dag_decorator to None, run_after=None
[2024-08-12T10:06:26.604+0000] {processor.py:161} INFO - Processing /home/airflow/.local/lib/python3.7/site-packages/airflow/example_dags/example_dag_decorator.py took 0.118 seconds
[2024-08-12T10:06:57.516+0000] {processor.py:153} INFO - Started process (PID=1236) to work on /home/airflow/.local/lib/python3.7/site-packages/airflow/example_dags/example_dag_decorator.py
[2024-08-12T10:06:57.517+0000] {processor.py:640} INFO - Processing file /home/airflow/.local/lib/python3.7/site-packages/airflow/example_dags/example_dag_decorator.py for tasks to queue
[2024-08-12T10:06:57.518+0000] {logging_mixin.py:115} INFO - [2024-08-12T10:06:57.518+0000] {dagbag.py:508} INFO - Filling up the DagBag from /home/airflow/.local/lib/python3.7/site-packages/airflow/example_dags/example_dag_decorator.py
[2024-08-12T10:06:57.541+0000] {processor.py:650} INFO - DAG(s) dict_keys(['example_dag_decorator']) retrieved from /home/airflow/.local/lib/python3.7/site-packages/airflow/example_dags/example_dag_decorator.py
[2024-08-12T10:06:57.571+0000] {logging_mixin.py:115} INFO - [2024-08-12T10:06:57.571+0000] {dag.py:2429} INFO - Sync 1 DAGs
[2024-08-12T10:06:57.590+0000] {logging_mixin.py:115} INFO - [2024-08-12T10:06:57.590+0000] {dag.py:2981} INFO - Setting next_dagrun for example_dag_decorator to None, run_after=None
[2024-08-12T10:06:57.604+0000] {processor.py:161} INFO - Processing /home/airflow/.local/lib/python3.7/site-packages/airflow/example_dags/example_dag_decorator.py took 0.090 seconds
[2024-08-12T10:07:27.857+0000] {processor.py:153} INFO - Started process (PID=1299) to work on /home/airflow/.local/lib/python3.7/site-packages/airflow/example_dags/example_dag_decorator.py
[2024-08-12T10:07:27.858+0000] {processor.py:640} INFO - Processing file /home/airflow/.local/lib/python3.7/site-packages/airflow/example_dags/example_dag_decorator.py for tasks to queue
[2024-08-12T10:07:27.859+0000] {logging_mixin.py:115} INFO - [2024-08-12T10:07:27.858+0000] {dagbag.py:508} INFO - Filling up the DagBag from /home/airflow/.local/lib/python3.7/site-packages/airflow/example_dags/example_dag_decorator.py
[2024-08-12T10:07:27.877+0000] {processor.py:650} INFO - DAG(s) dict_keys(['example_dag_decorator']) retrieved from /home/airflow/.local/lib/python3.7/site-packages/airflow/example_dags/example_dag_decorator.py
[2024-08-12T10:07:27.935+0000] {logging_mixin.py:115} INFO - [2024-08-12T10:07:27.935+0000] {dag.py:2429} INFO - Sync 1 DAGs
[2024-08-12T10:07:27.954+0000] {logging_mixin.py:115} INFO - [2024-08-12T10:07:27.954+0000] {dag.py:2981} INFO - Setting next_dagrun for example_dag_decorator to None, run_after=None
[2024-08-12T10:07:27.969+0000] {processor.py:161} INFO - Processing /home/airflow/.local/lib/python3.7/site-packages/airflow/example_dags/example_dag_decorator.py took 0.114 seconds
[2024-08-12T10:07:58.728+0000] {processor.py:153} INFO - Started process (PID=1353) to work on /home/airflow/.local/lib/python3.7/site-packages/airflow/example_dags/example_dag_decorator.py
[2024-08-12T10:07:58.729+0000] {processor.py:640} INFO - Processing file /home/airflow/.local/lib/python3.7/site-packages/airflow/example_dags/example_dag_decorator.py for tasks to queue
[2024-08-12T10:07:58.729+0000] {logging_mixin.py:115} INFO - [2024-08-12T10:07:58.729+0000] {dagbag.py:508} INFO - Filling up the DagBag from /home/airflow/.local/lib/python3.7/site-packages/airflow/example_dags/example_dag_decorator.py
[2024-08-12T10:07:58.746+0000] {processor.py:650} INFO - DAG(s) dict_keys(['example_dag_decorator']) retrieved from /home/airflow/.local/lib/python3.7/site-packages/airflow/example_dags/example_dag_decorator.py
[2024-08-12T10:07:58.802+0000] {logging_mixin.py:115} INFO - [2024-08-12T10:07:58.802+0000] {dag.py:2429} INFO - Sync 1 DAGs
[2024-08-12T10:07:58.818+0000] {logging_mixin.py:115} INFO - [2024-08-12T10:07:58.818+0000] {dag.py:2981} INFO - Setting next_dagrun for example_dag_decorator to None, run_after=None
[2024-08-12T10:07:58.829+0000] {processor.py:161} INFO - Processing /home/airflow/.local/lib/python3.7/site-packages/airflow/example_dags/example_dag_decorator.py took 0.104 seconds
[2024-08-12T10:08:29.472+0000] {processor.py:153} INFO - Started process (PID=1416) to work on /home/airflow/.local/lib/python3.7/site-packages/airflow/example_dags/example_dag_decorator.py
[2024-08-12T10:08:29.472+0000] {processor.py:640} INFO - Processing file /home/airflow/.local/lib/python3.7/site-packages/airflow/example_dags/example_dag_decorator.py for tasks to queue
[2024-08-12T10:08:29.473+0000] {logging_mixin.py:115} INFO - [2024-08-12T10:08:29.473+0000] {dagbag.py:508} INFO - Filling up the DagBag from /home/airflow/.local/lib/python3.7/site-packages/airflow/example_dags/example_dag_decorator.py
[2024-08-12T10:08:29.491+0000] {processor.py:650} INFO - DAG(s) dict_keys(['example_dag_decorator']) retrieved from /home/airflow/.local/lib/python3.7/site-packages/airflow/example_dags/example_dag_decorator.py
[2024-08-12T10:08:29.546+0000] {logging_mixin.py:115} INFO - [2024-08-12T10:08:29.546+0000] {dag.py:2429} INFO - Sync 1 DAGs
[2024-08-12T10:08:29.561+0000] {logging_mixin.py:115} INFO - [2024-08-12T10:08:29.561+0000] {dag.py:2981} INFO - Setting next_dagrun for example_dag_decorator to None, run_after=None
[2024-08-12T10:08:29.572+0000] {processor.py:161} INFO - Processing /home/airflow/.local/lib/python3.7/site-packages/airflow/example_dags/example_dag_decorator.py took 0.103 seconds
[2024-08-12T10:09:00.261+0000] {processor.py:153} INFO - Started process (PID=1479) to work on /home/airflow/.local/lib/python3.7/site-packages/airflow/example_dags/example_dag_decorator.py
[2024-08-12T10:09:00.262+0000] {processor.py:640} INFO - Processing file /home/airflow/.local/lib/python3.7/site-packages/airflow/example_dags/example_dag_decorator.py for tasks to queue
[2024-08-12T10:09:00.262+0000] {logging_mixin.py:115} INFO - [2024-08-12T10:09:00.262+0000] {dagbag.py:508} INFO - Filling up the DagBag from /home/airflow/.local/lib/python3.7/site-packages/airflow/example_dags/example_dag_decorator.py
[2024-08-12T10:09:00.280+0000] {processor.py:650} INFO - DAG(s) dict_keys(['example_dag_decorator']) retrieved from /home/airflow/.local/lib/python3.7/site-packages/airflow/example_dags/example_dag_decorator.py
[2024-08-12T10:09:00.305+0000] {logging_mixin.py:115} INFO - [2024-08-12T10:09:00.305+0000] {dag.py:2429} INFO - Sync 1 DAGs
[2024-08-12T10:09:00.324+0000] {logging_mixin.py:115} INFO - [2024-08-12T10:09:00.324+0000] {dag.py:2981} INFO - Setting next_dagrun for example_dag_decorator to None, run_after=None
[2024-08-12T10:09:00.334+0000] {processor.py:161} INFO - Processing /home/airflow/.local/lib/python3.7/site-packages/airflow/example_dags/example_dag_decorator.py took 0.075 seconds
[2024-08-12T10:09:30.919+0000] {processor.py:153} INFO - Started process (PID=1533) to work on /home/airflow/.local/lib/python3.7/site-packages/airflow/example_dags/example_dag_decorator.py
[2024-08-12T10:09:30.920+0000] {processor.py:640} INFO - Processing file /home/airflow/.local/lib/python3.7/site-packages/airflow/example_dags/example_dag_decorator.py for tasks to queue
[2024-08-12T10:09:30.921+0000] {logging_mixin.py:115} INFO - [2024-08-12T10:09:30.921+0000] {dagbag.py:508} INFO - Filling up the DagBag from /home/airflow/.local/lib/python3.7/site-packages/airflow/example_dags/example_dag_decorator.py
[2024-08-12T10:09:30.941+0000] {processor.py:650} INFO - DAG(s) dict_keys(['example_dag_decorator']) retrieved from /home/airflow/.local/lib/python3.7/site-packages/airflow/example_dags/example_dag_decorator.py
[2024-08-12T10:09:30.967+0000] {logging_mixin.py:115} INFO - [2024-08-12T10:09:30.966+0000] {dag.py:2429} INFO - Sync 1 DAGs
[2024-08-12T10:09:30.985+0000] {logging_mixin.py:115} INFO - [2024-08-12T10:09:30.985+0000] {dag.py:2981} INFO - Setting next_dagrun for example_dag_decorator to None, run_after=None
[2024-08-12T10:09:30.997+0000] {processor.py:161} INFO - Processing /home/airflow/.local/lib/python3.7/site-packages/airflow/example_dags/example_dag_decorator.py took 0.080 seconds
[2024-08-12T10:10:01.729+0000] {processor.py:153} INFO - Started process (PID=1596) to work on /home/airflow/.local/lib/python3.7/site-packages/airflow/example_dags/example_dag_decorator.py
[2024-08-12T10:10:01.730+0000] {processor.py:640} INFO - Processing file /home/airflow/.local/lib/python3.7/site-packages/airflow/example_dags/example_dag_decorator.py for tasks to queue
[2024-08-12T10:10:01.730+0000] {logging_mixin.py:115} INFO - [2024-08-12T10:10:01.730+0000] {dagbag.py:508} INFO - Filling up the DagBag from /home/airflow/.local/lib/python3.7/site-packages/airflow/example_dags/example_dag_decorator.py
[2024-08-12T10:10:01.749+0000] {processor.py:650} INFO - DAG(s) dict_keys(['example_dag_decorator']) retrieved from /home/airflow/.local/lib/python3.7/site-packages/airflow/example_dags/example_dag_decorator.py
[2024-08-12T10:10:01.810+0000] {logging_mixin.py:115} INFO - [2024-08-12T10:10:01.810+0000] {dag.py:2429} INFO - Sync 1 DAGs
[2024-08-12T10:10:01.839+0000] {logging_mixin.py:115} INFO - [2024-08-12T10:10:01.838+0000] {dag.py:2981} INFO - Setting next_dagrun for example_dag_decorator to None, run_after=None
[2024-08-12T10:10:01.859+0000] {processor.py:161} INFO - Processing /home/airflow/.local/lib/python3.7/site-packages/airflow/example_dags/example_dag_decorator.py took 0.133 seconds
[2024-08-12T10:10:32.470+0000] {processor.py:153} INFO - Started process (PID=1659) to work on /home/airflow/.local/lib/python3.7/site-packages/airflow/example_dags/example_dag_decorator.py
[2024-08-12T10:10:32.471+0000] {processor.py:640} INFO - Processing file /home/airflow/.local/lib/python3.7/site-packages/airflow/example_dags/example_dag_decorator.py for tasks to queue
[2024-08-12T10:10:32.472+0000] {logging_mixin.py:115} INFO - [2024-08-12T10:10:32.472+0000] {dagbag.py:508} INFO - Filling up the DagBag from /home/airflow/.local/lib/python3.7/site-packages/airflow/example_dags/example_dag_decorator.py
[2024-08-12T10:10:32.490+0000] {processor.py:650} INFO - DAG(s) dict_keys(['example_dag_decorator']) retrieved from /home/airflow/.local/lib/python3.7/site-packages/airflow/example_dags/example_dag_decorator.py
[2024-08-12T10:10:32.513+0000] {logging_mixin.py:115} INFO - [2024-08-12T10:10:32.512+0000] {dag.py:2429} INFO - Sync 1 DAGs
[2024-08-12T10:10:32.530+0000] {logging_mixin.py:115} INFO - [2024-08-12T10:10:32.530+0000] {dag.py:2981} INFO - Setting next_dagrun for example_dag_decorator to None, run_after=None
[2024-08-12T10:10:32.541+0000] {processor.py:161} INFO - Processing /home/airflow/.local/lib/python3.7/site-packages/airflow/example_dags/example_dag_decorator.py took 0.073 seconds
[2024-08-12T10:11:03.280+0000] {processor.py:153} INFO - Started process (PID=1722) to work on /home/airflow/.local/lib/python3.7/site-packages/airflow/example_dags/example_dag_decorator.py
[2024-08-12T10:11:03.281+0000] {processor.py:640} INFO - Processing file /home/airflow/.local/lib/python3.7/site-packages/airflow/example_dags/example_dag_decorator.py for tasks to queue
[2024-08-12T10:11:03.281+0000] {logging_mixin.py:115} INFO - [2024-08-12T10:11:03.281+0000] {dagbag.py:508} INFO - Filling up the DagBag from /home/airflow/.local/lib/python3.7/site-packages/airflow/example_dags/example_dag_decorator.py
[2024-08-12T10:11:03.299+0000] {processor.py:650} INFO - DAG(s) dict_keys(['example_dag_decorator']) retrieved from /home/airflow/.local/lib/python3.7/site-packages/airflow/example_dags/example_dag_decorator.py
[2024-08-12T10:11:03.324+0000] {logging_mixin.py:115} INFO - [2024-08-12T10:11:03.324+0000] {dag.py:2429} INFO - Sync 1 DAGs
[2024-08-12T10:11:03.344+0000] {logging_mixin.py:115} INFO - [2024-08-12T10:11:03.344+0000] {dag.py:2981} INFO - Setting next_dagrun for example_dag_decorator to None, run_after=None
[2024-08-12T10:11:03.354+0000] {processor.py:161} INFO - Processing /home/airflow/.local/lib/python3.7/site-packages/airflow/example_dags/example_dag_decorator.py took 0.078 seconds
[2024-08-12T10:11:34.034+0000] {processor.py:153} INFO - Started process (PID=1776) to work on /home/airflow/.local/lib/python3.7/site-packages/airflow/example_dags/example_dag_decorator.py
[2024-08-12T10:11:34.035+0000] {processor.py:640} INFO - Processing file /home/airflow/.local/lib/python3.7/site-packages/airflow/example_dags/example_dag_decorator.py for tasks to queue
[2024-08-12T10:11:34.036+0000] {logging_mixin.py:115} INFO - [2024-08-12T10:11:34.036+0000] {dagbag.py:508} INFO - Filling up the DagBag from /home/airflow/.local/lib/python3.7/site-packages/airflow/example_dags/example_dag_decorator.py
[2024-08-12T10:11:34.054+0000] {processor.py:650} INFO - DAG(s) dict_keys(['example_dag_decorator']) retrieved from /home/airflow/.local/lib/python3.7/site-packages/airflow/example_dags/example_dag_decorator.py
[2024-08-12T10:11:34.113+0000] {logging_mixin.py:115} INFO - [2024-08-12T10:11:34.113+0000] {dag.py:2429} INFO - Sync 1 DAGs
[2024-08-12T10:11:34.130+0000] {logging_mixin.py:115} INFO - [2024-08-12T10:11:34.130+0000] {dag.py:2981} INFO - Setting next_dagrun for example_dag_decorator to None, run_after=None
[2024-08-12T10:11:34.142+0000] {processor.py:161} INFO - Processing /home/airflow/.local/lib/python3.7/site-packages/airflow/example_dags/example_dag_decorator.py took 0.110 seconds
[2024-08-12T10:12:04.789+0000] {processor.py:153} INFO - Started process (PID=1839) to work on /home/airflow/.local/lib/python3.7/site-packages/airflow/example_dags/example_dag_decorator.py
[2024-08-12T10:12:04.790+0000] {processor.py:640} INFO - Processing file /home/airflow/.local/lib/python3.7/site-packages/airflow/example_dags/example_dag_decorator.py for tasks to queue
[2024-08-12T10:12:04.790+0000] {logging_mixin.py:115} INFO - [2024-08-12T10:12:04.790+0000] {dagbag.py:508} INFO - Filling up the DagBag from /home/airflow/.local/lib/python3.7/site-packages/airflow/example_dags/example_dag_decorator.py
[2024-08-12T10:12:04.808+0000] {processor.py:650} INFO - DAG(s) dict_keys(['example_dag_decorator']) retrieved from /home/airflow/.local/lib/python3.7/site-packages/airflow/example_dags/example_dag_decorator.py
[2024-08-12T10:12:04.834+0000] {logging_mixin.py:115} INFO - [2024-08-12T10:12:04.833+0000] {dag.py:2429} INFO - Sync 1 DAGs
[2024-08-12T10:12:04.856+0000] {logging_mixin.py:115} INFO - [2024-08-12T10:12:04.856+0000] {dag.py:2981} INFO - Setting next_dagrun for example_dag_decorator to None, run_after=None
[2024-08-12T10:12:04.870+0000] {processor.py:161} INFO - Processing /home/airflow/.local/lib/python3.7/site-packages/airflow/example_dags/example_dag_decorator.py took 0.083 seconds
[2024-08-12T10:12:35.761+0000] {processor.py:153} INFO - Started process (PID=1902) to work on /home/airflow/.local/lib/python3.7/site-packages/airflow/example_dags/example_dag_decorator.py
[2024-08-12T10:12:35.762+0000] {processor.py:640} INFO - Processing file /home/airflow/.local/lib/python3.7/site-packages/airflow/example_dags/example_dag_decorator.py for tasks to queue
[2024-08-12T10:12:35.762+0000] {logging_mixin.py:115} INFO - [2024-08-12T10:12:35.762+0000] {dagbag.py:508} INFO - Filling up the DagBag from /home/airflow/.local/lib/python3.7/site-packages/airflow/example_dags/example_dag_decorator.py
[2024-08-12T10:12:35.786+0000] {processor.py:650} INFO - DAG(s) dict_keys(['example_dag_decorator']) retrieved from /home/airflow/.local/lib/python3.7/site-packages/airflow/example_dags/example_dag_decorator.py
[2024-08-12T10:12:35.849+0000] {logging_mixin.py:115} INFO - [2024-08-12T10:12:35.849+0000] {dag.py:2429} INFO - Sync 1 DAGs
[2024-08-12T10:12:35.866+0000] {logging_mixin.py:115} INFO - [2024-08-12T10:12:35.866+0000] {dag.py:2981} INFO - Setting next_dagrun for example_dag_decorator to None, run_after=None
[2024-08-12T10:12:35.878+0000] {processor.py:161} INFO - Processing /home/airflow/.local/lib/python3.7/site-packages/airflow/example_dags/example_dag_decorator.py took 0.120 seconds
[2024-08-12T10:13:06.622+0000] {processor.py:153} INFO - Started process (PID=1965) to work on /home/airflow/.local/lib/python3.7/site-packages/airflow/example_dags/example_dag_decorator.py
[2024-08-12T10:13:06.622+0000] {processor.py:640} INFO - Processing file /home/airflow/.local/lib/python3.7/site-packages/airflow/example_dags/example_dag_decorator.py for tasks to queue
[2024-08-12T10:13:06.623+0000] {logging_mixin.py:115} INFO - [2024-08-12T10:13:06.623+0000] {dagbag.py:508} INFO - Filling up the DagBag from /home/airflow/.local/lib/python3.7/site-packages/airflow/example_dags/example_dag_decorator.py
[2024-08-12T10:13:06.641+0000] {processor.py:650} INFO - DAG(s) dict_keys(['example_dag_decorator']) retrieved from /home/airflow/.local/lib/python3.7/site-packages/airflow/example_dags/example_dag_decorator.py
[2024-08-12T10:13:06.665+0000] {logging_mixin.py:115} INFO - [2024-08-12T10:13:06.665+0000] {dag.py:2429} INFO - Sync 1 DAGs
[2024-08-12T10:13:06.683+0000] {logging_mixin.py:115} INFO - [2024-08-12T10:13:06.683+0000] {dag.py:2981} INFO - Setting next_dagrun for example_dag_decorator to None, run_after=None
[2024-08-12T10:13:06.693+0000] {processor.py:161} INFO - Processing /home/airflow/.local/lib/python3.7/site-packages/airflow/example_dags/example_dag_decorator.py took 0.074 seconds
[2024-08-12T10:13:37.287+0000] {processor.py:153} INFO - Started process (PID=2019) to work on /home/airflow/.local/lib/python3.7/site-packages/airflow/example_dags/example_dag_decorator.py
[2024-08-12T10:13:37.288+0000] {processor.py:640} INFO - Processing file /home/airflow/.local/lib/python3.7/site-packages/airflow/example_dags/example_dag_decorator.py for tasks to queue
[2024-08-12T10:13:37.289+0000] {logging_mixin.py:115} INFO - [2024-08-12T10:13:37.289+0000] {dagbag.py:508} INFO - Filling up the DagBag from /home/airflow/.local/lib/python3.7/site-packages/airflow/example_dags/example_dag_decorator.py
[2024-08-12T10:13:37.307+0000] {processor.py:650} INFO - DAG(s) dict_keys(['example_dag_decorator']) retrieved from /home/airflow/.local/lib/python3.7/site-packages/airflow/example_dags/example_dag_decorator.py
[2024-08-12T10:13:37.363+0000] {logging_mixin.py:115} INFO - [2024-08-12T10:13:37.363+0000] {dag.py:2429} INFO - Sync 1 DAGs
[2024-08-12T10:13:37.379+0000] {logging_mixin.py:115} INFO - [2024-08-12T10:13:37.379+0000] {dag.py:2981} INFO - Setting next_dagrun for example_dag_decorator to None, run_after=None
[2024-08-12T10:13:37.390+0000] {processor.py:161} INFO - Processing /home/airflow/.local/lib/python3.7/site-packages/airflow/example_dags/example_dag_decorator.py took 0.105 seconds
[2024-08-12T10:14:08.271+0000] {processor.py:153} INFO - Started process (PID=2082) to work on /home/airflow/.local/lib/python3.7/site-packages/airflow/example_dags/example_dag_decorator.py
[2024-08-12T10:14:08.272+0000] {processor.py:640} INFO - Processing file /home/airflow/.local/lib/python3.7/site-packages/airflow/example_dags/example_dag_decorator.py for tasks to queue
[2024-08-12T10:14:08.273+0000] {logging_mixin.py:115} INFO - [2024-08-12T10:14:08.273+0000] {dagbag.py:508} INFO - Filling up the DagBag from /home/airflow/.local/lib/python3.7/site-packages/airflow/example_dags/example_dag_decorator.py
[2024-08-12T10:14:08.291+0000] {processor.py:650} INFO - DAG(s) dict_keys(['example_dag_decorator']) retrieved from /home/airflow/.local/lib/python3.7/site-packages/airflow/example_dags/example_dag_decorator.py
[2024-08-12T10:14:08.348+0000] {logging_mixin.py:115} INFO - [2024-08-12T10:14:08.348+0000] {dag.py:2429} INFO - Sync 1 DAGs
[2024-08-12T10:14:08.365+0000] {logging_mixin.py:115} INFO - [2024-08-12T10:14:08.365+0000] {dag.py:2981} INFO - Setting next_dagrun for example_dag_decorator to None, run_after=None
[2024-08-12T10:14:08.378+0000] {processor.py:161} INFO - Processing /home/airflow/.local/lib/python3.7/site-packages/airflow/example_dags/example_dag_decorator.py took 0.109 seconds
