[2024-08-12T08:27:08.034+0000] {processor.py:153} INFO - Started process (PID=76) to work on /home/airflow/.local/lib/python3.7/site-packages/airflow/example_dags/example_nested_branch_dag.py
[2024-08-12T08:27:08.035+0000] {processor.py:640} INFO - Processing file /home/airflow/.local/lib/python3.7/site-packages/airflow/example_dags/example_nested_branch_dag.py for tasks to queue
[2024-08-12T08:27:08.035+0000] {logging_mixin.py:115} INFO - [2024-08-12T08:27:08.035+0000] {dagbag.py:508} INFO - Filling up the DagBag from /home/airflow/.local/lib/python3.7/site-packages/airflow/example_dags/example_nested_branch_dag.py
[2024-08-12T08:27:08.046+0000] {processor.py:650} INFO - DAG(s) dict_keys(['example_nested_branch_dag']) retrieved from /home/airflow/.local/lib/python3.7/site-packages/airflow/example_dags/example_nested_branch_dag.py
[2024-08-12T08:27:08.145+0000] {logging_mixin.py:115} INFO - [2024-08-12T08:27:08.145+0000] {manager.py:508} INFO - Created Permission View: can edit on DAG:example_nested_branch_dag
[2024-08-12T08:27:08.157+0000] {logging_mixin.py:115} INFO - [2024-08-12T08:27:08.156+0000] {manager.py:508} INFO - Created Permission View: can read on DAG:example_nested_branch_dag
[2024-08-12T08:27:08.166+0000] {logging_mixin.py:115} INFO - [2024-08-12T08:27:08.166+0000] {manager.py:508} INFO - Created Permission View: can delete on DAG:example_nested_branch_dag
[2024-08-12T08:27:08.166+0000] {logging_mixin.py:115} INFO - [2024-08-12T08:27:08.166+0000] {dag.py:2429} INFO - Sync 1 DAGs
[2024-08-12T08:27:08.177+0000] {logging_mixin.py:115} INFO - [2024-08-12T08:27:08.177+0000] {dag.py:2448} INFO - Creating ORM DAG for example_nested_branch_dag
[2024-08-12T08:27:08.189+0000] {logging_mixin.py:115} INFO - [2024-08-12T08:27:08.189+0000] {dag.py:2981} INFO - Setting next_dagrun for example_nested_branch_dag to 2024-08-11T00:00:00+00:00, run_after=2024-08-12T00:00:00+00:00
[2024-08-12T08:27:08.214+0000] {processor.py:161} INFO - Processing /home/airflow/.local/lib/python3.7/site-packages/airflow/example_dags/example_nested_branch_dag.py took 0.183 seconds
[2024-08-12T08:27:38.436+0000] {processor.py:153} INFO - Started process (PID=128) to work on /home/airflow/.local/lib/python3.7/site-packages/airflow/example_dags/example_nested_branch_dag.py
[2024-08-12T08:27:38.437+0000] {processor.py:640} INFO - Processing file /home/airflow/.local/lib/python3.7/site-packages/airflow/example_dags/example_nested_branch_dag.py for tasks to queue
[2024-08-12T08:27:38.438+0000] {logging_mixin.py:115} INFO - [2024-08-12T08:27:38.437+0000] {dagbag.py:508} INFO - Filling up the DagBag from /home/airflow/.local/lib/python3.7/site-packages/airflow/example_dags/example_nested_branch_dag.py
[2024-08-12T08:27:38.446+0000] {processor.py:650} INFO - DAG(s) dict_keys(['example_nested_branch_dag']) retrieved from /home/airflow/.local/lib/python3.7/site-packages/airflow/example_dags/example_nested_branch_dag.py
[2024-08-12T08:27:38.467+0000] {logging_mixin.py:115} INFO - [2024-08-12T08:27:38.467+0000] {dag.py:2429} INFO - Sync 1 DAGs
[2024-08-12T08:27:38.487+0000] {logging_mixin.py:115} INFO - [2024-08-12T08:27:38.487+0000] {dag.py:2981} INFO - Setting next_dagrun for example_nested_branch_dag to 2024-08-11T00:00:00+00:00, run_after=2024-08-12T00:00:00+00:00
[2024-08-12T08:27:38.497+0000] {processor.py:161} INFO - Processing /home/airflow/.local/lib/python3.7/site-packages/airflow/example_dags/example_nested_branch_dag.py took 0.063 seconds
[2024-08-12T08:28:09.167+0000] {processor.py:153} INFO - Started process (PID=189) to work on /home/airflow/.local/lib/python3.7/site-packages/airflow/example_dags/example_nested_branch_dag.py
[2024-08-12T08:28:09.168+0000] {processor.py:640} INFO - Processing file /home/airflow/.local/lib/python3.7/site-packages/airflow/example_dags/example_nested_branch_dag.py for tasks to queue
[2024-08-12T08:28:09.169+0000] {logging_mixin.py:115} INFO - [2024-08-12T08:28:09.168+0000] {dagbag.py:508} INFO - Filling up the DagBag from /home/airflow/.local/lib/python3.7/site-packages/airflow/example_dags/example_nested_branch_dag.py
[2024-08-12T08:28:09.177+0000] {processor.py:650} INFO - DAG(s) dict_keys(['example_nested_branch_dag']) retrieved from /home/airflow/.local/lib/python3.7/site-packages/airflow/example_dags/example_nested_branch_dag.py
[2024-08-12T08:28:09.199+0000] {logging_mixin.py:115} INFO - [2024-08-12T08:28:09.199+0000] {dag.py:2429} INFO - Sync 1 DAGs
[2024-08-12T08:28:09.218+0000] {logging_mixin.py:115} INFO - [2024-08-12T08:28:09.218+0000] {dag.py:2981} INFO - Setting next_dagrun for example_nested_branch_dag to 2024-08-11T00:00:00+00:00, run_after=2024-08-12T00:00:00+00:00
[2024-08-12T08:28:09.228+0000] {processor.py:161} INFO - Processing /home/airflow/.local/lib/python3.7/site-packages/airflow/example_dags/example_nested_branch_dag.py took 0.063 seconds
[2024-08-12T09:57:12.001+0000] {processor.py:153} INFO - Started process (PID=78) to work on /home/airflow/.local/lib/python3.7/site-packages/airflow/example_dags/example_nested_branch_dag.py
[2024-08-12T09:57:12.003+0000] {processor.py:640} INFO - Processing file /home/airflow/.local/lib/python3.7/site-packages/airflow/example_dags/example_nested_branch_dag.py for tasks to queue
[2024-08-12T09:57:12.003+0000] {logging_mixin.py:115} INFO - [2024-08-12T09:57:12.003+0000] {dagbag.py:508} INFO - Filling up the DagBag from /home/airflow/.local/lib/python3.7/site-packages/airflow/example_dags/example_nested_branch_dag.py
[2024-08-12T09:57:12.020+0000] {processor.py:650} INFO - DAG(s) dict_keys(['example_nested_branch_dag']) retrieved from /home/airflow/.local/lib/python3.7/site-packages/airflow/example_dags/example_nested_branch_dag.py
[2024-08-12T09:57:12.051+0000] {logging_mixin.py:115} INFO - [2024-08-12T09:57:12.051+0000] {dag.py:2429} INFO - Sync 1 DAGs
[2024-08-12T09:57:12.080+0000] {logging_mixin.py:115} INFO - [2024-08-12T09:57:12.080+0000] {dag.py:2981} INFO - Setting next_dagrun for example_nested_branch_dag to 2024-08-11T00:00:00+00:00, run_after=2024-08-12T00:00:00+00:00
[2024-08-12T09:57:12.099+0000] {processor.py:161} INFO - Processing /home/airflow/.local/lib/python3.7/site-packages/airflow/example_dags/example_nested_branch_dag.py took 0.104 seconds
[2024-08-12T09:57:42.545+0000] {processor.py:153} INFO - Started process (PID=132) to work on /home/airflow/.local/lib/python3.7/site-packages/airflow/example_dags/example_nested_branch_dag.py
[2024-08-12T09:57:42.546+0000] {processor.py:640} INFO - Processing file /home/airflow/.local/lib/python3.7/site-packages/airflow/example_dags/example_nested_branch_dag.py for tasks to queue
[2024-08-12T09:57:42.546+0000] {logging_mixin.py:115} INFO - [2024-08-12T09:57:42.546+0000] {dagbag.py:508} INFO - Filling up the DagBag from /home/airflow/.local/lib/python3.7/site-packages/airflow/example_dags/example_nested_branch_dag.py
[2024-08-12T09:57:42.554+0000] {processor.py:650} INFO - DAG(s) dict_keys(['example_nested_branch_dag']) retrieved from /home/airflow/.local/lib/python3.7/site-packages/airflow/example_dags/example_nested_branch_dag.py
[2024-08-12T09:57:42.575+0000] {logging_mixin.py:115} INFO - [2024-08-12T09:57:42.575+0000] {dag.py:2429} INFO - Sync 1 DAGs
[2024-08-12T09:57:42.600+0000] {logging_mixin.py:115} INFO - [2024-08-12T09:57:42.600+0000] {dag.py:2981} INFO - Setting next_dagrun for example_nested_branch_dag to 2024-08-11T00:00:00+00:00, run_after=2024-08-12T00:00:00+00:00
[2024-08-12T09:57:42.610+0000] {processor.py:161} INFO - Processing /home/airflow/.local/lib/python3.7/site-packages/airflow/example_dags/example_nested_branch_dag.py took 0.068 seconds
[2024-08-12T09:58:13.381+0000] {processor.py:153} INFO - Started process (PID=195) to work on /home/airflow/.local/lib/python3.7/site-packages/airflow/example_dags/example_nested_branch_dag.py
[2024-08-12T09:58:13.382+0000] {processor.py:640} INFO - Processing file /home/airflow/.local/lib/python3.7/site-packages/airflow/example_dags/example_nested_branch_dag.py for tasks to queue
[2024-08-12T09:58:13.383+0000] {logging_mixin.py:115} INFO - [2024-08-12T09:58:13.383+0000] {dagbag.py:508} INFO - Filling up the DagBag from /home/airflow/.local/lib/python3.7/site-packages/airflow/example_dags/example_nested_branch_dag.py
[2024-08-12T09:58:13.392+0000] {processor.py:650} INFO - DAG(s) dict_keys(['example_nested_branch_dag']) retrieved from /home/airflow/.local/lib/python3.7/site-packages/airflow/example_dags/example_nested_branch_dag.py
[2024-08-12T09:58:13.413+0000] {logging_mixin.py:115} INFO - [2024-08-12T09:58:13.413+0000] {dag.py:2429} INFO - Sync 1 DAGs
[2024-08-12T09:58:13.433+0000] {logging_mixin.py:115} INFO - [2024-08-12T09:58:13.432+0000] {dag.py:2981} INFO - Setting next_dagrun for example_nested_branch_dag to 2024-08-11T00:00:00+00:00, run_after=2024-08-12T00:00:00+00:00
[2024-08-12T09:58:13.443+0000] {processor.py:161} INFO - Processing /home/airflow/.local/lib/python3.7/site-packages/airflow/example_dags/example_nested_branch_dag.py took 0.064 seconds
[2024-08-12T09:58:44.342+0000] {processor.py:153} INFO - Started process (PID=258) to work on /home/airflow/.local/lib/python3.7/site-packages/airflow/example_dags/example_nested_branch_dag.py
[2024-08-12T09:58:44.343+0000] {processor.py:640} INFO - Processing file /home/airflow/.local/lib/python3.7/site-packages/airflow/example_dags/example_nested_branch_dag.py for tasks to queue
[2024-08-12T09:58:44.344+0000] {logging_mixin.py:115} INFO - [2024-08-12T09:58:44.344+0000] {dagbag.py:508} INFO - Filling up the DagBag from /home/airflow/.local/lib/python3.7/site-packages/airflow/example_dags/example_nested_branch_dag.py
[2024-08-12T09:58:44.352+0000] {processor.py:650} INFO - DAG(s) dict_keys(['example_nested_branch_dag']) retrieved from /home/airflow/.local/lib/python3.7/site-packages/airflow/example_dags/example_nested_branch_dag.py
[2024-08-12T09:58:44.374+0000] {logging_mixin.py:115} INFO - [2024-08-12T09:58:44.374+0000] {dag.py:2429} INFO - Sync 1 DAGs
[2024-08-12T09:58:44.393+0000] {logging_mixin.py:115} INFO - [2024-08-12T09:58:44.393+0000] {dag.py:2981} INFO - Setting next_dagrun for example_nested_branch_dag to 2024-08-11T00:00:00+00:00, run_after=2024-08-12T00:00:00+00:00
[2024-08-12T09:58:44.403+0000] {processor.py:161} INFO - Processing /home/airflow/.local/lib/python3.7/site-packages/airflow/example_dags/example_nested_branch_dag.py took 0.063 seconds
[2024-08-12T09:59:15.368+0000] {processor.py:153} INFO - Started process (PID=321) to work on /home/airflow/.local/lib/python3.7/site-packages/airflow/example_dags/example_nested_branch_dag.py
[2024-08-12T09:59:15.369+0000] {processor.py:640} INFO - Processing file /home/airflow/.local/lib/python3.7/site-packages/airflow/example_dags/example_nested_branch_dag.py for tasks to queue
[2024-08-12T09:59:15.370+0000] {logging_mixin.py:115} INFO - [2024-08-12T09:59:15.370+0000] {dagbag.py:508} INFO - Filling up the DagBag from /home/airflow/.local/lib/python3.7/site-packages/airflow/example_dags/example_nested_branch_dag.py
[2024-08-12T09:59:15.378+0000] {processor.py:650} INFO - DAG(s) dict_keys(['example_nested_branch_dag']) retrieved from /home/airflow/.local/lib/python3.7/site-packages/airflow/example_dags/example_nested_branch_dag.py
[2024-08-12T09:59:15.399+0000] {logging_mixin.py:115} INFO - [2024-08-12T09:59:15.399+0000] {dag.py:2429} INFO - Sync 1 DAGs
[2024-08-12T09:59:15.418+0000] {logging_mixin.py:115} INFO - [2024-08-12T09:59:15.418+0000] {dag.py:2981} INFO - Setting next_dagrun for example_nested_branch_dag to 2024-08-11T00:00:00+00:00, run_after=2024-08-12T00:00:00+00:00
[2024-08-12T09:59:15.428+0000] {processor.py:161} INFO - Processing /home/airflow/.local/lib/python3.7/site-packages/airflow/example_dags/example_nested_branch_dag.py took 0.062 seconds
[2024-08-12T09:59:45.529+0000] {processor.py:153} INFO - Started process (PID=375) to work on /home/airflow/.local/lib/python3.7/site-packages/airflow/example_dags/example_nested_branch_dag.py
[2024-08-12T09:59:45.530+0000] {processor.py:640} INFO - Processing file /home/airflow/.local/lib/python3.7/site-packages/airflow/example_dags/example_nested_branch_dag.py for tasks to queue
[2024-08-12T09:59:45.531+0000] {logging_mixin.py:115} INFO - [2024-08-12T09:59:45.531+0000] {dagbag.py:508} INFO - Filling up the DagBag from /home/airflow/.local/lib/python3.7/site-packages/airflow/example_dags/example_nested_branch_dag.py
[2024-08-12T09:59:45.538+0000] {processor.py:650} INFO - DAG(s) dict_keys(['example_nested_branch_dag']) retrieved from /home/airflow/.local/lib/python3.7/site-packages/airflow/example_dags/example_nested_branch_dag.py
[2024-08-12T09:59:45.560+0000] {logging_mixin.py:115} INFO - [2024-08-12T09:59:45.559+0000] {dag.py:2429} INFO - Sync 1 DAGs
[2024-08-12T09:59:45.578+0000] {logging_mixin.py:115} INFO - [2024-08-12T09:59:45.578+0000] {dag.py:2981} INFO - Setting next_dagrun for example_nested_branch_dag to 2024-08-11T00:00:00+00:00, run_after=2024-08-12T00:00:00+00:00
[2024-08-12T09:59:45.590+0000] {processor.py:161} INFO - Processing /home/airflow/.local/lib/python3.7/site-packages/airflow/example_dags/example_nested_branch_dag.py took 0.063 seconds
[2024-08-12T10:00:16.301+0000] {processor.py:153} INFO - Started process (PID=438) to work on /home/airflow/.local/lib/python3.7/site-packages/airflow/example_dags/example_nested_branch_dag.py
[2024-08-12T10:00:16.302+0000] {processor.py:640} INFO - Processing file /home/airflow/.local/lib/python3.7/site-packages/airflow/example_dags/example_nested_branch_dag.py for tasks to queue
[2024-08-12T10:00:16.302+0000] {logging_mixin.py:115} INFO - [2024-08-12T10:00:16.302+0000] {dagbag.py:508} INFO - Filling up the DagBag from /home/airflow/.local/lib/python3.7/site-packages/airflow/example_dags/example_nested_branch_dag.py
[2024-08-12T10:00:16.310+0000] {processor.py:650} INFO - DAG(s) dict_keys(['example_nested_branch_dag']) retrieved from /home/airflow/.local/lib/python3.7/site-packages/airflow/example_dags/example_nested_branch_dag.py
[2024-08-12T10:00:16.331+0000] {logging_mixin.py:115} INFO - [2024-08-12T10:00:16.330+0000] {dag.py:2429} INFO - Sync 1 DAGs
[2024-08-12T10:00:16.349+0000] {logging_mixin.py:115} INFO - [2024-08-12T10:00:16.349+0000] {dag.py:2981} INFO - Setting next_dagrun for example_nested_branch_dag to 2024-08-11T00:00:00+00:00, run_after=2024-08-12T00:00:00+00:00
[2024-08-12T10:00:16.359+0000] {processor.py:161} INFO - Processing /home/airflow/.local/lib/python3.7/site-packages/airflow/example_dags/example_nested_branch_dag.py took 0.060 seconds
[2024-08-12T10:00:47.112+0000] {processor.py:153} INFO - Started process (PID=501) to work on /home/airflow/.local/lib/python3.7/site-packages/airflow/example_dags/example_nested_branch_dag.py
[2024-08-12T10:00:47.113+0000] {processor.py:640} INFO - Processing file /home/airflow/.local/lib/python3.7/site-packages/airflow/example_dags/example_nested_branch_dag.py for tasks to queue
[2024-08-12T10:00:47.114+0000] {logging_mixin.py:115} INFO - [2024-08-12T10:00:47.114+0000] {dagbag.py:508} INFO - Filling up the DagBag from /home/airflow/.local/lib/python3.7/site-packages/airflow/example_dags/example_nested_branch_dag.py
[2024-08-12T10:00:47.123+0000] {processor.py:650} INFO - DAG(s) dict_keys(['example_nested_branch_dag']) retrieved from /home/airflow/.local/lib/python3.7/site-packages/airflow/example_dags/example_nested_branch_dag.py
[2024-08-12T10:00:47.145+0000] {logging_mixin.py:115} INFO - [2024-08-12T10:00:47.145+0000] {dag.py:2429} INFO - Sync 1 DAGs
[2024-08-12T10:00:47.164+0000] {logging_mixin.py:115} INFO - [2024-08-12T10:00:47.164+0000] {dag.py:2981} INFO - Setting next_dagrun for example_nested_branch_dag to 2024-08-11T00:00:00+00:00, run_after=2024-08-12T00:00:00+00:00
[2024-08-12T10:00:47.175+0000] {processor.py:161} INFO - Processing /home/airflow/.local/lib/python3.7/site-packages/airflow/example_dags/example_nested_branch_dag.py took 0.065 seconds
[2024-08-12T10:01:17.976+0000] {processor.py:153} INFO - Started process (PID=564) to work on /home/airflow/.local/lib/python3.7/site-packages/airflow/example_dags/example_nested_branch_dag.py
[2024-08-12T10:01:17.977+0000] {processor.py:640} INFO - Processing file /home/airflow/.local/lib/python3.7/site-packages/airflow/example_dags/example_nested_branch_dag.py for tasks to queue
[2024-08-12T10:01:17.978+0000] {logging_mixin.py:115} INFO - [2024-08-12T10:01:17.978+0000] {dagbag.py:508} INFO - Filling up the DagBag from /home/airflow/.local/lib/python3.7/site-packages/airflow/example_dags/example_nested_branch_dag.py
[2024-08-12T10:01:17.986+0000] {processor.py:650} INFO - DAG(s) dict_keys(['example_nested_branch_dag']) retrieved from /home/airflow/.local/lib/python3.7/site-packages/airflow/example_dags/example_nested_branch_dag.py
[2024-08-12T10:01:18.008+0000] {logging_mixin.py:115} INFO - [2024-08-12T10:01:18.007+0000] {dag.py:2429} INFO - Sync 1 DAGs
[2024-08-12T10:01:18.028+0000] {logging_mixin.py:115} INFO - [2024-08-12T10:01:18.028+0000] {dag.py:2981} INFO - Setting next_dagrun for example_nested_branch_dag to 2024-08-11T00:00:00+00:00, run_after=2024-08-12T00:00:00+00:00
[2024-08-12T10:01:18.039+0000] {processor.py:161} INFO - Processing /home/airflow/.local/lib/python3.7/site-packages/airflow/example_dags/example_nested_branch_dag.py took 0.065 seconds
[2024-08-12T10:01:48.729+0000] {processor.py:153} INFO - Started process (PID=618) to work on /home/airflow/.local/lib/python3.7/site-packages/airflow/example_dags/example_nested_branch_dag.py
[2024-08-12T10:01:48.729+0000] {processor.py:640} INFO - Processing file /home/airflow/.local/lib/python3.7/site-packages/airflow/example_dags/example_nested_branch_dag.py for tasks to queue
[2024-08-12T10:01:48.730+0000] {logging_mixin.py:115} INFO - [2024-08-12T10:01:48.730+0000] {dagbag.py:508} INFO - Filling up the DagBag from /home/airflow/.local/lib/python3.7/site-packages/airflow/example_dags/example_nested_branch_dag.py
[2024-08-12T10:01:48.738+0000] {processor.py:650} INFO - DAG(s) dict_keys(['example_nested_branch_dag']) retrieved from /home/airflow/.local/lib/python3.7/site-packages/airflow/example_dags/example_nested_branch_dag.py
[2024-08-12T10:01:48.760+0000] {logging_mixin.py:115} INFO - [2024-08-12T10:01:48.760+0000] {dag.py:2429} INFO - Sync 1 DAGs
[2024-08-12T10:01:48.781+0000] {logging_mixin.py:115} INFO - [2024-08-12T10:01:48.781+0000] {dag.py:2981} INFO - Setting next_dagrun for example_nested_branch_dag to 2024-08-11T00:00:00+00:00, run_after=2024-08-12T00:00:00+00:00
[2024-08-12T10:01:48.793+0000] {processor.py:161} INFO - Processing /home/airflow/.local/lib/python3.7/site-packages/airflow/example_dags/example_nested_branch_dag.py took 0.068 seconds
[2024-08-12T10:02:19.541+0000] {processor.py:153} INFO - Started process (PID=681) to work on /home/airflow/.local/lib/python3.7/site-packages/airflow/example_dags/example_nested_branch_dag.py
[2024-08-12T10:02:19.542+0000] {processor.py:640} INFO - Processing file /home/airflow/.local/lib/python3.7/site-packages/airflow/example_dags/example_nested_branch_dag.py for tasks to queue
[2024-08-12T10:02:19.542+0000] {logging_mixin.py:115} INFO - [2024-08-12T10:02:19.542+0000] {dagbag.py:508} INFO - Filling up the DagBag from /home/airflow/.local/lib/python3.7/site-packages/airflow/example_dags/example_nested_branch_dag.py
[2024-08-12T10:02:19.551+0000] {processor.py:650} INFO - DAG(s) dict_keys(['example_nested_branch_dag']) retrieved from /home/airflow/.local/lib/python3.7/site-packages/airflow/example_dags/example_nested_branch_dag.py
[2024-08-12T10:02:19.573+0000] {logging_mixin.py:115} INFO - [2024-08-12T10:02:19.572+0000] {dag.py:2429} INFO - Sync 1 DAGs
[2024-08-12T10:02:19.592+0000] {logging_mixin.py:115} INFO - [2024-08-12T10:02:19.592+0000] {dag.py:2981} INFO - Setting next_dagrun for example_nested_branch_dag to 2024-08-11T00:00:00+00:00, run_after=2024-08-12T00:00:00+00:00
[2024-08-12T10:02:19.605+0000] {processor.py:161} INFO - Processing /home/airflow/.local/lib/python3.7/site-packages/airflow/example_dags/example_nested_branch_dag.py took 0.067 seconds
[2024-08-12T10:02:50.351+0000] {processor.py:153} INFO - Started process (PID=744) to work on /home/airflow/.local/lib/python3.7/site-packages/airflow/example_dags/example_nested_branch_dag.py
[2024-08-12T10:02:50.351+0000] {processor.py:640} INFO - Processing file /home/airflow/.local/lib/python3.7/site-packages/airflow/example_dags/example_nested_branch_dag.py for tasks to queue
[2024-08-12T10:02:50.352+0000] {logging_mixin.py:115} INFO - [2024-08-12T10:02:50.352+0000] {dagbag.py:508} INFO - Filling up the DagBag from /home/airflow/.local/lib/python3.7/site-packages/airflow/example_dags/example_nested_branch_dag.py
[2024-08-12T10:02:50.360+0000] {processor.py:650} INFO - DAG(s) dict_keys(['example_nested_branch_dag']) retrieved from /home/airflow/.local/lib/python3.7/site-packages/airflow/example_dags/example_nested_branch_dag.py
[2024-08-12T10:02:50.381+0000] {logging_mixin.py:115} INFO - [2024-08-12T10:02:50.381+0000] {dag.py:2429} INFO - Sync 1 DAGs
[2024-08-12T10:02:50.400+0000] {logging_mixin.py:115} INFO - [2024-08-12T10:02:50.400+0000] {dag.py:2981} INFO - Setting next_dagrun for example_nested_branch_dag to 2024-08-11T00:00:00+00:00, run_after=2024-08-12T00:00:00+00:00
[2024-08-12T10:02:50.411+0000] {processor.py:161} INFO - Processing /home/airflow/.local/lib/python3.7/site-packages/airflow/example_dags/example_nested_branch_dag.py took 0.063 seconds
[2024-08-12T10:03:21.203+0000] {processor.py:153} INFO - Started process (PID=807) to work on /home/airflow/.local/lib/python3.7/site-packages/airflow/example_dags/example_nested_branch_dag.py
[2024-08-12T10:03:21.204+0000] {processor.py:640} INFO - Processing file /home/airflow/.local/lib/python3.7/site-packages/airflow/example_dags/example_nested_branch_dag.py for tasks to queue
[2024-08-12T10:03:21.205+0000] {logging_mixin.py:115} INFO - [2024-08-12T10:03:21.205+0000] {dagbag.py:508} INFO - Filling up the DagBag from /home/airflow/.local/lib/python3.7/site-packages/airflow/example_dags/example_nested_branch_dag.py
[2024-08-12T10:03:21.214+0000] {processor.py:650} INFO - DAG(s) dict_keys(['example_nested_branch_dag']) retrieved from /home/airflow/.local/lib/python3.7/site-packages/airflow/example_dags/example_nested_branch_dag.py
[2024-08-12T10:03:21.236+0000] {logging_mixin.py:115} INFO - [2024-08-12T10:03:21.236+0000] {dag.py:2429} INFO - Sync 1 DAGs
[2024-08-12T10:03:21.256+0000] {logging_mixin.py:115} INFO - [2024-08-12T10:03:21.255+0000] {dag.py:2981} INFO - Setting next_dagrun for example_nested_branch_dag to 2024-08-11T00:00:00+00:00, run_after=2024-08-12T00:00:00+00:00
[2024-08-12T10:03:21.269+0000] {processor.py:161} INFO - Processing /home/airflow/.local/lib/python3.7/site-packages/airflow/example_dags/example_nested_branch_dag.py took 0.069 seconds
[2024-08-12T10:03:52.174+0000] {processor.py:153} INFO - Started process (PID=861) to work on /home/airflow/.local/lib/python3.7/site-packages/airflow/example_dags/example_nested_branch_dag.py
[2024-08-12T10:03:52.175+0000] {processor.py:640} INFO - Processing file /home/airflow/.local/lib/python3.7/site-packages/airflow/example_dags/example_nested_branch_dag.py for tasks to queue
[2024-08-12T10:03:52.176+0000] {logging_mixin.py:115} INFO - [2024-08-12T10:03:52.176+0000] {dagbag.py:508} INFO - Filling up the DagBag from /home/airflow/.local/lib/python3.7/site-packages/airflow/example_dags/example_nested_branch_dag.py
[2024-08-12T10:03:52.185+0000] {processor.py:650} INFO - DAG(s) dict_keys(['example_nested_branch_dag']) retrieved from /home/airflow/.local/lib/python3.7/site-packages/airflow/example_dags/example_nested_branch_dag.py
[2024-08-12T10:03:52.208+0000] {logging_mixin.py:115} INFO - [2024-08-12T10:03:52.207+0000] {dag.py:2429} INFO - Sync 1 DAGs
[2024-08-12T10:03:52.226+0000] {logging_mixin.py:115} INFO - [2024-08-12T10:03:52.226+0000] {dag.py:2981} INFO - Setting next_dagrun for example_nested_branch_dag to 2024-08-11T00:00:00+00:00, run_after=2024-08-12T00:00:00+00:00
[2024-08-12T10:03:52.238+0000] {processor.py:161} INFO - Processing /home/airflow/.local/lib/python3.7/site-packages/airflow/example_dags/example_nested_branch_dag.py took 0.067 seconds
[2024-08-12T10:04:22.933+0000] {processor.py:153} INFO - Started process (PID=924) to work on /home/airflow/.local/lib/python3.7/site-packages/airflow/example_dags/example_nested_branch_dag.py
[2024-08-12T10:04:22.934+0000] {processor.py:640} INFO - Processing file /home/airflow/.local/lib/python3.7/site-packages/airflow/example_dags/example_nested_branch_dag.py for tasks to queue
[2024-08-12T10:04:22.935+0000] {logging_mixin.py:115} INFO - [2024-08-12T10:04:22.935+0000] {dagbag.py:508} INFO - Filling up the DagBag from /home/airflow/.local/lib/python3.7/site-packages/airflow/example_dags/example_nested_branch_dag.py
[2024-08-12T10:04:22.943+0000] {processor.py:650} INFO - DAG(s) dict_keys(['example_nested_branch_dag']) retrieved from /home/airflow/.local/lib/python3.7/site-packages/airflow/example_dags/example_nested_branch_dag.py
[2024-08-12T10:04:22.965+0000] {logging_mixin.py:115} INFO - [2024-08-12T10:04:22.965+0000] {dag.py:2429} INFO - Sync 1 DAGs
[2024-08-12T10:04:22.984+0000] {logging_mixin.py:115} INFO - [2024-08-12T10:04:22.984+0000] {dag.py:2981} INFO - Setting next_dagrun for example_nested_branch_dag to 2024-08-11T00:00:00+00:00, run_after=2024-08-12T00:00:00+00:00
[2024-08-12T10:04:22.996+0000] {processor.py:161} INFO - Processing /home/airflow/.local/lib/python3.7/site-packages/airflow/example_dags/example_nested_branch_dag.py took 0.065 seconds
[2024-08-12T10:04:53.794+0000] {processor.py:153} INFO - Started process (PID=987) to work on /home/airflow/.local/lib/python3.7/site-packages/airflow/example_dags/example_nested_branch_dag.py
[2024-08-12T10:04:53.795+0000] {processor.py:640} INFO - Processing file /home/airflow/.local/lib/python3.7/site-packages/airflow/example_dags/example_nested_branch_dag.py for tasks to queue
[2024-08-12T10:04:53.796+0000] {logging_mixin.py:115} INFO - [2024-08-12T10:04:53.796+0000] {dagbag.py:508} INFO - Filling up the DagBag from /home/airflow/.local/lib/python3.7/site-packages/airflow/example_dags/example_nested_branch_dag.py
[2024-08-12T10:04:53.804+0000] {processor.py:650} INFO - DAG(s) dict_keys(['example_nested_branch_dag']) retrieved from /home/airflow/.local/lib/python3.7/site-packages/airflow/example_dags/example_nested_branch_dag.py
[2024-08-12T10:04:53.825+0000] {logging_mixin.py:115} INFO - [2024-08-12T10:04:53.825+0000] {dag.py:2429} INFO - Sync 1 DAGs
[2024-08-12T10:04:53.843+0000] {logging_mixin.py:115} INFO - [2024-08-12T10:04:53.843+0000] {dag.py:2981} INFO - Setting next_dagrun for example_nested_branch_dag to 2024-08-11T00:00:00+00:00, run_after=2024-08-12T00:00:00+00:00
[2024-08-12T10:04:53.854+0000] {processor.py:161} INFO - Processing /home/airflow/.local/lib/python3.7/site-packages/airflow/example_dags/example_nested_branch_dag.py took 0.062 seconds
[2024-08-12T10:05:24.584+0000] {processor.py:153} INFO - Started process (PID=1050) to work on /home/airflow/.local/lib/python3.7/site-packages/airflow/example_dags/example_nested_branch_dag.py
[2024-08-12T10:05:24.585+0000] {processor.py:640} INFO - Processing file /home/airflow/.local/lib/python3.7/site-packages/airflow/example_dags/example_nested_branch_dag.py for tasks to queue
[2024-08-12T10:05:24.585+0000] {logging_mixin.py:115} INFO - [2024-08-12T10:05:24.585+0000] {dagbag.py:508} INFO - Filling up the DagBag from /home/airflow/.local/lib/python3.7/site-packages/airflow/example_dags/example_nested_branch_dag.py
[2024-08-12T10:05:24.594+0000] {processor.py:650} INFO - DAG(s) dict_keys(['example_nested_branch_dag']) retrieved from /home/airflow/.local/lib/python3.7/site-packages/airflow/example_dags/example_nested_branch_dag.py
[2024-08-12T10:05:24.620+0000] {logging_mixin.py:115} INFO - [2024-08-12T10:05:24.620+0000] {dag.py:2429} INFO - Sync 1 DAGs
[2024-08-12T10:05:24.648+0000] {logging_mixin.py:115} INFO - [2024-08-12T10:05:24.647+0000] {dag.py:2981} INFO - Setting next_dagrun for example_nested_branch_dag to 2024-08-11T00:00:00+00:00, run_after=2024-08-12T00:00:00+00:00
[2024-08-12T10:05:24.664+0000] {processor.py:161} INFO - Processing /home/airflow/.local/lib/python3.7/site-packages/airflow/example_dags/example_nested_branch_dag.py took 0.082 seconds
[2024-08-12T10:05:55.483+0000] {processor.py:153} INFO - Started process (PID=1104) to work on /home/airflow/.local/lib/python3.7/site-packages/airflow/example_dags/example_nested_branch_dag.py
[2024-08-12T10:05:55.484+0000] {processor.py:640} INFO - Processing file /home/airflow/.local/lib/python3.7/site-packages/airflow/example_dags/example_nested_branch_dag.py for tasks to queue
[2024-08-12T10:05:55.484+0000] {logging_mixin.py:115} INFO - [2024-08-12T10:05:55.484+0000] {dagbag.py:508} INFO - Filling up the DagBag from /home/airflow/.local/lib/python3.7/site-packages/airflow/example_dags/example_nested_branch_dag.py
[2024-08-12T10:05:55.493+0000] {processor.py:650} INFO - DAG(s) dict_keys(['example_nested_branch_dag']) retrieved from /home/airflow/.local/lib/python3.7/site-packages/airflow/example_dags/example_nested_branch_dag.py
[2024-08-12T10:05:55.513+0000] {logging_mixin.py:115} INFO - [2024-08-12T10:05:55.513+0000] {dag.py:2429} INFO - Sync 1 DAGs
[2024-08-12T10:05:55.532+0000] {logging_mixin.py:115} INFO - [2024-08-12T10:05:55.532+0000] {dag.py:2981} INFO - Setting next_dagrun for example_nested_branch_dag to 2024-08-11T00:00:00+00:00, run_after=2024-08-12T00:00:00+00:00
[2024-08-12T10:05:55.543+0000] {processor.py:161} INFO - Processing /home/airflow/.local/lib/python3.7/site-packages/airflow/example_dags/example_nested_branch_dag.py took 0.064 seconds
[2024-08-12T10:06:26.246+0000] {processor.py:153} INFO - Started process (PID=1167) to work on /home/airflow/.local/lib/python3.7/site-packages/airflow/example_dags/example_nested_branch_dag.py
[2024-08-12T10:06:26.247+0000] {processor.py:640} INFO - Processing file /home/airflow/.local/lib/python3.7/site-packages/airflow/example_dags/example_nested_branch_dag.py for tasks to queue
[2024-08-12T10:06:26.247+0000] {logging_mixin.py:115} INFO - [2024-08-12T10:06:26.247+0000] {dagbag.py:508} INFO - Filling up the DagBag from /home/airflow/.local/lib/python3.7/site-packages/airflow/example_dags/example_nested_branch_dag.py
[2024-08-12T10:06:26.256+0000] {processor.py:650} INFO - DAG(s) dict_keys(['example_nested_branch_dag']) retrieved from /home/airflow/.local/lib/python3.7/site-packages/airflow/example_dags/example_nested_branch_dag.py
[2024-08-12T10:06:26.277+0000] {logging_mixin.py:115} INFO - [2024-08-12T10:06:26.277+0000] {dag.py:2429} INFO - Sync 1 DAGs
[2024-08-12T10:06:26.295+0000] {logging_mixin.py:115} INFO - [2024-08-12T10:06:26.295+0000] {dag.py:2981} INFO - Setting next_dagrun for example_nested_branch_dag to 2024-08-11T00:00:00+00:00, run_after=2024-08-12T00:00:00+00:00
[2024-08-12T10:06:26.306+0000] {processor.py:161} INFO - Processing /home/airflow/.local/lib/python3.7/site-packages/airflow/example_dags/example_nested_branch_dag.py took 0.063 seconds
[2024-08-12T10:06:57.197+0000] {processor.py:153} INFO - Started process (PID=1230) to work on /home/airflow/.local/lib/python3.7/site-packages/airflow/example_dags/example_nested_branch_dag.py
[2024-08-12T10:06:57.198+0000] {processor.py:640} INFO - Processing file /home/airflow/.local/lib/python3.7/site-packages/airflow/example_dags/example_nested_branch_dag.py for tasks to queue
[2024-08-12T10:06:57.199+0000] {logging_mixin.py:115} INFO - [2024-08-12T10:06:57.199+0000] {dagbag.py:508} INFO - Filling up the DagBag from /home/airflow/.local/lib/python3.7/site-packages/airflow/example_dags/example_nested_branch_dag.py
[2024-08-12T10:06:57.206+0000] {processor.py:650} INFO - DAG(s) dict_keys(['example_nested_branch_dag']) retrieved from /home/airflow/.local/lib/python3.7/site-packages/airflow/example_dags/example_nested_branch_dag.py
[2024-08-12T10:06:57.226+0000] {logging_mixin.py:115} INFO - [2024-08-12T10:06:57.226+0000] {dag.py:2429} INFO - Sync 1 DAGs
[2024-08-12T10:06:57.243+0000] {logging_mixin.py:115} INFO - [2024-08-12T10:06:57.243+0000] {dag.py:2981} INFO - Setting next_dagrun for example_nested_branch_dag to 2024-08-11T00:00:00+00:00, run_after=2024-08-12T00:00:00+00:00
[2024-08-12T10:06:57.254+0000] {processor.py:161} INFO - Processing /home/airflow/.local/lib/python3.7/site-packages/airflow/example_dags/example_nested_branch_dag.py took 0.059 seconds
[2024-08-12T10:07:27.561+0000] {processor.py:153} INFO - Started process (PID=1291) to work on /home/airflow/.local/lib/python3.7/site-packages/airflow/example_dags/example_nested_branch_dag.py
[2024-08-12T10:07:27.562+0000] {processor.py:640} INFO - Processing file /home/airflow/.local/lib/python3.7/site-packages/airflow/example_dags/example_nested_branch_dag.py for tasks to queue
[2024-08-12T10:07:27.563+0000] {logging_mixin.py:115} INFO - [2024-08-12T10:07:27.563+0000] {dagbag.py:508} INFO - Filling up the DagBag from /home/airflow/.local/lib/python3.7/site-packages/airflow/example_dags/example_nested_branch_dag.py
[2024-08-12T10:07:27.571+0000] {processor.py:650} INFO - DAG(s) dict_keys(['example_nested_branch_dag']) retrieved from /home/airflow/.local/lib/python3.7/site-packages/airflow/example_dags/example_nested_branch_dag.py
[2024-08-12T10:07:27.593+0000] {logging_mixin.py:115} INFO - [2024-08-12T10:07:27.593+0000] {dag.py:2429} INFO - Sync 1 DAGs
[2024-08-12T10:07:27.613+0000] {logging_mixin.py:115} INFO - [2024-08-12T10:07:27.613+0000] {dag.py:2981} INFO - Setting next_dagrun for example_nested_branch_dag to 2024-08-11T00:00:00+00:00, run_after=2024-08-12T00:00:00+00:00
[2024-08-12T10:07:27.626+0000] {processor.py:161} INFO - Processing /home/airflow/.local/lib/python3.7/site-packages/airflow/example_dags/example_nested_branch_dag.py took 0.067 seconds
[2024-08-12T10:07:58.489+0000] {processor.py:153} INFO - Started process (PID=1347) to work on /home/airflow/.local/lib/python3.7/site-packages/airflow/example_dags/example_nested_branch_dag.py
[2024-08-12T10:07:58.489+0000] {processor.py:640} INFO - Processing file /home/airflow/.local/lib/python3.7/site-packages/airflow/example_dags/example_nested_branch_dag.py for tasks to queue
[2024-08-12T10:07:58.490+0000] {logging_mixin.py:115} INFO - [2024-08-12T10:07:58.490+0000] {dagbag.py:508} INFO - Filling up the DagBag from /home/airflow/.local/lib/python3.7/site-packages/airflow/example_dags/example_nested_branch_dag.py
[2024-08-12T10:07:58.498+0000] {processor.py:650} INFO - DAG(s) dict_keys(['example_nested_branch_dag']) retrieved from /home/airflow/.local/lib/python3.7/site-packages/airflow/example_dags/example_nested_branch_dag.py
[2024-08-12T10:07:58.519+0000] {logging_mixin.py:115} INFO - [2024-08-12T10:07:58.519+0000] {dag.py:2429} INFO - Sync 1 DAGs
[2024-08-12T10:07:58.537+0000] {logging_mixin.py:115} INFO - [2024-08-12T10:07:58.537+0000] {dag.py:2981} INFO - Setting next_dagrun for example_nested_branch_dag to 2024-08-11T00:00:00+00:00, run_after=2024-08-12T00:00:00+00:00
[2024-08-12T10:07:58.549+0000] {processor.py:161} INFO - Processing /home/airflow/.local/lib/python3.7/site-packages/airflow/example_dags/example_nested_branch_dag.py took 0.062 seconds
[2024-08-12T10:08:29.218+0000] {processor.py:153} INFO - Started process (PID=1410) to work on /home/airflow/.local/lib/python3.7/site-packages/airflow/example_dags/example_nested_branch_dag.py
[2024-08-12T10:08:29.219+0000] {processor.py:640} INFO - Processing file /home/airflow/.local/lib/python3.7/site-packages/airflow/example_dags/example_nested_branch_dag.py for tasks to queue
[2024-08-12T10:08:29.219+0000] {logging_mixin.py:115} INFO - [2024-08-12T10:08:29.219+0000] {dagbag.py:508} INFO - Filling up the DagBag from /home/airflow/.local/lib/python3.7/site-packages/airflow/example_dags/example_nested_branch_dag.py
[2024-08-12T10:08:29.227+0000] {processor.py:650} INFO - DAG(s) dict_keys(['example_nested_branch_dag']) retrieved from /home/airflow/.local/lib/python3.7/site-packages/airflow/example_dags/example_nested_branch_dag.py
[2024-08-12T10:08:29.249+0000] {logging_mixin.py:115} INFO - [2024-08-12T10:08:29.249+0000] {dag.py:2429} INFO - Sync 1 DAGs
[2024-08-12T10:08:29.269+0000] {logging_mixin.py:115} INFO - [2024-08-12T10:08:29.269+0000] {dag.py:2981} INFO - Setting next_dagrun for example_nested_branch_dag to 2024-08-11T00:00:00+00:00, run_after=2024-08-12T00:00:00+00:00
[2024-08-12T10:08:29.281+0000] {processor.py:161} INFO - Processing /home/airflow/.local/lib/python3.7/site-packages/airflow/example_dags/example_nested_branch_dag.py took 0.065 seconds
[2024-08-12T10:09:00.013+0000] {processor.py:153} INFO - Started process (PID=1473) to work on /home/airflow/.local/lib/python3.7/site-packages/airflow/example_dags/example_nested_branch_dag.py
[2024-08-12T10:09:00.013+0000] {processor.py:640} INFO - Processing file /home/airflow/.local/lib/python3.7/site-packages/airflow/example_dags/example_nested_branch_dag.py for tasks to queue
[2024-08-12T10:09:00.014+0000] {logging_mixin.py:115} INFO - [2024-08-12T10:09:00.014+0000] {dagbag.py:508} INFO - Filling up the DagBag from /home/airflow/.local/lib/python3.7/site-packages/airflow/example_dags/example_nested_branch_dag.py
[2024-08-12T10:09:00.024+0000] {processor.py:650} INFO - DAG(s) dict_keys(['example_nested_branch_dag']) retrieved from /home/airflow/.local/lib/python3.7/site-packages/airflow/example_dags/example_nested_branch_dag.py
[2024-08-12T10:09:00.050+0000] {logging_mixin.py:115} INFO - [2024-08-12T10:09:00.050+0000] {dag.py:2429} INFO - Sync 1 DAGs
[2024-08-12T10:09:00.070+0000] {logging_mixin.py:115} INFO - [2024-08-12T10:09:00.070+0000] {dag.py:2981} INFO - Setting next_dagrun for example_nested_branch_dag to 2024-08-11T00:00:00+00:00, run_after=2024-08-12T00:00:00+00:00
[2024-08-12T10:09:00.081+0000] {processor.py:161} INFO - Processing /home/airflow/.local/lib/python3.7/site-packages/airflow/example_dags/example_nested_branch_dag.py took 0.071 seconds
[2024-08-12T10:09:30.683+0000] {processor.py:153} INFO - Started process (PID=1527) to work on /home/airflow/.local/lib/python3.7/site-packages/airflow/example_dags/example_nested_branch_dag.py
[2024-08-12T10:09:30.684+0000] {processor.py:640} INFO - Processing file /home/airflow/.local/lib/python3.7/site-packages/airflow/example_dags/example_nested_branch_dag.py for tasks to queue
[2024-08-12T10:09:30.685+0000] {logging_mixin.py:115} INFO - [2024-08-12T10:09:30.685+0000] {dagbag.py:508} INFO - Filling up the DagBag from /home/airflow/.local/lib/python3.7/site-packages/airflow/example_dags/example_nested_branch_dag.py
[2024-08-12T10:09:30.693+0000] {processor.py:650} INFO - DAG(s) dict_keys(['example_nested_branch_dag']) retrieved from /home/airflow/.local/lib/python3.7/site-packages/airflow/example_dags/example_nested_branch_dag.py
[2024-08-12T10:09:30.714+0000] {logging_mixin.py:115} INFO - [2024-08-12T10:09:30.714+0000] {dag.py:2429} INFO - Sync 1 DAGs
[2024-08-12T10:09:30.732+0000] {logging_mixin.py:115} INFO - [2024-08-12T10:09:30.731+0000] {dag.py:2981} INFO - Setting next_dagrun for example_nested_branch_dag to 2024-08-11T00:00:00+00:00, run_after=2024-08-12T00:00:00+00:00
[2024-08-12T10:09:30.743+0000] {processor.py:161} INFO - Processing /home/airflow/.local/lib/python3.7/site-packages/airflow/example_dags/example_nested_branch_dag.py took 0.062 seconds
[2024-08-12T10:10:01.481+0000] {processor.py:153} INFO - Started process (PID=1590) to work on /home/airflow/.local/lib/python3.7/site-packages/airflow/example_dags/example_nested_branch_dag.py
[2024-08-12T10:10:01.481+0000] {processor.py:640} INFO - Processing file /home/airflow/.local/lib/python3.7/site-packages/airflow/example_dags/example_nested_branch_dag.py for tasks to queue
[2024-08-12T10:10:01.482+0000] {logging_mixin.py:115} INFO - [2024-08-12T10:10:01.482+0000] {dagbag.py:508} INFO - Filling up the DagBag from /home/airflow/.local/lib/python3.7/site-packages/airflow/example_dags/example_nested_branch_dag.py
[2024-08-12T10:10:01.490+0000] {processor.py:650} INFO - DAG(s) dict_keys(['example_nested_branch_dag']) retrieved from /home/airflow/.local/lib/python3.7/site-packages/airflow/example_dags/example_nested_branch_dag.py
[2024-08-12T10:10:01.512+0000] {logging_mixin.py:115} INFO - [2024-08-12T10:10:01.512+0000] {dag.py:2429} INFO - Sync 1 DAGs
[2024-08-12T10:10:01.531+0000] {logging_mixin.py:115} INFO - [2024-08-12T10:10:01.531+0000] {dag.py:2981} INFO - Setting next_dagrun for example_nested_branch_dag to 2024-08-11T00:00:00+00:00, run_after=2024-08-12T00:00:00+00:00
[2024-08-12T10:10:01.543+0000] {processor.py:161} INFO - Processing /home/airflow/.local/lib/python3.7/site-packages/airflow/example_dags/example_nested_branch_dag.py took 0.065 seconds
[2024-08-12T10:10:32.231+0000] {processor.py:153} INFO - Started process (PID=1653) to work on /home/airflow/.local/lib/python3.7/site-packages/airflow/example_dags/example_nested_branch_dag.py
[2024-08-12T10:10:32.232+0000] {processor.py:640} INFO - Processing file /home/airflow/.local/lib/python3.7/site-packages/airflow/example_dags/example_nested_branch_dag.py for tasks to queue
[2024-08-12T10:10:32.233+0000] {logging_mixin.py:115} INFO - [2024-08-12T10:10:32.233+0000] {dagbag.py:508} INFO - Filling up the DagBag from /home/airflow/.local/lib/python3.7/site-packages/airflow/example_dags/example_nested_branch_dag.py
[2024-08-12T10:10:32.241+0000] {processor.py:650} INFO - DAG(s) dict_keys(['example_nested_branch_dag']) retrieved from /home/airflow/.local/lib/python3.7/site-packages/airflow/example_dags/example_nested_branch_dag.py
[2024-08-12T10:10:32.262+0000] {logging_mixin.py:115} INFO - [2024-08-12T10:10:32.262+0000] {dag.py:2429} INFO - Sync 1 DAGs
[2024-08-12T10:10:32.283+0000] {logging_mixin.py:115} INFO - [2024-08-12T10:10:32.283+0000] {dag.py:2981} INFO - Setting next_dagrun for example_nested_branch_dag to 2024-08-11T00:00:00+00:00, run_after=2024-08-12T00:00:00+00:00
[2024-08-12T10:10:32.295+0000] {processor.py:161} INFO - Processing /home/airflow/.local/lib/python3.7/site-packages/airflow/example_dags/example_nested_branch_dag.py took 0.066 seconds
[2024-08-12T10:11:02.949+0000] {processor.py:153} INFO - Started process (PID=1716) to work on /home/airflow/.local/lib/python3.7/site-packages/airflow/example_dags/example_nested_branch_dag.py
[2024-08-12T10:11:02.950+0000] {processor.py:640} INFO - Processing file /home/airflow/.local/lib/python3.7/site-packages/airflow/example_dags/example_nested_branch_dag.py for tasks to queue
[2024-08-12T10:11:02.951+0000] {logging_mixin.py:115} INFO - [2024-08-12T10:11:02.951+0000] {dagbag.py:508} INFO - Filling up the DagBag from /home/airflow/.local/lib/python3.7/site-packages/airflow/example_dags/example_nested_branch_dag.py
[2024-08-12T10:11:02.959+0000] {processor.py:650} INFO - DAG(s) dict_keys(['example_nested_branch_dag']) retrieved from /home/airflow/.local/lib/python3.7/site-packages/airflow/example_dags/example_nested_branch_dag.py
[2024-08-12T10:11:02.983+0000] {logging_mixin.py:115} INFO - [2024-08-12T10:11:02.983+0000] {dag.py:2429} INFO - Sync 1 DAGs
[2024-08-12T10:11:03.002+0000] {logging_mixin.py:115} INFO - [2024-08-12T10:11:03.002+0000] {dag.py:2981} INFO - Setting next_dagrun for example_nested_branch_dag to 2024-08-11T00:00:00+00:00, run_after=2024-08-12T00:00:00+00:00
[2024-08-12T10:11:03.014+0000] {processor.py:161} INFO - Processing /home/airflow/.local/lib/python3.7/site-packages/airflow/example_dags/example_nested_branch_dag.py took 0.068 seconds
[2024-08-12T10:11:33.757+0000] {processor.py:153} INFO - Started process (PID=1770) to work on /home/airflow/.local/lib/python3.7/site-packages/airflow/example_dags/example_nested_branch_dag.py
[2024-08-12T10:11:33.758+0000] {processor.py:640} INFO - Processing file /home/airflow/.local/lib/python3.7/site-packages/airflow/example_dags/example_nested_branch_dag.py for tasks to queue
[2024-08-12T10:11:33.759+0000] {logging_mixin.py:115} INFO - [2024-08-12T10:11:33.759+0000] {dagbag.py:508} INFO - Filling up the DagBag from /home/airflow/.local/lib/python3.7/site-packages/airflow/example_dags/example_nested_branch_dag.py
[2024-08-12T10:11:33.768+0000] {processor.py:650} INFO - DAG(s) dict_keys(['example_nested_branch_dag']) retrieved from /home/airflow/.local/lib/python3.7/site-packages/airflow/example_dags/example_nested_branch_dag.py
[2024-08-12T10:11:33.793+0000] {logging_mixin.py:115} INFO - [2024-08-12T10:11:33.793+0000] {dag.py:2429} INFO - Sync 1 DAGs
[2024-08-12T10:11:33.812+0000] {logging_mixin.py:115} INFO - [2024-08-12T10:11:33.812+0000] {dag.py:2981} INFO - Setting next_dagrun for example_nested_branch_dag to 2024-08-11T00:00:00+00:00, run_after=2024-08-12T00:00:00+00:00
[2024-08-12T10:11:33.824+0000] {processor.py:161} INFO - Processing /home/airflow/.local/lib/python3.7/site-packages/airflow/example_dags/example_nested_branch_dag.py took 0.070 seconds
[2024-08-12T10:12:04.535+0000] {processor.py:153} INFO - Started process (PID=1833) to work on /home/airflow/.local/lib/python3.7/site-packages/airflow/example_dags/example_nested_branch_dag.py
[2024-08-12T10:12:04.536+0000] {processor.py:640} INFO - Processing file /home/airflow/.local/lib/python3.7/site-packages/airflow/example_dags/example_nested_branch_dag.py for tasks to queue
[2024-08-12T10:12:04.536+0000] {logging_mixin.py:115} INFO - [2024-08-12T10:12:04.536+0000] {dagbag.py:508} INFO - Filling up the DagBag from /home/airflow/.local/lib/python3.7/site-packages/airflow/example_dags/example_nested_branch_dag.py
[2024-08-12T10:12:04.544+0000] {processor.py:650} INFO - DAG(s) dict_keys(['example_nested_branch_dag']) retrieved from /home/airflow/.local/lib/python3.7/site-packages/airflow/example_dags/example_nested_branch_dag.py
[2024-08-12T10:12:04.566+0000] {logging_mixin.py:115} INFO - [2024-08-12T10:12:04.566+0000] {dag.py:2429} INFO - Sync 1 DAGs
[2024-08-12T10:12:04.584+0000] {logging_mixin.py:115} INFO - [2024-08-12T10:12:04.584+0000] {dag.py:2981} INFO - Setting next_dagrun for example_nested_branch_dag to 2024-08-11T00:00:00+00:00, run_after=2024-08-12T00:00:00+00:00
[2024-08-12T10:12:04.595+0000] {processor.py:161} INFO - Processing /home/airflow/.local/lib/python3.7/site-packages/airflow/example_dags/example_nested_branch_dag.py took 0.062 seconds
[2024-08-12T10:12:35.469+0000] {processor.py:153} INFO - Started process (PID=1896) to work on /home/airflow/.local/lib/python3.7/site-packages/airflow/example_dags/example_nested_branch_dag.py
[2024-08-12T10:12:35.470+0000] {processor.py:640} INFO - Processing file /home/airflow/.local/lib/python3.7/site-packages/airflow/example_dags/example_nested_branch_dag.py for tasks to queue
[2024-08-12T10:12:35.470+0000] {logging_mixin.py:115} INFO - [2024-08-12T10:12:35.470+0000] {dagbag.py:508} INFO - Filling up the DagBag from /home/airflow/.local/lib/python3.7/site-packages/airflow/example_dags/example_nested_branch_dag.py
[2024-08-12T10:12:35.479+0000] {processor.py:650} INFO - DAG(s) dict_keys(['example_nested_branch_dag']) retrieved from /home/airflow/.local/lib/python3.7/site-packages/airflow/example_dags/example_nested_branch_dag.py
[2024-08-12T10:12:35.500+0000] {logging_mixin.py:115} INFO - [2024-08-12T10:12:35.500+0000] {dag.py:2429} INFO - Sync 1 DAGs
[2024-08-12T10:12:35.522+0000] {logging_mixin.py:115} INFO - [2024-08-12T10:12:35.522+0000] {dag.py:2981} INFO - Setting next_dagrun for example_nested_branch_dag to 2024-08-11T00:00:00+00:00, run_after=2024-08-12T00:00:00+00:00
[2024-08-12T10:12:35.533+0000] {processor.py:161} INFO - Processing /home/airflow/.local/lib/python3.7/site-packages/airflow/example_dags/example_nested_branch_dag.py took 0.067 seconds
[2024-08-12T10:13:06.323+0000] {processor.py:153} INFO - Started process (PID=1959) to work on /home/airflow/.local/lib/python3.7/site-packages/airflow/example_dags/example_nested_branch_dag.py
[2024-08-12T10:13:06.324+0000] {processor.py:640} INFO - Processing file /home/airflow/.local/lib/python3.7/site-packages/airflow/example_dags/example_nested_branch_dag.py for tasks to queue
[2024-08-12T10:13:06.324+0000] {logging_mixin.py:115} INFO - [2024-08-12T10:13:06.324+0000] {dagbag.py:508} INFO - Filling up the DagBag from /home/airflow/.local/lib/python3.7/site-packages/airflow/example_dags/example_nested_branch_dag.py
[2024-08-12T10:13:06.334+0000] {processor.py:650} INFO - DAG(s) dict_keys(['example_nested_branch_dag']) retrieved from /home/airflow/.local/lib/python3.7/site-packages/airflow/example_dags/example_nested_branch_dag.py
[2024-08-12T10:13:06.359+0000] {logging_mixin.py:115} INFO - [2024-08-12T10:13:06.359+0000] {dag.py:2429} INFO - Sync 1 DAGs
[2024-08-12T10:13:06.381+0000] {logging_mixin.py:115} INFO - [2024-08-12T10:13:06.380+0000] {dag.py:2981} INFO - Setting next_dagrun for example_nested_branch_dag to 2024-08-11T00:00:00+00:00, run_after=2024-08-12T00:00:00+00:00
[2024-08-12T10:13:06.392+0000] {processor.py:161} INFO - Processing /home/airflow/.local/lib/python3.7/site-packages/airflow/example_dags/example_nested_branch_dag.py took 0.072 seconds
[2024-08-12T10:13:37.049+0000] {processor.py:153} INFO - Started process (PID=2013) to work on /home/airflow/.local/lib/python3.7/site-packages/airflow/example_dags/example_nested_branch_dag.py
[2024-08-12T10:13:37.050+0000] {processor.py:640} INFO - Processing file /home/airflow/.local/lib/python3.7/site-packages/airflow/example_dags/example_nested_branch_dag.py for tasks to queue
[2024-08-12T10:13:37.051+0000] {logging_mixin.py:115} INFO - [2024-08-12T10:13:37.051+0000] {dagbag.py:508} INFO - Filling up the DagBag from /home/airflow/.local/lib/python3.7/site-packages/airflow/example_dags/example_nested_branch_dag.py
[2024-08-12T10:13:37.059+0000] {processor.py:650} INFO - DAG(s) dict_keys(['example_nested_branch_dag']) retrieved from /home/airflow/.local/lib/python3.7/site-packages/airflow/example_dags/example_nested_branch_dag.py
[2024-08-12T10:13:37.081+0000] {logging_mixin.py:115} INFO - [2024-08-12T10:13:37.081+0000] {dag.py:2429} INFO - Sync 1 DAGs
[2024-08-12T10:13:37.100+0000] {logging_mixin.py:115} INFO - [2024-08-12T10:13:37.100+0000] {dag.py:2981} INFO - Setting next_dagrun for example_nested_branch_dag to 2024-08-11T00:00:00+00:00, run_after=2024-08-12T00:00:00+00:00
[2024-08-12T10:13:37.110+0000] {processor.py:161} INFO - Processing /home/airflow/.local/lib/python3.7/site-packages/airflow/example_dags/example_nested_branch_dag.py took 0.064 seconds
[2024-08-12T10:14:07.989+0000] {processor.py:153} INFO - Started process (PID=2076) to work on /home/airflow/.local/lib/python3.7/site-packages/airflow/example_dags/example_nested_branch_dag.py
[2024-08-12T10:14:07.990+0000] {processor.py:640} INFO - Processing file /home/airflow/.local/lib/python3.7/site-packages/airflow/example_dags/example_nested_branch_dag.py for tasks to queue
[2024-08-12T10:14:07.990+0000] {logging_mixin.py:115} INFO - [2024-08-12T10:14:07.990+0000] {dagbag.py:508} INFO - Filling up the DagBag from /home/airflow/.local/lib/python3.7/site-packages/airflow/example_dags/example_nested_branch_dag.py
[2024-08-12T10:14:07.999+0000] {processor.py:650} INFO - DAG(s) dict_keys(['example_nested_branch_dag']) retrieved from /home/airflow/.local/lib/python3.7/site-packages/airflow/example_dags/example_nested_branch_dag.py
[2024-08-12T10:14:08.021+0000] {logging_mixin.py:115} INFO - [2024-08-12T10:14:08.021+0000] {dag.py:2429} INFO - Sync 1 DAGs
[2024-08-12T10:14:08.042+0000] {logging_mixin.py:115} INFO - [2024-08-12T10:14:08.042+0000] {dag.py:2981} INFO - Setting next_dagrun for example_nested_branch_dag to 2024-08-11T00:00:00+00:00, run_after=2024-08-12T00:00:00+00:00
[2024-08-12T10:14:08.053+0000] {processor.py:161} INFO - Processing /home/airflow/.local/lib/python3.7/site-packages/airflow/example_dags/example_nested_branch_dag.py took 0.067 seconds
