[2024-08-12T08:27:07.730+0000] {processor.py:153} INFO - Started process (PID=73) to work on /home/airflow/.local/lib/python3.7/site-packages/airflow/example_dags/example_task_group.py
[2024-08-12T08:27:07.731+0000] {processor.py:640} INFO - Processing file /home/airflow/.local/lib/python3.7/site-packages/airflow/example_dags/example_task_group.py for tasks to queue
[2024-08-12T08:27:07.732+0000] {logging_mixin.py:115} INFO - [2024-08-12T08:27:07.732+0000] {dagbag.py:508} INFO - Filling up the DagBag from /home/airflow/.local/lib/python3.7/site-packages/airflow/example_dags/example_task_group.py
[2024-08-12T08:27:07.740+0000] {processor.py:650} INFO - DAG(s) dict_keys(['example_task_group']) retrieved from /home/airflow/.local/lib/python3.7/site-packages/airflow/example_dags/example_task_group.py
[2024-08-12T08:27:07.864+0000] {logging_mixin.py:115} INFO - [2024-08-12T08:27:07.864+0000] {manager.py:508} INFO - Created Permission View: can edit on DAG:example_task_group
[2024-08-12T08:27:07.881+0000] {logging_mixin.py:115} INFO - [2024-08-12T08:27:07.881+0000] {manager.py:508} INFO - Created Permission View: can read on DAG:example_task_group
[2024-08-12T08:27:07.897+0000] {logging_mixin.py:115} INFO - [2024-08-12T08:27:07.897+0000] {manager.py:508} INFO - Created Permission View: can delete on DAG:example_task_group
[2024-08-12T08:27:07.897+0000] {logging_mixin.py:115} INFO - [2024-08-12T08:27:07.897+0000] {dag.py:2429} INFO - Sync 1 DAGs
[2024-08-12T08:27:07.912+0000] {logging_mixin.py:115} INFO - [2024-08-12T08:27:07.911+0000] {dag.py:2448} INFO - Creating ORM DAG for example_task_group
[2024-08-12T08:27:07.929+0000] {logging_mixin.py:115} INFO - [2024-08-12T08:27:07.929+0000] {dag.py:2981} INFO - Setting next_dagrun for example_task_group to 2024-08-11T08:27:07.929133+00:00, run_after=2024-08-12T08:27:07.929133+00:00
[2024-08-12T08:27:07.948+0000] {processor.py:161} INFO - Processing /home/airflow/.local/lib/python3.7/site-packages/airflow/example_dags/example_task_group.py took 0.221 seconds
[2024-08-12T08:27:38.282+0000] {processor.py:153} INFO - Started process (PID=125) to work on /home/airflow/.local/lib/python3.7/site-packages/airflow/example_dags/example_task_group.py
[2024-08-12T08:27:38.283+0000] {processor.py:640} INFO - Processing file /home/airflow/.local/lib/python3.7/site-packages/airflow/example_dags/example_task_group.py for tasks to queue
[2024-08-12T08:27:38.284+0000] {logging_mixin.py:115} INFO - [2024-08-12T08:27:38.284+0000] {dagbag.py:508} INFO - Filling up the DagBag from /home/airflow/.local/lib/python3.7/site-packages/airflow/example_dags/example_task_group.py
[2024-08-12T08:27:38.289+0000] {processor.py:650} INFO - DAG(s) dict_keys(['example_task_group']) retrieved from /home/airflow/.local/lib/python3.7/site-packages/airflow/example_dags/example_task_group.py
[2024-08-12T08:27:38.311+0000] {logging_mixin.py:115} INFO - [2024-08-12T08:27:38.311+0000] {dag.py:2429} INFO - Sync 1 DAGs
[2024-08-12T08:27:38.329+0000] {logging_mixin.py:115} INFO - [2024-08-12T08:27:38.329+0000] {dag.py:2981} INFO - Setting next_dagrun for example_task_group to 2024-08-11T08:27:38.329250+00:00, run_after=2024-08-12T08:27:38.329250+00:00
[2024-08-12T08:27:38.340+0000] {processor.py:161} INFO - Processing /home/airflow/.local/lib/python3.7/site-packages/airflow/example_dags/example_task_group.py took 0.061 seconds
[2024-08-12T08:28:09.012+0000] {processor.py:153} INFO - Started process (PID=186) to work on /home/airflow/.local/lib/python3.7/site-packages/airflow/example_dags/example_task_group.py
[2024-08-12T08:28:09.013+0000] {processor.py:640} INFO - Processing file /home/airflow/.local/lib/python3.7/site-packages/airflow/example_dags/example_task_group.py for tasks to queue
[2024-08-12T08:28:09.013+0000] {logging_mixin.py:115} INFO - [2024-08-12T08:28:09.013+0000] {dagbag.py:508} INFO - Filling up the DagBag from /home/airflow/.local/lib/python3.7/site-packages/airflow/example_dags/example_task_group.py
[2024-08-12T08:28:09.018+0000] {processor.py:650} INFO - DAG(s) dict_keys(['example_task_group']) retrieved from /home/airflow/.local/lib/python3.7/site-packages/airflow/example_dags/example_task_group.py
[2024-08-12T08:28:09.040+0000] {logging_mixin.py:115} INFO - [2024-08-12T08:28:09.040+0000] {dag.py:2429} INFO - Sync 1 DAGs
[2024-08-12T08:28:09.058+0000] {logging_mixin.py:115} INFO - [2024-08-12T08:28:09.058+0000] {dag.py:2981} INFO - Setting next_dagrun for example_task_group to 2024-08-11T08:28:09.058112+00:00, run_after=2024-08-12T08:28:09.058112+00:00
[2024-08-12T08:28:09.070+0000] {processor.py:161} INFO - Processing /home/airflow/.local/lib/python3.7/site-packages/airflow/example_dags/example_task_group.py took 0.060 seconds
[2024-08-12T09:57:11.771+0000] {processor.py:153} INFO - Started process (PID=75) to work on /home/airflow/.local/lib/python3.7/site-packages/airflow/example_dags/example_task_group.py
[2024-08-12T09:57:11.773+0000] {processor.py:640} INFO - Processing file /home/airflow/.local/lib/python3.7/site-packages/airflow/example_dags/example_task_group.py for tasks to queue
[2024-08-12T09:57:11.774+0000] {logging_mixin.py:115} INFO - [2024-08-12T09:57:11.773+0000] {dagbag.py:508} INFO - Filling up the DagBag from /home/airflow/.local/lib/python3.7/site-packages/airflow/example_dags/example_task_group.py
[2024-08-12T09:57:11.783+0000] {processor.py:650} INFO - DAG(s) dict_keys(['example_task_group']) retrieved from /home/airflow/.local/lib/python3.7/site-packages/airflow/example_dags/example_task_group.py
[2024-08-12T09:57:11.814+0000] {logging_mixin.py:115} INFO - [2024-08-12T09:57:11.814+0000] {dag.py:2429} INFO - Sync 1 DAGs
[2024-08-12T09:57:11.837+0000] {logging_mixin.py:115} INFO - [2024-08-12T09:57:11.837+0000] {dag.py:2981} INFO - Setting next_dagrun for example_task_group to 2024-08-11T09:57:11.836922+00:00, run_after=2024-08-12T09:57:11.836922+00:00
[2024-08-12T09:57:11.851+0000] {processor.py:161} INFO - Processing /home/airflow/.local/lib/python3.7/site-packages/airflow/example_dags/example_task_group.py took 0.083 seconds
[2024-08-12T09:57:42.398+0000] {processor.py:153} INFO - Started process (PID=129) to work on /home/airflow/.local/lib/python3.7/site-packages/airflow/example_dags/example_task_group.py
[2024-08-12T09:57:42.399+0000] {processor.py:640} INFO - Processing file /home/airflow/.local/lib/python3.7/site-packages/airflow/example_dags/example_task_group.py for tasks to queue
[2024-08-12T09:57:42.400+0000] {logging_mixin.py:115} INFO - [2024-08-12T09:57:42.400+0000] {dagbag.py:508} INFO - Filling up the DagBag from /home/airflow/.local/lib/python3.7/site-packages/airflow/example_dags/example_task_group.py
[2024-08-12T09:57:42.406+0000] {processor.py:650} INFO - DAG(s) dict_keys(['example_task_group']) retrieved from /home/airflow/.local/lib/python3.7/site-packages/airflow/example_dags/example_task_group.py
[2024-08-12T09:57:42.429+0000] {logging_mixin.py:115} INFO - [2024-08-12T09:57:42.428+0000] {dag.py:2429} INFO - Sync 1 DAGs
[2024-08-12T09:57:42.446+0000] {logging_mixin.py:115} INFO - [2024-08-12T09:57:42.446+0000] {dag.py:2981} INFO - Setting next_dagrun for example_task_group to 2024-08-11T09:57:42.446633+00:00, run_after=2024-08-12T09:57:42.446633+00:00
[2024-08-12T09:57:42.457+0000] {processor.py:161} INFO - Processing /home/airflow/.local/lib/python3.7/site-packages/airflow/example_dags/example_task_group.py took 0.061 seconds
[2024-08-12T09:58:13.258+0000] {processor.py:153} INFO - Started process (PID=192) to work on /home/airflow/.local/lib/python3.7/site-packages/airflow/example_dags/example_task_group.py
[2024-08-12T09:58:13.259+0000] {processor.py:640} INFO - Processing file /home/airflow/.local/lib/python3.7/site-packages/airflow/example_dags/example_task_group.py for tasks to queue
[2024-08-12T09:58:13.260+0000] {logging_mixin.py:115} INFO - [2024-08-12T09:58:13.260+0000] {dagbag.py:508} INFO - Filling up the DagBag from /home/airflow/.local/lib/python3.7/site-packages/airflow/example_dags/example_task_group.py
[2024-08-12T09:58:13.265+0000] {processor.py:650} INFO - DAG(s) dict_keys(['example_task_group']) retrieved from /home/airflow/.local/lib/python3.7/site-packages/airflow/example_dags/example_task_group.py
[2024-08-12T09:58:13.288+0000] {logging_mixin.py:115} INFO - [2024-08-12T09:58:13.288+0000] {dag.py:2429} INFO - Sync 1 DAGs
[2024-08-12T09:58:13.306+0000] {logging_mixin.py:115} INFO - [2024-08-12T09:58:13.306+0000] {dag.py:2981} INFO - Setting next_dagrun for example_task_group to 2024-08-11T09:58:13.306139+00:00, run_after=2024-08-12T09:58:13.306139+00:00
[2024-08-12T09:58:13.317+0000] {processor.py:161} INFO - Processing /home/airflow/.local/lib/python3.7/site-packages/airflow/example_dags/example_task_group.py took 0.061 seconds
[2024-08-12T09:58:44.212+0000] {processor.py:153} INFO - Started process (PID=255) to work on /home/airflow/.local/lib/python3.7/site-packages/airflow/example_dags/example_task_group.py
[2024-08-12T09:58:44.213+0000] {processor.py:640} INFO - Processing file /home/airflow/.local/lib/python3.7/site-packages/airflow/example_dags/example_task_group.py for tasks to queue
[2024-08-12T09:58:44.214+0000] {logging_mixin.py:115} INFO - [2024-08-12T09:58:44.213+0000] {dagbag.py:508} INFO - Filling up the DagBag from /home/airflow/.local/lib/python3.7/site-packages/airflow/example_dags/example_task_group.py
[2024-08-12T09:58:44.219+0000] {processor.py:650} INFO - DAG(s) dict_keys(['example_task_group']) retrieved from /home/airflow/.local/lib/python3.7/site-packages/airflow/example_dags/example_task_group.py
[2024-08-12T09:58:44.242+0000] {logging_mixin.py:115} INFO - [2024-08-12T09:58:44.242+0000] {dag.py:2429} INFO - Sync 1 DAGs
[2024-08-12T09:58:44.262+0000] {logging_mixin.py:115} INFO - [2024-08-12T09:58:44.261+0000] {dag.py:2981} INFO - Setting next_dagrun for example_task_group to 2024-08-11T09:58:44.261712+00:00, run_after=2024-08-12T09:58:44.261712+00:00
[2024-08-12T09:58:44.272+0000] {processor.py:161} INFO - Processing /home/airflow/.local/lib/python3.7/site-packages/airflow/example_dags/example_task_group.py took 0.063 seconds
[2024-08-12T09:59:15.209+0000] {processor.py:153} INFO - Started process (PID=318) to work on /home/airflow/.local/lib/python3.7/site-packages/airflow/example_dags/example_task_group.py
[2024-08-12T09:59:15.210+0000] {processor.py:640} INFO - Processing file /home/airflow/.local/lib/python3.7/site-packages/airflow/example_dags/example_task_group.py for tasks to queue
[2024-08-12T09:59:15.211+0000] {logging_mixin.py:115} INFO - [2024-08-12T09:59:15.210+0000] {dagbag.py:508} INFO - Filling up the DagBag from /home/airflow/.local/lib/python3.7/site-packages/airflow/example_dags/example_task_group.py
[2024-08-12T09:59:15.217+0000] {processor.py:650} INFO - DAG(s) dict_keys(['example_task_group']) retrieved from /home/airflow/.local/lib/python3.7/site-packages/airflow/example_dags/example_task_group.py
[2024-08-12T09:59:15.242+0000] {logging_mixin.py:115} INFO - [2024-08-12T09:59:15.242+0000] {dag.py:2429} INFO - Sync 1 DAGs
[2024-08-12T09:59:15.260+0000] {logging_mixin.py:115} INFO - [2024-08-12T09:59:15.260+0000] {dag.py:2981} INFO - Setting next_dagrun for example_task_group to 2024-08-11T09:59:15.260412+00:00, run_after=2024-08-12T09:59:15.260412+00:00
[2024-08-12T09:59:15.271+0000] {processor.py:161} INFO - Processing /home/airflow/.local/lib/python3.7/site-packages/airflow/example_dags/example_task_group.py took 0.065 seconds
[2024-08-12T09:59:45.439+0000] {processor.py:153} INFO - Started process (PID=372) to work on /home/airflow/.local/lib/python3.7/site-packages/airflow/example_dags/example_task_group.py
[2024-08-12T09:59:45.440+0000] {processor.py:640} INFO - Processing file /home/airflow/.local/lib/python3.7/site-packages/airflow/example_dags/example_task_group.py for tasks to queue
[2024-08-12T09:59:45.440+0000] {logging_mixin.py:115} INFO - [2024-08-12T09:59:45.440+0000] {dagbag.py:508} INFO - Filling up the DagBag from /home/airflow/.local/lib/python3.7/site-packages/airflow/example_dags/example_task_group.py
[2024-08-12T09:59:45.446+0000] {processor.py:650} INFO - DAG(s) dict_keys(['example_task_group']) retrieved from /home/airflow/.local/lib/python3.7/site-packages/airflow/example_dags/example_task_group.py
[2024-08-12T09:59:45.469+0000] {logging_mixin.py:115} INFO - [2024-08-12T09:59:45.469+0000] {dag.py:2429} INFO - Sync 1 DAGs
[2024-08-12T09:59:45.487+0000] {logging_mixin.py:115} INFO - [2024-08-12T09:59:45.487+0000] {dag.py:2981} INFO - Setting next_dagrun for example_task_group to 2024-08-11T09:59:45.486920+00:00, run_after=2024-08-12T09:59:45.486920+00:00
[2024-08-12T09:59:45.497+0000] {processor.py:161} INFO - Processing /home/airflow/.local/lib/python3.7/site-packages/airflow/example_dags/example_task_group.py took 0.061 seconds
[2024-08-12T10:00:16.203+0000] {processor.py:153} INFO - Started process (PID=435) to work on /home/airflow/.local/lib/python3.7/site-packages/airflow/example_dags/example_task_group.py
[2024-08-12T10:00:16.203+0000] {processor.py:640} INFO - Processing file /home/airflow/.local/lib/python3.7/site-packages/airflow/example_dags/example_task_group.py for tasks to queue
[2024-08-12T10:00:16.204+0000] {logging_mixin.py:115} INFO - [2024-08-12T10:00:16.204+0000] {dagbag.py:508} INFO - Filling up the DagBag from /home/airflow/.local/lib/python3.7/site-packages/airflow/example_dags/example_task_group.py
[2024-08-12T10:00:16.209+0000] {processor.py:650} INFO - DAG(s) dict_keys(['example_task_group']) retrieved from /home/airflow/.local/lib/python3.7/site-packages/airflow/example_dags/example_task_group.py
[2024-08-12T10:00:16.231+0000] {logging_mixin.py:115} INFO - [2024-08-12T10:00:16.231+0000] {dag.py:2429} INFO - Sync 1 DAGs
[2024-08-12T10:00:16.248+0000] {logging_mixin.py:115} INFO - [2024-08-12T10:00:16.248+0000] {dag.py:2981} INFO - Setting next_dagrun for example_task_group to 2024-08-11T10:00:16.248231+00:00, run_after=2024-08-12T10:00:16.248231+00:00
[2024-08-12T10:00:16.259+0000] {processor.py:161} INFO - Processing /home/airflow/.local/lib/python3.7/site-packages/airflow/example_dags/example_task_group.py took 0.058 seconds
[2024-08-12T10:00:46.986+0000] {processor.py:153} INFO - Started process (PID=498) to work on /home/airflow/.local/lib/python3.7/site-packages/airflow/example_dags/example_task_group.py
[2024-08-12T10:00:46.987+0000] {processor.py:640} INFO - Processing file /home/airflow/.local/lib/python3.7/site-packages/airflow/example_dags/example_task_group.py for tasks to queue
[2024-08-12T10:00:46.987+0000] {logging_mixin.py:115} INFO - [2024-08-12T10:00:46.987+0000] {dagbag.py:508} INFO - Filling up the DagBag from /home/airflow/.local/lib/python3.7/site-packages/airflow/example_dags/example_task_group.py
[2024-08-12T10:00:46.992+0000] {processor.py:650} INFO - DAG(s) dict_keys(['example_task_group']) retrieved from /home/airflow/.local/lib/python3.7/site-packages/airflow/example_dags/example_task_group.py
[2024-08-12T10:00:47.015+0000] {logging_mixin.py:115} INFO - [2024-08-12T10:00:47.015+0000] {dag.py:2429} INFO - Sync 1 DAGs
[2024-08-12T10:00:47.034+0000] {logging_mixin.py:115} INFO - [2024-08-12T10:00:47.034+0000] {dag.py:2981} INFO - Setting next_dagrun for example_task_group to 2024-08-11T10:00:47.034397+00:00, run_after=2024-08-12T10:00:47.034397+00:00
[2024-08-12T10:00:47.045+0000] {processor.py:161} INFO - Processing /home/airflow/.local/lib/python3.7/site-packages/airflow/example_dags/example_task_group.py took 0.062 seconds
[2024-08-12T10:01:17.809+0000] {processor.py:153} INFO - Started process (PID=561) to work on /home/airflow/.local/lib/python3.7/site-packages/airflow/example_dags/example_task_group.py
[2024-08-12T10:01:17.810+0000] {processor.py:640} INFO - Processing file /home/airflow/.local/lib/python3.7/site-packages/airflow/example_dags/example_task_group.py for tasks to queue
[2024-08-12T10:01:17.810+0000] {logging_mixin.py:115} INFO - [2024-08-12T10:01:17.810+0000] {dagbag.py:508} INFO - Filling up the DagBag from /home/airflow/.local/lib/python3.7/site-packages/airflow/example_dags/example_task_group.py
[2024-08-12T10:01:17.816+0000] {processor.py:650} INFO - DAG(s) dict_keys(['example_task_group']) retrieved from /home/airflow/.local/lib/python3.7/site-packages/airflow/example_dags/example_task_group.py
[2024-08-12T10:01:17.840+0000] {logging_mixin.py:115} INFO - [2024-08-12T10:01:17.839+0000] {dag.py:2429} INFO - Sync 1 DAGs
[2024-08-12T10:01:17.861+0000] {logging_mixin.py:115} INFO - [2024-08-12T10:01:17.860+0000] {dag.py:2981} INFO - Setting next_dagrun for example_task_group to 2024-08-11T10:01:17.860638+00:00, run_after=2024-08-12T10:01:17.860638+00:00
[2024-08-12T10:01:17.874+0000] {processor.py:161} INFO - Processing /home/airflow/.local/lib/python3.7/site-packages/airflow/example_dags/example_task_group.py took 0.068 seconds
[2024-08-12T10:01:48.577+0000] {processor.py:153} INFO - Started process (PID=615) to work on /home/airflow/.local/lib/python3.7/site-packages/airflow/example_dags/example_task_group.py
[2024-08-12T10:01:48.578+0000] {processor.py:640} INFO - Processing file /home/airflow/.local/lib/python3.7/site-packages/airflow/example_dags/example_task_group.py for tasks to queue
[2024-08-12T10:01:48.578+0000] {logging_mixin.py:115} INFO - [2024-08-12T10:01:48.578+0000] {dagbag.py:508} INFO - Filling up the DagBag from /home/airflow/.local/lib/python3.7/site-packages/airflow/example_dags/example_task_group.py
[2024-08-12T10:01:48.584+0000] {processor.py:650} INFO - DAG(s) dict_keys(['example_task_group']) retrieved from /home/airflow/.local/lib/python3.7/site-packages/airflow/example_dags/example_task_group.py
[2024-08-12T10:01:48.605+0000] {logging_mixin.py:115} INFO - [2024-08-12T10:01:48.605+0000] {dag.py:2429} INFO - Sync 1 DAGs
[2024-08-12T10:01:48.623+0000] {logging_mixin.py:115} INFO - [2024-08-12T10:01:48.623+0000] {dag.py:2981} INFO - Setting next_dagrun for example_task_group to 2024-08-11T10:01:48.623157+00:00, run_after=2024-08-12T10:01:48.623157+00:00
[2024-08-12T10:01:48.633+0000] {processor.py:161} INFO - Processing /home/airflow/.local/lib/python3.7/site-packages/airflow/example_dags/example_task_group.py took 0.059 seconds
[2024-08-12T10:02:19.361+0000] {processor.py:153} INFO - Started process (PID=678) to work on /home/airflow/.local/lib/python3.7/site-packages/airflow/example_dags/example_task_group.py
[2024-08-12T10:02:19.362+0000] {processor.py:640} INFO - Processing file /home/airflow/.local/lib/python3.7/site-packages/airflow/example_dags/example_task_group.py for tasks to queue
[2024-08-12T10:02:19.362+0000] {logging_mixin.py:115} INFO - [2024-08-12T10:02:19.362+0000] {dagbag.py:508} INFO - Filling up the DagBag from /home/airflow/.local/lib/python3.7/site-packages/airflow/example_dags/example_task_group.py
[2024-08-12T10:02:19.367+0000] {processor.py:650} INFO - DAG(s) dict_keys(['example_task_group']) retrieved from /home/airflow/.local/lib/python3.7/site-packages/airflow/example_dags/example_task_group.py
[2024-08-12T10:02:19.389+0000] {logging_mixin.py:115} INFO - [2024-08-12T10:02:19.389+0000] {dag.py:2429} INFO - Sync 1 DAGs
[2024-08-12T10:02:19.407+0000] {logging_mixin.py:115} INFO - [2024-08-12T10:02:19.407+0000] {dag.py:2981} INFO - Setting next_dagrun for example_task_group to 2024-08-11T10:02:19.406855+00:00, run_after=2024-08-12T10:02:19.406855+00:00
[2024-08-12T10:02:19.418+0000] {processor.py:161} INFO - Processing /home/airflow/.local/lib/python3.7/site-packages/airflow/example_dags/example_task_group.py took 0.059 seconds
[2024-08-12T10:02:50.167+0000] {processor.py:153} INFO - Started process (PID=741) to work on /home/airflow/.local/lib/python3.7/site-packages/airflow/example_dags/example_task_group.py
[2024-08-12T10:02:50.168+0000] {processor.py:640} INFO - Processing file /home/airflow/.local/lib/python3.7/site-packages/airflow/example_dags/example_task_group.py for tasks to queue
[2024-08-12T10:02:50.169+0000] {logging_mixin.py:115} INFO - [2024-08-12T10:02:50.169+0000] {dagbag.py:508} INFO - Filling up the DagBag from /home/airflow/.local/lib/python3.7/site-packages/airflow/example_dags/example_task_group.py
[2024-08-12T10:02:50.174+0000] {processor.py:650} INFO - DAG(s) dict_keys(['example_task_group']) retrieved from /home/airflow/.local/lib/python3.7/site-packages/airflow/example_dags/example_task_group.py
[2024-08-12T10:02:50.195+0000] {logging_mixin.py:115} INFO - [2024-08-12T10:02:50.195+0000] {dag.py:2429} INFO - Sync 1 DAGs
[2024-08-12T10:02:50.214+0000] {logging_mixin.py:115} INFO - [2024-08-12T10:02:50.214+0000] {dag.py:2981} INFO - Setting next_dagrun for example_task_group to 2024-08-11T10:02:50.213904+00:00, run_after=2024-08-12T10:02:50.213904+00:00
[2024-08-12T10:02:50.224+0000] {processor.py:161} INFO - Processing /home/airflow/.local/lib/python3.7/site-packages/airflow/example_dags/example_task_group.py took 0.059 seconds
[2024-08-12T10:03:20.994+0000] {processor.py:153} INFO - Started process (PID=802) to work on /home/airflow/.local/lib/python3.7/site-packages/airflow/example_dags/example_task_group.py
[2024-08-12T10:03:20.995+0000] {processor.py:640} INFO - Processing file /home/airflow/.local/lib/python3.7/site-packages/airflow/example_dags/example_task_group.py for tasks to queue
[2024-08-12T10:03:20.995+0000] {logging_mixin.py:115} INFO - [2024-08-12T10:03:20.995+0000] {dagbag.py:508} INFO - Filling up the DagBag from /home/airflow/.local/lib/python3.7/site-packages/airflow/example_dags/example_task_group.py
[2024-08-12T10:03:21.001+0000] {processor.py:650} INFO - DAG(s) dict_keys(['example_task_group']) retrieved from /home/airflow/.local/lib/python3.7/site-packages/airflow/example_dags/example_task_group.py
[2024-08-12T10:03:21.024+0000] {logging_mixin.py:115} INFO - [2024-08-12T10:03:21.024+0000] {dag.py:2429} INFO - Sync 1 DAGs
[2024-08-12T10:03:21.042+0000] {logging_mixin.py:115} INFO - [2024-08-12T10:03:21.041+0000] {dag.py:2981} INFO - Setting next_dagrun for example_task_group to 2024-08-11T10:03:21.041665+00:00, run_after=2024-08-12T10:03:21.041665+00:00
[2024-08-12T10:03:21.052+0000] {processor.py:161} INFO - Processing /home/airflow/.local/lib/python3.7/site-packages/airflow/example_dags/example_task_group.py took 0.061 seconds
[2024-08-12T10:03:52.053+0000] {processor.py:153} INFO - Started process (PID=858) to work on /home/airflow/.local/lib/python3.7/site-packages/airflow/example_dags/example_task_group.py
[2024-08-12T10:03:52.054+0000] {processor.py:640} INFO - Processing file /home/airflow/.local/lib/python3.7/site-packages/airflow/example_dags/example_task_group.py for tasks to queue
[2024-08-12T10:03:52.055+0000] {logging_mixin.py:115} INFO - [2024-08-12T10:03:52.055+0000] {dagbag.py:508} INFO - Filling up the DagBag from /home/airflow/.local/lib/python3.7/site-packages/airflow/example_dags/example_task_group.py
[2024-08-12T10:03:52.060+0000] {processor.py:650} INFO - DAG(s) dict_keys(['example_task_group']) retrieved from /home/airflow/.local/lib/python3.7/site-packages/airflow/example_dags/example_task_group.py
[2024-08-12T10:03:52.083+0000] {logging_mixin.py:115} INFO - [2024-08-12T10:03:52.082+0000] {dag.py:2429} INFO - Sync 1 DAGs
[2024-08-12T10:03:52.101+0000] {logging_mixin.py:115} INFO - [2024-08-12T10:03:52.101+0000] {dag.py:2981} INFO - Setting next_dagrun for example_task_group to 2024-08-11T10:03:52.101433+00:00, run_after=2024-08-12T10:03:52.101433+00:00
[2024-08-12T10:03:52.115+0000] {processor.py:161} INFO - Processing /home/airflow/.local/lib/python3.7/site-packages/airflow/example_dags/example_task_group.py took 0.064 seconds
[2024-08-12T10:04:22.760+0000] {processor.py:153} INFO - Started process (PID=921) to work on /home/airflow/.local/lib/python3.7/site-packages/airflow/example_dags/example_task_group.py
[2024-08-12T10:04:22.761+0000] {processor.py:640} INFO - Processing file /home/airflow/.local/lib/python3.7/site-packages/airflow/example_dags/example_task_group.py for tasks to queue
[2024-08-12T10:04:22.762+0000] {logging_mixin.py:115} INFO - [2024-08-12T10:04:22.762+0000] {dagbag.py:508} INFO - Filling up the DagBag from /home/airflow/.local/lib/python3.7/site-packages/airflow/example_dags/example_task_group.py
[2024-08-12T10:04:22.767+0000] {processor.py:650} INFO - DAG(s) dict_keys(['example_task_group']) retrieved from /home/airflow/.local/lib/python3.7/site-packages/airflow/example_dags/example_task_group.py
[2024-08-12T10:04:22.789+0000] {logging_mixin.py:115} INFO - [2024-08-12T10:04:22.789+0000] {dag.py:2429} INFO - Sync 1 DAGs
[2024-08-12T10:04:22.808+0000] {logging_mixin.py:115} INFO - [2024-08-12T10:04:22.808+0000] {dag.py:2981} INFO - Setting next_dagrun for example_task_group to 2024-08-11T10:04:22.808246+00:00, run_after=2024-08-12T10:04:22.808246+00:00
[2024-08-12T10:04:22.819+0000] {processor.py:161} INFO - Processing /home/airflow/.local/lib/python3.7/site-packages/airflow/example_dags/example_task_group.py took 0.061 seconds
[2024-08-12T10:04:53.568+0000] {processor.py:153} INFO - Started process (PID=984) to work on /home/airflow/.local/lib/python3.7/site-packages/airflow/example_dags/example_task_group.py
[2024-08-12T10:04:53.569+0000] {processor.py:640} INFO - Processing file /home/airflow/.local/lib/python3.7/site-packages/airflow/example_dags/example_task_group.py for tasks to queue
[2024-08-12T10:04:53.570+0000] {logging_mixin.py:115} INFO - [2024-08-12T10:04:53.570+0000] {dagbag.py:508} INFO - Filling up the DagBag from /home/airflow/.local/lib/python3.7/site-packages/airflow/example_dags/example_task_group.py
[2024-08-12T10:04:53.575+0000] {processor.py:650} INFO - DAG(s) dict_keys(['example_task_group']) retrieved from /home/airflow/.local/lib/python3.7/site-packages/airflow/example_dags/example_task_group.py
[2024-08-12T10:04:53.598+0000] {logging_mixin.py:115} INFO - [2024-08-12T10:04:53.598+0000] {dag.py:2429} INFO - Sync 1 DAGs
[2024-08-12T10:04:53.615+0000] {logging_mixin.py:115} INFO - [2024-08-12T10:04:53.615+0000] {dag.py:2981} INFO - Setting next_dagrun for example_task_group to 2024-08-11T10:04:53.615331+00:00, run_after=2024-08-12T10:04:53.615331+00:00
[2024-08-12T10:04:53.625+0000] {processor.py:161} INFO - Processing /home/airflow/.local/lib/python3.7/site-packages/airflow/example_dags/example_task_group.py took 0.059 seconds
[2024-08-12T10:05:24.420+0000] {processor.py:153} INFO - Started process (PID=1045) to work on /home/airflow/.local/lib/python3.7/site-packages/airflow/example_dags/example_task_group.py
[2024-08-12T10:05:24.421+0000] {processor.py:640} INFO - Processing file /home/airflow/.local/lib/python3.7/site-packages/airflow/example_dags/example_task_group.py for tasks to queue
[2024-08-12T10:05:24.422+0000] {logging_mixin.py:115} INFO - [2024-08-12T10:05:24.422+0000] {dagbag.py:508} INFO - Filling up the DagBag from /home/airflow/.local/lib/python3.7/site-packages/airflow/example_dags/example_task_group.py
[2024-08-12T10:05:24.427+0000] {processor.py:650} INFO - DAG(s) dict_keys(['example_task_group']) retrieved from /home/airflow/.local/lib/python3.7/site-packages/airflow/example_dags/example_task_group.py
[2024-08-12T10:05:24.450+0000] {logging_mixin.py:115} INFO - [2024-08-12T10:05:24.449+0000] {dag.py:2429} INFO - Sync 1 DAGs
[2024-08-12T10:05:24.469+0000] {logging_mixin.py:115} INFO - [2024-08-12T10:05:24.469+0000] {dag.py:2981} INFO - Setting next_dagrun for example_task_group to 2024-08-11T10:05:24.469472+00:00, run_after=2024-08-12T10:05:24.469472+00:00
[2024-08-12T10:05:24.481+0000] {processor.py:161} INFO - Processing /home/airflow/.local/lib/python3.7/site-packages/airflow/example_dags/example_task_group.py took 0.063 seconds
[2024-08-12T10:05:55.248+0000] {processor.py:153} INFO - Started process (PID=1100) to work on /home/airflow/.local/lib/python3.7/site-packages/airflow/example_dags/example_task_group.py
[2024-08-12T10:05:55.249+0000] {processor.py:640} INFO - Processing file /home/airflow/.local/lib/python3.7/site-packages/airflow/example_dags/example_task_group.py for tasks to queue
[2024-08-12T10:05:55.250+0000] {logging_mixin.py:115} INFO - [2024-08-12T10:05:55.250+0000] {dagbag.py:508} INFO - Filling up the DagBag from /home/airflow/.local/lib/python3.7/site-packages/airflow/example_dags/example_task_group.py
[2024-08-12T10:05:55.255+0000] {processor.py:650} INFO - DAG(s) dict_keys(['example_task_group']) retrieved from /home/airflow/.local/lib/python3.7/site-packages/airflow/example_dags/example_task_group.py
[2024-08-12T10:05:55.278+0000] {logging_mixin.py:115} INFO - [2024-08-12T10:05:55.278+0000] {dag.py:2429} INFO - Sync 1 DAGs
[2024-08-12T10:05:55.297+0000] {logging_mixin.py:115} INFO - [2024-08-12T10:05:55.297+0000] {dag.py:2981} INFO - Setting next_dagrun for example_task_group to 2024-08-11T10:05:55.297498+00:00, run_after=2024-08-12T10:05:55.297498+00:00
[2024-08-12T10:05:55.308+0000] {processor.py:161} INFO - Processing /home/airflow/.local/lib/python3.7/site-packages/airflow/example_dags/example_task_group.py took 0.063 seconds
[2024-08-12T10:06:26.100+0000] {processor.py:153} INFO - Started process (PID=1164) to work on /home/airflow/.local/lib/python3.7/site-packages/airflow/example_dags/example_task_group.py
[2024-08-12T10:06:26.100+0000] {processor.py:640} INFO - Processing file /home/airflow/.local/lib/python3.7/site-packages/airflow/example_dags/example_task_group.py for tasks to queue
[2024-08-12T10:06:26.101+0000] {logging_mixin.py:115} INFO - [2024-08-12T10:06:26.101+0000] {dagbag.py:508} INFO - Filling up the DagBag from /home/airflow/.local/lib/python3.7/site-packages/airflow/example_dags/example_task_group.py
[2024-08-12T10:06:26.106+0000] {processor.py:650} INFO - DAG(s) dict_keys(['example_task_group']) retrieved from /home/airflow/.local/lib/python3.7/site-packages/airflow/example_dags/example_task_group.py
[2024-08-12T10:06:26.127+0000] {logging_mixin.py:115} INFO - [2024-08-12T10:06:26.127+0000] {dag.py:2429} INFO - Sync 1 DAGs
[2024-08-12T10:06:26.144+0000] {logging_mixin.py:115} INFO - [2024-08-12T10:06:26.144+0000] {dag.py:2981} INFO - Setting next_dagrun for example_task_group to 2024-08-11T10:06:26.144245+00:00, run_after=2024-08-12T10:06:26.144245+00:00
[2024-08-12T10:06:26.154+0000] {processor.py:161} INFO - Processing /home/airflow/.local/lib/python3.7/site-packages/airflow/example_dags/example_task_group.py took 0.057 seconds
[2024-08-12T10:06:57.114+0000] {processor.py:153} INFO - Started process (PID=1227) to work on /home/airflow/.local/lib/python3.7/site-packages/airflow/example_dags/example_task_group.py
[2024-08-12T10:06:57.115+0000] {processor.py:640} INFO - Processing file /home/airflow/.local/lib/python3.7/site-packages/airflow/example_dags/example_task_group.py for tasks to queue
[2024-08-12T10:06:57.116+0000] {logging_mixin.py:115} INFO - [2024-08-12T10:06:57.116+0000] {dagbag.py:508} INFO - Filling up the DagBag from /home/airflow/.local/lib/python3.7/site-packages/airflow/example_dags/example_task_group.py
[2024-08-12T10:06:57.121+0000] {processor.py:650} INFO - DAG(s) dict_keys(['example_task_group']) retrieved from /home/airflow/.local/lib/python3.7/site-packages/airflow/example_dags/example_task_group.py
[2024-08-12T10:06:57.143+0000] {logging_mixin.py:115} INFO - [2024-08-12T10:06:57.142+0000] {dag.py:2429} INFO - Sync 1 DAGs
[2024-08-12T10:06:57.160+0000] {logging_mixin.py:115} INFO - [2024-08-12T10:06:57.160+0000] {dag.py:2981} INFO - Setting next_dagrun for example_task_group to 2024-08-11T10:06:57.160589+00:00, run_after=2024-08-12T10:06:57.160589+00:00
[2024-08-12T10:06:57.172+0000] {processor.py:161} INFO - Processing /home/airflow/.local/lib/python3.7/site-packages/airflow/example_dags/example_task_group.py took 0.060 seconds
[2024-08-12T10:07:27.366+0000] {processor.py:153} INFO - Started process (PID=1281) to work on /home/airflow/.local/lib/python3.7/site-packages/airflow/example_dags/example_task_group.py
[2024-08-12T10:07:27.367+0000] {processor.py:640} INFO - Processing file /home/airflow/.local/lib/python3.7/site-packages/airflow/example_dags/example_task_group.py for tasks to queue
[2024-08-12T10:07:27.367+0000] {logging_mixin.py:115} INFO - [2024-08-12T10:07:27.367+0000] {dagbag.py:508} INFO - Filling up the DagBag from /home/airflow/.local/lib/python3.7/site-packages/airflow/example_dags/example_task_group.py
[2024-08-12T10:07:27.373+0000] {processor.py:650} INFO - DAG(s) dict_keys(['example_task_group']) retrieved from /home/airflow/.local/lib/python3.7/site-packages/airflow/example_dags/example_task_group.py
[2024-08-12T10:07:27.394+0000] {logging_mixin.py:115} INFO - [2024-08-12T10:07:27.394+0000] {dag.py:2429} INFO - Sync 1 DAGs
[2024-08-12T10:07:27.411+0000] {logging_mixin.py:115} INFO - [2024-08-12T10:07:27.411+0000] {dag.py:2981} INFO - Setting next_dagrun for example_task_group to 2024-08-11T10:07:27.411365+00:00, run_after=2024-08-12T10:07:27.411365+00:00
[2024-08-12T10:07:27.426+0000] {processor.py:161} INFO - Processing /home/airflow/.local/lib/python3.7/site-packages/airflow/example_dags/example_task_group.py took 0.062 seconds
[2024-08-12T10:07:58.343+0000] {processor.py:153} INFO - Started process (PID=1344) to work on /home/airflow/.local/lib/python3.7/site-packages/airflow/example_dags/example_task_group.py
[2024-08-12T10:07:58.344+0000] {processor.py:640} INFO - Processing file /home/airflow/.local/lib/python3.7/site-packages/airflow/example_dags/example_task_group.py for tasks to queue
[2024-08-12T10:07:58.344+0000] {logging_mixin.py:115} INFO - [2024-08-12T10:07:58.344+0000] {dagbag.py:508} INFO - Filling up the DagBag from /home/airflow/.local/lib/python3.7/site-packages/airflow/example_dags/example_task_group.py
[2024-08-12T10:07:58.350+0000] {processor.py:650} INFO - DAG(s) dict_keys(['example_task_group']) retrieved from /home/airflow/.local/lib/python3.7/site-packages/airflow/example_dags/example_task_group.py
[2024-08-12T10:07:58.373+0000] {logging_mixin.py:115} INFO - [2024-08-12T10:07:58.373+0000] {dag.py:2429} INFO - Sync 1 DAGs
[2024-08-12T10:07:58.391+0000] {logging_mixin.py:115} INFO - [2024-08-12T10:07:58.391+0000] {dag.py:2981} INFO - Setting next_dagrun for example_task_group to 2024-08-11T10:07:58.391291+00:00, run_after=2024-08-12T10:07:58.391291+00:00
[2024-08-12T10:07:58.403+0000] {processor.py:161} INFO - Processing /home/airflow/.local/lib/python3.7/site-packages/airflow/example_dags/example_task_group.py took 0.063 seconds
[2024-08-12T10:08:29.086+0000] {processor.py:153} INFO - Started process (PID=1407) to work on /home/airflow/.local/lib/python3.7/site-packages/airflow/example_dags/example_task_group.py
[2024-08-12T10:08:29.086+0000] {processor.py:640} INFO - Processing file /home/airflow/.local/lib/python3.7/site-packages/airflow/example_dags/example_task_group.py for tasks to queue
[2024-08-12T10:08:29.087+0000] {logging_mixin.py:115} INFO - [2024-08-12T10:08:29.087+0000] {dagbag.py:508} INFO - Filling up the DagBag from /home/airflow/.local/lib/python3.7/site-packages/airflow/example_dags/example_task_group.py
[2024-08-12T10:08:29.092+0000] {processor.py:650} INFO - DAG(s) dict_keys(['example_task_group']) retrieved from /home/airflow/.local/lib/python3.7/site-packages/airflow/example_dags/example_task_group.py
[2024-08-12T10:08:29.114+0000] {logging_mixin.py:115} INFO - [2024-08-12T10:08:29.114+0000] {dag.py:2429} INFO - Sync 1 DAGs
[2024-08-12T10:08:29.131+0000] {logging_mixin.py:115} INFO - [2024-08-12T10:08:29.131+0000] {dag.py:2981} INFO - Setting next_dagrun for example_task_group to 2024-08-11T10:08:29.131189+00:00, run_after=2024-08-12T10:08:29.131189+00:00
[2024-08-12T10:08:29.143+0000] {processor.py:161} INFO - Processing /home/airflow/.local/lib/python3.7/site-packages/airflow/example_dags/example_task_group.py took 0.059 seconds
[2024-08-12T10:08:59.874+0000] {processor.py:153} INFO - Started process (PID=1470) to work on /home/airflow/.local/lib/python3.7/site-packages/airflow/example_dags/example_task_group.py
[2024-08-12T10:08:59.876+0000] {processor.py:640} INFO - Processing file /home/airflow/.local/lib/python3.7/site-packages/airflow/example_dags/example_task_group.py for tasks to queue
[2024-08-12T10:08:59.876+0000] {logging_mixin.py:115} INFO - [2024-08-12T10:08:59.876+0000] {dagbag.py:508} INFO - Filling up the DagBag from /home/airflow/.local/lib/python3.7/site-packages/airflow/example_dags/example_task_group.py
[2024-08-12T10:08:59.882+0000] {processor.py:650} INFO - DAG(s) dict_keys(['example_task_group']) retrieved from /home/airflow/.local/lib/python3.7/site-packages/airflow/example_dags/example_task_group.py
[2024-08-12T10:08:59.904+0000] {logging_mixin.py:115} INFO - [2024-08-12T10:08:59.904+0000] {dag.py:2429} INFO - Sync 1 DAGs
[2024-08-12T10:08:59.922+0000] {logging_mixin.py:115} INFO - [2024-08-12T10:08:59.922+0000] {dag.py:2981} INFO - Setting next_dagrun for example_task_group to 2024-08-11T10:08:59.922037+00:00, run_after=2024-08-12T10:08:59.922037+00:00
[2024-08-12T10:08:59.935+0000] {processor.py:161} INFO - Processing /home/airflow/.local/lib/python3.7/site-packages/airflow/example_dags/example_task_group.py took 0.063 seconds
[2024-08-12T10:09:30.593+0000] {processor.py:153} INFO - Started process (PID=1524) to work on /home/airflow/.local/lib/python3.7/site-packages/airflow/example_dags/example_task_group.py
[2024-08-12T10:09:30.593+0000] {processor.py:640} INFO - Processing file /home/airflow/.local/lib/python3.7/site-packages/airflow/example_dags/example_task_group.py for tasks to queue
[2024-08-12T10:09:30.594+0000] {logging_mixin.py:115} INFO - [2024-08-12T10:09:30.594+0000] {dagbag.py:508} INFO - Filling up the DagBag from /home/airflow/.local/lib/python3.7/site-packages/airflow/example_dags/example_task_group.py
[2024-08-12T10:09:30.601+0000] {processor.py:650} INFO - DAG(s) dict_keys(['example_task_group']) retrieved from /home/airflow/.local/lib/python3.7/site-packages/airflow/example_dags/example_task_group.py
[2024-08-12T10:09:30.622+0000] {logging_mixin.py:115} INFO - [2024-08-12T10:09:30.622+0000] {dag.py:2429} INFO - Sync 1 DAGs
[2024-08-12T10:09:30.639+0000] {logging_mixin.py:115} INFO - [2024-08-12T10:09:30.639+0000] {dag.py:2981} INFO - Setting next_dagrun for example_task_group to 2024-08-11T10:09:30.639291+00:00, run_after=2024-08-12T10:09:30.639291+00:00
[2024-08-12T10:09:30.651+0000] {processor.py:161} INFO - Processing /home/airflow/.local/lib/python3.7/site-packages/airflow/example_dags/example_task_group.py took 0.060 seconds
[2024-08-12T10:10:01.325+0000] {processor.py:153} INFO - Started process (PID=1587) to work on /home/airflow/.local/lib/python3.7/site-packages/airflow/example_dags/example_task_group.py
[2024-08-12T10:10:01.326+0000] {processor.py:640} INFO - Processing file /home/airflow/.local/lib/python3.7/site-packages/airflow/example_dags/example_task_group.py for tasks to queue
[2024-08-12T10:10:01.326+0000] {logging_mixin.py:115} INFO - [2024-08-12T10:10:01.326+0000] {dagbag.py:508} INFO - Filling up the DagBag from /home/airflow/.local/lib/python3.7/site-packages/airflow/example_dags/example_task_group.py
[2024-08-12T10:10:01.332+0000] {processor.py:650} INFO - DAG(s) dict_keys(['example_task_group']) retrieved from /home/airflow/.local/lib/python3.7/site-packages/airflow/example_dags/example_task_group.py
[2024-08-12T10:10:01.355+0000] {logging_mixin.py:115} INFO - [2024-08-12T10:10:01.354+0000] {dag.py:2429} INFO - Sync 1 DAGs
[2024-08-12T10:10:01.374+0000] {logging_mixin.py:115} INFO - [2024-08-12T10:10:01.374+0000] {dag.py:2981} INFO - Setting next_dagrun for example_task_group to 2024-08-11T10:10:01.374312+00:00, run_after=2024-08-12T10:10:01.374312+00:00
[2024-08-12T10:10:01.387+0000] {processor.py:161} INFO - Processing /home/airflow/.local/lib/python3.7/site-packages/airflow/example_dags/example_task_group.py took 0.065 seconds
[2024-08-12T10:10:32.054+0000] {processor.py:153} INFO - Started process (PID=1650) to work on /home/airflow/.local/lib/python3.7/site-packages/airflow/example_dags/example_task_group.py
[2024-08-12T10:10:32.055+0000] {processor.py:640} INFO - Processing file /home/airflow/.local/lib/python3.7/site-packages/airflow/example_dags/example_task_group.py for tasks to queue
[2024-08-12T10:10:32.055+0000] {logging_mixin.py:115} INFO - [2024-08-12T10:10:32.055+0000] {dagbag.py:508} INFO - Filling up the DagBag from /home/airflow/.local/lib/python3.7/site-packages/airflow/example_dags/example_task_group.py
[2024-08-12T10:10:32.061+0000] {processor.py:650} INFO - DAG(s) dict_keys(['example_task_group']) retrieved from /home/airflow/.local/lib/python3.7/site-packages/airflow/example_dags/example_task_group.py
[2024-08-12T10:10:32.083+0000] {logging_mixin.py:115} INFO - [2024-08-12T10:10:32.083+0000] {dag.py:2429} INFO - Sync 1 DAGs
[2024-08-12T10:10:32.101+0000] {logging_mixin.py:115} INFO - [2024-08-12T10:10:32.100+0000] {dag.py:2981} INFO - Setting next_dagrun for example_task_group to 2024-08-11T10:10:32.100693+00:00, run_after=2024-08-12T10:10:32.100693+00:00
[2024-08-12T10:10:32.113+0000] {processor.py:161} INFO - Processing /home/airflow/.local/lib/python3.7/site-packages/airflow/example_dags/example_task_group.py took 0.062 seconds
[2024-08-12T10:11:02.787+0000] {processor.py:153} INFO - Started process (PID=1713) to work on /home/airflow/.local/lib/python3.7/site-packages/airflow/example_dags/example_task_group.py
[2024-08-12T10:11:02.788+0000] {processor.py:640} INFO - Processing file /home/airflow/.local/lib/python3.7/site-packages/airflow/example_dags/example_task_group.py for tasks to queue
[2024-08-12T10:11:02.788+0000] {logging_mixin.py:115} INFO - [2024-08-12T10:11:02.788+0000] {dagbag.py:508} INFO - Filling up the DagBag from /home/airflow/.local/lib/python3.7/site-packages/airflow/example_dags/example_task_group.py
[2024-08-12T10:11:02.794+0000] {processor.py:650} INFO - DAG(s) dict_keys(['example_task_group']) retrieved from /home/airflow/.local/lib/python3.7/site-packages/airflow/example_dags/example_task_group.py
[2024-08-12T10:11:02.816+0000] {logging_mixin.py:115} INFO - [2024-08-12T10:11:02.815+0000] {dag.py:2429} INFO - Sync 1 DAGs
[2024-08-12T10:11:02.834+0000] {logging_mixin.py:115} INFO - [2024-08-12T10:11:02.833+0000] {dag.py:2981} INFO - Setting next_dagrun for example_task_group to 2024-08-11T10:11:02.833672+00:00, run_after=2024-08-12T10:11:02.833672+00:00
[2024-08-12T10:11:02.846+0000] {processor.py:161} INFO - Processing /home/airflow/.local/lib/python3.7/site-packages/airflow/example_dags/example_task_group.py took 0.061 seconds
[2024-08-12T10:11:33.577+0000] {processor.py:153} INFO - Started process (PID=1767) to work on /home/airflow/.local/lib/python3.7/site-packages/airflow/example_dags/example_task_group.py
[2024-08-12T10:11:33.578+0000] {processor.py:640} INFO - Processing file /home/airflow/.local/lib/python3.7/site-packages/airflow/example_dags/example_task_group.py for tasks to queue
[2024-08-12T10:11:33.578+0000] {logging_mixin.py:115} INFO - [2024-08-12T10:11:33.578+0000] {dagbag.py:508} INFO - Filling up the DagBag from /home/airflow/.local/lib/python3.7/site-packages/airflow/example_dags/example_task_group.py
[2024-08-12T10:11:33.584+0000] {processor.py:650} INFO - DAG(s) dict_keys(['example_task_group']) retrieved from /home/airflow/.local/lib/python3.7/site-packages/airflow/example_dags/example_task_group.py
[2024-08-12T10:11:33.607+0000] {logging_mixin.py:115} INFO - [2024-08-12T10:11:33.607+0000] {dag.py:2429} INFO - Sync 1 DAGs
[2024-08-12T10:11:33.625+0000] {logging_mixin.py:115} INFO - [2024-08-12T10:11:33.625+0000] {dag.py:2981} INFO - Setting next_dagrun for example_task_group to 2024-08-11T10:11:33.624948+00:00, run_after=2024-08-12T10:11:33.624948+00:00
[2024-08-12T10:11:33.637+0000] {processor.py:161} INFO - Processing /home/airflow/.local/lib/python3.7/site-packages/airflow/example_dags/example_task_group.py took 0.064 seconds
[2024-08-12T10:12:04.310+0000] {processor.py:153} INFO - Started process (PID=1830) to work on /home/airflow/.local/lib/python3.7/site-packages/airflow/example_dags/example_task_group.py
[2024-08-12T10:12:04.310+0000] {processor.py:640} INFO - Processing file /home/airflow/.local/lib/python3.7/site-packages/airflow/example_dags/example_task_group.py for tasks to queue
[2024-08-12T10:12:04.311+0000] {logging_mixin.py:115} INFO - [2024-08-12T10:12:04.311+0000] {dagbag.py:508} INFO - Filling up the DagBag from /home/airflow/.local/lib/python3.7/site-packages/airflow/example_dags/example_task_group.py
[2024-08-12T10:12:04.316+0000] {processor.py:650} INFO - DAG(s) dict_keys(['example_task_group']) retrieved from /home/airflow/.local/lib/python3.7/site-packages/airflow/example_dags/example_task_group.py
[2024-08-12T10:12:04.338+0000] {logging_mixin.py:115} INFO - [2024-08-12T10:12:04.338+0000] {dag.py:2429} INFO - Sync 1 DAGs
[2024-08-12T10:12:04.355+0000] {logging_mixin.py:115} INFO - [2024-08-12T10:12:04.355+0000] {dag.py:2981} INFO - Setting next_dagrun for example_task_group to 2024-08-11T10:12:04.355208+00:00, run_after=2024-08-12T10:12:04.355208+00:00
[2024-08-12T10:12:04.367+0000] {processor.py:161} INFO - Processing /home/airflow/.local/lib/python3.7/site-packages/airflow/example_dags/example_task_group.py took 0.060 seconds
[2024-08-12T10:12:35.230+0000] {processor.py:153} INFO - Started process (PID=1892) to work on /home/airflow/.local/lib/python3.7/site-packages/airflow/example_dags/example_task_group.py
[2024-08-12T10:12:35.230+0000] {processor.py:640} INFO - Processing file /home/airflow/.local/lib/python3.7/site-packages/airflow/example_dags/example_task_group.py for tasks to queue
[2024-08-12T10:12:35.231+0000] {logging_mixin.py:115} INFO - [2024-08-12T10:12:35.231+0000] {dagbag.py:508} INFO - Filling up the DagBag from /home/airflow/.local/lib/python3.7/site-packages/airflow/example_dags/example_task_group.py
[2024-08-12T10:12:35.237+0000] {processor.py:650} INFO - DAG(s) dict_keys(['example_task_group']) retrieved from /home/airflow/.local/lib/python3.7/site-packages/airflow/example_dags/example_task_group.py
[2024-08-12T10:12:35.262+0000] {logging_mixin.py:115} INFO - [2024-08-12T10:12:35.261+0000] {dag.py:2429} INFO - Sync 1 DAGs
[2024-08-12T10:12:35.304+0000] {logging_mixin.py:115} INFO - [2024-08-12T10:12:35.302+0000] {dag.py:2981} INFO - Setting next_dagrun for example_task_group to 2024-08-11T10:12:35.302707+00:00, run_after=2024-08-12T10:12:35.302707+00:00
[2024-08-12T10:12:35.316+0000] {processor.py:161} INFO - Processing /home/airflow/.local/lib/python3.7/site-packages/airflow/example_dags/example_task_group.py took 0.089 seconds
[2024-08-12T10:13:06.058+0000] {processor.py:153} INFO - Started process (PID=1955) to work on /home/airflow/.local/lib/python3.7/site-packages/airflow/example_dags/example_task_group.py
[2024-08-12T10:13:06.058+0000] {processor.py:640} INFO - Processing file /home/airflow/.local/lib/python3.7/site-packages/airflow/example_dags/example_task_group.py for tasks to queue
[2024-08-12T10:13:06.059+0000] {logging_mixin.py:115} INFO - [2024-08-12T10:13:06.059+0000] {dagbag.py:508} INFO - Filling up the DagBag from /home/airflow/.local/lib/python3.7/site-packages/airflow/example_dags/example_task_group.py
[2024-08-12T10:13:06.064+0000] {processor.py:650} INFO - DAG(s) dict_keys(['example_task_group']) retrieved from /home/airflow/.local/lib/python3.7/site-packages/airflow/example_dags/example_task_group.py
[2024-08-12T10:13:06.086+0000] {logging_mixin.py:115} INFO - [2024-08-12T10:13:06.086+0000] {dag.py:2429} INFO - Sync 1 DAGs
[2024-08-12T10:13:06.106+0000] {logging_mixin.py:115} INFO - [2024-08-12T10:13:06.105+0000] {dag.py:2981} INFO - Setting next_dagrun for example_task_group to 2024-08-11T10:13:06.105124+00:00, run_after=2024-08-12T10:13:06.105124+00:00
[2024-08-12T10:13:06.117+0000] {processor.py:161} INFO - Processing /home/airflow/.local/lib/python3.7/site-packages/airflow/example_dags/example_task_group.py took 0.062 seconds
[2024-08-12T10:13:36.814+0000] {processor.py:153} INFO - Started process (PID=2009) to work on /home/airflow/.local/lib/python3.7/site-packages/airflow/example_dags/example_task_group.py
[2024-08-12T10:13:36.815+0000] {processor.py:640} INFO - Processing file /home/airflow/.local/lib/python3.7/site-packages/airflow/example_dags/example_task_group.py for tasks to queue
[2024-08-12T10:13:36.815+0000] {logging_mixin.py:115} INFO - [2024-08-12T10:13:36.815+0000] {dagbag.py:508} INFO - Filling up the DagBag from /home/airflow/.local/lib/python3.7/site-packages/airflow/example_dags/example_task_group.py
[2024-08-12T10:13:36.821+0000] {processor.py:650} INFO - DAG(s) dict_keys(['example_task_group']) retrieved from /home/airflow/.local/lib/python3.7/site-packages/airflow/example_dags/example_task_group.py
[2024-08-12T10:13:36.844+0000] {logging_mixin.py:115} INFO - [2024-08-12T10:13:36.844+0000] {dag.py:2429} INFO - Sync 1 DAGs
[2024-08-12T10:13:36.863+0000] {logging_mixin.py:115} INFO - [2024-08-12T10:13:36.862+0000] {dag.py:2981} INFO - Setting next_dagrun for example_task_group to 2024-08-11T10:13:36.862340+00:00, run_after=2024-08-12T10:13:36.862340+00:00
[2024-08-12T10:13:36.873+0000] {processor.py:161} INFO - Processing /home/airflow/.local/lib/python3.7/site-packages/airflow/example_dags/example_task_group.py took 0.061 seconds
[2024-08-12T10:14:07.739+0000] {processor.py:153} INFO - Started process (PID=2072) to work on /home/airflow/.local/lib/python3.7/site-packages/airflow/example_dags/example_task_group.py
[2024-08-12T10:14:07.740+0000] {processor.py:640} INFO - Processing file /home/airflow/.local/lib/python3.7/site-packages/airflow/example_dags/example_task_group.py for tasks to queue
[2024-08-12T10:14:07.741+0000] {logging_mixin.py:115} INFO - [2024-08-12T10:14:07.741+0000] {dagbag.py:508} INFO - Filling up the DagBag from /home/airflow/.local/lib/python3.7/site-packages/airflow/example_dags/example_task_group.py
[2024-08-12T10:14:07.747+0000] {processor.py:650} INFO - DAG(s) dict_keys(['example_task_group']) retrieved from /home/airflow/.local/lib/python3.7/site-packages/airflow/example_dags/example_task_group.py
[2024-08-12T10:14:07.773+0000] {logging_mixin.py:115} INFO - [2024-08-12T10:14:07.773+0000] {dag.py:2429} INFO - Sync 1 DAGs
[2024-08-12T10:14:07.796+0000] {logging_mixin.py:115} INFO - [2024-08-12T10:14:07.794+0000] {dag.py:2981} INFO - Setting next_dagrun for example_task_group to 2024-08-11T10:14:07.794550+00:00, run_after=2024-08-12T10:14:07.794550+00:00
[2024-08-12T10:14:07.810+0000] {processor.py:161} INFO - Processing /home/airflow/.local/lib/python3.7/site-packages/airflow/example_dags/example_task_group.py took 0.074 seconds
