[2024-08-12T08:27:06.115+0000] {processor.py:153} INFO - Started process (PID=60) to work on /home/airflow/.local/lib/python3.7/site-packages/airflow/example_dags/example_subdag_operator.py
[2024-08-12T08:27:06.116+0000] {processor.py:640} INFO - Processing file /home/airflow/.local/lib/python3.7/site-packages/airflow/example_dags/example_subdag_operator.py for tasks to queue
[2024-08-12T08:27:06.116+0000] {logging_mixin.py:115} INFO - [2024-08-12T08:27:06.116+0000] {dagbag.py:508} INFO - Filling up the DagBag from /home/airflow/.local/lib/python3.7/site-packages/airflow/example_dags/example_subdag_operator.py
[2024-08-12T08:27:06.144+0000] {processor.py:650} INFO - DAG(s) dict_keys(['example_subdag_operator.section-1', 'example_subdag_operator.section-2', 'example_subdag_operator']) retrieved from /home/airflow/.local/lib/python3.7/site-packages/airflow/example_dags/example_subdag_operator.py
[2024-08-12T08:27:06.375+0000] {logging_mixin.py:115} INFO - [2024-08-12T08:27:06.375+0000] {manager.py:508} INFO - Created Permission View: can edit on DAG:example_subdag_operator
[2024-08-12T08:27:06.390+0000] {logging_mixin.py:115} INFO - [2024-08-12T08:27:06.390+0000] {manager.py:508} INFO - Created Permission View: can read on DAG:example_subdag_operator
[2024-08-12T08:27:06.401+0000] {logging_mixin.py:115} INFO - [2024-08-12T08:27:06.401+0000] {manager.py:508} INFO - Created Permission View: can delete on DAG:example_subdag_operator
[2024-08-12T08:27:06.402+0000] {logging_mixin.py:115} INFO - [2024-08-12T08:27:06.402+0000] {dag.py:2429} INFO - Sync 3 DAGs
[2024-08-12T08:27:06.413+0000] {logging_mixin.py:115} INFO - [2024-08-12T08:27:06.413+0000] {dag.py:2448} INFO - Creating ORM DAG for example_subdag_operator
[2024-08-12T08:27:06.414+0000] {logging_mixin.py:115} INFO - [2024-08-12T08:27:06.414+0000] {dag.py:2448} INFO - Creating ORM DAG for example_subdag_operator.section-2
[2024-08-12T08:27:06.414+0000] {logging_mixin.py:115} INFO - [2024-08-12T08:27:06.414+0000] {dag.py:2448} INFO - Creating ORM DAG for example_subdag_operator.section-1
[2024-08-12T08:27:06.427+0000] {logging_mixin.py:115} INFO - [2024-08-12T08:27:06.427+0000] {dag.py:2981} INFO - Setting next_dagrun for example_subdag_operator to 2022-01-01T00:00:00+00:00, run_after=2022-01-01T00:00:00+00:00
[2024-08-12T08:27:06.428+0000] {logging_mixin.py:115} INFO - [2024-08-12T08:27:06.428+0000] {dag.py:2981} INFO - Setting next_dagrun for example_subdag_operator.section-1 to None, run_after=None
[2024-08-12T08:27:06.428+0000] {logging_mixin.py:115} INFO - [2024-08-12T08:27:06.428+0000] {dag.py:2981} INFO - Setting next_dagrun for example_subdag_operator.section-2 to None, run_after=None
[2024-08-12T08:27:06.441+0000] {logging_mixin.py:115} INFO - [2024-08-12T08:27:06.440+0000] {dag.py:2429} INFO - Sync 2 DAGs
[2024-08-12T08:27:06.449+0000] {logging_mixin.py:115} INFO - [2024-08-12T08:27:06.449+0000] {dag.py:2981} INFO - Setting next_dagrun for example_subdag_operator.section-1 to None, run_after=None
[2024-08-12T08:27:06.450+0000] {logging_mixin.py:115} INFO - [2024-08-12T08:27:06.449+0000] {dag.py:2981} INFO - Setting next_dagrun for example_subdag_operator.section-2 to None, run_after=None
[2024-08-12T08:27:06.460+0000] {processor.py:161} INFO - Processing /home/airflow/.local/lib/python3.7/site-packages/airflow/example_dags/example_subdag_operator.py took 0.348 seconds
[2024-08-12T08:27:36.652+0000] {processor.py:153} INFO - Started process (PID=114) to work on /home/airflow/.local/lib/python3.7/site-packages/airflow/example_dags/example_subdag_operator.py
[2024-08-12T08:27:36.653+0000] {processor.py:640} INFO - Processing file /home/airflow/.local/lib/python3.7/site-packages/airflow/example_dags/example_subdag_operator.py for tasks to queue
[2024-08-12T08:27:36.653+0000] {logging_mixin.py:115} INFO - [2024-08-12T08:27:36.653+0000] {dagbag.py:508} INFO - Filling up the DagBag from /home/airflow/.local/lib/python3.7/site-packages/airflow/example_dags/example_subdag_operator.py
[2024-08-12T08:27:36.675+0000] {processor.py:650} INFO - DAG(s) dict_keys(['example_subdag_operator.section-1', 'example_subdag_operator.section-2', 'example_subdag_operator']) retrieved from /home/airflow/.local/lib/python3.7/site-packages/airflow/example_dags/example_subdag_operator.py
[2024-08-12T08:27:36.828+0000] {logging_mixin.py:115} INFO - [2024-08-12T08:27:36.828+0000] {dag.py:2429} INFO - Sync 3 DAGs
[2024-08-12T08:27:36.851+0000] {logging_mixin.py:115} INFO - [2024-08-12T08:27:36.851+0000] {dag.py:2981} INFO - Setting next_dagrun for example_subdag_operator to 2022-01-01T00:00:00+00:00, run_after=2022-01-01T00:00:00+00:00
[2024-08-12T08:27:36.852+0000] {logging_mixin.py:115} INFO - [2024-08-12T08:27:36.852+0000] {dag.py:2981} INFO - Setting next_dagrun for example_subdag_operator.section-1 to None, run_after=None
[2024-08-12T08:27:36.852+0000] {logging_mixin.py:115} INFO - [2024-08-12T08:27:36.852+0000] {dag.py:2981} INFO - Setting next_dagrun for example_subdag_operator.section-2 to None, run_after=None
[2024-08-12T08:27:36.858+0000] {logging_mixin.py:115} INFO - [2024-08-12T08:27:36.858+0000] {dag.py:2429} INFO - Sync 2 DAGs
[2024-08-12T08:27:36.864+0000] {logging_mixin.py:115} INFO - [2024-08-12T08:27:36.863+0000] {dag.py:2981} INFO - Setting next_dagrun for example_subdag_operator.section-1 to None, run_after=None
[2024-08-12T08:27:36.864+0000] {logging_mixin.py:115} INFO - [2024-08-12T08:27:36.864+0000] {dag.py:2981} INFO - Setting next_dagrun for example_subdag_operator.section-2 to None, run_after=None
[2024-08-12T08:27:36.872+0000] {processor.py:161} INFO - Processing /home/airflow/.local/lib/python3.7/site-packages/airflow/example_dags/example_subdag_operator.py took 0.223 seconds
[2024-08-12T08:28:07.398+0000] {processor.py:153} INFO - Started process (PID=175) to work on /home/airflow/.local/lib/python3.7/site-packages/airflow/example_dags/example_subdag_operator.py
[2024-08-12T08:28:07.399+0000] {processor.py:640} INFO - Processing file /home/airflow/.local/lib/python3.7/site-packages/airflow/example_dags/example_subdag_operator.py for tasks to queue
[2024-08-12T08:28:07.399+0000] {logging_mixin.py:115} INFO - [2024-08-12T08:28:07.399+0000] {dagbag.py:508} INFO - Filling up the DagBag from /home/airflow/.local/lib/python3.7/site-packages/airflow/example_dags/example_subdag_operator.py
[2024-08-12T08:28:07.420+0000] {processor.py:650} INFO - DAG(s) dict_keys(['example_subdag_operator.section-1', 'example_subdag_operator.section-2', 'example_subdag_operator']) retrieved from /home/airflow/.local/lib/python3.7/site-packages/airflow/example_dags/example_subdag_operator.py
[2024-08-12T08:28:07.565+0000] {logging_mixin.py:115} INFO - [2024-08-12T08:28:07.565+0000] {dag.py:2429} INFO - Sync 3 DAGs
[2024-08-12T08:28:07.584+0000] {logging_mixin.py:115} INFO - [2024-08-12T08:28:07.584+0000] {dag.py:2981} INFO - Setting next_dagrun for example_subdag_operator to 2022-01-01T00:00:00+00:00, run_after=2022-01-01T00:00:00+00:00
[2024-08-12T08:28:07.585+0000] {logging_mixin.py:115} INFO - [2024-08-12T08:28:07.585+0000] {dag.py:2981} INFO - Setting next_dagrun for example_subdag_operator.section-1 to None, run_after=None
[2024-08-12T08:28:07.585+0000] {logging_mixin.py:115} INFO - [2024-08-12T08:28:07.585+0000] {dag.py:2981} INFO - Setting next_dagrun for example_subdag_operator.section-2 to None, run_after=None
[2024-08-12T08:28:07.590+0000] {logging_mixin.py:115} INFO - [2024-08-12T08:28:07.590+0000] {dag.py:2429} INFO - Sync 2 DAGs
[2024-08-12T08:28:07.594+0000] {logging_mixin.py:115} INFO - [2024-08-12T08:28:07.594+0000] {dag.py:2981} INFO - Setting next_dagrun for example_subdag_operator.section-1 to None, run_after=None
[2024-08-12T08:28:07.594+0000] {logging_mixin.py:115} INFO - [2024-08-12T08:28:07.594+0000] {dag.py:2981} INFO - Setting next_dagrun for example_subdag_operator.section-2 to None, run_after=None
[2024-08-12T08:28:07.600+0000] {processor.py:161} INFO - Processing /home/airflow/.local/lib/python3.7/site-packages/airflow/example_dags/example_subdag_operator.py took 0.205 seconds
[2024-08-12T08:28:38.175+0000] {processor.py:153} INFO - Started process (PID=236) to work on /home/airflow/.local/lib/python3.7/site-packages/airflow/example_dags/example_subdag_operator.py
[2024-08-12T08:28:38.176+0000] {processor.py:640} INFO - Processing file /home/airflow/.local/lib/python3.7/site-packages/airflow/example_dags/example_subdag_operator.py for tasks to queue
[2024-08-12T08:28:38.177+0000] {logging_mixin.py:115} INFO - [2024-08-12T08:28:38.177+0000] {dagbag.py:508} INFO - Filling up the DagBag from /home/airflow/.local/lib/python3.7/site-packages/airflow/example_dags/example_subdag_operator.py
[2024-08-12T08:28:38.201+0000] {processor.py:650} INFO - DAG(s) dict_keys(['example_subdag_operator.section-1', 'example_subdag_operator.section-2', 'example_subdag_operator']) retrieved from /home/airflow/.local/lib/python3.7/site-packages/airflow/example_dags/example_subdag_operator.py
[2024-08-12T08:28:38.359+0000] {logging_mixin.py:115} INFO - [2024-08-12T08:28:38.359+0000] {dag.py:2429} INFO - Sync 3 DAGs
[2024-08-12T08:28:38.380+0000] {logging_mixin.py:115} INFO - [2024-08-12T08:28:38.380+0000] {dag.py:2981} INFO - Setting next_dagrun for example_subdag_operator to 2022-01-01T00:00:00+00:00, run_after=2022-01-01T00:00:00+00:00
[2024-08-12T08:28:38.381+0000] {logging_mixin.py:115} INFO - [2024-08-12T08:28:38.381+0000] {dag.py:2981} INFO - Setting next_dagrun for example_subdag_operator.section-1 to None, run_after=None
[2024-08-12T08:28:38.381+0000] {logging_mixin.py:115} INFO - [2024-08-12T08:28:38.381+0000] {dag.py:2981} INFO - Setting next_dagrun for example_subdag_operator.section-2 to None, run_after=None
[2024-08-12T08:28:38.388+0000] {logging_mixin.py:115} INFO - [2024-08-12T08:28:38.388+0000] {dag.py:2429} INFO - Sync 2 DAGs
[2024-08-12T08:28:38.394+0000] {logging_mixin.py:115} INFO - [2024-08-12T08:28:38.394+0000] {dag.py:2981} INFO - Setting next_dagrun for example_subdag_operator.section-1 to None, run_after=None
[2024-08-12T08:28:38.394+0000] {logging_mixin.py:115} INFO - [2024-08-12T08:28:38.394+0000] {dag.py:2981} INFO - Setting next_dagrun for example_subdag_operator.section-2 to None, run_after=None
[2024-08-12T08:28:38.403+0000] {processor.py:161} INFO - Processing /home/airflow/.local/lib/python3.7/site-packages/airflow/example_dags/example_subdag_operator.py took 0.231 seconds
[2024-08-12T09:57:10.743+0000] {processor.py:153} INFO - Started process (PID=64) to work on /home/airflow/.local/lib/python3.7/site-packages/airflow/example_dags/example_subdag_operator.py
[2024-08-12T09:57:10.745+0000] {processor.py:640} INFO - Processing file /home/airflow/.local/lib/python3.7/site-packages/airflow/example_dags/example_subdag_operator.py for tasks to queue
[2024-08-12T09:57:10.746+0000] {logging_mixin.py:115} INFO - [2024-08-12T09:57:10.746+0000] {dagbag.py:508} INFO - Filling up the DagBag from /home/airflow/.local/lib/python3.7/site-packages/airflow/example_dags/example_subdag_operator.py
[2024-08-12T09:57:10.779+0000] {processor.py:650} INFO - DAG(s) dict_keys(['example_subdag_operator.section-1', 'example_subdag_operator.section-2', 'example_subdag_operator']) retrieved from /home/airflow/.local/lib/python3.7/site-packages/airflow/example_dags/example_subdag_operator.py
[2024-08-12T09:57:10.983+0000] {logging_mixin.py:115} INFO - [2024-08-12T09:57:10.983+0000] {dag.py:2429} INFO - Sync 3 DAGs
[2024-08-12T09:57:11.013+0000] {logging_mixin.py:115} INFO - [2024-08-12T09:57:11.012+0000] {dag.py:2981} INFO - Setting next_dagrun for example_subdag_operator to 2022-01-01T00:00:00+00:00, run_after=2022-01-01T00:00:00+00:00
[2024-08-12T09:57:11.013+0000] {logging_mixin.py:115} INFO - [2024-08-12T09:57:11.013+0000] {dag.py:2981} INFO - Setting next_dagrun for example_subdag_operator.section-1 to None, run_after=None
[2024-08-12T09:57:11.013+0000] {logging_mixin.py:115} INFO - [2024-08-12T09:57:11.013+0000] {dag.py:2981} INFO - Setting next_dagrun for example_subdag_operator.section-2 to None, run_after=None
[2024-08-12T09:57:11.023+0000] {logging_mixin.py:115} INFO - [2024-08-12T09:57:11.023+0000] {dag.py:2429} INFO - Sync 2 DAGs
[2024-08-12T09:57:11.033+0000] {logging_mixin.py:115} INFO - [2024-08-12T09:57:11.033+0000] {dag.py:2981} INFO - Setting next_dagrun for example_subdag_operator.section-1 to None, run_after=None
[2024-08-12T09:57:11.033+0000] {logging_mixin.py:115} INFO - [2024-08-12T09:57:11.033+0000] {dag.py:2981} INFO - Setting next_dagrun for example_subdag_operator.section-2 to None, run_after=None
[2024-08-12T09:57:11.043+0000] {processor.py:161} INFO - Processing /home/airflow/.local/lib/python3.7/site-packages/airflow/example_dags/example_subdag_operator.py took 0.304 seconds
[2024-08-12T09:57:41.636+0000] {processor.py:153} INFO - Started process (PID=118) to work on /home/airflow/.local/lib/python3.7/site-packages/airflow/example_dags/example_subdag_operator.py
[2024-08-12T09:57:41.637+0000] {processor.py:640} INFO - Processing file /home/airflow/.local/lib/python3.7/site-packages/airflow/example_dags/example_subdag_operator.py for tasks to queue
[2024-08-12T09:57:41.637+0000] {logging_mixin.py:115} INFO - [2024-08-12T09:57:41.637+0000] {dagbag.py:508} INFO - Filling up the DagBag from /home/airflow/.local/lib/python3.7/site-packages/airflow/example_dags/example_subdag_operator.py
[2024-08-12T09:57:41.667+0000] {processor.py:650} INFO - DAG(s) dict_keys(['example_subdag_operator.section-1', 'example_subdag_operator.section-2', 'example_subdag_operator']) retrieved from /home/airflow/.local/lib/python3.7/site-packages/airflow/example_dags/example_subdag_operator.py
[2024-08-12T09:57:41.847+0000] {logging_mixin.py:115} INFO - [2024-08-12T09:57:41.847+0000] {dag.py:2429} INFO - Sync 3 DAGs
[2024-08-12T09:57:41.867+0000] {logging_mixin.py:115} INFO - [2024-08-12T09:57:41.866+0000] {dag.py:2981} INFO - Setting next_dagrun for example_subdag_operator to 2022-01-01T00:00:00+00:00, run_after=2022-01-01T00:00:00+00:00
[2024-08-12T09:57:41.867+0000] {logging_mixin.py:115} INFO - [2024-08-12T09:57:41.867+0000] {dag.py:2981} INFO - Setting next_dagrun for example_subdag_operator.section-1 to None, run_after=None
[2024-08-12T09:57:41.867+0000] {logging_mixin.py:115} INFO - [2024-08-12T09:57:41.867+0000] {dag.py:2981} INFO - Setting next_dagrun for example_subdag_operator.section-2 to None, run_after=None
[2024-08-12T09:57:41.873+0000] {logging_mixin.py:115} INFO - [2024-08-12T09:57:41.873+0000] {dag.py:2429} INFO - Sync 2 DAGs
[2024-08-12T09:57:41.878+0000] {logging_mixin.py:115} INFO - [2024-08-12T09:57:41.878+0000] {dag.py:2981} INFO - Setting next_dagrun for example_subdag_operator.section-1 to None, run_after=None
[2024-08-12T09:57:41.878+0000] {logging_mixin.py:115} INFO - [2024-08-12T09:57:41.878+0000] {dag.py:2981} INFO - Setting next_dagrun for example_subdag_operator.section-2 to None, run_after=None
[2024-08-12T09:57:41.885+0000] {processor.py:161} INFO - Processing /home/airflow/.local/lib/python3.7/site-packages/airflow/example_dags/example_subdag_operator.py took 0.252 seconds
[2024-08-12T09:58:12.575+0000] {processor.py:153} INFO - Started process (PID=181) to work on /home/airflow/.local/lib/python3.7/site-packages/airflow/example_dags/example_subdag_operator.py
[2024-08-12T09:58:12.576+0000] {processor.py:640} INFO - Processing file /home/airflow/.local/lib/python3.7/site-packages/airflow/example_dags/example_subdag_operator.py for tasks to queue
[2024-08-12T09:58:12.577+0000] {logging_mixin.py:115} INFO - [2024-08-12T09:58:12.577+0000] {dagbag.py:508} INFO - Filling up the DagBag from /home/airflow/.local/lib/python3.7/site-packages/airflow/example_dags/example_subdag_operator.py
[2024-08-12T09:58:12.597+0000] {processor.py:650} INFO - DAG(s) dict_keys(['example_subdag_operator.section-1', 'example_subdag_operator.section-2', 'example_subdag_operator']) retrieved from /home/airflow/.local/lib/python3.7/site-packages/airflow/example_dags/example_subdag_operator.py
[2024-08-12T09:58:12.750+0000] {logging_mixin.py:115} INFO - [2024-08-12T09:58:12.750+0000] {dag.py:2429} INFO - Sync 3 DAGs
[2024-08-12T09:58:12.768+0000] {logging_mixin.py:115} INFO - [2024-08-12T09:58:12.768+0000] {dag.py:2981} INFO - Setting next_dagrun for example_subdag_operator to 2022-01-01T00:00:00+00:00, run_after=2022-01-01T00:00:00+00:00
[2024-08-12T09:58:12.769+0000] {logging_mixin.py:115} INFO - [2024-08-12T09:58:12.769+0000] {dag.py:2981} INFO - Setting next_dagrun for example_subdag_operator.section-1 to None, run_after=None
[2024-08-12T09:58:12.769+0000] {logging_mixin.py:115} INFO - [2024-08-12T09:58:12.769+0000] {dag.py:2981} INFO - Setting next_dagrun for example_subdag_operator.section-2 to None, run_after=None
[2024-08-12T09:58:12.774+0000] {logging_mixin.py:115} INFO - [2024-08-12T09:58:12.774+0000] {dag.py:2429} INFO - Sync 2 DAGs
[2024-08-12T09:58:12.779+0000] {logging_mixin.py:115} INFO - [2024-08-12T09:58:12.779+0000] {dag.py:2981} INFO - Setting next_dagrun for example_subdag_operator.section-1 to None, run_after=None
[2024-08-12T09:58:12.779+0000] {logging_mixin.py:115} INFO - [2024-08-12T09:58:12.779+0000] {dag.py:2981} INFO - Setting next_dagrun for example_subdag_operator.section-2 to None, run_after=None
[2024-08-12T09:58:12.786+0000] {processor.py:161} INFO - Processing /home/airflow/.local/lib/python3.7/site-packages/airflow/example_dags/example_subdag_operator.py took 0.213 seconds
[2024-08-12T09:58:43.425+0000] {processor.py:153} INFO - Started process (PID=244) to work on /home/airflow/.local/lib/python3.7/site-packages/airflow/example_dags/example_subdag_operator.py
[2024-08-12T09:58:43.426+0000] {processor.py:640} INFO - Processing file /home/airflow/.local/lib/python3.7/site-packages/airflow/example_dags/example_subdag_operator.py for tasks to queue
[2024-08-12T09:58:43.426+0000] {logging_mixin.py:115} INFO - [2024-08-12T09:58:43.426+0000] {dagbag.py:508} INFO - Filling up the DagBag from /home/airflow/.local/lib/python3.7/site-packages/airflow/example_dags/example_subdag_operator.py
[2024-08-12T09:58:43.448+0000] {processor.py:650} INFO - DAG(s) dict_keys(['example_subdag_operator.section-1', 'example_subdag_operator.section-2', 'example_subdag_operator']) retrieved from /home/airflow/.local/lib/python3.7/site-packages/airflow/example_dags/example_subdag_operator.py
[2024-08-12T09:58:43.603+0000] {logging_mixin.py:115} INFO - [2024-08-12T09:58:43.603+0000] {dag.py:2429} INFO - Sync 3 DAGs
[2024-08-12T09:58:43.656+0000] {logging_mixin.py:115} INFO - [2024-08-12T09:58:43.656+0000] {dag.py:2981} INFO - Setting next_dagrun for example_subdag_operator to 2022-01-01T00:00:00+00:00, run_after=2022-01-01T00:00:00+00:00
[2024-08-12T09:58:43.657+0000] {logging_mixin.py:115} INFO - [2024-08-12T09:58:43.657+0000] {dag.py:2981} INFO - Setting next_dagrun for example_subdag_operator.section-1 to None, run_after=None
[2024-08-12T09:58:43.657+0000] {logging_mixin.py:115} INFO - [2024-08-12T09:58:43.657+0000] {dag.py:2981} INFO - Setting next_dagrun for example_subdag_operator.section-2 to None, run_after=None
[2024-08-12T09:58:43.665+0000] {logging_mixin.py:115} INFO - [2024-08-12T09:58:43.665+0000] {dag.py:2429} INFO - Sync 2 DAGs
[2024-08-12T09:58:43.673+0000] {logging_mixin.py:115} INFO - [2024-08-12T09:58:43.672+0000] {dag.py:2981} INFO - Setting next_dagrun for example_subdag_operator.section-1 to None, run_after=None
[2024-08-12T09:58:43.673+0000] {logging_mixin.py:115} INFO - [2024-08-12T09:58:43.673+0000] {dag.py:2981} INFO - Setting next_dagrun for example_subdag_operator.section-2 to None, run_after=None
[2024-08-12T09:58:43.683+0000] {processor.py:161} INFO - Processing /home/airflow/.local/lib/python3.7/site-packages/airflow/example_dags/example_subdag_operator.py took 0.260 seconds
[2024-08-12T09:59:14.340+0000] {processor.py:153} INFO - Started process (PID=307) to work on /home/airflow/.local/lib/python3.7/site-packages/airflow/example_dags/example_subdag_operator.py
[2024-08-12T09:59:14.342+0000] {processor.py:640} INFO - Processing file /home/airflow/.local/lib/python3.7/site-packages/airflow/example_dags/example_subdag_operator.py for tasks to queue
[2024-08-12T09:59:14.342+0000] {logging_mixin.py:115} INFO - [2024-08-12T09:59:14.342+0000] {dagbag.py:508} INFO - Filling up the DagBag from /home/airflow/.local/lib/python3.7/site-packages/airflow/example_dags/example_subdag_operator.py
[2024-08-12T09:59:14.364+0000] {processor.py:650} INFO - DAG(s) dict_keys(['example_subdag_operator.section-1', 'example_subdag_operator.section-2', 'example_subdag_operator']) retrieved from /home/airflow/.local/lib/python3.7/site-packages/airflow/example_dags/example_subdag_operator.py
[2024-08-12T09:59:14.528+0000] {logging_mixin.py:115} INFO - [2024-08-12T09:59:14.528+0000] {dag.py:2429} INFO - Sync 3 DAGs
[2024-08-12T09:59:14.547+0000] {logging_mixin.py:115} INFO - [2024-08-12T09:59:14.547+0000] {dag.py:2981} INFO - Setting next_dagrun for example_subdag_operator to 2022-01-01T00:00:00+00:00, run_after=2022-01-01T00:00:00+00:00
[2024-08-12T09:59:14.547+0000] {logging_mixin.py:115} INFO - [2024-08-12T09:59:14.547+0000] {dag.py:2981} INFO - Setting next_dagrun for example_subdag_operator.section-1 to None, run_after=None
[2024-08-12T09:59:14.548+0000] {logging_mixin.py:115} INFO - [2024-08-12T09:59:14.548+0000] {dag.py:2981} INFO - Setting next_dagrun for example_subdag_operator.section-2 to None, run_after=None
[2024-08-12T09:59:14.554+0000] {logging_mixin.py:115} INFO - [2024-08-12T09:59:14.553+0000] {dag.py:2429} INFO - Sync 2 DAGs
[2024-08-12T09:59:14.559+0000] {logging_mixin.py:115} INFO - [2024-08-12T09:59:14.559+0000] {dag.py:2981} INFO - Setting next_dagrun for example_subdag_operator.section-1 to None, run_after=None
[2024-08-12T09:59:14.559+0000] {logging_mixin.py:115} INFO - [2024-08-12T09:59:14.559+0000] {dag.py:2981} INFO - Setting next_dagrun for example_subdag_operator.section-2 to None, run_after=None
[2024-08-12T09:59:14.568+0000] {processor.py:161} INFO - Processing /home/airflow/.local/lib/python3.7/site-packages/airflow/example_dags/example_subdag_operator.py took 0.230 seconds
[2024-08-12T09:59:44.635+0000] {processor.py:153} INFO - Started process (PID=362) to work on /home/airflow/.local/lib/python3.7/site-packages/airflow/example_dags/example_subdag_operator.py
[2024-08-12T09:59:44.636+0000] {processor.py:640} INFO - Processing file /home/airflow/.local/lib/python3.7/site-packages/airflow/example_dags/example_subdag_operator.py for tasks to queue
[2024-08-12T09:59:44.636+0000] {logging_mixin.py:115} INFO - [2024-08-12T09:59:44.636+0000] {dagbag.py:508} INFO - Filling up the DagBag from /home/airflow/.local/lib/python3.7/site-packages/airflow/example_dags/example_subdag_operator.py
[2024-08-12T09:59:44.658+0000] {processor.py:650} INFO - DAG(s) dict_keys(['example_subdag_operator.section-1', 'example_subdag_operator.section-2', 'example_subdag_operator']) retrieved from /home/airflow/.local/lib/python3.7/site-packages/airflow/example_dags/example_subdag_operator.py
[2024-08-12T09:59:44.808+0000] {logging_mixin.py:115} INFO - [2024-08-12T09:59:44.808+0000] {dag.py:2429} INFO - Sync 3 DAGs
[2024-08-12T09:59:44.828+0000] {logging_mixin.py:115} INFO - [2024-08-12T09:59:44.828+0000] {dag.py:2981} INFO - Setting next_dagrun for example_subdag_operator to 2022-01-01T00:00:00+00:00, run_after=2022-01-01T00:00:00+00:00
[2024-08-12T09:59:44.828+0000] {logging_mixin.py:115} INFO - [2024-08-12T09:59:44.828+0000] {dag.py:2981} INFO - Setting next_dagrun for example_subdag_operator.section-1 to None, run_after=None
[2024-08-12T09:59:44.829+0000] {logging_mixin.py:115} INFO - [2024-08-12T09:59:44.829+0000] {dag.py:2981} INFO - Setting next_dagrun for example_subdag_operator.section-2 to None, run_after=None
[2024-08-12T09:59:44.834+0000] {logging_mixin.py:115} INFO - [2024-08-12T09:59:44.834+0000] {dag.py:2429} INFO - Sync 2 DAGs
[2024-08-12T09:59:44.839+0000] {logging_mixin.py:115} INFO - [2024-08-12T09:59:44.839+0000] {dag.py:2981} INFO - Setting next_dagrun for example_subdag_operator.section-1 to None, run_after=None
[2024-08-12T09:59:44.839+0000] {logging_mixin.py:115} INFO - [2024-08-12T09:59:44.839+0000] {dag.py:2981} INFO - Setting next_dagrun for example_subdag_operator.section-2 to None, run_after=None
[2024-08-12T09:59:44.846+0000] {processor.py:161} INFO - Processing /home/airflow/.local/lib/python3.7/site-packages/airflow/example_dags/example_subdag_operator.py took 0.214 seconds
[2024-08-12T10:00:15.561+0000] {processor.py:153} INFO - Started process (PID=424) to work on /home/airflow/.local/lib/python3.7/site-packages/airflow/example_dags/example_subdag_operator.py
[2024-08-12T10:00:15.562+0000] {processor.py:640} INFO - Processing file /home/airflow/.local/lib/python3.7/site-packages/airflow/example_dags/example_subdag_operator.py for tasks to queue
[2024-08-12T10:00:15.562+0000] {logging_mixin.py:115} INFO - [2024-08-12T10:00:15.562+0000] {dagbag.py:508} INFO - Filling up the DagBag from /home/airflow/.local/lib/python3.7/site-packages/airflow/example_dags/example_subdag_operator.py
[2024-08-12T10:00:15.583+0000] {processor.py:650} INFO - DAG(s) dict_keys(['example_subdag_operator.section-1', 'example_subdag_operator.section-2', 'example_subdag_operator']) retrieved from /home/airflow/.local/lib/python3.7/site-packages/airflow/example_dags/example_subdag_operator.py
[2024-08-12T10:00:15.730+0000] {logging_mixin.py:115} INFO - [2024-08-12T10:00:15.730+0000] {dag.py:2429} INFO - Sync 3 DAGs
[2024-08-12T10:00:15.750+0000] {logging_mixin.py:115} INFO - [2024-08-12T10:00:15.750+0000] {dag.py:2981} INFO - Setting next_dagrun for example_subdag_operator to 2022-01-01T00:00:00+00:00, run_after=2022-01-01T00:00:00+00:00
[2024-08-12T10:00:15.751+0000] {logging_mixin.py:115} INFO - [2024-08-12T10:00:15.751+0000] {dag.py:2981} INFO - Setting next_dagrun for example_subdag_operator.section-1 to None, run_after=None
[2024-08-12T10:00:15.751+0000] {logging_mixin.py:115} INFO - [2024-08-12T10:00:15.751+0000] {dag.py:2981} INFO - Setting next_dagrun for example_subdag_operator.section-2 to None, run_after=None
[2024-08-12T10:00:15.757+0000] {logging_mixin.py:115} INFO - [2024-08-12T10:00:15.757+0000] {dag.py:2429} INFO - Sync 2 DAGs
[2024-08-12T10:00:15.762+0000] {logging_mixin.py:115} INFO - [2024-08-12T10:00:15.762+0000] {dag.py:2981} INFO - Setting next_dagrun for example_subdag_operator.section-1 to None, run_after=None
[2024-08-12T10:00:15.762+0000] {logging_mixin.py:115} INFO - [2024-08-12T10:00:15.762+0000] {dag.py:2981} INFO - Setting next_dagrun for example_subdag_operator.section-2 to None, run_after=None
[2024-08-12T10:00:15.769+0000] {processor.py:161} INFO - Processing /home/airflow/.local/lib/python3.7/site-packages/airflow/example_dags/example_subdag_operator.py took 0.210 seconds
[2024-08-12T10:00:46.301+0000] {processor.py:153} INFO - Started process (PID=487) to work on /home/airflow/.local/lib/python3.7/site-packages/airflow/example_dags/example_subdag_operator.py
[2024-08-12T10:00:46.302+0000] {processor.py:640} INFO - Processing file /home/airflow/.local/lib/python3.7/site-packages/airflow/example_dags/example_subdag_operator.py for tasks to queue
[2024-08-12T10:00:46.303+0000] {logging_mixin.py:115} INFO - [2024-08-12T10:00:46.303+0000] {dagbag.py:508} INFO - Filling up the DagBag from /home/airflow/.local/lib/python3.7/site-packages/airflow/example_dags/example_subdag_operator.py
[2024-08-12T10:00:46.324+0000] {processor.py:650} INFO - DAG(s) dict_keys(['example_subdag_operator.section-1', 'example_subdag_operator.section-2', 'example_subdag_operator']) retrieved from /home/airflow/.local/lib/python3.7/site-packages/airflow/example_dags/example_subdag_operator.py
[2024-08-12T10:00:46.474+0000] {logging_mixin.py:115} INFO - [2024-08-12T10:00:46.474+0000] {dag.py:2429} INFO - Sync 3 DAGs
[2024-08-12T10:00:46.493+0000] {logging_mixin.py:115} INFO - [2024-08-12T10:00:46.493+0000] {dag.py:2981} INFO - Setting next_dagrun for example_subdag_operator to 2022-01-01T00:00:00+00:00, run_after=2022-01-01T00:00:00+00:00
[2024-08-12T10:00:46.493+0000] {logging_mixin.py:115} INFO - [2024-08-12T10:00:46.493+0000] {dag.py:2981} INFO - Setting next_dagrun for example_subdag_operator.section-1 to None, run_after=None
[2024-08-12T10:00:46.493+0000] {logging_mixin.py:115} INFO - [2024-08-12T10:00:46.493+0000] {dag.py:2981} INFO - Setting next_dagrun for example_subdag_operator.section-2 to None, run_after=None
[2024-08-12T10:00:46.498+0000] {logging_mixin.py:115} INFO - [2024-08-12T10:00:46.498+0000] {dag.py:2429} INFO - Sync 2 DAGs
[2024-08-12T10:00:46.503+0000] {logging_mixin.py:115} INFO - [2024-08-12T10:00:46.503+0000] {dag.py:2981} INFO - Setting next_dagrun for example_subdag_operator.section-1 to None, run_after=None
[2024-08-12T10:00:46.503+0000] {logging_mixin.py:115} INFO - [2024-08-12T10:00:46.503+0000] {dag.py:2981} INFO - Setting next_dagrun for example_subdag_operator.section-2 to None, run_after=None
[2024-08-12T10:00:46.510+0000] {processor.py:161} INFO - Processing /home/airflow/.local/lib/python3.7/site-packages/airflow/example_dags/example_subdag_operator.py took 0.211 seconds
[2024-08-12T10:01:17.128+0000] {processor.py:153} INFO - Started process (PID=541) to work on /home/airflow/.local/lib/python3.7/site-packages/airflow/example_dags/example_subdag_operator.py
[2024-08-12T10:01:17.129+0000] {processor.py:640} INFO - Processing file /home/airflow/.local/lib/python3.7/site-packages/airflow/example_dags/example_subdag_operator.py for tasks to queue
[2024-08-12T10:01:17.129+0000] {logging_mixin.py:115} INFO - [2024-08-12T10:01:17.129+0000] {dagbag.py:508} INFO - Filling up the DagBag from /home/airflow/.local/lib/python3.7/site-packages/airflow/example_dags/example_subdag_operator.py
[2024-08-12T10:01:17.151+0000] {processor.py:650} INFO - DAG(s) dict_keys(['example_subdag_operator.section-1', 'example_subdag_operator.section-2', 'example_subdag_operator']) retrieved from /home/airflow/.local/lib/python3.7/site-packages/airflow/example_dags/example_subdag_operator.py
[2024-08-12T10:01:17.316+0000] {logging_mixin.py:115} INFO - [2024-08-12T10:01:17.316+0000] {dag.py:2429} INFO - Sync 3 DAGs
[2024-08-12T10:01:17.335+0000] {logging_mixin.py:115} INFO - [2024-08-12T10:01:17.335+0000] {dag.py:2981} INFO - Setting next_dagrun for example_subdag_operator to 2022-01-01T00:00:00+00:00, run_after=2022-01-01T00:00:00+00:00
[2024-08-12T10:01:17.336+0000] {logging_mixin.py:115} INFO - [2024-08-12T10:01:17.336+0000] {dag.py:2981} INFO - Setting next_dagrun for example_subdag_operator.section-1 to None, run_after=None
[2024-08-12T10:01:17.336+0000] {logging_mixin.py:115} INFO - [2024-08-12T10:01:17.336+0000] {dag.py:2981} INFO - Setting next_dagrun for example_subdag_operator.section-2 to None, run_after=None
[2024-08-12T10:01:17.341+0000] {logging_mixin.py:115} INFO - [2024-08-12T10:01:17.341+0000] {dag.py:2429} INFO - Sync 2 DAGs
[2024-08-12T10:01:17.346+0000] {logging_mixin.py:115} INFO - [2024-08-12T10:01:17.346+0000] {dag.py:2981} INFO - Setting next_dagrun for example_subdag_operator.section-1 to None, run_after=None
[2024-08-12T10:01:17.346+0000] {logging_mixin.py:115} INFO - [2024-08-12T10:01:17.346+0000] {dag.py:2981} INFO - Setting next_dagrun for example_subdag_operator.section-2 to None, run_after=None
[2024-08-12T10:01:17.353+0000] {processor.py:161} INFO - Processing /home/airflow/.local/lib/python3.7/site-packages/airflow/example_dags/example_subdag_operator.py took 0.228 seconds
[2024-08-12T10:01:47.987+0000] {processor.py:153} INFO - Started process (PID=604) to work on /home/airflow/.local/lib/python3.7/site-packages/airflow/example_dags/example_subdag_operator.py
[2024-08-12T10:01:47.988+0000] {processor.py:640} INFO - Processing file /home/airflow/.local/lib/python3.7/site-packages/airflow/example_dags/example_subdag_operator.py for tasks to queue
[2024-08-12T10:01:47.988+0000] {logging_mixin.py:115} INFO - [2024-08-12T10:01:47.988+0000] {dagbag.py:508} INFO - Filling up the DagBag from /home/airflow/.local/lib/python3.7/site-packages/airflow/example_dags/example_subdag_operator.py
[2024-08-12T10:01:48.009+0000] {processor.py:650} INFO - DAG(s) dict_keys(['example_subdag_operator.section-1', 'example_subdag_operator.section-2', 'example_subdag_operator']) retrieved from /home/airflow/.local/lib/python3.7/site-packages/airflow/example_dags/example_subdag_operator.py
[2024-08-12T10:01:48.153+0000] {logging_mixin.py:115} INFO - [2024-08-12T10:01:48.153+0000] {dag.py:2429} INFO - Sync 3 DAGs
[2024-08-12T10:01:48.172+0000] {logging_mixin.py:115} INFO - [2024-08-12T10:01:48.172+0000] {dag.py:2981} INFO - Setting next_dagrun for example_subdag_operator to 2022-01-01T00:00:00+00:00, run_after=2022-01-01T00:00:00+00:00
[2024-08-12T10:01:48.173+0000] {logging_mixin.py:115} INFO - [2024-08-12T10:01:48.172+0000] {dag.py:2981} INFO - Setting next_dagrun for example_subdag_operator.section-1 to None, run_after=None
[2024-08-12T10:01:48.173+0000] {logging_mixin.py:115} INFO - [2024-08-12T10:01:48.173+0000] {dag.py:2981} INFO - Setting next_dagrun for example_subdag_operator.section-2 to None, run_after=None
[2024-08-12T10:01:48.178+0000] {logging_mixin.py:115} INFO - [2024-08-12T10:01:48.178+0000] {dag.py:2429} INFO - Sync 2 DAGs
[2024-08-12T10:01:48.182+0000] {logging_mixin.py:115} INFO - [2024-08-12T10:01:48.182+0000] {dag.py:2981} INFO - Setting next_dagrun for example_subdag_operator.section-1 to None, run_after=None
[2024-08-12T10:01:48.183+0000] {logging_mixin.py:115} INFO - [2024-08-12T10:01:48.182+0000] {dag.py:2981} INFO - Setting next_dagrun for example_subdag_operator.section-2 to None, run_after=None
[2024-08-12T10:01:48.189+0000] {processor.py:161} INFO - Processing /home/airflow/.local/lib/python3.7/site-packages/airflow/example_dags/example_subdag_operator.py took 0.205 seconds
[2024-08-12T10:02:18.722+0000] {processor.py:153} INFO - Started process (PID=667) to work on /home/airflow/.local/lib/python3.7/site-packages/airflow/example_dags/example_subdag_operator.py
[2024-08-12T10:02:18.723+0000] {processor.py:640} INFO - Processing file /home/airflow/.local/lib/python3.7/site-packages/airflow/example_dags/example_subdag_operator.py for tasks to queue
[2024-08-12T10:02:18.724+0000] {logging_mixin.py:115} INFO - [2024-08-12T10:02:18.724+0000] {dagbag.py:508} INFO - Filling up the DagBag from /home/airflow/.local/lib/python3.7/site-packages/airflow/example_dags/example_subdag_operator.py
[2024-08-12T10:02:18.745+0000] {processor.py:650} INFO - DAG(s) dict_keys(['example_subdag_operator.section-1', 'example_subdag_operator.section-2', 'example_subdag_operator']) retrieved from /home/airflow/.local/lib/python3.7/site-packages/airflow/example_dags/example_subdag_operator.py
[2024-08-12T10:02:18.896+0000] {logging_mixin.py:115} INFO - [2024-08-12T10:02:18.896+0000] {dag.py:2429} INFO - Sync 3 DAGs
[2024-08-12T10:02:18.913+0000] {logging_mixin.py:115} INFO - [2024-08-12T10:02:18.913+0000] {dag.py:2981} INFO - Setting next_dagrun for example_subdag_operator to 2022-01-01T00:00:00+00:00, run_after=2022-01-01T00:00:00+00:00
[2024-08-12T10:02:18.914+0000] {logging_mixin.py:115} INFO - [2024-08-12T10:02:18.914+0000] {dag.py:2981} INFO - Setting next_dagrun for example_subdag_operator.section-1 to None, run_after=None
[2024-08-12T10:02:18.914+0000] {logging_mixin.py:115} INFO - [2024-08-12T10:02:18.914+0000] {dag.py:2981} INFO - Setting next_dagrun for example_subdag_operator.section-2 to None, run_after=None
[2024-08-12T10:02:18.919+0000] {logging_mixin.py:115} INFO - [2024-08-12T10:02:18.919+0000] {dag.py:2429} INFO - Sync 2 DAGs
[2024-08-12T10:02:18.924+0000] {logging_mixin.py:115} INFO - [2024-08-12T10:02:18.924+0000] {dag.py:2981} INFO - Setting next_dagrun for example_subdag_operator.section-1 to None, run_after=None
[2024-08-12T10:02:18.924+0000] {logging_mixin.py:115} INFO - [2024-08-12T10:02:18.924+0000] {dag.py:2981} INFO - Setting next_dagrun for example_subdag_operator.section-2 to None, run_after=None
[2024-08-12T10:02:18.931+0000] {processor.py:161} INFO - Processing /home/airflow/.local/lib/python3.7/site-packages/airflow/example_dags/example_subdag_operator.py took 0.211 seconds
[2024-08-12T10:02:49.523+0000] {processor.py:153} INFO - Started process (PID=730) to work on /home/airflow/.local/lib/python3.7/site-packages/airflow/example_dags/example_subdag_operator.py
[2024-08-12T10:02:49.524+0000] {processor.py:640} INFO - Processing file /home/airflow/.local/lib/python3.7/site-packages/airflow/example_dags/example_subdag_operator.py for tasks to queue
[2024-08-12T10:02:49.525+0000] {logging_mixin.py:115} INFO - [2024-08-12T10:02:49.525+0000] {dagbag.py:508} INFO - Filling up the DagBag from /home/airflow/.local/lib/python3.7/site-packages/airflow/example_dags/example_subdag_operator.py
[2024-08-12T10:02:49.546+0000] {processor.py:650} INFO - DAG(s) dict_keys(['example_subdag_operator.section-1', 'example_subdag_operator.section-2', 'example_subdag_operator']) retrieved from /home/airflow/.local/lib/python3.7/site-packages/airflow/example_dags/example_subdag_operator.py
[2024-08-12T10:02:49.693+0000] {logging_mixin.py:115} INFO - [2024-08-12T10:02:49.693+0000] {dag.py:2429} INFO - Sync 3 DAGs
[2024-08-12T10:02:49.711+0000] {logging_mixin.py:115} INFO - [2024-08-12T10:02:49.711+0000] {dag.py:2981} INFO - Setting next_dagrun for example_subdag_operator to 2022-01-01T00:00:00+00:00, run_after=2022-01-01T00:00:00+00:00
[2024-08-12T10:02:49.712+0000] {logging_mixin.py:115} INFO - [2024-08-12T10:02:49.712+0000] {dag.py:2981} INFO - Setting next_dagrun for example_subdag_operator.section-1 to None, run_after=None
[2024-08-12T10:02:49.712+0000] {logging_mixin.py:115} INFO - [2024-08-12T10:02:49.712+0000] {dag.py:2981} INFO - Setting next_dagrun for example_subdag_operator.section-2 to None, run_after=None
[2024-08-12T10:02:49.717+0000] {logging_mixin.py:115} INFO - [2024-08-12T10:02:49.717+0000] {dag.py:2429} INFO - Sync 2 DAGs
[2024-08-12T10:02:49.722+0000] {logging_mixin.py:115} INFO - [2024-08-12T10:02:49.722+0000] {dag.py:2981} INFO - Setting next_dagrun for example_subdag_operator.section-1 to None, run_after=None
[2024-08-12T10:02:49.722+0000] {logging_mixin.py:115} INFO - [2024-08-12T10:02:49.722+0000] {dag.py:2981} INFO - Setting next_dagrun for example_subdag_operator.section-2 to None, run_after=None
[2024-08-12T10:02:49.730+0000] {processor.py:161} INFO - Processing /home/airflow/.local/lib/python3.7/site-packages/airflow/example_dags/example_subdag_operator.py took 0.209 seconds
[2024-08-12T10:03:20.392+0000] {processor.py:153} INFO - Started process (PID=784) to work on /home/airflow/.local/lib/python3.7/site-packages/airflow/example_dags/example_subdag_operator.py
[2024-08-12T10:03:20.393+0000] {processor.py:640} INFO - Processing file /home/airflow/.local/lib/python3.7/site-packages/airflow/example_dags/example_subdag_operator.py for tasks to queue
[2024-08-12T10:03:20.394+0000] {logging_mixin.py:115} INFO - [2024-08-12T10:03:20.394+0000] {dagbag.py:508} INFO - Filling up the DagBag from /home/airflow/.local/lib/python3.7/site-packages/airflow/example_dags/example_subdag_operator.py
[2024-08-12T10:03:20.415+0000] {processor.py:650} INFO - DAG(s) dict_keys(['example_subdag_operator.section-1', 'example_subdag_operator.section-2', 'example_subdag_operator']) retrieved from /home/airflow/.local/lib/python3.7/site-packages/airflow/example_dags/example_subdag_operator.py
[2024-08-12T10:03:20.561+0000] {logging_mixin.py:115} INFO - [2024-08-12T10:03:20.560+0000] {dag.py:2429} INFO - Sync 3 DAGs
[2024-08-12T10:03:20.578+0000] {logging_mixin.py:115} INFO - [2024-08-12T10:03:20.578+0000] {dag.py:2981} INFO - Setting next_dagrun for example_subdag_operator to 2022-01-01T00:00:00+00:00, run_after=2022-01-01T00:00:00+00:00
[2024-08-12T10:03:20.579+0000] {logging_mixin.py:115} INFO - [2024-08-12T10:03:20.579+0000] {dag.py:2981} INFO - Setting next_dagrun for example_subdag_operator.section-1 to None, run_after=None
[2024-08-12T10:03:20.579+0000] {logging_mixin.py:115} INFO - [2024-08-12T10:03:20.579+0000] {dag.py:2981} INFO - Setting next_dagrun for example_subdag_operator.section-2 to None, run_after=None
[2024-08-12T10:03:20.585+0000] {logging_mixin.py:115} INFO - [2024-08-12T10:03:20.585+0000] {dag.py:2429} INFO - Sync 2 DAGs
[2024-08-12T10:03:20.592+0000] {logging_mixin.py:115} INFO - [2024-08-12T10:03:20.591+0000] {dag.py:2981} INFO - Setting next_dagrun for example_subdag_operator.section-1 to None, run_after=None
[2024-08-12T10:03:20.592+0000] {logging_mixin.py:115} INFO - [2024-08-12T10:03:20.592+0000] {dag.py:2981} INFO - Setting next_dagrun for example_subdag_operator.section-2 to None, run_after=None
[2024-08-12T10:03:20.599+0000] {processor.py:161} INFO - Processing /home/airflow/.local/lib/python3.7/site-packages/airflow/example_dags/example_subdag_operator.py took 0.209 seconds
[2024-08-12T10:03:51.257+0000] {processor.py:153} INFO - Started process (PID=847) to work on /home/airflow/.local/lib/python3.7/site-packages/airflow/example_dags/example_subdag_operator.py
[2024-08-12T10:03:51.258+0000] {processor.py:640} INFO - Processing file /home/airflow/.local/lib/python3.7/site-packages/airflow/example_dags/example_subdag_operator.py for tasks to queue
[2024-08-12T10:03:51.259+0000] {logging_mixin.py:115} INFO - [2024-08-12T10:03:51.259+0000] {dagbag.py:508} INFO - Filling up the DagBag from /home/airflow/.local/lib/python3.7/site-packages/airflow/example_dags/example_subdag_operator.py
[2024-08-12T10:03:51.280+0000] {processor.py:650} INFO - DAG(s) dict_keys(['example_subdag_operator.section-1', 'example_subdag_operator.section-2', 'example_subdag_operator']) retrieved from /home/airflow/.local/lib/python3.7/site-packages/airflow/example_dags/example_subdag_operator.py
[2024-08-12T10:03:51.427+0000] {logging_mixin.py:115} INFO - [2024-08-12T10:03:51.427+0000] {dag.py:2429} INFO - Sync 3 DAGs
[2024-08-12T10:03:51.447+0000] {logging_mixin.py:115} INFO - [2024-08-12T10:03:51.446+0000] {dag.py:2981} INFO - Setting next_dagrun for example_subdag_operator to 2022-01-01T00:00:00+00:00, run_after=2022-01-01T00:00:00+00:00
[2024-08-12T10:03:51.447+0000] {logging_mixin.py:115} INFO - [2024-08-12T10:03:51.447+0000] {dag.py:2981} INFO - Setting next_dagrun for example_subdag_operator.section-1 to None, run_after=None
[2024-08-12T10:03:51.447+0000] {logging_mixin.py:115} INFO - [2024-08-12T10:03:51.447+0000] {dag.py:2981} INFO - Setting next_dagrun for example_subdag_operator.section-2 to None, run_after=None
[2024-08-12T10:03:51.453+0000] {logging_mixin.py:115} INFO - [2024-08-12T10:03:51.453+0000] {dag.py:2429} INFO - Sync 2 DAGs
[2024-08-12T10:03:51.457+0000] {logging_mixin.py:115} INFO - [2024-08-12T10:03:51.457+0000] {dag.py:2981} INFO - Setting next_dagrun for example_subdag_operator.section-1 to None, run_after=None
[2024-08-12T10:03:51.458+0000] {logging_mixin.py:115} INFO - [2024-08-12T10:03:51.457+0000] {dag.py:2981} INFO - Setting next_dagrun for example_subdag_operator.section-2 to None, run_after=None
[2024-08-12T10:03:51.465+0000] {processor.py:161} INFO - Processing /home/airflow/.local/lib/python3.7/site-packages/airflow/example_dags/example_subdag_operator.py took 0.210 seconds
[2024-08-12T10:04:22.172+0000] {processor.py:153} INFO - Started process (PID=910) to work on /home/airflow/.local/lib/python3.7/site-packages/airflow/example_dags/example_subdag_operator.py
[2024-08-12T10:04:22.173+0000] {processor.py:640} INFO - Processing file /home/airflow/.local/lib/python3.7/site-packages/airflow/example_dags/example_subdag_operator.py for tasks to queue
[2024-08-12T10:04:22.174+0000] {logging_mixin.py:115} INFO - [2024-08-12T10:04:22.173+0000] {dagbag.py:508} INFO - Filling up the DagBag from /home/airflow/.local/lib/python3.7/site-packages/airflow/example_dags/example_subdag_operator.py
[2024-08-12T10:04:22.196+0000] {processor.py:650} INFO - DAG(s) dict_keys(['example_subdag_operator.section-1', 'example_subdag_operator.section-2', 'example_subdag_operator']) retrieved from /home/airflow/.local/lib/python3.7/site-packages/airflow/example_dags/example_subdag_operator.py
[2024-08-12T10:04:22.343+0000] {logging_mixin.py:115} INFO - [2024-08-12T10:04:22.342+0000] {dag.py:2429} INFO - Sync 3 DAGs
[2024-08-12T10:04:22.360+0000] {logging_mixin.py:115} INFO - [2024-08-12T10:04:22.360+0000] {dag.py:2981} INFO - Setting next_dagrun for example_subdag_operator to 2022-01-01T00:00:00+00:00, run_after=2022-01-01T00:00:00+00:00
[2024-08-12T10:04:22.360+0000] {logging_mixin.py:115} INFO - [2024-08-12T10:04:22.360+0000] {dag.py:2981} INFO - Setting next_dagrun for example_subdag_operator.section-1 to None, run_after=None
[2024-08-12T10:04:22.361+0000] {logging_mixin.py:115} INFO - [2024-08-12T10:04:22.361+0000] {dag.py:2981} INFO - Setting next_dagrun for example_subdag_operator.section-2 to None, run_after=None
[2024-08-12T10:04:22.367+0000] {logging_mixin.py:115} INFO - [2024-08-12T10:04:22.366+0000] {dag.py:2429} INFO - Sync 2 DAGs
[2024-08-12T10:04:22.372+0000] {logging_mixin.py:115} INFO - [2024-08-12T10:04:22.371+0000] {dag.py:2981} INFO - Setting next_dagrun for example_subdag_operator.section-1 to None, run_after=None
[2024-08-12T10:04:22.372+0000] {logging_mixin.py:115} INFO - [2024-08-12T10:04:22.372+0000] {dag.py:2981} INFO - Setting next_dagrun for example_subdag_operator.section-2 to None, run_after=None
[2024-08-12T10:04:22.380+0000] {processor.py:161} INFO - Processing /home/airflow/.local/lib/python3.7/site-packages/airflow/example_dags/example_subdag_operator.py took 0.211 seconds
[2024-08-12T10:04:52.942+0000] {processor.py:153} INFO - Started process (PID=973) to work on /home/airflow/.local/lib/python3.7/site-packages/airflow/example_dags/example_subdag_operator.py
[2024-08-12T10:04:52.943+0000] {processor.py:640} INFO - Processing file /home/airflow/.local/lib/python3.7/site-packages/airflow/example_dags/example_subdag_operator.py for tasks to queue
[2024-08-12T10:04:52.944+0000] {logging_mixin.py:115} INFO - [2024-08-12T10:04:52.944+0000] {dagbag.py:508} INFO - Filling up the DagBag from /home/airflow/.local/lib/python3.7/site-packages/airflow/example_dags/example_subdag_operator.py
[2024-08-12T10:04:52.965+0000] {processor.py:650} INFO - DAG(s) dict_keys(['example_subdag_operator.section-1', 'example_subdag_operator.section-2', 'example_subdag_operator']) retrieved from /home/airflow/.local/lib/python3.7/site-packages/airflow/example_dags/example_subdag_operator.py
[2024-08-12T10:04:53.112+0000] {logging_mixin.py:115} INFO - [2024-08-12T10:04:53.112+0000] {dag.py:2429} INFO - Sync 3 DAGs
[2024-08-12T10:04:53.130+0000] {logging_mixin.py:115} INFO - [2024-08-12T10:04:53.130+0000] {dag.py:2981} INFO - Setting next_dagrun for example_subdag_operator to 2022-01-01T00:00:00+00:00, run_after=2022-01-01T00:00:00+00:00
[2024-08-12T10:04:53.130+0000] {logging_mixin.py:115} INFO - [2024-08-12T10:04:53.130+0000] {dag.py:2981} INFO - Setting next_dagrun for example_subdag_operator.section-1 to None, run_after=None
[2024-08-12T10:04:53.130+0000] {logging_mixin.py:115} INFO - [2024-08-12T10:04:53.130+0000] {dag.py:2981} INFO - Setting next_dagrun for example_subdag_operator.section-2 to None, run_after=None
[2024-08-12T10:04:53.136+0000] {logging_mixin.py:115} INFO - [2024-08-12T10:04:53.136+0000] {dag.py:2429} INFO - Sync 2 DAGs
[2024-08-12T10:04:53.141+0000] {logging_mixin.py:115} INFO - [2024-08-12T10:04:53.141+0000] {dag.py:2981} INFO - Setting next_dagrun for example_subdag_operator.section-1 to None, run_after=None
[2024-08-12T10:04:53.141+0000] {logging_mixin.py:115} INFO - [2024-08-12T10:04:53.141+0000] {dag.py:2981} INFO - Setting next_dagrun for example_subdag_operator.section-2 to None, run_after=None
[2024-08-12T10:04:53.148+0000] {processor.py:161} INFO - Processing /home/airflow/.local/lib/python3.7/site-packages/airflow/example_dags/example_subdag_operator.py took 0.209 seconds
[2024-08-12T10:05:23.802+0000] {processor.py:153} INFO - Started process (PID=1027) to work on /home/airflow/.local/lib/python3.7/site-packages/airflow/example_dags/example_subdag_operator.py
[2024-08-12T10:05:23.803+0000] {processor.py:640} INFO - Processing file /home/airflow/.local/lib/python3.7/site-packages/airflow/example_dags/example_subdag_operator.py for tasks to queue
[2024-08-12T10:05:23.804+0000] {logging_mixin.py:115} INFO - [2024-08-12T10:05:23.804+0000] {dagbag.py:508} INFO - Filling up the DagBag from /home/airflow/.local/lib/python3.7/site-packages/airflow/example_dags/example_subdag_operator.py
[2024-08-12T10:05:23.826+0000] {processor.py:650} INFO - DAG(s) dict_keys(['example_subdag_operator.section-1', 'example_subdag_operator.section-2', 'example_subdag_operator']) retrieved from /home/airflow/.local/lib/python3.7/site-packages/airflow/example_dags/example_subdag_operator.py
[2024-08-12T10:05:23.976+0000] {logging_mixin.py:115} INFO - [2024-08-12T10:05:23.976+0000] {dag.py:2429} INFO - Sync 3 DAGs
[2024-08-12T10:05:23.997+0000] {logging_mixin.py:115} INFO - [2024-08-12T10:05:23.996+0000] {dag.py:2981} INFO - Setting next_dagrun for example_subdag_operator to 2022-01-01T00:00:00+00:00, run_after=2022-01-01T00:00:00+00:00
[2024-08-12T10:05:23.997+0000] {logging_mixin.py:115} INFO - [2024-08-12T10:05:23.997+0000] {dag.py:2981} INFO - Setting next_dagrun for example_subdag_operator.section-1 to None, run_after=None
[2024-08-12T10:05:23.997+0000] {logging_mixin.py:115} INFO - [2024-08-12T10:05:23.997+0000] {dag.py:2981} INFO - Setting next_dagrun for example_subdag_operator.section-2 to None, run_after=None
[2024-08-12T10:05:24.003+0000] {logging_mixin.py:115} INFO - [2024-08-12T10:05:24.003+0000] {dag.py:2429} INFO - Sync 2 DAGs
[2024-08-12T10:05:24.007+0000] {logging_mixin.py:115} INFO - [2024-08-12T10:05:24.007+0000] {dag.py:2981} INFO - Setting next_dagrun for example_subdag_operator.section-1 to None, run_after=None
[2024-08-12T10:05:24.007+0000] {logging_mixin.py:115} INFO - [2024-08-12T10:05:24.007+0000] {dag.py:2981} INFO - Setting next_dagrun for example_subdag_operator.section-2 to None, run_after=None
[2024-08-12T10:05:24.014+0000] {processor.py:161} INFO - Processing /home/airflow/.local/lib/python3.7/site-packages/airflow/example_dags/example_subdag_operator.py took 0.214 seconds
[2024-08-12T10:05:54.678+0000] {processor.py:153} INFO - Started process (PID=1090) to work on /home/airflow/.local/lib/python3.7/site-packages/airflow/example_dags/example_subdag_operator.py
[2024-08-12T10:05:54.679+0000] {processor.py:640} INFO - Processing file /home/airflow/.local/lib/python3.7/site-packages/airflow/example_dags/example_subdag_operator.py for tasks to queue
[2024-08-12T10:05:54.680+0000] {logging_mixin.py:115} INFO - [2024-08-12T10:05:54.679+0000] {dagbag.py:508} INFO - Filling up the DagBag from /home/airflow/.local/lib/python3.7/site-packages/airflow/example_dags/example_subdag_operator.py
[2024-08-12T10:05:54.700+0000] {processor.py:650} INFO - DAG(s) dict_keys(['example_subdag_operator.section-1', 'example_subdag_operator.section-2', 'example_subdag_operator']) retrieved from /home/airflow/.local/lib/python3.7/site-packages/airflow/example_dags/example_subdag_operator.py
[2024-08-12T10:05:54.848+0000] {logging_mixin.py:115} INFO - [2024-08-12T10:05:54.848+0000] {dag.py:2429} INFO - Sync 3 DAGs
[2024-08-12T10:05:54.868+0000] {logging_mixin.py:115} INFO - [2024-08-12T10:05:54.868+0000] {dag.py:2981} INFO - Setting next_dagrun for example_subdag_operator to 2022-01-01T00:00:00+00:00, run_after=2022-01-01T00:00:00+00:00
[2024-08-12T10:05:54.868+0000] {logging_mixin.py:115} INFO - [2024-08-12T10:05:54.868+0000] {dag.py:2981} INFO - Setting next_dagrun for example_subdag_operator.section-1 to None, run_after=None
[2024-08-12T10:05:54.869+0000] {logging_mixin.py:115} INFO - [2024-08-12T10:05:54.869+0000] {dag.py:2981} INFO - Setting next_dagrun for example_subdag_operator.section-2 to None, run_after=None
[2024-08-12T10:05:54.875+0000] {logging_mixin.py:115} INFO - [2024-08-12T10:05:54.874+0000] {dag.py:2429} INFO - Sync 2 DAGs
[2024-08-12T10:05:54.879+0000] {logging_mixin.py:115} INFO - [2024-08-12T10:05:54.879+0000] {dag.py:2981} INFO - Setting next_dagrun for example_subdag_operator.section-1 to None, run_after=None
[2024-08-12T10:05:54.879+0000] {logging_mixin.py:115} INFO - [2024-08-12T10:05:54.879+0000] {dag.py:2981} INFO - Setting next_dagrun for example_subdag_operator.section-2 to None, run_after=None
[2024-08-12T10:05:54.886+0000] {processor.py:161} INFO - Processing /home/airflow/.local/lib/python3.7/site-packages/airflow/example_dags/example_subdag_operator.py took 0.210 seconds
[2024-08-12T10:06:25.410+0000] {processor.py:153} INFO - Started process (PID=1153) to work on /home/airflow/.local/lib/python3.7/site-packages/airflow/example_dags/example_subdag_operator.py
[2024-08-12T10:06:25.411+0000] {processor.py:640} INFO - Processing file /home/airflow/.local/lib/python3.7/site-packages/airflow/example_dags/example_subdag_operator.py for tasks to queue
[2024-08-12T10:06:25.412+0000] {logging_mixin.py:115} INFO - [2024-08-12T10:06:25.412+0000] {dagbag.py:508} INFO - Filling up the DagBag from /home/airflow/.local/lib/python3.7/site-packages/airflow/example_dags/example_subdag_operator.py
[2024-08-12T10:06:25.432+0000] {processor.py:650} INFO - DAG(s) dict_keys(['example_subdag_operator.section-1', 'example_subdag_operator.section-2', 'example_subdag_operator']) retrieved from /home/airflow/.local/lib/python3.7/site-packages/airflow/example_dags/example_subdag_operator.py
[2024-08-12T10:06:25.581+0000] {logging_mixin.py:115} INFO - [2024-08-12T10:06:25.581+0000] {dag.py:2429} INFO - Sync 3 DAGs
[2024-08-12T10:06:25.600+0000] {logging_mixin.py:115} INFO - [2024-08-12T10:06:25.600+0000] {dag.py:2981} INFO - Setting next_dagrun for example_subdag_operator to 2022-01-01T00:00:00+00:00, run_after=2022-01-01T00:00:00+00:00
[2024-08-12T10:06:25.600+0000] {logging_mixin.py:115} INFO - [2024-08-12T10:06:25.600+0000] {dag.py:2981} INFO - Setting next_dagrun for example_subdag_operator.section-1 to None, run_after=None
[2024-08-12T10:06:25.601+0000] {logging_mixin.py:115} INFO - [2024-08-12T10:06:25.601+0000] {dag.py:2981} INFO - Setting next_dagrun for example_subdag_operator.section-2 to None, run_after=None
[2024-08-12T10:06:25.607+0000] {logging_mixin.py:115} INFO - [2024-08-12T10:06:25.607+0000] {dag.py:2429} INFO - Sync 2 DAGs
[2024-08-12T10:06:25.612+0000] {logging_mixin.py:115} INFO - [2024-08-12T10:06:25.612+0000] {dag.py:2981} INFO - Setting next_dagrun for example_subdag_operator.section-1 to None, run_after=None
[2024-08-12T10:06:25.612+0000] {logging_mixin.py:115} INFO - [2024-08-12T10:06:25.612+0000] {dag.py:2981} INFO - Setting next_dagrun for example_subdag_operator.section-2 to None, run_after=None
[2024-08-12T10:06:25.619+0000] {processor.py:161} INFO - Processing /home/airflow/.local/lib/python3.7/site-packages/airflow/example_dags/example_subdag_operator.py took 0.212 seconds
[2024-08-12T10:06:56.318+0000] {processor.py:153} INFO - Started process (PID=1216) to work on /home/airflow/.local/lib/python3.7/site-packages/airflow/example_dags/example_subdag_operator.py
[2024-08-12T10:06:56.319+0000] {processor.py:640} INFO - Processing file /home/airflow/.local/lib/python3.7/site-packages/airflow/example_dags/example_subdag_operator.py for tasks to queue
[2024-08-12T10:06:56.319+0000] {logging_mixin.py:115} INFO - [2024-08-12T10:06:56.319+0000] {dagbag.py:508} INFO - Filling up the DagBag from /home/airflow/.local/lib/python3.7/site-packages/airflow/example_dags/example_subdag_operator.py
[2024-08-12T10:06:56.340+0000] {processor.py:650} INFO - DAG(s) dict_keys(['example_subdag_operator.section-1', 'example_subdag_operator.section-2', 'example_subdag_operator']) retrieved from /home/airflow/.local/lib/python3.7/site-packages/airflow/example_dags/example_subdag_operator.py
[2024-08-12T10:06:56.485+0000] {logging_mixin.py:115} INFO - [2024-08-12T10:06:56.485+0000] {dag.py:2429} INFO - Sync 3 DAGs
[2024-08-12T10:06:56.504+0000] {logging_mixin.py:115} INFO - [2024-08-12T10:06:56.504+0000] {dag.py:2981} INFO - Setting next_dagrun for example_subdag_operator to 2022-01-01T00:00:00+00:00, run_after=2022-01-01T00:00:00+00:00
[2024-08-12T10:06:56.504+0000] {logging_mixin.py:115} INFO - [2024-08-12T10:06:56.504+0000] {dag.py:2981} INFO - Setting next_dagrun for example_subdag_operator.section-1 to None, run_after=None
[2024-08-12T10:06:56.505+0000] {logging_mixin.py:115} INFO - [2024-08-12T10:06:56.504+0000] {dag.py:2981} INFO - Setting next_dagrun for example_subdag_operator.section-2 to None, run_after=None
[2024-08-12T10:06:56.510+0000] {logging_mixin.py:115} INFO - [2024-08-12T10:06:56.510+0000] {dag.py:2429} INFO - Sync 2 DAGs
[2024-08-12T10:06:56.514+0000] {logging_mixin.py:115} INFO - [2024-08-12T10:06:56.514+0000] {dag.py:2981} INFO - Setting next_dagrun for example_subdag_operator.section-1 to None, run_after=None
[2024-08-12T10:06:56.514+0000] {logging_mixin.py:115} INFO - [2024-08-12T10:06:56.514+0000] {dag.py:2981} INFO - Setting next_dagrun for example_subdag_operator.section-2 to None, run_after=None
[2024-08-12T10:06:56.520+0000] {processor.py:161} INFO - Processing /home/airflow/.local/lib/python3.7/site-packages/airflow/example_dags/example_subdag_operator.py took 0.205 seconds
[2024-08-12T10:07:26.740+0000] {processor.py:153} INFO - Started process (PID=1270) to work on /home/airflow/.local/lib/python3.7/site-packages/airflow/example_dags/example_subdag_operator.py
[2024-08-12T10:07:26.741+0000] {processor.py:640} INFO - Processing file /home/airflow/.local/lib/python3.7/site-packages/airflow/example_dags/example_subdag_operator.py for tasks to queue
[2024-08-12T10:07:26.741+0000] {logging_mixin.py:115} INFO - [2024-08-12T10:07:26.741+0000] {dagbag.py:508} INFO - Filling up the DagBag from /home/airflow/.local/lib/python3.7/site-packages/airflow/example_dags/example_subdag_operator.py
[2024-08-12T10:07:26.763+0000] {processor.py:650} INFO - DAG(s) dict_keys(['example_subdag_operator.section-1', 'example_subdag_operator.section-2', 'example_subdag_operator']) retrieved from /home/airflow/.local/lib/python3.7/site-packages/airflow/example_dags/example_subdag_operator.py
[2024-08-12T10:07:26.921+0000] {logging_mixin.py:115} INFO - [2024-08-12T10:07:26.921+0000] {dag.py:2429} INFO - Sync 3 DAGs
[2024-08-12T10:07:26.941+0000] {logging_mixin.py:115} INFO - [2024-08-12T10:07:26.940+0000] {dag.py:2981} INFO - Setting next_dagrun for example_subdag_operator to 2022-01-01T00:00:00+00:00, run_after=2022-01-01T00:00:00+00:00
[2024-08-12T10:07:26.941+0000] {logging_mixin.py:115} INFO - [2024-08-12T10:07:26.941+0000] {dag.py:2981} INFO - Setting next_dagrun for example_subdag_operator.section-1 to None, run_after=None
[2024-08-12T10:07:26.941+0000] {logging_mixin.py:115} INFO - [2024-08-12T10:07:26.941+0000] {dag.py:2981} INFO - Setting next_dagrun for example_subdag_operator.section-2 to None, run_after=None
[2024-08-12T10:07:26.947+0000] {logging_mixin.py:115} INFO - [2024-08-12T10:07:26.947+0000] {dag.py:2429} INFO - Sync 2 DAGs
[2024-08-12T10:07:26.952+0000] {logging_mixin.py:115} INFO - [2024-08-12T10:07:26.952+0000] {dag.py:2981} INFO - Setting next_dagrun for example_subdag_operator.section-1 to None, run_after=None
[2024-08-12T10:07:26.952+0000] {logging_mixin.py:115} INFO - [2024-08-12T10:07:26.952+0000] {dag.py:2981} INFO - Setting next_dagrun for example_subdag_operator.section-2 to None, run_after=None
[2024-08-12T10:07:26.959+0000] {processor.py:161} INFO - Processing /home/airflow/.local/lib/python3.7/site-packages/airflow/example_dags/example_subdag_operator.py took 0.222 seconds
[2024-08-12T10:07:57.591+0000] {processor.py:153} INFO - Started process (PID=1332) to work on /home/airflow/.local/lib/python3.7/site-packages/airflow/example_dags/example_subdag_operator.py
[2024-08-12T10:07:57.592+0000] {processor.py:640} INFO - Processing file /home/airflow/.local/lib/python3.7/site-packages/airflow/example_dags/example_subdag_operator.py for tasks to queue
[2024-08-12T10:07:57.593+0000] {logging_mixin.py:115} INFO - [2024-08-12T10:07:57.593+0000] {dagbag.py:508} INFO - Filling up the DagBag from /home/airflow/.local/lib/python3.7/site-packages/airflow/example_dags/example_subdag_operator.py
[2024-08-12T10:07:57.613+0000] {processor.py:650} INFO - DAG(s) dict_keys(['example_subdag_operator.section-1', 'example_subdag_operator.section-2', 'example_subdag_operator']) retrieved from /home/airflow/.local/lib/python3.7/site-packages/airflow/example_dags/example_subdag_operator.py
[2024-08-12T10:07:57.761+0000] {logging_mixin.py:115} INFO - [2024-08-12T10:07:57.761+0000] {dag.py:2429} INFO - Sync 3 DAGs
[2024-08-12T10:07:57.779+0000] {logging_mixin.py:115} INFO - [2024-08-12T10:07:57.779+0000] {dag.py:2981} INFO - Setting next_dagrun for example_subdag_operator to 2022-01-01T00:00:00+00:00, run_after=2022-01-01T00:00:00+00:00
[2024-08-12T10:07:57.779+0000] {logging_mixin.py:115} INFO - [2024-08-12T10:07:57.779+0000] {dag.py:2981} INFO - Setting next_dagrun for example_subdag_operator.section-1 to None, run_after=None
[2024-08-12T10:07:57.779+0000] {logging_mixin.py:115} INFO - [2024-08-12T10:07:57.779+0000] {dag.py:2981} INFO - Setting next_dagrun for example_subdag_operator.section-2 to None, run_after=None
[2024-08-12T10:07:57.785+0000] {logging_mixin.py:115} INFO - [2024-08-12T10:07:57.784+0000] {dag.py:2429} INFO - Sync 2 DAGs
[2024-08-12T10:07:57.790+0000] {logging_mixin.py:115} INFO - [2024-08-12T10:07:57.790+0000] {dag.py:2981} INFO - Setting next_dagrun for example_subdag_operator.section-1 to None, run_after=None
[2024-08-12T10:07:57.790+0000] {logging_mixin.py:115} INFO - [2024-08-12T10:07:57.790+0000] {dag.py:2981} INFO - Setting next_dagrun for example_subdag_operator.section-2 to None, run_after=None
[2024-08-12T10:07:57.798+0000] {processor.py:161} INFO - Processing /home/airflow/.local/lib/python3.7/site-packages/airflow/example_dags/example_subdag_operator.py took 0.209 seconds
[2024-08-12T10:08:28.364+0000] {processor.py:153} INFO - Started process (PID=1395) to work on /home/airflow/.local/lib/python3.7/site-packages/airflow/example_dags/example_subdag_operator.py
[2024-08-12T10:08:28.365+0000] {processor.py:640} INFO - Processing file /home/airflow/.local/lib/python3.7/site-packages/airflow/example_dags/example_subdag_operator.py for tasks to queue
[2024-08-12T10:08:28.365+0000] {logging_mixin.py:115} INFO - [2024-08-12T10:08:28.365+0000] {dagbag.py:508} INFO - Filling up the DagBag from /home/airflow/.local/lib/python3.7/site-packages/airflow/example_dags/example_subdag_operator.py
[2024-08-12T10:08:28.386+0000] {processor.py:650} INFO - DAG(s) dict_keys(['example_subdag_operator.section-1', 'example_subdag_operator.section-2', 'example_subdag_operator']) retrieved from /home/airflow/.local/lib/python3.7/site-packages/airflow/example_dags/example_subdag_operator.py
[2024-08-12T10:08:28.531+0000] {logging_mixin.py:115} INFO - [2024-08-12T10:08:28.530+0000] {dag.py:2429} INFO - Sync 3 DAGs
[2024-08-12T10:08:28.548+0000] {logging_mixin.py:115} INFO - [2024-08-12T10:08:28.548+0000] {dag.py:2981} INFO - Setting next_dagrun for example_subdag_operator to 2022-01-01T00:00:00+00:00, run_after=2022-01-01T00:00:00+00:00
[2024-08-12T10:08:28.548+0000] {logging_mixin.py:115} INFO - [2024-08-12T10:08:28.548+0000] {dag.py:2981} INFO - Setting next_dagrun for example_subdag_operator.section-1 to None, run_after=None
[2024-08-12T10:08:28.548+0000] {logging_mixin.py:115} INFO - [2024-08-12T10:08:28.548+0000] {dag.py:2981} INFO - Setting next_dagrun for example_subdag_operator.section-2 to None, run_after=None
[2024-08-12T10:08:28.553+0000] {logging_mixin.py:115} INFO - [2024-08-12T10:08:28.553+0000] {dag.py:2429} INFO - Sync 2 DAGs
[2024-08-12T10:08:28.557+0000] {logging_mixin.py:115} INFO - [2024-08-12T10:08:28.557+0000] {dag.py:2981} INFO - Setting next_dagrun for example_subdag_operator.section-1 to None, run_after=None
[2024-08-12T10:08:28.558+0000] {logging_mixin.py:115} INFO - [2024-08-12T10:08:28.558+0000] {dag.py:2981} INFO - Setting next_dagrun for example_subdag_operator.section-2 to None, run_after=None
[2024-08-12T10:08:28.564+0000] {processor.py:161} INFO - Processing /home/airflow/.local/lib/python3.7/site-packages/airflow/example_dags/example_subdag_operator.py took 0.202 seconds
[2024-08-12T10:08:59.131+0000] {processor.py:153} INFO - Started process (PID=1458) to work on /home/airflow/.local/lib/python3.7/site-packages/airflow/example_dags/example_subdag_operator.py
[2024-08-12T10:08:59.132+0000] {processor.py:640} INFO - Processing file /home/airflow/.local/lib/python3.7/site-packages/airflow/example_dags/example_subdag_operator.py for tasks to queue
[2024-08-12T10:08:59.132+0000] {logging_mixin.py:115} INFO - [2024-08-12T10:08:59.132+0000] {dagbag.py:508} INFO - Filling up the DagBag from /home/airflow/.local/lib/python3.7/site-packages/airflow/example_dags/example_subdag_operator.py
[2024-08-12T10:08:59.153+0000] {processor.py:650} INFO - DAG(s) dict_keys(['example_subdag_operator.section-1', 'example_subdag_operator.section-2', 'example_subdag_operator']) retrieved from /home/airflow/.local/lib/python3.7/site-packages/airflow/example_dags/example_subdag_operator.py
[2024-08-12T10:08:59.303+0000] {logging_mixin.py:115} INFO - [2024-08-12T10:08:59.303+0000] {dag.py:2429} INFO - Sync 3 DAGs
[2024-08-12T10:08:59.320+0000] {logging_mixin.py:115} INFO - [2024-08-12T10:08:59.319+0000] {dag.py:2981} INFO - Setting next_dagrun for example_subdag_operator to 2022-01-01T00:00:00+00:00, run_after=2022-01-01T00:00:00+00:00
[2024-08-12T10:08:59.320+0000] {logging_mixin.py:115} INFO - [2024-08-12T10:08:59.320+0000] {dag.py:2981} INFO - Setting next_dagrun for example_subdag_operator.section-1 to None, run_after=None
[2024-08-12T10:08:59.320+0000] {logging_mixin.py:115} INFO - [2024-08-12T10:08:59.320+0000] {dag.py:2981} INFO - Setting next_dagrun for example_subdag_operator.section-2 to None, run_after=None
[2024-08-12T10:08:59.325+0000] {logging_mixin.py:115} INFO - [2024-08-12T10:08:59.325+0000] {dag.py:2429} INFO - Sync 2 DAGs
[2024-08-12T10:08:59.329+0000] {logging_mixin.py:115} INFO - [2024-08-12T10:08:59.329+0000] {dag.py:2981} INFO - Setting next_dagrun for example_subdag_operator.section-1 to None, run_after=None
[2024-08-12T10:08:59.330+0000] {logging_mixin.py:115} INFO - [2024-08-12T10:08:59.330+0000] {dag.py:2981} INFO - Setting next_dagrun for example_subdag_operator.section-2 to None, run_after=None
[2024-08-12T10:08:59.337+0000] {processor.py:161} INFO - Processing /home/airflow/.local/lib/python3.7/site-packages/airflow/example_dags/example_subdag_operator.py took 0.208 seconds
[2024-08-12T10:09:29.834+0000] {processor.py:153} INFO - Started process (PID=1512) to work on /home/airflow/.local/lib/python3.7/site-packages/airflow/example_dags/example_subdag_operator.py
[2024-08-12T10:09:29.835+0000] {processor.py:640} INFO - Processing file /home/airflow/.local/lib/python3.7/site-packages/airflow/example_dags/example_subdag_operator.py for tasks to queue
[2024-08-12T10:09:29.835+0000] {logging_mixin.py:115} INFO - [2024-08-12T10:09:29.835+0000] {dagbag.py:508} INFO - Filling up the DagBag from /home/airflow/.local/lib/python3.7/site-packages/airflow/example_dags/example_subdag_operator.py
[2024-08-12T10:09:29.856+0000] {processor.py:650} INFO - DAG(s) dict_keys(['example_subdag_operator.section-1', 'example_subdag_operator.section-2', 'example_subdag_operator']) retrieved from /home/airflow/.local/lib/python3.7/site-packages/airflow/example_dags/example_subdag_operator.py
[2024-08-12T10:09:30.003+0000] {logging_mixin.py:115} INFO - [2024-08-12T10:09:30.003+0000] {dag.py:2429} INFO - Sync 3 DAGs
[2024-08-12T10:09:30.022+0000] {logging_mixin.py:115} INFO - [2024-08-12T10:09:30.021+0000] {dag.py:2981} INFO - Setting next_dagrun for example_subdag_operator to 2022-01-01T00:00:00+00:00, run_after=2022-01-01T00:00:00+00:00
[2024-08-12T10:09:30.022+0000] {logging_mixin.py:115} INFO - [2024-08-12T10:09:30.022+0000] {dag.py:2981} INFO - Setting next_dagrun for example_subdag_operator.section-1 to None, run_after=None
[2024-08-12T10:09:30.022+0000] {logging_mixin.py:115} INFO - [2024-08-12T10:09:30.022+0000] {dag.py:2981} INFO - Setting next_dagrun for example_subdag_operator.section-2 to None, run_after=None
[2024-08-12T10:09:30.028+0000] {logging_mixin.py:115} INFO - [2024-08-12T10:09:30.028+0000] {dag.py:2429} INFO - Sync 2 DAGs
[2024-08-12T10:09:30.032+0000] {logging_mixin.py:115} INFO - [2024-08-12T10:09:30.032+0000] {dag.py:2981} INFO - Setting next_dagrun for example_subdag_operator.section-1 to None, run_after=None
[2024-08-12T10:09:30.032+0000] {logging_mixin.py:115} INFO - [2024-08-12T10:09:30.032+0000] {dag.py:2981} INFO - Setting next_dagrun for example_subdag_operator.section-2 to None, run_after=None
[2024-08-12T10:09:30.039+0000] {processor.py:161} INFO - Processing /home/airflow/.local/lib/python3.7/site-packages/airflow/example_dags/example_subdag_operator.py took 0.207 seconds
[2024-08-12T10:10:00.569+0000] {processor.py:153} INFO - Started process (PID=1575) to work on /home/airflow/.local/lib/python3.7/site-packages/airflow/example_dags/example_subdag_operator.py
[2024-08-12T10:10:00.569+0000] {processor.py:640} INFO - Processing file /home/airflow/.local/lib/python3.7/site-packages/airflow/example_dags/example_subdag_operator.py for tasks to queue
[2024-08-12T10:10:00.570+0000] {logging_mixin.py:115} INFO - [2024-08-12T10:10:00.570+0000] {dagbag.py:508} INFO - Filling up the DagBag from /home/airflow/.local/lib/python3.7/site-packages/airflow/example_dags/example_subdag_operator.py
[2024-08-12T10:10:00.590+0000] {processor.py:650} INFO - DAG(s) dict_keys(['example_subdag_operator.section-1', 'example_subdag_operator.section-2', 'example_subdag_operator']) retrieved from /home/airflow/.local/lib/python3.7/site-packages/airflow/example_dags/example_subdag_operator.py
[2024-08-12T10:10:00.744+0000] {logging_mixin.py:115} INFO - [2024-08-12T10:10:00.744+0000] {dag.py:2429} INFO - Sync 3 DAGs
[2024-08-12T10:10:00.766+0000] {logging_mixin.py:115} INFO - [2024-08-12T10:10:00.766+0000] {dag.py:2981} INFO - Setting next_dagrun for example_subdag_operator to 2022-01-01T00:00:00+00:00, run_after=2022-01-01T00:00:00+00:00
[2024-08-12T10:10:00.767+0000] {logging_mixin.py:115} INFO - [2024-08-12T10:10:00.767+0000] {dag.py:2981} INFO - Setting next_dagrun for example_subdag_operator.section-1 to None, run_after=None
[2024-08-12T10:10:00.767+0000] {logging_mixin.py:115} INFO - [2024-08-12T10:10:00.767+0000] {dag.py:2981} INFO - Setting next_dagrun for example_subdag_operator.section-2 to None, run_after=None
[2024-08-12T10:10:00.774+0000] {logging_mixin.py:115} INFO - [2024-08-12T10:10:00.774+0000] {dag.py:2429} INFO - Sync 2 DAGs
[2024-08-12T10:10:00.779+0000] {logging_mixin.py:115} INFO - [2024-08-12T10:10:00.779+0000] {dag.py:2981} INFO - Setting next_dagrun for example_subdag_operator.section-1 to None, run_after=None
[2024-08-12T10:10:00.779+0000] {logging_mixin.py:115} INFO - [2024-08-12T10:10:00.779+0000] {dag.py:2981} INFO - Setting next_dagrun for example_subdag_operator.section-2 to None, run_after=None
[2024-08-12T10:10:00.787+0000] {processor.py:161} INFO - Processing /home/airflow/.local/lib/python3.7/site-packages/airflow/example_dags/example_subdag_operator.py took 0.221 seconds
[2024-08-12T10:10:31.387+0000] {processor.py:153} INFO - Started process (PID=1638) to work on /home/airflow/.local/lib/python3.7/site-packages/airflow/example_dags/example_subdag_operator.py
[2024-08-12T10:10:31.388+0000] {processor.py:640} INFO - Processing file /home/airflow/.local/lib/python3.7/site-packages/airflow/example_dags/example_subdag_operator.py for tasks to queue
[2024-08-12T10:10:31.388+0000] {logging_mixin.py:115} INFO - [2024-08-12T10:10:31.388+0000] {dagbag.py:508} INFO - Filling up the DagBag from /home/airflow/.local/lib/python3.7/site-packages/airflow/example_dags/example_subdag_operator.py
[2024-08-12T10:10:31.409+0000] {processor.py:650} INFO - DAG(s) dict_keys(['example_subdag_operator.section-1', 'example_subdag_operator.section-2', 'example_subdag_operator']) retrieved from /home/airflow/.local/lib/python3.7/site-packages/airflow/example_dags/example_subdag_operator.py
[2024-08-12T10:10:31.553+0000] {logging_mixin.py:115} INFO - [2024-08-12T10:10:31.553+0000] {dag.py:2429} INFO - Sync 3 DAGs
[2024-08-12T10:10:31.570+0000] {logging_mixin.py:115} INFO - [2024-08-12T10:10:31.570+0000] {dag.py:2981} INFO - Setting next_dagrun for example_subdag_operator to 2022-01-01T00:00:00+00:00, run_after=2022-01-01T00:00:00+00:00
[2024-08-12T10:10:31.570+0000] {logging_mixin.py:115} INFO - [2024-08-12T10:10:31.570+0000] {dag.py:2981} INFO - Setting next_dagrun for example_subdag_operator.section-1 to None, run_after=None
[2024-08-12T10:10:31.570+0000] {logging_mixin.py:115} INFO - [2024-08-12T10:10:31.570+0000] {dag.py:2981} INFO - Setting next_dagrun for example_subdag_operator.section-2 to None, run_after=None
[2024-08-12T10:10:31.575+0000] {logging_mixin.py:115} INFO - [2024-08-12T10:10:31.575+0000] {dag.py:2429} INFO - Sync 2 DAGs
[2024-08-12T10:10:31.580+0000] {logging_mixin.py:115} INFO - [2024-08-12T10:10:31.579+0000] {dag.py:2981} INFO - Setting next_dagrun for example_subdag_operator.section-1 to None, run_after=None
[2024-08-12T10:10:31.580+0000] {logging_mixin.py:115} INFO - [2024-08-12T10:10:31.580+0000] {dag.py:2981} INFO - Setting next_dagrun for example_subdag_operator.section-2 to None, run_after=None
[2024-08-12T10:10:31.586+0000] {processor.py:161} INFO - Processing /home/airflow/.local/lib/python3.7/site-packages/airflow/example_dags/example_subdag_operator.py took 0.202 seconds
[2024-08-12T10:11:02.087+0000] {processor.py:153} INFO - Started process (PID=1701) to work on /home/airflow/.local/lib/python3.7/site-packages/airflow/example_dags/example_subdag_operator.py
[2024-08-12T10:11:02.088+0000] {processor.py:640} INFO - Processing file /home/airflow/.local/lib/python3.7/site-packages/airflow/example_dags/example_subdag_operator.py for tasks to queue
[2024-08-12T10:11:02.089+0000] {logging_mixin.py:115} INFO - [2024-08-12T10:11:02.089+0000] {dagbag.py:508} INFO - Filling up the DagBag from /home/airflow/.local/lib/python3.7/site-packages/airflow/example_dags/example_subdag_operator.py
[2024-08-12T10:11:02.111+0000] {processor.py:650} INFO - DAG(s) dict_keys(['example_subdag_operator.section-1', 'example_subdag_operator.section-2', 'example_subdag_operator']) retrieved from /home/airflow/.local/lib/python3.7/site-packages/airflow/example_dags/example_subdag_operator.py
[2024-08-12T10:11:02.259+0000] {logging_mixin.py:115} INFO - [2024-08-12T10:11:02.259+0000] {dag.py:2429} INFO - Sync 3 DAGs
[2024-08-12T10:11:02.277+0000] {logging_mixin.py:115} INFO - [2024-08-12T10:11:02.277+0000] {dag.py:2981} INFO - Setting next_dagrun for example_subdag_operator to 2022-01-01T00:00:00+00:00, run_after=2022-01-01T00:00:00+00:00
[2024-08-12T10:11:02.277+0000] {logging_mixin.py:115} INFO - [2024-08-12T10:11:02.277+0000] {dag.py:2981} INFO - Setting next_dagrun for example_subdag_operator.section-1 to None, run_after=None
[2024-08-12T10:11:02.277+0000] {logging_mixin.py:115} INFO - [2024-08-12T10:11:02.277+0000] {dag.py:2981} INFO - Setting next_dagrun for example_subdag_operator.section-2 to None, run_after=None
[2024-08-12T10:11:02.282+0000] {logging_mixin.py:115} INFO - [2024-08-12T10:11:02.282+0000] {dag.py:2429} INFO - Sync 2 DAGs
[2024-08-12T10:11:02.287+0000] {logging_mixin.py:115} INFO - [2024-08-12T10:11:02.287+0000] {dag.py:2981} INFO - Setting next_dagrun for example_subdag_operator.section-1 to None, run_after=None
[2024-08-12T10:11:02.287+0000] {logging_mixin.py:115} INFO - [2024-08-12T10:11:02.287+0000] {dag.py:2981} INFO - Setting next_dagrun for example_subdag_operator.section-2 to None, run_after=None
[2024-08-12T10:11:02.295+0000] {processor.py:161} INFO - Processing /home/airflow/.local/lib/python3.7/site-packages/airflow/example_dags/example_subdag_operator.py took 0.210 seconds
[2024-08-12T10:11:32.863+0000] {processor.py:153} INFO - Started process (PID=1755) to work on /home/airflow/.local/lib/python3.7/site-packages/airflow/example_dags/example_subdag_operator.py
[2024-08-12T10:11:32.864+0000] {processor.py:640} INFO - Processing file /home/airflow/.local/lib/python3.7/site-packages/airflow/example_dags/example_subdag_operator.py for tasks to queue
[2024-08-12T10:11:32.865+0000] {logging_mixin.py:115} INFO - [2024-08-12T10:11:32.865+0000] {dagbag.py:508} INFO - Filling up the DagBag from /home/airflow/.local/lib/python3.7/site-packages/airflow/example_dags/example_subdag_operator.py
[2024-08-12T10:11:32.893+0000] {processor.py:650} INFO - DAG(s) dict_keys(['example_subdag_operator.section-1', 'example_subdag_operator.section-2', 'example_subdag_operator']) retrieved from /home/airflow/.local/lib/python3.7/site-packages/airflow/example_dags/example_subdag_operator.py
[2024-08-12T10:11:33.050+0000] {logging_mixin.py:115} INFO - [2024-08-12T10:11:33.050+0000] {dag.py:2429} INFO - Sync 3 DAGs
[2024-08-12T10:11:33.068+0000] {logging_mixin.py:115} INFO - [2024-08-12T10:11:33.068+0000] {dag.py:2981} INFO - Setting next_dagrun for example_subdag_operator to 2022-01-01T00:00:00+00:00, run_after=2022-01-01T00:00:00+00:00
[2024-08-12T10:11:33.069+0000] {logging_mixin.py:115} INFO - [2024-08-12T10:11:33.068+0000] {dag.py:2981} INFO - Setting next_dagrun for example_subdag_operator.section-1 to None, run_after=None
[2024-08-12T10:11:33.069+0000] {logging_mixin.py:115} INFO - [2024-08-12T10:11:33.069+0000] {dag.py:2981} INFO - Setting next_dagrun for example_subdag_operator.section-2 to None, run_after=None
[2024-08-12T10:11:33.075+0000] {logging_mixin.py:115} INFO - [2024-08-12T10:11:33.075+0000] {dag.py:2429} INFO - Sync 2 DAGs
[2024-08-12T10:11:33.083+0000] {logging_mixin.py:115} INFO - [2024-08-12T10:11:33.082+0000] {dag.py:2981} INFO - Setting next_dagrun for example_subdag_operator.section-1 to None, run_after=None
[2024-08-12T10:11:33.083+0000] {logging_mixin.py:115} INFO - [2024-08-12T10:11:33.083+0000] {dag.py:2981} INFO - Setting next_dagrun for example_subdag_operator.section-2 to None, run_after=None
[2024-08-12T10:11:33.095+0000] {processor.py:161} INFO - Processing /home/airflow/.local/lib/python3.7/site-packages/airflow/example_dags/example_subdag_operator.py took 0.235 seconds
[2024-08-12T10:12:03.639+0000] {processor.py:153} INFO - Started process (PID=1818) to work on /home/airflow/.local/lib/python3.7/site-packages/airflow/example_dags/example_subdag_operator.py
[2024-08-12T10:12:03.640+0000] {processor.py:640} INFO - Processing file /home/airflow/.local/lib/python3.7/site-packages/airflow/example_dags/example_subdag_operator.py for tasks to queue
[2024-08-12T10:12:03.640+0000] {logging_mixin.py:115} INFO - [2024-08-12T10:12:03.640+0000] {dagbag.py:508} INFO - Filling up the DagBag from /home/airflow/.local/lib/python3.7/site-packages/airflow/example_dags/example_subdag_operator.py
[2024-08-12T10:12:03.660+0000] {processor.py:650} INFO - DAG(s) dict_keys(['example_subdag_operator.section-1', 'example_subdag_operator.section-2', 'example_subdag_operator']) retrieved from /home/airflow/.local/lib/python3.7/site-packages/airflow/example_dags/example_subdag_operator.py
[2024-08-12T10:12:03.803+0000] {logging_mixin.py:115} INFO - [2024-08-12T10:12:03.803+0000] {dag.py:2429} INFO - Sync 3 DAGs
[2024-08-12T10:12:03.820+0000] {logging_mixin.py:115} INFO - [2024-08-12T10:12:03.820+0000] {dag.py:2981} INFO - Setting next_dagrun for example_subdag_operator to 2022-01-01T00:00:00+00:00, run_after=2022-01-01T00:00:00+00:00
[2024-08-12T10:12:03.821+0000] {logging_mixin.py:115} INFO - [2024-08-12T10:12:03.821+0000] {dag.py:2981} INFO - Setting next_dagrun for example_subdag_operator.section-1 to None, run_after=None
[2024-08-12T10:12:03.821+0000] {logging_mixin.py:115} INFO - [2024-08-12T10:12:03.821+0000] {dag.py:2981} INFO - Setting next_dagrun for example_subdag_operator.section-2 to None, run_after=None
[2024-08-12T10:12:03.826+0000] {logging_mixin.py:115} INFO - [2024-08-12T10:12:03.826+0000] {dag.py:2429} INFO - Sync 2 DAGs
[2024-08-12T10:12:03.831+0000] {logging_mixin.py:115} INFO - [2024-08-12T10:12:03.831+0000] {dag.py:2981} INFO - Setting next_dagrun for example_subdag_operator.section-1 to None, run_after=None
[2024-08-12T10:12:03.831+0000] {logging_mixin.py:115} INFO - [2024-08-12T10:12:03.831+0000] {dag.py:2981} INFO - Setting next_dagrun for example_subdag_operator.section-2 to None, run_after=None
[2024-08-12T10:12:03.838+0000] {processor.py:161} INFO - Processing /home/airflow/.local/lib/python3.7/site-packages/airflow/example_dags/example_subdag_operator.py took 0.201 seconds
[2024-08-12T10:12:34.461+0000] {processor.py:153} INFO - Started process (PID=1881) to work on /home/airflow/.local/lib/python3.7/site-packages/airflow/example_dags/example_subdag_operator.py
[2024-08-12T10:12:34.462+0000] {processor.py:640} INFO - Processing file /home/airflow/.local/lib/python3.7/site-packages/airflow/example_dags/example_subdag_operator.py for tasks to queue
[2024-08-12T10:12:34.463+0000] {logging_mixin.py:115} INFO - [2024-08-12T10:12:34.463+0000] {dagbag.py:508} INFO - Filling up the DagBag from /home/airflow/.local/lib/python3.7/site-packages/airflow/example_dags/example_subdag_operator.py
[2024-08-12T10:12:34.484+0000] {processor.py:650} INFO - DAG(s) dict_keys(['example_subdag_operator.section-1', 'example_subdag_operator.section-2', 'example_subdag_operator']) retrieved from /home/airflow/.local/lib/python3.7/site-packages/airflow/example_dags/example_subdag_operator.py
[2024-08-12T10:12:34.630+0000] {logging_mixin.py:115} INFO - [2024-08-12T10:12:34.630+0000] {dag.py:2429} INFO - Sync 3 DAGs
[2024-08-12T10:12:34.649+0000] {logging_mixin.py:115} INFO - [2024-08-12T10:12:34.648+0000] {dag.py:2981} INFO - Setting next_dagrun for example_subdag_operator to 2022-01-01T00:00:00+00:00, run_after=2022-01-01T00:00:00+00:00
[2024-08-12T10:12:34.649+0000] {logging_mixin.py:115} INFO - [2024-08-12T10:12:34.649+0000] {dag.py:2981} INFO - Setting next_dagrun for example_subdag_operator.section-1 to None, run_after=None
[2024-08-12T10:12:34.649+0000] {logging_mixin.py:115} INFO - [2024-08-12T10:12:34.649+0000] {dag.py:2981} INFO - Setting next_dagrun for example_subdag_operator.section-2 to None, run_after=None
[2024-08-12T10:12:34.654+0000] {logging_mixin.py:115} INFO - [2024-08-12T10:12:34.654+0000] {dag.py:2429} INFO - Sync 2 DAGs
[2024-08-12T10:12:34.659+0000] {logging_mixin.py:115} INFO - [2024-08-12T10:12:34.659+0000] {dag.py:2981} INFO - Setting next_dagrun for example_subdag_operator.section-1 to None, run_after=None
[2024-08-12T10:12:34.659+0000] {logging_mixin.py:115} INFO - [2024-08-12T10:12:34.659+0000] {dag.py:2981} INFO - Setting next_dagrun for example_subdag_operator.section-2 to None, run_after=None
[2024-08-12T10:12:34.666+0000] {processor.py:161} INFO - Processing /home/airflow/.local/lib/python3.7/site-packages/airflow/example_dags/example_subdag_operator.py took 0.207 seconds
[2024-08-12T10:13:05.393+0000] {processor.py:153} INFO - Started process (PID=1944) to work on /home/airflow/.local/lib/python3.7/site-packages/airflow/example_dags/example_subdag_operator.py
[2024-08-12T10:13:05.394+0000] {processor.py:640} INFO - Processing file /home/airflow/.local/lib/python3.7/site-packages/airflow/example_dags/example_subdag_operator.py for tasks to queue
[2024-08-12T10:13:05.394+0000] {logging_mixin.py:115} INFO - [2024-08-12T10:13:05.394+0000] {dagbag.py:508} INFO - Filling up the DagBag from /home/airflow/.local/lib/python3.7/site-packages/airflow/example_dags/example_subdag_operator.py
[2024-08-12T10:13:05.423+0000] {processor.py:650} INFO - DAG(s) dict_keys(['example_subdag_operator.section-1', 'example_subdag_operator.section-2', 'example_subdag_operator']) retrieved from /home/airflow/.local/lib/python3.7/site-packages/airflow/example_dags/example_subdag_operator.py
[2024-08-12T10:13:05.571+0000] {logging_mixin.py:115} INFO - [2024-08-12T10:13:05.571+0000] {dag.py:2429} INFO - Sync 3 DAGs
[2024-08-12T10:13:05.587+0000] {logging_mixin.py:115} INFO - [2024-08-12T10:13:05.587+0000] {dag.py:2981} INFO - Setting next_dagrun for example_subdag_operator to 2022-01-01T00:00:00+00:00, run_after=2022-01-01T00:00:00+00:00
[2024-08-12T10:13:05.588+0000] {logging_mixin.py:115} INFO - [2024-08-12T10:13:05.588+0000] {dag.py:2981} INFO - Setting next_dagrun for example_subdag_operator.section-1 to None, run_after=None
[2024-08-12T10:13:05.588+0000] {logging_mixin.py:115} INFO - [2024-08-12T10:13:05.588+0000] {dag.py:2981} INFO - Setting next_dagrun for example_subdag_operator.section-2 to None, run_after=None
[2024-08-12T10:13:05.593+0000] {logging_mixin.py:115} INFO - [2024-08-12T10:13:05.593+0000] {dag.py:2429} INFO - Sync 2 DAGs
[2024-08-12T10:13:05.597+0000] {logging_mixin.py:115} INFO - [2024-08-12T10:13:05.597+0000] {dag.py:2981} INFO - Setting next_dagrun for example_subdag_operator.section-1 to None, run_after=None
[2024-08-12T10:13:05.597+0000] {logging_mixin.py:115} INFO - [2024-08-12T10:13:05.597+0000] {dag.py:2981} INFO - Setting next_dagrun for example_subdag_operator.section-2 to None, run_after=None
[2024-08-12T10:13:05.604+0000] {processor.py:161} INFO - Processing /home/airflow/.local/lib/python3.7/site-packages/airflow/example_dags/example_subdag_operator.py took 0.213 seconds
[2024-08-12T10:13:36.171+0000] {processor.py:153} INFO - Started process (PID=1998) to work on /home/airflow/.local/lib/python3.7/site-packages/airflow/example_dags/example_subdag_operator.py
[2024-08-12T10:13:36.172+0000] {processor.py:640} INFO - Processing file /home/airflow/.local/lib/python3.7/site-packages/airflow/example_dags/example_subdag_operator.py for tasks to queue
[2024-08-12T10:13:36.173+0000] {logging_mixin.py:115} INFO - [2024-08-12T10:13:36.173+0000] {dagbag.py:508} INFO - Filling up the DagBag from /home/airflow/.local/lib/python3.7/site-packages/airflow/example_dags/example_subdag_operator.py
[2024-08-12T10:13:36.193+0000] {processor.py:650} INFO - DAG(s) dict_keys(['example_subdag_operator.section-1', 'example_subdag_operator.section-2', 'example_subdag_operator']) retrieved from /home/airflow/.local/lib/python3.7/site-packages/airflow/example_dags/example_subdag_operator.py
[2024-08-12T10:13:36.342+0000] {logging_mixin.py:115} INFO - [2024-08-12T10:13:36.342+0000] {dag.py:2429} INFO - Sync 3 DAGs
[2024-08-12T10:13:36.359+0000] {logging_mixin.py:115} INFO - [2024-08-12T10:13:36.359+0000] {dag.py:2981} INFO - Setting next_dagrun for example_subdag_operator to 2022-01-01T00:00:00+00:00, run_after=2022-01-01T00:00:00+00:00
[2024-08-12T10:13:36.359+0000] {logging_mixin.py:115} INFO - [2024-08-12T10:13:36.359+0000] {dag.py:2981} INFO - Setting next_dagrun for example_subdag_operator.section-1 to None, run_after=None
[2024-08-12T10:13:36.360+0000] {logging_mixin.py:115} INFO - [2024-08-12T10:13:36.360+0000] {dag.py:2981} INFO - Setting next_dagrun for example_subdag_operator.section-2 to None, run_after=None
[2024-08-12T10:13:36.365+0000] {logging_mixin.py:115} INFO - [2024-08-12T10:13:36.364+0000] {dag.py:2429} INFO - Sync 2 DAGs
[2024-08-12T10:13:36.369+0000] {logging_mixin.py:115} INFO - [2024-08-12T10:13:36.369+0000] {dag.py:2981} INFO - Setting next_dagrun for example_subdag_operator.section-1 to None, run_after=None
[2024-08-12T10:13:36.369+0000] {logging_mixin.py:115} INFO - [2024-08-12T10:13:36.369+0000] {dag.py:2981} INFO - Setting next_dagrun for example_subdag_operator.section-2 to None, run_after=None
[2024-08-12T10:13:36.376+0000] {processor.py:161} INFO - Processing /home/airflow/.local/lib/python3.7/site-packages/airflow/example_dags/example_subdag_operator.py took 0.207 seconds
[2024-08-12T10:14:06.957+0000] {processor.py:153} INFO - Started process (PID=2061) to work on /home/airflow/.local/lib/python3.7/site-packages/airflow/example_dags/example_subdag_operator.py
[2024-08-12T10:14:06.958+0000] {processor.py:640} INFO - Processing file /home/airflow/.local/lib/python3.7/site-packages/airflow/example_dags/example_subdag_operator.py for tasks to queue
[2024-08-12T10:14:06.959+0000] {logging_mixin.py:115} INFO - [2024-08-12T10:14:06.959+0000] {dagbag.py:508} INFO - Filling up the DagBag from /home/airflow/.local/lib/python3.7/site-packages/airflow/example_dags/example_subdag_operator.py
[2024-08-12T10:14:07.000+0000] {processor.py:650} INFO - DAG(s) dict_keys(['example_subdag_operator.section-1', 'example_subdag_operator.section-2', 'example_subdag_operator']) retrieved from /home/airflow/.local/lib/python3.7/site-packages/airflow/example_dags/example_subdag_operator.py
[2024-08-12T10:14:07.162+0000] {logging_mixin.py:115} INFO - [2024-08-12T10:14:07.162+0000] {dag.py:2429} INFO - Sync 3 DAGs
[2024-08-12T10:14:07.182+0000] {logging_mixin.py:115} INFO - [2024-08-12T10:14:07.181+0000] {dag.py:2981} INFO - Setting next_dagrun for example_subdag_operator to 2022-01-01T00:00:00+00:00, run_after=2022-01-01T00:00:00+00:00
[2024-08-12T10:14:07.182+0000] {logging_mixin.py:115} INFO - [2024-08-12T10:14:07.182+0000] {dag.py:2981} INFO - Setting next_dagrun for example_subdag_operator.section-1 to None, run_after=None
[2024-08-12T10:14:07.182+0000] {logging_mixin.py:115} INFO - [2024-08-12T10:14:07.182+0000] {dag.py:2981} INFO - Setting next_dagrun for example_subdag_operator.section-2 to None, run_after=None
[2024-08-12T10:14:07.189+0000] {logging_mixin.py:115} INFO - [2024-08-12T10:14:07.189+0000] {dag.py:2429} INFO - Sync 2 DAGs
[2024-08-12T10:14:07.193+0000] {logging_mixin.py:115} INFO - [2024-08-12T10:14:07.193+0000] {dag.py:2981} INFO - Setting next_dagrun for example_subdag_operator.section-1 to None, run_after=None
[2024-08-12T10:14:07.193+0000] {logging_mixin.py:115} INFO - [2024-08-12T10:14:07.193+0000] {dag.py:2981} INFO - Setting next_dagrun for example_subdag_operator.section-2 to None, run_after=None
[2024-08-12T10:14:07.202+0000] {processor.py:161} INFO - Processing /home/airflow/.local/lib/python3.7/site-packages/airflow/example_dags/example_subdag_operator.py took 0.249 seconds
