[2024-08-12T08:27:08.249+0000] {processor.py:153} INFO - Started process (PID=78) to work on /home/airflow/.local/lib/python3.7/site-packages/airflow/example_dags/example_task_group_decorator.py
[2024-08-12T08:27:08.251+0000] {processor.py:640} INFO - Processing file /home/airflow/.local/lib/python3.7/site-packages/airflow/example_dags/example_task_group_decorator.py for tasks to queue
[2024-08-12T08:27:08.251+0000] {logging_mixin.py:115} INFO - [2024-08-12T08:27:08.251+0000] {dagbag.py:508} INFO - Filling up the DagBag from /home/airflow/.local/lib/python3.7/site-packages/airflow/example_dags/example_task_group_decorator.py
[2024-08-12T08:27:08.283+0000] {processor.py:650} INFO - DAG(s) dict_keys(['example_task_group_decorator']) retrieved from /home/airflow/.local/lib/python3.7/site-packages/airflow/example_dags/example_task_group_decorator.py
[2024-08-12T08:27:08.372+0000] {logging_mixin.py:115} INFO - [2024-08-12T08:27:08.372+0000] {manager.py:508} INFO - Created Permission View: can edit on DAG:example_task_group_decorator
[2024-08-12T08:27:08.382+0000] {logging_mixin.py:115} INFO - [2024-08-12T08:27:08.382+0000] {manager.py:508} INFO - Created Permission View: can read on DAG:example_task_group_decorator
[2024-08-12T08:27:08.390+0000] {logging_mixin.py:115} INFO - [2024-08-12T08:27:08.390+0000] {manager.py:508} INFO - Created Permission View: can delete on DAG:example_task_group_decorator
[2024-08-12T08:27:08.390+0000] {logging_mixin.py:115} INFO - [2024-08-12T08:27:08.390+0000] {dag.py:2429} INFO - Sync 1 DAGs
[2024-08-12T08:27:08.400+0000] {logging_mixin.py:115} INFO - [2024-08-12T08:27:08.400+0000] {dag.py:2448} INFO - Creating ORM DAG for example_task_group_decorator
[2024-08-12T08:27:08.412+0000] {logging_mixin.py:115} INFO - [2024-08-12T08:27:08.412+0000] {dag.py:2981} INFO - Setting next_dagrun for example_task_group_decorator to 2024-08-11T08:27:08.412261+00:00, run_after=2024-08-12T08:27:08.412261+00:00
[2024-08-12T08:27:08.429+0000] {processor.py:161} INFO - Processing /home/airflow/.local/lib/python3.7/site-packages/airflow/example_dags/example_task_group_decorator.py took 0.193 seconds
[2024-08-12T08:27:38.512+0000] {processor.py:153} INFO - Started process (PID=130) to work on /home/airflow/.local/lib/python3.7/site-packages/airflow/example_dags/example_task_group_decorator.py
[2024-08-12T08:27:38.513+0000] {processor.py:640} INFO - Processing file /home/airflow/.local/lib/python3.7/site-packages/airflow/example_dags/example_task_group_decorator.py for tasks to queue
[2024-08-12T08:27:38.514+0000] {logging_mixin.py:115} INFO - [2024-08-12T08:27:38.514+0000] {dagbag.py:508} INFO - Filling up the DagBag from /home/airflow/.local/lib/python3.7/site-packages/airflow/example_dags/example_task_group_decorator.py
[2024-08-12T08:27:38.534+0000] {processor.py:650} INFO - DAG(s) dict_keys(['example_task_group_decorator']) retrieved from /home/airflow/.local/lib/python3.7/site-packages/airflow/example_dags/example_task_group_decorator.py
[2024-08-12T08:27:38.587+0000] {logging_mixin.py:115} INFO - [2024-08-12T08:27:38.587+0000] {dag.py:2429} INFO - Sync 1 DAGs
[2024-08-12T08:27:38.602+0000] {logging_mixin.py:115} INFO - [2024-08-12T08:27:38.602+0000] {dag.py:2981} INFO - Setting next_dagrun for example_task_group_decorator to 2024-08-11T08:27:38.602163+00:00, run_after=2024-08-12T08:27:38.602163+00:00
[2024-08-12T08:27:38.614+0000] {processor.py:161} INFO - Processing /home/airflow/.local/lib/python3.7/site-packages/airflow/example_dags/example_task_group_decorator.py took 0.104 seconds
[2024-08-12T08:28:09.244+0000] {processor.py:153} INFO - Started process (PID=191) to work on /home/airflow/.local/lib/python3.7/site-packages/airflow/example_dags/example_task_group_decorator.py
[2024-08-12T08:28:09.245+0000] {processor.py:640} INFO - Processing file /home/airflow/.local/lib/python3.7/site-packages/airflow/example_dags/example_task_group_decorator.py for tasks to queue
[2024-08-12T08:28:09.245+0000] {logging_mixin.py:115} INFO - [2024-08-12T08:28:09.245+0000] {dagbag.py:508} INFO - Filling up the DagBag from /home/airflow/.local/lib/python3.7/site-packages/airflow/example_dags/example_task_group_decorator.py
[2024-08-12T08:28:09.266+0000] {processor.py:650} INFO - DAG(s) dict_keys(['example_task_group_decorator']) retrieved from /home/airflow/.local/lib/python3.7/site-packages/airflow/example_dags/example_task_group_decorator.py
[2024-08-12T08:28:09.320+0000] {logging_mixin.py:115} INFO - [2024-08-12T08:28:09.320+0000] {dag.py:2429} INFO - Sync 1 DAGs
[2024-08-12T08:28:09.336+0000] {logging_mixin.py:115} INFO - [2024-08-12T08:28:09.336+0000] {dag.py:2981} INFO - Setting next_dagrun for example_task_group_decorator to 2024-08-11T08:28:09.336424+00:00, run_after=2024-08-12T08:28:09.336424+00:00
[2024-08-12T08:28:09.348+0000] {processor.py:161} INFO - Processing /home/airflow/.local/lib/python3.7/site-packages/airflow/example_dags/example_task_group_decorator.py took 0.106 seconds
[2024-08-12T09:57:12.121+0000] {processor.py:153} INFO - Started process (PID=80) to work on /home/airflow/.local/lib/python3.7/site-packages/airflow/example_dags/example_task_group_decorator.py
[2024-08-12T09:57:12.122+0000] {processor.py:640} INFO - Processing file /home/airflow/.local/lib/python3.7/site-packages/airflow/example_dags/example_task_group_decorator.py for tasks to queue
[2024-08-12T09:57:12.122+0000] {logging_mixin.py:115} INFO - [2024-08-12T09:57:12.122+0000] {dagbag.py:508} INFO - Filling up the DagBag from /home/airflow/.local/lib/python3.7/site-packages/airflow/example_dags/example_task_group_decorator.py
[2024-08-12T09:57:12.145+0000] {processor.py:650} INFO - DAG(s) dict_keys(['example_task_group_decorator']) retrieved from /home/airflow/.local/lib/python3.7/site-packages/airflow/example_dags/example_task_group_decorator.py
[2024-08-12T09:57:12.245+0000] {logging_mixin.py:115} INFO - [2024-08-12T09:57:12.245+0000] {dag.py:2429} INFO - Sync 1 DAGs
[2024-08-12T09:57:12.265+0000] {logging_mixin.py:115} INFO - [2024-08-12T09:57:12.265+0000] {dag.py:2981} INFO - Setting next_dagrun for example_task_group_decorator to 2024-08-11T09:57:12.264980+00:00, run_after=2024-08-12T09:57:12.264980+00:00
[2024-08-12T09:57:12.281+0000] {processor.py:161} INFO - Processing /home/airflow/.local/lib/python3.7/site-packages/airflow/example_dags/example_task_group_decorator.py took 0.163 seconds
[2024-08-12T09:57:42.627+0000] {processor.py:153} INFO - Started process (PID=134) to work on /home/airflow/.local/lib/python3.7/site-packages/airflow/example_dags/example_task_group_decorator.py
[2024-08-12T09:57:42.628+0000] {processor.py:640} INFO - Processing file /home/airflow/.local/lib/python3.7/site-packages/airflow/example_dags/example_task_group_decorator.py for tasks to queue
[2024-08-12T09:57:42.629+0000] {logging_mixin.py:115} INFO - [2024-08-12T09:57:42.629+0000] {dagbag.py:508} INFO - Filling up the DagBag from /home/airflow/.local/lib/python3.7/site-packages/airflow/example_dags/example_task_group_decorator.py
[2024-08-12T09:57:42.652+0000] {processor.py:650} INFO - DAG(s) dict_keys(['example_task_group_decorator']) retrieved from /home/airflow/.local/lib/python3.7/site-packages/airflow/example_dags/example_task_group_decorator.py
[2024-08-12T09:57:42.709+0000] {logging_mixin.py:115} INFO - [2024-08-12T09:57:42.709+0000] {dag.py:2429} INFO - Sync 1 DAGs
[2024-08-12T09:57:42.728+0000] {logging_mixin.py:115} INFO - [2024-08-12T09:57:42.728+0000] {dag.py:2981} INFO - Setting next_dagrun for example_task_group_decorator to 2024-08-11T09:57:42.728174+00:00, run_after=2024-08-12T09:57:42.728174+00:00
[2024-08-12T09:57:42.743+0000] {processor.py:161} INFO - Processing /home/airflow/.local/lib/python3.7/site-packages/airflow/example_dags/example_task_group_decorator.py took 0.119 seconds
[2024-08-12T09:58:13.459+0000] {processor.py:153} INFO - Started process (PID=197) to work on /home/airflow/.local/lib/python3.7/site-packages/airflow/example_dags/example_task_group_decorator.py
[2024-08-12T09:58:13.461+0000] {processor.py:640} INFO - Processing file /home/airflow/.local/lib/python3.7/site-packages/airflow/example_dags/example_task_group_decorator.py for tasks to queue
[2024-08-12T09:58:13.463+0000] {logging_mixin.py:115} INFO - [2024-08-12T09:58:13.462+0000] {dagbag.py:508} INFO - Filling up the DagBag from /home/airflow/.local/lib/python3.7/site-packages/airflow/example_dags/example_task_group_decorator.py
[2024-08-12T09:58:13.486+0000] {processor.py:650} INFO - DAG(s) dict_keys(['example_task_group_decorator']) retrieved from /home/airflow/.local/lib/python3.7/site-packages/airflow/example_dags/example_task_group_decorator.py
[2024-08-12T09:58:13.540+0000] {logging_mixin.py:115} INFO - [2024-08-12T09:58:13.540+0000] {dag.py:2429} INFO - Sync 1 DAGs
[2024-08-12T09:58:13.555+0000] {logging_mixin.py:115} INFO - [2024-08-12T09:58:13.555+0000] {dag.py:2981} INFO - Setting next_dagrun for example_task_group_decorator to 2024-08-11T09:58:13.555588+00:00, run_after=2024-08-12T09:58:13.555588+00:00
[2024-08-12T09:58:13.568+0000] {processor.py:161} INFO - Processing /home/airflow/.local/lib/python3.7/site-packages/airflow/example_dags/example_task_group_decorator.py took 0.112 seconds
[2024-08-12T09:58:44.419+0000] {processor.py:153} INFO - Started process (PID=260) to work on /home/airflow/.local/lib/python3.7/site-packages/airflow/example_dags/example_task_group_decorator.py
[2024-08-12T09:58:44.420+0000] {processor.py:640} INFO - Processing file /home/airflow/.local/lib/python3.7/site-packages/airflow/example_dags/example_task_group_decorator.py for tasks to queue
[2024-08-12T09:58:44.421+0000] {logging_mixin.py:115} INFO - [2024-08-12T09:58:44.420+0000] {dagbag.py:508} INFO - Filling up the DagBag from /home/airflow/.local/lib/python3.7/site-packages/airflow/example_dags/example_task_group_decorator.py
[2024-08-12T09:58:44.442+0000] {processor.py:650} INFO - DAG(s) dict_keys(['example_task_group_decorator']) retrieved from /home/airflow/.local/lib/python3.7/site-packages/airflow/example_dags/example_task_group_decorator.py
[2024-08-12T09:58:44.498+0000] {logging_mixin.py:115} INFO - [2024-08-12T09:58:44.498+0000] {dag.py:2429} INFO - Sync 1 DAGs
[2024-08-12T09:58:44.513+0000] {logging_mixin.py:115} INFO - [2024-08-12T09:58:44.513+0000] {dag.py:2981} INFO - Setting next_dagrun for example_task_group_decorator to 2024-08-11T09:58:44.513429+00:00, run_after=2024-08-12T09:58:44.513429+00:00
[2024-08-12T09:58:44.525+0000] {processor.py:161} INFO - Processing /home/airflow/.local/lib/python3.7/site-packages/airflow/example_dags/example_task_group_decorator.py took 0.109 seconds
[2024-08-12T09:59:15.444+0000] {processor.py:153} INFO - Started process (PID=323) to work on /home/airflow/.local/lib/python3.7/site-packages/airflow/example_dags/example_task_group_decorator.py
[2024-08-12T09:59:15.445+0000] {processor.py:640} INFO - Processing file /home/airflow/.local/lib/python3.7/site-packages/airflow/example_dags/example_task_group_decorator.py for tasks to queue
[2024-08-12T09:59:15.445+0000] {logging_mixin.py:115} INFO - [2024-08-12T09:59:15.445+0000] {dagbag.py:508} INFO - Filling up the DagBag from /home/airflow/.local/lib/python3.7/site-packages/airflow/example_dags/example_task_group_decorator.py
[2024-08-12T09:59:15.467+0000] {processor.py:650} INFO - DAG(s) dict_keys(['example_task_group_decorator']) retrieved from /home/airflow/.local/lib/python3.7/site-packages/airflow/example_dags/example_task_group_decorator.py
[2024-08-12T09:59:15.526+0000] {logging_mixin.py:115} INFO - [2024-08-12T09:59:15.526+0000] {dag.py:2429} INFO - Sync 1 DAGs
[2024-08-12T09:59:15.542+0000] {logging_mixin.py:115} INFO - [2024-08-12T09:59:15.542+0000] {dag.py:2981} INFO - Setting next_dagrun for example_task_group_decorator to 2024-08-11T09:59:15.542252+00:00, run_after=2024-08-12T09:59:15.542252+00:00
[2024-08-12T09:59:15.555+0000] {processor.py:161} INFO - Processing /home/airflow/.local/lib/python3.7/site-packages/airflow/example_dags/example_task_group_decorator.py took 0.114 seconds
[2024-08-12T09:59:45.607+0000] {processor.py:153} INFO - Started process (PID=377) to work on /home/airflow/.local/lib/python3.7/site-packages/airflow/example_dags/example_task_group_decorator.py
[2024-08-12T09:59:45.608+0000] {processor.py:640} INFO - Processing file /home/airflow/.local/lib/python3.7/site-packages/airflow/example_dags/example_task_group_decorator.py for tasks to queue
[2024-08-12T09:59:45.609+0000] {logging_mixin.py:115} INFO - [2024-08-12T09:59:45.609+0000] {dagbag.py:508} INFO - Filling up the DagBag from /home/airflow/.local/lib/python3.7/site-packages/airflow/example_dags/example_task_group_decorator.py
[2024-08-12T09:59:45.631+0000] {processor.py:650} INFO - DAG(s) dict_keys(['example_task_group_decorator']) retrieved from /home/airflow/.local/lib/python3.7/site-packages/airflow/example_dags/example_task_group_decorator.py
[2024-08-12T09:59:45.688+0000] {logging_mixin.py:115} INFO - [2024-08-12T09:59:45.688+0000] {dag.py:2429} INFO - Sync 1 DAGs
[2024-08-12T09:59:45.704+0000] {logging_mixin.py:115} INFO - [2024-08-12T09:59:45.704+0000] {dag.py:2981} INFO - Setting next_dagrun for example_task_group_decorator to 2024-08-11T09:59:45.703973+00:00, run_after=2024-08-12T09:59:45.703973+00:00
[2024-08-12T09:59:45.716+0000] {processor.py:161} INFO - Processing /home/airflow/.local/lib/python3.7/site-packages/airflow/example_dags/example_task_group_decorator.py took 0.112 seconds
[2024-08-12T10:00:16.376+0000] {processor.py:153} INFO - Started process (PID=440) to work on /home/airflow/.local/lib/python3.7/site-packages/airflow/example_dags/example_task_group_decorator.py
[2024-08-12T10:00:16.376+0000] {processor.py:640} INFO - Processing file /home/airflow/.local/lib/python3.7/site-packages/airflow/example_dags/example_task_group_decorator.py for tasks to queue
[2024-08-12T10:00:16.377+0000] {logging_mixin.py:115} INFO - [2024-08-12T10:00:16.377+0000] {dagbag.py:508} INFO - Filling up the DagBag from /home/airflow/.local/lib/python3.7/site-packages/airflow/example_dags/example_task_group_decorator.py
[2024-08-12T10:00:16.397+0000] {processor.py:650} INFO - DAG(s) dict_keys(['example_task_group_decorator']) retrieved from /home/airflow/.local/lib/python3.7/site-packages/airflow/example_dags/example_task_group_decorator.py
[2024-08-12T10:00:16.451+0000] {logging_mixin.py:115} INFO - [2024-08-12T10:00:16.451+0000] {dag.py:2429} INFO - Sync 1 DAGs
[2024-08-12T10:00:16.466+0000] {logging_mixin.py:115} INFO - [2024-08-12T10:00:16.466+0000] {dag.py:2981} INFO - Setting next_dagrun for example_task_group_decorator to 2024-08-11T10:00:16.466628+00:00, run_after=2024-08-12T10:00:16.466628+00:00
[2024-08-12T10:00:16.479+0000] {processor.py:161} INFO - Processing /home/airflow/.local/lib/python3.7/site-packages/airflow/example_dags/example_task_group_decorator.py took 0.105 seconds
[2024-08-12T10:00:47.191+0000] {processor.py:153} INFO - Started process (PID=503) to work on /home/airflow/.local/lib/python3.7/site-packages/airflow/example_dags/example_task_group_decorator.py
[2024-08-12T10:00:47.192+0000] {processor.py:640} INFO - Processing file /home/airflow/.local/lib/python3.7/site-packages/airflow/example_dags/example_task_group_decorator.py for tasks to queue
[2024-08-12T10:00:47.193+0000] {logging_mixin.py:115} INFO - [2024-08-12T10:00:47.193+0000] {dagbag.py:508} INFO - Filling up the DagBag from /home/airflow/.local/lib/python3.7/site-packages/airflow/example_dags/example_task_group_decorator.py
[2024-08-12T10:00:47.214+0000] {processor.py:650} INFO - DAG(s) dict_keys(['example_task_group_decorator']) retrieved from /home/airflow/.local/lib/python3.7/site-packages/airflow/example_dags/example_task_group_decorator.py
[2024-08-12T10:00:47.269+0000] {logging_mixin.py:115} INFO - [2024-08-12T10:00:47.269+0000] {dag.py:2429} INFO - Sync 1 DAGs
[2024-08-12T10:00:47.285+0000] {logging_mixin.py:115} INFO - [2024-08-12T10:00:47.285+0000] {dag.py:2981} INFO - Setting next_dagrun for example_task_group_decorator to 2024-08-11T10:00:47.284964+00:00, run_after=2024-08-12T10:00:47.284964+00:00
[2024-08-12T10:00:47.297+0000] {processor.py:161} INFO - Processing /home/airflow/.local/lib/python3.7/site-packages/airflow/example_dags/example_task_group_decorator.py took 0.108 seconds
[2024-08-12T10:01:18.056+0000] {processor.py:153} INFO - Started process (PID=566) to work on /home/airflow/.local/lib/python3.7/site-packages/airflow/example_dags/example_task_group_decorator.py
[2024-08-12T10:01:18.057+0000] {processor.py:640} INFO - Processing file /home/airflow/.local/lib/python3.7/site-packages/airflow/example_dags/example_task_group_decorator.py for tasks to queue
[2024-08-12T10:01:18.058+0000] {logging_mixin.py:115} INFO - [2024-08-12T10:01:18.058+0000] {dagbag.py:508} INFO - Filling up the DagBag from /home/airflow/.local/lib/python3.7/site-packages/airflow/example_dags/example_task_group_decorator.py
[2024-08-12T10:01:18.078+0000] {processor.py:650} INFO - DAG(s) dict_keys(['example_task_group_decorator']) retrieved from /home/airflow/.local/lib/python3.7/site-packages/airflow/example_dags/example_task_group_decorator.py
[2024-08-12T10:01:18.137+0000] {logging_mixin.py:115} INFO - [2024-08-12T10:01:18.137+0000] {dag.py:2429} INFO - Sync 1 DAGs
[2024-08-12T10:01:18.155+0000] {logging_mixin.py:115} INFO - [2024-08-12T10:01:18.155+0000] {dag.py:2981} INFO - Setting next_dagrun for example_task_group_decorator to 2024-08-11T10:01:18.155607+00:00, run_after=2024-08-12T10:01:18.155607+00:00
[2024-08-12T10:01:18.170+0000] {processor.py:161} INFO - Processing /home/airflow/.local/lib/python3.7/site-packages/airflow/example_dags/example_task_group_decorator.py took 0.117 seconds
[2024-08-12T10:01:48.810+0000] {processor.py:153} INFO - Started process (PID=620) to work on /home/airflow/.local/lib/python3.7/site-packages/airflow/example_dags/example_task_group_decorator.py
[2024-08-12T10:01:48.812+0000] {processor.py:640} INFO - Processing file /home/airflow/.local/lib/python3.7/site-packages/airflow/example_dags/example_task_group_decorator.py for tasks to queue
[2024-08-12T10:01:48.812+0000] {logging_mixin.py:115} INFO - [2024-08-12T10:01:48.812+0000] {dagbag.py:508} INFO - Filling up the DagBag from /home/airflow/.local/lib/python3.7/site-packages/airflow/example_dags/example_task_group_decorator.py
[2024-08-12T10:01:48.832+0000] {processor.py:650} INFO - DAG(s) dict_keys(['example_task_group_decorator']) retrieved from /home/airflow/.local/lib/python3.7/site-packages/airflow/example_dags/example_task_group_decorator.py
[2024-08-12T10:01:48.856+0000] {logging_mixin.py:115} INFO - [2024-08-12T10:01:48.856+0000] {dag.py:2429} INFO - Sync 1 DAGs
[2024-08-12T10:01:48.879+0000] {logging_mixin.py:115} INFO - [2024-08-12T10:01:48.879+0000] {dag.py:2981} INFO - Setting next_dagrun for example_task_group_decorator to 2024-08-11T10:01:48.879082+00:00, run_after=2024-08-12T10:01:48.879082+00:00
[2024-08-12T10:01:48.889+0000] {processor.py:161} INFO - Processing /home/airflow/.local/lib/python3.7/site-packages/airflow/example_dags/example_task_group_decorator.py took 0.082 seconds
[2024-08-12T10:02:19.621+0000] {processor.py:153} INFO - Started process (PID=683) to work on /home/airflow/.local/lib/python3.7/site-packages/airflow/example_dags/example_task_group_decorator.py
[2024-08-12T10:02:19.622+0000] {processor.py:640} INFO - Processing file /home/airflow/.local/lib/python3.7/site-packages/airflow/example_dags/example_task_group_decorator.py for tasks to queue
[2024-08-12T10:02:19.622+0000] {logging_mixin.py:115} INFO - [2024-08-12T10:02:19.622+0000] {dagbag.py:508} INFO - Filling up the DagBag from /home/airflow/.local/lib/python3.7/site-packages/airflow/example_dags/example_task_group_decorator.py
[2024-08-12T10:02:19.643+0000] {processor.py:650} INFO - DAG(s) dict_keys(['example_task_group_decorator']) retrieved from /home/airflow/.local/lib/python3.7/site-packages/airflow/example_dags/example_task_group_decorator.py
[2024-08-12T10:02:19.699+0000] {logging_mixin.py:115} INFO - [2024-08-12T10:02:19.698+0000] {dag.py:2429} INFO - Sync 1 DAGs
[2024-08-12T10:02:19.716+0000] {logging_mixin.py:115} INFO - [2024-08-12T10:02:19.716+0000] {dag.py:2981} INFO - Setting next_dagrun for example_task_group_decorator to 2024-08-11T10:02:19.716115+00:00, run_after=2024-08-12T10:02:19.716115+00:00
[2024-08-12T10:02:19.728+0000] {processor.py:161} INFO - Processing /home/airflow/.local/lib/python3.7/site-packages/airflow/example_dags/example_task_group_decorator.py took 0.109 seconds
[2024-08-12T10:02:50.430+0000] {processor.py:153} INFO - Started process (PID=746) to work on /home/airflow/.local/lib/python3.7/site-packages/airflow/example_dags/example_task_group_decorator.py
[2024-08-12T10:02:50.431+0000] {processor.py:640} INFO - Processing file /home/airflow/.local/lib/python3.7/site-packages/airflow/example_dags/example_task_group_decorator.py for tasks to queue
[2024-08-12T10:02:50.431+0000] {logging_mixin.py:115} INFO - [2024-08-12T10:02:50.431+0000] {dagbag.py:508} INFO - Filling up the DagBag from /home/airflow/.local/lib/python3.7/site-packages/airflow/example_dags/example_task_group_decorator.py
[2024-08-12T10:02:50.452+0000] {processor.py:650} INFO - DAG(s) dict_keys(['example_task_group_decorator']) retrieved from /home/airflow/.local/lib/python3.7/site-packages/airflow/example_dags/example_task_group_decorator.py
[2024-08-12T10:02:50.512+0000] {logging_mixin.py:115} INFO - [2024-08-12T10:02:50.512+0000] {dag.py:2429} INFO - Sync 1 DAGs
[2024-08-12T10:02:50.530+0000] {logging_mixin.py:115} INFO - [2024-08-12T10:02:50.530+0000] {dag.py:2981} INFO - Setting next_dagrun for example_task_group_decorator to 2024-08-11T10:02:50.530629+00:00, run_after=2024-08-12T10:02:50.530629+00:00
[2024-08-12T10:02:50.543+0000] {processor.py:161} INFO - Processing /home/airflow/.local/lib/python3.7/site-packages/airflow/example_dags/example_task_group_decorator.py took 0.115 seconds
[2024-08-12T10:03:21.287+0000] {processor.py:153} INFO - Started process (PID=809) to work on /home/airflow/.local/lib/python3.7/site-packages/airflow/example_dags/example_task_group_decorator.py
[2024-08-12T10:03:21.288+0000] {processor.py:640} INFO - Processing file /home/airflow/.local/lib/python3.7/site-packages/airflow/example_dags/example_task_group_decorator.py for tasks to queue
[2024-08-12T10:03:21.289+0000] {logging_mixin.py:115} INFO - [2024-08-12T10:03:21.288+0000] {dagbag.py:508} INFO - Filling up the DagBag from /home/airflow/.local/lib/python3.7/site-packages/airflow/example_dags/example_task_group_decorator.py
[2024-08-12T10:03:21.310+0000] {processor.py:650} INFO - DAG(s) dict_keys(['example_task_group_decorator']) retrieved from /home/airflow/.local/lib/python3.7/site-packages/airflow/example_dags/example_task_group_decorator.py
[2024-08-12T10:03:21.372+0000] {logging_mixin.py:115} INFO - [2024-08-12T10:03:21.372+0000] {dag.py:2429} INFO - Sync 1 DAGs
[2024-08-12T10:03:21.392+0000] {logging_mixin.py:115} INFO - [2024-08-12T10:03:21.392+0000] {dag.py:2981} INFO - Setting next_dagrun for example_task_group_decorator to 2024-08-11T10:03:21.392102+00:00, run_after=2024-08-12T10:03:21.392102+00:00
[2024-08-12T10:03:21.406+0000] {processor.py:161} INFO - Processing /home/airflow/.local/lib/python3.7/site-packages/airflow/example_dags/example_task_group_decorator.py took 0.122 seconds
[2024-08-12T10:03:52.254+0000] {processor.py:153} INFO - Started process (PID=863) to work on /home/airflow/.local/lib/python3.7/site-packages/airflow/example_dags/example_task_group_decorator.py
[2024-08-12T10:03:52.255+0000] {processor.py:640} INFO - Processing file /home/airflow/.local/lib/python3.7/site-packages/airflow/example_dags/example_task_group_decorator.py for tasks to queue
[2024-08-12T10:03:52.256+0000] {logging_mixin.py:115} INFO - [2024-08-12T10:03:52.256+0000] {dagbag.py:508} INFO - Filling up the DagBag from /home/airflow/.local/lib/python3.7/site-packages/airflow/example_dags/example_task_group_decorator.py
[2024-08-12T10:03:52.276+0000] {processor.py:650} INFO - DAG(s) dict_keys(['example_task_group_decorator']) retrieved from /home/airflow/.local/lib/python3.7/site-packages/airflow/example_dags/example_task_group_decorator.py
[2024-08-12T10:03:52.331+0000] {logging_mixin.py:115} INFO - [2024-08-12T10:03:52.331+0000] {dag.py:2429} INFO - Sync 1 DAGs
[2024-08-12T10:03:52.346+0000] {logging_mixin.py:115} INFO - [2024-08-12T10:03:52.346+0000] {dag.py:2981} INFO - Setting next_dagrun for example_task_group_decorator to 2024-08-11T10:03:52.346030+00:00, run_after=2024-08-12T10:03:52.346030+00:00
[2024-08-12T10:03:52.358+0000] {processor.py:161} INFO - Processing /home/airflow/.local/lib/python3.7/site-packages/airflow/example_dags/example_task_group_decorator.py took 0.107 seconds
[2024-08-12T10:04:23.013+0000] {processor.py:153} INFO - Started process (PID=926) to work on /home/airflow/.local/lib/python3.7/site-packages/airflow/example_dags/example_task_group_decorator.py
[2024-08-12T10:04:23.014+0000] {processor.py:640} INFO - Processing file /home/airflow/.local/lib/python3.7/site-packages/airflow/example_dags/example_task_group_decorator.py for tasks to queue
[2024-08-12T10:04:23.015+0000] {logging_mixin.py:115} INFO - [2024-08-12T10:04:23.014+0000] {dagbag.py:508} INFO - Filling up the DagBag from /home/airflow/.local/lib/python3.7/site-packages/airflow/example_dags/example_task_group_decorator.py
[2024-08-12T10:04:23.036+0000] {processor.py:650} INFO - DAG(s) dict_keys(['example_task_group_decorator']) retrieved from /home/airflow/.local/lib/python3.7/site-packages/airflow/example_dags/example_task_group_decorator.py
[2024-08-12T10:04:23.093+0000] {logging_mixin.py:115} INFO - [2024-08-12T10:04:23.093+0000] {dag.py:2429} INFO - Sync 1 DAGs
[2024-08-12T10:04:23.111+0000] {logging_mixin.py:115} INFO - [2024-08-12T10:04:23.110+0000] {dag.py:2981} INFO - Setting next_dagrun for example_task_group_decorator to 2024-08-11T10:04:23.110707+00:00, run_after=2024-08-12T10:04:23.110707+00:00
[2024-08-12T10:04:23.124+0000] {processor.py:161} INFO - Processing /home/airflow/.local/lib/python3.7/site-packages/airflow/example_dags/example_task_group_decorator.py took 0.113 seconds
[2024-08-12T10:04:53.871+0000] {processor.py:153} INFO - Started process (PID=989) to work on /home/airflow/.local/lib/python3.7/site-packages/airflow/example_dags/example_task_group_decorator.py
[2024-08-12T10:04:53.872+0000] {processor.py:640} INFO - Processing file /home/airflow/.local/lib/python3.7/site-packages/airflow/example_dags/example_task_group_decorator.py for tasks to queue
[2024-08-12T10:04:53.872+0000] {logging_mixin.py:115} INFO - [2024-08-12T10:04:53.872+0000] {dagbag.py:508} INFO - Filling up the DagBag from /home/airflow/.local/lib/python3.7/site-packages/airflow/example_dags/example_task_group_decorator.py
[2024-08-12T10:04:53.892+0000] {processor.py:650} INFO - DAG(s) dict_keys(['example_task_group_decorator']) retrieved from /home/airflow/.local/lib/python3.7/site-packages/airflow/example_dags/example_task_group_decorator.py
[2024-08-12T10:04:53.946+0000] {logging_mixin.py:115} INFO - [2024-08-12T10:04:53.945+0000] {dag.py:2429} INFO - Sync 1 DAGs
[2024-08-12T10:04:53.960+0000] {logging_mixin.py:115} INFO - [2024-08-12T10:04:53.960+0000] {dag.py:2981} INFO - Setting next_dagrun for example_task_group_decorator to 2024-08-11T10:04:53.960564+00:00, run_after=2024-08-12T10:04:53.960564+00:00
[2024-08-12T10:04:53.972+0000] {processor.py:161} INFO - Processing /home/airflow/.local/lib/python3.7/site-packages/airflow/example_dags/example_task_group_decorator.py took 0.103 seconds
[2024-08-12T10:05:24.773+0000] {processor.py:153} INFO - Started process (PID=1052) to work on /home/airflow/.local/lib/python3.7/site-packages/airflow/example_dags/example_task_group_decorator.py
[2024-08-12T10:05:24.774+0000] {processor.py:640} INFO - Processing file /home/airflow/.local/lib/python3.7/site-packages/airflow/example_dags/example_task_group_decorator.py for tasks to queue
[2024-08-12T10:05:24.775+0000] {logging_mixin.py:115} INFO - [2024-08-12T10:05:24.775+0000] {dagbag.py:508} INFO - Filling up the DagBag from /home/airflow/.local/lib/python3.7/site-packages/airflow/example_dags/example_task_group_decorator.py
[2024-08-12T10:05:24.799+0000] {processor.py:650} INFO - DAG(s) dict_keys(['example_task_group_decorator']) retrieved from /home/airflow/.local/lib/python3.7/site-packages/airflow/example_dags/example_task_group_decorator.py
[2024-08-12T10:05:24.860+0000] {logging_mixin.py:115} INFO - [2024-08-12T10:05:24.860+0000] {dag.py:2429} INFO - Sync 1 DAGs
[2024-08-12T10:05:24.880+0000] {logging_mixin.py:115} INFO - [2024-08-12T10:05:24.880+0000] {dag.py:2981} INFO - Setting next_dagrun for example_task_group_decorator to 2024-08-11T10:05:24.880408+00:00, run_after=2024-08-12T10:05:24.880408+00:00
[2024-08-12T10:05:24.896+0000] {processor.py:161} INFO - Processing /home/airflow/.local/lib/python3.7/site-packages/airflow/example_dags/example_task_group_decorator.py took 0.126 seconds
[2024-08-12T10:05:55.563+0000] {processor.py:153} INFO - Started process (PID=1106) to work on /home/airflow/.local/lib/python3.7/site-packages/airflow/example_dags/example_task_group_decorator.py
[2024-08-12T10:05:55.564+0000] {processor.py:640} INFO - Processing file /home/airflow/.local/lib/python3.7/site-packages/airflow/example_dags/example_task_group_decorator.py for tasks to queue
[2024-08-12T10:05:55.565+0000] {logging_mixin.py:115} INFO - [2024-08-12T10:05:55.565+0000] {dagbag.py:508} INFO - Filling up the DagBag from /home/airflow/.local/lib/python3.7/site-packages/airflow/example_dags/example_task_group_decorator.py
[2024-08-12T10:05:55.587+0000] {processor.py:650} INFO - DAG(s) dict_keys(['example_task_group_decorator']) retrieved from /home/airflow/.local/lib/python3.7/site-packages/airflow/example_dags/example_task_group_decorator.py
[2024-08-12T10:05:55.643+0000] {logging_mixin.py:115} INFO - [2024-08-12T10:05:55.643+0000] {dag.py:2429} INFO - Sync 1 DAGs
[2024-08-12T10:05:55.660+0000] {logging_mixin.py:115} INFO - [2024-08-12T10:05:55.660+0000] {dag.py:2981} INFO - Setting next_dagrun for example_task_group_decorator to 2024-08-11T10:05:55.659951+00:00, run_after=2024-08-12T10:05:55.659951+00:00
[2024-08-12T10:05:55.672+0000] {processor.py:161} INFO - Processing /home/airflow/.local/lib/python3.7/site-packages/airflow/example_dags/example_task_group_decorator.py took 0.112 seconds
[2024-08-12T10:06:26.322+0000] {processor.py:153} INFO - Started process (PID=1169) to work on /home/airflow/.local/lib/python3.7/site-packages/airflow/example_dags/example_task_group_decorator.py
[2024-08-12T10:06:26.323+0000] {processor.py:640} INFO - Processing file /home/airflow/.local/lib/python3.7/site-packages/airflow/example_dags/example_task_group_decorator.py for tasks to queue
[2024-08-12T10:06:26.324+0000] {logging_mixin.py:115} INFO - [2024-08-12T10:06:26.324+0000] {dagbag.py:508} INFO - Filling up the DagBag from /home/airflow/.local/lib/python3.7/site-packages/airflow/example_dags/example_task_group_decorator.py
[2024-08-12T10:06:26.345+0000] {processor.py:650} INFO - DAG(s) dict_keys(['example_task_group_decorator']) retrieved from /home/airflow/.local/lib/python3.7/site-packages/airflow/example_dags/example_task_group_decorator.py
[2024-08-12T10:06:26.367+0000] {logging_mixin.py:115} INFO - [2024-08-12T10:06:26.367+0000] {dag.py:2429} INFO - Sync 1 DAGs
[2024-08-12T10:06:26.385+0000] {logging_mixin.py:115} INFO - [2024-08-12T10:06:26.385+0000] {dag.py:2981} INFO - Setting next_dagrun for example_task_group_decorator to 2024-08-11T10:06:26.385547+00:00, run_after=2024-08-12T10:06:26.385547+00:00
[2024-08-12T10:06:26.396+0000] {processor.py:161} INFO - Processing /home/airflow/.local/lib/python3.7/site-packages/airflow/example_dags/example_task_group_decorator.py took 0.076 seconds
[2024-08-12T10:06:57.345+0000] {processor.py:153} INFO - Started process (PID=1232) to work on /home/airflow/.local/lib/python3.7/site-packages/airflow/example_dags/example_task_group_decorator.py
[2024-08-12T10:06:57.346+0000] {processor.py:640} INFO - Processing file /home/airflow/.local/lib/python3.7/site-packages/airflow/example_dags/example_task_group_decorator.py for tasks to queue
[2024-08-12T10:06:57.347+0000] {logging_mixin.py:115} INFO - [2024-08-12T10:06:57.346+0000] {dagbag.py:508} INFO - Filling up the DagBag from /home/airflow/.local/lib/python3.7/site-packages/airflow/example_dags/example_task_group_decorator.py
[2024-08-12T10:06:57.370+0000] {processor.py:650} INFO - DAG(s) dict_keys(['example_task_group_decorator']) retrieved from /home/airflow/.local/lib/python3.7/site-packages/airflow/example_dags/example_task_group_decorator.py
[2024-08-12T10:06:57.428+0000] {logging_mixin.py:115} INFO - [2024-08-12T10:06:57.428+0000] {dag.py:2429} INFO - Sync 1 DAGs
[2024-08-12T10:06:57.445+0000] {logging_mixin.py:115} INFO - [2024-08-12T10:06:57.445+0000] {dag.py:2981} INFO - Setting next_dagrun for example_task_group_decorator to 2024-08-11T10:06:57.445543+00:00, run_after=2024-08-12T10:06:57.445543+00:00
[2024-08-12T10:06:57.458+0000] {processor.py:161} INFO - Processing /home/airflow/.local/lib/python3.7/site-packages/airflow/example_dags/example_task_group_decorator.py took 0.116 seconds
[2024-08-12T10:07:27.643+0000] {processor.py:153} INFO - Started process (PID=1293) to work on /home/airflow/.local/lib/python3.7/site-packages/airflow/example_dags/example_task_group_decorator.py
[2024-08-12T10:07:27.644+0000] {processor.py:640} INFO - Processing file /home/airflow/.local/lib/python3.7/site-packages/airflow/example_dags/example_task_group_decorator.py for tasks to queue
[2024-08-12T10:07:27.645+0000] {logging_mixin.py:115} INFO - [2024-08-12T10:07:27.645+0000] {dagbag.py:508} INFO - Filling up the DagBag from /home/airflow/.local/lib/python3.7/site-packages/airflow/example_dags/example_task_group_decorator.py
[2024-08-12T10:07:27.668+0000] {processor.py:650} INFO - DAG(s) dict_keys(['example_task_group_decorator']) retrieved from /home/airflow/.local/lib/python3.7/site-packages/airflow/example_dags/example_task_group_decorator.py
[2024-08-12T10:07:27.731+0000] {logging_mixin.py:115} INFO - [2024-08-12T10:07:27.730+0000] {dag.py:2429} INFO - Sync 1 DAGs
[2024-08-12T10:07:27.748+0000] {logging_mixin.py:115} INFO - [2024-08-12T10:07:27.747+0000] {dag.py:2981} INFO - Setting next_dagrun for example_task_group_decorator to 2024-08-11T10:07:27.747697+00:00, run_after=2024-08-12T10:07:27.747697+00:00
[2024-08-12T10:07:27.762+0000] {processor.py:161} INFO - Processing /home/airflow/.local/lib/python3.7/site-packages/airflow/example_dags/example_task_group_decorator.py took 0.122 seconds
[2024-08-12T10:07:58.565+0000] {processor.py:153} INFO - Started process (PID=1349) to work on /home/airflow/.local/lib/python3.7/site-packages/airflow/example_dags/example_task_group_decorator.py
[2024-08-12T10:07:58.566+0000] {processor.py:640} INFO - Processing file /home/airflow/.local/lib/python3.7/site-packages/airflow/example_dags/example_task_group_decorator.py for tasks to queue
[2024-08-12T10:07:58.566+0000] {logging_mixin.py:115} INFO - [2024-08-12T10:07:58.566+0000] {dagbag.py:508} INFO - Filling up the DagBag from /home/airflow/.local/lib/python3.7/site-packages/airflow/example_dags/example_task_group_decorator.py
[2024-08-12T10:07:58.587+0000] {processor.py:650} INFO - DAG(s) dict_keys(['example_task_group_decorator']) retrieved from /home/airflow/.local/lib/python3.7/site-packages/airflow/example_dags/example_task_group_decorator.py
[2024-08-12T10:07:58.643+0000] {logging_mixin.py:115} INFO - [2024-08-12T10:07:58.642+0000] {dag.py:2429} INFO - Sync 1 DAGs
[2024-08-12T10:07:58.659+0000] {logging_mixin.py:115} INFO - [2024-08-12T10:07:58.659+0000] {dag.py:2981} INFO - Setting next_dagrun for example_task_group_decorator to 2024-08-11T10:07:58.659168+00:00, run_after=2024-08-12T10:07:58.659168+00:00
[2024-08-12T10:07:58.671+0000] {processor.py:161} INFO - Processing /home/airflow/.local/lib/python3.7/site-packages/airflow/example_dags/example_task_group_decorator.py took 0.108 seconds
[2024-08-12T10:08:29.298+0000] {processor.py:153} INFO - Started process (PID=1412) to work on /home/airflow/.local/lib/python3.7/site-packages/airflow/example_dags/example_task_group_decorator.py
[2024-08-12T10:08:29.298+0000] {processor.py:640} INFO - Processing file /home/airflow/.local/lib/python3.7/site-packages/airflow/example_dags/example_task_group_decorator.py for tasks to queue
[2024-08-12T10:08:29.299+0000] {logging_mixin.py:115} INFO - [2024-08-12T10:08:29.298+0000] {dagbag.py:508} INFO - Filling up the DagBag from /home/airflow/.local/lib/python3.7/site-packages/airflow/example_dags/example_task_group_decorator.py
[2024-08-12T10:08:29.320+0000] {processor.py:650} INFO - DAG(s) dict_keys(['example_task_group_decorator']) retrieved from /home/airflow/.local/lib/python3.7/site-packages/airflow/example_dags/example_task_group_decorator.py
[2024-08-12T10:08:29.374+0000] {logging_mixin.py:115} INFO - [2024-08-12T10:08:29.373+0000] {dag.py:2429} INFO - Sync 1 DAGs
[2024-08-12T10:08:29.390+0000] {logging_mixin.py:115} INFO - [2024-08-12T10:08:29.390+0000] {dag.py:2981} INFO - Setting next_dagrun for example_task_group_decorator to 2024-08-11T10:08:29.390299+00:00, run_after=2024-08-12T10:08:29.390299+00:00
[2024-08-12T10:08:29.403+0000] {processor.py:161} INFO - Processing /home/airflow/.local/lib/python3.7/site-packages/airflow/example_dags/example_task_group_decorator.py took 0.108 seconds
[2024-08-12T10:09:00.097+0000] {processor.py:153} INFO - Started process (PID=1475) to work on /home/airflow/.local/lib/python3.7/site-packages/airflow/example_dags/example_task_group_decorator.py
[2024-08-12T10:09:00.098+0000] {processor.py:640} INFO - Processing file /home/airflow/.local/lib/python3.7/site-packages/airflow/example_dags/example_task_group_decorator.py for tasks to queue
[2024-08-12T10:09:00.098+0000] {logging_mixin.py:115} INFO - [2024-08-12T10:09:00.098+0000] {dagbag.py:508} INFO - Filling up the DagBag from /home/airflow/.local/lib/python3.7/site-packages/airflow/example_dags/example_task_group_decorator.py
[2024-08-12T10:09:00.119+0000] {processor.py:650} INFO - DAG(s) dict_keys(['example_task_group_decorator']) retrieved from /home/airflow/.local/lib/python3.7/site-packages/airflow/example_dags/example_task_group_decorator.py
[2024-08-12T10:09:00.143+0000] {logging_mixin.py:115} INFO - [2024-08-12T10:09:00.143+0000] {dag.py:2429} INFO - Sync 1 DAGs
[2024-08-12T10:09:00.163+0000] {logging_mixin.py:115} INFO - [2024-08-12T10:09:00.162+0000] {dag.py:2981} INFO - Setting next_dagrun for example_task_group_decorator to 2024-08-11T10:09:00.162591+00:00, run_after=2024-08-12T10:09:00.162591+00:00
[2024-08-12T10:09:00.174+0000] {processor.py:161} INFO - Processing /home/airflow/.local/lib/python3.7/site-packages/airflow/example_dags/example_task_group_decorator.py took 0.079 seconds
[2024-08-12T10:09:30.759+0000] {processor.py:153} INFO - Started process (PID=1529) to work on /home/airflow/.local/lib/python3.7/site-packages/airflow/example_dags/example_task_group_decorator.py
[2024-08-12T10:09:30.760+0000] {processor.py:640} INFO - Processing file /home/airflow/.local/lib/python3.7/site-packages/airflow/example_dags/example_task_group_decorator.py for tasks to queue
[2024-08-12T10:09:30.761+0000] {logging_mixin.py:115} INFO - [2024-08-12T10:09:30.760+0000] {dagbag.py:508} INFO - Filling up the DagBag from /home/airflow/.local/lib/python3.7/site-packages/airflow/example_dags/example_task_group_decorator.py
[2024-08-12T10:09:30.782+0000] {processor.py:650} INFO - DAG(s) dict_keys(['example_task_group_decorator']) retrieved from /home/airflow/.local/lib/python3.7/site-packages/airflow/example_dags/example_task_group_decorator.py
[2024-08-12T10:09:30.804+0000] {logging_mixin.py:115} INFO - [2024-08-12T10:09:30.804+0000] {dag.py:2429} INFO - Sync 1 DAGs
[2024-08-12T10:09:30.823+0000] {logging_mixin.py:115} INFO - [2024-08-12T10:09:30.823+0000] {dag.py:2981} INFO - Setting next_dagrun for example_task_group_decorator to 2024-08-11T10:09:30.823578+00:00, run_after=2024-08-12T10:09:30.823578+00:00
[2024-08-12T10:09:30.833+0000] {processor.py:161} INFO - Processing /home/airflow/.local/lib/python3.7/site-packages/airflow/example_dags/example_task_group_decorator.py took 0.077 seconds
[2024-08-12T10:10:01.559+0000] {processor.py:153} INFO - Started process (PID=1592) to work on /home/airflow/.local/lib/python3.7/site-packages/airflow/example_dags/example_task_group_decorator.py
[2024-08-12T10:10:01.559+0000] {processor.py:640} INFO - Processing file /home/airflow/.local/lib/python3.7/site-packages/airflow/example_dags/example_task_group_decorator.py for tasks to queue
[2024-08-12T10:10:01.560+0000] {logging_mixin.py:115} INFO - [2024-08-12T10:10:01.560+0000] {dagbag.py:508} INFO - Filling up the DagBag from /home/airflow/.local/lib/python3.7/site-packages/airflow/example_dags/example_task_group_decorator.py
[2024-08-12T10:10:01.581+0000] {processor.py:650} INFO - DAG(s) dict_keys(['example_task_group_decorator']) retrieved from /home/airflow/.local/lib/python3.7/site-packages/airflow/example_dags/example_task_group_decorator.py
[2024-08-12T10:10:01.638+0000] {logging_mixin.py:115} INFO - [2024-08-12T10:10:01.638+0000] {dag.py:2429} INFO - Sync 1 DAGs
[2024-08-12T10:10:01.656+0000] {logging_mixin.py:115} INFO - [2024-08-12T10:10:01.656+0000] {dag.py:2981} INFO - Setting next_dagrun for example_task_group_decorator to 2024-08-11T10:10:01.656263+00:00, run_after=2024-08-12T10:10:01.656263+00:00
[2024-08-12T10:10:01.669+0000] {processor.py:161} INFO - Processing /home/airflow/.local/lib/python3.7/site-packages/airflow/example_dags/example_task_group_decorator.py took 0.113 seconds
[2024-08-12T10:10:32.311+0000] {processor.py:153} INFO - Started process (PID=1655) to work on /home/airflow/.local/lib/python3.7/site-packages/airflow/example_dags/example_task_group_decorator.py
[2024-08-12T10:10:32.312+0000] {processor.py:640} INFO - Processing file /home/airflow/.local/lib/python3.7/site-packages/airflow/example_dags/example_task_group_decorator.py for tasks to queue
[2024-08-12T10:10:32.312+0000] {logging_mixin.py:115} INFO - [2024-08-12T10:10:32.312+0000] {dagbag.py:508} INFO - Filling up the DagBag from /home/airflow/.local/lib/python3.7/site-packages/airflow/example_dags/example_task_group_decorator.py
[2024-08-12T10:10:32.333+0000] {processor.py:650} INFO - DAG(s) dict_keys(['example_task_group_decorator']) retrieved from /home/airflow/.local/lib/python3.7/site-packages/airflow/example_dags/example_task_group_decorator.py
[2024-08-12T10:10:32.356+0000] {logging_mixin.py:115} INFO - [2024-08-12T10:10:32.355+0000] {dag.py:2429} INFO - Sync 1 DAGs
[2024-08-12T10:10:32.374+0000] {logging_mixin.py:115} INFO - [2024-08-12T10:10:32.374+0000] {dag.py:2981} INFO - Setting next_dagrun for example_task_group_decorator to 2024-08-11T10:10:32.374233+00:00, run_after=2024-08-12T10:10:32.374233+00:00
[2024-08-12T10:10:32.385+0000] {processor.py:161} INFO - Processing /home/airflow/.local/lib/python3.7/site-packages/airflow/example_dags/example_task_group_decorator.py took 0.077 seconds
[2024-08-12T10:11:03.113+0000] {processor.py:153} INFO - Started process (PID=1718) to work on /home/airflow/.local/lib/python3.7/site-packages/airflow/example_dags/example_task_group_decorator.py
[2024-08-12T10:11:03.114+0000] {processor.py:640} INFO - Processing file /home/airflow/.local/lib/python3.7/site-packages/airflow/example_dags/example_task_group_decorator.py for tasks to queue
[2024-08-12T10:11:03.115+0000] {logging_mixin.py:115} INFO - [2024-08-12T10:11:03.115+0000] {dagbag.py:508} INFO - Filling up the DagBag from /home/airflow/.local/lib/python3.7/site-packages/airflow/example_dags/example_task_group_decorator.py
[2024-08-12T10:11:03.136+0000] {processor.py:650} INFO - DAG(s) dict_keys(['example_task_group_decorator']) retrieved from /home/airflow/.local/lib/python3.7/site-packages/airflow/example_dags/example_task_group_decorator.py
[2024-08-12T10:11:03.191+0000] {logging_mixin.py:115} INFO - [2024-08-12T10:11:03.191+0000] {dag.py:2429} INFO - Sync 1 DAGs
[2024-08-12T10:11:03.208+0000] {logging_mixin.py:115} INFO - [2024-08-12T10:11:03.208+0000] {dag.py:2981} INFO - Setting next_dagrun for example_task_group_decorator to 2024-08-11T10:11:03.208127+00:00, run_after=2024-08-12T10:11:03.208127+00:00
[2024-08-12T10:11:03.220+0000] {processor.py:161} INFO - Processing /home/airflow/.local/lib/python3.7/site-packages/airflow/example_dags/example_task_group_decorator.py took 0.109 seconds
[2024-08-12T10:11:33.841+0000] {processor.py:153} INFO - Started process (PID=1772) to work on /home/airflow/.local/lib/python3.7/site-packages/airflow/example_dags/example_task_group_decorator.py
[2024-08-12T10:11:33.842+0000] {processor.py:640} INFO - Processing file /home/airflow/.local/lib/python3.7/site-packages/airflow/example_dags/example_task_group_decorator.py for tasks to queue
[2024-08-12T10:11:33.843+0000] {logging_mixin.py:115} INFO - [2024-08-12T10:11:33.842+0000] {dagbag.py:508} INFO - Filling up the DagBag from /home/airflow/.local/lib/python3.7/site-packages/airflow/example_dags/example_task_group_decorator.py
[2024-08-12T10:11:33.864+0000] {processor.py:650} INFO - DAG(s) dict_keys(['example_task_group_decorator']) retrieved from /home/airflow/.local/lib/python3.7/site-packages/airflow/example_dags/example_task_group_decorator.py
[2024-08-12T10:11:33.919+0000] {logging_mixin.py:115} INFO - [2024-08-12T10:11:33.918+0000] {dag.py:2429} INFO - Sync 1 DAGs
[2024-08-12T10:11:33.934+0000] {logging_mixin.py:115} INFO - [2024-08-12T10:11:33.934+0000] {dag.py:2981} INFO - Setting next_dagrun for example_task_group_decorator to 2024-08-11T10:11:33.934399+00:00, run_after=2024-08-12T10:11:33.934399+00:00
[2024-08-12T10:11:33.946+0000] {processor.py:161} INFO - Processing /home/airflow/.local/lib/python3.7/site-packages/airflow/example_dags/example_task_group_decorator.py took 0.108 seconds
[2024-08-12T10:12:04.610+0000] {processor.py:153} INFO - Started process (PID=1835) to work on /home/airflow/.local/lib/python3.7/site-packages/airflow/example_dags/example_task_group_decorator.py
[2024-08-12T10:12:04.611+0000] {processor.py:640} INFO - Processing file /home/airflow/.local/lib/python3.7/site-packages/airflow/example_dags/example_task_group_decorator.py for tasks to queue
[2024-08-12T10:12:04.611+0000] {logging_mixin.py:115} INFO - [2024-08-12T10:12:04.611+0000] {dagbag.py:508} INFO - Filling up the DagBag from /home/airflow/.local/lib/python3.7/site-packages/airflow/example_dags/example_task_group_decorator.py
[2024-08-12T10:12:04.631+0000] {processor.py:650} INFO - DAG(s) dict_keys(['example_task_group_decorator']) retrieved from /home/airflow/.local/lib/python3.7/site-packages/airflow/example_dags/example_task_group_decorator.py
[2024-08-12T10:12:04.655+0000] {logging_mixin.py:115} INFO - [2024-08-12T10:12:04.655+0000] {dag.py:2429} INFO - Sync 1 DAGs
[2024-08-12T10:12:04.674+0000] {logging_mixin.py:115} INFO - [2024-08-12T10:12:04.674+0000] {dag.py:2981} INFO - Setting next_dagrun for example_task_group_decorator to 2024-08-11T10:12:04.674058+00:00, run_after=2024-08-12T10:12:04.674058+00:00
[2024-08-12T10:12:04.684+0000] {processor.py:161} INFO - Processing /home/airflow/.local/lib/python3.7/site-packages/airflow/example_dags/example_task_group_decorator.py took 0.076 seconds
[2024-08-12T10:12:35.550+0000] {processor.py:153} INFO - Started process (PID=1898) to work on /home/airflow/.local/lib/python3.7/site-packages/airflow/example_dags/example_task_group_decorator.py
[2024-08-12T10:12:35.551+0000] {processor.py:640} INFO - Processing file /home/airflow/.local/lib/python3.7/site-packages/airflow/example_dags/example_task_group_decorator.py for tasks to queue
[2024-08-12T10:12:35.552+0000] {logging_mixin.py:115} INFO - [2024-08-12T10:12:35.551+0000] {dagbag.py:508} INFO - Filling up the DagBag from /home/airflow/.local/lib/python3.7/site-packages/airflow/example_dags/example_task_group_decorator.py
[2024-08-12T10:12:35.575+0000] {processor.py:650} INFO - DAG(s) dict_keys(['example_task_group_decorator']) retrieved from /home/airflow/.local/lib/python3.7/site-packages/airflow/example_dags/example_task_group_decorator.py
[2024-08-12T10:12:35.632+0000] {logging_mixin.py:115} INFO - [2024-08-12T10:12:35.632+0000] {dag.py:2429} INFO - Sync 1 DAGs
[2024-08-12T10:12:35.649+0000] {logging_mixin.py:115} INFO - [2024-08-12T10:12:35.649+0000] {dag.py:2981} INFO - Setting next_dagrun for example_task_group_decorator to 2024-08-11T10:12:35.648857+00:00, run_after=2024-08-12T10:12:35.648857+00:00
[2024-08-12T10:12:35.661+0000] {processor.py:161} INFO - Processing /home/airflow/.local/lib/python3.7/site-packages/airflow/example_dags/example_task_group_decorator.py took 0.114 seconds
[2024-08-12T10:13:06.419+0000] {processor.py:153} INFO - Started process (PID=1961) to work on /home/airflow/.local/lib/python3.7/site-packages/airflow/example_dags/example_task_group_decorator.py
[2024-08-12T10:13:06.420+0000] {processor.py:640} INFO - Processing file /home/airflow/.local/lib/python3.7/site-packages/airflow/example_dags/example_task_group_decorator.py for tasks to queue
[2024-08-12T10:13:06.420+0000] {logging_mixin.py:115} INFO - [2024-08-12T10:13:06.420+0000] {dagbag.py:508} INFO - Filling up the DagBag from /home/airflow/.local/lib/python3.7/site-packages/airflow/example_dags/example_task_group_decorator.py
[2024-08-12T10:13:06.441+0000] {processor.py:650} INFO - DAG(s) dict_keys(['example_task_group_decorator']) retrieved from /home/airflow/.local/lib/python3.7/site-packages/airflow/example_dags/example_task_group_decorator.py
[2024-08-12T10:13:06.500+0000] {logging_mixin.py:115} INFO - [2024-08-12T10:13:06.500+0000] {dag.py:2429} INFO - Sync 1 DAGs
[2024-08-12T10:13:06.518+0000] {logging_mixin.py:115} INFO - [2024-08-12T10:13:06.518+0000] {dag.py:2981} INFO - Setting next_dagrun for example_task_group_decorator to 2024-08-11T10:13:06.517800+00:00, run_after=2024-08-12T10:13:06.517800+00:00
[2024-08-12T10:13:06.530+0000] {processor.py:161} INFO - Processing /home/airflow/.local/lib/python3.7/site-packages/airflow/example_dags/example_task_group_decorator.py took 0.113 seconds
[2024-08-12T10:13:37.127+0000] {processor.py:153} INFO - Started process (PID=2015) to work on /home/airflow/.local/lib/python3.7/site-packages/airflow/example_dags/example_task_group_decorator.py
[2024-08-12T10:13:37.128+0000] {processor.py:640} INFO - Processing file /home/airflow/.local/lib/python3.7/site-packages/airflow/example_dags/example_task_group_decorator.py for tasks to queue
[2024-08-12T10:13:37.128+0000] {logging_mixin.py:115} INFO - [2024-08-12T10:13:37.128+0000] {dagbag.py:508} INFO - Filling up the DagBag from /home/airflow/.local/lib/python3.7/site-packages/airflow/example_dags/example_task_group_decorator.py
[2024-08-12T10:13:37.149+0000] {processor.py:650} INFO - DAG(s) dict_keys(['example_task_group_decorator']) retrieved from /home/airflow/.local/lib/python3.7/site-packages/airflow/example_dags/example_task_group_decorator.py
[2024-08-12T10:13:37.173+0000] {logging_mixin.py:115} INFO - [2024-08-12T10:13:37.172+0000] {dag.py:2429} INFO - Sync 1 DAGs
[2024-08-12T10:13:37.191+0000] {logging_mixin.py:115} INFO - [2024-08-12T10:13:37.191+0000] {dag.py:2981} INFO - Setting next_dagrun for example_task_group_decorator to 2024-08-11T10:13:37.191287+00:00, run_after=2024-08-12T10:13:37.191287+00:00
[2024-08-12T10:13:37.201+0000] {processor.py:161} INFO - Processing /home/airflow/.local/lib/python3.7/site-packages/airflow/example_dags/example_task_group_decorator.py took 0.077 seconds
[2024-08-12T10:14:08.069+0000] {processor.py:153} INFO - Started process (PID=2078) to work on /home/airflow/.local/lib/python3.7/site-packages/airflow/example_dags/example_task_group_decorator.py
[2024-08-12T10:14:08.070+0000] {processor.py:640} INFO - Processing file /home/airflow/.local/lib/python3.7/site-packages/airflow/example_dags/example_task_group_decorator.py for tasks to queue
[2024-08-12T10:14:08.071+0000] {logging_mixin.py:115} INFO - [2024-08-12T10:14:08.070+0000] {dagbag.py:508} INFO - Filling up the DagBag from /home/airflow/.local/lib/python3.7/site-packages/airflow/example_dags/example_task_group_decorator.py
[2024-08-12T10:14:08.092+0000] {processor.py:650} INFO - DAG(s) dict_keys(['example_task_group_decorator']) retrieved from /home/airflow/.local/lib/python3.7/site-packages/airflow/example_dags/example_task_group_decorator.py
[2024-08-12T10:14:08.151+0000] {logging_mixin.py:115} INFO - [2024-08-12T10:14:08.150+0000] {dag.py:2429} INFO - Sync 1 DAGs
[2024-08-12T10:14:08.167+0000] {logging_mixin.py:115} INFO - [2024-08-12T10:14:08.167+0000] {dag.py:2981} INFO - Setting next_dagrun for example_task_group_decorator to 2024-08-11T10:14:08.167481+00:00, run_after=2024-08-12T10:14:08.167481+00:00
[2024-08-12T10:14:08.180+0000] {processor.py:161} INFO - Processing /home/airflow/.local/lib/python3.7/site-packages/airflow/example_dags/example_task_group_decorator.py took 0.114 seconds
