[2024-08-12T08:27:08.862+0000] {processor.py:153} INFO - Started process (PID=84) to work on /home/airflow/.local/lib/python3.7/site-packages/airflow/example_dags/example_short_circuit_operator.py
[2024-08-12T08:27:08.862+0000] {processor.py:640} INFO - Processing file /home/airflow/.local/lib/python3.7/site-packages/airflow/example_dags/example_short_circuit_operator.py for tasks to queue
[2024-08-12T08:27:08.863+0000] {logging_mixin.py:115} INFO - [2024-08-12T08:27:08.863+0000] {dagbag.py:508} INFO - Filling up the DagBag from /home/airflow/.local/lib/python3.7/site-packages/airflow/example_dags/example_short_circuit_operator.py
[2024-08-12T08:27:08.874+0000] {processor.py:650} INFO - DAG(s) dict_keys(['example_short_circuit_operator']) retrieved from /home/airflow/.local/lib/python3.7/site-packages/airflow/example_dags/example_short_circuit_operator.py
[2024-08-12T08:27:08.985+0000] {logging_mixin.py:115} INFO - [2024-08-12T08:27:08.984+0000] {manager.py:508} INFO - Created Permission View: can edit on DAG:example_short_circuit_operator
[2024-08-12T08:27:08.996+0000] {logging_mixin.py:115} INFO - [2024-08-12T08:27:08.996+0000] {manager.py:508} INFO - Created Permission View: can read on DAG:example_short_circuit_operator
[2024-08-12T08:27:09.006+0000] {logging_mixin.py:115} INFO - [2024-08-12T08:27:09.005+0000] {manager.py:508} INFO - Created Permission View: can delete on DAG:example_short_circuit_operator
[2024-08-12T08:27:09.006+0000] {logging_mixin.py:115} INFO - [2024-08-12T08:27:09.006+0000] {dag.py:2429} INFO - Sync 1 DAGs
[2024-08-12T08:27:09.017+0000] {logging_mixin.py:115} INFO - [2024-08-12T08:27:09.017+0000] {dag.py:2448} INFO - Creating ORM DAG for example_short_circuit_operator
[2024-08-12T08:27:09.033+0000] {logging_mixin.py:115} INFO - [2024-08-12T08:27:09.032+0000] {dag.py:2981} INFO - Setting next_dagrun for example_short_circuit_operator to 2024-08-11T08:27:09.032550+00:00, run_after=2024-08-12T08:27:09.032550+00:00
[2024-08-12T08:27:09.050+0000] {processor.py:161} INFO - Processing /home/airflow/.local/lib/python3.7/site-packages/airflow/example_dags/example_short_circuit_operator.py took 0.191 seconds
[2024-08-12T08:27:39.838+0000] {processor.py:153} INFO - Started process (PID=136) to work on /home/airflow/.local/lib/python3.7/site-packages/airflow/example_dags/example_short_circuit_operator.py
[2024-08-12T08:27:39.838+0000] {processor.py:640} INFO - Processing file /home/airflow/.local/lib/python3.7/site-packages/airflow/example_dags/example_short_circuit_operator.py for tasks to queue
[2024-08-12T08:27:39.839+0000] {logging_mixin.py:115} INFO - [2024-08-12T08:27:39.839+0000] {dagbag.py:508} INFO - Filling up the DagBag from /home/airflow/.local/lib/python3.7/site-packages/airflow/example_dags/example_short_circuit_operator.py
[2024-08-12T08:27:39.846+0000] {processor.py:650} INFO - DAG(s) dict_keys(['example_short_circuit_operator']) retrieved from /home/airflow/.local/lib/python3.7/site-packages/airflow/example_dags/example_short_circuit_operator.py
[2024-08-12T08:27:39.865+0000] {logging_mixin.py:115} INFO - [2024-08-12T08:27:39.865+0000] {dag.py:2429} INFO - Sync 1 DAGs
[2024-08-12T08:27:39.882+0000] {logging_mixin.py:115} INFO - [2024-08-12T08:27:39.881+0000] {dag.py:2981} INFO - Setting next_dagrun for example_short_circuit_operator to 2024-08-11T08:27:39.881677+00:00, run_after=2024-08-12T08:27:39.881677+00:00
[2024-08-12T08:27:39.892+0000] {processor.py:161} INFO - Processing /home/airflow/.local/lib/python3.7/site-packages/airflow/example_dags/example_short_circuit_operator.py took 0.056 seconds
[2024-08-12T08:28:10.484+0000] {processor.py:153} INFO - Started process (PID=197) to work on /home/airflow/.local/lib/python3.7/site-packages/airflow/example_dags/example_short_circuit_operator.py
[2024-08-12T08:28:10.484+0000] {processor.py:640} INFO - Processing file /home/airflow/.local/lib/python3.7/site-packages/airflow/example_dags/example_short_circuit_operator.py for tasks to queue
[2024-08-12T08:28:10.484+0000] {logging_mixin.py:115} INFO - [2024-08-12T08:28:10.484+0000] {dagbag.py:508} INFO - Filling up the DagBag from /home/airflow/.local/lib/python3.7/site-packages/airflow/example_dags/example_short_circuit_operator.py
[2024-08-12T08:28:10.491+0000] {processor.py:650} INFO - DAG(s) dict_keys(['example_short_circuit_operator']) retrieved from /home/airflow/.local/lib/python3.7/site-packages/airflow/example_dags/example_short_circuit_operator.py
[2024-08-12T08:28:10.511+0000] {logging_mixin.py:115} INFO - [2024-08-12T08:28:10.511+0000] {dag.py:2429} INFO - Sync 1 DAGs
[2024-08-12T08:28:10.528+0000] {logging_mixin.py:115} INFO - [2024-08-12T08:28:10.527+0000] {dag.py:2981} INFO - Setting next_dagrun for example_short_circuit_operator to 2024-08-11T08:28:10.527755+00:00, run_after=2024-08-12T08:28:10.527755+00:00
[2024-08-12T08:28:10.538+0000] {processor.py:161} INFO - Processing /home/airflow/.local/lib/python3.7/site-packages/airflow/example_dags/example_short_circuit_operator.py took 0.056 seconds
[2024-08-12T09:57:12.657+0000] {processor.py:153} INFO - Started process (PID=86) to work on /home/airflow/.local/lib/python3.7/site-packages/airflow/example_dags/example_short_circuit_operator.py
[2024-08-12T09:57:12.658+0000] {processor.py:640} INFO - Processing file /home/airflow/.local/lib/python3.7/site-packages/airflow/example_dags/example_short_circuit_operator.py for tasks to queue
[2024-08-12T09:57:12.659+0000] {logging_mixin.py:115} INFO - [2024-08-12T09:57:12.659+0000] {dagbag.py:508} INFO - Filling up the DagBag from /home/airflow/.local/lib/python3.7/site-packages/airflow/example_dags/example_short_circuit_operator.py
[2024-08-12T09:57:12.668+0000] {processor.py:650} INFO - DAG(s) dict_keys(['example_short_circuit_operator']) retrieved from /home/airflow/.local/lib/python3.7/site-packages/airflow/example_dags/example_short_circuit_operator.py
[2024-08-12T09:57:12.697+0000] {logging_mixin.py:115} INFO - [2024-08-12T09:57:12.696+0000] {dag.py:2429} INFO - Sync 1 DAGs
[2024-08-12T09:57:12.738+0000] {logging_mixin.py:115} INFO - [2024-08-12T09:57:12.738+0000] {dag.py:2981} INFO - Setting next_dagrun for example_short_circuit_operator to 2024-08-11T09:57:12.738301+00:00, run_after=2024-08-12T09:57:12.738301+00:00
[2024-08-12T09:57:12.757+0000] {processor.py:161} INFO - Processing /home/airflow/.local/lib/python3.7/site-packages/airflow/example_dags/example_short_circuit_operator.py took 0.104 seconds
[2024-08-12T09:57:42.926+0000] {processor.py:153} INFO - Started process (PID=140) to work on /home/airflow/.local/lib/python3.7/site-packages/airflow/example_dags/example_short_circuit_operator.py
[2024-08-12T09:57:42.927+0000] {processor.py:640} INFO - Processing file /home/airflow/.local/lib/python3.7/site-packages/airflow/example_dags/example_short_circuit_operator.py for tasks to queue
[2024-08-12T09:57:42.927+0000] {logging_mixin.py:115} INFO - [2024-08-12T09:57:42.927+0000] {dagbag.py:508} INFO - Filling up the DagBag from /home/airflow/.local/lib/python3.7/site-packages/airflow/example_dags/example_short_circuit_operator.py
[2024-08-12T09:57:42.935+0000] {processor.py:650} INFO - DAG(s) dict_keys(['example_short_circuit_operator']) retrieved from /home/airflow/.local/lib/python3.7/site-packages/airflow/example_dags/example_short_circuit_operator.py
[2024-08-12T09:57:42.958+0000] {logging_mixin.py:115} INFO - [2024-08-12T09:57:42.958+0000] {dag.py:2429} INFO - Sync 1 DAGs
[2024-08-12T09:57:42.978+0000] {logging_mixin.py:115} INFO - [2024-08-12T09:57:42.978+0000] {dag.py:2981} INFO - Setting next_dagrun for example_short_circuit_operator to 2024-08-11T09:57:42.977813+00:00, run_after=2024-08-12T09:57:42.977813+00:00
[2024-08-12T09:57:42.990+0000] {processor.py:161} INFO - Processing /home/airflow/.local/lib/python3.7/site-packages/airflow/example_dags/example_short_circuit_operator.py took 0.067 seconds
[2024-08-12T09:58:13.773+0000] {processor.py:153} INFO - Started process (PID=203) to work on /home/airflow/.local/lib/python3.7/site-packages/airflow/example_dags/example_short_circuit_operator.py
[2024-08-12T09:58:13.774+0000] {processor.py:640} INFO - Processing file /home/airflow/.local/lib/python3.7/site-packages/airflow/example_dags/example_short_circuit_operator.py for tasks to queue
[2024-08-12T09:58:13.774+0000] {logging_mixin.py:115} INFO - [2024-08-12T09:58:13.774+0000] {dagbag.py:508} INFO - Filling up the DagBag from /home/airflow/.local/lib/python3.7/site-packages/airflow/example_dags/example_short_circuit_operator.py
[2024-08-12T09:58:13.781+0000] {processor.py:650} INFO - DAG(s) dict_keys(['example_short_circuit_operator']) retrieved from /home/airflow/.local/lib/python3.7/site-packages/airflow/example_dags/example_short_circuit_operator.py
[2024-08-12T09:58:13.803+0000] {logging_mixin.py:115} INFO - [2024-08-12T09:58:13.803+0000] {dag.py:2429} INFO - Sync 1 DAGs
[2024-08-12T09:58:13.820+0000] {logging_mixin.py:115} INFO - [2024-08-12T09:58:13.820+0000] {dag.py:2981} INFO - Setting next_dagrun for example_short_circuit_operator to 2024-08-11T09:58:13.820428+00:00, run_after=2024-08-12T09:58:13.820428+00:00
[2024-08-12T09:58:13.830+0000] {processor.py:161} INFO - Processing /home/airflow/.local/lib/python3.7/site-packages/airflow/example_dags/example_short_circuit_operator.py took 0.059 seconds
[2024-08-12T09:58:44.713+0000] {processor.py:153} INFO - Started process (PID=266) to work on /home/airflow/.local/lib/python3.7/site-packages/airflow/example_dags/example_short_circuit_operator.py
[2024-08-12T09:58:44.713+0000] {processor.py:640} INFO - Processing file /home/airflow/.local/lib/python3.7/site-packages/airflow/example_dags/example_short_circuit_operator.py for tasks to queue
[2024-08-12T09:58:44.714+0000] {logging_mixin.py:115} INFO - [2024-08-12T09:58:44.714+0000] {dagbag.py:508} INFO - Filling up the DagBag from /home/airflow/.local/lib/python3.7/site-packages/airflow/example_dags/example_short_circuit_operator.py
[2024-08-12T09:58:44.721+0000] {processor.py:650} INFO - DAG(s) dict_keys(['example_short_circuit_operator']) retrieved from /home/airflow/.local/lib/python3.7/site-packages/airflow/example_dags/example_short_circuit_operator.py
[2024-08-12T09:58:44.743+0000] {logging_mixin.py:115} INFO - [2024-08-12T09:58:44.743+0000] {dag.py:2429} INFO - Sync 1 DAGs
[2024-08-12T09:58:44.761+0000] {logging_mixin.py:115} INFO - [2024-08-12T09:58:44.761+0000] {dag.py:2981} INFO - Setting next_dagrun for example_short_circuit_operator to 2024-08-11T09:58:44.761374+00:00, run_after=2024-08-12T09:58:44.761374+00:00
[2024-08-12T09:58:44.772+0000] {processor.py:161} INFO - Processing /home/airflow/.local/lib/python3.7/site-packages/airflow/example_dags/example_short_circuit_operator.py took 0.062 seconds
[2024-08-12T09:59:15.756+0000] {processor.py:153} INFO - Started process (PID=329) to work on /home/airflow/.local/lib/python3.7/site-packages/airflow/example_dags/example_short_circuit_operator.py
[2024-08-12T09:59:15.757+0000] {processor.py:640} INFO - Processing file /home/airflow/.local/lib/python3.7/site-packages/airflow/example_dags/example_short_circuit_operator.py for tasks to queue
[2024-08-12T09:59:15.757+0000] {logging_mixin.py:115} INFO - [2024-08-12T09:59:15.757+0000] {dagbag.py:508} INFO - Filling up the DagBag from /home/airflow/.local/lib/python3.7/site-packages/airflow/example_dags/example_short_circuit_operator.py
[2024-08-12T09:59:15.764+0000] {processor.py:650} INFO - DAG(s) dict_keys(['example_short_circuit_operator']) retrieved from /home/airflow/.local/lib/python3.7/site-packages/airflow/example_dags/example_short_circuit_operator.py
[2024-08-12T09:59:15.789+0000] {logging_mixin.py:115} INFO - [2024-08-12T09:59:15.789+0000] {dag.py:2429} INFO - Sync 1 DAGs
[2024-08-12T09:59:15.810+0000] {logging_mixin.py:115} INFO - [2024-08-12T09:59:15.809+0000] {dag.py:2981} INFO - Setting next_dagrun for example_short_circuit_operator to 2024-08-11T09:59:15.809675+00:00, run_after=2024-08-12T09:59:15.809675+00:00
[2024-08-12T09:59:15.822+0000] {processor.py:161} INFO - Processing /home/airflow/.local/lib/python3.7/site-packages/airflow/example_dags/example_short_circuit_operator.py took 0.069 seconds
[2024-08-12T09:59:45.922+0000] {processor.py:153} INFO - Started process (PID=383) to work on /home/airflow/.local/lib/python3.7/site-packages/airflow/example_dags/example_short_circuit_operator.py
[2024-08-12T09:59:45.923+0000] {processor.py:640} INFO - Processing file /home/airflow/.local/lib/python3.7/site-packages/airflow/example_dags/example_short_circuit_operator.py for tasks to queue
[2024-08-12T09:59:45.923+0000] {logging_mixin.py:115} INFO - [2024-08-12T09:59:45.923+0000] {dagbag.py:508} INFO - Filling up the DagBag from /home/airflow/.local/lib/python3.7/site-packages/airflow/example_dags/example_short_circuit_operator.py
[2024-08-12T09:59:45.930+0000] {processor.py:650} INFO - DAG(s) dict_keys(['example_short_circuit_operator']) retrieved from /home/airflow/.local/lib/python3.7/site-packages/airflow/example_dags/example_short_circuit_operator.py
[2024-08-12T09:59:45.954+0000] {logging_mixin.py:115} INFO - [2024-08-12T09:59:45.953+0000] {dag.py:2429} INFO - Sync 1 DAGs
[2024-08-12T09:59:45.973+0000] {logging_mixin.py:115} INFO - [2024-08-12T09:59:45.973+0000] {dag.py:2981} INFO - Setting next_dagrun for example_short_circuit_operator to 2024-08-11T09:59:45.973208+00:00, run_after=2024-08-12T09:59:45.973208+00:00
[2024-08-12T09:59:45.984+0000] {processor.py:161} INFO - Processing /home/airflow/.local/lib/python3.7/site-packages/airflow/example_dags/example_short_circuit_operator.py took 0.064 seconds
[2024-08-12T10:00:16.661+0000] {processor.py:153} INFO - Started process (PID=446) to work on /home/airflow/.local/lib/python3.7/site-packages/airflow/example_dags/example_short_circuit_operator.py
[2024-08-12T10:00:16.662+0000] {processor.py:640} INFO - Processing file /home/airflow/.local/lib/python3.7/site-packages/airflow/example_dags/example_short_circuit_operator.py for tasks to queue
[2024-08-12T10:00:16.662+0000] {logging_mixin.py:115} INFO - [2024-08-12T10:00:16.662+0000] {dagbag.py:508} INFO - Filling up the DagBag from /home/airflow/.local/lib/python3.7/site-packages/airflow/example_dags/example_short_circuit_operator.py
[2024-08-12T10:00:16.669+0000] {processor.py:650} INFO - DAG(s) dict_keys(['example_short_circuit_operator']) retrieved from /home/airflow/.local/lib/python3.7/site-packages/airflow/example_dags/example_short_circuit_operator.py
[2024-08-12T10:00:16.694+0000] {logging_mixin.py:115} INFO - [2024-08-12T10:00:16.693+0000] {dag.py:2429} INFO - Sync 1 DAGs
[2024-08-12T10:00:16.711+0000] {logging_mixin.py:115} INFO - [2024-08-12T10:00:16.711+0000] {dag.py:2981} INFO - Setting next_dagrun for example_short_circuit_operator to 2024-08-11T10:00:16.711332+00:00, run_after=2024-08-12T10:00:16.711332+00:00
[2024-08-12T10:00:16.722+0000] {processor.py:161} INFO - Processing /home/airflow/.local/lib/python3.7/site-packages/airflow/example_dags/example_short_circuit_operator.py took 0.063 seconds
[2024-08-12T10:00:47.501+0000] {processor.py:153} INFO - Started process (PID=509) to work on /home/airflow/.local/lib/python3.7/site-packages/airflow/example_dags/example_short_circuit_operator.py
[2024-08-12T10:00:47.502+0000] {processor.py:640} INFO - Processing file /home/airflow/.local/lib/python3.7/site-packages/airflow/example_dags/example_short_circuit_operator.py for tasks to queue
[2024-08-12T10:00:47.503+0000] {logging_mixin.py:115} INFO - [2024-08-12T10:00:47.503+0000] {dagbag.py:508} INFO - Filling up the DagBag from /home/airflow/.local/lib/python3.7/site-packages/airflow/example_dags/example_short_circuit_operator.py
[2024-08-12T10:00:47.510+0000] {processor.py:650} INFO - DAG(s) dict_keys(['example_short_circuit_operator']) retrieved from /home/airflow/.local/lib/python3.7/site-packages/airflow/example_dags/example_short_circuit_operator.py
[2024-08-12T10:00:47.535+0000] {logging_mixin.py:115} INFO - [2024-08-12T10:00:47.535+0000] {dag.py:2429} INFO - Sync 1 DAGs
[2024-08-12T10:00:47.558+0000] {logging_mixin.py:115} INFO - [2024-08-12T10:00:47.558+0000] {dag.py:2981} INFO - Setting next_dagrun for example_short_circuit_operator to 2024-08-11T10:00:47.558442+00:00, run_after=2024-08-12T10:00:47.558442+00:00
[2024-08-12T10:00:47.569+0000] {processor.py:161} INFO - Processing /home/airflow/.local/lib/python3.7/site-packages/airflow/example_dags/example_short_circuit_operator.py took 0.070 seconds
[2024-08-12T10:01:18.348+0000] {processor.py:153} INFO - Started process (PID=572) to work on /home/airflow/.local/lib/python3.7/site-packages/airflow/example_dags/example_short_circuit_operator.py
[2024-08-12T10:01:18.349+0000] {processor.py:640} INFO - Processing file /home/airflow/.local/lib/python3.7/site-packages/airflow/example_dags/example_short_circuit_operator.py for tasks to queue
[2024-08-12T10:01:18.350+0000] {logging_mixin.py:115} INFO - [2024-08-12T10:01:18.350+0000] {dagbag.py:508} INFO - Filling up the DagBag from /home/airflow/.local/lib/python3.7/site-packages/airflow/example_dags/example_short_circuit_operator.py
[2024-08-12T10:01:18.357+0000] {processor.py:650} INFO - DAG(s) dict_keys(['example_short_circuit_operator']) retrieved from /home/airflow/.local/lib/python3.7/site-packages/airflow/example_dags/example_short_circuit_operator.py
[2024-08-12T10:01:18.382+0000] {logging_mixin.py:115} INFO - [2024-08-12T10:01:18.382+0000] {dag.py:2429} INFO - Sync 1 DAGs
[2024-08-12T10:01:18.401+0000] {logging_mixin.py:115} INFO - [2024-08-12T10:01:18.401+0000] {dag.py:2981} INFO - Setting next_dagrun for example_short_circuit_operator to 2024-08-11T10:01:18.400833+00:00, run_after=2024-08-12T10:01:18.400833+00:00
[2024-08-12T10:01:18.412+0000] {processor.py:161} INFO - Processing /home/airflow/.local/lib/python3.7/site-packages/airflow/example_dags/example_short_circuit_operator.py took 0.067 seconds
[2024-08-12T10:01:49.071+0000] {processor.py:153} INFO - Started process (PID=626) to work on /home/airflow/.local/lib/python3.7/site-packages/airflow/example_dags/example_short_circuit_operator.py
[2024-08-12T10:01:49.072+0000] {processor.py:640} INFO - Processing file /home/airflow/.local/lib/python3.7/site-packages/airflow/example_dags/example_short_circuit_operator.py for tasks to queue
[2024-08-12T10:01:49.072+0000] {logging_mixin.py:115} INFO - [2024-08-12T10:01:49.072+0000] {dagbag.py:508} INFO - Filling up the DagBag from /home/airflow/.local/lib/python3.7/site-packages/airflow/example_dags/example_short_circuit_operator.py
[2024-08-12T10:01:49.079+0000] {processor.py:650} INFO - DAG(s) dict_keys(['example_short_circuit_operator']) retrieved from /home/airflow/.local/lib/python3.7/site-packages/airflow/example_dags/example_short_circuit_operator.py
[2024-08-12T10:01:49.101+0000] {logging_mixin.py:115} INFO - [2024-08-12T10:01:49.100+0000] {dag.py:2429} INFO - Sync 1 DAGs
[2024-08-12T10:01:49.118+0000] {logging_mixin.py:115} INFO - [2024-08-12T10:01:49.118+0000] {dag.py:2981} INFO - Setting next_dagrun for example_short_circuit_operator to 2024-08-11T10:01:49.118353+00:00, run_after=2024-08-12T10:01:49.118353+00:00
[2024-08-12T10:01:49.129+0000] {processor.py:161} INFO - Processing /home/airflow/.local/lib/python3.7/site-packages/airflow/example_dags/example_short_circuit_operator.py took 0.061 seconds
[2024-08-12T10:02:19.917+0000] {processor.py:153} INFO - Started process (PID=689) to work on /home/airflow/.local/lib/python3.7/site-packages/airflow/example_dags/example_short_circuit_operator.py
[2024-08-12T10:02:19.918+0000] {processor.py:640} INFO - Processing file /home/airflow/.local/lib/python3.7/site-packages/airflow/example_dags/example_short_circuit_operator.py for tasks to queue
[2024-08-12T10:02:19.918+0000] {logging_mixin.py:115} INFO - [2024-08-12T10:02:19.918+0000] {dagbag.py:508} INFO - Filling up the DagBag from /home/airflow/.local/lib/python3.7/site-packages/airflow/example_dags/example_short_circuit_operator.py
[2024-08-12T10:02:19.926+0000] {processor.py:650} INFO - DAG(s) dict_keys(['example_short_circuit_operator']) retrieved from /home/airflow/.local/lib/python3.7/site-packages/airflow/example_dags/example_short_circuit_operator.py
[2024-08-12T10:02:19.949+0000] {logging_mixin.py:115} INFO - [2024-08-12T10:02:19.948+0000] {dag.py:2429} INFO - Sync 1 DAGs
[2024-08-12T10:02:19.968+0000] {logging_mixin.py:115} INFO - [2024-08-12T10:02:19.968+0000] {dag.py:2981} INFO - Setting next_dagrun for example_short_circuit_operator to 2024-08-11T10:02:19.968528+00:00, run_after=2024-08-12T10:02:19.968528+00:00
[2024-08-12T10:02:19.980+0000] {processor.py:161} INFO - Processing /home/airflow/.local/lib/python3.7/site-packages/airflow/example_dags/example_short_circuit_operator.py took 0.065 seconds
[2024-08-12T10:02:50.753+0000] {processor.py:153} INFO - Started process (PID=752) to work on /home/airflow/.local/lib/python3.7/site-packages/airflow/example_dags/example_short_circuit_operator.py
[2024-08-12T10:02:50.754+0000] {processor.py:640} INFO - Processing file /home/airflow/.local/lib/python3.7/site-packages/airflow/example_dags/example_short_circuit_operator.py for tasks to queue
[2024-08-12T10:02:50.754+0000] {logging_mixin.py:115} INFO - [2024-08-12T10:02:50.754+0000] {dagbag.py:508} INFO - Filling up the DagBag from /home/airflow/.local/lib/python3.7/site-packages/airflow/example_dags/example_short_circuit_operator.py
[2024-08-12T10:02:50.761+0000] {processor.py:650} INFO - DAG(s) dict_keys(['example_short_circuit_operator']) retrieved from /home/airflow/.local/lib/python3.7/site-packages/airflow/example_dags/example_short_circuit_operator.py
[2024-08-12T10:02:50.783+0000] {logging_mixin.py:115} INFO - [2024-08-12T10:02:50.783+0000] {dag.py:2429} INFO - Sync 1 DAGs
[2024-08-12T10:02:50.803+0000] {logging_mixin.py:115} INFO - [2024-08-12T10:02:50.803+0000] {dag.py:2981} INFO - Setting next_dagrun for example_short_circuit_operator to 2024-08-11T10:02:50.802838+00:00, run_after=2024-08-12T10:02:50.802838+00:00
[2024-08-12T10:02:50.815+0000] {processor.py:161} INFO - Processing /home/airflow/.local/lib/python3.7/site-packages/airflow/example_dags/example_short_circuit_operator.py took 0.065 seconds
[2024-08-12T10:03:21.602+0000] {processor.py:153} INFO - Started process (PID=815) to work on /home/airflow/.local/lib/python3.7/site-packages/airflow/example_dags/example_short_circuit_operator.py
[2024-08-12T10:03:21.603+0000] {processor.py:640} INFO - Processing file /home/airflow/.local/lib/python3.7/site-packages/airflow/example_dags/example_short_circuit_operator.py for tasks to queue
[2024-08-12T10:03:21.604+0000] {logging_mixin.py:115} INFO - [2024-08-12T10:03:21.604+0000] {dagbag.py:508} INFO - Filling up the DagBag from /home/airflow/.local/lib/python3.7/site-packages/airflow/example_dags/example_short_circuit_operator.py
[2024-08-12T10:03:21.611+0000] {processor.py:650} INFO - DAG(s) dict_keys(['example_short_circuit_operator']) retrieved from /home/airflow/.local/lib/python3.7/site-packages/airflow/example_dags/example_short_circuit_operator.py
[2024-08-12T10:03:21.634+0000] {logging_mixin.py:115} INFO - [2024-08-12T10:03:21.634+0000] {dag.py:2429} INFO - Sync 1 DAGs
[2024-08-12T10:03:21.653+0000] {logging_mixin.py:115} INFO - [2024-08-12T10:03:21.653+0000] {dag.py:2981} INFO - Setting next_dagrun for example_short_circuit_operator to 2024-08-11T10:03:21.652852+00:00, run_after=2024-08-12T10:03:21.652852+00:00
[2024-08-12T10:03:21.665+0000] {processor.py:161} INFO - Processing /home/airflow/.local/lib/python3.7/site-packages/airflow/example_dags/example_short_circuit_operator.py took 0.066 seconds
[2024-08-12T10:03:52.526+0000] {processor.py:153} INFO - Started process (PID=869) to work on /home/airflow/.local/lib/python3.7/site-packages/airflow/example_dags/example_short_circuit_operator.py
[2024-08-12T10:03:52.527+0000] {processor.py:640} INFO - Processing file /home/airflow/.local/lib/python3.7/site-packages/airflow/example_dags/example_short_circuit_operator.py for tasks to queue
[2024-08-12T10:03:52.527+0000] {logging_mixin.py:115} INFO - [2024-08-12T10:03:52.527+0000] {dagbag.py:508} INFO - Filling up the DagBag from /home/airflow/.local/lib/python3.7/site-packages/airflow/example_dags/example_short_circuit_operator.py
[2024-08-12T10:03:52.534+0000] {processor.py:650} INFO - DAG(s) dict_keys(['example_short_circuit_operator']) retrieved from /home/airflow/.local/lib/python3.7/site-packages/airflow/example_dags/example_short_circuit_operator.py
[2024-08-12T10:03:52.557+0000] {logging_mixin.py:115} INFO - [2024-08-12T10:03:52.556+0000] {dag.py:2429} INFO - Sync 1 DAGs
[2024-08-12T10:03:52.574+0000] {logging_mixin.py:115} INFO - [2024-08-12T10:03:52.574+0000] {dag.py:2981} INFO - Setting next_dagrun for example_short_circuit_operator to 2024-08-11T10:03:52.574212+00:00, run_after=2024-08-12T10:03:52.574212+00:00
[2024-08-12T10:03:52.586+0000] {processor.py:161} INFO - Processing /home/airflow/.local/lib/python3.7/site-packages/airflow/example_dags/example_short_circuit_operator.py took 0.062 seconds
[2024-08-12T10:04:23.343+0000] {processor.py:153} INFO - Started process (PID=932) to work on /home/airflow/.local/lib/python3.7/site-packages/airflow/example_dags/example_short_circuit_operator.py
[2024-08-12T10:04:23.344+0000] {processor.py:640} INFO - Processing file /home/airflow/.local/lib/python3.7/site-packages/airflow/example_dags/example_short_circuit_operator.py for tasks to queue
[2024-08-12T10:04:23.345+0000] {logging_mixin.py:115} INFO - [2024-08-12T10:04:23.345+0000] {dagbag.py:508} INFO - Filling up the DagBag from /home/airflow/.local/lib/python3.7/site-packages/airflow/example_dags/example_short_circuit_operator.py
[2024-08-12T10:04:23.352+0000] {processor.py:650} INFO - DAG(s) dict_keys(['example_short_circuit_operator']) retrieved from /home/airflow/.local/lib/python3.7/site-packages/airflow/example_dags/example_short_circuit_operator.py
[2024-08-12T10:04:23.374+0000] {logging_mixin.py:115} INFO - [2024-08-12T10:04:23.374+0000] {dag.py:2429} INFO - Sync 1 DAGs
[2024-08-12T10:04:23.395+0000] {logging_mixin.py:115} INFO - [2024-08-12T10:04:23.394+0000] {dag.py:2981} INFO - Setting next_dagrun for example_short_circuit_operator to 2024-08-11T10:04:23.394666+00:00, run_after=2024-08-12T10:04:23.394666+00:00
[2024-08-12T10:04:23.407+0000] {processor.py:161} INFO - Processing /home/airflow/.local/lib/python3.7/site-packages/airflow/example_dags/example_short_circuit_operator.py took 0.066 seconds
[2024-08-12T10:04:54.186+0000] {processor.py:153} INFO - Started process (PID=995) to work on /home/airflow/.local/lib/python3.7/site-packages/airflow/example_dags/example_short_circuit_operator.py
[2024-08-12T10:04:54.187+0000] {processor.py:640} INFO - Processing file /home/airflow/.local/lib/python3.7/site-packages/airflow/example_dags/example_short_circuit_operator.py for tasks to queue
[2024-08-12T10:04:54.187+0000] {logging_mixin.py:115} INFO - [2024-08-12T10:04:54.187+0000] {dagbag.py:508} INFO - Filling up the DagBag from /home/airflow/.local/lib/python3.7/site-packages/airflow/example_dags/example_short_circuit_operator.py
[2024-08-12T10:04:54.194+0000] {processor.py:650} INFO - DAG(s) dict_keys(['example_short_circuit_operator']) retrieved from /home/airflow/.local/lib/python3.7/site-packages/airflow/example_dags/example_short_circuit_operator.py
[2024-08-12T10:04:54.216+0000] {logging_mixin.py:115} INFO - [2024-08-12T10:04:54.216+0000] {dag.py:2429} INFO - Sync 1 DAGs
[2024-08-12T10:04:54.233+0000] {logging_mixin.py:115} INFO - [2024-08-12T10:04:54.233+0000] {dag.py:2981} INFO - Setting next_dagrun for example_short_circuit_operator to 2024-08-11T10:04:54.233409+00:00, run_after=2024-08-12T10:04:54.233409+00:00
[2024-08-12T10:04:54.245+0000] {processor.py:161} INFO - Processing /home/airflow/.local/lib/python3.7/site-packages/airflow/example_dags/example_short_circuit_operator.py took 0.062 seconds
[2024-08-12T10:05:25.087+0000] {processor.py:153} INFO - Started process (PID=1058) to work on /home/airflow/.local/lib/python3.7/site-packages/airflow/example_dags/example_short_circuit_operator.py
[2024-08-12T10:05:25.088+0000] {processor.py:640} INFO - Processing file /home/airflow/.local/lib/python3.7/site-packages/airflow/example_dags/example_short_circuit_operator.py for tasks to queue
[2024-08-12T10:05:25.088+0000] {logging_mixin.py:115} INFO - [2024-08-12T10:05:25.088+0000] {dagbag.py:508} INFO - Filling up the DagBag from /home/airflow/.local/lib/python3.7/site-packages/airflow/example_dags/example_short_circuit_operator.py
[2024-08-12T10:05:25.095+0000] {processor.py:650} INFO - DAG(s) dict_keys(['example_short_circuit_operator']) retrieved from /home/airflow/.local/lib/python3.7/site-packages/airflow/example_dags/example_short_circuit_operator.py
[2024-08-12T10:05:25.118+0000] {logging_mixin.py:115} INFO - [2024-08-12T10:05:25.118+0000] {dag.py:2429} INFO - Sync 1 DAGs
[2024-08-12T10:05:25.137+0000] {logging_mixin.py:115} INFO - [2024-08-12T10:05:25.137+0000] {dag.py:2981} INFO - Setting next_dagrun for example_short_circuit_operator to 2024-08-11T10:05:25.136811+00:00, run_after=2024-08-12T10:05:25.136811+00:00
[2024-08-12T10:05:25.149+0000] {processor.py:161} INFO - Processing /home/airflow/.local/lib/python3.7/site-packages/airflow/example_dags/example_short_circuit_operator.py took 0.065 seconds
[2024-08-12T10:05:55.832+0000] {processor.py:153} INFO - Started process (PID=1112) to work on /home/airflow/.local/lib/python3.7/site-packages/airflow/example_dags/example_short_circuit_operator.py
[2024-08-12T10:05:55.833+0000] {processor.py:640} INFO - Processing file /home/airflow/.local/lib/python3.7/site-packages/airflow/example_dags/example_short_circuit_operator.py for tasks to queue
[2024-08-12T10:05:55.833+0000] {logging_mixin.py:115} INFO - [2024-08-12T10:05:55.833+0000] {dagbag.py:508} INFO - Filling up the DagBag from /home/airflow/.local/lib/python3.7/site-packages/airflow/example_dags/example_short_circuit_operator.py
[2024-08-12T10:05:55.841+0000] {processor.py:650} INFO - DAG(s) dict_keys(['example_short_circuit_operator']) retrieved from /home/airflow/.local/lib/python3.7/site-packages/airflow/example_dags/example_short_circuit_operator.py
[2024-08-12T10:05:55.864+0000] {logging_mixin.py:115} INFO - [2024-08-12T10:05:55.864+0000] {dag.py:2429} INFO - Sync 1 DAGs
[2024-08-12T10:05:55.882+0000] {logging_mixin.py:115} INFO - [2024-08-12T10:05:55.882+0000] {dag.py:2981} INFO - Setting next_dagrun for example_short_circuit_operator to 2024-08-11T10:05:55.882307+00:00, run_after=2024-08-12T10:05:55.882307+00:00
[2024-08-12T10:05:55.897+0000] {processor.py:161} INFO - Processing /home/airflow/.local/lib/python3.7/site-packages/airflow/example_dags/example_short_circuit_operator.py took 0.067 seconds
[2024-08-12T10:06:26.702+0000] {processor.py:153} INFO - Started process (PID=1175) to work on /home/airflow/.local/lib/python3.7/site-packages/airflow/example_dags/example_short_circuit_operator.py
[2024-08-12T10:06:26.703+0000] {processor.py:640} INFO - Processing file /home/airflow/.local/lib/python3.7/site-packages/airflow/example_dags/example_short_circuit_operator.py for tasks to queue
[2024-08-12T10:06:26.703+0000] {logging_mixin.py:115} INFO - [2024-08-12T10:06:26.703+0000] {dagbag.py:508} INFO - Filling up the DagBag from /home/airflow/.local/lib/python3.7/site-packages/airflow/example_dags/example_short_circuit_operator.py
[2024-08-12T10:06:26.710+0000] {processor.py:650} INFO - DAG(s) dict_keys(['example_short_circuit_operator']) retrieved from /home/airflow/.local/lib/python3.7/site-packages/airflow/example_dags/example_short_circuit_operator.py
[2024-08-12T10:06:26.733+0000] {logging_mixin.py:115} INFO - [2024-08-12T10:06:26.733+0000] {dag.py:2429} INFO - Sync 1 DAGs
[2024-08-12T10:06:26.751+0000] {logging_mixin.py:115} INFO - [2024-08-12T10:06:26.751+0000] {dag.py:2981} INFO - Setting next_dagrun for example_short_circuit_operator to 2024-08-11T10:06:26.751489+00:00, run_after=2024-08-12T10:06:26.751489+00:00
[2024-08-12T10:06:26.762+0000] {processor.py:161} INFO - Processing /home/airflow/.local/lib/python3.7/site-packages/airflow/example_dags/example_short_circuit_operator.py took 0.063 seconds
[2024-08-12T10:06:57.624+0000] {processor.py:153} INFO - Started process (PID=1238) to work on /home/airflow/.local/lib/python3.7/site-packages/airflow/example_dags/example_short_circuit_operator.py
[2024-08-12T10:06:57.625+0000] {processor.py:640} INFO - Processing file /home/airflow/.local/lib/python3.7/site-packages/airflow/example_dags/example_short_circuit_operator.py for tasks to queue
[2024-08-12T10:06:57.625+0000] {logging_mixin.py:115} INFO - [2024-08-12T10:06:57.625+0000] {dagbag.py:508} INFO - Filling up the DagBag from /home/airflow/.local/lib/python3.7/site-packages/airflow/example_dags/example_short_circuit_operator.py
[2024-08-12T10:06:57.632+0000] {processor.py:650} INFO - DAG(s) dict_keys(['example_short_circuit_operator']) retrieved from /home/airflow/.local/lib/python3.7/site-packages/airflow/example_dags/example_short_circuit_operator.py
[2024-08-12T10:06:57.655+0000] {logging_mixin.py:115} INFO - [2024-08-12T10:06:57.655+0000] {dag.py:2429} INFO - Sync 1 DAGs
[2024-08-12T10:06:57.675+0000] {logging_mixin.py:115} INFO - [2024-08-12T10:06:57.675+0000] {dag.py:2981} INFO - Setting next_dagrun for example_short_circuit_operator to 2024-08-11T10:06:57.674861+00:00, run_after=2024-08-12T10:06:57.674861+00:00
[2024-08-12T10:06:57.687+0000] {processor.py:161} INFO - Processing /home/airflow/.local/lib/python3.7/site-packages/airflow/example_dags/example_short_circuit_operator.py took 0.065 seconds
[2024-08-12T10:07:27.987+0000] {processor.py:153} INFO - Started process (PID=1301) to work on /home/airflow/.local/lib/python3.7/site-packages/airflow/example_dags/example_short_circuit_operator.py
[2024-08-12T10:07:27.988+0000] {processor.py:640} INFO - Processing file /home/airflow/.local/lib/python3.7/site-packages/airflow/example_dags/example_short_circuit_operator.py for tasks to queue
[2024-08-12T10:07:27.988+0000] {logging_mixin.py:115} INFO - [2024-08-12T10:07:27.988+0000] {dagbag.py:508} INFO - Filling up the DagBag from /home/airflow/.local/lib/python3.7/site-packages/airflow/example_dags/example_short_circuit_operator.py
[2024-08-12T10:07:27.995+0000] {processor.py:650} INFO - DAG(s) dict_keys(['example_short_circuit_operator']) retrieved from /home/airflow/.local/lib/python3.7/site-packages/airflow/example_dags/example_short_circuit_operator.py
[2024-08-12T10:07:28.019+0000] {logging_mixin.py:115} INFO - [2024-08-12T10:07:28.019+0000] {dag.py:2429} INFO - Sync 1 DAGs
[2024-08-12T10:07:28.037+0000] {logging_mixin.py:115} INFO - [2024-08-12T10:07:28.037+0000] {dag.py:2981} INFO - Setting next_dagrun for example_short_circuit_operator to 2024-08-11T10:07:28.037211+00:00, run_after=2024-08-12T10:07:28.037211+00:00
[2024-08-12T10:07:28.049+0000] {processor.py:161} INFO - Processing /home/airflow/.local/lib/python3.7/site-packages/airflow/example_dags/example_short_circuit_operator.py took 0.064 seconds
[2024-08-12T10:07:58.846+0000] {processor.py:153} INFO - Started process (PID=1355) to work on /home/airflow/.local/lib/python3.7/site-packages/airflow/example_dags/example_short_circuit_operator.py
[2024-08-12T10:07:58.847+0000] {processor.py:640} INFO - Processing file /home/airflow/.local/lib/python3.7/site-packages/airflow/example_dags/example_short_circuit_operator.py for tasks to queue
[2024-08-12T10:07:58.847+0000] {logging_mixin.py:115} INFO - [2024-08-12T10:07:58.847+0000] {dagbag.py:508} INFO - Filling up the DagBag from /home/airflow/.local/lib/python3.7/site-packages/airflow/example_dags/example_short_circuit_operator.py
[2024-08-12T10:07:58.854+0000] {processor.py:650} INFO - DAG(s) dict_keys(['example_short_circuit_operator']) retrieved from /home/airflow/.local/lib/python3.7/site-packages/airflow/example_dags/example_short_circuit_operator.py
[2024-08-12T10:07:58.877+0000] {logging_mixin.py:115} INFO - [2024-08-12T10:07:58.876+0000] {dag.py:2429} INFO - Sync 1 DAGs
[2024-08-12T10:07:58.894+0000] {logging_mixin.py:115} INFO - [2024-08-12T10:07:58.894+0000] {dag.py:2981} INFO - Setting next_dagrun for example_short_circuit_operator to 2024-08-11T10:07:58.894640+00:00, run_after=2024-08-12T10:07:58.894640+00:00
[2024-08-12T10:07:58.906+0000] {processor.py:161} INFO - Processing /home/airflow/.local/lib/python3.7/site-packages/airflow/example_dags/example_short_circuit_operator.py took 0.062 seconds
[2024-08-12T10:08:29.588+0000] {processor.py:153} INFO - Started process (PID=1418) to work on /home/airflow/.local/lib/python3.7/site-packages/airflow/example_dags/example_short_circuit_operator.py
[2024-08-12T10:08:29.589+0000] {processor.py:640} INFO - Processing file /home/airflow/.local/lib/python3.7/site-packages/airflow/example_dags/example_short_circuit_operator.py for tasks to queue
[2024-08-12T10:08:29.589+0000] {logging_mixin.py:115} INFO - [2024-08-12T10:08:29.589+0000] {dagbag.py:508} INFO - Filling up the DagBag from /home/airflow/.local/lib/python3.7/site-packages/airflow/example_dags/example_short_circuit_operator.py
[2024-08-12T10:08:29.596+0000] {processor.py:650} INFO - DAG(s) dict_keys(['example_short_circuit_operator']) retrieved from /home/airflow/.local/lib/python3.7/site-packages/airflow/example_dags/example_short_circuit_operator.py
[2024-08-12T10:08:29.618+0000] {logging_mixin.py:115} INFO - [2024-08-12T10:08:29.618+0000] {dag.py:2429} INFO - Sync 1 DAGs
[2024-08-12T10:08:29.638+0000] {logging_mixin.py:115} INFO - [2024-08-12T10:08:29.638+0000] {dag.py:2981} INFO - Setting next_dagrun for example_short_circuit_operator to 2024-08-11T10:08:29.637756+00:00, run_after=2024-08-12T10:08:29.637756+00:00
[2024-08-12T10:08:29.651+0000] {processor.py:161} INFO - Processing /home/airflow/.local/lib/python3.7/site-packages/airflow/example_dags/example_short_circuit_operator.py took 0.065 seconds
[2024-08-12T10:09:00.350+0000] {processor.py:153} INFO - Started process (PID=1481) to work on /home/airflow/.local/lib/python3.7/site-packages/airflow/example_dags/example_short_circuit_operator.py
[2024-08-12T10:09:00.351+0000] {processor.py:640} INFO - Processing file /home/airflow/.local/lib/python3.7/site-packages/airflow/example_dags/example_short_circuit_operator.py for tasks to queue
[2024-08-12T10:09:00.351+0000] {logging_mixin.py:115} INFO - [2024-08-12T10:09:00.351+0000] {dagbag.py:508} INFO - Filling up the DagBag from /home/airflow/.local/lib/python3.7/site-packages/airflow/example_dags/example_short_circuit_operator.py
[2024-08-12T10:09:00.358+0000] {processor.py:650} INFO - DAG(s) dict_keys(['example_short_circuit_operator']) retrieved from /home/airflow/.local/lib/python3.7/site-packages/airflow/example_dags/example_short_circuit_operator.py
[2024-08-12T10:09:00.381+0000] {logging_mixin.py:115} INFO - [2024-08-12T10:09:00.381+0000] {dag.py:2429} INFO - Sync 1 DAGs
[2024-08-12T10:09:00.399+0000] {logging_mixin.py:115} INFO - [2024-08-12T10:09:00.399+0000] {dag.py:2981} INFO - Setting next_dagrun for example_short_circuit_operator to 2024-08-11T10:09:00.399210+00:00, run_after=2024-08-12T10:09:00.399210+00:00
[2024-08-12T10:09:00.410+0000] {processor.py:161} INFO - Processing /home/airflow/.local/lib/python3.7/site-packages/airflow/example_dags/example_short_circuit_operator.py took 0.063 seconds
[2024-08-12T10:09:31.015+0000] {processor.py:153} INFO - Started process (PID=1542) to work on /home/airflow/.local/lib/python3.7/site-packages/airflow/example_dags/example_short_circuit_operator.py
[2024-08-12T10:09:31.016+0000] {processor.py:640} INFO - Processing file /home/airflow/.local/lib/python3.7/site-packages/airflow/example_dags/example_short_circuit_operator.py for tasks to queue
[2024-08-12T10:09:31.016+0000] {logging_mixin.py:115} INFO - [2024-08-12T10:09:31.016+0000] {dagbag.py:508} INFO - Filling up the DagBag from /home/airflow/.local/lib/python3.7/site-packages/airflow/example_dags/example_short_circuit_operator.py
[2024-08-12T10:09:31.023+0000] {processor.py:650} INFO - DAG(s) dict_keys(['example_short_circuit_operator']) retrieved from /home/airflow/.local/lib/python3.7/site-packages/airflow/example_dags/example_short_circuit_operator.py
[2024-08-12T10:09:31.047+0000] {logging_mixin.py:115} INFO - [2024-08-12T10:09:31.047+0000] {dag.py:2429} INFO - Sync 1 DAGs
[2024-08-12T10:09:31.068+0000] {logging_mixin.py:115} INFO - [2024-08-12T10:09:31.068+0000] {dag.py:2981} INFO - Setting next_dagrun for example_short_circuit_operator to 2024-08-11T10:09:31.067878+00:00, run_after=2024-08-12T10:09:31.067878+00:00
[2024-08-12T10:09:31.081+0000] {processor.py:161} INFO - Processing /home/airflow/.local/lib/python3.7/site-packages/airflow/example_dags/example_short_circuit_operator.py took 0.068 seconds
[2024-08-12T10:10:01.883+0000] {processor.py:153} INFO - Started process (PID=1598) to work on /home/airflow/.local/lib/python3.7/site-packages/airflow/example_dags/example_short_circuit_operator.py
[2024-08-12T10:10:01.883+0000] {processor.py:640} INFO - Processing file /home/airflow/.local/lib/python3.7/site-packages/airflow/example_dags/example_short_circuit_operator.py for tasks to queue
[2024-08-12T10:10:01.884+0000] {logging_mixin.py:115} INFO - [2024-08-12T10:10:01.884+0000] {dagbag.py:508} INFO - Filling up the DagBag from /home/airflow/.local/lib/python3.7/site-packages/airflow/example_dags/example_short_circuit_operator.py
[2024-08-12T10:10:01.891+0000] {processor.py:650} INFO - DAG(s) dict_keys(['example_short_circuit_operator']) retrieved from /home/airflow/.local/lib/python3.7/site-packages/airflow/example_dags/example_short_circuit_operator.py
[2024-08-12T10:10:01.915+0000] {logging_mixin.py:115} INFO - [2024-08-12T10:10:01.915+0000] {dag.py:2429} INFO - Sync 1 DAGs
[2024-08-12T10:10:01.934+0000] {logging_mixin.py:115} INFO - [2024-08-12T10:10:01.933+0000] {dag.py:2981} INFO - Setting next_dagrun for example_short_circuit_operator to 2024-08-11T10:10:01.933735+00:00, run_after=2024-08-12T10:10:01.933735+00:00
[2024-08-12T10:10:01.945+0000] {processor.py:161} INFO - Processing /home/airflow/.local/lib/python3.7/site-packages/airflow/example_dags/example_short_circuit_operator.py took 0.065 seconds
[2024-08-12T10:10:32.558+0000] {processor.py:153} INFO - Started process (PID=1661) to work on /home/airflow/.local/lib/python3.7/site-packages/airflow/example_dags/example_short_circuit_operator.py
[2024-08-12T10:10:32.559+0000] {processor.py:640} INFO - Processing file /home/airflow/.local/lib/python3.7/site-packages/airflow/example_dags/example_short_circuit_operator.py for tasks to queue
[2024-08-12T10:10:32.559+0000] {logging_mixin.py:115} INFO - [2024-08-12T10:10:32.559+0000] {dagbag.py:508} INFO - Filling up the DagBag from /home/airflow/.local/lib/python3.7/site-packages/airflow/example_dags/example_short_circuit_operator.py
[2024-08-12T10:10:32.566+0000] {processor.py:650} INFO - DAG(s) dict_keys(['example_short_circuit_operator']) retrieved from /home/airflow/.local/lib/python3.7/site-packages/airflow/example_dags/example_short_circuit_operator.py
[2024-08-12T10:10:32.588+0000] {logging_mixin.py:115} INFO - [2024-08-12T10:10:32.588+0000] {dag.py:2429} INFO - Sync 1 DAGs
[2024-08-12T10:10:32.605+0000] {logging_mixin.py:115} INFO - [2024-08-12T10:10:32.605+0000] {dag.py:2981} INFO - Setting next_dagrun for example_short_circuit_operator to 2024-08-11T10:10:32.605393+00:00, run_after=2024-08-12T10:10:32.605393+00:00
[2024-08-12T10:10:32.617+0000] {processor.py:161} INFO - Processing /home/airflow/.local/lib/python3.7/site-packages/airflow/example_dags/example_short_circuit_operator.py took 0.062 seconds
[2024-08-12T10:11:03.372+0000] {processor.py:153} INFO - Started process (PID=1724) to work on /home/airflow/.local/lib/python3.7/site-packages/airflow/example_dags/example_short_circuit_operator.py
[2024-08-12T10:11:03.373+0000] {processor.py:640} INFO - Processing file /home/airflow/.local/lib/python3.7/site-packages/airflow/example_dags/example_short_circuit_operator.py for tasks to queue
[2024-08-12T10:11:03.373+0000] {logging_mixin.py:115} INFO - [2024-08-12T10:11:03.373+0000] {dagbag.py:508} INFO - Filling up the DagBag from /home/airflow/.local/lib/python3.7/site-packages/airflow/example_dags/example_short_circuit_operator.py
[2024-08-12T10:11:03.380+0000] {processor.py:650} INFO - DAG(s) dict_keys(['example_short_circuit_operator']) retrieved from /home/airflow/.local/lib/python3.7/site-packages/airflow/example_dags/example_short_circuit_operator.py
[2024-08-12T10:11:03.404+0000] {logging_mixin.py:115} INFO - [2024-08-12T10:11:03.404+0000] {dag.py:2429} INFO - Sync 1 DAGs
[2024-08-12T10:11:03.424+0000] {logging_mixin.py:115} INFO - [2024-08-12T10:11:03.424+0000] {dag.py:2981} INFO - Setting next_dagrun for example_short_circuit_operator to 2024-08-11T10:11:03.424121+00:00, run_after=2024-08-12T10:11:03.424121+00:00
[2024-08-12T10:11:03.436+0000] {processor.py:161} INFO - Processing /home/airflow/.local/lib/python3.7/site-packages/airflow/example_dags/example_short_circuit_operator.py took 0.068 seconds
[2024-08-12T10:11:34.159+0000] {processor.py:153} INFO - Started process (PID=1778) to work on /home/airflow/.local/lib/python3.7/site-packages/airflow/example_dags/example_short_circuit_operator.py
[2024-08-12T10:11:34.160+0000] {processor.py:640} INFO - Processing file /home/airflow/.local/lib/python3.7/site-packages/airflow/example_dags/example_short_circuit_operator.py for tasks to queue
[2024-08-12T10:11:34.160+0000] {logging_mixin.py:115} INFO - [2024-08-12T10:11:34.160+0000] {dagbag.py:508} INFO - Filling up the DagBag from /home/airflow/.local/lib/python3.7/site-packages/airflow/example_dags/example_short_circuit_operator.py
[2024-08-12T10:11:34.167+0000] {processor.py:650} INFO - DAG(s) dict_keys(['example_short_circuit_operator']) retrieved from /home/airflow/.local/lib/python3.7/site-packages/airflow/example_dags/example_short_circuit_operator.py
[2024-08-12T10:11:34.189+0000] {logging_mixin.py:115} INFO - [2024-08-12T10:11:34.189+0000] {dag.py:2429} INFO - Sync 1 DAGs
[2024-08-12T10:11:34.207+0000] {logging_mixin.py:115} INFO - [2024-08-12T10:11:34.207+0000] {dag.py:2981} INFO - Setting next_dagrun for example_short_circuit_operator to 2024-08-11T10:11:34.206942+00:00, run_after=2024-08-12T10:11:34.206942+00:00
[2024-08-12T10:11:34.218+0000] {processor.py:161} INFO - Processing /home/airflow/.local/lib/python3.7/site-packages/airflow/example_dags/example_short_circuit_operator.py took 0.062 seconds
[2024-08-12T10:12:04.889+0000] {processor.py:153} INFO - Started process (PID=1841) to work on /home/airflow/.local/lib/python3.7/site-packages/airflow/example_dags/example_short_circuit_operator.py
[2024-08-12T10:12:04.889+0000] {processor.py:640} INFO - Processing file /home/airflow/.local/lib/python3.7/site-packages/airflow/example_dags/example_short_circuit_operator.py for tasks to queue
[2024-08-12T10:12:04.890+0000] {logging_mixin.py:115} INFO - [2024-08-12T10:12:04.890+0000] {dagbag.py:508} INFO - Filling up the DagBag from /home/airflow/.local/lib/python3.7/site-packages/airflow/example_dags/example_short_circuit_operator.py
[2024-08-12T10:12:04.897+0000] {processor.py:650} INFO - DAG(s) dict_keys(['example_short_circuit_operator']) retrieved from /home/airflow/.local/lib/python3.7/site-packages/airflow/example_dags/example_short_circuit_operator.py
[2024-08-12T10:12:04.921+0000] {logging_mixin.py:115} INFO - [2024-08-12T10:12:04.921+0000] {dag.py:2429} INFO - Sync 1 DAGs
[2024-08-12T10:12:04.941+0000] {logging_mixin.py:115} INFO - [2024-08-12T10:12:04.940+0000] {dag.py:2981} INFO - Setting next_dagrun for example_short_circuit_operator to 2024-08-11T10:12:04.940662+00:00, run_after=2024-08-12T10:12:04.940662+00:00
[2024-08-12T10:12:04.953+0000] {processor.py:161} INFO - Processing /home/airflow/.local/lib/python3.7/site-packages/airflow/example_dags/example_short_circuit_operator.py took 0.067 seconds
[2024-08-12T10:12:35.896+0000] {processor.py:153} INFO - Started process (PID=1904) to work on /home/airflow/.local/lib/python3.7/site-packages/airflow/example_dags/example_short_circuit_operator.py
[2024-08-12T10:12:35.897+0000] {processor.py:640} INFO - Processing file /home/airflow/.local/lib/python3.7/site-packages/airflow/example_dags/example_short_circuit_operator.py for tasks to queue
[2024-08-12T10:12:35.898+0000] {logging_mixin.py:115} INFO - [2024-08-12T10:12:35.898+0000] {dagbag.py:508} INFO - Filling up the DagBag from /home/airflow/.local/lib/python3.7/site-packages/airflow/example_dags/example_short_circuit_operator.py
[2024-08-12T10:12:35.905+0000] {processor.py:650} INFO - DAG(s) dict_keys(['example_short_circuit_operator']) retrieved from /home/airflow/.local/lib/python3.7/site-packages/airflow/example_dags/example_short_circuit_operator.py
[2024-08-12T10:12:35.928+0000] {logging_mixin.py:115} INFO - [2024-08-12T10:12:35.928+0000] {dag.py:2429} INFO - Sync 1 DAGs
[2024-08-12T10:12:35.949+0000] {logging_mixin.py:115} INFO - [2024-08-12T10:12:35.948+0000] {dag.py:2981} INFO - Setting next_dagrun for example_short_circuit_operator to 2024-08-11T10:12:35.948656+00:00, run_after=2024-08-12T10:12:35.948656+00:00
[2024-08-12T10:12:35.960+0000] {processor.py:161} INFO - Processing /home/airflow/.local/lib/python3.7/site-packages/airflow/example_dags/example_short_circuit_operator.py took 0.067 seconds
[2024-08-12T10:13:06.709+0000] {processor.py:153} INFO - Started process (PID=1967) to work on /home/airflow/.local/lib/python3.7/site-packages/airflow/example_dags/example_short_circuit_operator.py
[2024-08-12T10:13:06.709+0000] {processor.py:640} INFO - Processing file /home/airflow/.local/lib/python3.7/site-packages/airflow/example_dags/example_short_circuit_operator.py for tasks to queue
[2024-08-12T10:13:06.710+0000] {logging_mixin.py:115} INFO - [2024-08-12T10:13:06.710+0000] {dagbag.py:508} INFO - Filling up the DagBag from /home/airflow/.local/lib/python3.7/site-packages/airflow/example_dags/example_short_circuit_operator.py
[2024-08-12T10:13:06.717+0000] {processor.py:650} INFO - DAG(s) dict_keys(['example_short_circuit_operator']) retrieved from /home/airflow/.local/lib/python3.7/site-packages/airflow/example_dags/example_short_circuit_operator.py
[2024-08-12T10:13:06.739+0000] {logging_mixin.py:115} INFO - [2024-08-12T10:13:06.739+0000] {dag.py:2429} INFO - Sync 1 DAGs
[2024-08-12T10:13:06.760+0000] {logging_mixin.py:115} INFO - [2024-08-12T10:13:06.760+0000] {dag.py:2981} INFO - Setting next_dagrun for example_short_circuit_operator to 2024-08-11T10:13:06.760463+00:00, run_after=2024-08-12T10:13:06.760463+00:00
[2024-08-12T10:13:06.771+0000] {processor.py:161} INFO - Processing /home/airflow/.local/lib/python3.7/site-packages/airflow/example_dags/example_short_circuit_operator.py took 0.065 seconds
[2024-08-12T10:13:37.407+0000] {processor.py:153} INFO - Started process (PID=2021) to work on /home/airflow/.local/lib/python3.7/site-packages/airflow/example_dags/example_short_circuit_operator.py
[2024-08-12T10:13:37.408+0000] {processor.py:640} INFO - Processing file /home/airflow/.local/lib/python3.7/site-packages/airflow/example_dags/example_short_circuit_operator.py for tasks to queue
[2024-08-12T10:13:37.408+0000] {logging_mixin.py:115} INFO - [2024-08-12T10:13:37.408+0000] {dagbag.py:508} INFO - Filling up the DagBag from /home/airflow/.local/lib/python3.7/site-packages/airflow/example_dags/example_short_circuit_operator.py
[2024-08-12T10:13:37.415+0000] {processor.py:650} INFO - DAG(s) dict_keys(['example_short_circuit_operator']) retrieved from /home/airflow/.local/lib/python3.7/site-packages/airflow/example_dags/example_short_circuit_operator.py
[2024-08-12T10:13:37.437+0000] {logging_mixin.py:115} INFO - [2024-08-12T10:13:37.437+0000] {dag.py:2429} INFO - Sync 1 DAGs
[2024-08-12T10:13:37.455+0000] {logging_mixin.py:115} INFO - [2024-08-12T10:13:37.455+0000] {dag.py:2981} INFO - Setting next_dagrun for example_short_circuit_operator to 2024-08-11T10:13:37.455240+00:00, run_after=2024-08-12T10:13:37.455240+00:00
[2024-08-12T10:13:37.465+0000] {processor.py:161} INFO - Processing /home/airflow/.local/lib/python3.7/site-packages/airflow/example_dags/example_short_circuit_operator.py took 0.061 seconds
[2024-08-12T10:14:08.396+0000] {processor.py:153} INFO - Started process (PID=2084) to work on /home/airflow/.local/lib/python3.7/site-packages/airflow/example_dags/example_short_circuit_operator.py
[2024-08-12T10:14:08.397+0000] {processor.py:640} INFO - Processing file /home/airflow/.local/lib/python3.7/site-packages/airflow/example_dags/example_short_circuit_operator.py for tasks to queue
[2024-08-12T10:14:08.397+0000] {logging_mixin.py:115} INFO - [2024-08-12T10:14:08.397+0000] {dagbag.py:508} INFO - Filling up the DagBag from /home/airflow/.local/lib/python3.7/site-packages/airflow/example_dags/example_short_circuit_operator.py
[2024-08-12T10:14:08.404+0000] {processor.py:650} INFO - DAG(s) dict_keys(['example_short_circuit_operator']) retrieved from /home/airflow/.local/lib/python3.7/site-packages/airflow/example_dags/example_short_circuit_operator.py
[2024-08-12T10:14:08.429+0000] {logging_mixin.py:115} INFO - [2024-08-12T10:14:08.428+0000] {dag.py:2429} INFO - Sync 1 DAGs
[2024-08-12T10:14:08.450+0000] {logging_mixin.py:115} INFO - [2024-08-12T10:14:08.449+0000] {dag.py:2981} INFO - Setting next_dagrun for example_short_circuit_operator to 2024-08-11T10:14:08.449691+00:00, run_after=2024-08-12T10:14:08.449691+00:00
[2024-08-12T10:14:08.461+0000] {processor.py:161} INFO - Processing /home/airflow/.local/lib/python3.7/site-packages/airflow/example_dags/example_short_circuit_operator.py took 0.068 seconds
