[2024-08-12T08:27:07.088+0000] {processor.py:153} INFO - Started process (PID=68) to work on /home/airflow/.local/lib/python3.7/site-packages/airflow/example_dags/example_branch_day_of_week_operator.py
[2024-08-12T08:27:07.088+0000] {processor.py:640} INFO - Processing file /home/airflow/.local/lib/python3.7/site-packages/airflow/example_dags/example_branch_day_of_week_operator.py for tasks to queue
[2024-08-12T08:27:07.089+0000] {logging_mixin.py:115} INFO - [2024-08-12T08:27:07.089+0000] {dagbag.py:508} INFO - Filling up the DagBag from /home/airflow/.local/lib/python3.7/site-packages/airflow/example_dags/example_branch_day_of_week_operator.py
[2024-08-12T08:27:07.103+0000] {processor.py:650} INFO - DAG(s) dict_keys(['example_weekday_branch_operator']) retrieved from /home/airflow/.local/lib/python3.7/site-packages/airflow/example_dags/example_branch_day_of_week_operator.py
[2024-08-12T08:27:07.202+0000] {logging_mixin.py:115} INFO - [2024-08-12T08:27:07.202+0000] {manager.py:508} INFO - Created Permission View: can edit on DAG:example_weekday_branch_operator
[2024-08-12T08:27:07.214+0000] {logging_mixin.py:115} INFO - [2024-08-12T08:27:07.214+0000] {manager.py:508} INFO - Created Permission View: can read on DAG:example_weekday_branch_operator
[2024-08-12T08:27:07.221+0000] {logging_mixin.py:115} INFO - [2024-08-12T08:27:07.221+0000] {manager.py:508} INFO - Created Permission View: can delete on DAG:example_weekday_branch_operator
[2024-08-12T08:27:07.222+0000] {logging_mixin.py:115} INFO - [2024-08-12T08:27:07.222+0000] {dag.py:2429} INFO - Sync 1 DAGs
[2024-08-12T08:27:07.231+0000] {logging_mixin.py:115} INFO - [2024-08-12T08:27:07.231+0000] {dag.py:2448} INFO - Creating ORM DAG for example_weekday_branch_operator
[2024-08-12T08:27:07.245+0000] {logging_mixin.py:115} INFO - [2024-08-12T08:27:07.244+0000] {dag.py:2981} INFO - Setting next_dagrun for example_weekday_branch_operator to 2024-08-11T00:00:00+00:00, run_after=2024-08-12T00:00:00+00:00
[2024-08-12T08:27:07.262+0000] {processor.py:161} INFO - Processing /home/airflow/.local/lib/python3.7/site-packages/airflow/example_dags/example_branch_day_of_week_operator.py took 0.178 seconds
[2024-08-12T08:27:38.053+0000] {processor.py:153} INFO - Started process (PID=120) to work on /home/airflow/.local/lib/python3.7/site-packages/airflow/example_dags/example_branch_day_of_week_operator.py
[2024-08-12T08:27:38.054+0000] {processor.py:640} INFO - Processing file /home/airflow/.local/lib/python3.7/site-packages/airflow/example_dags/example_branch_day_of_week_operator.py for tasks to queue
[2024-08-12T08:27:38.055+0000] {logging_mixin.py:115} INFO - [2024-08-12T08:27:38.055+0000] {dagbag.py:508} INFO - Filling up the DagBag from /home/airflow/.local/lib/python3.7/site-packages/airflow/example_dags/example_branch_day_of_week_operator.py
[2024-08-12T08:27:38.061+0000] {processor.py:650} INFO - DAG(s) dict_keys(['example_weekday_branch_operator']) retrieved from /home/airflow/.local/lib/python3.7/site-packages/airflow/example_dags/example_branch_day_of_week_operator.py
[2024-08-12T08:27:38.082+0000] {logging_mixin.py:115} INFO - [2024-08-12T08:27:38.082+0000] {dag.py:2429} INFO - Sync 1 DAGs
[2024-08-12T08:27:38.102+0000] {logging_mixin.py:115} INFO - [2024-08-12T08:27:38.101+0000] {dag.py:2981} INFO - Setting next_dagrun for example_weekday_branch_operator to 2024-08-11T00:00:00+00:00, run_after=2024-08-12T00:00:00+00:00
[2024-08-12T08:27:38.112+0000] {processor.py:161} INFO - Processing /home/airflow/.local/lib/python3.7/site-packages/airflow/example_dags/example_branch_day_of_week_operator.py took 0.061 seconds
[2024-08-12T08:28:08.767+0000] {processor.py:153} INFO - Started process (PID=181) to work on /home/airflow/.local/lib/python3.7/site-packages/airflow/example_dags/example_branch_day_of_week_operator.py
[2024-08-12T08:28:08.768+0000] {processor.py:640} INFO - Processing file /home/airflow/.local/lib/python3.7/site-packages/airflow/example_dags/example_branch_day_of_week_operator.py for tasks to queue
[2024-08-12T08:28:08.768+0000] {logging_mixin.py:115} INFO - [2024-08-12T08:28:08.768+0000] {dagbag.py:508} INFO - Filling up the DagBag from /home/airflow/.local/lib/python3.7/site-packages/airflow/example_dags/example_branch_day_of_week_operator.py
[2024-08-12T08:28:08.775+0000] {processor.py:650} INFO - DAG(s) dict_keys(['example_weekday_branch_operator']) retrieved from /home/airflow/.local/lib/python3.7/site-packages/airflow/example_dags/example_branch_day_of_week_operator.py
[2024-08-12T08:28:08.794+0000] {logging_mixin.py:115} INFO - [2024-08-12T08:28:08.794+0000] {dag.py:2429} INFO - Sync 1 DAGs
[2024-08-12T08:28:08.814+0000] {logging_mixin.py:115} INFO - [2024-08-12T08:28:08.814+0000] {dag.py:2981} INFO - Setting next_dagrun for example_weekday_branch_operator to 2024-08-11T00:00:00+00:00, run_after=2024-08-12T00:00:00+00:00
[2024-08-12T08:28:08.824+0000] {processor.py:161} INFO - Processing /home/airflow/.local/lib/python3.7/site-packages/airflow/example_dags/example_branch_day_of_week_operator.py took 0.059 seconds
[2024-08-12T09:57:11.417+0000] {processor.py:153} INFO - Started process (PID=70) to work on /home/airflow/.local/lib/python3.7/site-packages/airflow/example_dags/example_branch_day_of_week_operator.py
[2024-08-12T09:57:11.420+0000] {processor.py:640} INFO - Processing file /home/airflow/.local/lib/python3.7/site-packages/airflow/example_dags/example_branch_day_of_week_operator.py for tasks to queue
[2024-08-12T09:57:11.420+0000] {logging_mixin.py:115} INFO - [2024-08-12T09:57:11.420+0000] {dagbag.py:508} INFO - Filling up the DagBag from /home/airflow/.local/lib/python3.7/site-packages/airflow/example_dags/example_branch_day_of_week_operator.py
[2024-08-12T09:57:11.436+0000] {processor.py:650} INFO - DAG(s) dict_keys(['example_weekday_branch_operator']) retrieved from /home/airflow/.local/lib/python3.7/site-packages/airflow/example_dags/example_branch_day_of_week_operator.py
[2024-08-12T09:57:11.479+0000] {logging_mixin.py:115} INFO - [2024-08-12T09:57:11.478+0000] {dag.py:2429} INFO - Sync 1 DAGs
[2024-08-12T09:57:11.504+0000] {logging_mixin.py:115} INFO - [2024-08-12T09:57:11.504+0000] {dag.py:2981} INFO - Setting next_dagrun for example_weekday_branch_operator to 2024-08-11T00:00:00+00:00, run_after=2024-08-12T00:00:00+00:00
[2024-08-12T09:57:11.516+0000] {processor.py:161} INFO - Processing /home/airflow/.local/lib/python3.7/site-packages/airflow/example_dags/example_branch_day_of_week_operator.py took 0.101 seconds
[2024-08-12T09:57:42.059+0000] {processor.py:153} INFO - Started process (PID=124) to work on /home/airflow/.local/lib/python3.7/site-packages/airflow/example_dags/example_branch_day_of_week_operator.py
[2024-08-12T09:57:42.059+0000] {processor.py:640} INFO - Processing file /home/airflow/.local/lib/python3.7/site-packages/airflow/example_dags/example_branch_day_of_week_operator.py for tasks to queue
[2024-08-12T09:57:42.060+0000] {logging_mixin.py:115} INFO - [2024-08-12T09:57:42.060+0000] {dagbag.py:508} INFO - Filling up the DagBag from /home/airflow/.local/lib/python3.7/site-packages/airflow/example_dags/example_branch_day_of_week_operator.py
[2024-08-12T09:57:42.066+0000] {processor.py:650} INFO - DAG(s) dict_keys(['example_weekday_branch_operator']) retrieved from /home/airflow/.local/lib/python3.7/site-packages/airflow/example_dags/example_branch_day_of_week_operator.py
[2024-08-12T09:57:42.087+0000] {logging_mixin.py:115} INFO - [2024-08-12T09:57:42.087+0000] {dag.py:2429} INFO - Sync 1 DAGs
[2024-08-12T09:57:42.113+0000] {logging_mixin.py:115} INFO - [2024-08-12T09:57:42.113+0000] {dag.py:2981} INFO - Setting next_dagrun for example_weekday_branch_operator to 2024-08-11T00:00:00+00:00, run_after=2024-08-12T00:00:00+00:00
[2024-08-12T09:57:42.123+0000] {processor.py:161} INFO - Processing /home/airflow/.local/lib/python3.7/site-packages/airflow/example_dags/example_branch_day_of_week_operator.py took 0.067 seconds
[2024-08-12T09:58:12.990+0000] {processor.py:153} INFO - Started process (PID=187) to work on /home/airflow/.local/lib/python3.7/site-packages/airflow/example_dags/example_branch_day_of_week_operator.py
[2024-08-12T09:58:12.991+0000] {processor.py:640} INFO - Processing file /home/airflow/.local/lib/python3.7/site-packages/airflow/example_dags/example_branch_day_of_week_operator.py for tasks to queue
[2024-08-12T09:58:12.992+0000] {logging_mixin.py:115} INFO - [2024-08-12T09:58:12.991+0000] {dagbag.py:508} INFO - Filling up the DagBag from /home/airflow/.local/lib/python3.7/site-packages/airflow/example_dags/example_branch_day_of_week_operator.py
[2024-08-12T09:58:12.998+0000] {processor.py:650} INFO - DAG(s) dict_keys(['example_weekday_branch_operator']) retrieved from /home/airflow/.local/lib/python3.7/site-packages/airflow/example_dags/example_branch_day_of_week_operator.py
[2024-08-12T09:58:13.018+0000] {logging_mixin.py:115} INFO - [2024-08-12T09:58:13.018+0000] {dag.py:2429} INFO - Sync 1 DAGs
[2024-08-12T09:58:13.037+0000] {logging_mixin.py:115} INFO - [2024-08-12T09:58:13.037+0000] {dag.py:2981} INFO - Setting next_dagrun for example_weekday_branch_operator to 2024-08-11T00:00:00+00:00, run_after=2024-08-12T00:00:00+00:00
[2024-08-12T09:58:13.047+0000] {processor.py:161} INFO - Processing /home/airflow/.local/lib/python3.7/site-packages/airflow/example_dags/example_branch_day_of_week_operator.py took 0.060 seconds
[2024-08-12T09:58:43.925+0000] {processor.py:153} INFO - Started process (PID=250) to work on /home/airflow/.local/lib/python3.7/site-packages/airflow/example_dags/example_branch_day_of_week_operator.py
[2024-08-12T09:58:43.926+0000] {processor.py:640} INFO - Processing file /home/airflow/.local/lib/python3.7/site-packages/airflow/example_dags/example_branch_day_of_week_operator.py for tasks to queue
[2024-08-12T09:58:43.927+0000] {logging_mixin.py:115} INFO - [2024-08-12T09:58:43.927+0000] {dagbag.py:508} INFO - Filling up the DagBag from /home/airflow/.local/lib/python3.7/site-packages/airflow/example_dags/example_branch_day_of_week_operator.py
[2024-08-12T09:58:43.934+0000] {processor.py:650} INFO - DAG(s) dict_keys(['example_weekday_branch_operator']) retrieved from /home/airflow/.local/lib/python3.7/site-packages/airflow/example_dags/example_branch_day_of_week_operator.py
[2024-08-12T09:58:43.955+0000] {logging_mixin.py:115} INFO - [2024-08-12T09:58:43.955+0000] {dag.py:2429} INFO - Sync 1 DAGs
[2024-08-12T09:58:43.977+0000] {logging_mixin.py:115} INFO - [2024-08-12T09:58:43.976+0000] {dag.py:2981} INFO - Setting next_dagrun for example_weekday_branch_operator to 2024-08-11T00:00:00+00:00, run_after=2024-08-12T00:00:00+00:00
[2024-08-12T09:58:43.989+0000] {processor.py:161} INFO - Processing /home/airflow/.local/lib/python3.7/site-packages/airflow/example_dags/example_branch_day_of_week_operator.py took 0.066 seconds
[2024-08-12T09:59:14.780+0000] {processor.py:153} INFO - Started process (PID=313) to work on /home/airflow/.local/lib/python3.7/site-packages/airflow/example_dags/example_branch_day_of_week_operator.py
[2024-08-12T09:59:14.781+0000] {processor.py:640} INFO - Processing file /home/airflow/.local/lib/python3.7/site-packages/airflow/example_dags/example_branch_day_of_week_operator.py for tasks to queue
[2024-08-12T09:59:14.782+0000] {logging_mixin.py:115} INFO - [2024-08-12T09:59:14.782+0000] {dagbag.py:508} INFO - Filling up the DagBag from /home/airflow/.local/lib/python3.7/site-packages/airflow/example_dags/example_branch_day_of_week_operator.py
[2024-08-12T09:59:14.790+0000] {processor.py:650} INFO - DAG(s) dict_keys(['example_weekday_branch_operator']) retrieved from /home/airflow/.local/lib/python3.7/site-packages/airflow/example_dags/example_branch_day_of_week_operator.py
[2024-08-12T09:59:14.813+0000] {logging_mixin.py:115} INFO - [2024-08-12T09:59:14.813+0000] {dag.py:2429} INFO - Sync 1 DAGs
[2024-08-12T09:59:14.835+0000] {logging_mixin.py:115} INFO - [2024-08-12T09:59:14.835+0000] {dag.py:2981} INFO - Setting next_dagrun for example_weekday_branch_operator to 2024-08-11T00:00:00+00:00, run_after=2024-08-12T00:00:00+00:00
[2024-08-12T09:59:14.846+0000] {processor.py:161} INFO - Processing /home/airflow/.local/lib/python3.7/site-packages/airflow/example_dags/example_branch_day_of_week_operator.py took 0.069 seconds
[2024-08-12T09:59:44.880+0000] {processor.py:153} INFO - Started process (PID=366) to work on /home/airflow/.local/lib/python3.7/site-packages/airflow/example_dags/example_branch_day_of_week_operator.py
[2024-08-12T09:59:44.881+0000] {processor.py:640} INFO - Processing file /home/airflow/.local/lib/python3.7/site-packages/airflow/example_dags/example_branch_day_of_week_operator.py for tasks to queue
[2024-08-12T09:59:44.881+0000] {logging_mixin.py:115} INFO - [2024-08-12T09:59:44.881+0000] {dagbag.py:508} INFO - Filling up the DagBag from /home/airflow/.local/lib/python3.7/site-packages/airflow/example_dags/example_branch_day_of_week_operator.py
[2024-08-12T09:59:44.888+0000] {processor.py:650} INFO - DAG(s) dict_keys(['example_weekday_branch_operator']) retrieved from /home/airflow/.local/lib/python3.7/site-packages/airflow/example_dags/example_branch_day_of_week_operator.py
[2024-08-12T09:59:44.909+0000] {logging_mixin.py:115} INFO - [2024-08-12T09:59:44.909+0000] {dag.py:2429} INFO - Sync 1 DAGs
[2024-08-12T09:59:44.929+0000] {logging_mixin.py:115} INFO - [2024-08-12T09:59:44.928+0000] {dag.py:2981} INFO - Setting next_dagrun for example_weekday_branch_operator to 2024-08-11T00:00:00+00:00, run_after=2024-08-12T00:00:00+00:00
[2024-08-12T09:59:44.939+0000] {processor.py:161} INFO - Processing /home/airflow/.local/lib/python3.7/site-packages/airflow/example_dags/example_branch_day_of_week_operator.py took 0.062 seconds
[2024-08-12T10:00:15.937+0000] {processor.py:153} INFO - Started process (PID=430) to work on /home/airflow/.local/lib/python3.7/site-packages/airflow/example_dags/example_branch_day_of_week_operator.py
[2024-08-12T10:00:15.937+0000] {processor.py:640} INFO - Processing file /home/airflow/.local/lib/python3.7/site-packages/airflow/example_dags/example_branch_day_of_week_operator.py for tasks to queue
[2024-08-12T10:00:15.938+0000] {logging_mixin.py:115} INFO - [2024-08-12T10:00:15.938+0000] {dagbag.py:508} INFO - Filling up the DagBag from /home/airflow/.local/lib/python3.7/site-packages/airflow/example_dags/example_branch_day_of_week_operator.py
[2024-08-12T10:00:15.944+0000] {processor.py:650} INFO - DAG(s) dict_keys(['example_weekday_branch_operator']) retrieved from /home/airflow/.local/lib/python3.7/site-packages/airflow/example_dags/example_branch_day_of_week_operator.py
[2024-08-12T10:00:15.964+0000] {logging_mixin.py:115} INFO - [2024-08-12T10:00:15.964+0000] {dag.py:2429} INFO - Sync 1 DAGs
[2024-08-12T10:00:15.982+0000] {logging_mixin.py:115} INFO - [2024-08-12T10:00:15.982+0000] {dag.py:2981} INFO - Setting next_dagrun for example_weekday_branch_operator to 2024-08-11T00:00:00+00:00, run_after=2024-08-12T00:00:00+00:00
[2024-08-12T10:00:15.992+0000] {processor.py:161} INFO - Processing /home/airflow/.local/lib/python3.7/site-packages/airflow/example_dags/example_branch_day_of_week_operator.py took 0.058 seconds
[2024-08-12T10:00:46.707+0000] {processor.py:153} INFO - Started process (PID=493) to work on /home/airflow/.local/lib/python3.7/site-packages/airflow/example_dags/example_branch_day_of_week_operator.py
[2024-08-12T10:00:46.708+0000] {processor.py:640} INFO - Processing file /home/airflow/.local/lib/python3.7/site-packages/airflow/example_dags/example_branch_day_of_week_operator.py for tasks to queue
[2024-08-12T10:00:46.709+0000] {logging_mixin.py:115} INFO - [2024-08-12T10:00:46.709+0000] {dagbag.py:508} INFO - Filling up the DagBag from /home/airflow/.local/lib/python3.7/site-packages/airflow/example_dags/example_branch_day_of_week_operator.py
[2024-08-12T10:00:46.716+0000] {processor.py:650} INFO - DAG(s) dict_keys(['example_weekday_branch_operator']) retrieved from /home/airflow/.local/lib/python3.7/site-packages/airflow/example_dags/example_branch_day_of_week_operator.py
[2024-08-12T10:00:46.737+0000] {logging_mixin.py:115} INFO - [2024-08-12T10:00:46.737+0000] {dag.py:2429} INFO - Sync 1 DAGs
[2024-08-12T10:00:46.758+0000] {logging_mixin.py:115} INFO - [2024-08-12T10:00:46.758+0000] {dag.py:2981} INFO - Setting next_dagrun for example_weekday_branch_operator to 2024-08-11T00:00:00+00:00, run_after=2024-08-12T00:00:00+00:00
[2024-08-12T10:00:46.770+0000] {processor.py:161} INFO - Processing /home/airflow/.local/lib/python3.7/site-packages/airflow/example_dags/example_branch_day_of_week_operator.py took 0.065 seconds
[2024-08-12T10:01:17.531+0000] {processor.py:153} INFO - Started process (PID=556) to work on /home/airflow/.local/lib/python3.7/site-packages/airflow/example_dags/example_branch_day_of_week_operator.py
[2024-08-12T10:01:17.532+0000] {processor.py:640} INFO - Processing file /home/airflow/.local/lib/python3.7/site-packages/airflow/example_dags/example_branch_day_of_week_operator.py for tasks to queue
[2024-08-12T10:01:17.533+0000] {logging_mixin.py:115} INFO - [2024-08-12T10:01:17.533+0000] {dagbag.py:508} INFO - Filling up the DagBag from /home/airflow/.local/lib/python3.7/site-packages/airflow/example_dags/example_branch_day_of_week_operator.py
[2024-08-12T10:01:17.540+0000] {processor.py:650} INFO - DAG(s) dict_keys(['example_weekday_branch_operator']) retrieved from /home/airflow/.local/lib/python3.7/site-packages/airflow/example_dags/example_branch_day_of_week_operator.py
[2024-08-12T10:01:17.563+0000] {logging_mixin.py:115} INFO - [2024-08-12T10:01:17.563+0000] {dag.py:2429} INFO - Sync 1 DAGs
[2024-08-12T10:01:17.582+0000] {logging_mixin.py:115} INFO - [2024-08-12T10:01:17.581+0000] {dag.py:2981} INFO - Setting next_dagrun for example_weekday_branch_operator to 2024-08-11T00:00:00+00:00, run_after=2024-08-12T00:00:00+00:00
[2024-08-12T10:01:17.594+0000] {processor.py:161} INFO - Processing /home/airflow/.local/lib/python3.7/site-packages/airflow/example_dags/example_branch_day_of_week_operator.py took 0.065 seconds
[2024-08-12T10:01:48.350+0000] {processor.py:153} INFO - Started process (PID=610) to work on /home/airflow/.local/lib/python3.7/site-packages/airflow/example_dags/example_branch_day_of_week_operator.py
[2024-08-12T10:01:48.351+0000] {processor.py:640} INFO - Processing file /home/airflow/.local/lib/python3.7/site-packages/airflow/example_dags/example_branch_day_of_week_operator.py for tasks to queue
[2024-08-12T10:01:48.352+0000] {logging_mixin.py:115} INFO - [2024-08-12T10:01:48.352+0000] {dagbag.py:508} INFO - Filling up the DagBag from /home/airflow/.local/lib/python3.7/site-packages/airflow/example_dags/example_branch_day_of_week_operator.py
[2024-08-12T10:01:48.358+0000] {processor.py:650} INFO - DAG(s) dict_keys(['example_weekday_branch_operator']) retrieved from /home/airflow/.local/lib/python3.7/site-packages/airflow/example_dags/example_branch_day_of_week_operator.py
[2024-08-12T10:01:48.378+0000] {logging_mixin.py:115} INFO - [2024-08-12T10:01:48.377+0000] {dag.py:2429} INFO - Sync 1 DAGs
[2024-08-12T10:01:48.396+0000] {logging_mixin.py:115} INFO - [2024-08-12T10:01:48.396+0000] {dag.py:2981} INFO - Setting next_dagrun for example_weekday_branch_operator to 2024-08-11T00:00:00+00:00, run_after=2024-08-12T00:00:00+00:00
[2024-08-12T10:01:48.406+0000] {processor.py:161} INFO - Processing /home/airflow/.local/lib/python3.7/site-packages/airflow/example_dags/example_branch_day_of_week_operator.py took 0.058 seconds
[2024-08-12T10:02:19.132+0000] {processor.py:153} INFO - Started process (PID=673) to work on /home/airflow/.local/lib/python3.7/site-packages/airflow/example_dags/example_branch_day_of_week_operator.py
[2024-08-12T10:02:19.133+0000] {processor.py:640} INFO - Processing file /home/airflow/.local/lib/python3.7/site-packages/airflow/example_dags/example_branch_day_of_week_operator.py for tasks to queue
[2024-08-12T10:02:19.133+0000] {logging_mixin.py:115} INFO - [2024-08-12T10:02:19.133+0000] {dagbag.py:508} INFO - Filling up the DagBag from /home/airflow/.local/lib/python3.7/site-packages/airflow/example_dags/example_branch_day_of_week_operator.py
[2024-08-12T10:02:19.140+0000] {processor.py:650} INFO - DAG(s) dict_keys(['example_weekday_branch_operator']) retrieved from /home/airflow/.local/lib/python3.7/site-packages/airflow/example_dags/example_branch_day_of_week_operator.py
[2024-08-12T10:02:19.160+0000] {logging_mixin.py:115} INFO - [2024-08-12T10:02:19.159+0000] {dag.py:2429} INFO - Sync 1 DAGs
[2024-08-12T10:02:19.178+0000] {logging_mixin.py:115} INFO - [2024-08-12T10:02:19.178+0000] {dag.py:2981} INFO - Setting next_dagrun for example_weekday_branch_operator to 2024-08-11T00:00:00+00:00, run_after=2024-08-12T00:00:00+00:00
[2024-08-12T10:02:19.189+0000] {processor.py:161} INFO - Processing /home/airflow/.local/lib/python3.7/site-packages/airflow/example_dags/example_branch_day_of_week_operator.py took 0.059 seconds
[2024-08-12T10:02:49.927+0000] {processor.py:153} INFO - Started process (PID=736) to work on /home/airflow/.local/lib/python3.7/site-packages/airflow/example_dags/example_branch_day_of_week_operator.py
[2024-08-12T10:02:49.928+0000] {processor.py:640} INFO - Processing file /home/airflow/.local/lib/python3.7/site-packages/airflow/example_dags/example_branch_day_of_week_operator.py for tasks to queue
[2024-08-12T10:02:49.929+0000] {logging_mixin.py:115} INFO - [2024-08-12T10:02:49.928+0000] {dagbag.py:508} INFO - Filling up the DagBag from /home/airflow/.local/lib/python3.7/site-packages/airflow/example_dags/example_branch_day_of_week_operator.py
[2024-08-12T10:02:49.935+0000] {processor.py:650} INFO - DAG(s) dict_keys(['example_weekday_branch_operator']) retrieved from /home/airflow/.local/lib/python3.7/site-packages/airflow/example_dags/example_branch_day_of_week_operator.py
[2024-08-12T10:02:49.956+0000] {logging_mixin.py:115} INFO - [2024-08-12T10:02:49.955+0000] {dag.py:2429} INFO - Sync 1 DAGs
[2024-08-12T10:02:49.974+0000] {logging_mixin.py:115} INFO - [2024-08-12T10:02:49.973+0000] {dag.py:2981} INFO - Setting next_dagrun for example_weekday_branch_operator to 2024-08-11T00:00:00+00:00, run_after=2024-08-12T00:00:00+00:00
[2024-08-12T10:02:49.984+0000] {processor.py:161} INFO - Processing /home/airflow/.local/lib/python3.7/site-packages/airflow/example_dags/example_branch_day_of_week_operator.py took 0.059 seconds
[2024-08-12T10:03:20.767+0000] {processor.py:153} INFO - Started process (PID=790) to work on /home/airflow/.local/lib/python3.7/site-packages/airflow/example_dags/example_branch_day_of_week_operator.py
[2024-08-12T10:03:20.768+0000] {processor.py:640} INFO - Processing file /home/airflow/.local/lib/python3.7/site-packages/airflow/example_dags/example_branch_day_of_week_operator.py for tasks to queue
[2024-08-12T10:03:20.768+0000] {logging_mixin.py:115} INFO - [2024-08-12T10:03:20.768+0000] {dagbag.py:508} INFO - Filling up the DagBag from /home/airflow/.local/lib/python3.7/site-packages/airflow/example_dags/example_branch_day_of_week_operator.py
[2024-08-12T10:03:20.774+0000] {processor.py:650} INFO - DAG(s) dict_keys(['example_weekday_branch_operator']) retrieved from /home/airflow/.local/lib/python3.7/site-packages/airflow/example_dags/example_branch_day_of_week_operator.py
[2024-08-12T10:03:20.796+0000] {logging_mixin.py:115} INFO - [2024-08-12T10:03:20.795+0000] {dag.py:2429} INFO - Sync 1 DAGs
[2024-08-12T10:03:20.813+0000] {logging_mixin.py:115} INFO - [2024-08-12T10:03:20.813+0000] {dag.py:2981} INFO - Setting next_dagrun for example_weekday_branch_operator to 2024-08-11T00:00:00+00:00, run_after=2024-08-12T00:00:00+00:00
[2024-08-12T10:03:20.823+0000] {processor.py:161} INFO - Processing /home/airflow/.local/lib/python3.7/site-packages/airflow/example_dags/example_branch_day_of_week_operator.py took 0.059 seconds
[2024-08-12T10:03:51.633+0000] {processor.py:153} INFO - Started process (PID=853) to work on /home/airflow/.local/lib/python3.7/site-packages/airflow/example_dags/example_branch_day_of_week_operator.py
[2024-08-12T10:03:51.634+0000] {processor.py:640} INFO - Processing file /home/airflow/.local/lib/python3.7/site-packages/airflow/example_dags/example_branch_day_of_week_operator.py for tasks to queue
[2024-08-12T10:03:51.635+0000] {logging_mixin.py:115} INFO - [2024-08-12T10:03:51.635+0000] {dagbag.py:508} INFO - Filling up the DagBag from /home/airflow/.local/lib/python3.7/site-packages/airflow/example_dags/example_branch_day_of_week_operator.py
[2024-08-12T10:03:51.641+0000] {processor.py:650} INFO - DAG(s) dict_keys(['example_weekday_branch_operator']) retrieved from /home/airflow/.local/lib/python3.7/site-packages/airflow/example_dags/example_branch_day_of_week_operator.py
[2024-08-12T10:03:51.661+0000] {logging_mixin.py:115} INFO - [2024-08-12T10:03:51.661+0000] {dag.py:2429} INFO - Sync 1 DAGs
[2024-08-12T10:03:51.680+0000] {logging_mixin.py:115} INFO - [2024-08-12T10:03:51.680+0000] {dag.py:2981} INFO - Setting next_dagrun for example_weekday_branch_operator to 2024-08-11T00:00:00+00:00, run_after=2024-08-12T00:00:00+00:00
[2024-08-12T10:03:51.691+0000] {processor.py:161} INFO - Processing /home/airflow/.local/lib/python3.7/site-packages/airflow/example_dags/example_branch_day_of_week_operator.py took 0.060 seconds
[2024-08-12T10:04:22.572+0000] {processor.py:153} INFO - Started process (PID=916) to work on /home/airflow/.local/lib/python3.7/site-packages/airflow/example_dags/example_branch_day_of_week_operator.py
[2024-08-12T10:04:22.573+0000] {processor.py:640} INFO - Processing file /home/airflow/.local/lib/python3.7/site-packages/airflow/example_dags/example_branch_day_of_week_operator.py for tasks to queue
[2024-08-12T10:04:22.574+0000] {logging_mixin.py:115} INFO - [2024-08-12T10:04:22.574+0000] {dagbag.py:508} INFO - Filling up the DagBag from /home/airflow/.local/lib/python3.7/site-packages/airflow/example_dags/example_branch_day_of_week_operator.py
[2024-08-12T10:04:22.580+0000] {processor.py:650} INFO - DAG(s) dict_keys(['example_weekday_branch_operator']) retrieved from /home/airflow/.local/lib/python3.7/site-packages/airflow/example_dags/example_branch_day_of_week_operator.py
[2024-08-12T10:04:22.600+0000] {logging_mixin.py:115} INFO - [2024-08-12T10:04:22.600+0000] {dag.py:2429} INFO - Sync 1 DAGs
[2024-08-12T10:04:22.619+0000] {logging_mixin.py:115} INFO - [2024-08-12T10:04:22.618+0000] {dag.py:2981} INFO - Setting next_dagrun for example_weekday_branch_operator to 2024-08-11T00:00:00+00:00, run_after=2024-08-12T00:00:00+00:00
[2024-08-12T10:04:22.629+0000] {processor.py:161} INFO - Processing /home/airflow/.local/lib/python3.7/site-packages/airflow/example_dags/example_branch_day_of_week_operator.py took 0.059 seconds
[2024-08-12T10:04:53.345+0000] {processor.py:153} INFO - Started process (PID=979) to work on /home/airflow/.local/lib/python3.7/site-packages/airflow/example_dags/example_branch_day_of_week_operator.py
[2024-08-12T10:04:53.346+0000] {processor.py:640} INFO - Processing file /home/airflow/.local/lib/python3.7/site-packages/airflow/example_dags/example_branch_day_of_week_operator.py for tasks to queue
[2024-08-12T10:04:53.346+0000] {logging_mixin.py:115} INFO - [2024-08-12T10:04:53.346+0000] {dagbag.py:508} INFO - Filling up the DagBag from /home/airflow/.local/lib/python3.7/site-packages/airflow/example_dags/example_branch_day_of_week_operator.py
[2024-08-12T10:04:53.353+0000] {processor.py:650} INFO - DAG(s) dict_keys(['example_weekday_branch_operator']) retrieved from /home/airflow/.local/lib/python3.7/site-packages/airflow/example_dags/example_branch_day_of_week_operator.py
[2024-08-12T10:04:53.374+0000] {logging_mixin.py:115} INFO - [2024-08-12T10:04:53.374+0000] {dag.py:2429} INFO - Sync 1 DAGs
[2024-08-12T10:04:53.393+0000] {logging_mixin.py:115} INFO - [2024-08-12T10:04:53.393+0000] {dag.py:2981} INFO - Setting next_dagrun for example_weekday_branch_operator to 2024-08-11T00:00:00+00:00, run_after=2024-08-12T00:00:00+00:00
[2024-08-12T10:04:53.404+0000] {processor.py:161} INFO - Processing /home/airflow/.local/lib/python3.7/site-packages/airflow/example_dags/example_branch_day_of_week_operator.py took 0.061 seconds
[2024-08-12T10:05:24.182+0000] {processor.py:153} INFO - Started process (PID=1033) to work on /home/airflow/.local/lib/python3.7/site-packages/airflow/example_dags/example_branch_day_of_week_operator.py
[2024-08-12T10:05:24.183+0000] {processor.py:640} INFO - Processing file /home/airflow/.local/lib/python3.7/site-packages/airflow/example_dags/example_branch_day_of_week_operator.py for tasks to queue
[2024-08-12T10:05:24.183+0000] {logging_mixin.py:115} INFO - [2024-08-12T10:05:24.183+0000] {dagbag.py:508} INFO - Filling up the DagBag from /home/airflow/.local/lib/python3.7/site-packages/airflow/example_dags/example_branch_day_of_week_operator.py
[2024-08-12T10:05:24.189+0000] {processor.py:650} INFO - DAG(s) dict_keys(['example_weekday_branch_operator']) retrieved from /home/airflow/.local/lib/python3.7/site-packages/airflow/example_dags/example_branch_day_of_week_operator.py
[2024-08-12T10:05:24.212+0000] {logging_mixin.py:115} INFO - [2024-08-12T10:05:24.212+0000] {dag.py:2429} INFO - Sync 1 DAGs
[2024-08-12T10:05:24.232+0000] {logging_mixin.py:115} INFO - [2024-08-12T10:05:24.232+0000] {dag.py:2981} INFO - Setting next_dagrun for example_weekday_branch_operator to 2024-08-11T00:00:00+00:00, run_after=2024-08-12T00:00:00+00:00
[2024-08-12T10:05:24.242+0000] {processor.py:161} INFO - Processing /home/airflow/.local/lib/python3.7/site-packages/airflow/example_dags/example_branch_day_of_week_operator.py took 0.063 seconds
[2024-08-12T10:05:55.056+0000] {processor.py:153} INFO - Started process (PID=1096) to work on /home/airflow/.local/lib/python3.7/site-packages/airflow/example_dags/example_branch_day_of_week_operator.py
[2024-08-12T10:05:55.057+0000] {processor.py:640} INFO - Processing file /home/airflow/.local/lib/python3.7/site-packages/airflow/example_dags/example_branch_day_of_week_operator.py for tasks to queue
[2024-08-12T10:05:55.057+0000] {logging_mixin.py:115} INFO - [2024-08-12T10:05:55.057+0000] {dagbag.py:508} INFO - Filling up the DagBag from /home/airflow/.local/lib/python3.7/site-packages/airflow/example_dags/example_branch_day_of_week_operator.py
[2024-08-12T10:05:55.064+0000] {processor.py:650} INFO - DAG(s) dict_keys(['example_weekday_branch_operator']) retrieved from /home/airflow/.local/lib/python3.7/site-packages/airflow/example_dags/example_branch_day_of_week_operator.py
[2024-08-12T10:05:55.085+0000] {logging_mixin.py:115} INFO - [2024-08-12T10:05:55.085+0000] {dag.py:2429} INFO - Sync 1 DAGs
[2024-08-12T10:05:55.105+0000] {logging_mixin.py:115} INFO - [2024-08-12T10:05:55.104+0000] {dag.py:2981} INFO - Setting next_dagrun for example_weekday_branch_operator to 2024-08-11T00:00:00+00:00, run_after=2024-08-12T00:00:00+00:00
[2024-08-12T10:05:55.115+0000] {processor.py:161} INFO - Processing /home/airflow/.local/lib/python3.7/site-packages/airflow/example_dags/example_branch_day_of_week_operator.py took 0.063 seconds
[2024-08-12T10:06:25.811+0000] {processor.py:153} INFO - Started process (PID=1159) to work on /home/airflow/.local/lib/python3.7/site-packages/airflow/example_dags/example_branch_day_of_week_operator.py
[2024-08-12T10:06:25.812+0000] {processor.py:640} INFO - Processing file /home/airflow/.local/lib/python3.7/site-packages/airflow/example_dags/example_branch_day_of_week_operator.py for tasks to queue
[2024-08-12T10:06:25.812+0000] {logging_mixin.py:115} INFO - [2024-08-12T10:06:25.812+0000] {dagbag.py:508} INFO - Filling up the DagBag from /home/airflow/.local/lib/python3.7/site-packages/airflow/example_dags/example_branch_day_of_week_operator.py
[2024-08-12T10:06:25.819+0000] {processor.py:650} INFO - DAG(s) dict_keys(['example_weekday_branch_operator']) retrieved from /home/airflow/.local/lib/python3.7/site-packages/airflow/example_dags/example_branch_day_of_week_operator.py
[2024-08-12T10:06:25.839+0000] {logging_mixin.py:115} INFO - [2024-08-12T10:06:25.839+0000] {dag.py:2429} INFO - Sync 1 DAGs
[2024-08-12T10:06:25.858+0000] {logging_mixin.py:115} INFO - [2024-08-12T10:06:25.857+0000] {dag.py:2981} INFO - Setting next_dagrun for example_weekday_branch_operator to 2024-08-11T00:00:00+00:00, run_after=2024-08-12T00:00:00+00:00
[2024-08-12T10:06:25.867+0000] {processor.py:161} INFO - Processing /home/airflow/.local/lib/python3.7/site-packages/airflow/example_dags/example_branch_day_of_week_operator.py took 0.059 seconds
[2024-08-12T10:06:56.708+0000] {processor.py:153} INFO - Started process (PID=1222) to work on /home/airflow/.local/lib/python3.7/site-packages/airflow/example_dags/example_branch_day_of_week_operator.py
[2024-08-12T10:06:56.708+0000] {processor.py:640} INFO - Processing file /home/airflow/.local/lib/python3.7/site-packages/airflow/example_dags/example_branch_day_of_week_operator.py for tasks to queue
[2024-08-12T10:06:56.709+0000] {logging_mixin.py:115} INFO - [2024-08-12T10:06:56.709+0000] {dagbag.py:508} INFO - Filling up the DagBag from /home/airflow/.local/lib/python3.7/site-packages/airflow/example_dags/example_branch_day_of_week_operator.py
[2024-08-12T10:06:56.715+0000] {processor.py:650} INFO - DAG(s) dict_keys(['example_weekday_branch_operator']) retrieved from /home/airflow/.local/lib/python3.7/site-packages/airflow/example_dags/example_branch_day_of_week_operator.py
[2024-08-12T10:06:56.736+0000] {logging_mixin.py:115} INFO - [2024-08-12T10:06:56.736+0000] {dag.py:2429} INFO - Sync 1 DAGs
[2024-08-12T10:06:56.754+0000] {logging_mixin.py:115} INFO - [2024-08-12T10:06:56.754+0000] {dag.py:2981} INFO - Setting next_dagrun for example_weekday_branch_operator to 2024-08-11T00:00:00+00:00, run_after=2024-08-12T00:00:00+00:00
[2024-08-12T10:06:56.764+0000] {processor.py:161} INFO - Processing /home/airflow/.local/lib/python3.7/site-packages/airflow/example_dags/example_branch_day_of_week_operator.py took 0.058 seconds
[2024-08-12T10:07:27.049+0000] {processor.py:153} INFO - Started process (PID=1276) to work on /home/airflow/.local/lib/python3.7/site-packages/airflow/example_dags/example_branch_day_of_week_operator.py
[2024-08-12T10:07:27.050+0000] {processor.py:640} INFO - Processing file /home/airflow/.local/lib/python3.7/site-packages/airflow/example_dags/example_branch_day_of_week_operator.py for tasks to queue
[2024-08-12T10:07:27.051+0000] {logging_mixin.py:115} INFO - [2024-08-12T10:07:27.050+0000] {dagbag.py:508} INFO - Filling up the DagBag from /home/airflow/.local/lib/python3.7/site-packages/airflow/example_dags/example_branch_day_of_week_operator.py
[2024-08-12T10:07:27.057+0000] {processor.py:650} INFO - DAG(s) dict_keys(['example_weekday_branch_operator']) retrieved from /home/airflow/.local/lib/python3.7/site-packages/airflow/example_dags/example_branch_day_of_week_operator.py
[2024-08-12T10:07:27.081+0000] {logging_mixin.py:115} INFO - [2024-08-12T10:07:27.081+0000] {dag.py:2429} INFO - Sync 1 DAGs
[2024-08-12T10:07:27.110+0000] {logging_mixin.py:115} INFO - [2024-08-12T10:07:27.109+0000] {dag.py:2981} INFO - Setting next_dagrun for example_weekday_branch_operator to 2024-08-11T00:00:00+00:00, run_after=2024-08-12T00:00:00+00:00
[2024-08-12T10:07:27.129+0000] {processor.py:161} INFO - Processing /home/airflow/.local/lib/python3.7/site-packages/airflow/example_dags/example_branch_day_of_week_operator.py took 0.082 seconds
[2024-08-12T10:07:58.057+0000] {processor.py:153} INFO - Started process (PID=1339) to work on /home/airflow/.local/lib/python3.7/site-packages/airflow/example_dags/example_branch_day_of_week_operator.py
[2024-08-12T10:07:58.058+0000] {processor.py:640} INFO - Processing file /home/airflow/.local/lib/python3.7/site-packages/airflow/example_dags/example_branch_day_of_week_operator.py for tasks to queue
[2024-08-12T10:07:58.059+0000] {logging_mixin.py:115} INFO - [2024-08-12T10:07:58.059+0000] {dagbag.py:508} INFO - Filling up the DagBag from /home/airflow/.local/lib/python3.7/site-packages/airflow/example_dags/example_branch_day_of_week_operator.py
[2024-08-12T10:07:58.065+0000] {processor.py:650} INFO - DAG(s) dict_keys(['example_weekday_branch_operator']) retrieved from /home/airflow/.local/lib/python3.7/site-packages/airflow/example_dags/example_branch_day_of_week_operator.py
[2024-08-12T10:07:58.086+0000] {logging_mixin.py:115} INFO - [2024-08-12T10:07:58.086+0000] {dag.py:2429} INFO - Sync 1 DAGs
[2024-08-12T10:07:58.105+0000] {logging_mixin.py:115} INFO - [2024-08-12T10:07:58.105+0000] {dag.py:2981} INFO - Setting next_dagrun for example_weekday_branch_operator to 2024-08-11T00:00:00+00:00, run_after=2024-08-12T00:00:00+00:00
[2024-08-12T10:07:58.116+0000] {processor.py:161} INFO - Processing /home/airflow/.local/lib/python3.7/site-packages/airflow/example_dags/example_branch_day_of_week_operator.py took 0.062 seconds
[2024-08-12T10:08:28.812+0000] {processor.py:153} INFO - Started process (PID=1402) to work on /home/airflow/.local/lib/python3.7/site-packages/airflow/example_dags/example_branch_day_of_week_operator.py
[2024-08-12T10:08:28.813+0000] {processor.py:640} INFO - Processing file /home/airflow/.local/lib/python3.7/site-packages/airflow/example_dags/example_branch_day_of_week_operator.py for tasks to queue
[2024-08-12T10:08:28.814+0000] {logging_mixin.py:115} INFO - [2024-08-12T10:08:28.813+0000] {dagbag.py:508} INFO - Filling up the DagBag from /home/airflow/.local/lib/python3.7/site-packages/airflow/example_dags/example_branch_day_of_week_operator.py
[2024-08-12T10:08:28.820+0000] {processor.py:650} INFO - DAG(s) dict_keys(['example_weekday_branch_operator']) retrieved from /home/airflow/.local/lib/python3.7/site-packages/airflow/example_dags/example_branch_day_of_week_operator.py
[2024-08-12T10:08:28.840+0000] {logging_mixin.py:115} INFO - [2024-08-12T10:08:28.839+0000] {dag.py:2429} INFO - Sync 1 DAGs
[2024-08-12T10:08:28.857+0000] {logging_mixin.py:115} INFO - [2024-08-12T10:08:28.857+0000] {dag.py:2981} INFO - Setting next_dagrun for example_weekday_branch_operator to 2024-08-11T00:00:00+00:00, run_after=2024-08-12T00:00:00+00:00
[2024-08-12T10:08:28.868+0000] {processor.py:161} INFO - Processing /home/airflow/.local/lib/python3.7/site-packages/airflow/example_dags/example_branch_day_of_week_operator.py took 0.058 seconds
[2024-08-12T10:08:59.587+0000] {processor.py:153} INFO - Started process (PID=1465) to work on /home/airflow/.local/lib/python3.7/site-packages/airflow/example_dags/example_branch_day_of_week_operator.py
[2024-08-12T10:08:59.588+0000] {processor.py:640} INFO - Processing file /home/airflow/.local/lib/python3.7/site-packages/airflow/example_dags/example_branch_day_of_week_operator.py for tasks to queue
[2024-08-12T10:08:59.589+0000] {logging_mixin.py:115} INFO - [2024-08-12T10:08:59.589+0000] {dagbag.py:508} INFO - Filling up the DagBag from /home/airflow/.local/lib/python3.7/site-packages/airflow/example_dags/example_branch_day_of_week_operator.py
[2024-08-12T10:08:59.595+0000] {processor.py:650} INFO - DAG(s) dict_keys(['example_weekday_branch_operator']) retrieved from /home/airflow/.local/lib/python3.7/site-packages/airflow/example_dags/example_branch_day_of_week_operator.py
[2024-08-12T10:08:59.617+0000] {logging_mixin.py:115} INFO - [2024-08-12T10:08:59.617+0000] {dag.py:2429} INFO - Sync 1 DAGs
[2024-08-12T10:08:59.637+0000] {logging_mixin.py:115} INFO - [2024-08-12T10:08:59.637+0000] {dag.py:2981} INFO - Setting next_dagrun for example_weekday_branch_operator to 2024-08-11T00:00:00+00:00, run_after=2024-08-12T00:00:00+00:00
[2024-08-12T10:08:59.648+0000] {processor.py:161} INFO - Processing /home/airflow/.local/lib/python3.7/site-packages/airflow/example_dags/example_branch_day_of_week_operator.py took 0.064 seconds
[2024-08-12T10:09:30.294+0000] {processor.py:153} INFO - Started process (PID=1519) to work on /home/airflow/.local/lib/python3.7/site-packages/airflow/example_dags/example_branch_day_of_week_operator.py
[2024-08-12T10:09:30.295+0000] {processor.py:640} INFO - Processing file /home/airflow/.local/lib/python3.7/site-packages/airflow/example_dags/example_branch_day_of_week_operator.py for tasks to queue
[2024-08-12T10:09:30.296+0000] {logging_mixin.py:115} INFO - [2024-08-12T10:09:30.296+0000] {dagbag.py:508} INFO - Filling up the DagBag from /home/airflow/.local/lib/python3.7/site-packages/airflow/example_dags/example_branch_day_of_week_operator.py
[2024-08-12T10:09:30.303+0000] {processor.py:650} INFO - DAG(s) dict_keys(['example_weekday_branch_operator']) retrieved from /home/airflow/.local/lib/python3.7/site-packages/airflow/example_dags/example_branch_day_of_week_operator.py
[2024-08-12T10:09:30.323+0000] {logging_mixin.py:115} INFO - [2024-08-12T10:09:30.323+0000] {dag.py:2429} INFO - Sync 1 DAGs
[2024-08-12T10:09:30.342+0000] {logging_mixin.py:115} INFO - [2024-08-12T10:09:30.342+0000] {dag.py:2981} INFO - Setting next_dagrun for example_weekday_branch_operator to 2024-08-11T00:00:00+00:00, run_after=2024-08-12T00:00:00+00:00
[2024-08-12T10:09:30.353+0000] {processor.py:161} INFO - Processing /home/airflow/.local/lib/python3.7/site-packages/airflow/example_dags/example_branch_day_of_week_operator.py took 0.061 seconds
[2024-08-12T10:10:01.036+0000] {processor.py:153} INFO - Started process (PID=1582) to work on /home/airflow/.local/lib/python3.7/site-packages/airflow/example_dags/example_branch_day_of_week_operator.py
[2024-08-12T10:10:01.036+0000] {processor.py:640} INFO - Processing file /home/airflow/.local/lib/python3.7/site-packages/airflow/example_dags/example_branch_day_of_week_operator.py for tasks to queue
[2024-08-12T10:10:01.037+0000] {logging_mixin.py:115} INFO - [2024-08-12T10:10:01.037+0000] {dagbag.py:508} INFO - Filling up the DagBag from /home/airflow/.local/lib/python3.7/site-packages/airflow/example_dags/example_branch_day_of_week_operator.py
[2024-08-12T10:10:01.043+0000] {processor.py:650} INFO - DAG(s) dict_keys(['example_weekday_branch_operator']) retrieved from /home/airflow/.local/lib/python3.7/site-packages/airflow/example_dags/example_branch_day_of_week_operator.py
[2024-08-12T10:10:01.065+0000] {logging_mixin.py:115} INFO - [2024-08-12T10:10:01.065+0000] {dag.py:2429} INFO - Sync 1 DAGs
[2024-08-12T10:10:01.084+0000] {logging_mixin.py:115} INFO - [2024-08-12T10:10:01.084+0000] {dag.py:2981} INFO - Setting next_dagrun for example_weekday_branch_operator to 2024-08-11T00:00:00+00:00, run_after=2024-08-12T00:00:00+00:00
[2024-08-12T10:10:01.097+0000] {processor.py:161} INFO - Processing /home/airflow/.local/lib/python3.7/site-packages/airflow/example_dags/example_branch_day_of_week_operator.py took 0.063 seconds
[2024-08-12T10:10:31.835+0000] {processor.py:153} INFO - Started process (PID=1645) to work on /home/airflow/.local/lib/python3.7/site-packages/airflow/example_dags/example_branch_day_of_week_operator.py
[2024-08-12T10:10:31.836+0000] {processor.py:640} INFO - Processing file /home/airflow/.local/lib/python3.7/site-packages/airflow/example_dags/example_branch_day_of_week_operator.py for tasks to queue
[2024-08-12T10:10:31.836+0000] {logging_mixin.py:115} INFO - [2024-08-12T10:10:31.836+0000] {dagbag.py:508} INFO - Filling up the DagBag from /home/airflow/.local/lib/python3.7/site-packages/airflow/example_dags/example_branch_day_of_week_operator.py
[2024-08-12T10:10:31.843+0000] {processor.py:650} INFO - DAG(s) dict_keys(['example_weekday_branch_operator']) retrieved from /home/airflow/.local/lib/python3.7/site-packages/airflow/example_dags/example_branch_day_of_week_operator.py
[2024-08-12T10:10:31.862+0000] {logging_mixin.py:115} INFO - [2024-08-12T10:10:31.862+0000] {dag.py:2429} INFO - Sync 1 DAGs
[2024-08-12T10:10:31.879+0000] {logging_mixin.py:115} INFO - [2024-08-12T10:10:31.879+0000] {dag.py:2981} INFO - Setting next_dagrun for example_weekday_branch_operator to 2024-08-11T00:00:00+00:00, run_after=2024-08-12T00:00:00+00:00
[2024-08-12T10:10:31.890+0000] {processor.py:161} INFO - Processing /home/airflow/.local/lib/python3.7/site-packages/airflow/example_dags/example_branch_day_of_week_operator.py took 0.057 seconds
[2024-08-12T10:11:02.557+0000] {processor.py:153} INFO - Started process (PID=1708) to work on /home/airflow/.local/lib/python3.7/site-packages/airflow/example_dags/example_branch_day_of_week_operator.py
[2024-08-12T10:11:02.558+0000] {processor.py:640} INFO - Processing file /home/airflow/.local/lib/python3.7/site-packages/airflow/example_dags/example_branch_day_of_week_operator.py for tasks to queue
[2024-08-12T10:11:02.558+0000] {logging_mixin.py:115} INFO - [2024-08-12T10:11:02.558+0000] {dagbag.py:508} INFO - Filling up the DagBag from /home/airflow/.local/lib/python3.7/site-packages/airflow/example_dags/example_branch_day_of_week_operator.py
[2024-08-12T10:11:02.565+0000] {processor.py:650} INFO - DAG(s) dict_keys(['example_weekday_branch_operator']) retrieved from /home/airflow/.local/lib/python3.7/site-packages/airflow/example_dags/example_branch_day_of_week_operator.py
[2024-08-12T10:11:02.589+0000] {logging_mixin.py:115} INFO - [2024-08-12T10:11:02.589+0000] {dag.py:2429} INFO - Sync 1 DAGs
[2024-08-12T10:11:02.609+0000] {logging_mixin.py:115} INFO - [2024-08-12T10:11:02.609+0000] {dag.py:2981} INFO - Setting next_dagrun for example_weekday_branch_operator to 2024-08-11T00:00:00+00:00, run_after=2024-08-12T00:00:00+00:00
[2024-08-12T10:11:02.621+0000] {processor.py:161} INFO - Processing /home/airflow/.local/lib/python3.7/site-packages/airflow/example_dags/example_branch_day_of_week_operator.py took 0.067 seconds
[2024-08-12T10:11:33.356+0000] {processor.py:153} INFO - Started process (PID=1762) to work on /home/airflow/.local/lib/python3.7/site-packages/airflow/example_dags/example_branch_day_of_week_operator.py
[2024-08-12T10:11:33.357+0000] {processor.py:640} INFO - Processing file /home/airflow/.local/lib/python3.7/site-packages/airflow/example_dags/example_branch_day_of_week_operator.py for tasks to queue
[2024-08-12T10:11:33.357+0000] {logging_mixin.py:115} INFO - [2024-08-12T10:11:33.357+0000] {dagbag.py:508} INFO - Filling up the DagBag from /home/airflow/.local/lib/python3.7/site-packages/airflow/example_dags/example_branch_day_of_week_operator.py
[2024-08-12T10:11:33.364+0000] {processor.py:650} INFO - DAG(s) dict_keys(['example_weekday_branch_operator']) retrieved from /home/airflow/.local/lib/python3.7/site-packages/airflow/example_dags/example_branch_day_of_week_operator.py
[2024-08-12T10:11:33.385+0000] {logging_mixin.py:115} INFO - [2024-08-12T10:11:33.385+0000] {dag.py:2429} INFO - Sync 1 DAGs
[2024-08-12T10:11:33.405+0000] {logging_mixin.py:115} INFO - [2024-08-12T10:11:33.405+0000] {dag.py:2981} INFO - Setting next_dagrun for example_weekday_branch_operator to 2024-08-11T00:00:00+00:00, run_after=2024-08-12T00:00:00+00:00
[2024-08-12T10:11:33.416+0000] {processor.py:161} INFO - Processing /home/airflow/.local/lib/python3.7/site-packages/airflow/example_dags/example_branch_day_of_week_operator.py took 0.062 seconds
[2024-08-12T10:12:04.087+0000] {processor.py:153} INFO - Started process (PID=1825) to work on /home/airflow/.local/lib/python3.7/site-packages/airflow/example_dags/example_branch_day_of_week_operator.py
[2024-08-12T10:12:04.087+0000] {processor.py:640} INFO - Processing file /home/airflow/.local/lib/python3.7/site-packages/airflow/example_dags/example_branch_day_of_week_operator.py for tasks to queue
[2024-08-12T10:12:04.088+0000] {logging_mixin.py:115} INFO - [2024-08-12T10:12:04.088+0000] {dagbag.py:508} INFO - Filling up the DagBag from /home/airflow/.local/lib/python3.7/site-packages/airflow/example_dags/example_branch_day_of_week_operator.py
[2024-08-12T10:12:04.094+0000] {processor.py:650} INFO - DAG(s) dict_keys(['example_weekday_branch_operator']) retrieved from /home/airflow/.local/lib/python3.7/site-packages/airflow/example_dags/example_branch_day_of_week_operator.py
[2024-08-12T10:12:04.114+0000] {logging_mixin.py:115} INFO - [2024-08-12T10:12:04.114+0000] {dag.py:2429} INFO - Sync 1 DAGs
[2024-08-12T10:12:04.133+0000] {logging_mixin.py:115} INFO - [2024-08-12T10:12:04.133+0000] {dag.py:2981} INFO - Setting next_dagrun for example_weekday_branch_operator to 2024-08-11T00:00:00+00:00, run_after=2024-08-12T00:00:00+00:00
[2024-08-12T10:12:04.144+0000] {processor.py:161} INFO - Processing /home/airflow/.local/lib/python3.7/site-packages/airflow/example_dags/example_branch_day_of_week_operator.py took 0.060 seconds
[2024-08-12T10:12:34.959+0000] {processor.py:153} INFO - Started process (PID=1888) to work on /home/airflow/.local/lib/python3.7/site-packages/airflow/example_dags/example_branch_day_of_week_operator.py
[2024-08-12T10:12:34.960+0000] {processor.py:640} INFO - Processing file /home/airflow/.local/lib/python3.7/site-packages/airflow/example_dags/example_branch_day_of_week_operator.py for tasks to queue
[2024-08-12T10:12:34.960+0000] {logging_mixin.py:115} INFO - [2024-08-12T10:12:34.960+0000] {dagbag.py:508} INFO - Filling up the DagBag from /home/airflow/.local/lib/python3.7/site-packages/airflow/example_dags/example_branch_day_of_week_operator.py
[2024-08-12T10:12:34.967+0000] {processor.py:650} INFO - DAG(s) dict_keys(['example_weekday_branch_operator']) retrieved from /home/airflow/.local/lib/python3.7/site-packages/airflow/example_dags/example_branch_day_of_week_operator.py
[2024-08-12T10:12:34.988+0000] {logging_mixin.py:115} INFO - [2024-08-12T10:12:34.988+0000] {dag.py:2429} INFO - Sync 1 DAGs
[2024-08-12T10:12:35.010+0000] {logging_mixin.py:115} INFO - [2024-08-12T10:12:35.010+0000] {dag.py:2981} INFO - Setting next_dagrun for example_weekday_branch_operator to 2024-08-11T00:00:00+00:00, run_after=2024-08-12T00:00:00+00:00
[2024-08-12T10:12:35.024+0000] {processor.py:161} INFO - Processing /home/airflow/.local/lib/python3.7/site-packages/airflow/example_dags/example_branch_day_of_week_operator.py took 0.068 seconds
[2024-08-12T10:13:05.861+0000] {processor.py:153} INFO - Started process (PID=1951) to work on /home/airflow/.local/lib/python3.7/site-packages/airflow/example_dags/example_branch_day_of_week_operator.py
[2024-08-12T10:13:05.861+0000] {processor.py:640} INFO - Processing file /home/airflow/.local/lib/python3.7/site-packages/airflow/example_dags/example_branch_day_of_week_operator.py for tasks to queue
[2024-08-12T10:13:05.862+0000] {logging_mixin.py:115} INFO - [2024-08-12T10:13:05.862+0000] {dagbag.py:508} INFO - Filling up the DagBag from /home/airflow/.local/lib/python3.7/site-packages/airflow/example_dags/example_branch_day_of_week_operator.py
[2024-08-12T10:13:05.868+0000] {processor.py:650} INFO - DAG(s) dict_keys(['example_weekday_branch_operator']) retrieved from /home/airflow/.local/lib/python3.7/site-packages/airflow/example_dags/example_branch_day_of_week_operator.py
[2024-08-12T10:13:05.889+0000] {logging_mixin.py:115} INFO - [2024-08-12T10:13:05.889+0000] {dag.py:2429} INFO - Sync 1 DAGs
[2024-08-12T10:13:05.908+0000] {logging_mixin.py:115} INFO - [2024-08-12T10:13:05.908+0000] {dag.py:2981} INFO - Setting next_dagrun for example_weekday_branch_operator to 2024-08-11T00:00:00+00:00, run_after=2024-08-12T00:00:00+00:00
[2024-08-12T10:13:05.921+0000] {processor.py:161} INFO - Processing /home/airflow/.local/lib/python3.7/site-packages/airflow/example_dags/example_branch_day_of_week_operator.py took 0.063 seconds
[2024-08-12T10:13:36.627+0000] {processor.py:153} INFO - Started process (PID=2005) to work on /home/airflow/.local/lib/python3.7/site-packages/airflow/example_dags/example_branch_day_of_week_operator.py
[2024-08-12T10:13:36.628+0000] {processor.py:640} INFO - Processing file /home/airflow/.local/lib/python3.7/site-packages/airflow/example_dags/example_branch_day_of_week_operator.py for tasks to queue
[2024-08-12T10:13:36.629+0000] {logging_mixin.py:115} INFO - [2024-08-12T10:13:36.629+0000] {dagbag.py:508} INFO - Filling up the DagBag from /home/airflow/.local/lib/python3.7/site-packages/airflow/example_dags/example_branch_day_of_week_operator.py
[2024-08-12T10:13:36.635+0000] {processor.py:650} INFO - DAG(s) dict_keys(['example_weekday_branch_operator']) retrieved from /home/airflow/.local/lib/python3.7/site-packages/airflow/example_dags/example_branch_day_of_week_operator.py
[2024-08-12T10:13:36.655+0000] {logging_mixin.py:115} INFO - [2024-08-12T10:13:36.655+0000] {dag.py:2429} INFO - Sync 1 DAGs
[2024-08-12T10:13:36.673+0000] {logging_mixin.py:115} INFO - [2024-08-12T10:13:36.673+0000] {dag.py:2981} INFO - Setting next_dagrun for example_weekday_branch_operator to 2024-08-11T00:00:00+00:00, run_after=2024-08-12T00:00:00+00:00
[2024-08-12T10:13:36.685+0000] {processor.py:161} INFO - Processing /home/airflow/.local/lib/python3.7/site-packages/airflow/example_dags/example_branch_day_of_week_operator.py took 0.060 seconds
[2024-08-12T10:14:07.511+0000] {processor.py:153} INFO - Started process (PID=2068) to work on /home/airflow/.local/lib/python3.7/site-packages/airflow/example_dags/example_branch_day_of_week_operator.py
[2024-08-12T10:14:07.512+0000] {processor.py:640} INFO - Processing file /home/airflow/.local/lib/python3.7/site-packages/airflow/example_dags/example_branch_day_of_week_operator.py for tasks to queue
[2024-08-12T10:14:07.513+0000] {logging_mixin.py:115} INFO - [2024-08-12T10:14:07.513+0000] {dagbag.py:508} INFO - Filling up the DagBag from /home/airflow/.local/lib/python3.7/site-packages/airflow/example_dags/example_branch_day_of_week_operator.py
[2024-08-12T10:14:07.520+0000] {processor.py:650} INFO - DAG(s) dict_keys(['example_weekday_branch_operator']) retrieved from /home/airflow/.local/lib/python3.7/site-packages/airflow/example_dags/example_branch_day_of_week_operator.py
[2024-08-12T10:14:07.543+0000] {logging_mixin.py:115} INFO - [2024-08-12T10:14:07.542+0000] {dag.py:2429} INFO - Sync 1 DAGs
[2024-08-12T10:14:07.561+0000] {logging_mixin.py:115} INFO - [2024-08-12T10:14:07.561+0000] {dag.py:2981} INFO - Setting next_dagrun for example_weekday_branch_operator to 2024-08-11T00:00:00+00:00, run_after=2024-08-12T00:00:00+00:00
[2024-08-12T10:14:07.573+0000] {processor.py:161} INFO - Processing /home/airflow/.local/lib/python3.7/site-packages/airflow/example_dags/example_branch_day_of_week_operator.py took 0.064 seconds
