[2024-08-12T08:27:05.404+0000] {processor.py:153} INFO - Started process (PID=46) to work on /home/airflow/.local/lib/python3.7/site-packages/airflow/example_dags/example_python_operator.py
[2024-08-12T08:27:05.405+0000] {processor.py:640} INFO - Processing file /home/airflow/.local/lib/python3.7/site-packages/airflow/example_dags/example_python_operator.py for tasks to queue
[2024-08-12T08:27:05.406+0000] {logging_mixin.py:115} INFO - [2024-08-12T08:27:05.406+0000] {dagbag.py:508} INFO - Filling up the DagBag from /home/airflow/.local/lib/python3.7/site-packages/airflow/example_dags/example_python_operator.py
[2024-08-12T08:27:05.448+0000] {processor.py:650} INFO - DAG(s) dict_keys(['example_python_operator']) retrieved from /home/airflow/.local/lib/python3.7/site-packages/airflow/example_dags/example_python_operator.py
[2024-08-12T08:27:05.540+0000] {logging_mixin.py:115} INFO - [2024-08-12T08:27:05.540+0000] {manager.py:508} INFO - Created Permission View: can edit on DAG:example_python_operator
[2024-08-12T08:27:05.550+0000] {logging_mixin.py:115} INFO - [2024-08-12T08:27:05.550+0000] {manager.py:508} INFO - Created Permission View: can read on DAG:example_python_operator
[2024-08-12T08:27:05.558+0000] {logging_mixin.py:115} INFO - [2024-08-12T08:27:05.558+0000] {manager.py:508} INFO - Created Permission View: can delete on DAG:example_python_operator
[2024-08-12T08:27:05.558+0000] {logging_mixin.py:115} INFO - [2024-08-12T08:27:05.558+0000] {dag.py:2429} INFO - Sync 1 DAGs
[2024-08-12T08:27:05.567+0000] {logging_mixin.py:115} INFO - [2024-08-12T08:27:05.566+0000] {dag.py:2448} INFO - Creating ORM DAG for example_python_operator
[2024-08-12T08:27:05.576+0000] {logging_mixin.py:115} INFO - [2024-08-12T08:27:05.576+0000] {dag.py:2981} INFO - Setting next_dagrun for example_python_operator to None, run_after=None
[2024-08-12T08:27:05.590+0000] {processor.py:161} INFO - Processing /home/airflow/.local/lib/python3.7/site-packages/airflow/example_dags/example_python_operator.py took 0.189 seconds
[2024-08-12T08:27:36.245+0000] {processor.py:153} INFO - Started process (PID=107) to work on /home/airflow/.local/lib/python3.7/site-packages/airflow/example_dags/example_python_operator.py
[2024-08-12T08:27:36.245+0000] {processor.py:640} INFO - Processing file /home/airflow/.local/lib/python3.7/site-packages/airflow/example_dags/example_python_operator.py for tasks to queue
[2024-08-12T08:27:36.246+0000] {logging_mixin.py:115} INFO - [2024-08-12T08:27:36.246+0000] {dagbag.py:508} INFO - Filling up the DagBag from /home/airflow/.local/lib/python3.7/site-packages/airflow/example_dags/example_python_operator.py
[2024-08-12T08:27:36.262+0000] {processor.py:650} INFO - DAG(s) dict_keys(['example_python_operator']) retrieved from /home/airflow/.local/lib/python3.7/site-packages/airflow/example_dags/example_python_operator.py
[2024-08-12T08:27:36.288+0000] {logging_mixin.py:115} INFO - [2024-08-12T08:27:36.288+0000] {dag.py:2429} INFO - Sync 1 DAGs
[2024-08-12T08:27:36.307+0000] {logging_mixin.py:115} INFO - [2024-08-12T08:27:36.307+0000] {dag.py:2981} INFO - Setting next_dagrun for example_python_operator to None, run_after=None
[2024-08-12T08:27:36.320+0000] {processor.py:161} INFO - Processing /home/airflow/.local/lib/python3.7/site-packages/airflow/example_dags/example_python_operator.py took 0.078 seconds
[2024-08-12T08:28:07.080+0000] {processor.py:153} INFO - Started process (PID=168) to work on /home/airflow/.local/lib/python3.7/site-packages/airflow/example_dags/example_python_operator.py
[2024-08-12T08:28:07.081+0000] {processor.py:640} INFO - Processing file /home/airflow/.local/lib/python3.7/site-packages/airflow/example_dags/example_python_operator.py for tasks to queue
[2024-08-12T08:28:07.082+0000] {logging_mixin.py:115} INFO - [2024-08-12T08:28:07.082+0000] {dagbag.py:508} INFO - Filling up the DagBag from /home/airflow/.local/lib/python3.7/site-packages/airflow/example_dags/example_python_operator.py
[2024-08-12T08:28:07.098+0000] {processor.py:650} INFO - DAG(s) dict_keys(['example_python_operator']) retrieved from /home/airflow/.local/lib/python3.7/site-packages/airflow/example_dags/example_python_operator.py
[2024-08-12T08:28:07.121+0000] {logging_mixin.py:115} INFO - [2024-08-12T08:28:07.121+0000] {dag.py:2429} INFO - Sync 1 DAGs
[2024-08-12T08:28:07.140+0000] {logging_mixin.py:115} INFO - [2024-08-12T08:28:07.140+0000] {dag.py:2981} INFO - Setting next_dagrun for example_python_operator to None, run_after=None
[2024-08-12T08:28:07.151+0000] {processor.py:161} INFO - Processing /home/airflow/.local/lib/python3.7/site-packages/airflow/example_dags/example_python_operator.py took 0.073 seconds
[2024-08-12T08:28:37.701+0000] {processor.py:153} INFO - Started process (PID=229) to work on /home/airflow/.local/lib/python3.7/site-packages/airflow/example_dags/example_python_operator.py
[2024-08-12T08:28:37.702+0000] {processor.py:640} INFO - Processing file /home/airflow/.local/lib/python3.7/site-packages/airflow/example_dags/example_python_operator.py for tasks to queue
[2024-08-12T08:28:37.703+0000] {logging_mixin.py:115} INFO - [2024-08-12T08:28:37.703+0000] {dagbag.py:508} INFO - Filling up the DagBag from /home/airflow/.local/lib/python3.7/site-packages/airflow/example_dags/example_python_operator.py
[2024-08-12T08:28:37.721+0000] {processor.py:650} INFO - DAG(s) dict_keys(['example_python_operator']) retrieved from /home/airflow/.local/lib/python3.7/site-packages/airflow/example_dags/example_python_operator.py
[2024-08-12T08:28:37.791+0000] {logging_mixin.py:115} INFO - [2024-08-12T08:28:37.791+0000] {dag.py:2429} INFO - Sync 1 DAGs
[2024-08-12T08:28:37.829+0000] {logging_mixin.py:115} INFO - [2024-08-12T08:28:37.829+0000] {dag.py:2981} INFO - Setting next_dagrun for example_python_operator to None, run_after=None
[2024-08-12T08:28:37.859+0000] {processor.py:161} INFO - Processing /home/airflow/.local/lib/python3.7/site-packages/airflow/example_dags/example_python_operator.py took 0.161 seconds
[2024-08-12T09:57:09.826+0000] {processor.py:153} INFO - Started process (PID=56) to work on /home/airflow/.local/lib/python3.7/site-packages/airflow/example_dags/example_python_operator.py
[2024-08-12T09:57:09.827+0000] {processor.py:640} INFO - Processing file /home/airflow/.local/lib/python3.7/site-packages/airflow/example_dags/example_python_operator.py for tasks to queue
[2024-08-12T09:57:09.828+0000] {logging_mixin.py:115} INFO - [2024-08-12T09:57:09.828+0000] {dagbag.py:508} INFO - Filling up the DagBag from /home/airflow/.local/lib/python3.7/site-packages/airflow/example_dags/example_python_operator.py
[2024-08-12T09:57:09.865+0000] {processor.py:650} INFO - DAG(s) dict_keys(['example_python_operator']) retrieved from /home/airflow/.local/lib/python3.7/site-packages/airflow/example_dags/example_python_operator.py
[2024-08-12T09:57:09.896+0000] {logging_mixin.py:115} INFO - [2024-08-12T09:57:09.896+0000] {dag.py:2429} INFO - Sync 1 DAGs
[2024-08-12T09:57:09.925+0000] {logging_mixin.py:115} INFO - [2024-08-12T09:57:09.925+0000] {dag.py:2981} INFO - Setting next_dagrun for example_python_operator to None, run_after=None
[2024-08-12T09:57:09.952+0000] {processor.py:161} INFO - Processing /home/airflow/.local/lib/python3.7/site-packages/airflow/example_dags/example_python_operator.py took 0.130 seconds
[2024-08-12T09:57:40.036+0000] {processor.py:153} INFO - Started process (PID=109) to work on /home/airflow/.local/lib/python3.7/site-packages/airflow/example_dags/example_python_operator.py
[2024-08-12T09:57:40.037+0000] {processor.py:640} INFO - Processing file /home/airflow/.local/lib/python3.7/site-packages/airflow/example_dags/example_python_operator.py for tasks to queue
[2024-08-12T09:57:40.037+0000] {logging_mixin.py:115} INFO - [2024-08-12T09:57:40.037+0000] {dagbag.py:508} INFO - Filling up the DagBag from /home/airflow/.local/lib/python3.7/site-packages/airflow/example_dags/example_python_operator.py
[2024-08-12T09:57:40.055+0000] {processor.py:650} INFO - DAG(s) dict_keys(['example_python_operator']) retrieved from /home/airflow/.local/lib/python3.7/site-packages/airflow/example_dags/example_python_operator.py
[2024-08-12T09:57:40.076+0000] {logging_mixin.py:115} INFO - [2024-08-12T09:57:40.076+0000] {dag.py:2429} INFO - Sync 1 DAGs
[2024-08-12T09:57:40.104+0000] {logging_mixin.py:115} INFO - [2024-08-12T09:57:40.103+0000] {dag.py:2981} INFO - Setting next_dagrun for example_python_operator to None, run_after=None
[2024-08-12T09:57:40.113+0000] {processor.py:161} INFO - Processing /home/airflow/.local/lib/python3.7/site-packages/airflow/example_dags/example_python_operator.py took 0.080 seconds
[2024-08-12T09:58:10.137+0000] {processor.py:153} INFO - Started process (PID=172) to work on /home/airflow/.local/lib/python3.7/site-packages/airflow/example_dags/example_python_operator.py
[2024-08-12T09:58:10.138+0000] {processor.py:640} INFO - Processing file /home/airflow/.local/lib/python3.7/site-packages/airflow/example_dags/example_python_operator.py for tasks to queue
[2024-08-12T09:58:10.139+0000] {logging_mixin.py:115} INFO - [2024-08-12T09:58:10.139+0000] {dagbag.py:508} INFO - Filling up the DagBag from /home/airflow/.local/lib/python3.7/site-packages/airflow/example_dags/example_python_operator.py
[2024-08-12T09:58:10.152+0000] {processor.py:650} INFO - DAG(s) dict_keys(['example_python_operator']) retrieved from /home/airflow/.local/lib/python3.7/site-packages/airflow/example_dags/example_python_operator.py
[2024-08-12T09:58:10.175+0000] {logging_mixin.py:115} INFO - [2024-08-12T09:58:10.175+0000] {dag.py:2429} INFO - Sync 1 DAGs
[2024-08-12T09:58:10.199+0000] {logging_mixin.py:115} INFO - [2024-08-12T09:58:10.199+0000] {dag.py:2981} INFO - Setting next_dagrun for example_python_operator to None, run_after=None
[2024-08-12T09:58:10.210+0000] {processor.py:161} INFO - Processing /home/airflow/.local/lib/python3.7/site-packages/airflow/example_dags/example_python_operator.py took 0.075 seconds
[2024-08-12T09:58:40.951+0000] {processor.py:153} INFO - Started process (PID=235) to work on /home/airflow/.local/lib/python3.7/site-packages/airflow/example_dags/example_python_operator.py
[2024-08-12T09:58:40.952+0000] {processor.py:640} INFO - Processing file /home/airflow/.local/lib/python3.7/site-packages/airflow/example_dags/example_python_operator.py for tasks to queue
[2024-08-12T09:58:40.952+0000] {logging_mixin.py:115} INFO - [2024-08-12T09:58:40.952+0000] {dagbag.py:508} INFO - Filling up the DagBag from /home/airflow/.local/lib/python3.7/site-packages/airflow/example_dags/example_python_operator.py
[2024-08-12T09:58:40.966+0000] {processor.py:650} INFO - DAG(s) dict_keys(['example_python_operator']) retrieved from /home/airflow/.local/lib/python3.7/site-packages/airflow/example_dags/example_python_operator.py
[2024-08-12T09:58:40.989+0000] {logging_mixin.py:115} INFO - [2024-08-12T09:58:40.988+0000] {dag.py:2429} INFO - Sync 1 DAGs
[2024-08-12T09:58:41.009+0000] {logging_mixin.py:115} INFO - [2024-08-12T09:58:41.009+0000] {dag.py:2981} INFO - Setting next_dagrun for example_python_operator to None, run_after=None
[2024-08-12T09:58:41.021+0000] {processor.py:161} INFO - Processing /home/airflow/.local/lib/python3.7/site-packages/airflow/example_dags/example_python_operator.py took 0.073 seconds
[2024-08-12T09:59:11.901+0000] {processor.py:153} INFO - Started process (PID=289) to work on /home/airflow/.local/lib/python3.7/site-packages/airflow/example_dags/example_python_operator.py
[2024-08-12T09:59:11.902+0000] {processor.py:640} INFO - Processing file /home/airflow/.local/lib/python3.7/site-packages/airflow/example_dags/example_python_operator.py for tasks to queue
[2024-08-12T09:59:11.903+0000] {logging_mixin.py:115} INFO - [2024-08-12T09:59:11.903+0000] {dagbag.py:508} INFO - Filling up the DagBag from /home/airflow/.local/lib/python3.7/site-packages/airflow/example_dags/example_python_operator.py
[2024-08-12T09:59:11.916+0000] {processor.py:650} INFO - DAG(s) dict_keys(['example_python_operator']) retrieved from /home/airflow/.local/lib/python3.7/site-packages/airflow/example_dags/example_python_operator.py
[2024-08-12T09:59:11.936+0000] {logging_mixin.py:115} INFO - [2024-08-12T09:59:11.936+0000] {dag.py:2429} INFO - Sync 1 DAGs
[2024-08-12T09:59:11.955+0000] {logging_mixin.py:115} INFO - [2024-08-12T09:59:11.955+0000] {dag.py:2981} INFO - Setting next_dagrun for example_python_operator to None, run_after=None
[2024-08-12T09:59:11.965+0000] {processor.py:161} INFO - Processing /home/airflow/.local/lib/python3.7/site-packages/airflow/example_dags/example_python_operator.py took 0.065 seconds
[2024-08-12T09:59:42.947+0000] {processor.py:153} INFO - Started process (PID=352) to work on /home/airflow/.local/lib/python3.7/site-packages/airflow/example_dags/example_python_operator.py
[2024-08-12T09:59:42.948+0000] {processor.py:640} INFO - Processing file /home/airflow/.local/lib/python3.7/site-packages/airflow/example_dags/example_python_operator.py for tasks to queue
[2024-08-12T09:59:42.949+0000] {logging_mixin.py:115} INFO - [2024-08-12T09:59:42.948+0000] {dagbag.py:508} INFO - Filling up the DagBag from /home/airflow/.local/lib/python3.7/site-packages/airflow/example_dags/example_python_operator.py
[2024-08-12T09:59:42.962+0000] {processor.py:650} INFO - DAG(s) dict_keys(['example_python_operator']) retrieved from /home/airflow/.local/lib/python3.7/site-packages/airflow/example_dags/example_python_operator.py
[2024-08-12T09:59:42.983+0000] {logging_mixin.py:115} INFO - [2024-08-12T09:59:42.982+0000] {dag.py:2429} INFO - Sync 1 DAGs
[2024-08-12T09:59:43.000+0000] {logging_mixin.py:115} INFO - [2024-08-12T09:59:43.000+0000] {dag.py:2981} INFO - Setting next_dagrun for example_python_operator to None, run_after=None
[2024-08-12T09:59:43.009+0000] {processor.py:161} INFO - Processing /home/airflow/.local/lib/python3.7/site-packages/airflow/example_dags/example_python_operator.py took 0.065 seconds
[2024-08-12T10:00:13.121+0000] {processor.py:153} INFO - Started process (PID=415) to work on /home/airflow/.local/lib/python3.7/site-packages/airflow/example_dags/example_python_operator.py
[2024-08-12T10:00:13.122+0000] {processor.py:640} INFO - Processing file /home/airflow/.local/lib/python3.7/site-packages/airflow/example_dags/example_python_operator.py for tasks to queue
[2024-08-12T10:00:13.122+0000] {logging_mixin.py:115} INFO - [2024-08-12T10:00:13.122+0000] {dagbag.py:508} INFO - Filling up the DagBag from /home/airflow/.local/lib/python3.7/site-packages/airflow/example_dags/example_python_operator.py
[2024-08-12T10:00:13.137+0000] {processor.py:650} INFO - DAG(s) dict_keys(['example_python_operator']) retrieved from /home/airflow/.local/lib/python3.7/site-packages/airflow/example_dags/example_python_operator.py
[2024-08-12T10:00:13.157+0000] {logging_mixin.py:115} INFO - [2024-08-12T10:00:13.157+0000] {dag.py:2429} INFO - Sync 1 DAGs
[2024-08-12T10:00:13.176+0000] {logging_mixin.py:115} INFO - [2024-08-12T10:00:13.176+0000] {dag.py:2981} INFO - Setting next_dagrun for example_python_operator to None, run_after=None
[2024-08-12T10:00:13.187+0000] {processor.py:161} INFO - Processing /home/airflow/.local/lib/python3.7/site-packages/airflow/example_dags/example_python_operator.py took 0.068 seconds
[2024-08-12T10:00:43.847+0000] {processor.py:153} INFO - Started process (PID=478) to work on /home/airflow/.local/lib/python3.7/site-packages/airflow/example_dags/example_python_operator.py
[2024-08-12T10:00:43.848+0000] {processor.py:640} INFO - Processing file /home/airflow/.local/lib/python3.7/site-packages/airflow/example_dags/example_python_operator.py for tasks to queue
[2024-08-12T10:00:43.849+0000] {logging_mixin.py:115} INFO - [2024-08-12T10:00:43.849+0000] {dagbag.py:508} INFO - Filling up the DagBag from /home/airflow/.local/lib/python3.7/site-packages/airflow/example_dags/example_python_operator.py
[2024-08-12T10:00:43.863+0000] {processor.py:650} INFO - DAG(s) dict_keys(['example_python_operator']) retrieved from /home/airflow/.local/lib/python3.7/site-packages/airflow/example_dags/example_python_operator.py
[2024-08-12T10:00:43.888+0000] {logging_mixin.py:115} INFO - [2024-08-12T10:00:43.887+0000] {dag.py:2429} INFO - Sync 1 DAGs
[2024-08-12T10:00:43.910+0000] {logging_mixin.py:115} INFO - [2024-08-12T10:00:43.910+0000] {dag.py:2981} INFO - Setting next_dagrun for example_python_operator to None, run_after=None
[2024-08-12T10:00:43.922+0000] {processor.py:161} INFO - Processing /home/airflow/.local/lib/python3.7/site-packages/airflow/example_dags/example_python_operator.py took 0.077 seconds
[2024-08-12T10:01:14.698+0000] {processor.py:153} INFO - Started process (PID=532) to work on /home/airflow/.local/lib/python3.7/site-packages/airflow/example_dags/example_python_operator.py
[2024-08-12T10:01:14.699+0000] {processor.py:640} INFO - Processing file /home/airflow/.local/lib/python3.7/site-packages/airflow/example_dags/example_python_operator.py for tasks to queue
[2024-08-12T10:01:14.700+0000] {logging_mixin.py:115} INFO - [2024-08-12T10:01:14.699+0000] {dagbag.py:508} INFO - Filling up the DagBag from /home/airflow/.local/lib/python3.7/site-packages/airflow/example_dags/example_python_operator.py
[2024-08-12T10:01:14.713+0000] {processor.py:650} INFO - DAG(s) dict_keys(['example_python_operator']) retrieved from /home/airflow/.local/lib/python3.7/site-packages/airflow/example_dags/example_python_operator.py
[2024-08-12T10:01:14.733+0000] {logging_mixin.py:115} INFO - [2024-08-12T10:01:14.733+0000] {dag.py:2429} INFO - Sync 1 DAGs
[2024-08-12T10:01:14.751+0000] {logging_mixin.py:115} INFO - [2024-08-12T10:01:14.751+0000] {dag.py:2981} INFO - Setting next_dagrun for example_python_operator to None, run_after=None
[2024-08-12T10:01:14.761+0000] {processor.py:161} INFO - Processing /home/airflow/.local/lib/python3.7/site-packages/airflow/example_dags/example_python_operator.py took 0.065 seconds
[2024-08-12T10:01:45.546+0000] {processor.py:153} INFO - Started process (PID=595) to work on /home/airflow/.local/lib/python3.7/site-packages/airflow/example_dags/example_python_operator.py
[2024-08-12T10:01:45.547+0000] {processor.py:640} INFO - Processing file /home/airflow/.local/lib/python3.7/site-packages/airflow/example_dags/example_python_operator.py for tasks to queue
[2024-08-12T10:01:45.547+0000] {logging_mixin.py:115} INFO - [2024-08-12T10:01:45.547+0000] {dagbag.py:508} INFO - Filling up the DagBag from /home/airflow/.local/lib/python3.7/site-packages/airflow/example_dags/example_python_operator.py
[2024-08-12T10:01:45.560+0000] {processor.py:650} INFO - DAG(s) dict_keys(['example_python_operator']) retrieved from /home/airflow/.local/lib/python3.7/site-packages/airflow/example_dags/example_python_operator.py
[2024-08-12T10:01:45.582+0000] {logging_mixin.py:115} INFO - [2024-08-12T10:01:45.582+0000] {dag.py:2429} INFO - Sync 1 DAGs
[2024-08-12T10:01:45.600+0000] {logging_mixin.py:115} INFO - [2024-08-12T10:01:45.600+0000] {dag.py:2981} INFO - Setting next_dagrun for example_python_operator to None, run_after=None
[2024-08-12T10:01:45.610+0000] {processor.py:161} INFO - Processing /home/airflow/.local/lib/python3.7/site-packages/airflow/example_dags/example_python_operator.py took 0.067 seconds
[2024-08-12T10:02:16.292+0000] {processor.py:153} INFO - Started process (PID=658) to work on /home/airflow/.local/lib/python3.7/site-packages/airflow/example_dags/example_python_operator.py
[2024-08-12T10:02:16.293+0000] {processor.py:640} INFO - Processing file /home/airflow/.local/lib/python3.7/site-packages/airflow/example_dags/example_python_operator.py for tasks to queue
[2024-08-12T10:02:16.294+0000] {logging_mixin.py:115} INFO - [2024-08-12T10:02:16.294+0000] {dagbag.py:508} INFO - Filling up the DagBag from /home/airflow/.local/lib/python3.7/site-packages/airflow/example_dags/example_python_operator.py
[2024-08-12T10:02:16.308+0000] {processor.py:650} INFO - DAG(s) dict_keys(['example_python_operator']) retrieved from /home/airflow/.local/lib/python3.7/site-packages/airflow/example_dags/example_python_operator.py
[2024-08-12T10:02:16.328+0000] {logging_mixin.py:115} INFO - [2024-08-12T10:02:16.328+0000] {dag.py:2429} INFO - Sync 1 DAGs
[2024-08-12T10:02:16.345+0000] {logging_mixin.py:115} INFO - [2024-08-12T10:02:16.345+0000] {dag.py:2981} INFO - Setting next_dagrun for example_python_operator to None, run_after=None
[2024-08-12T10:02:16.355+0000] {processor.py:161} INFO - Processing /home/airflow/.local/lib/python3.7/site-packages/airflow/example_dags/example_python_operator.py took 0.065 seconds
[2024-08-12T10:02:47.116+0000] {processor.py:153} INFO - Started process (PID=719) to work on /home/airflow/.local/lib/python3.7/site-packages/airflow/example_dags/example_python_operator.py
[2024-08-12T10:02:47.117+0000] {processor.py:640} INFO - Processing file /home/airflow/.local/lib/python3.7/site-packages/airflow/example_dags/example_python_operator.py for tasks to queue
[2024-08-12T10:02:47.117+0000] {logging_mixin.py:115} INFO - [2024-08-12T10:02:47.117+0000] {dagbag.py:508} INFO - Filling up the DagBag from /home/airflow/.local/lib/python3.7/site-packages/airflow/example_dags/example_python_operator.py
[2024-08-12T10:02:47.131+0000] {processor.py:650} INFO - DAG(s) dict_keys(['example_python_operator']) retrieved from /home/airflow/.local/lib/python3.7/site-packages/airflow/example_dags/example_python_operator.py
[2024-08-12T10:02:47.153+0000] {logging_mixin.py:115} INFO - [2024-08-12T10:02:47.153+0000] {dag.py:2429} INFO - Sync 1 DAGs
[2024-08-12T10:02:47.173+0000] {logging_mixin.py:115} INFO - [2024-08-12T10:02:47.173+0000] {dag.py:2981} INFO - Setting next_dagrun for example_python_operator to None, run_after=None
[2024-08-12T10:02:47.184+0000] {processor.py:161} INFO - Processing /home/airflow/.local/lib/python3.7/site-packages/airflow/example_dags/example_python_operator.py took 0.071 seconds
[2024-08-12T10:03:17.952+0000] {processor.py:153} INFO - Started process (PID=775) to work on /home/airflow/.local/lib/python3.7/site-packages/airflow/example_dags/example_python_operator.py
[2024-08-12T10:03:17.953+0000] {processor.py:640} INFO - Processing file /home/airflow/.local/lib/python3.7/site-packages/airflow/example_dags/example_python_operator.py for tasks to queue
[2024-08-12T10:03:17.954+0000] {logging_mixin.py:115} INFO - [2024-08-12T10:03:17.953+0000] {dagbag.py:508} INFO - Filling up the DagBag from /home/airflow/.local/lib/python3.7/site-packages/airflow/example_dags/example_python_operator.py
[2024-08-12T10:03:17.967+0000] {processor.py:650} INFO - DAG(s) dict_keys(['example_python_operator']) retrieved from /home/airflow/.local/lib/python3.7/site-packages/airflow/example_dags/example_python_operator.py
[2024-08-12T10:03:17.988+0000] {logging_mixin.py:115} INFO - [2024-08-12T10:03:17.987+0000] {dag.py:2429} INFO - Sync 1 DAGs
[2024-08-12T10:03:18.006+0000] {logging_mixin.py:115} INFO - [2024-08-12T10:03:18.006+0000] {dag.py:2981} INFO - Setting next_dagrun for example_python_operator to None, run_after=None
[2024-08-12T10:03:18.016+0000] {processor.py:161} INFO - Processing /home/airflow/.local/lib/python3.7/site-packages/airflow/example_dags/example_python_operator.py took 0.066 seconds
[2024-08-12T10:03:48.798+0000] {processor.py:153} INFO - Started process (PID=838) to work on /home/airflow/.local/lib/python3.7/site-packages/airflow/example_dags/example_python_operator.py
[2024-08-12T10:03:48.799+0000] {processor.py:640} INFO - Processing file /home/airflow/.local/lib/python3.7/site-packages/airflow/example_dags/example_python_operator.py for tasks to queue
[2024-08-12T10:03:48.799+0000] {logging_mixin.py:115} INFO - [2024-08-12T10:03:48.799+0000] {dagbag.py:508} INFO - Filling up the DagBag from /home/airflow/.local/lib/python3.7/site-packages/airflow/example_dags/example_python_operator.py
[2024-08-12T10:03:48.814+0000] {processor.py:650} INFO - DAG(s) dict_keys(['example_python_operator']) retrieved from /home/airflow/.local/lib/python3.7/site-packages/airflow/example_dags/example_python_operator.py
[2024-08-12T10:03:48.835+0000] {logging_mixin.py:115} INFO - [2024-08-12T10:03:48.835+0000] {dag.py:2429} INFO - Sync 1 DAGs
[2024-08-12T10:03:48.853+0000] {logging_mixin.py:115} INFO - [2024-08-12T10:03:48.853+0000] {dag.py:2981} INFO - Setting next_dagrun for example_python_operator to None, run_after=None
[2024-08-12T10:03:48.864+0000] {processor.py:161} INFO - Processing /home/airflow/.local/lib/python3.7/site-packages/airflow/example_dags/example_python_operator.py took 0.068 seconds
[2024-08-12T10:04:19.730+0000] {processor.py:153} INFO - Started process (PID=901) to work on /home/airflow/.local/lib/python3.7/site-packages/airflow/example_dags/example_python_operator.py
[2024-08-12T10:04:19.731+0000] {processor.py:640} INFO - Processing file /home/airflow/.local/lib/python3.7/site-packages/airflow/example_dags/example_python_operator.py for tasks to queue
[2024-08-12T10:04:19.732+0000] {logging_mixin.py:115} INFO - [2024-08-12T10:04:19.731+0000] {dagbag.py:508} INFO - Filling up the DagBag from /home/airflow/.local/lib/python3.7/site-packages/airflow/example_dags/example_python_operator.py
[2024-08-12T10:04:19.747+0000] {processor.py:650} INFO - DAG(s) dict_keys(['example_python_operator']) retrieved from /home/airflow/.local/lib/python3.7/site-packages/airflow/example_dags/example_python_operator.py
[2024-08-12T10:04:19.769+0000] {logging_mixin.py:115} INFO - [2024-08-12T10:04:19.769+0000] {dag.py:2429} INFO - Sync 1 DAGs
[2024-08-12T10:04:19.790+0000] {logging_mixin.py:115} INFO - [2024-08-12T10:04:19.789+0000] {dag.py:2981} INFO - Setting next_dagrun for example_python_operator to None, run_after=None
[2024-08-12T10:04:19.800+0000] {processor.py:161} INFO - Processing /home/airflow/.local/lib/python3.7/site-packages/airflow/example_dags/example_python_operator.py took 0.073 seconds
[2024-08-12T10:04:50.541+0000] {processor.py:153} INFO - Started process (PID=955) to work on /home/airflow/.local/lib/python3.7/site-packages/airflow/example_dags/example_python_operator.py
[2024-08-12T10:04:50.542+0000] {processor.py:640} INFO - Processing file /home/airflow/.local/lib/python3.7/site-packages/airflow/example_dags/example_python_operator.py for tasks to queue
[2024-08-12T10:04:50.543+0000] {logging_mixin.py:115} INFO - [2024-08-12T10:04:50.543+0000] {dagbag.py:508} INFO - Filling up the DagBag from /home/airflow/.local/lib/python3.7/site-packages/airflow/example_dags/example_python_operator.py
[2024-08-12T10:04:50.556+0000] {processor.py:650} INFO - DAG(s) dict_keys(['example_python_operator']) retrieved from /home/airflow/.local/lib/python3.7/site-packages/airflow/example_dags/example_python_operator.py
[2024-08-12T10:04:50.578+0000] {logging_mixin.py:115} INFO - [2024-08-12T10:04:50.577+0000] {dag.py:2429} INFO - Sync 1 DAGs
[2024-08-12T10:04:50.595+0000] {logging_mixin.py:115} INFO - [2024-08-12T10:04:50.595+0000] {dag.py:2981} INFO - Setting next_dagrun for example_python_operator to None, run_after=None
[2024-08-12T10:04:50.605+0000] {processor.py:161} INFO - Processing /home/airflow/.local/lib/python3.7/site-packages/airflow/example_dags/example_python_operator.py took 0.066 seconds
[2024-08-12T10:05:21.401+0000] {processor.py:153} INFO - Started process (PID=1018) to work on /home/airflow/.local/lib/python3.7/site-packages/airflow/example_dags/example_python_operator.py
[2024-08-12T10:05:21.402+0000] {processor.py:640} INFO - Processing file /home/airflow/.local/lib/python3.7/site-packages/airflow/example_dags/example_python_operator.py for tasks to queue
[2024-08-12T10:05:21.402+0000] {logging_mixin.py:115} INFO - [2024-08-12T10:05:21.402+0000] {dagbag.py:508} INFO - Filling up the DagBag from /home/airflow/.local/lib/python3.7/site-packages/airflow/example_dags/example_python_operator.py
[2024-08-12T10:05:21.415+0000] {processor.py:650} INFO - DAG(s) dict_keys(['example_python_operator']) retrieved from /home/airflow/.local/lib/python3.7/site-packages/airflow/example_dags/example_python_operator.py
[2024-08-12T10:05:21.436+0000] {logging_mixin.py:115} INFO - [2024-08-12T10:05:21.436+0000] {dag.py:2429} INFO - Sync 1 DAGs
[2024-08-12T10:05:21.455+0000] {logging_mixin.py:115} INFO - [2024-08-12T10:05:21.455+0000] {dag.py:2981} INFO - Setting next_dagrun for example_python_operator to None, run_after=None
[2024-08-12T10:05:21.465+0000] {processor.py:161} INFO - Processing /home/airflow/.local/lib/python3.7/site-packages/airflow/example_dags/example_python_operator.py took 0.066 seconds
[2024-08-12T10:05:52.287+0000] {processor.py:153} INFO - Started process (PID=1081) to work on /home/airflow/.local/lib/python3.7/site-packages/airflow/example_dags/example_python_operator.py
[2024-08-12T10:05:52.287+0000] {processor.py:640} INFO - Processing file /home/airflow/.local/lib/python3.7/site-packages/airflow/example_dags/example_python_operator.py for tasks to queue
[2024-08-12T10:05:52.288+0000] {logging_mixin.py:115} INFO - [2024-08-12T10:05:52.288+0000] {dagbag.py:508} INFO - Filling up the DagBag from /home/airflow/.local/lib/python3.7/site-packages/airflow/example_dags/example_python_operator.py
[2024-08-12T10:05:52.302+0000] {processor.py:650} INFO - DAG(s) dict_keys(['example_python_operator']) retrieved from /home/airflow/.local/lib/python3.7/site-packages/airflow/example_dags/example_python_operator.py
[2024-08-12T10:05:52.323+0000] {logging_mixin.py:115} INFO - [2024-08-12T10:05:52.323+0000] {dag.py:2429} INFO - Sync 1 DAGs
[2024-08-12T10:05:52.341+0000] {logging_mixin.py:115} INFO - [2024-08-12T10:05:52.341+0000] {dag.py:2981} INFO - Setting next_dagrun for example_python_operator to None, run_after=None
[2024-08-12T10:05:52.350+0000] {processor.py:161} INFO - Processing /home/airflow/.local/lib/python3.7/site-packages/airflow/example_dags/example_python_operator.py took 0.066 seconds
[2024-08-12T10:06:23.027+0000] {processor.py:153} INFO - Started process (PID=1144) to work on /home/airflow/.local/lib/python3.7/site-packages/airflow/example_dags/example_python_operator.py
[2024-08-12T10:06:23.028+0000] {processor.py:640} INFO - Processing file /home/airflow/.local/lib/python3.7/site-packages/airflow/example_dags/example_python_operator.py for tasks to queue
[2024-08-12T10:06:23.029+0000] {logging_mixin.py:115} INFO - [2024-08-12T10:06:23.028+0000] {dagbag.py:508} INFO - Filling up the DagBag from /home/airflow/.local/lib/python3.7/site-packages/airflow/example_dags/example_python_operator.py
[2024-08-12T10:06:23.042+0000] {processor.py:650} INFO - DAG(s) dict_keys(['example_python_operator']) retrieved from /home/airflow/.local/lib/python3.7/site-packages/airflow/example_dags/example_python_operator.py
[2024-08-12T10:06:23.062+0000] {logging_mixin.py:115} INFO - [2024-08-12T10:06:23.062+0000] {dag.py:2429} INFO - Sync 1 DAGs
[2024-08-12T10:06:23.079+0000] {logging_mixin.py:115} INFO - [2024-08-12T10:06:23.079+0000] {dag.py:2981} INFO - Setting next_dagrun for example_python_operator to None, run_after=None
[2024-08-12T10:06:23.089+0000] {processor.py:161} INFO - Processing /home/airflow/.local/lib/python3.7/site-packages/airflow/example_dags/example_python_operator.py took 0.064 seconds
[2024-08-12T10:06:53.897+0000] {processor.py:153} INFO - Started process (PID=1205) to work on /home/airflow/.local/lib/python3.7/site-packages/airflow/example_dags/example_python_operator.py
[2024-08-12T10:06:53.898+0000] {processor.py:640} INFO - Processing file /home/airflow/.local/lib/python3.7/site-packages/airflow/example_dags/example_python_operator.py for tasks to queue
[2024-08-12T10:06:53.898+0000] {logging_mixin.py:115} INFO - [2024-08-12T10:06:53.898+0000] {dagbag.py:508} INFO - Filling up the DagBag from /home/airflow/.local/lib/python3.7/site-packages/airflow/example_dags/example_python_operator.py
[2024-08-12T10:06:53.912+0000] {processor.py:650} INFO - DAG(s) dict_keys(['example_python_operator']) retrieved from /home/airflow/.local/lib/python3.7/site-packages/airflow/example_dags/example_python_operator.py
[2024-08-12T10:06:53.935+0000] {logging_mixin.py:115} INFO - [2024-08-12T10:06:53.935+0000] {dag.py:2429} INFO - Sync 1 DAGs
[2024-08-12T10:06:53.956+0000] {logging_mixin.py:115} INFO - [2024-08-12T10:06:53.956+0000] {dag.py:2981} INFO - Setting next_dagrun for example_python_operator to None, run_after=None
[2024-08-12T10:06:53.972+0000] {processor.py:161} INFO - Processing /home/airflow/.local/lib/python3.7/site-packages/airflow/example_dags/example_python_operator.py took 0.078 seconds
[2024-08-12T10:07:24.929+0000] {processor.py:153} INFO - Started process (PID=1261) to work on /home/airflow/.local/lib/python3.7/site-packages/airflow/example_dags/example_python_operator.py
[2024-08-12T10:07:24.930+0000] {processor.py:640} INFO - Processing file /home/airflow/.local/lib/python3.7/site-packages/airflow/example_dags/example_python_operator.py for tasks to queue
[2024-08-12T10:07:24.931+0000] {logging_mixin.py:115} INFO - [2024-08-12T10:07:24.930+0000] {dagbag.py:508} INFO - Filling up the DagBag from /home/airflow/.local/lib/python3.7/site-packages/airflow/example_dags/example_python_operator.py
[2024-08-12T10:07:24.944+0000] {processor.py:650} INFO - DAG(s) dict_keys(['example_python_operator']) retrieved from /home/airflow/.local/lib/python3.7/site-packages/airflow/example_dags/example_python_operator.py
[2024-08-12T10:07:24.964+0000] {logging_mixin.py:115} INFO - [2024-08-12T10:07:24.964+0000] {dag.py:2429} INFO - Sync 1 DAGs
[2024-08-12T10:07:24.982+0000] {logging_mixin.py:115} INFO - [2024-08-12T10:07:24.982+0000] {dag.py:2981} INFO - Setting next_dagrun for example_python_operator to None, run_after=None
[2024-08-12T10:07:24.992+0000] {processor.py:161} INFO - Processing /home/airflow/.local/lib/python3.7/site-packages/airflow/example_dags/example_python_operator.py took 0.066 seconds
[2024-08-12T10:07:55.179+0000] {processor.py:153} INFO - Started process (PID=1324) to work on /home/airflow/.local/lib/python3.7/site-packages/airflow/example_dags/example_python_operator.py
[2024-08-12T10:07:55.180+0000] {processor.py:640} INFO - Processing file /home/airflow/.local/lib/python3.7/site-packages/airflow/example_dags/example_python_operator.py for tasks to queue
[2024-08-12T10:07:55.181+0000] {logging_mixin.py:115} INFO - [2024-08-12T10:07:55.180+0000] {dagbag.py:508} INFO - Filling up the DagBag from /home/airflow/.local/lib/python3.7/site-packages/airflow/example_dags/example_python_operator.py
[2024-08-12T10:07:55.194+0000] {processor.py:650} INFO - DAG(s) dict_keys(['example_python_operator']) retrieved from /home/airflow/.local/lib/python3.7/site-packages/airflow/example_dags/example_python_operator.py
[2024-08-12T10:07:55.214+0000] {logging_mixin.py:115} INFO - [2024-08-12T10:07:55.214+0000] {dag.py:2429} INFO - Sync 1 DAGs
[2024-08-12T10:07:55.233+0000] {logging_mixin.py:115} INFO - [2024-08-12T10:07:55.232+0000] {dag.py:2981} INFO - Setting next_dagrun for example_python_operator to None, run_after=None
[2024-08-12T10:07:55.243+0000] {processor.py:161} INFO - Processing /home/airflow/.local/lib/python3.7/site-packages/airflow/example_dags/example_python_operator.py took 0.066 seconds
[2024-08-12T10:08:26.034+0000] {processor.py:153} INFO - Started process (PID=1387) to work on /home/airflow/.local/lib/python3.7/site-packages/airflow/example_dags/example_python_operator.py
[2024-08-12T10:08:26.035+0000] {processor.py:640} INFO - Processing file /home/airflow/.local/lib/python3.7/site-packages/airflow/example_dags/example_python_operator.py for tasks to queue
[2024-08-12T10:08:26.035+0000] {logging_mixin.py:115} INFO - [2024-08-12T10:08:26.035+0000] {dagbag.py:508} INFO - Filling up the DagBag from /home/airflow/.local/lib/python3.7/site-packages/airflow/example_dags/example_python_operator.py
[2024-08-12T10:08:26.049+0000] {processor.py:650} INFO - DAG(s) dict_keys(['example_python_operator']) retrieved from /home/airflow/.local/lib/python3.7/site-packages/airflow/example_dags/example_python_operator.py
[2024-08-12T10:08:26.070+0000] {logging_mixin.py:115} INFO - [2024-08-12T10:08:26.070+0000] {dag.py:2429} INFO - Sync 1 DAGs
[2024-08-12T10:08:26.088+0000] {logging_mixin.py:115} INFO - [2024-08-12T10:08:26.088+0000] {dag.py:2981} INFO - Setting next_dagrun for example_python_operator to None, run_after=None
[2024-08-12T10:08:26.098+0000] {processor.py:161} INFO - Processing /home/airflow/.local/lib/python3.7/site-packages/airflow/example_dags/example_python_operator.py took 0.067 seconds
[2024-08-12T10:08:56.780+0000] {processor.py:153} INFO - Started process (PID=1441) to work on /home/airflow/.local/lib/python3.7/site-packages/airflow/example_dags/example_python_operator.py
[2024-08-12T10:08:56.780+0000] {processor.py:640} INFO - Processing file /home/airflow/.local/lib/python3.7/site-packages/airflow/example_dags/example_python_operator.py for tasks to queue
[2024-08-12T10:08:56.781+0000] {logging_mixin.py:115} INFO - [2024-08-12T10:08:56.781+0000] {dagbag.py:508} INFO - Filling up the DagBag from /home/airflow/.local/lib/python3.7/site-packages/airflow/example_dags/example_python_operator.py
[2024-08-12T10:08:56.797+0000] {processor.py:650} INFO - DAG(s) dict_keys(['example_python_operator']) retrieved from /home/airflow/.local/lib/python3.7/site-packages/airflow/example_dags/example_python_operator.py
[2024-08-12T10:08:56.826+0000] {logging_mixin.py:115} INFO - [2024-08-12T10:08:56.826+0000] {dag.py:2429} INFO - Sync 1 DAGs
[2024-08-12T10:08:56.847+0000] {logging_mixin.py:115} INFO - [2024-08-12T10:08:56.847+0000] {dag.py:2981} INFO - Setting next_dagrun for example_python_operator to None, run_after=None
[2024-08-12T10:08:56.857+0000] {processor.py:161} INFO - Processing /home/airflow/.local/lib/python3.7/site-packages/airflow/example_dags/example_python_operator.py took 0.080 seconds
[2024-08-12T10:09:27.538+0000] {processor.py:153} INFO - Started process (PID=1504) to work on /home/airflow/.local/lib/python3.7/site-packages/airflow/example_dags/example_python_operator.py
[2024-08-12T10:09:27.539+0000] {processor.py:640} INFO - Processing file /home/airflow/.local/lib/python3.7/site-packages/airflow/example_dags/example_python_operator.py for tasks to queue
[2024-08-12T10:09:27.539+0000] {logging_mixin.py:115} INFO - [2024-08-12T10:09:27.539+0000] {dagbag.py:508} INFO - Filling up the DagBag from /home/airflow/.local/lib/python3.7/site-packages/airflow/example_dags/example_python_operator.py
[2024-08-12T10:09:27.553+0000] {processor.py:650} INFO - DAG(s) dict_keys(['example_python_operator']) retrieved from /home/airflow/.local/lib/python3.7/site-packages/airflow/example_dags/example_python_operator.py
[2024-08-12T10:09:27.572+0000] {logging_mixin.py:115} INFO - [2024-08-12T10:09:27.572+0000] {dag.py:2429} INFO - Sync 1 DAGs
[2024-08-12T10:09:27.589+0000] {logging_mixin.py:115} INFO - [2024-08-12T10:09:27.589+0000] {dag.py:2981} INFO - Setting next_dagrun for example_python_operator to None, run_after=None
[2024-08-12T10:09:27.598+0000] {processor.py:161} INFO - Processing /home/airflow/.local/lib/python3.7/site-packages/airflow/example_dags/example_python_operator.py took 0.063 seconds
[2024-08-12T10:09:58.239+0000] {processor.py:153} INFO - Started process (PID=1567) to work on /home/airflow/.local/lib/python3.7/site-packages/airflow/example_dags/example_python_operator.py
[2024-08-12T10:09:58.239+0000] {processor.py:640} INFO - Processing file /home/airflow/.local/lib/python3.7/site-packages/airflow/example_dags/example_python_operator.py for tasks to queue
[2024-08-12T10:09:58.240+0000] {logging_mixin.py:115} INFO - [2024-08-12T10:09:58.240+0000] {dagbag.py:508} INFO - Filling up the DagBag from /home/airflow/.local/lib/python3.7/site-packages/airflow/example_dags/example_python_operator.py
[2024-08-12T10:09:58.254+0000] {processor.py:650} INFO - DAG(s) dict_keys(['example_python_operator']) retrieved from /home/airflow/.local/lib/python3.7/site-packages/airflow/example_dags/example_python_operator.py
[2024-08-12T10:09:58.274+0000] {logging_mixin.py:115} INFO - [2024-08-12T10:09:58.274+0000] {dag.py:2429} INFO - Sync 1 DAGs
[2024-08-12T10:09:58.292+0000] {logging_mixin.py:115} INFO - [2024-08-12T10:09:58.292+0000] {dag.py:2981} INFO - Setting next_dagrun for example_python_operator to None, run_after=None
[2024-08-12T10:09:58.302+0000] {processor.py:161} INFO - Processing /home/airflow/.local/lib/python3.7/site-packages/airflow/example_dags/example_python_operator.py took 0.066 seconds
[2024-08-12T10:10:29.078+0000] {processor.py:153} INFO - Started process (PID=1630) to work on /home/airflow/.local/lib/python3.7/site-packages/airflow/example_dags/example_python_operator.py
[2024-08-12T10:10:29.079+0000] {processor.py:640} INFO - Processing file /home/airflow/.local/lib/python3.7/site-packages/airflow/example_dags/example_python_operator.py for tasks to queue
[2024-08-12T10:10:29.079+0000] {logging_mixin.py:115} INFO - [2024-08-12T10:10:29.079+0000] {dagbag.py:508} INFO - Filling up the DagBag from /home/airflow/.local/lib/python3.7/site-packages/airflow/example_dags/example_python_operator.py
[2024-08-12T10:10:29.093+0000] {processor.py:650} INFO - DAG(s) dict_keys(['example_python_operator']) retrieved from /home/airflow/.local/lib/python3.7/site-packages/airflow/example_dags/example_python_operator.py
[2024-08-12T10:10:29.113+0000] {logging_mixin.py:115} INFO - [2024-08-12T10:10:29.113+0000] {dag.py:2429} INFO - Sync 1 DAGs
[2024-08-12T10:10:29.132+0000] {logging_mixin.py:115} INFO - [2024-08-12T10:10:29.132+0000] {dag.py:2981} INFO - Setting next_dagrun for example_python_operator to None, run_after=None
[2024-08-12T10:10:29.141+0000] {processor.py:161} INFO - Processing /home/airflow/.local/lib/python3.7/site-packages/airflow/example_dags/example_python_operator.py took 0.066 seconds
[2024-08-12T10:10:59.771+0000] {processor.py:153} INFO - Started process (PID=1684) to work on /home/airflow/.local/lib/python3.7/site-packages/airflow/example_dags/example_python_operator.py
[2024-08-12T10:10:59.772+0000] {processor.py:640} INFO - Processing file /home/airflow/.local/lib/python3.7/site-packages/airflow/example_dags/example_python_operator.py for tasks to queue
[2024-08-12T10:10:59.772+0000] {logging_mixin.py:115} INFO - [2024-08-12T10:10:59.772+0000] {dagbag.py:508} INFO - Filling up the DagBag from /home/airflow/.local/lib/python3.7/site-packages/airflow/example_dags/example_python_operator.py
[2024-08-12T10:10:59.786+0000] {processor.py:650} INFO - DAG(s) dict_keys(['example_python_operator']) retrieved from /home/airflow/.local/lib/python3.7/site-packages/airflow/example_dags/example_python_operator.py
[2024-08-12T10:10:59.806+0000] {logging_mixin.py:115} INFO - [2024-08-12T10:10:59.806+0000] {dag.py:2429} INFO - Sync 1 DAGs
[2024-08-12T10:10:59.826+0000] {logging_mixin.py:115} INFO - [2024-08-12T10:10:59.826+0000] {dag.py:2981} INFO - Setting next_dagrun for example_python_operator to None, run_after=None
[2024-08-12T10:10:59.836+0000] {processor.py:161} INFO - Processing /home/airflow/.local/lib/python3.7/site-packages/airflow/example_dags/example_python_operator.py took 0.067 seconds
[2024-08-12T10:11:30.576+0000] {processor.py:153} INFO - Started process (PID=1747) to work on /home/airflow/.local/lib/python3.7/site-packages/airflow/example_dags/example_python_operator.py
[2024-08-12T10:11:30.576+0000] {processor.py:640} INFO - Processing file /home/airflow/.local/lib/python3.7/site-packages/airflow/example_dags/example_python_operator.py for tasks to queue
[2024-08-12T10:11:30.577+0000] {logging_mixin.py:115} INFO - [2024-08-12T10:11:30.577+0000] {dagbag.py:508} INFO - Filling up the DagBag from /home/airflow/.local/lib/python3.7/site-packages/airflow/example_dags/example_python_operator.py
[2024-08-12T10:11:30.591+0000] {processor.py:650} INFO - DAG(s) dict_keys(['example_python_operator']) retrieved from /home/airflow/.local/lib/python3.7/site-packages/airflow/example_dags/example_python_operator.py
[2024-08-12T10:11:30.612+0000] {logging_mixin.py:115} INFO - [2024-08-12T10:11:30.612+0000] {dag.py:2429} INFO - Sync 1 DAGs
[2024-08-12T10:11:30.630+0000] {logging_mixin.py:115} INFO - [2024-08-12T10:11:30.630+0000] {dag.py:2981} INFO - Setting next_dagrun for example_python_operator to None, run_after=None
[2024-08-12T10:11:30.644+0000] {processor.py:161} INFO - Processing /home/airflow/.local/lib/python3.7/site-packages/airflow/example_dags/example_python_operator.py took 0.070 seconds
[2024-08-12T10:12:01.343+0000] {processor.py:153} INFO - Started process (PID=1810) to work on /home/airflow/.local/lib/python3.7/site-packages/airflow/example_dags/example_python_operator.py
[2024-08-12T10:12:01.344+0000] {processor.py:640} INFO - Processing file /home/airflow/.local/lib/python3.7/site-packages/airflow/example_dags/example_python_operator.py for tasks to queue
[2024-08-12T10:12:01.344+0000] {logging_mixin.py:115} INFO - [2024-08-12T10:12:01.344+0000] {dagbag.py:508} INFO - Filling up the DagBag from /home/airflow/.local/lib/python3.7/site-packages/airflow/example_dags/example_python_operator.py
[2024-08-12T10:12:01.358+0000] {processor.py:650} INFO - DAG(s) dict_keys(['example_python_operator']) retrieved from /home/airflow/.local/lib/python3.7/site-packages/airflow/example_dags/example_python_operator.py
[2024-08-12T10:12:01.377+0000] {logging_mixin.py:115} INFO - [2024-08-12T10:12:01.377+0000] {dag.py:2429} INFO - Sync 1 DAGs
[2024-08-12T10:12:01.395+0000] {logging_mixin.py:115} INFO - [2024-08-12T10:12:01.395+0000] {dag.py:2981} INFO - Setting next_dagrun for example_python_operator to None, run_after=None
[2024-08-12T10:12:01.404+0000] {processor.py:161} INFO - Processing /home/airflow/.local/lib/python3.7/site-packages/airflow/example_dags/example_python_operator.py took 0.063 seconds
[2024-08-12T10:12:32.130+0000] {processor.py:153} INFO - Started process (PID=1873) to work on /home/airflow/.local/lib/python3.7/site-packages/airflow/example_dags/example_python_operator.py
[2024-08-12T10:12:32.131+0000] {processor.py:640} INFO - Processing file /home/airflow/.local/lib/python3.7/site-packages/airflow/example_dags/example_python_operator.py for tasks to queue
[2024-08-12T10:12:32.131+0000] {logging_mixin.py:115} INFO - [2024-08-12T10:12:32.131+0000] {dagbag.py:508} INFO - Filling up the DagBag from /home/airflow/.local/lib/python3.7/site-packages/airflow/example_dags/example_python_operator.py
[2024-08-12T10:12:32.144+0000] {processor.py:650} INFO - DAG(s) dict_keys(['example_python_operator']) retrieved from /home/airflow/.local/lib/python3.7/site-packages/airflow/example_dags/example_python_operator.py
[2024-08-12T10:12:32.163+0000] {logging_mixin.py:115} INFO - [2024-08-12T10:12:32.163+0000] {dag.py:2429} INFO - Sync 1 DAGs
[2024-08-12T10:12:32.180+0000] {logging_mixin.py:115} INFO - [2024-08-12T10:12:32.180+0000] {dag.py:2981} INFO - Setting next_dagrun for example_python_operator to None, run_after=None
[2024-08-12T10:12:32.190+0000] {processor.py:161} INFO - Processing /home/airflow/.local/lib/python3.7/site-packages/airflow/example_dags/example_python_operator.py took 0.062 seconds
[2024-08-12T10:13:03.090+0000] {processor.py:153} INFO - Started process (PID=1927) to work on /home/airflow/.local/lib/python3.7/site-packages/airflow/example_dags/example_python_operator.py
[2024-08-12T10:13:03.090+0000] {processor.py:640} INFO - Processing file /home/airflow/.local/lib/python3.7/site-packages/airflow/example_dags/example_python_operator.py for tasks to queue
[2024-08-12T10:13:03.091+0000] {logging_mixin.py:115} INFO - [2024-08-12T10:13:03.091+0000] {dagbag.py:508} INFO - Filling up the DagBag from /home/airflow/.local/lib/python3.7/site-packages/airflow/example_dags/example_python_operator.py
[2024-08-12T10:13:03.104+0000] {processor.py:650} INFO - DAG(s) dict_keys(['example_python_operator']) retrieved from /home/airflow/.local/lib/python3.7/site-packages/airflow/example_dags/example_python_operator.py
[2024-08-12T10:13:03.126+0000] {logging_mixin.py:115} INFO - [2024-08-12T10:13:03.125+0000] {dag.py:2429} INFO - Sync 1 DAGs
[2024-08-12T10:13:03.145+0000] {logging_mixin.py:115} INFO - [2024-08-12T10:13:03.145+0000] {dag.py:2981} INFO - Setting next_dagrun for example_python_operator to None, run_after=None
[2024-08-12T10:13:03.154+0000] {processor.py:161} INFO - Processing /home/airflow/.local/lib/python3.7/site-packages/airflow/example_dags/example_python_operator.py took 0.067 seconds
[2024-08-12T10:13:33.909+0000] {processor.py:153} INFO - Started process (PID=1990) to work on /home/airflow/.local/lib/python3.7/site-packages/airflow/example_dags/example_python_operator.py
[2024-08-12T10:13:33.909+0000] {processor.py:640} INFO - Processing file /home/airflow/.local/lib/python3.7/site-packages/airflow/example_dags/example_python_operator.py for tasks to queue
[2024-08-12T10:13:33.910+0000] {logging_mixin.py:115} INFO - [2024-08-12T10:13:33.910+0000] {dagbag.py:508} INFO - Filling up the DagBag from /home/airflow/.local/lib/python3.7/site-packages/airflow/example_dags/example_python_operator.py
[2024-08-12T10:13:33.924+0000] {processor.py:650} INFO - DAG(s) dict_keys(['example_python_operator']) retrieved from /home/airflow/.local/lib/python3.7/site-packages/airflow/example_dags/example_python_operator.py
[2024-08-12T10:13:33.946+0000] {logging_mixin.py:115} INFO - [2024-08-12T10:13:33.946+0000] {dag.py:2429} INFO - Sync 1 DAGs
[2024-08-12T10:13:33.964+0000] {logging_mixin.py:115} INFO - [2024-08-12T10:13:33.964+0000] {dag.py:2981} INFO - Setting next_dagrun for example_python_operator to None, run_after=None
[2024-08-12T10:13:33.975+0000] {processor.py:161} INFO - Processing /home/airflow/.local/lib/python3.7/site-packages/airflow/example_dags/example_python_operator.py took 0.068 seconds
[2024-08-12T10:14:04.592+0000] {processor.py:153} INFO - Started process (PID=2053) to work on /home/airflow/.local/lib/python3.7/site-packages/airflow/example_dags/example_python_operator.py
[2024-08-12T10:14:04.593+0000] {processor.py:640} INFO - Processing file /home/airflow/.local/lib/python3.7/site-packages/airflow/example_dags/example_python_operator.py for tasks to queue
[2024-08-12T10:14:04.593+0000] {logging_mixin.py:115} INFO - [2024-08-12T10:14:04.593+0000] {dagbag.py:508} INFO - Filling up the DagBag from /home/airflow/.local/lib/python3.7/site-packages/airflow/example_dags/example_python_operator.py
[2024-08-12T10:14:04.608+0000] {processor.py:650} INFO - DAG(s) dict_keys(['example_python_operator']) retrieved from /home/airflow/.local/lib/python3.7/site-packages/airflow/example_dags/example_python_operator.py
[2024-08-12T10:14:04.631+0000] {logging_mixin.py:115} INFO - [2024-08-12T10:14:04.631+0000] {dag.py:2429} INFO - Sync 1 DAGs
[2024-08-12T10:14:04.651+0000] {logging_mixin.py:115} INFO - [2024-08-12T10:14:04.651+0000] {dag.py:2981} INFO - Setting next_dagrun for example_python_operator to None, run_after=None
[2024-08-12T10:14:04.663+0000] {processor.py:161} INFO - Processing /home/airflow/.local/lib/python3.7/site-packages/airflow/example_dags/example_python_operator.py took 0.073 seconds
