[2024-08-12T08:27:08.413+0000] {processor.py:153} INFO - Started process (PID=79) to work on /home/airflow/.local/lib/python3.7/site-packages/airflow/example_dags/example_sla_dag.py
[2024-08-12T08:27:08.414+0000] {processor.py:640} INFO - Processing file /home/airflow/.local/lib/python3.7/site-packages/airflow/example_dags/example_sla_dag.py for tasks to queue
[2024-08-12T08:27:08.415+0000] {logging_mixin.py:115} INFO - [2024-08-12T08:27:08.415+0000] {dagbag.py:508} INFO - Filling up the DagBag from /home/airflow/.local/lib/python3.7/site-packages/airflow/example_dags/example_sla_dag.py
[2024-08-12T08:27:08.436+0000] {processor.py:650} INFO - DAG(s) dict_keys(['example_sla_dag']) retrieved from /home/airflow/.local/lib/python3.7/site-packages/airflow/example_dags/example_sla_dag.py
[2024-08-12T08:27:08.519+0000] {logging_mixin.py:115} INFO - [2024-08-12T08:27:08.518+0000] {manager.py:508} INFO - Created Permission View: can edit on DAG:example_sla_dag
[2024-08-12T08:27:08.529+0000] {logging_mixin.py:115} INFO - [2024-08-12T08:27:08.529+0000] {manager.py:508} INFO - Created Permission View: can read on DAG:example_sla_dag
[2024-08-12T08:27:08.539+0000] {logging_mixin.py:115} INFO - [2024-08-12T08:27:08.538+0000] {manager.py:508} INFO - Created Permission View: can delete on DAG:example_sla_dag
[2024-08-12T08:27:08.539+0000] {logging_mixin.py:115} INFO - [2024-08-12T08:27:08.539+0000] {dag.py:2429} INFO - Sync 1 DAGs
[2024-08-12T08:27:08.548+0000] {logging_mixin.py:115} INFO - [2024-08-12T08:27:08.548+0000] {dag.py:2448} INFO - Creating ORM DAG for example_sla_dag
[2024-08-12T08:27:08.564+0000] {logging_mixin.py:115} INFO - [2024-08-12T08:27:08.564+0000] {dag.py:2981} INFO - Setting next_dagrun for example_sla_dag to 2024-08-12T08:24:00+00:00, run_after=2024-08-12T08:26:00+00:00
[2024-08-12T08:27:08.576+0000] {processor.py:161} INFO - Processing /home/airflow/.local/lib/python3.7/site-packages/airflow/example_dags/example_sla_dag.py took 0.166 seconds
[2024-08-12T08:27:38.628+0000] {processor.py:153} INFO - Started process (PID=131) to work on /home/airflow/.local/lib/python3.7/site-packages/airflow/example_dags/example_sla_dag.py
[2024-08-12T08:27:38.629+0000] {processor.py:640} INFO - Processing file /home/airflow/.local/lib/python3.7/site-packages/airflow/example_dags/example_sla_dag.py for tasks to queue
[2024-08-12T08:27:38.630+0000] {logging_mixin.py:115} INFO - [2024-08-12T08:27:38.630+0000] {dagbag.py:508} INFO - Filling up the DagBag from /home/airflow/.local/lib/python3.7/site-packages/airflow/example_dags/example_sla_dag.py
[2024-08-12T08:27:38.643+0000] {processor.py:650} INFO - DAG(s) dict_keys(['example_sla_dag']) retrieved from /home/airflow/.local/lib/python3.7/site-packages/airflow/example_dags/example_sla_dag.py
[2024-08-12T08:27:38.663+0000] {logging_mixin.py:115} INFO - [2024-08-12T08:27:38.662+0000] {dag.py:2429} INFO - Sync 1 DAGs
[2024-08-12T08:27:38.683+0000] {logging_mixin.py:115} INFO - [2024-08-12T08:27:38.683+0000] {dag.py:2981} INFO - Setting next_dagrun for example_sla_dag to 2024-08-12T08:24:00+00:00, run_after=2024-08-12T08:26:00+00:00
[2024-08-12T08:27:38.692+0000] {processor.py:161} INFO - Processing /home/airflow/.local/lib/python3.7/site-packages/airflow/example_dags/example_sla_dag.py took 0.066 seconds
[2024-08-12T08:28:09.260+0000] {processor.py:153} INFO - Started process (PID=192) to work on /home/airflow/.local/lib/python3.7/site-packages/airflow/example_dags/example_sla_dag.py
[2024-08-12T08:28:09.261+0000] {processor.py:640} INFO - Processing file /home/airflow/.local/lib/python3.7/site-packages/airflow/example_dags/example_sla_dag.py for tasks to queue
[2024-08-12T08:28:09.261+0000] {logging_mixin.py:115} INFO - [2024-08-12T08:28:09.261+0000] {dagbag.py:508} INFO - Filling up the DagBag from /home/airflow/.local/lib/python3.7/site-packages/airflow/example_dags/example_sla_dag.py
[2024-08-12T08:28:09.275+0000] {processor.py:650} INFO - DAG(s) dict_keys(['example_sla_dag']) retrieved from /home/airflow/.local/lib/python3.7/site-packages/airflow/example_dags/example_sla_dag.py
[2024-08-12T08:28:09.294+0000] {logging_mixin.py:115} INFO - [2024-08-12T08:28:09.294+0000] {dag.py:2429} INFO - Sync 1 DAGs
[2024-08-12T08:28:09.315+0000] {logging_mixin.py:115} INFO - [2024-08-12T08:28:09.315+0000] {dag.py:2981} INFO - Setting next_dagrun for example_sla_dag to 2024-08-12T08:26:00+00:00, run_after=2024-08-12T08:28:00+00:00
[2024-08-12T08:28:09.324+0000] {processor.py:161} INFO - Processing /home/airflow/.local/lib/python3.7/site-packages/airflow/example_dags/example_sla_dag.py took 0.066 seconds
[2024-08-12T09:57:12.148+0000] {processor.py:153} INFO - Started process (PID=81) to work on /home/airflow/.local/lib/python3.7/site-packages/airflow/example_dags/example_sla_dag.py
[2024-08-12T09:57:12.149+0000] {processor.py:640} INFO - Processing file /home/airflow/.local/lib/python3.7/site-packages/airflow/example_dags/example_sla_dag.py for tasks to queue
[2024-08-12T09:57:12.149+0000] {logging_mixin.py:115} INFO - [2024-08-12T09:57:12.149+0000] {dagbag.py:508} INFO - Filling up the DagBag from /home/airflow/.local/lib/python3.7/site-packages/airflow/example_dags/example_sla_dag.py
[2024-08-12T09:57:12.170+0000] {processor.py:650} INFO - DAG(s) dict_keys(['example_sla_dag']) retrieved from /home/airflow/.local/lib/python3.7/site-packages/airflow/example_dags/example_sla_dag.py
[2024-08-12T09:57:12.222+0000] {logging_mixin.py:115} INFO - [2024-08-12T09:57:12.222+0000] {dag.py:2429} INFO - Sync 1 DAGs
[2024-08-12T09:57:12.250+0000] {logging_mixin.py:115} INFO - [2024-08-12T09:57:12.249+0000] {dag.py:2981} INFO - Setting next_dagrun for example_sla_dag to 2024-08-12T09:54:00+00:00, run_after=2024-08-12T09:56:00+00:00
[2024-08-12T09:57:12.263+0000] {processor.py:161} INFO - Processing /home/airflow/.local/lib/python3.7/site-packages/airflow/example_dags/example_sla_dag.py took 0.118 seconds
[2024-08-12T09:57:42.635+0000] {processor.py:153} INFO - Started process (PID=135) to work on /home/airflow/.local/lib/python3.7/site-packages/airflow/example_dags/example_sla_dag.py
[2024-08-12T09:57:42.636+0000] {processor.py:640} INFO - Processing file /home/airflow/.local/lib/python3.7/site-packages/airflow/example_dags/example_sla_dag.py for tasks to queue
[2024-08-12T09:57:42.636+0000] {logging_mixin.py:115} INFO - [2024-08-12T09:57:42.636+0000] {dagbag.py:508} INFO - Filling up the DagBag from /home/airflow/.local/lib/python3.7/site-packages/airflow/example_dags/example_sla_dag.py
[2024-08-12T09:57:42.650+0000] {processor.py:650} INFO - DAG(s) dict_keys(['example_sla_dag']) retrieved from /home/airflow/.local/lib/python3.7/site-packages/airflow/example_dags/example_sla_dag.py
[2024-08-12T09:57:42.673+0000] {logging_mixin.py:115} INFO - [2024-08-12T09:57:42.673+0000] {dag.py:2429} INFO - Sync 1 DAGs
[2024-08-12T09:57:42.696+0000] {logging_mixin.py:115} INFO - [2024-08-12T09:57:42.696+0000] {dag.py:2981} INFO - Setting next_dagrun for example_sla_dag to 2024-08-12T09:54:00+00:00, run_after=2024-08-12T09:56:00+00:00
[2024-08-12T09:57:42.706+0000] {processor.py:161} INFO - Processing /home/airflow/.local/lib/python3.7/site-packages/airflow/example_dags/example_sla_dag.py took 0.074 seconds
[2024-08-12T09:58:13.495+0000] {processor.py:153} INFO - Started process (PID=198) to work on /home/airflow/.local/lib/python3.7/site-packages/airflow/example_dags/example_sla_dag.py
[2024-08-12T09:58:13.496+0000] {processor.py:640} INFO - Processing file /home/airflow/.local/lib/python3.7/site-packages/airflow/example_dags/example_sla_dag.py for tasks to queue
[2024-08-12T09:58:13.496+0000] {logging_mixin.py:115} INFO - [2024-08-12T09:58:13.496+0000] {dagbag.py:508} INFO - Filling up the DagBag from /home/airflow/.local/lib/python3.7/site-packages/airflow/example_dags/example_sla_dag.py
[2024-08-12T09:58:13.510+0000] {processor.py:650} INFO - DAG(s) dict_keys(['example_sla_dag']) retrieved from /home/airflow/.local/lib/python3.7/site-packages/airflow/example_dags/example_sla_dag.py
[2024-08-12T09:58:13.529+0000] {logging_mixin.py:115} INFO - [2024-08-12T09:58:13.529+0000] {dag.py:2429} INFO - Sync 1 DAGs
[2024-08-12T09:58:13.550+0000] {logging_mixin.py:115} INFO - [2024-08-12T09:58:13.550+0000] {dag.py:2981} INFO - Setting next_dagrun for example_sla_dag to 2024-08-12T09:56:00+00:00, run_after=2024-08-12T09:58:00+00:00
[2024-08-12T09:58:13.560+0000] {processor.py:161} INFO - Processing /home/airflow/.local/lib/python3.7/site-packages/airflow/example_dags/example_sla_dag.py took 0.068 seconds
[2024-08-12T09:58:44.445+0000] {processor.py:153} INFO - Started process (PID=261) to work on /home/airflow/.local/lib/python3.7/site-packages/airflow/example_dags/example_sla_dag.py
[2024-08-12T09:58:44.446+0000] {processor.py:640} INFO - Processing file /home/airflow/.local/lib/python3.7/site-packages/airflow/example_dags/example_sla_dag.py for tasks to queue
[2024-08-12T09:58:44.446+0000] {logging_mixin.py:115} INFO - [2024-08-12T09:58:44.446+0000] {dagbag.py:508} INFO - Filling up the DagBag from /home/airflow/.local/lib/python3.7/site-packages/airflow/example_dags/example_sla_dag.py
[2024-08-12T09:58:44.460+0000] {processor.py:650} INFO - DAG(s) dict_keys(['example_sla_dag']) retrieved from /home/airflow/.local/lib/python3.7/site-packages/airflow/example_dags/example_sla_dag.py
[2024-08-12T09:58:44.479+0000] {logging_mixin.py:115} INFO - [2024-08-12T09:58:44.479+0000] {dag.py:2429} INFO - Sync 1 DAGs
[2024-08-12T09:58:44.501+0000] {logging_mixin.py:115} INFO - [2024-08-12T09:58:44.501+0000] {dag.py:2981} INFO - Setting next_dagrun for example_sla_dag to 2024-08-12T09:56:00+00:00, run_after=2024-08-12T09:58:00+00:00
[2024-08-12T09:58:44.511+0000] {processor.py:161} INFO - Processing /home/airflow/.local/lib/python3.7/site-packages/airflow/example_dags/example_sla_dag.py took 0.068 seconds
[2024-08-12T09:59:15.476+0000] {processor.py:153} INFO - Started process (PID=324) to work on /home/airflow/.local/lib/python3.7/site-packages/airflow/example_dags/example_sla_dag.py
[2024-08-12T09:59:15.476+0000] {processor.py:640} INFO - Processing file /home/airflow/.local/lib/python3.7/site-packages/airflow/example_dags/example_sla_dag.py for tasks to queue
[2024-08-12T09:59:15.477+0000] {logging_mixin.py:115} INFO - [2024-08-12T09:59:15.477+0000] {dagbag.py:508} INFO - Filling up the DagBag from /home/airflow/.local/lib/python3.7/site-packages/airflow/example_dags/example_sla_dag.py
[2024-08-12T09:59:15.490+0000] {processor.py:650} INFO - DAG(s) dict_keys(['example_sla_dag']) retrieved from /home/airflow/.local/lib/python3.7/site-packages/airflow/example_dags/example_sla_dag.py
[2024-08-12T09:59:15.510+0000] {logging_mixin.py:115} INFO - [2024-08-12T09:59:15.510+0000] {dag.py:2429} INFO - Sync 1 DAGs
[2024-08-12T09:59:15.532+0000] {logging_mixin.py:115} INFO - [2024-08-12T09:59:15.531+0000] {dag.py:2981} INFO - Setting next_dagrun for example_sla_dag to 2024-08-12T09:56:00+00:00, run_after=2024-08-12T09:58:00+00:00
[2024-08-12T09:59:15.541+0000] {processor.py:161} INFO - Processing /home/airflow/.local/lib/python3.7/site-packages/airflow/example_dags/example_sla_dag.py took 0.068 seconds
[2024-08-12T09:59:45.676+0000] {processor.py:153} INFO - Started process (PID=378) to work on /home/airflow/.local/lib/python3.7/site-packages/airflow/example_dags/example_sla_dag.py
[2024-08-12T09:59:45.677+0000] {processor.py:640} INFO - Processing file /home/airflow/.local/lib/python3.7/site-packages/airflow/example_dags/example_sla_dag.py for tasks to queue
[2024-08-12T09:59:45.677+0000] {logging_mixin.py:115} INFO - [2024-08-12T09:59:45.677+0000] {dagbag.py:508} INFO - Filling up the DagBag from /home/airflow/.local/lib/python3.7/site-packages/airflow/example_dags/example_sla_dag.py
[2024-08-12T09:59:45.691+0000] {processor.py:650} INFO - DAG(s) dict_keys(['example_sla_dag']) retrieved from /home/airflow/.local/lib/python3.7/site-packages/airflow/example_dags/example_sla_dag.py
[2024-08-12T09:59:45.711+0000] {logging_mixin.py:115} INFO - [2024-08-12T09:59:45.711+0000] {dag.py:2429} INFO - Sync 1 DAGs
[2024-08-12T09:59:45.733+0000] {logging_mixin.py:115} INFO - [2024-08-12T09:59:45.733+0000] {dag.py:2981} INFO - Setting next_dagrun for example_sla_dag to 2024-08-12T09:56:00+00:00, run_after=2024-08-12T09:58:00+00:00
[2024-08-12T09:59:45.743+0000] {processor.py:161} INFO - Processing /home/airflow/.local/lib/python3.7/site-packages/airflow/example_dags/example_sla_dag.py took 0.070 seconds
[2024-08-12T10:00:16.428+0000] {processor.py:153} INFO - Started process (PID=441) to work on /home/airflow/.local/lib/python3.7/site-packages/airflow/example_dags/example_sla_dag.py
[2024-08-12T10:00:16.429+0000] {processor.py:640} INFO - Processing file /home/airflow/.local/lib/python3.7/site-packages/airflow/example_dags/example_sla_dag.py for tasks to queue
[2024-08-12T10:00:16.429+0000] {logging_mixin.py:115} INFO - [2024-08-12T10:00:16.429+0000] {dagbag.py:508} INFO - Filling up the DagBag from /home/airflow/.local/lib/python3.7/site-packages/airflow/example_dags/example_sla_dag.py
[2024-08-12T10:00:16.442+0000] {processor.py:650} INFO - DAG(s) dict_keys(['example_sla_dag']) retrieved from /home/airflow/.local/lib/python3.7/site-packages/airflow/example_dags/example_sla_dag.py
[2024-08-12T10:00:16.462+0000] {logging_mixin.py:115} INFO - [2024-08-12T10:00:16.462+0000] {dag.py:2429} INFO - Sync 1 DAGs
[2024-08-12T10:00:16.484+0000] {logging_mixin.py:115} INFO - [2024-08-12T10:00:16.483+0000] {dag.py:2981} INFO - Setting next_dagrun for example_sla_dag to 2024-08-12T09:58:00+00:00, run_after=2024-08-12T10:00:00+00:00
[2024-08-12T10:00:16.494+0000] {processor.py:161} INFO - Processing /home/airflow/.local/lib/python3.7/site-packages/airflow/example_dags/example_sla_dag.py took 0.069 seconds
[2024-08-12T10:00:47.223+0000] {processor.py:153} INFO - Started process (PID=504) to work on /home/airflow/.local/lib/python3.7/site-packages/airflow/example_dags/example_sla_dag.py
[2024-08-12T10:00:47.224+0000] {processor.py:640} INFO - Processing file /home/airflow/.local/lib/python3.7/site-packages/airflow/example_dags/example_sla_dag.py for tasks to queue
[2024-08-12T10:00:47.225+0000] {logging_mixin.py:115} INFO - [2024-08-12T10:00:47.225+0000] {dagbag.py:508} INFO - Filling up the DagBag from /home/airflow/.local/lib/python3.7/site-packages/airflow/example_dags/example_sla_dag.py
[2024-08-12T10:00:47.238+0000] {processor.py:650} INFO - DAG(s) dict_keys(['example_sla_dag']) retrieved from /home/airflow/.local/lib/python3.7/site-packages/airflow/example_dags/example_sla_dag.py
[2024-08-12T10:00:47.258+0000] {logging_mixin.py:115} INFO - [2024-08-12T10:00:47.258+0000] {dag.py:2429} INFO - Sync 1 DAGs
[2024-08-12T10:00:47.279+0000] {logging_mixin.py:115} INFO - [2024-08-12T10:00:47.279+0000] {dag.py:2981} INFO - Setting next_dagrun for example_sla_dag to 2024-08-12T09:58:00+00:00, run_after=2024-08-12T10:00:00+00:00
[2024-08-12T10:00:47.289+0000] {processor.py:161} INFO - Processing /home/airflow/.local/lib/python3.7/site-packages/airflow/example_dags/example_sla_dag.py took 0.068 seconds
[2024-08-12T10:01:18.091+0000] {processor.py:153} INFO - Started process (PID=567) to work on /home/airflow/.local/lib/python3.7/site-packages/airflow/example_dags/example_sla_dag.py
[2024-08-12T10:01:18.092+0000] {processor.py:640} INFO - Processing file /home/airflow/.local/lib/python3.7/site-packages/airflow/example_dags/example_sla_dag.py for tasks to queue
[2024-08-12T10:01:18.093+0000] {logging_mixin.py:115} INFO - [2024-08-12T10:01:18.093+0000] {dagbag.py:508} INFO - Filling up the DagBag from /home/airflow/.local/lib/python3.7/site-packages/airflow/example_dags/example_sla_dag.py
[2024-08-12T10:01:18.107+0000] {processor.py:650} INFO - DAG(s) dict_keys(['example_sla_dag']) retrieved from /home/airflow/.local/lib/python3.7/site-packages/airflow/example_dags/example_sla_dag.py
[2024-08-12T10:01:18.129+0000] {logging_mixin.py:115} INFO - [2024-08-12T10:01:18.129+0000] {dag.py:2429} INFO - Sync 1 DAGs
[2024-08-12T10:01:18.153+0000] {logging_mixin.py:115} INFO - [2024-08-12T10:01:18.153+0000] {dag.py:2981} INFO - Setting next_dagrun for example_sla_dag to 2024-08-12T09:58:00+00:00, run_after=2024-08-12T10:00:00+00:00
[2024-08-12T10:01:18.163+0000] {processor.py:161} INFO - Processing /home/airflow/.local/lib/python3.7/site-packages/airflow/example_dags/example_sla_dag.py took 0.074 seconds
[2024-08-12T10:01:48.859+0000] {processor.py:153} INFO - Started process (PID=621) to work on /home/airflow/.local/lib/python3.7/site-packages/airflow/example_dags/example_sla_dag.py
[2024-08-12T10:01:48.860+0000] {processor.py:640} INFO - Processing file /home/airflow/.local/lib/python3.7/site-packages/airflow/example_dags/example_sla_dag.py for tasks to queue
[2024-08-12T10:01:48.861+0000] {logging_mixin.py:115} INFO - [2024-08-12T10:01:48.860+0000] {dagbag.py:508} INFO - Filling up the DagBag from /home/airflow/.local/lib/python3.7/site-packages/airflow/example_dags/example_sla_dag.py
[2024-08-12T10:01:48.874+0000] {processor.py:650} INFO - DAG(s) dict_keys(['example_sla_dag']) retrieved from /home/airflow/.local/lib/python3.7/site-packages/airflow/example_dags/example_sla_dag.py
[2024-08-12T10:01:48.894+0000] {logging_mixin.py:115} INFO - [2024-08-12T10:01:48.894+0000] {dag.py:2429} INFO - Sync 1 DAGs
[2024-08-12T10:01:48.916+0000] {logging_mixin.py:115} INFO - [2024-08-12T10:01:48.916+0000] {dag.py:2981} INFO - Setting next_dagrun for example_sla_dag to 2024-08-12T09:58:00+00:00, run_after=2024-08-12T10:00:00+00:00
[2024-08-12T10:01:48.926+0000] {processor.py:161} INFO - Processing /home/airflow/.local/lib/python3.7/site-packages/airflow/example_dags/example_sla_dag.py took 0.070 seconds
[2024-08-12T10:02:19.630+0000] {processor.py:153} INFO - Started process (PID=684) to work on /home/airflow/.local/lib/python3.7/site-packages/airflow/example_dags/example_sla_dag.py
[2024-08-12T10:02:19.631+0000] {processor.py:640} INFO - Processing file /home/airflow/.local/lib/python3.7/site-packages/airflow/example_dags/example_sla_dag.py for tasks to queue
[2024-08-12T10:02:19.632+0000] {logging_mixin.py:115} INFO - [2024-08-12T10:02:19.632+0000] {dagbag.py:508} INFO - Filling up the DagBag from /home/airflow/.local/lib/python3.7/site-packages/airflow/example_dags/example_sla_dag.py
[2024-08-12T10:02:19.645+0000] {processor.py:650} INFO - DAG(s) dict_keys(['example_sla_dag']) retrieved from /home/airflow/.local/lib/python3.7/site-packages/airflow/example_dags/example_sla_dag.py
[2024-08-12T10:02:19.664+0000] {logging_mixin.py:115} INFO - [2024-08-12T10:02:19.664+0000] {dag.py:2429} INFO - Sync 1 DAGs
[2024-08-12T10:02:19.686+0000] {logging_mixin.py:115} INFO - [2024-08-12T10:02:19.686+0000] {dag.py:2981} INFO - Setting next_dagrun for example_sla_dag to 2024-08-12T10:00:00+00:00, run_after=2024-08-12T10:02:00+00:00
[2024-08-12T10:02:19.696+0000] {processor.py:161} INFO - Processing /home/airflow/.local/lib/python3.7/site-packages/airflow/example_dags/example_sla_dag.py took 0.068 seconds
[2024-08-12T10:02:50.510+0000] {processor.py:153} INFO - Started process (PID=747) to work on /home/airflow/.local/lib/python3.7/site-packages/airflow/example_dags/example_sla_dag.py
[2024-08-12T10:02:50.511+0000] {processor.py:640} INFO - Processing file /home/airflow/.local/lib/python3.7/site-packages/airflow/example_dags/example_sla_dag.py for tasks to queue
[2024-08-12T10:02:50.511+0000] {logging_mixin.py:115} INFO - [2024-08-12T10:02:50.511+0000] {dagbag.py:508} INFO - Filling up the DagBag from /home/airflow/.local/lib/python3.7/site-packages/airflow/example_dags/example_sla_dag.py
[2024-08-12T10:02:50.527+0000] {processor.py:650} INFO - DAG(s) dict_keys(['example_sla_dag']) retrieved from /home/airflow/.local/lib/python3.7/site-packages/airflow/example_dags/example_sla_dag.py
[2024-08-12T10:02:50.547+0000] {logging_mixin.py:115} INFO - [2024-08-12T10:02:50.547+0000] {dag.py:2429} INFO - Sync 1 DAGs
[2024-08-12T10:02:50.569+0000] {logging_mixin.py:115} INFO - [2024-08-12T10:02:50.569+0000] {dag.py:2981} INFO - Setting next_dagrun for example_sla_dag to 2024-08-12T10:00:00+00:00, run_after=2024-08-12T10:02:00+00:00
[2024-08-12T10:02:50.579+0000] {processor.py:161} INFO - Processing /home/airflow/.local/lib/python3.7/site-packages/airflow/example_dags/example_sla_dag.py took 0.072 seconds
[2024-08-12T10:03:21.357+0000] {processor.py:153} INFO - Started process (PID=810) to work on /home/airflow/.local/lib/python3.7/site-packages/airflow/example_dags/example_sla_dag.py
[2024-08-12T10:03:21.358+0000] {processor.py:640} INFO - Processing file /home/airflow/.local/lib/python3.7/site-packages/airflow/example_dags/example_sla_dag.py for tasks to queue
[2024-08-12T10:03:21.358+0000] {logging_mixin.py:115} INFO - [2024-08-12T10:03:21.358+0000] {dagbag.py:508} INFO - Filling up the DagBag from /home/airflow/.local/lib/python3.7/site-packages/airflow/example_dags/example_sla_dag.py
[2024-08-12T10:03:21.375+0000] {processor.py:650} INFO - DAG(s) dict_keys(['example_sla_dag']) retrieved from /home/airflow/.local/lib/python3.7/site-packages/airflow/example_dags/example_sla_dag.py
[2024-08-12T10:03:21.397+0000] {logging_mixin.py:115} INFO - [2024-08-12T10:03:21.397+0000] {dag.py:2429} INFO - Sync 1 DAGs
[2024-08-12T10:03:21.421+0000] {logging_mixin.py:115} INFO - [2024-08-12T10:03:21.421+0000] {dag.py:2981} INFO - Setting next_dagrun for example_sla_dag to 2024-08-12T10:00:00+00:00, run_after=2024-08-12T10:02:00+00:00
[2024-08-12T10:03:21.431+0000] {processor.py:161} INFO - Processing /home/airflow/.local/lib/python3.7/site-packages/airflow/example_dags/example_sla_dag.py took 0.077 seconds
[2024-08-12T10:03:52.288+0000] {processor.py:153} INFO - Started process (PID=864) to work on /home/airflow/.local/lib/python3.7/site-packages/airflow/example_dags/example_sla_dag.py
[2024-08-12T10:03:52.289+0000] {processor.py:640} INFO - Processing file /home/airflow/.local/lib/python3.7/site-packages/airflow/example_dags/example_sla_dag.py for tasks to queue
[2024-08-12T10:03:52.290+0000] {logging_mixin.py:115} INFO - [2024-08-12T10:03:52.290+0000] {dagbag.py:508} INFO - Filling up the DagBag from /home/airflow/.local/lib/python3.7/site-packages/airflow/example_dags/example_sla_dag.py
[2024-08-12T10:03:52.303+0000] {processor.py:650} INFO - DAG(s) dict_keys(['example_sla_dag']) retrieved from /home/airflow/.local/lib/python3.7/site-packages/airflow/example_dags/example_sla_dag.py
[2024-08-12T10:03:52.322+0000] {logging_mixin.py:115} INFO - [2024-08-12T10:03:52.322+0000] {dag.py:2429} INFO - Sync 1 DAGs
[2024-08-12T10:03:52.343+0000] {logging_mixin.py:115} INFO - [2024-08-12T10:03:52.343+0000] {dag.py:2981} INFO - Setting next_dagrun for example_sla_dag to 2024-08-12T10:00:00+00:00, run_after=2024-08-12T10:02:00+00:00
[2024-08-12T10:03:52.353+0000] {processor.py:161} INFO - Processing /home/airflow/.local/lib/python3.7/site-packages/airflow/example_dags/example_sla_dag.py took 0.067 seconds
[2024-08-12T10:04:23.088+0000] {processor.py:153} INFO - Started process (PID=927) to work on /home/airflow/.local/lib/python3.7/site-packages/airflow/example_dags/example_sla_dag.py
[2024-08-12T10:04:23.089+0000] {processor.py:640} INFO - Processing file /home/airflow/.local/lib/python3.7/site-packages/airflow/example_dags/example_sla_dag.py for tasks to queue
[2024-08-12T10:04:23.089+0000] {logging_mixin.py:115} INFO - [2024-08-12T10:04:23.089+0000] {dagbag.py:508} INFO - Filling up the DagBag from /home/airflow/.local/lib/python3.7/site-packages/airflow/example_dags/example_sla_dag.py
[2024-08-12T10:04:23.103+0000] {processor.py:650} INFO - DAG(s) dict_keys(['example_sla_dag']) retrieved from /home/airflow/.local/lib/python3.7/site-packages/airflow/example_dags/example_sla_dag.py
[2024-08-12T10:04:23.124+0000] {logging_mixin.py:115} INFO - [2024-08-12T10:04:23.124+0000] {dag.py:2429} INFO - Sync 1 DAGs
[2024-08-12T10:04:23.148+0000] {logging_mixin.py:115} INFO - [2024-08-12T10:04:23.148+0000] {dag.py:2981} INFO - Setting next_dagrun for example_sla_dag to 2024-08-12T10:02:00+00:00, run_after=2024-08-12T10:04:00+00:00
[2024-08-12T10:04:23.159+0000] {processor.py:161} INFO - Processing /home/airflow/.local/lib/python3.7/site-packages/airflow/example_dags/example_sla_dag.py took 0.074 seconds
[2024-08-12T10:04:53.986+0000] {processor.py:153} INFO - Started process (PID=990) to work on /home/airflow/.local/lib/python3.7/site-packages/airflow/example_dags/example_sla_dag.py
[2024-08-12T10:04:53.987+0000] {processor.py:640} INFO - Processing file /home/airflow/.local/lib/python3.7/site-packages/airflow/example_dags/example_sla_dag.py for tasks to queue
[2024-08-12T10:04:53.988+0000] {logging_mixin.py:115} INFO - [2024-08-12T10:04:53.988+0000] {dagbag.py:508} INFO - Filling up the DagBag from /home/airflow/.local/lib/python3.7/site-packages/airflow/example_dags/example_sla_dag.py
[2024-08-12T10:04:54.002+0000] {processor.py:650} INFO - DAG(s) dict_keys(['example_sla_dag']) retrieved from /home/airflow/.local/lib/python3.7/site-packages/airflow/example_dags/example_sla_dag.py
[2024-08-12T10:04:54.022+0000] {logging_mixin.py:115} INFO - [2024-08-12T10:04:54.022+0000] {dag.py:2429} INFO - Sync 1 DAGs
[2024-08-12T10:04:54.043+0000] {logging_mixin.py:115} INFO - [2024-08-12T10:04:54.043+0000] {dag.py:2981} INFO - Setting next_dagrun for example_sla_dag to 2024-08-12T10:02:00+00:00, run_after=2024-08-12T10:04:00+00:00
[2024-08-12T10:04:54.052+0000] {processor.py:161} INFO - Processing /home/airflow/.local/lib/python3.7/site-packages/airflow/example_dags/example_sla_dag.py took 0.069 seconds
[2024-08-12T10:05:24.779+0000] {processor.py:153} INFO - Started process (PID=1053) to work on /home/airflow/.local/lib/python3.7/site-packages/airflow/example_dags/example_sla_dag.py
[2024-08-12T10:05:24.780+0000] {processor.py:640} INFO - Processing file /home/airflow/.local/lib/python3.7/site-packages/airflow/example_dags/example_sla_dag.py for tasks to queue
[2024-08-12T10:05:24.780+0000] {logging_mixin.py:115} INFO - [2024-08-12T10:05:24.780+0000] {dagbag.py:508} INFO - Filling up the DagBag from /home/airflow/.local/lib/python3.7/site-packages/airflow/example_dags/example_sla_dag.py
[2024-08-12T10:05:24.798+0000] {processor.py:650} INFO - DAG(s) dict_keys(['example_sla_dag']) retrieved from /home/airflow/.local/lib/python3.7/site-packages/airflow/example_dags/example_sla_dag.py
[2024-08-12T10:05:24.821+0000] {logging_mixin.py:115} INFO - [2024-08-12T10:05:24.821+0000] {dag.py:2429} INFO - Sync 1 DAGs
[2024-08-12T10:05:24.847+0000] {logging_mixin.py:115} INFO - [2024-08-12T10:05:24.847+0000] {dag.py:2981} INFO - Setting next_dagrun for example_sla_dag to 2024-08-12T10:02:00+00:00, run_after=2024-08-12T10:04:00+00:00
[2024-08-12T10:05:24.860+0000] {processor.py:161} INFO - Processing /home/airflow/.local/lib/python3.7/site-packages/airflow/example_dags/example_sla_dag.py took 0.084 seconds
[2024-08-12T10:05:55.583+0000] {processor.py:153} INFO - Started process (PID=1107) to work on /home/airflow/.local/lib/python3.7/site-packages/airflow/example_dags/example_sla_dag.py
[2024-08-12T10:05:55.584+0000] {processor.py:640} INFO - Processing file /home/airflow/.local/lib/python3.7/site-packages/airflow/example_dags/example_sla_dag.py for tasks to queue
[2024-08-12T10:05:55.585+0000] {logging_mixin.py:115} INFO - [2024-08-12T10:05:55.585+0000] {dagbag.py:508} INFO - Filling up the DagBag from /home/airflow/.local/lib/python3.7/site-packages/airflow/example_dags/example_sla_dag.py
[2024-08-12T10:05:55.598+0000] {processor.py:650} INFO - DAG(s) dict_keys(['example_sla_dag']) retrieved from /home/airflow/.local/lib/python3.7/site-packages/airflow/example_dags/example_sla_dag.py
[2024-08-12T10:05:55.619+0000] {logging_mixin.py:115} INFO - [2024-08-12T10:05:55.618+0000] {dag.py:2429} INFO - Sync 1 DAGs
[2024-08-12T10:05:55.641+0000] {logging_mixin.py:115} INFO - [2024-08-12T10:05:55.641+0000] {dag.py:2981} INFO - Setting next_dagrun for example_sla_dag to 2024-08-12T10:02:00+00:00, run_after=2024-08-12T10:04:00+00:00
[2024-08-12T10:05:55.651+0000] {processor.py:161} INFO - Processing /home/airflow/.local/lib/python3.7/site-packages/airflow/example_dags/example_sla_dag.py took 0.070 seconds
[2024-08-12T10:06:26.329+0000] {processor.py:153} INFO - Started process (PID=1170) to work on /home/airflow/.local/lib/python3.7/site-packages/airflow/example_dags/example_sla_dag.py
[2024-08-12T10:06:26.330+0000] {processor.py:640} INFO - Processing file /home/airflow/.local/lib/python3.7/site-packages/airflow/example_dags/example_sla_dag.py for tasks to queue
[2024-08-12T10:06:26.331+0000] {logging_mixin.py:115} INFO - [2024-08-12T10:06:26.330+0000] {dagbag.py:508} INFO - Filling up the DagBag from /home/airflow/.local/lib/python3.7/site-packages/airflow/example_dags/example_sla_dag.py
[2024-08-12T10:06:26.344+0000] {processor.py:650} INFO - DAG(s) dict_keys(['example_sla_dag']) retrieved from /home/airflow/.local/lib/python3.7/site-packages/airflow/example_dags/example_sla_dag.py
[2024-08-12T10:06:26.365+0000] {logging_mixin.py:115} INFO - [2024-08-12T10:06:26.365+0000] {dag.py:2429} INFO - Sync 1 DAGs
[2024-08-12T10:06:26.387+0000] {logging_mixin.py:115} INFO - [2024-08-12T10:06:26.387+0000] {dag.py:2981} INFO - Setting next_dagrun for example_sla_dag to 2024-08-12T10:04:00+00:00, run_after=2024-08-12T10:06:00+00:00
[2024-08-12T10:06:26.397+0000] {processor.py:161} INFO - Processing /home/airflow/.local/lib/python3.7/site-packages/airflow/example_dags/example_sla_dag.py took 0.071 seconds
[2024-08-12T10:06:57.350+0000] {processor.py:153} INFO - Started process (PID=1233) to work on /home/airflow/.local/lib/python3.7/site-packages/airflow/example_dags/example_sla_dag.py
[2024-08-12T10:06:57.351+0000] {processor.py:640} INFO - Processing file /home/airflow/.local/lib/python3.7/site-packages/airflow/example_dags/example_sla_dag.py for tasks to queue
[2024-08-12T10:06:57.352+0000] {logging_mixin.py:115} INFO - [2024-08-12T10:06:57.352+0000] {dagbag.py:508} INFO - Filling up the DagBag from /home/airflow/.local/lib/python3.7/site-packages/airflow/example_dags/example_sla_dag.py
[2024-08-12T10:06:57.367+0000] {processor.py:650} INFO - DAG(s) dict_keys(['example_sla_dag']) retrieved from /home/airflow/.local/lib/python3.7/site-packages/airflow/example_dags/example_sla_dag.py
[2024-08-12T10:06:57.388+0000] {logging_mixin.py:115} INFO - [2024-08-12T10:06:57.388+0000] {dag.py:2429} INFO - Sync 1 DAGs
[2024-08-12T10:06:57.411+0000] {logging_mixin.py:115} INFO - [2024-08-12T10:06:57.411+0000] {dag.py:2981} INFO - Setting next_dagrun for example_sla_dag to 2024-08-12T10:04:00+00:00, run_after=2024-08-12T10:06:00+00:00
[2024-08-12T10:06:57.422+0000] {processor.py:161} INFO - Processing /home/airflow/.local/lib/python3.7/site-packages/airflow/example_dags/example_sla_dag.py took 0.074 seconds
[2024-08-12T10:07:27.700+0000] {processor.py:153} INFO - Started process (PID=1296) to work on /home/airflow/.local/lib/python3.7/site-packages/airflow/example_dags/example_sla_dag.py
[2024-08-12T10:07:27.701+0000] {processor.py:640} INFO - Processing file /home/airflow/.local/lib/python3.7/site-packages/airflow/example_dags/example_sla_dag.py for tasks to queue
[2024-08-12T10:07:27.701+0000] {logging_mixin.py:115} INFO - [2024-08-12T10:07:27.701+0000] {dagbag.py:508} INFO - Filling up the DagBag from /home/airflow/.local/lib/python3.7/site-packages/airflow/example_dags/example_sla_dag.py
[2024-08-12T10:07:27.716+0000] {processor.py:650} INFO - DAG(s) dict_keys(['example_sla_dag']) retrieved from /home/airflow/.local/lib/python3.7/site-packages/airflow/example_dags/example_sla_dag.py
[2024-08-12T10:07:27.737+0000] {logging_mixin.py:115} INFO - [2024-08-12T10:07:27.737+0000] {dag.py:2429} INFO - Sync 1 DAGs
[2024-08-12T10:07:27.762+0000] {logging_mixin.py:115} INFO - [2024-08-12T10:07:27.761+0000] {dag.py:2981} INFO - Setting next_dagrun for example_sla_dag to 2024-08-12T10:04:00+00:00, run_after=2024-08-12T10:06:00+00:00
[2024-08-12T10:07:27.774+0000] {processor.py:161} INFO - Processing /home/airflow/.local/lib/python3.7/site-packages/airflow/example_dags/example_sla_dag.py took 0.077 seconds
[2024-08-12T10:07:58.579+0000] {processor.py:153} INFO - Started process (PID=1350) to work on /home/airflow/.local/lib/python3.7/site-packages/airflow/example_dags/example_sla_dag.py
[2024-08-12T10:07:58.580+0000] {processor.py:640} INFO - Processing file /home/airflow/.local/lib/python3.7/site-packages/airflow/example_dags/example_sla_dag.py for tasks to queue
[2024-08-12T10:07:58.581+0000] {logging_mixin.py:115} INFO - [2024-08-12T10:07:58.580+0000] {dagbag.py:508} INFO - Filling up the DagBag from /home/airflow/.local/lib/python3.7/site-packages/airflow/example_dags/example_sla_dag.py
[2024-08-12T10:07:58.594+0000] {processor.py:650} INFO - DAG(s) dict_keys(['example_sla_dag']) retrieved from /home/airflow/.local/lib/python3.7/site-packages/airflow/example_dags/example_sla_dag.py
[2024-08-12T10:07:58.613+0000] {logging_mixin.py:115} INFO - [2024-08-12T10:07:58.613+0000] {dag.py:2429} INFO - Sync 1 DAGs
[2024-08-12T10:07:58.634+0000] {logging_mixin.py:115} INFO - [2024-08-12T10:07:58.634+0000] {dag.py:2981} INFO - Setting next_dagrun for example_sla_dag to 2024-08-12T10:04:00+00:00, run_after=2024-08-12T10:06:00+00:00
[2024-08-12T10:07:58.643+0000] {processor.py:161} INFO - Processing /home/airflow/.local/lib/python3.7/site-packages/airflow/example_dags/example_sla_dag.py took 0.067 seconds
[2024-08-12T10:08:29.316+0000] {processor.py:153} INFO - Started process (PID=1413) to work on /home/airflow/.local/lib/python3.7/site-packages/airflow/example_dags/example_sla_dag.py
[2024-08-12T10:08:29.317+0000] {processor.py:640} INFO - Processing file /home/airflow/.local/lib/python3.7/site-packages/airflow/example_dags/example_sla_dag.py for tasks to queue
[2024-08-12T10:08:29.317+0000] {logging_mixin.py:115} INFO - [2024-08-12T10:08:29.317+0000] {dagbag.py:508} INFO - Filling up the DagBag from /home/airflow/.local/lib/python3.7/site-packages/airflow/example_dags/example_sla_dag.py
[2024-08-12T10:08:29.331+0000] {processor.py:650} INFO - DAG(s) dict_keys(['example_sla_dag']) retrieved from /home/airflow/.local/lib/python3.7/site-packages/airflow/example_dags/example_sla_dag.py
[2024-08-12T10:08:29.351+0000] {logging_mixin.py:115} INFO - [2024-08-12T10:08:29.351+0000] {dag.py:2429} INFO - Sync 1 DAGs
[2024-08-12T10:08:29.373+0000] {logging_mixin.py:115} INFO - [2024-08-12T10:08:29.373+0000] {dag.py:2981} INFO - Setting next_dagrun for example_sla_dag to 2024-08-12T10:06:00+00:00, run_after=2024-08-12T10:08:00+00:00
[2024-08-12T10:08:29.383+0000] {processor.py:161} INFO - Processing /home/airflow/.local/lib/python3.7/site-packages/airflow/example_dags/example_sla_dag.py took 0.069 seconds
[2024-08-12T10:09:00.119+0000] {processor.py:153} INFO - Started process (PID=1476) to work on /home/airflow/.local/lib/python3.7/site-packages/airflow/example_dags/example_sla_dag.py
[2024-08-12T10:09:00.120+0000] {processor.py:640} INFO - Processing file /home/airflow/.local/lib/python3.7/site-packages/airflow/example_dags/example_sla_dag.py for tasks to queue
[2024-08-12T10:09:00.121+0000] {logging_mixin.py:115} INFO - [2024-08-12T10:09:00.120+0000] {dagbag.py:508} INFO - Filling up the DagBag from /home/airflow/.local/lib/python3.7/site-packages/airflow/example_dags/example_sla_dag.py
[2024-08-12T10:09:00.135+0000] {processor.py:650} INFO - DAG(s) dict_keys(['example_sla_dag']) retrieved from /home/airflow/.local/lib/python3.7/site-packages/airflow/example_dags/example_sla_dag.py
[2024-08-12T10:09:00.155+0000] {logging_mixin.py:115} INFO - [2024-08-12T10:09:00.155+0000] {dag.py:2429} INFO - Sync 1 DAGs
[2024-08-12T10:09:00.178+0000] {logging_mixin.py:115} INFO - [2024-08-12T10:09:00.178+0000] {dag.py:2981} INFO - Setting next_dagrun for example_sla_dag to 2024-08-12T10:06:00+00:00, run_after=2024-08-12T10:08:00+00:00
[2024-08-12T10:09:00.188+0000] {processor.py:161} INFO - Processing /home/airflow/.local/lib/python3.7/site-packages/airflow/example_dags/example_sla_dag.py took 0.072 seconds
[2024-08-12T10:09:30.829+0000] {processor.py:153} INFO - Started process (PID=1530) to work on /home/airflow/.local/lib/python3.7/site-packages/airflow/example_dags/example_sla_dag.py
[2024-08-12T10:09:30.830+0000] {processor.py:640} INFO - Processing file /home/airflow/.local/lib/python3.7/site-packages/airflow/example_dags/example_sla_dag.py for tasks to queue
[2024-08-12T10:09:30.831+0000] {logging_mixin.py:115} INFO - [2024-08-12T10:09:30.831+0000] {dagbag.py:508} INFO - Filling up the DagBag from /home/airflow/.local/lib/python3.7/site-packages/airflow/example_dags/example_sla_dag.py
[2024-08-12T10:09:30.845+0000] {processor.py:650} INFO - DAG(s) dict_keys(['example_sla_dag']) retrieved from /home/airflow/.local/lib/python3.7/site-packages/airflow/example_dags/example_sla_dag.py
[2024-08-12T10:09:30.865+0000] {logging_mixin.py:115} INFO - [2024-08-12T10:09:30.865+0000] {dag.py:2429} INFO - Sync 1 DAGs
[2024-08-12T10:09:30.887+0000] {logging_mixin.py:115} INFO - [2024-08-12T10:09:30.887+0000] {dag.py:2981} INFO - Setting next_dagrun for example_sla_dag to 2024-08-12T10:06:00+00:00, run_after=2024-08-12T10:08:00+00:00
[2024-08-12T10:09:30.897+0000] {processor.py:161} INFO - Processing /home/airflow/.local/lib/python3.7/site-packages/airflow/example_dags/example_sla_dag.py took 0.070 seconds
[2024-08-12T10:10:01.567+0000] {processor.py:153} INFO - Started process (PID=1593) to work on /home/airflow/.local/lib/python3.7/site-packages/airflow/example_dags/example_sla_dag.py
[2024-08-12T10:10:01.568+0000] {processor.py:640} INFO - Processing file /home/airflow/.local/lib/python3.7/site-packages/airflow/example_dags/example_sla_dag.py for tasks to queue
[2024-08-12T10:10:01.568+0000] {logging_mixin.py:115} INFO - [2024-08-12T10:10:01.568+0000] {dagbag.py:508} INFO - Filling up the DagBag from /home/airflow/.local/lib/python3.7/site-packages/airflow/example_dags/example_sla_dag.py
[2024-08-12T10:10:01.582+0000] {processor.py:650} INFO - DAG(s) dict_keys(['example_sla_dag']) retrieved from /home/airflow/.local/lib/python3.7/site-packages/airflow/example_dags/example_sla_dag.py
[2024-08-12T10:10:01.601+0000] {logging_mixin.py:115} INFO - [2024-08-12T10:10:01.601+0000] {dag.py:2429} INFO - Sync 1 DAGs
[2024-08-12T10:10:01.624+0000] {logging_mixin.py:115} INFO - [2024-08-12T10:10:01.623+0000] {dag.py:2981} INFO - Setting next_dagrun for example_sla_dag to 2024-08-12T10:08:00+00:00, run_after=2024-08-12T10:10:00+00:00
[2024-08-12T10:10:01.634+0000] {processor.py:161} INFO - Processing /home/airflow/.local/lib/python3.7/site-packages/airflow/example_dags/example_sla_dag.py took 0.069 seconds
[2024-08-12T10:10:32.368+0000] {processor.py:153} INFO - Started process (PID=1656) to work on /home/airflow/.local/lib/python3.7/site-packages/airflow/example_dags/example_sla_dag.py
[2024-08-12T10:10:32.369+0000] {processor.py:640} INFO - Processing file /home/airflow/.local/lib/python3.7/site-packages/airflow/example_dags/example_sla_dag.py for tasks to queue
[2024-08-12T10:10:32.370+0000] {logging_mixin.py:115} INFO - [2024-08-12T10:10:32.370+0000] {dagbag.py:508} INFO - Filling up the DagBag from /home/airflow/.local/lib/python3.7/site-packages/airflow/example_dags/example_sla_dag.py
[2024-08-12T10:10:32.385+0000] {processor.py:650} INFO - DAG(s) dict_keys(['example_sla_dag']) retrieved from /home/airflow/.local/lib/python3.7/site-packages/airflow/example_dags/example_sla_dag.py
[2024-08-12T10:10:32.406+0000] {logging_mixin.py:115} INFO - [2024-08-12T10:10:32.405+0000] {dag.py:2429} INFO - Sync 1 DAGs
[2024-08-12T10:10:32.427+0000] {logging_mixin.py:115} INFO - [2024-08-12T10:10:32.427+0000] {dag.py:2981} INFO - Setting next_dagrun for example_sla_dag to 2024-08-12T10:08:00+00:00, run_after=2024-08-12T10:10:00+00:00
[2024-08-12T10:10:32.437+0000] {processor.py:161} INFO - Processing /home/airflow/.local/lib/python3.7/site-packages/airflow/example_dags/example_sla_dag.py took 0.071 seconds
[2024-08-12T10:11:03.118+0000] {processor.py:153} INFO - Started process (PID=1719) to work on /home/airflow/.local/lib/python3.7/site-packages/airflow/example_dags/example_sla_dag.py
[2024-08-12T10:11:03.119+0000] {processor.py:640} INFO - Processing file /home/airflow/.local/lib/python3.7/site-packages/airflow/example_dags/example_sla_dag.py for tasks to queue
[2024-08-12T10:11:03.119+0000] {logging_mixin.py:115} INFO - [2024-08-12T10:11:03.119+0000] {dagbag.py:508} INFO - Filling up the DagBag from /home/airflow/.local/lib/python3.7/site-packages/airflow/example_dags/example_sla_dag.py
[2024-08-12T10:11:03.133+0000] {processor.py:650} INFO - DAG(s) dict_keys(['example_sla_dag']) retrieved from /home/airflow/.local/lib/python3.7/site-packages/airflow/example_dags/example_sla_dag.py
[2024-08-12T10:11:03.154+0000] {logging_mixin.py:115} INFO - [2024-08-12T10:11:03.154+0000] {dag.py:2429} INFO - Sync 1 DAGs
[2024-08-12T10:11:03.176+0000] {logging_mixin.py:115} INFO - [2024-08-12T10:11:03.176+0000] {dag.py:2981} INFO - Setting next_dagrun for example_sla_dag to 2024-08-12T10:08:00+00:00, run_after=2024-08-12T10:10:00+00:00
[2024-08-12T10:11:03.187+0000] {processor.py:161} INFO - Processing /home/airflow/.local/lib/python3.7/site-packages/airflow/example_dags/example_sla_dag.py took 0.072 seconds
[2024-08-12T10:11:33.908+0000] {processor.py:153} INFO - Started process (PID=1773) to work on /home/airflow/.local/lib/python3.7/site-packages/airflow/example_dags/example_sla_dag.py
[2024-08-12T10:11:33.909+0000] {processor.py:640} INFO - Processing file /home/airflow/.local/lib/python3.7/site-packages/airflow/example_dags/example_sla_dag.py for tasks to queue
[2024-08-12T10:11:33.909+0000] {logging_mixin.py:115} INFO - [2024-08-12T10:11:33.909+0000] {dagbag.py:508} INFO - Filling up the DagBag from /home/airflow/.local/lib/python3.7/site-packages/airflow/example_dags/example_sla_dag.py
[2024-08-12T10:11:33.923+0000] {processor.py:650} INFO - DAG(s) dict_keys(['example_sla_dag']) retrieved from /home/airflow/.local/lib/python3.7/site-packages/airflow/example_dags/example_sla_dag.py
[2024-08-12T10:11:33.943+0000] {logging_mixin.py:115} INFO - [2024-08-12T10:11:33.943+0000] {dag.py:2429} INFO - Sync 1 DAGs
[2024-08-12T10:11:33.965+0000] {logging_mixin.py:115} INFO - [2024-08-12T10:11:33.965+0000] {dag.py:2981} INFO - Setting next_dagrun for example_sla_dag to 2024-08-12T10:08:00+00:00, run_after=2024-08-12T10:10:00+00:00
[2024-08-12T10:11:33.976+0000] {processor.py:161} INFO - Processing /home/airflow/.local/lib/python3.7/site-packages/airflow/example_dags/example_sla_dag.py took 0.070 seconds
[2024-08-12T10:12:04.699+0000] {processor.py:153} INFO - Started process (PID=1836) to work on /home/airflow/.local/lib/python3.7/site-packages/airflow/example_dags/example_sla_dag.py
[2024-08-12T10:12:04.699+0000] {processor.py:640} INFO - Processing file /home/airflow/.local/lib/python3.7/site-packages/airflow/example_dags/example_sla_dag.py for tasks to queue
[2024-08-12T10:12:04.700+0000] {logging_mixin.py:115} INFO - [2024-08-12T10:12:04.700+0000] {dagbag.py:508} INFO - Filling up the DagBag from /home/airflow/.local/lib/python3.7/site-packages/airflow/example_dags/example_sla_dag.py
[2024-08-12T10:12:04.714+0000] {processor.py:650} INFO - DAG(s) dict_keys(['example_sla_dag']) retrieved from /home/airflow/.local/lib/python3.7/site-packages/airflow/example_dags/example_sla_dag.py
[2024-08-12T10:12:04.736+0000] {logging_mixin.py:115} INFO - [2024-08-12T10:12:04.736+0000] {dag.py:2429} INFO - Sync 1 DAGs
[2024-08-12T10:12:04.761+0000] {logging_mixin.py:115} INFO - [2024-08-12T10:12:04.760+0000] {dag.py:2981} INFO - Setting next_dagrun for example_sla_dag to 2024-08-12T10:10:00+00:00, run_after=2024-08-12T10:12:00+00:00
[2024-08-12T10:12:04.772+0000] {processor.py:161} INFO - Processing /home/airflow/.local/lib/python3.7/site-packages/airflow/example_dags/example_sla_dag.py took 0.076 seconds
[2024-08-12T10:12:35.612+0000] {processor.py:153} INFO - Started process (PID=1899) to work on /home/airflow/.local/lib/python3.7/site-packages/airflow/example_dags/example_sla_dag.py
[2024-08-12T10:12:35.613+0000] {processor.py:640} INFO - Processing file /home/airflow/.local/lib/python3.7/site-packages/airflow/example_dags/example_sla_dag.py for tasks to queue
[2024-08-12T10:12:35.613+0000] {logging_mixin.py:115} INFO - [2024-08-12T10:12:35.613+0000] {dagbag.py:508} INFO - Filling up the DagBag from /home/airflow/.local/lib/python3.7/site-packages/airflow/example_dags/example_sla_dag.py
[2024-08-12T10:12:35.628+0000] {processor.py:650} INFO - DAG(s) dict_keys(['example_sla_dag']) retrieved from /home/airflow/.local/lib/python3.7/site-packages/airflow/example_dags/example_sla_dag.py
[2024-08-12T10:12:35.648+0000] {logging_mixin.py:115} INFO - [2024-08-12T10:12:35.648+0000] {dag.py:2429} INFO - Sync 1 DAGs
[2024-08-12T10:12:35.677+0000] {logging_mixin.py:115} INFO - [2024-08-12T10:12:35.677+0000] {dag.py:2981} INFO - Setting next_dagrun for example_sla_dag to 2024-08-12T10:10:00+00:00, run_after=2024-08-12T10:12:00+00:00
[2024-08-12T10:12:35.689+0000] {processor.py:161} INFO - Processing /home/airflow/.local/lib/python3.7/site-packages/airflow/example_dags/example_sla_dag.py took 0.079 seconds
[2024-08-12T10:13:06.497+0000] {processor.py:153} INFO - Started process (PID=1962) to work on /home/airflow/.local/lib/python3.7/site-packages/airflow/example_dags/example_sla_dag.py
[2024-08-12T10:13:06.498+0000] {processor.py:640} INFO - Processing file /home/airflow/.local/lib/python3.7/site-packages/airflow/example_dags/example_sla_dag.py for tasks to queue
[2024-08-12T10:13:06.498+0000] {logging_mixin.py:115} INFO - [2024-08-12T10:13:06.498+0000] {dagbag.py:508} INFO - Filling up the DagBag from /home/airflow/.local/lib/python3.7/site-packages/airflow/example_dags/example_sla_dag.py
[2024-08-12T10:13:06.513+0000] {processor.py:650} INFO - DAG(s) dict_keys(['example_sla_dag']) retrieved from /home/airflow/.local/lib/python3.7/site-packages/airflow/example_dags/example_sla_dag.py
[2024-08-12T10:13:06.533+0000] {logging_mixin.py:115} INFO - [2024-08-12T10:13:06.533+0000] {dag.py:2429} INFO - Sync 1 DAGs
[2024-08-12T10:13:06.555+0000] {logging_mixin.py:115} INFO - [2024-08-12T10:13:06.555+0000] {dag.py:2981} INFO - Setting next_dagrun for example_sla_dag to 2024-08-12T10:10:00+00:00, run_after=2024-08-12T10:12:00+00:00
[2024-08-12T10:13:06.565+0000] {processor.py:161} INFO - Processing /home/airflow/.local/lib/python3.7/site-packages/airflow/example_dags/example_sla_dag.py took 0.071 seconds
[2024-08-12T10:13:37.140+0000] {processor.py:153} INFO - Started process (PID=2016) to work on /home/airflow/.local/lib/python3.7/site-packages/airflow/example_dags/example_sla_dag.py
[2024-08-12T10:13:37.141+0000] {processor.py:640} INFO - Processing file /home/airflow/.local/lib/python3.7/site-packages/airflow/example_dags/example_sla_dag.py for tasks to queue
[2024-08-12T10:13:37.142+0000] {logging_mixin.py:115} INFO - [2024-08-12T10:13:37.141+0000] {dagbag.py:508} INFO - Filling up the DagBag from /home/airflow/.local/lib/python3.7/site-packages/airflow/example_dags/example_sla_dag.py
[2024-08-12T10:13:37.157+0000] {processor.py:650} INFO - DAG(s) dict_keys(['example_sla_dag']) retrieved from /home/airflow/.local/lib/python3.7/site-packages/airflow/example_dags/example_sla_dag.py
[2024-08-12T10:13:37.178+0000] {logging_mixin.py:115} INFO - [2024-08-12T10:13:37.178+0000] {dag.py:2429} INFO - Sync 1 DAGs
[2024-08-12T10:13:37.199+0000] {logging_mixin.py:115} INFO - [2024-08-12T10:13:37.199+0000] {dag.py:2981} INFO - Setting next_dagrun for example_sla_dag to 2024-08-12T10:10:00+00:00, run_after=2024-08-12T10:12:00+00:00
[2024-08-12T10:13:37.208+0000] {processor.py:161} INFO - Processing /home/airflow/.local/lib/python3.7/site-packages/airflow/example_dags/example_sla_dag.py took 0.070 seconds
[2024-08-12T10:14:08.138+0000] {processor.py:153} INFO - Started process (PID=2079) to work on /home/airflow/.local/lib/python3.7/site-packages/airflow/example_dags/example_sla_dag.py
[2024-08-12T10:14:08.139+0000] {processor.py:640} INFO - Processing file /home/airflow/.local/lib/python3.7/site-packages/airflow/example_dags/example_sla_dag.py for tasks to queue
[2024-08-12T10:14:08.139+0000] {logging_mixin.py:115} INFO - [2024-08-12T10:14:08.139+0000] {dagbag.py:508} INFO - Filling up the DagBag from /home/airflow/.local/lib/python3.7/site-packages/airflow/example_dags/example_sla_dag.py
[2024-08-12T10:14:08.154+0000] {processor.py:650} INFO - DAG(s) dict_keys(['example_sla_dag']) retrieved from /home/airflow/.local/lib/python3.7/site-packages/airflow/example_dags/example_sla_dag.py
[2024-08-12T10:14:08.174+0000] {logging_mixin.py:115} INFO - [2024-08-12T10:14:08.174+0000] {dag.py:2429} INFO - Sync 1 DAGs
[2024-08-12T10:14:08.196+0000] {logging_mixin.py:115} INFO - [2024-08-12T10:14:08.196+0000] {dag.py:2981} INFO - Setting next_dagrun for example_sla_dag to 2024-08-12T10:12:00+00:00, run_after=2024-08-12T10:14:00+00:00
[2024-08-12T10:14:08.207+0000] {processor.py:161} INFO - Processing /home/airflow/.local/lib/python3.7/site-packages/airflow/example_dags/example_sla_dag.py took 0.072 seconds
