[2024-08-12T08:27:08.602+0000] {processor.py:153} INFO - Started process (PID=81) to work on /home/airflow/.local/lib/python3.7/site-packages/airflow/example_dags/example_xcomargs.py
[2024-08-12T08:27:08.603+0000] {processor.py:640} INFO - Processing file /home/airflow/.local/lib/python3.7/site-packages/airflow/example_dags/example_xcomargs.py for tasks to queue
[2024-08-12T08:27:08.604+0000] {logging_mixin.py:115} INFO - [2024-08-12T08:27:08.604+0000] {dagbag.py:508} INFO - Filling up the DagBag from /home/airflow/.local/lib/python3.7/site-packages/airflow/example_dags/example_xcomargs.py
[2024-08-12T08:27:08.626+0000] {processor.py:650} INFO - DAG(s) dict_keys(['example_xcom_args', 'example_xcom_args_with_operators']) retrieved from /home/airflow/.local/lib/python3.7/site-packages/airflow/example_dags/example_xcomargs.py
[2024-08-12T08:27:08.711+0000] {logging_mixin.py:115} INFO - [2024-08-12T08:27:08.711+0000] {manager.py:508} INFO - Created Permission View: can edit on DAG:example_xcom_args
[2024-08-12T08:27:08.721+0000] {logging_mixin.py:115} INFO - [2024-08-12T08:27:08.721+0000] {manager.py:508} INFO - Created Permission View: can read on DAG:example_xcom_args
[2024-08-12T08:27:08.729+0000] {logging_mixin.py:115} INFO - [2024-08-12T08:27:08.729+0000] {manager.py:508} INFO - Created Permission View: can delete on DAG:example_xcom_args
[2024-08-12T08:27:08.747+0000] {logging_mixin.py:115} INFO - [2024-08-12T08:27:08.747+0000] {manager.py:508} INFO - Created Permission View: can edit on DAG:example_xcom_args_with_operators
[2024-08-12T08:27:08.756+0000] {logging_mixin.py:115} INFO - [2024-08-12T08:27:08.756+0000] {manager.py:508} INFO - Created Permission View: can read on DAG:example_xcom_args_with_operators
[2024-08-12T08:27:08.765+0000] {logging_mixin.py:115} INFO - [2024-08-12T08:27:08.764+0000] {manager.py:508} INFO - Created Permission View: can delete on DAG:example_xcom_args_with_operators
[2024-08-12T08:27:08.765+0000] {logging_mixin.py:115} INFO - [2024-08-12T08:27:08.765+0000] {dag.py:2429} INFO - Sync 2 DAGs
[2024-08-12T08:27:08.779+0000] {logging_mixin.py:115} INFO - [2024-08-12T08:27:08.779+0000] {dag.py:2448} INFO - Creating ORM DAG for example_xcom_args
[2024-08-12T08:27:08.779+0000] {logging_mixin.py:115} INFO - [2024-08-12T08:27:08.779+0000] {dag.py:2448} INFO - Creating ORM DAG for example_xcom_args_with_operators
[2024-08-12T08:27:08.792+0000] {logging_mixin.py:115} INFO - [2024-08-12T08:27:08.792+0000] {dag.py:2981} INFO - Setting next_dagrun for example_xcom_args to None, run_after=None
[2024-08-12T08:27:08.793+0000] {logging_mixin.py:115} INFO - [2024-08-12T08:27:08.793+0000] {dag.py:2981} INFO - Setting next_dagrun for example_xcom_args_with_operators to None, run_after=None
[2024-08-12T08:27:08.811+0000] {processor.py:161} INFO - Processing /home/airflow/.local/lib/python3.7/site-packages/airflow/example_dags/example_xcomargs.py took 0.215 seconds
[2024-08-12T08:27:39.717+0000] {processor.py:153} INFO - Started process (PID=133) to work on /home/airflow/.local/lib/python3.7/site-packages/airflow/example_dags/example_xcomargs.py
[2024-08-12T08:27:39.718+0000] {processor.py:640} INFO - Processing file /home/airflow/.local/lib/python3.7/site-packages/airflow/example_dags/example_xcomargs.py for tasks to queue
[2024-08-12T08:27:39.718+0000] {logging_mixin.py:115} INFO - [2024-08-12T08:27:39.718+0000] {dagbag.py:508} INFO - Filling up the DagBag from /home/airflow/.local/lib/python3.7/site-packages/airflow/example_dags/example_xcomargs.py
[2024-08-12T08:27:39.732+0000] {processor.py:650} INFO - DAG(s) dict_keys(['example_xcom_args', 'example_xcom_args_with_operators']) retrieved from /home/airflow/.local/lib/python3.7/site-packages/airflow/example_dags/example_xcomargs.py
[2024-08-12T08:27:39.790+0000] {logging_mixin.py:115} INFO - [2024-08-12T08:27:39.790+0000] {dag.py:2429} INFO - Sync 2 DAGs
[2024-08-12T08:27:39.805+0000] {logging_mixin.py:115} INFO - [2024-08-12T08:27:39.805+0000] {dag.py:2981} INFO - Setting next_dagrun for example_xcom_args to None, run_after=None
[2024-08-12T08:27:39.805+0000] {logging_mixin.py:115} INFO - [2024-08-12T08:27:39.805+0000] {dag.py:2981} INFO - Setting next_dagrun for example_xcom_args_with_operators to None, run_after=None
[2024-08-12T08:27:39.816+0000] {processor.py:161} INFO - Processing /home/airflow/.local/lib/python3.7/site-packages/airflow/example_dags/example_xcomargs.py took 0.102 seconds
[2024-08-12T08:28:10.368+0000] {processor.py:153} INFO - Started process (PID=194) to work on /home/airflow/.local/lib/python3.7/site-packages/airflow/example_dags/example_xcomargs.py
[2024-08-12T08:28:10.368+0000] {processor.py:640} INFO - Processing file /home/airflow/.local/lib/python3.7/site-packages/airflow/example_dags/example_xcomargs.py for tasks to queue
[2024-08-12T08:28:10.369+0000] {logging_mixin.py:115} INFO - [2024-08-12T08:28:10.369+0000] {dagbag.py:508} INFO - Filling up the DagBag from /home/airflow/.local/lib/python3.7/site-packages/airflow/example_dags/example_xcomargs.py
[2024-08-12T08:28:10.383+0000] {processor.py:650} INFO - DAG(s) dict_keys(['example_xcom_args', 'example_xcom_args_with_operators']) retrieved from /home/airflow/.local/lib/python3.7/site-packages/airflow/example_dags/example_xcomargs.py
[2024-08-12T08:28:10.437+0000] {logging_mixin.py:115} INFO - [2024-08-12T08:28:10.437+0000] {dag.py:2429} INFO - Sync 2 DAGs
[2024-08-12T08:28:10.453+0000] {logging_mixin.py:115} INFO - [2024-08-12T08:28:10.453+0000] {dag.py:2981} INFO - Setting next_dagrun for example_xcom_args to None, run_after=None
[2024-08-12T08:28:10.453+0000] {logging_mixin.py:115} INFO - [2024-08-12T08:28:10.453+0000] {dag.py:2981} INFO - Setting next_dagrun for example_xcom_args_with_operators to None, run_after=None
[2024-08-12T08:28:10.464+0000] {processor.py:161} INFO - Processing /home/airflow/.local/lib/python3.7/site-packages/airflow/example_dags/example_xcomargs.py took 0.099 seconds
[2024-08-12T09:57:12.301+0000] {processor.py:153} INFO - Started process (PID=83) to work on /home/airflow/.local/lib/python3.7/site-packages/airflow/example_dags/example_xcomargs.py
[2024-08-12T09:57:12.302+0000] {processor.py:640} INFO - Processing file /home/airflow/.local/lib/python3.7/site-packages/airflow/example_dags/example_xcomargs.py for tasks to queue
[2024-08-12T09:57:12.303+0000] {logging_mixin.py:115} INFO - [2024-08-12T09:57:12.303+0000] {dagbag.py:508} INFO - Filling up the DagBag from /home/airflow/.local/lib/python3.7/site-packages/airflow/example_dags/example_xcomargs.py
[2024-08-12T09:57:12.318+0000] {processor.py:650} INFO - DAG(s) dict_keys(['example_xcom_args', 'example_xcom_args_with_operators']) retrieved from /home/airflow/.local/lib/python3.7/site-packages/airflow/example_dags/example_xcomargs.py
[2024-08-12T09:57:12.426+0000] {logging_mixin.py:115} INFO - [2024-08-12T09:57:12.426+0000] {dag.py:2429} INFO - Sync 2 DAGs
[2024-08-12T09:57:12.472+0000] {logging_mixin.py:115} INFO - [2024-08-12T09:57:12.471+0000] {dag.py:2981} INFO - Setting next_dagrun for example_xcom_args to None, run_after=None
[2024-08-12T09:57:12.472+0000] {logging_mixin.py:115} INFO - [2024-08-12T09:57:12.472+0000] {dag.py:2981} INFO - Setting next_dagrun for example_xcom_args_with_operators to None, run_after=None
[2024-08-12T09:57:12.500+0000] {processor.py:161} INFO - Processing /home/airflow/.local/lib/python3.7/site-packages/airflow/example_dags/example_xcomargs.py took 0.202 seconds
[2024-08-12T09:57:42.761+0000] {processor.py:153} INFO - Started process (PID=137) to work on /home/airflow/.local/lib/python3.7/site-packages/airflow/example_dags/example_xcomargs.py
[2024-08-12T09:57:42.762+0000] {processor.py:640} INFO - Processing file /home/airflow/.local/lib/python3.7/site-packages/airflow/example_dags/example_xcomargs.py for tasks to queue
[2024-08-12T09:57:42.762+0000] {logging_mixin.py:115} INFO - [2024-08-12T09:57:42.762+0000] {dagbag.py:508} INFO - Filling up the DagBag from /home/airflow/.local/lib/python3.7/site-packages/airflow/example_dags/example_xcomargs.py
[2024-08-12T09:57:42.777+0000] {processor.py:650} INFO - DAG(s) dict_keys(['example_xcom_args', 'example_xcom_args_with_operators']) retrieved from /home/airflow/.local/lib/python3.7/site-packages/airflow/example_dags/example_xcomargs.py
[2024-08-12T09:57:42.835+0000] {logging_mixin.py:115} INFO - [2024-08-12T09:57:42.834+0000] {dag.py:2429} INFO - Sync 2 DAGs
[2024-08-12T09:57:42.855+0000] {logging_mixin.py:115} INFO - [2024-08-12T09:57:42.855+0000] {dag.py:2981} INFO - Setting next_dagrun for example_xcom_args to None, run_after=None
[2024-08-12T09:57:42.856+0000] {logging_mixin.py:115} INFO - [2024-08-12T09:57:42.856+0000] {dag.py:2981} INFO - Setting next_dagrun for example_xcom_args_with_operators to None, run_after=None
[2024-08-12T09:57:42.867+0000] {processor.py:161} INFO - Processing /home/airflow/.local/lib/python3.7/site-packages/airflow/example_dags/example_xcomargs.py took 0.109 seconds
[2024-08-12T09:58:13.583+0000] {processor.py:153} INFO - Started process (PID=200) to work on /home/airflow/.local/lib/python3.7/site-packages/airflow/example_dags/example_xcomargs.py
[2024-08-12T09:58:13.584+0000] {processor.py:640} INFO - Processing file /home/airflow/.local/lib/python3.7/site-packages/airflow/example_dags/example_xcomargs.py for tasks to queue
[2024-08-12T09:58:13.584+0000] {logging_mixin.py:115} INFO - [2024-08-12T09:58:13.584+0000] {dagbag.py:508} INFO - Filling up the DagBag from /home/airflow/.local/lib/python3.7/site-packages/airflow/example_dags/example_xcomargs.py
[2024-08-12T09:58:13.599+0000] {processor.py:650} INFO - DAG(s) dict_keys(['example_xcom_args', 'example_xcom_args_with_operators']) retrieved from /home/airflow/.local/lib/python3.7/site-packages/airflow/example_dags/example_xcomargs.py
[2024-08-12T09:58:13.660+0000] {logging_mixin.py:115} INFO - [2024-08-12T09:58:13.660+0000] {dag.py:2429} INFO - Sync 2 DAGs
[2024-08-12T09:58:13.677+0000] {logging_mixin.py:115} INFO - [2024-08-12T09:58:13.677+0000] {dag.py:2981} INFO - Setting next_dagrun for example_xcom_args to None, run_after=None
[2024-08-12T09:58:13.677+0000] {logging_mixin.py:115} INFO - [2024-08-12T09:58:13.677+0000] {dag.py:2981} INFO - Setting next_dagrun for example_xcom_args_with_operators to None, run_after=None
[2024-08-12T09:58:13.688+0000] {processor.py:161} INFO - Processing /home/airflow/.local/lib/python3.7/site-packages/airflow/example_dags/example_xcomargs.py took 0.108 seconds
[2024-08-12T09:58:44.541+0000] {processor.py:153} INFO - Started process (PID=263) to work on /home/airflow/.local/lib/python3.7/site-packages/airflow/example_dags/example_xcomargs.py
[2024-08-12T09:58:44.542+0000] {processor.py:640} INFO - Processing file /home/airflow/.local/lib/python3.7/site-packages/airflow/example_dags/example_xcomargs.py for tasks to queue
[2024-08-12T09:58:44.543+0000] {logging_mixin.py:115} INFO - [2024-08-12T09:58:44.543+0000] {dagbag.py:508} INFO - Filling up the DagBag from /home/airflow/.local/lib/python3.7/site-packages/airflow/example_dags/example_xcomargs.py
[2024-08-12T09:58:44.557+0000] {processor.py:650} INFO - DAG(s) dict_keys(['example_xcom_args', 'example_xcom_args_with_operators']) retrieved from /home/airflow/.local/lib/python3.7/site-packages/airflow/example_dags/example_xcomargs.py
[2024-08-12T09:58:44.612+0000] {logging_mixin.py:115} INFO - [2024-08-12T09:58:44.612+0000] {dag.py:2429} INFO - Sync 2 DAGs
[2024-08-12T09:58:44.628+0000] {logging_mixin.py:115} INFO - [2024-08-12T09:58:44.628+0000] {dag.py:2981} INFO - Setting next_dagrun for example_xcom_args to None, run_after=None
[2024-08-12T09:58:44.628+0000] {logging_mixin.py:115} INFO - [2024-08-12T09:58:44.628+0000] {dag.py:2981} INFO - Setting next_dagrun for example_xcom_args_with_operators to None, run_after=None
[2024-08-12T09:58:44.639+0000] {processor.py:161} INFO - Processing /home/airflow/.local/lib/python3.7/site-packages/airflow/example_dags/example_xcomargs.py took 0.100 seconds
[2024-08-12T09:59:15.573+0000] {processor.py:153} INFO - Started process (PID=326) to work on /home/airflow/.local/lib/python3.7/site-packages/airflow/example_dags/example_xcomargs.py
[2024-08-12T09:59:15.574+0000] {processor.py:640} INFO - Processing file /home/airflow/.local/lib/python3.7/site-packages/airflow/example_dags/example_xcomargs.py for tasks to queue
[2024-08-12T09:59:15.575+0000] {logging_mixin.py:115} INFO - [2024-08-12T09:59:15.575+0000] {dagbag.py:508} INFO - Filling up the DagBag from /home/airflow/.local/lib/python3.7/site-packages/airflow/example_dags/example_xcomargs.py
[2024-08-12T09:59:15.590+0000] {processor.py:650} INFO - DAG(s) dict_keys(['example_xcom_args', 'example_xcom_args_with_operators']) retrieved from /home/airflow/.local/lib/python3.7/site-packages/airflow/example_dags/example_xcomargs.py
[2024-08-12T09:59:15.649+0000] {logging_mixin.py:115} INFO - [2024-08-12T09:59:15.649+0000] {dag.py:2429} INFO - Sync 2 DAGs
[2024-08-12T09:59:15.666+0000] {logging_mixin.py:115} INFO - [2024-08-12T09:59:15.666+0000] {dag.py:2981} INFO - Setting next_dagrun for example_xcom_args to None, run_after=None
[2024-08-12T09:59:15.666+0000] {logging_mixin.py:115} INFO - [2024-08-12T09:59:15.666+0000] {dag.py:2981} INFO - Setting next_dagrun for example_xcom_args_with_operators to None, run_after=None
[2024-08-12T09:59:15.678+0000] {processor.py:161} INFO - Processing /home/airflow/.local/lib/python3.7/site-packages/airflow/example_dags/example_xcomargs.py took 0.107 seconds
[2024-08-12T09:59:45.760+0000] {processor.py:153} INFO - Started process (PID=380) to work on /home/airflow/.local/lib/python3.7/site-packages/airflow/example_dags/example_xcomargs.py
[2024-08-12T09:59:45.760+0000] {processor.py:640} INFO - Processing file /home/airflow/.local/lib/python3.7/site-packages/airflow/example_dags/example_xcomargs.py for tasks to queue
[2024-08-12T09:59:45.761+0000] {logging_mixin.py:115} INFO - [2024-08-12T09:59:45.761+0000] {dagbag.py:508} INFO - Filling up the DagBag from /home/airflow/.local/lib/python3.7/site-packages/airflow/example_dags/example_xcomargs.py
[2024-08-12T09:59:45.775+0000] {processor.py:650} INFO - DAG(s) dict_keys(['example_xcom_args', 'example_xcom_args_with_operators']) retrieved from /home/airflow/.local/lib/python3.7/site-packages/airflow/example_dags/example_xcomargs.py
[2024-08-12T09:59:45.832+0000] {logging_mixin.py:115} INFO - [2024-08-12T09:59:45.832+0000] {dag.py:2429} INFO - Sync 2 DAGs
[2024-08-12T09:59:45.847+0000] {logging_mixin.py:115} INFO - [2024-08-12T09:59:45.847+0000] {dag.py:2981} INFO - Setting next_dagrun for example_xcom_args to None, run_after=None
[2024-08-12T09:59:45.847+0000] {logging_mixin.py:115} INFO - [2024-08-12T09:59:45.847+0000] {dag.py:2981} INFO - Setting next_dagrun for example_xcom_args_with_operators to None, run_after=None
[2024-08-12T09:59:45.858+0000] {processor.py:161} INFO - Processing /home/airflow/.local/lib/python3.7/site-packages/airflow/example_dags/example_xcomargs.py took 0.101 seconds
[2024-08-12T10:00:16.512+0000] {processor.py:153} INFO - Started process (PID=443) to work on /home/airflow/.local/lib/python3.7/site-packages/airflow/example_dags/example_xcomargs.py
[2024-08-12T10:00:16.512+0000] {processor.py:640} INFO - Processing file /home/airflow/.local/lib/python3.7/site-packages/airflow/example_dags/example_xcomargs.py for tasks to queue
[2024-08-12T10:00:16.513+0000] {logging_mixin.py:115} INFO - [2024-08-12T10:00:16.513+0000] {dagbag.py:508} INFO - Filling up the DagBag from /home/airflow/.local/lib/python3.7/site-packages/airflow/example_dags/example_xcomargs.py
[2024-08-12T10:00:16.527+0000] {processor.py:650} INFO - DAG(s) dict_keys(['example_xcom_args', 'example_xcom_args_with_operators']) retrieved from /home/airflow/.local/lib/python3.7/site-packages/airflow/example_dags/example_xcomargs.py
[2024-08-12T10:00:16.551+0000] {logging_mixin.py:115} INFO - [2024-08-12T10:00:16.551+0000] {dag.py:2429} INFO - Sync 2 DAGs
[2024-08-12T10:00:16.571+0000] {logging_mixin.py:115} INFO - [2024-08-12T10:00:16.570+0000] {dag.py:2981} INFO - Setting next_dagrun for example_xcom_args to None, run_after=None
[2024-08-12T10:00:16.571+0000] {logging_mixin.py:115} INFO - [2024-08-12T10:00:16.571+0000] {dag.py:2981} INFO - Setting next_dagrun for example_xcom_args_with_operators to None, run_after=None
[2024-08-12T10:00:16.582+0000] {processor.py:161} INFO - Processing /home/airflow/.local/lib/python3.7/site-packages/airflow/example_dags/example_xcomargs.py took 0.073 seconds
[2024-08-12T10:00:47.314+0000] {processor.py:153} INFO - Started process (PID=506) to work on /home/airflow/.local/lib/python3.7/site-packages/airflow/example_dags/example_xcomargs.py
[2024-08-12T10:00:47.315+0000] {processor.py:640} INFO - Processing file /home/airflow/.local/lib/python3.7/site-packages/airflow/example_dags/example_xcomargs.py for tasks to queue
[2024-08-12T10:00:47.316+0000] {logging_mixin.py:115} INFO - [2024-08-12T10:00:47.316+0000] {dagbag.py:508} INFO - Filling up the DagBag from /home/airflow/.local/lib/python3.7/site-packages/airflow/example_dags/example_xcomargs.py
[2024-08-12T10:00:47.331+0000] {processor.py:650} INFO - DAG(s) dict_keys(['example_xcom_args', 'example_xcom_args_with_operators']) retrieved from /home/airflow/.local/lib/python3.7/site-packages/airflow/example_dags/example_xcomargs.py
[2024-08-12T10:00:47.390+0000] {logging_mixin.py:115} INFO - [2024-08-12T10:00:47.390+0000] {dag.py:2429} INFO - Sync 2 DAGs
[2024-08-12T10:00:47.407+0000] {logging_mixin.py:115} INFO - [2024-08-12T10:00:47.407+0000] {dag.py:2981} INFO - Setting next_dagrun for example_xcom_args to None, run_after=None
[2024-08-12T10:00:47.407+0000] {logging_mixin.py:115} INFO - [2024-08-12T10:00:47.407+0000] {dag.py:2981} INFO - Setting next_dagrun for example_xcom_args_with_operators to None, run_after=None
[2024-08-12T10:00:47.420+0000] {processor.py:161} INFO - Processing /home/airflow/.local/lib/python3.7/site-packages/airflow/example_dags/example_xcomargs.py took 0.108 seconds
[2024-08-12T10:01:18.188+0000] {processor.py:153} INFO - Started process (PID=569) to work on /home/airflow/.local/lib/python3.7/site-packages/airflow/example_dags/example_xcomargs.py
[2024-08-12T10:01:18.189+0000] {processor.py:640} INFO - Processing file /home/airflow/.local/lib/python3.7/site-packages/airflow/example_dags/example_xcomargs.py for tasks to queue
[2024-08-12T10:01:18.189+0000] {logging_mixin.py:115} INFO - [2024-08-12T10:01:18.189+0000] {dagbag.py:508} INFO - Filling up the DagBag from /home/airflow/.local/lib/python3.7/site-packages/airflow/example_dags/example_xcomargs.py
[2024-08-12T10:01:18.204+0000] {processor.py:650} INFO - DAG(s) dict_keys(['example_xcom_args', 'example_xcom_args_with_operators']) retrieved from /home/airflow/.local/lib/python3.7/site-packages/airflow/example_dags/example_xcomargs.py
[2024-08-12T10:01:18.227+0000] {logging_mixin.py:115} INFO - [2024-08-12T10:01:18.226+0000] {dag.py:2429} INFO - Sync 2 DAGs
[2024-08-12T10:01:18.248+0000] {logging_mixin.py:115} INFO - [2024-08-12T10:01:18.248+0000] {dag.py:2981} INFO - Setting next_dagrun for example_xcom_args to None, run_after=None
[2024-08-12T10:01:18.248+0000] {logging_mixin.py:115} INFO - [2024-08-12T10:01:18.248+0000] {dag.py:2981} INFO - Setting next_dagrun for example_xcom_args_with_operators to None, run_after=None
[2024-08-12T10:01:18.259+0000] {processor.py:161} INFO - Processing /home/airflow/.local/lib/python3.7/site-packages/airflow/example_dags/example_xcomargs.py took 0.074 seconds
[2024-08-12T10:01:48.942+0000] {processor.py:153} INFO - Started process (PID=623) to work on /home/airflow/.local/lib/python3.7/site-packages/airflow/example_dags/example_xcomargs.py
[2024-08-12T10:01:48.943+0000] {processor.py:640} INFO - Processing file /home/airflow/.local/lib/python3.7/site-packages/airflow/example_dags/example_xcomargs.py for tasks to queue
[2024-08-12T10:01:48.943+0000] {logging_mixin.py:115} INFO - [2024-08-12T10:01:48.943+0000] {dagbag.py:508} INFO - Filling up the DagBag from /home/airflow/.local/lib/python3.7/site-packages/airflow/example_dags/example_xcomargs.py
[2024-08-12T10:01:48.958+0000] {processor.py:650} INFO - DAG(s) dict_keys(['example_xcom_args', 'example_xcom_args_with_operators']) retrieved from /home/airflow/.local/lib/python3.7/site-packages/airflow/example_dags/example_xcomargs.py
[2024-08-12T10:01:48.984+0000] {logging_mixin.py:115} INFO - [2024-08-12T10:01:48.984+0000] {dag.py:2429} INFO - Sync 2 DAGs
[2024-08-12T10:01:49.006+0000] {logging_mixin.py:115} INFO - [2024-08-12T10:01:49.006+0000] {dag.py:2981} INFO - Setting next_dagrun for example_xcom_args to None, run_after=None
[2024-08-12T10:01:49.007+0000] {logging_mixin.py:115} INFO - [2024-08-12T10:01:49.007+0000] {dag.py:2981} INFO - Setting next_dagrun for example_xcom_args_with_operators to None, run_after=None
[2024-08-12T10:01:49.018+0000] {processor.py:161} INFO - Processing /home/airflow/.local/lib/python3.7/site-packages/airflow/example_dags/example_xcomargs.py took 0.079 seconds
[2024-08-12T10:02:19.745+0000] {processor.py:153} INFO - Started process (PID=686) to work on /home/airflow/.local/lib/python3.7/site-packages/airflow/example_dags/example_xcomargs.py
[2024-08-12T10:02:19.746+0000] {processor.py:640} INFO - Processing file /home/airflow/.local/lib/python3.7/site-packages/airflow/example_dags/example_xcomargs.py for tasks to queue
[2024-08-12T10:02:19.746+0000] {logging_mixin.py:115} INFO - [2024-08-12T10:02:19.746+0000] {dagbag.py:508} INFO - Filling up the DagBag from /home/airflow/.local/lib/python3.7/site-packages/airflow/example_dags/example_xcomargs.py
[2024-08-12T10:02:19.760+0000] {processor.py:650} INFO - DAG(s) dict_keys(['example_xcom_args', 'example_xcom_args_with_operators']) retrieved from /home/airflow/.local/lib/python3.7/site-packages/airflow/example_dags/example_xcomargs.py
[2024-08-12T10:02:19.823+0000] {logging_mixin.py:115} INFO - [2024-08-12T10:02:19.823+0000] {dag.py:2429} INFO - Sync 2 DAGs
[2024-08-12T10:02:19.842+0000] {logging_mixin.py:115} INFO - [2024-08-12T10:02:19.842+0000] {dag.py:2981} INFO - Setting next_dagrun for example_xcom_args to None, run_after=None
[2024-08-12T10:02:19.842+0000] {logging_mixin.py:115} INFO - [2024-08-12T10:02:19.842+0000] {dag.py:2981} INFO - Setting next_dagrun for example_xcom_args_with_operators to None, run_after=None
[2024-08-12T10:02:19.855+0000] {processor.py:161} INFO - Processing /home/airflow/.local/lib/python3.7/site-packages/airflow/example_dags/example_xcomargs.py took 0.113 seconds
[2024-08-12T10:02:50.596+0000] {processor.py:153} INFO - Started process (PID=749) to work on /home/airflow/.local/lib/python3.7/site-packages/airflow/example_dags/example_xcomargs.py
[2024-08-12T10:02:50.597+0000] {processor.py:640} INFO - Processing file /home/airflow/.local/lib/python3.7/site-packages/airflow/example_dags/example_xcomargs.py for tasks to queue
[2024-08-12T10:02:50.597+0000] {logging_mixin.py:115} INFO - [2024-08-12T10:02:50.597+0000] {dagbag.py:508} INFO - Filling up the DagBag from /home/airflow/.local/lib/python3.7/site-packages/airflow/example_dags/example_xcomargs.py
[2024-08-12T10:02:50.611+0000] {processor.py:650} INFO - DAG(s) dict_keys(['example_xcom_args', 'example_xcom_args_with_operators']) retrieved from /home/airflow/.local/lib/python3.7/site-packages/airflow/example_dags/example_xcomargs.py
[2024-08-12T10:02:50.670+0000] {logging_mixin.py:115} INFO - [2024-08-12T10:02:50.670+0000] {dag.py:2429} INFO - Sync 2 DAGs
[2024-08-12T10:02:50.687+0000] {logging_mixin.py:115} INFO - [2024-08-12T10:02:50.687+0000] {dag.py:2981} INFO - Setting next_dagrun for example_xcom_args to None, run_after=None
[2024-08-12T10:02:50.688+0000] {logging_mixin.py:115} INFO - [2024-08-12T10:02:50.687+0000] {dag.py:2981} INFO - Setting next_dagrun for example_xcom_args_with_operators to None, run_after=None
[2024-08-12T10:02:50.699+0000] {processor.py:161} INFO - Processing /home/airflow/.local/lib/python3.7/site-packages/airflow/example_dags/example_xcomargs.py took 0.106 seconds
[2024-08-12T10:03:21.450+0000] {processor.py:153} INFO - Started process (PID=812) to work on /home/airflow/.local/lib/python3.7/site-packages/airflow/example_dags/example_xcomargs.py
[2024-08-12T10:03:21.451+0000] {processor.py:640} INFO - Processing file /home/airflow/.local/lib/python3.7/site-packages/airflow/example_dags/example_xcomargs.py for tasks to queue
[2024-08-12T10:03:21.451+0000] {logging_mixin.py:115} INFO - [2024-08-12T10:03:21.451+0000] {dagbag.py:508} INFO - Filling up the DagBag from /home/airflow/.local/lib/python3.7/site-packages/airflow/example_dags/example_xcomargs.py
[2024-08-12T10:03:21.466+0000] {processor.py:650} INFO - DAG(s) dict_keys(['example_xcom_args', 'example_xcom_args_with_operators']) retrieved from /home/airflow/.local/lib/python3.7/site-packages/airflow/example_dags/example_xcomargs.py
[2024-08-12T10:03:21.528+0000] {logging_mixin.py:115} INFO - [2024-08-12T10:03:21.528+0000] {dag.py:2429} INFO - Sync 2 DAGs
[2024-08-12T10:03:21.545+0000] {logging_mixin.py:115} INFO - [2024-08-12T10:03:21.545+0000] {dag.py:2981} INFO - Setting next_dagrun for example_xcom_args to None, run_after=None
[2024-08-12T10:03:21.545+0000] {logging_mixin.py:115} INFO - [2024-08-12T10:03:21.545+0000] {dag.py:2981} INFO - Setting next_dagrun for example_xcom_args_with_operators to None, run_after=None
[2024-08-12T10:03:21.557+0000] {processor.py:161} INFO - Processing /home/airflow/.local/lib/python3.7/site-packages/airflow/example_dags/example_xcomargs.py took 0.110 seconds
[2024-08-12T10:03:52.374+0000] {processor.py:153} INFO - Started process (PID=866) to work on /home/airflow/.local/lib/python3.7/site-packages/airflow/example_dags/example_xcomargs.py
[2024-08-12T10:03:52.375+0000] {processor.py:640} INFO - Processing file /home/airflow/.local/lib/python3.7/site-packages/airflow/example_dags/example_xcomargs.py for tasks to queue
[2024-08-12T10:03:52.375+0000] {logging_mixin.py:115} INFO - [2024-08-12T10:03:52.375+0000] {dagbag.py:508} INFO - Filling up the DagBag from /home/airflow/.local/lib/python3.7/site-packages/airflow/example_dags/example_xcomargs.py
[2024-08-12T10:03:52.389+0000] {processor.py:650} INFO - DAG(s) dict_keys(['example_xcom_args', 'example_xcom_args_with_operators']) retrieved from /home/airflow/.local/lib/python3.7/site-packages/airflow/example_dags/example_xcomargs.py
[2024-08-12T10:03:52.445+0000] {logging_mixin.py:115} INFO - [2024-08-12T10:03:52.445+0000] {dag.py:2429} INFO - Sync 2 DAGs
[2024-08-12T10:03:52.462+0000] {logging_mixin.py:115} INFO - [2024-08-12T10:03:52.462+0000] {dag.py:2981} INFO - Setting next_dagrun for example_xcom_args to None, run_after=None
[2024-08-12T10:03:52.463+0000] {logging_mixin.py:115} INFO - [2024-08-12T10:03:52.462+0000] {dag.py:2981} INFO - Setting next_dagrun for example_xcom_args_with_operators to None, run_after=None
[2024-08-12T10:03:52.474+0000] {processor.py:161} INFO - Processing /home/airflow/.local/lib/python3.7/site-packages/airflow/example_dags/example_xcomargs.py took 0.103 seconds
[2024-08-12T10:04:23.176+0000] {processor.py:153} INFO - Started process (PID=929) to work on /home/airflow/.local/lib/python3.7/site-packages/airflow/example_dags/example_xcomargs.py
[2024-08-12T10:04:23.177+0000] {processor.py:640} INFO - Processing file /home/airflow/.local/lib/python3.7/site-packages/airflow/example_dags/example_xcomargs.py for tasks to queue
[2024-08-12T10:04:23.177+0000] {logging_mixin.py:115} INFO - [2024-08-12T10:04:23.177+0000] {dagbag.py:508} INFO - Filling up the DagBag from /home/airflow/.local/lib/python3.7/site-packages/airflow/example_dags/example_xcomargs.py
[2024-08-12T10:04:23.192+0000] {processor.py:650} INFO - DAG(s) dict_keys(['example_xcom_args', 'example_xcom_args_with_operators']) retrieved from /home/airflow/.local/lib/python3.7/site-packages/airflow/example_dags/example_xcomargs.py
[2024-08-12T10:04:23.251+0000] {logging_mixin.py:115} INFO - [2024-08-12T10:04:23.250+0000] {dag.py:2429} INFO - Sync 2 DAGs
[2024-08-12T10:04:23.268+0000] {logging_mixin.py:115} INFO - [2024-08-12T10:04:23.268+0000] {dag.py:2981} INFO - Setting next_dagrun for example_xcom_args to None, run_after=None
[2024-08-12T10:04:23.268+0000] {logging_mixin.py:115} INFO - [2024-08-12T10:04:23.268+0000] {dag.py:2981} INFO - Setting next_dagrun for example_xcom_args_with_operators to None, run_after=None
[2024-08-12T10:04:23.279+0000] {processor.py:161} INFO - Processing /home/airflow/.local/lib/python3.7/site-packages/airflow/example_dags/example_xcomargs.py took 0.106 seconds
[2024-08-12T10:04:54.059+0000] {processor.py:153} INFO - Started process (PID=992) to work on /home/airflow/.local/lib/python3.7/site-packages/airflow/example_dags/example_xcomargs.py
[2024-08-12T10:04:54.060+0000] {processor.py:640} INFO - Processing file /home/airflow/.local/lib/python3.7/site-packages/airflow/example_dags/example_xcomargs.py for tasks to queue
[2024-08-12T10:04:54.060+0000] {logging_mixin.py:115} INFO - [2024-08-12T10:04:54.060+0000] {dagbag.py:508} INFO - Filling up the DagBag from /home/airflow/.local/lib/python3.7/site-packages/airflow/example_dags/example_xcomargs.py
[2024-08-12T10:04:54.074+0000] {processor.py:650} INFO - DAG(s) dict_keys(['example_xcom_args', 'example_xcom_args_with_operators']) retrieved from /home/airflow/.local/lib/python3.7/site-packages/airflow/example_dags/example_xcomargs.py
[2024-08-12T10:04:54.130+0000] {logging_mixin.py:115} INFO - [2024-08-12T10:04:54.130+0000] {dag.py:2429} INFO - Sync 2 DAGs
[2024-08-12T10:04:54.145+0000] {logging_mixin.py:115} INFO - [2024-08-12T10:04:54.145+0000] {dag.py:2981} INFO - Setting next_dagrun for example_xcom_args to None, run_after=None
[2024-08-12T10:04:54.145+0000] {logging_mixin.py:115} INFO - [2024-08-12T10:04:54.145+0000] {dag.py:2981} INFO - Setting next_dagrun for example_xcom_args_with_operators to None, run_after=None
[2024-08-12T10:04:54.156+0000] {processor.py:161} INFO - Processing /home/airflow/.local/lib/python3.7/site-packages/airflow/example_dags/example_xcomargs.py took 0.100 seconds
[2024-08-12T10:05:24.917+0000] {processor.py:153} INFO - Started process (PID=1055) to work on /home/airflow/.local/lib/python3.7/site-packages/airflow/example_dags/example_xcomargs.py
[2024-08-12T10:05:24.918+0000] {processor.py:640} INFO - Processing file /home/airflow/.local/lib/python3.7/site-packages/airflow/example_dags/example_xcomargs.py for tasks to queue
[2024-08-12T10:05:24.919+0000] {logging_mixin.py:115} INFO - [2024-08-12T10:05:24.919+0000] {dagbag.py:508} INFO - Filling up the DagBag from /home/airflow/.local/lib/python3.7/site-packages/airflow/example_dags/example_xcomargs.py
[2024-08-12T10:05:24.933+0000] {processor.py:650} INFO - DAG(s) dict_keys(['example_xcom_args', 'example_xcom_args_with_operators']) retrieved from /home/airflow/.local/lib/python3.7/site-packages/airflow/example_dags/example_xcomargs.py
[2024-08-12T10:05:24.991+0000] {logging_mixin.py:115} INFO - [2024-08-12T10:05:24.991+0000] {dag.py:2429} INFO - Sync 2 DAGs
[2024-08-12T10:05:25.008+0000] {logging_mixin.py:115} INFO - [2024-08-12T10:05:25.008+0000] {dag.py:2981} INFO - Setting next_dagrun for example_xcom_args to None, run_after=None
[2024-08-12T10:05:25.008+0000] {logging_mixin.py:115} INFO - [2024-08-12T10:05:25.008+0000] {dag.py:2981} INFO - Setting next_dagrun for example_xcom_args_with_operators to None, run_after=None
[2024-08-12T10:05:25.021+0000] {processor.py:161} INFO - Processing /home/airflow/.local/lib/python3.7/site-packages/airflow/example_dags/example_xcomargs.py took 0.106 seconds
[2024-08-12T10:05:55.689+0000] {processor.py:153} INFO - Started process (PID=1109) to work on /home/airflow/.local/lib/python3.7/site-packages/airflow/example_dags/example_xcomargs.py
[2024-08-12T10:05:55.690+0000] {processor.py:640} INFO - Processing file /home/airflow/.local/lib/python3.7/site-packages/airflow/example_dags/example_xcomargs.py for tasks to queue
[2024-08-12T10:05:55.691+0000] {logging_mixin.py:115} INFO - [2024-08-12T10:05:55.691+0000] {dagbag.py:508} INFO - Filling up the DagBag from /home/airflow/.local/lib/python3.7/site-packages/airflow/example_dags/example_xcomargs.py
[2024-08-12T10:05:55.705+0000] {processor.py:650} INFO - DAG(s) dict_keys(['example_xcom_args', 'example_xcom_args_with_operators']) retrieved from /home/airflow/.local/lib/python3.7/site-packages/airflow/example_dags/example_xcomargs.py
[2024-08-12T10:05:55.729+0000] {logging_mixin.py:115} INFO - [2024-08-12T10:05:55.729+0000] {dag.py:2429} INFO - Sync 2 DAGs
[2024-08-12T10:05:55.751+0000] {logging_mixin.py:115} INFO - [2024-08-12T10:05:55.751+0000] {dag.py:2981} INFO - Setting next_dagrun for example_xcom_args to None, run_after=None
[2024-08-12T10:05:55.751+0000] {logging_mixin.py:115} INFO - [2024-08-12T10:05:55.751+0000] {dag.py:2981} INFO - Setting next_dagrun for example_xcom_args_with_operators to None, run_after=None
[2024-08-12T10:05:55.762+0000] {processor.py:161} INFO - Processing /home/airflow/.local/lib/python3.7/site-packages/airflow/example_dags/example_xcomargs.py took 0.075 seconds
[2024-08-12T10:06:26.483+0000] {processor.py:153} INFO - Started process (PID=1172) to work on /home/airflow/.local/lib/python3.7/site-packages/airflow/example_dags/example_xcomargs.py
[2024-08-12T10:06:26.484+0000] {processor.py:640} INFO - Processing file /home/airflow/.local/lib/python3.7/site-packages/airflow/example_dags/example_xcomargs.py for tasks to queue
[2024-08-12T10:06:26.485+0000] {logging_mixin.py:115} INFO - [2024-08-12T10:06:26.485+0000] {dagbag.py:508} INFO - Filling up the DagBag from /home/airflow/.local/lib/python3.7/site-packages/airflow/example_dags/example_xcomargs.py
[2024-08-12T10:06:26.500+0000] {processor.py:650} INFO - DAG(s) dict_keys(['example_xcom_args', 'example_xcom_args_with_operators']) retrieved from /home/airflow/.local/lib/python3.7/site-packages/airflow/example_dags/example_xcomargs.py
[2024-08-12T10:06:26.560+0000] {logging_mixin.py:115} INFO - [2024-08-12T10:06:26.560+0000] {dag.py:2429} INFO - Sync 2 DAGs
[2024-08-12T10:06:26.582+0000] {logging_mixin.py:115} INFO - [2024-08-12T10:06:26.582+0000] {dag.py:2981} INFO - Setting next_dagrun for example_xcom_args to None, run_after=None
[2024-08-12T10:06:26.583+0000] {logging_mixin.py:115} INFO - [2024-08-12T10:06:26.583+0000] {dag.py:2981} INFO - Setting next_dagrun for example_xcom_args_with_operators to None, run_after=None
[2024-08-12T10:06:26.601+0000] {processor.py:161} INFO - Processing /home/airflow/.local/lib/python3.7/site-packages/airflow/example_dags/example_xcomargs.py took 0.121 seconds
[2024-08-12T10:06:57.476+0000] {processor.py:153} INFO - Started process (PID=1235) to work on /home/airflow/.local/lib/python3.7/site-packages/airflow/example_dags/example_xcomargs.py
[2024-08-12T10:06:57.477+0000] {processor.py:640} INFO - Processing file /home/airflow/.local/lib/python3.7/site-packages/airflow/example_dags/example_xcomargs.py for tasks to queue
[2024-08-12T10:06:57.477+0000] {logging_mixin.py:115} INFO - [2024-08-12T10:06:57.477+0000] {dagbag.py:508} INFO - Filling up the DagBag from /home/airflow/.local/lib/python3.7/site-packages/airflow/example_dags/example_xcomargs.py
[2024-08-12T10:06:57.492+0000] {processor.py:650} INFO - DAG(s) dict_keys(['example_xcom_args', 'example_xcom_args_with_operators']) retrieved from /home/airflow/.local/lib/python3.7/site-packages/airflow/example_dags/example_xcomargs.py
[2024-08-12T10:06:57.565+0000] {logging_mixin.py:115} INFO - [2024-08-12T10:06:57.565+0000] {dag.py:2429} INFO - Sync 2 DAGs
[2024-08-12T10:06:57.583+0000] {logging_mixin.py:115} INFO - [2024-08-12T10:06:57.583+0000] {dag.py:2981} INFO - Setting next_dagrun for example_xcom_args to None, run_after=None
[2024-08-12T10:06:57.583+0000] {logging_mixin.py:115} INFO - [2024-08-12T10:06:57.583+0000] {dag.py:2981} INFO - Setting next_dagrun for example_xcom_args_with_operators to None, run_after=None
[2024-08-12T10:06:57.597+0000] {processor.py:161} INFO - Processing /home/airflow/.local/lib/python3.7/site-packages/airflow/example_dags/example_xcomargs.py took 0.124 seconds
[2024-08-12T10:07:27.794+0000] {processor.py:153} INFO - Started process (PID=1298) to work on /home/airflow/.local/lib/python3.7/site-packages/airflow/example_dags/example_xcomargs.py
[2024-08-12T10:07:27.795+0000] {processor.py:640} INFO - Processing file /home/airflow/.local/lib/python3.7/site-packages/airflow/example_dags/example_xcomargs.py for tasks to queue
[2024-08-12T10:07:27.795+0000] {logging_mixin.py:115} INFO - [2024-08-12T10:07:27.795+0000] {dagbag.py:508} INFO - Filling up the DagBag from /home/airflow/.local/lib/python3.7/site-packages/airflow/example_dags/example_xcomargs.py
[2024-08-12T10:07:27.810+0000] {processor.py:650} INFO - DAG(s) dict_keys(['example_xcom_args', 'example_xcom_args_with_operators']) retrieved from /home/airflow/.local/lib/python3.7/site-packages/airflow/example_dags/example_xcomargs.py
[2024-08-12T10:07:27.867+0000] {logging_mixin.py:115} INFO - [2024-08-12T10:07:27.867+0000] {dag.py:2429} INFO - Sync 2 DAGs
[2024-08-12T10:07:27.884+0000] {logging_mixin.py:115} INFO - [2024-08-12T10:07:27.884+0000] {dag.py:2981} INFO - Setting next_dagrun for example_xcom_args to None, run_after=None
[2024-08-12T10:07:27.884+0000] {logging_mixin.py:115} INFO - [2024-08-12T10:07:27.884+0000] {dag.py:2981} INFO - Setting next_dagrun for example_xcom_args_with_operators to None, run_after=None
[2024-08-12T10:07:27.896+0000] {processor.py:161} INFO - Processing /home/airflow/.local/lib/python3.7/site-packages/airflow/example_dags/example_xcomargs.py took 0.105 seconds
[2024-08-12T10:07:58.687+0000] {processor.py:153} INFO - Started process (PID=1352) to work on /home/airflow/.local/lib/python3.7/site-packages/airflow/example_dags/example_xcomargs.py
[2024-08-12T10:07:58.688+0000] {processor.py:640} INFO - Processing file /home/airflow/.local/lib/python3.7/site-packages/airflow/example_dags/example_xcomargs.py for tasks to queue
[2024-08-12T10:07:58.688+0000] {logging_mixin.py:115} INFO - [2024-08-12T10:07:58.688+0000] {dagbag.py:508} INFO - Filling up the DagBag from /home/airflow/.local/lib/python3.7/site-packages/airflow/example_dags/example_xcomargs.py
[2024-08-12T10:07:58.702+0000] {processor.py:650} INFO - DAG(s) dict_keys(['example_xcom_args', 'example_xcom_args_with_operators']) retrieved from /home/airflow/.local/lib/python3.7/site-packages/airflow/example_dags/example_xcomargs.py
[2024-08-12T10:07:58.757+0000] {logging_mixin.py:115} INFO - [2024-08-12T10:07:58.757+0000] {dag.py:2429} INFO - Sync 2 DAGs
[2024-08-12T10:07:58.774+0000] {logging_mixin.py:115} INFO - [2024-08-12T10:07:58.773+0000] {dag.py:2981} INFO - Setting next_dagrun for example_xcom_args to None, run_after=None
[2024-08-12T10:07:58.774+0000] {logging_mixin.py:115} INFO - [2024-08-12T10:07:58.774+0000] {dag.py:2981} INFO - Setting next_dagrun for example_xcom_args_with_operators to None, run_after=None
[2024-08-12T10:07:58.785+0000] {processor.py:161} INFO - Processing /home/airflow/.local/lib/python3.7/site-packages/airflow/example_dags/example_xcomargs.py took 0.100 seconds
[2024-08-12T10:08:29.420+0000] {processor.py:153} INFO - Started process (PID=1415) to work on /home/airflow/.local/lib/python3.7/site-packages/airflow/example_dags/example_xcomargs.py
[2024-08-12T10:08:29.421+0000] {processor.py:640} INFO - Processing file /home/airflow/.local/lib/python3.7/site-packages/airflow/example_dags/example_xcomargs.py for tasks to queue
[2024-08-12T10:08:29.421+0000] {logging_mixin.py:115} INFO - [2024-08-12T10:08:29.421+0000] {dagbag.py:508} INFO - Filling up the DagBag from /home/airflow/.local/lib/python3.7/site-packages/airflow/example_dags/example_xcomargs.py
[2024-08-12T10:08:29.436+0000] {processor.py:650} INFO - DAG(s) dict_keys(['example_xcom_args', 'example_xcom_args_with_operators']) retrieved from /home/airflow/.local/lib/python3.7/site-packages/airflow/example_dags/example_xcomargs.py
[2024-08-12T10:08:29.491+0000] {logging_mixin.py:115} INFO - [2024-08-12T10:08:29.491+0000] {dag.py:2429} INFO - Sync 2 DAGs
[2024-08-12T10:08:29.507+0000] {logging_mixin.py:115} INFO - [2024-08-12T10:08:29.507+0000] {dag.py:2981} INFO - Setting next_dagrun for example_xcom_args to None, run_after=None
[2024-08-12T10:08:29.507+0000] {logging_mixin.py:115} INFO - [2024-08-12T10:08:29.507+0000] {dag.py:2981} INFO - Setting next_dagrun for example_xcom_args_with_operators to None, run_after=None
[2024-08-12T10:08:29.518+0000] {processor.py:161} INFO - Processing /home/airflow/.local/lib/python3.7/site-packages/airflow/example_dags/example_xcomargs.py took 0.100 seconds
[2024-08-12T10:09:00.205+0000] {processor.py:153} INFO - Started process (PID=1478) to work on /home/airflow/.local/lib/python3.7/site-packages/airflow/example_dags/example_xcomargs.py
[2024-08-12T10:09:00.206+0000] {processor.py:640} INFO - Processing file /home/airflow/.local/lib/python3.7/site-packages/airflow/example_dags/example_xcomargs.py for tasks to queue
[2024-08-12T10:09:00.206+0000] {logging_mixin.py:115} INFO - [2024-08-12T10:09:00.206+0000] {dagbag.py:508} INFO - Filling up the DagBag from /home/airflow/.local/lib/python3.7/site-packages/airflow/example_dags/example_xcomargs.py
[2024-08-12T10:09:00.221+0000] {processor.py:650} INFO - DAG(s) dict_keys(['example_xcom_args', 'example_xcom_args_with_operators']) retrieved from /home/airflow/.local/lib/python3.7/site-packages/airflow/example_dags/example_xcomargs.py
[2024-08-12T10:09:00.243+0000] {logging_mixin.py:115} INFO - [2024-08-12T10:09:00.243+0000] {dag.py:2429} INFO - Sync 2 DAGs
[2024-08-12T10:09:00.262+0000] {logging_mixin.py:115} INFO - [2024-08-12T10:09:00.262+0000] {dag.py:2981} INFO - Setting next_dagrun for example_xcom_args to None, run_after=None
[2024-08-12T10:09:00.262+0000] {logging_mixin.py:115} INFO - [2024-08-12T10:09:00.262+0000] {dag.py:2981} INFO - Setting next_dagrun for example_xcom_args_with_operators to None, run_after=None
[2024-08-12T10:09:00.272+0000] {processor.py:161} INFO - Processing /home/airflow/.local/lib/python3.7/site-packages/airflow/example_dags/example_xcomargs.py took 0.070 seconds
[2024-08-12T10:09:30.912+0000] {processor.py:153} INFO - Started process (PID=1532) to work on /home/airflow/.local/lib/python3.7/site-packages/airflow/example_dags/example_xcomargs.py
[2024-08-12T10:09:30.913+0000] {processor.py:640} INFO - Processing file /home/airflow/.local/lib/python3.7/site-packages/airflow/example_dags/example_xcomargs.py for tasks to queue
[2024-08-12T10:09:30.913+0000] {logging_mixin.py:115} INFO - [2024-08-12T10:09:30.913+0000] {dagbag.py:508} INFO - Filling up the DagBag from /home/airflow/.local/lib/python3.7/site-packages/airflow/example_dags/example_xcomargs.py
[2024-08-12T10:09:30.928+0000] {processor.py:650} INFO - DAG(s) dict_keys(['example_xcom_args', 'example_xcom_args_with_operators']) retrieved from /home/airflow/.local/lib/python3.7/site-packages/airflow/example_dags/example_xcomargs.py
[2024-08-12T10:09:30.955+0000] {logging_mixin.py:115} INFO - [2024-08-12T10:09:30.954+0000] {dag.py:2429} INFO - Sync 2 DAGs
[2024-08-12T10:09:30.974+0000] {logging_mixin.py:115} INFO - [2024-08-12T10:09:30.974+0000] {dag.py:2981} INFO - Setting next_dagrun for example_xcom_args to None, run_after=None
[2024-08-12T10:09:30.974+0000] {logging_mixin.py:115} INFO - [2024-08-12T10:09:30.974+0000] {dag.py:2981} INFO - Setting next_dagrun for example_xcom_args_with_operators to None, run_after=None
[2024-08-12T10:09:30.985+0000] {processor.py:161} INFO - Processing /home/airflow/.local/lib/python3.7/site-packages/airflow/example_dags/example_xcomargs.py took 0.075 seconds
[2024-08-12T10:10:01.687+0000] {processor.py:153} INFO - Started process (PID=1595) to work on /home/airflow/.local/lib/python3.7/site-packages/airflow/example_dags/example_xcomargs.py
[2024-08-12T10:10:01.688+0000] {processor.py:640} INFO - Processing file /home/airflow/.local/lib/python3.7/site-packages/airflow/example_dags/example_xcomargs.py for tasks to queue
[2024-08-12T10:10:01.688+0000] {logging_mixin.py:115} INFO - [2024-08-12T10:10:01.688+0000] {dagbag.py:508} INFO - Filling up the DagBag from /home/airflow/.local/lib/python3.7/site-packages/airflow/example_dags/example_xcomargs.py
[2024-08-12T10:10:01.703+0000] {processor.py:650} INFO - DAG(s) dict_keys(['example_xcom_args', 'example_xcom_args_with_operators']) retrieved from /home/airflow/.local/lib/python3.7/site-packages/airflow/example_dags/example_xcomargs.py
[2024-08-12T10:10:01.763+0000] {logging_mixin.py:115} INFO - [2024-08-12T10:10:01.763+0000] {dag.py:2429} INFO - Sync 2 DAGs
[2024-08-12T10:10:01.780+0000] {logging_mixin.py:115} INFO - [2024-08-12T10:10:01.780+0000] {dag.py:2981} INFO - Setting next_dagrun for example_xcom_args to None, run_after=None
[2024-08-12T10:10:01.780+0000] {logging_mixin.py:115} INFO - [2024-08-12T10:10:01.780+0000] {dag.py:2981} INFO - Setting next_dagrun for example_xcom_args_with_operators to None, run_after=None
[2024-08-12T10:10:01.794+0000] {processor.py:161} INFO - Processing /home/airflow/.local/lib/python3.7/site-packages/airflow/example_dags/example_xcomargs.py took 0.109 seconds
[2024-08-12T10:10:32.452+0000] {processor.py:153} INFO - Started process (PID=1658) to work on /home/airflow/.local/lib/python3.7/site-packages/airflow/example_dags/example_xcomargs.py
[2024-08-12T10:10:32.453+0000] {processor.py:640} INFO - Processing file /home/airflow/.local/lib/python3.7/site-packages/airflow/example_dags/example_xcomargs.py for tasks to queue
[2024-08-12T10:10:32.454+0000] {logging_mixin.py:115} INFO - [2024-08-12T10:10:32.454+0000] {dagbag.py:508} INFO - Filling up the DagBag from /home/airflow/.local/lib/python3.7/site-packages/airflow/example_dags/example_xcomargs.py
[2024-08-12T10:10:32.468+0000] {processor.py:650} INFO - DAG(s) dict_keys(['example_xcom_args', 'example_xcom_args_with_operators']) retrieved from /home/airflow/.local/lib/python3.7/site-packages/airflow/example_dags/example_xcomargs.py
[2024-08-12T10:10:32.492+0000] {logging_mixin.py:115} INFO - [2024-08-12T10:10:32.492+0000] {dag.py:2429} INFO - Sync 2 DAGs
[2024-08-12T10:10:32.510+0000] {logging_mixin.py:115} INFO - [2024-08-12T10:10:32.510+0000] {dag.py:2981} INFO - Setting next_dagrun for example_xcom_args to None, run_after=None
[2024-08-12T10:10:32.510+0000] {logging_mixin.py:115} INFO - [2024-08-12T10:10:32.510+0000] {dag.py:2981} INFO - Setting next_dagrun for example_xcom_args_with_operators to None, run_after=None
[2024-08-12T10:10:32.520+0000] {processor.py:161} INFO - Processing /home/airflow/.local/lib/python3.7/site-packages/airflow/example_dags/example_xcomargs.py took 0.070 seconds
[2024-08-12T10:11:03.239+0000] {processor.py:153} INFO - Started process (PID=1721) to work on /home/airflow/.local/lib/python3.7/site-packages/airflow/example_dags/example_xcomargs.py
[2024-08-12T10:11:03.240+0000] {processor.py:640} INFO - Processing file /home/airflow/.local/lib/python3.7/site-packages/airflow/example_dags/example_xcomargs.py for tasks to queue
[2024-08-12T10:11:03.241+0000] {logging_mixin.py:115} INFO - [2024-08-12T10:11:03.240+0000] {dagbag.py:508} INFO - Filling up the DagBag from /home/airflow/.local/lib/python3.7/site-packages/airflow/example_dags/example_xcomargs.py
[2024-08-12T10:11:03.255+0000] {processor.py:650} INFO - DAG(s) dict_keys(['example_xcom_args', 'example_xcom_args_with_operators']) retrieved from /home/airflow/.local/lib/python3.7/site-packages/airflow/example_dags/example_xcomargs.py
[2024-08-12T10:11:03.281+0000] {logging_mixin.py:115} INFO - [2024-08-12T10:11:03.280+0000] {dag.py:2429} INFO - Sync 2 DAGs
[2024-08-12T10:11:03.300+0000] {logging_mixin.py:115} INFO - [2024-08-12T10:11:03.300+0000] {dag.py:2981} INFO - Setting next_dagrun for example_xcom_args to None, run_after=None
[2024-08-12T10:11:03.300+0000] {logging_mixin.py:115} INFO - [2024-08-12T10:11:03.300+0000] {dag.py:2981} INFO - Setting next_dagrun for example_xcom_args_with_operators to None, run_after=None
[2024-08-12T10:11:03.312+0000] {processor.py:161} INFO - Processing /home/airflow/.local/lib/python3.7/site-packages/airflow/example_dags/example_xcomargs.py took 0.076 seconds
[2024-08-12T10:11:33.991+0000] {processor.py:153} INFO - Started process (PID=1775) to work on /home/airflow/.local/lib/python3.7/site-packages/airflow/example_dags/example_xcomargs.py
[2024-08-12T10:11:33.992+0000] {processor.py:640} INFO - Processing file /home/airflow/.local/lib/python3.7/site-packages/airflow/example_dags/example_xcomargs.py for tasks to queue
[2024-08-12T10:11:33.993+0000] {logging_mixin.py:115} INFO - [2024-08-12T10:11:33.993+0000] {dagbag.py:508} INFO - Filling up the DagBag from /home/airflow/.local/lib/python3.7/site-packages/airflow/example_dags/example_xcomargs.py
[2024-08-12T10:11:34.007+0000] {processor.py:650} INFO - DAG(s) dict_keys(['example_xcom_args', 'example_xcom_args_with_operators']) retrieved from /home/airflow/.local/lib/python3.7/site-packages/airflow/example_dags/example_xcomargs.py
[2024-08-12T10:11:34.064+0000] {logging_mixin.py:115} INFO - [2024-08-12T10:11:34.064+0000] {dag.py:2429} INFO - Sync 2 DAGs
[2024-08-12T10:11:34.080+0000] {logging_mixin.py:115} INFO - [2024-08-12T10:11:34.080+0000] {dag.py:2981} INFO - Setting next_dagrun for example_xcom_args to None, run_after=None
[2024-08-12T10:11:34.081+0000] {logging_mixin.py:115} INFO - [2024-08-12T10:11:34.081+0000] {dag.py:2981} INFO - Setting next_dagrun for example_xcom_args_with_operators to None, run_after=None
[2024-08-12T10:11:34.092+0000] {processor.py:161} INFO - Processing /home/airflow/.local/lib/python3.7/site-packages/airflow/example_dags/example_xcomargs.py took 0.103 seconds
[2024-08-12T10:12:04.781+0000] {processor.py:153} INFO - Started process (PID=1838) to work on /home/airflow/.local/lib/python3.7/site-packages/airflow/example_dags/example_xcomargs.py
[2024-08-12T10:12:04.781+0000] {processor.py:640} INFO - Processing file /home/airflow/.local/lib/python3.7/site-packages/airflow/example_dags/example_xcomargs.py for tasks to queue
[2024-08-12T10:12:04.782+0000] {logging_mixin.py:115} INFO - [2024-08-12T10:12:04.782+0000] {dagbag.py:508} INFO - Filling up the DagBag from /home/airflow/.local/lib/python3.7/site-packages/airflow/example_dags/example_xcomargs.py
[2024-08-12T10:12:04.797+0000] {processor.py:650} INFO - DAG(s) dict_keys(['example_xcom_args', 'example_xcom_args_with_operators']) retrieved from /home/airflow/.local/lib/python3.7/site-packages/airflow/example_dags/example_xcomargs.py
[2024-08-12T10:12:04.821+0000] {logging_mixin.py:115} INFO - [2024-08-12T10:12:04.821+0000] {dag.py:2429} INFO - Sync 2 DAGs
[2024-08-12T10:12:04.842+0000] {logging_mixin.py:115} INFO - [2024-08-12T10:12:04.842+0000] {dag.py:2981} INFO - Setting next_dagrun for example_xcom_args to None, run_after=None
[2024-08-12T10:12:04.843+0000] {logging_mixin.py:115} INFO - [2024-08-12T10:12:04.843+0000] {dag.py:2981} INFO - Setting next_dagrun for example_xcom_args_with_operators to None, run_after=None
[2024-08-12T10:12:04.858+0000] {processor.py:161} INFO - Processing /home/airflow/.local/lib/python3.7/site-packages/airflow/example_dags/example_xcomargs.py took 0.080 seconds
[2024-08-12T10:12:35.708+0000] {processor.py:153} INFO - Started process (PID=1901) to work on /home/airflow/.local/lib/python3.7/site-packages/airflow/example_dags/example_xcomargs.py
[2024-08-12T10:12:35.709+0000] {processor.py:640} INFO - Processing file /home/airflow/.local/lib/python3.7/site-packages/airflow/example_dags/example_xcomargs.py for tasks to queue
[2024-08-12T10:12:35.709+0000] {logging_mixin.py:115} INFO - [2024-08-12T10:12:35.709+0000] {dagbag.py:508} INFO - Filling up the DagBag from /home/airflow/.local/lib/python3.7/site-packages/airflow/example_dags/example_xcomargs.py
[2024-08-12T10:12:35.724+0000] {processor.py:650} INFO - DAG(s) dict_keys(['example_xcom_args', 'example_xcom_args_with_operators']) retrieved from /home/airflow/.local/lib/python3.7/site-packages/airflow/example_dags/example_xcomargs.py
[2024-08-12T10:12:35.786+0000] {logging_mixin.py:115} INFO - [2024-08-12T10:12:35.785+0000] {dag.py:2429} INFO - Sync 2 DAGs
[2024-08-12T10:12:35.804+0000] {logging_mixin.py:115} INFO - [2024-08-12T10:12:35.804+0000] {dag.py:2981} INFO - Setting next_dagrun for example_xcom_args to None, run_after=None
[2024-08-12T10:12:35.805+0000] {logging_mixin.py:115} INFO - [2024-08-12T10:12:35.805+0000] {dag.py:2981} INFO - Setting next_dagrun for example_xcom_args_with_operators to None, run_after=None
[2024-08-12T10:12:35.819+0000] {processor.py:161} INFO - Processing /home/airflow/.local/lib/python3.7/site-packages/airflow/example_dags/example_xcomargs.py took 0.113 seconds
[2024-08-12T10:13:06.582+0000] {processor.py:153} INFO - Started process (PID=1964) to work on /home/airflow/.local/lib/python3.7/site-packages/airflow/example_dags/example_xcomargs.py
[2024-08-12T10:13:06.582+0000] {processor.py:640} INFO - Processing file /home/airflow/.local/lib/python3.7/site-packages/airflow/example_dags/example_xcomargs.py for tasks to queue
[2024-08-12T10:13:06.583+0000] {logging_mixin.py:115} INFO - [2024-08-12T10:13:06.583+0000] {dagbag.py:508} INFO - Filling up the DagBag from /home/airflow/.local/lib/python3.7/site-packages/airflow/example_dags/example_xcomargs.py
[2024-08-12T10:13:06.598+0000] {processor.py:650} INFO - DAG(s) dict_keys(['example_xcom_args', 'example_xcom_args_with_operators']) retrieved from /home/airflow/.local/lib/python3.7/site-packages/airflow/example_dags/example_xcomargs.py
[2024-08-12T10:13:06.623+0000] {logging_mixin.py:115} INFO - [2024-08-12T10:13:06.622+0000] {dag.py:2429} INFO - Sync 2 DAGs
[2024-08-12T10:13:06.643+0000] {logging_mixin.py:115} INFO - [2024-08-12T10:13:06.642+0000] {dag.py:2981} INFO - Setting next_dagrun for example_xcom_args to None, run_after=None
[2024-08-12T10:13:06.643+0000] {logging_mixin.py:115} INFO - [2024-08-12T10:13:06.643+0000] {dag.py:2981} INFO - Setting next_dagrun for example_xcom_args_with_operators to None, run_after=None
[2024-08-12T10:13:06.653+0000] {processor.py:161} INFO - Processing /home/airflow/.local/lib/python3.7/site-packages/airflow/example_dags/example_xcomargs.py took 0.074 seconds
[2024-08-12T10:13:37.223+0000] {processor.py:153} INFO - Started process (PID=2018) to work on /home/airflow/.local/lib/python3.7/site-packages/airflow/example_dags/example_xcomargs.py
[2024-08-12T10:13:37.224+0000] {processor.py:640} INFO - Processing file /home/airflow/.local/lib/python3.7/site-packages/airflow/example_dags/example_xcomargs.py for tasks to queue
[2024-08-12T10:13:37.225+0000] {logging_mixin.py:115} INFO - [2024-08-12T10:13:37.225+0000] {dagbag.py:508} INFO - Filling up the DagBag from /home/airflow/.local/lib/python3.7/site-packages/airflow/example_dags/example_xcomargs.py
[2024-08-12T10:13:37.239+0000] {processor.py:650} INFO - DAG(s) dict_keys(['example_xcom_args', 'example_xcom_args_with_operators']) retrieved from /home/airflow/.local/lib/python3.7/site-packages/airflow/example_dags/example_xcomargs.py
[2024-08-12T10:13:37.295+0000] {logging_mixin.py:115} INFO - [2024-08-12T10:13:37.295+0000] {dag.py:2429} INFO - Sync 2 DAGs
[2024-08-12T10:13:37.311+0000] {logging_mixin.py:115} INFO - [2024-08-12T10:13:37.311+0000] {dag.py:2981} INFO - Setting next_dagrun for example_xcom_args to None, run_after=None
[2024-08-12T10:13:37.312+0000] {logging_mixin.py:115} INFO - [2024-08-12T10:13:37.312+0000] {dag.py:2981} INFO - Setting next_dagrun for example_xcom_args_with_operators to None, run_after=None
[2024-08-12T10:13:37.324+0000] {processor.py:161} INFO - Processing /home/airflow/.local/lib/python3.7/site-packages/airflow/example_dags/example_xcomargs.py took 0.103 seconds
[2024-08-12T10:14:08.224+0000] {processor.py:153} INFO - Started process (PID=2081) to work on /home/airflow/.local/lib/python3.7/site-packages/airflow/example_dags/example_xcomargs.py
[2024-08-12T10:14:08.225+0000] {processor.py:640} INFO - Processing file /home/airflow/.local/lib/python3.7/site-packages/airflow/example_dags/example_xcomargs.py for tasks to queue
[2024-08-12T10:14:08.226+0000] {logging_mixin.py:115} INFO - [2024-08-12T10:14:08.226+0000] {dagbag.py:508} INFO - Filling up the DagBag from /home/airflow/.local/lib/python3.7/site-packages/airflow/example_dags/example_xcomargs.py
[2024-08-12T10:14:08.240+0000] {processor.py:650} INFO - DAG(s) dict_keys(['example_xcom_args', 'example_xcom_args_with_operators']) retrieved from /home/airflow/.local/lib/python3.7/site-packages/airflow/example_dags/example_xcomargs.py
[2024-08-12T10:14:08.299+0000] {logging_mixin.py:115} INFO - [2024-08-12T10:14:08.298+0000] {dag.py:2429} INFO - Sync 2 DAGs
[2024-08-12T10:14:08.315+0000] {logging_mixin.py:115} INFO - [2024-08-12T10:14:08.315+0000] {dag.py:2981} INFO - Setting next_dagrun for example_xcom_args to None, run_after=None
[2024-08-12T10:14:08.315+0000] {logging_mixin.py:115} INFO - [2024-08-12T10:14:08.315+0000] {dag.py:2981} INFO - Setting next_dagrun for example_xcom_args_with_operators to None, run_after=None
[2024-08-12T10:14:08.327+0000] {processor.py:161} INFO - Processing /home/airflow/.local/lib/python3.7/site-packages/airflow/example_dags/example_xcomargs.py took 0.105 seconds
