[2024-08-12T08:27:09.069+0000] {processor.py:153} INFO - Started process (PID=85) to work on /home/airflow/.local/lib/python3.7/site-packages/airflow/example_dags/example_skip_dag.py
[2024-08-12T08:27:09.070+0000] {processor.py:640} INFO - Processing file /home/airflow/.local/lib/python3.7/site-packages/airflow/example_dags/example_skip_dag.py for tasks to queue
[2024-08-12T08:27:09.071+0000] {logging_mixin.py:115} INFO - [2024-08-12T08:27:09.070+0000] {dagbag.py:508} INFO - Filling up the DagBag from /home/airflow/.local/lib/python3.7/site-packages/airflow/example_dags/example_skip_dag.py
[2024-08-12T08:27:09.078+0000] {processor.py:650} INFO - DAG(s) dict_keys(['example_skip_dag']) retrieved from /home/airflow/.local/lib/python3.7/site-packages/airflow/example_dags/example_skip_dag.py
[2024-08-12T08:27:09.185+0000] {logging_mixin.py:115} INFO - [2024-08-12T08:27:09.185+0000] {manager.py:508} INFO - Created Permission View: can edit on DAG:example_skip_dag
[2024-08-12T08:27:09.196+0000] {logging_mixin.py:115} INFO - [2024-08-12T08:27:09.196+0000] {manager.py:508} INFO - Created Permission View: can read on DAG:example_skip_dag
[2024-08-12T08:27:09.205+0000] {logging_mixin.py:115} INFO - [2024-08-12T08:27:09.204+0000] {manager.py:508} INFO - Created Permission View: can delete on DAG:example_skip_dag
[2024-08-12T08:27:09.205+0000] {logging_mixin.py:115} INFO - [2024-08-12T08:27:09.205+0000] {dag.py:2429} INFO - Sync 1 DAGs
[2024-08-12T08:27:09.216+0000] {logging_mixin.py:115} INFO - [2024-08-12T08:27:09.215+0000] {dag.py:2448} INFO - Creating ORM DAG for example_skip_dag
[2024-08-12T08:27:09.227+0000] {logging_mixin.py:115} INFO - [2024-08-12T08:27:09.227+0000] {dag.py:2981} INFO - Setting next_dagrun for example_skip_dag to 2024-08-11T08:27:09.227172+00:00, run_after=2024-08-12T08:27:09.227172+00:00
[2024-08-12T08:27:09.247+0000] {processor.py:161} INFO - Processing /home/airflow/.local/lib/python3.7/site-packages/airflow/example_dags/example_skip_dag.py took 0.182 seconds
[2024-08-12T08:27:39.906+0000] {processor.py:153} INFO - Started process (PID=137) to work on /home/airflow/.local/lib/python3.7/site-packages/airflow/example_dags/example_skip_dag.py
[2024-08-12T08:27:39.907+0000] {processor.py:640} INFO - Processing file /home/airflow/.local/lib/python3.7/site-packages/airflow/example_dags/example_skip_dag.py for tasks to queue
[2024-08-12T08:27:39.907+0000] {logging_mixin.py:115} INFO - [2024-08-12T08:27:39.907+0000] {dagbag.py:508} INFO - Filling up the DagBag from /home/airflow/.local/lib/python3.7/site-packages/airflow/example_dags/example_skip_dag.py
[2024-08-12T08:27:39.911+0000] {processor.py:650} INFO - DAG(s) dict_keys(['example_skip_dag']) retrieved from /home/airflow/.local/lib/python3.7/site-packages/airflow/example_dags/example_skip_dag.py
[2024-08-12T08:27:39.932+0000] {logging_mixin.py:115} INFO - [2024-08-12T08:27:39.932+0000] {dag.py:2429} INFO - Sync 1 DAGs
[2024-08-12T08:27:39.949+0000] {logging_mixin.py:115} INFO - [2024-08-12T08:27:39.948+0000] {dag.py:2981} INFO - Setting next_dagrun for example_skip_dag to 2024-08-11T08:27:39.948727+00:00, run_after=2024-08-12T08:27:39.948727+00:00
[2024-08-12T08:27:39.958+0000] {processor.py:161} INFO - Processing /home/airflow/.local/lib/python3.7/site-packages/airflow/example_dags/example_skip_dag.py took 0.054 seconds
[2024-08-12T08:28:10.552+0000] {processor.py:153} INFO - Started process (PID=198) to work on /home/airflow/.local/lib/python3.7/site-packages/airflow/example_dags/example_skip_dag.py
[2024-08-12T08:28:10.552+0000] {processor.py:640} INFO - Processing file /home/airflow/.local/lib/python3.7/site-packages/airflow/example_dags/example_skip_dag.py for tasks to queue
[2024-08-12T08:28:10.553+0000] {logging_mixin.py:115} INFO - [2024-08-12T08:28:10.553+0000] {dagbag.py:508} INFO - Filling up the DagBag from /home/airflow/.local/lib/python3.7/site-packages/airflow/example_dags/example_skip_dag.py
[2024-08-12T08:28:10.556+0000] {processor.py:650} INFO - DAG(s) dict_keys(['example_skip_dag']) retrieved from /home/airflow/.local/lib/python3.7/site-packages/airflow/example_dags/example_skip_dag.py
[2024-08-12T08:28:10.577+0000] {logging_mixin.py:115} INFO - [2024-08-12T08:28:10.577+0000] {dag.py:2429} INFO - Sync 1 DAGs
[2024-08-12T08:28:10.593+0000] {logging_mixin.py:115} INFO - [2024-08-12T08:28:10.592+0000] {dag.py:2981} INFO - Setting next_dagrun for example_skip_dag to 2024-08-11T08:28:10.592680+00:00, run_after=2024-08-12T08:28:10.592680+00:00
[2024-08-12T08:28:10.602+0000] {processor.py:161} INFO - Processing /home/airflow/.local/lib/python3.7/site-packages/airflow/example_dags/example_skip_dag.py took 0.053 seconds
[2024-08-12T09:57:12.675+0000] {processor.py:153} INFO - Started process (PID=87) to work on /home/airflow/.local/lib/python3.7/site-packages/airflow/example_dags/example_skip_dag.py
[2024-08-12T09:57:12.676+0000] {processor.py:640} INFO - Processing file /home/airflow/.local/lib/python3.7/site-packages/airflow/example_dags/example_skip_dag.py for tasks to queue
[2024-08-12T09:57:12.676+0000] {logging_mixin.py:115} INFO - [2024-08-12T09:57:12.676+0000] {dagbag.py:508} INFO - Filling up the DagBag from /home/airflow/.local/lib/python3.7/site-packages/airflow/example_dags/example_skip_dag.py
[2024-08-12T09:57:12.681+0000] {processor.py:650} INFO - DAG(s) dict_keys(['example_skip_dag']) retrieved from /home/airflow/.local/lib/python3.7/site-packages/airflow/example_dags/example_skip_dag.py
[2024-08-12T09:57:12.724+0000] {logging_mixin.py:115} INFO - [2024-08-12T09:57:12.724+0000] {dag.py:2429} INFO - Sync 1 DAGs
[2024-08-12T09:57:12.756+0000] {logging_mixin.py:115} INFO - [2024-08-12T09:57:12.756+0000] {dag.py:2981} INFO - Setting next_dagrun for example_skip_dag to 2024-08-11T09:57:12.755116+00:00, run_after=2024-08-12T09:57:12.755116+00:00
[2024-08-12T09:57:12.773+0000] {processor.py:161} INFO - Processing /home/airflow/.local/lib/python3.7/site-packages/airflow/example_dags/example_skip_dag.py took 0.103 seconds
[2024-08-12T09:57:42.975+0000] {processor.py:153} INFO - Started process (PID=141) to work on /home/airflow/.local/lib/python3.7/site-packages/airflow/example_dags/example_skip_dag.py
[2024-08-12T09:57:42.976+0000] {processor.py:640} INFO - Processing file /home/airflow/.local/lib/python3.7/site-packages/airflow/example_dags/example_skip_dag.py for tasks to queue
[2024-08-12T09:57:42.976+0000] {logging_mixin.py:115} INFO - [2024-08-12T09:57:42.976+0000] {dagbag.py:508} INFO - Filling up the DagBag from /home/airflow/.local/lib/python3.7/site-packages/airflow/example_dags/example_skip_dag.py
[2024-08-12T09:57:42.980+0000] {processor.py:650} INFO - DAG(s) dict_keys(['example_skip_dag']) retrieved from /home/airflow/.local/lib/python3.7/site-packages/airflow/example_dags/example_skip_dag.py
[2024-08-12T09:57:43.004+0000] {logging_mixin.py:115} INFO - [2024-08-12T09:57:43.004+0000] {dag.py:2429} INFO - Sync 1 DAGs
[2024-08-12T09:57:43.023+0000] {logging_mixin.py:115} INFO - [2024-08-12T09:57:43.023+0000] {dag.py:2981} INFO - Setting next_dagrun for example_skip_dag to 2024-08-11T09:57:43.023490+00:00, run_after=2024-08-12T09:57:43.023490+00:00
[2024-08-12T09:57:43.037+0000] {processor.py:161} INFO - Processing /home/airflow/.local/lib/python3.7/site-packages/airflow/example_dags/example_skip_dag.py took 0.065 seconds
[2024-08-12T09:58:13.790+0000] {processor.py:153} INFO - Started process (PID=204) to work on /home/airflow/.local/lib/python3.7/site-packages/airflow/example_dags/example_skip_dag.py
[2024-08-12T09:58:13.791+0000] {processor.py:640} INFO - Processing file /home/airflow/.local/lib/python3.7/site-packages/airflow/example_dags/example_skip_dag.py for tasks to queue
[2024-08-12T09:58:13.792+0000] {logging_mixin.py:115} INFO - [2024-08-12T09:58:13.791+0000] {dagbag.py:508} INFO - Filling up the DagBag from /home/airflow/.local/lib/python3.7/site-packages/airflow/example_dags/example_skip_dag.py
[2024-08-12T09:58:13.796+0000] {processor.py:650} INFO - DAG(s) dict_keys(['example_skip_dag']) retrieved from /home/airflow/.local/lib/python3.7/site-packages/airflow/example_dags/example_skip_dag.py
[2024-08-12T09:58:13.817+0000] {logging_mixin.py:115} INFO - [2024-08-12T09:58:13.817+0000] {dag.py:2429} INFO - Sync 1 DAGs
[2024-08-12T09:58:13.834+0000] {logging_mixin.py:115} INFO - [2024-08-12T09:58:13.834+0000] {dag.py:2981} INFO - Setting next_dagrun for example_skip_dag to 2024-08-11T09:58:13.834195+00:00, run_after=2024-08-12T09:58:13.834195+00:00
[2024-08-12T09:58:13.845+0000] {processor.py:161} INFO - Processing /home/airflow/.local/lib/python3.7/site-packages/airflow/example_dags/example_skip_dag.py took 0.057 seconds
[2024-08-12T09:58:44.734+0000] {processor.py:153} INFO - Started process (PID=267) to work on /home/airflow/.local/lib/python3.7/site-packages/airflow/example_dags/example_skip_dag.py
[2024-08-12T09:58:44.735+0000] {processor.py:640} INFO - Processing file /home/airflow/.local/lib/python3.7/site-packages/airflow/example_dags/example_skip_dag.py for tasks to queue
[2024-08-12T09:58:44.736+0000] {logging_mixin.py:115} INFO - [2024-08-12T09:58:44.736+0000] {dagbag.py:508} INFO - Filling up the DagBag from /home/airflow/.local/lib/python3.7/site-packages/airflow/example_dags/example_skip_dag.py
[2024-08-12T09:58:44.740+0000] {processor.py:650} INFO - DAG(s) dict_keys(['example_skip_dag']) retrieved from /home/airflow/.local/lib/python3.7/site-packages/airflow/example_dags/example_skip_dag.py
[2024-08-12T09:58:44.762+0000] {logging_mixin.py:115} INFO - [2024-08-12T09:58:44.761+0000] {dag.py:2429} INFO - Sync 1 DAGs
[2024-08-12T09:58:44.779+0000] {logging_mixin.py:115} INFO - [2024-08-12T09:58:44.779+0000] {dag.py:2981} INFO - Setting next_dagrun for example_skip_dag to 2024-08-11T09:58:44.779488+00:00, run_after=2024-08-12T09:58:44.779488+00:00
[2024-08-12T09:58:44.791+0000] {processor.py:161} INFO - Processing /home/airflow/.local/lib/python3.7/site-packages/airflow/example_dags/example_skip_dag.py took 0.059 seconds
[2024-08-12T09:59:15.779+0000] {processor.py:153} INFO - Started process (PID=330) to work on /home/airflow/.local/lib/python3.7/site-packages/airflow/example_dags/example_skip_dag.py
[2024-08-12T09:59:15.781+0000] {processor.py:640} INFO - Processing file /home/airflow/.local/lib/python3.7/site-packages/airflow/example_dags/example_skip_dag.py for tasks to queue
[2024-08-12T09:59:15.782+0000] {logging_mixin.py:115} INFO - [2024-08-12T09:59:15.782+0000] {dagbag.py:508} INFO - Filling up the DagBag from /home/airflow/.local/lib/python3.7/site-packages/airflow/example_dags/example_skip_dag.py
[2024-08-12T09:59:15.787+0000] {processor.py:650} INFO - DAG(s) dict_keys(['example_skip_dag']) retrieved from /home/airflow/.local/lib/python3.7/site-packages/airflow/example_dags/example_skip_dag.py
[2024-08-12T09:59:15.811+0000] {logging_mixin.py:115} INFO - [2024-08-12T09:59:15.811+0000] {dag.py:2429} INFO - Sync 1 DAGs
[2024-08-12T09:59:15.830+0000] {logging_mixin.py:115} INFO - [2024-08-12T09:59:15.830+0000] {dag.py:2981} INFO - Setting next_dagrun for example_skip_dag to 2024-08-11T09:59:15.830506+00:00, run_after=2024-08-12T09:59:15.830506+00:00
[2024-08-12T09:59:15.841+0000] {processor.py:161} INFO - Processing /home/airflow/.local/lib/python3.7/site-packages/airflow/example_dags/example_skip_dag.py took 0.064 seconds
[2024-08-12T09:59:45.955+0000] {processor.py:153} INFO - Started process (PID=384) to work on /home/airflow/.local/lib/python3.7/site-packages/airflow/example_dags/example_skip_dag.py
[2024-08-12T09:59:45.956+0000] {processor.py:640} INFO - Processing file /home/airflow/.local/lib/python3.7/site-packages/airflow/example_dags/example_skip_dag.py for tasks to queue
[2024-08-12T09:59:45.957+0000] {logging_mixin.py:115} INFO - [2024-08-12T09:59:45.957+0000] {dagbag.py:508} INFO - Filling up the DagBag from /home/airflow/.local/lib/python3.7/site-packages/airflow/example_dags/example_skip_dag.py
[2024-08-12T09:59:45.962+0000] {processor.py:650} INFO - DAG(s) dict_keys(['example_skip_dag']) retrieved from /home/airflow/.local/lib/python3.7/site-packages/airflow/example_dags/example_skip_dag.py
[2024-08-12T09:59:45.984+0000] {logging_mixin.py:115} INFO - [2024-08-12T09:59:45.984+0000] {dag.py:2429} INFO - Sync 1 DAGs
[2024-08-12T09:59:46.002+0000] {logging_mixin.py:115} INFO - [2024-08-12T09:59:46.002+0000] {dag.py:2981} INFO - Setting next_dagrun for example_skip_dag to 2024-08-11T09:59:46.002335+00:00, run_after=2024-08-12T09:59:46.002335+00:00
[2024-08-12T09:59:46.014+0000] {processor.py:161} INFO - Processing /home/airflow/.local/lib/python3.7/site-packages/airflow/example_dags/example_skip_dag.py took 0.061 seconds
[2024-08-12T10:00:16.684+0000] {processor.py:153} INFO - Started process (PID=447) to work on /home/airflow/.local/lib/python3.7/site-packages/airflow/example_dags/example_skip_dag.py
[2024-08-12T10:00:16.685+0000] {processor.py:640} INFO - Processing file /home/airflow/.local/lib/python3.7/site-packages/airflow/example_dags/example_skip_dag.py for tasks to queue
[2024-08-12T10:00:16.685+0000] {logging_mixin.py:115} INFO - [2024-08-12T10:00:16.685+0000] {dagbag.py:508} INFO - Filling up the DagBag from /home/airflow/.local/lib/python3.7/site-packages/airflow/example_dags/example_skip_dag.py
[2024-08-12T10:00:16.689+0000] {processor.py:650} INFO - DAG(s) dict_keys(['example_skip_dag']) retrieved from /home/airflow/.local/lib/python3.7/site-packages/airflow/example_dags/example_skip_dag.py
[2024-08-12T10:00:16.710+0000] {logging_mixin.py:115} INFO - [2024-08-12T10:00:16.710+0000] {dag.py:2429} INFO - Sync 1 DAGs
[2024-08-12T10:00:16.728+0000] {logging_mixin.py:115} INFO - [2024-08-12T10:00:16.728+0000] {dag.py:2981} INFO - Setting next_dagrun for example_skip_dag to 2024-08-11T10:00:16.727824+00:00, run_after=2024-08-12T10:00:16.727824+00:00
[2024-08-12T10:00:16.738+0000] {processor.py:161} INFO - Processing /home/airflow/.local/lib/python3.7/site-packages/airflow/example_dags/example_skip_dag.py took 0.056 seconds
[2024-08-12T10:00:47.522+0000] {processor.py:153} INFO - Started process (PID=510) to work on /home/airflow/.local/lib/python3.7/site-packages/airflow/example_dags/example_skip_dag.py
[2024-08-12T10:00:47.523+0000] {processor.py:640} INFO - Processing file /home/airflow/.local/lib/python3.7/site-packages/airflow/example_dags/example_skip_dag.py for tasks to queue
[2024-08-12T10:00:47.523+0000] {logging_mixin.py:115} INFO - [2024-08-12T10:00:47.523+0000] {dagbag.py:508} INFO - Filling up the DagBag from /home/airflow/.local/lib/python3.7/site-packages/airflow/example_dags/example_skip_dag.py
[2024-08-12T10:00:47.528+0000] {processor.py:650} INFO - DAG(s) dict_keys(['example_skip_dag']) retrieved from /home/airflow/.local/lib/python3.7/site-packages/airflow/example_dags/example_skip_dag.py
[2024-08-12T10:00:47.554+0000] {logging_mixin.py:115} INFO - [2024-08-12T10:00:47.554+0000] {dag.py:2429} INFO - Sync 1 DAGs
[2024-08-12T10:00:47.573+0000] {logging_mixin.py:115} INFO - [2024-08-12T10:00:47.572+0000] {dag.py:2981} INFO - Setting next_dagrun for example_skip_dag to 2024-08-11T10:00:47.572738+00:00, run_after=2024-08-12T10:00:47.572738+00:00
[2024-08-12T10:00:47.584+0000] {processor.py:161} INFO - Processing /home/airflow/.local/lib/python3.7/site-packages/airflow/example_dags/example_skip_dag.py took 0.065 seconds
[2024-08-12T10:01:18.366+0000] {processor.py:153} INFO - Started process (PID=573) to work on /home/airflow/.local/lib/python3.7/site-packages/airflow/example_dags/example_skip_dag.py
[2024-08-12T10:01:18.367+0000] {processor.py:640} INFO - Processing file /home/airflow/.local/lib/python3.7/site-packages/airflow/example_dags/example_skip_dag.py for tasks to queue
[2024-08-12T10:01:18.368+0000] {logging_mixin.py:115} INFO - [2024-08-12T10:01:18.367+0000] {dagbag.py:508} INFO - Filling up the DagBag from /home/airflow/.local/lib/python3.7/site-packages/airflow/example_dags/example_skip_dag.py
[2024-08-12T10:01:18.372+0000] {processor.py:650} INFO - DAG(s) dict_keys(['example_skip_dag']) retrieved from /home/airflow/.local/lib/python3.7/site-packages/airflow/example_dags/example_skip_dag.py
[2024-08-12T10:01:18.395+0000] {logging_mixin.py:115} INFO - [2024-08-12T10:01:18.395+0000] {dag.py:2429} INFO - Sync 1 DAGs
[2024-08-12T10:01:18.415+0000] {logging_mixin.py:115} INFO - [2024-08-12T10:01:18.415+0000] {dag.py:2981} INFO - Setting next_dagrun for example_skip_dag to 2024-08-11T10:01:18.414785+00:00, run_after=2024-08-12T10:01:18.414785+00:00
[2024-08-12T10:01:18.429+0000] {processor.py:161} INFO - Processing /home/airflow/.local/lib/python3.7/site-packages/airflow/example_dags/example_skip_dag.py took 0.065 seconds
[2024-08-12T10:01:49.117+0000] {processor.py:153} INFO - Started process (PID=627) to work on /home/airflow/.local/lib/python3.7/site-packages/airflow/example_dags/example_skip_dag.py
[2024-08-12T10:01:49.118+0000] {processor.py:640} INFO - Processing file /home/airflow/.local/lib/python3.7/site-packages/airflow/example_dags/example_skip_dag.py for tasks to queue
[2024-08-12T10:01:49.119+0000] {logging_mixin.py:115} INFO - [2024-08-12T10:01:49.119+0000] {dagbag.py:508} INFO - Filling up the DagBag from /home/airflow/.local/lib/python3.7/site-packages/airflow/example_dags/example_skip_dag.py
[2024-08-12T10:01:49.123+0000] {processor.py:650} INFO - DAG(s) dict_keys(['example_skip_dag']) retrieved from /home/airflow/.local/lib/python3.7/site-packages/airflow/example_dags/example_skip_dag.py
[2024-08-12T10:01:49.146+0000] {logging_mixin.py:115} INFO - [2024-08-12T10:01:49.146+0000] {dag.py:2429} INFO - Sync 1 DAGs
[2024-08-12T10:01:49.164+0000] {logging_mixin.py:115} INFO - [2024-08-12T10:01:49.164+0000] {dag.py:2981} INFO - Setting next_dagrun for example_skip_dag to 2024-08-11T10:01:49.164494+00:00, run_after=2024-08-12T10:01:49.164494+00:00
[2024-08-12T10:01:49.175+0000] {processor.py:161} INFO - Processing /home/airflow/.local/lib/python3.7/site-packages/airflow/example_dags/example_skip_dag.py took 0.060 seconds
[2024-08-12T10:02:19.959+0000] {processor.py:153} INFO - Started process (PID=690) to work on /home/airflow/.local/lib/python3.7/site-packages/airflow/example_dags/example_skip_dag.py
[2024-08-12T10:02:19.960+0000] {processor.py:640} INFO - Processing file /home/airflow/.local/lib/python3.7/site-packages/airflow/example_dags/example_skip_dag.py for tasks to queue
[2024-08-12T10:02:19.960+0000] {logging_mixin.py:115} INFO - [2024-08-12T10:02:19.960+0000] {dagbag.py:508} INFO - Filling up the DagBag from /home/airflow/.local/lib/python3.7/site-packages/airflow/example_dags/example_skip_dag.py
[2024-08-12T10:02:19.964+0000] {processor.py:650} INFO - DAG(s) dict_keys(['example_skip_dag']) retrieved from /home/airflow/.local/lib/python3.7/site-packages/airflow/example_dags/example_skip_dag.py
[2024-08-12T10:02:19.987+0000] {logging_mixin.py:115} INFO - [2024-08-12T10:02:19.987+0000] {dag.py:2429} INFO - Sync 1 DAGs
[2024-08-12T10:02:20.005+0000] {logging_mixin.py:115} INFO - [2024-08-12T10:02:20.005+0000] {dag.py:2981} INFO - Setting next_dagrun for example_skip_dag to 2024-08-11T10:02:20.005489+00:00, run_after=2024-08-12T10:02:20.005489+00:00
[2024-08-12T10:02:20.018+0000] {processor.py:161} INFO - Processing /home/airflow/.local/lib/python3.7/site-packages/airflow/example_dags/example_skip_dag.py took 0.062 seconds
[2024-08-12T10:02:50.799+0000] {processor.py:153} INFO - Started process (PID=753) to work on /home/airflow/.local/lib/python3.7/site-packages/airflow/example_dags/example_skip_dag.py
[2024-08-12T10:02:50.800+0000] {processor.py:640} INFO - Processing file /home/airflow/.local/lib/python3.7/site-packages/airflow/example_dags/example_skip_dag.py for tasks to queue
[2024-08-12T10:02:50.800+0000] {logging_mixin.py:115} INFO - [2024-08-12T10:02:50.800+0000] {dagbag.py:508} INFO - Filling up the DagBag from /home/airflow/.local/lib/python3.7/site-packages/airflow/example_dags/example_skip_dag.py
[2024-08-12T10:02:50.804+0000] {processor.py:650} INFO - DAG(s) dict_keys(['example_skip_dag']) retrieved from /home/airflow/.local/lib/python3.7/site-packages/airflow/example_dags/example_skip_dag.py
[2024-08-12T10:02:50.826+0000] {logging_mixin.py:115} INFO - [2024-08-12T10:02:50.826+0000] {dag.py:2429} INFO - Sync 1 DAGs
[2024-08-12T10:02:50.844+0000] {logging_mixin.py:115} INFO - [2024-08-12T10:02:50.844+0000] {dag.py:2981} INFO - Setting next_dagrun for example_skip_dag to 2024-08-11T10:02:50.843788+00:00, run_after=2024-08-12T10:02:50.843788+00:00
[2024-08-12T10:02:50.854+0000] {processor.py:161} INFO - Processing /home/airflow/.local/lib/python3.7/site-packages/airflow/example_dags/example_skip_dag.py took 0.058 seconds
[2024-08-12T10:03:21.667+0000] {processor.py:153} INFO - Started process (PID=816) to work on /home/airflow/.local/lib/python3.7/site-packages/airflow/example_dags/example_skip_dag.py
[2024-08-12T10:03:21.668+0000] {processor.py:640} INFO - Processing file /home/airflow/.local/lib/python3.7/site-packages/airflow/example_dags/example_skip_dag.py for tasks to queue
[2024-08-12T10:03:21.669+0000] {logging_mixin.py:115} INFO - [2024-08-12T10:03:21.668+0000] {dagbag.py:508} INFO - Filling up the DagBag from /home/airflow/.local/lib/python3.7/site-packages/airflow/example_dags/example_skip_dag.py
[2024-08-12T10:03:21.672+0000] {processor.py:650} INFO - DAG(s) dict_keys(['example_skip_dag']) retrieved from /home/airflow/.local/lib/python3.7/site-packages/airflow/example_dags/example_skip_dag.py
[2024-08-12T10:03:21.696+0000] {logging_mixin.py:115} INFO - [2024-08-12T10:03:21.695+0000] {dag.py:2429} INFO - Sync 1 DAGs
[2024-08-12T10:03:21.715+0000] {logging_mixin.py:115} INFO - [2024-08-12T10:03:21.715+0000] {dag.py:2981} INFO - Setting next_dagrun for example_skip_dag to 2024-08-11T10:03:21.714954+00:00, run_after=2024-08-12T10:03:21.714954+00:00
[2024-08-12T10:03:21.726+0000] {processor.py:161} INFO - Processing /home/airflow/.local/lib/python3.7/site-packages/airflow/example_dags/example_skip_dag.py took 0.062 seconds
[2024-08-12T10:03:52.573+0000] {processor.py:153} INFO - Started process (PID=870) to work on /home/airflow/.local/lib/python3.7/site-packages/airflow/example_dags/example_skip_dag.py
[2024-08-12T10:03:52.574+0000] {processor.py:640} INFO - Processing file /home/airflow/.local/lib/python3.7/site-packages/airflow/example_dags/example_skip_dag.py for tasks to queue
[2024-08-12T10:03:52.575+0000] {logging_mixin.py:115} INFO - [2024-08-12T10:03:52.575+0000] {dagbag.py:508} INFO - Filling up the DagBag from /home/airflow/.local/lib/python3.7/site-packages/airflow/example_dags/example_skip_dag.py
[2024-08-12T10:03:52.579+0000] {processor.py:650} INFO - DAG(s) dict_keys(['example_skip_dag']) retrieved from /home/airflow/.local/lib/python3.7/site-packages/airflow/example_dags/example_skip_dag.py
[2024-08-12T10:03:52.601+0000] {logging_mixin.py:115} INFO - [2024-08-12T10:03:52.601+0000] {dag.py:2429} INFO - Sync 1 DAGs
[2024-08-12T10:03:52.619+0000] {logging_mixin.py:115} INFO - [2024-08-12T10:03:52.619+0000] {dag.py:2981} INFO - Setting next_dagrun for example_skip_dag to 2024-08-11T10:03:52.618912+00:00, run_after=2024-08-12T10:03:52.618912+00:00
[2024-08-12T10:03:52.629+0000] {processor.py:161} INFO - Processing /home/airflow/.local/lib/python3.7/site-packages/airflow/example_dags/example_skip_dag.py took 0.058 seconds
[2024-08-12T10:04:23.386+0000] {processor.py:153} INFO - Started process (PID=933) to work on /home/airflow/.local/lib/python3.7/site-packages/airflow/example_dags/example_skip_dag.py
[2024-08-12T10:04:23.387+0000] {processor.py:640} INFO - Processing file /home/airflow/.local/lib/python3.7/site-packages/airflow/example_dags/example_skip_dag.py for tasks to queue
[2024-08-12T10:04:23.387+0000] {logging_mixin.py:115} INFO - [2024-08-12T10:04:23.387+0000] {dagbag.py:508} INFO - Filling up the DagBag from /home/airflow/.local/lib/python3.7/site-packages/airflow/example_dags/example_skip_dag.py
[2024-08-12T10:04:23.391+0000] {processor.py:650} INFO - DAG(s) dict_keys(['example_skip_dag']) retrieved from /home/airflow/.local/lib/python3.7/site-packages/airflow/example_dags/example_skip_dag.py
[2024-08-12T10:04:23.414+0000] {logging_mixin.py:115} INFO - [2024-08-12T10:04:23.414+0000] {dag.py:2429} INFO - Sync 1 DAGs
[2024-08-12T10:04:23.434+0000] {logging_mixin.py:115} INFO - [2024-08-12T10:04:23.434+0000] {dag.py:2981} INFO - Setting next_dagrun for example_skip_dag to 2024-08-11T10:04:23.434424+00:00, run_after=2024-08-12T10:04:23.434424+00:00
[2024-08-12T10:04:23.446+0000] {processor.py:161} INFO - Processing /home/airflow/.local/lib/python3.7/site-packages/airflow/example_dags/example_skip_dag.py took 0.063 seconds
[2024-08-12T10:04:54.253+0000] {processor.py:153} INFO - Started process (PID=996) to work on /home/airflow/.local/lib/python3.7/site-packages/airflow/example_dags/example_skip_dag.py
[2024-08-12T10:04:54.254+0000] {processor.py:640} INFO - Processing file /home/airflow/.local/lib/python3.7/site-packages/airflow/example_dags/example_skip_dag.py for tasks to queue
[2024-08-12T10:04:54.255+0000] {logging_mixin.py:115} INFO - [2024-08-12T10:04:54.254+0000] {dagbag.py:508} INFO - Filling up the DagBag from /home/airflow/.local/lib/python3.7/site-packages/airflow/example_dags/example_skip_dag.py
[2024-08-12T10:04:54.258+0000] {processor.py:650} INFO - DAG(s) dict_keys(['example_skip_dag']) retrieved from /home/airflow/.local/lib/python3.7/site-packages/airflow/example_dags/example_skip_dag.py
[2024-08-12T10:04:54.282+0000] {logging_mixin.py:115} INFO - [2024-08-12T10:04:54.281+0000] {dag.py:2429} INFO - Sync 1 DAGs
[2024-08-12T10:04:54.300+0000] {logging_mixin.py:115} INFO - [2024-08-12T10:04:54.300+0000] {dag.py:2981} INFO - Setting next_dagrun for example_skip_dag to 2024-08-11T10:04:54.299857+00:00, run_after=2024-08-12T10:04:54.299857+00:00
[2024-08-12T10:04:54.310+0000] {processor.py:161} INFO - Processing /home/airflow/.local/lib/python3.7/site-packages/airflow/example_dags/example_skip_dag.py took 0.059 seconds
[2024-08-12T10:05:25.132+0000] {processor.py:153} INFO - Started process (PID=1059) to work on /home/airflow/.local/lib/python3.7/site-packages/airflow/example_dags/example_skip_dag.py
[2024-08-12T10:05:25.133+0000] {processor.py:640} INFO - Processing file /home/airflow/.local/lib/python3.7/site-packages/airflow/example_dags/example_skip_dag.py for tasks to queue
[2024-08-12T10:05:25.133+0000] {logging_mixin.py:115} INFO - [2024-08-12T10:05:25.133+0000] {dagbag.py:508} INFO - Filling up the DagBag from /home/airflow/.local/lib/python3.7/site-packages/airflow/example_dags/example_skip_dag.py
[2024-08-12T10:05:25.137+0000] {processor.py:650} INFO - DAG(s) dict_keys(['example_skip_dag']) retrieved from /home/airflow/.local/lib/python3.7/site-packages/airflow/example_dags/example_skip_dag.py
[2024-08-12T10:05:25.160+0000] {logging_mixin.py:115} INFO - [2024-08-12T10:05:25.160+0000] {dag.py:2429} INFO - Sync 1 DAGs
[2024-08-12T10:05:25.178+0000] {logging_mixin.py:115} INFO - [2024-08-12T10:05:25.178+0000] {dag.py:2981} INFO - Setting next_dagrun for example_skip_dag to 2024-08-11T10:05:25.178319+00:00, run_after=2024-08-12T10:05:25.178319+00:00
[2024-08-12T10:05:25.190+0000] {processor.py:161} INFO - Processing /home/airflow/.local/lib/python3.7/site-packages/airflow/example_dags/example_skip_dag.py took 0.061 seconds
[2024-08-12T10:05:55.863+0000] {processor.py:153} INFO - Started process (PID=1113) to work on /home/airflow/.local/lib/python3.7/site-packages/airflow/example_dags/example_skip_dag.py
[2024-08-12T10:05:55.864+0000] {processor.py:640} INFO - Processing file /home/airflow/.local/lib/python3.7/site-packages/airflow/example_dags/example_skip_dag.py for tasks to queue
[2024-08-12T10:05:55.864+0000] {logging_mixin.py:115} INFO - [2024-08-12T10:05:55.864+0000] {dagbag.py:508} INFO - Filling up the DagBag from /home/airflow/.local/lib/python3.7/site-packages/airflow/example_dags/example_skip_dag.py
[2024-08-12T10:05:55.868+0000] {processor.py:650} INFO - DAG(s) dict_keys(['example_skip_dag']) retrieved from /home/airflow/.local/lib/python3.7/site-packages/airflow/example_dags/example_skip_dag.py
[2024-08-12T10:05:55.892+0000] {logging_mixin.py:115} INFO - [2024-08-12T10:05:55.891+0000] {dag.py:2429} INFO - Sync 1 DAGs
[2024-08-12T10:05:55.911+0000] {logging_mixin.py:115} INFO - [2024-08-12T10:05:55.910+0000] {dag.py:2981} INFO - Setting next_dagrun for example_skip_dag to 2024-08-11T10:05:55.910719+00:00, run_after=2024-08-12T10:05:55.910719+00:00
[2024-08-12T10:05:55.922+0000] {processor.py:161} INFO - Processing /home/airflow/.local/lib/python3.7/site-packages/airflow/example_dags/example_skip_dag.py took 0.061 seconds
[2024-08-12T10:06:26.706+0000] {processor.py:153} INFO - Started process (PID=1176) to work on /home/airflow/.local/lib/python3.7/site-packages/airflow/example_dags/example_skip_dag.py
[2024-08-12T10:06:26.706+0000] {processor.py:640} INFO - Processing file /home/airflow/.local/lib/python3.7/site-packages/airflow/example_dags/example_skip_dag.py for tasks to queue
[2024-08-12T10:06:26.707+0000] {logging_mixin.py:115} INFO - [2024-08-12T10:06:26.707+0000] {dagbag.py:508} INFO - Filling up the DagBag from /home/airflow/.local/lib/python3.7/site-packages/airflow/example_dags/example_skip_dag.py
[2024-08-12T10:06:26.711+0000] {processor.py:650} INFO - DAG(s) dict_keys(['example_skip_dag']) retrieved from /home/airflow/.local/lib/python3.7/site-packages/airflow/example_dags/example_skip_dag.py
[2024-08-12T10:06:26.733+0000] {logging_mixin.py:115} INFO - [2024-08-12T10:06:26.733+0000] {dag.py:2429} INFO - Sync 1 DAGs
[2024-08-12T10:06:26.751+0000] {logging_mixin.py:115} INFO - [2024-08-12T10:06:26.751+0000] {dag.py:2981} INFO - Setting next_dagrun for example_skip_dag to 2024-08-11T10:06:26.751489+00:00, run_after=2024-08-12T10:06:26.751489+00:00
[2024-08-12T10:06:26.761+0000] {processor.py:161} INFO - Processing /home/airflow/.local/lib/python3.7/site-packages/airflow/example_dags/example_skip_dag.py took 0.058 seconds
[2024-08-12T10:06:57.706+0000] {processor.py:153} INFO - Started process (PID=1239) to work on /home/airflow/.local/lib/python3.7/site-packages/airflow/example_dags/example_skip_dag.py
[2024-08-12T10:06:57.707+0000] {processor.py:640} INFO - Processing file /home/airflow/.local/lib/python3.7/site-packages/airflow/example_dags/example_skip_dag.py for tasks to queue
[2024-08-12T10:06:57.708+0000] {logging_mixin.py:115} INFO - [2024-08-12T10:06:57.708+0000] {dagbag.py:508} INFO - Filling up the DagBag from /home/airflow/.local/lib/python3.7/site-packages/airflow/example_dags/example_skip_dag.py
[2024-08-12T10:06:57.712+0000] {processor.py:650} INFO - DAG(s) dict_keys(['example_skip_dag']) retrieved from /home/airflow/.local/lib/python3.7/site-packages/airflow/example_dags/example_skip_dag.py
[2024-08-12T10:06:57.738+0000] {logging_mixin.py:115} INFO - [2024-08-12T10:06:57.738+0000] {dag.py:2429} INFO - Sync 1 DAGs
[2024-08-12T10:06:57.757+0000] {logging_mixin.py:115} INFO - [2024-08-12T10:06:57.757+0000] {dag.py:2981} INFO - Setting next_dagrun for example_skip_dag to 2024-08-11T10:06:57.757253+00:00, run_after=2024-08-12T10:06:57.757253+00:00
[2024-08-12T10:06:57.774+0000] {processor.py:161} INFO - Processing /home/airflow/.local/lib/python3.7/site-packages/airflow/example_dags/example_skip_dag.py took 0.070 seconds
[2024-08-12T10:07:28.004+0000] {processor.py:153} INFO - Started process (PID=1302) to work on /home/airflow/.local/lib/python3.7/site-packages/airflow/example_dags/example_skip_dag.py
[2024-08-12T10:07:28.005+0000] {processor.py:640} INFO - Processing file /home/airflow/.local/lib/python3.7/site-packages/airflow/example_dags/example_skip_dag.py for tasks to queue
[2024-08-12T10:07:28.005+0000] {logging_mixin.py:115} INFO - [2024-08-12T10:07:28.005+0000] {dagbag.py:508} INFO - Filling up the DagBag from /home/airflow/.local/lib/python3.7/site-packages/airflow/example_dags/example_skip_dag.py
[2024-08-12T10:07:28.010+0000] {processor.py:650} INFO - DAG(s) dict_keys(['example_skip_dag']) retrieved from /home/airflow/.local/lib/python3.7/site-packages/airflow/example_dags/example_skip_dag.py
[2024-08-12T10:07:28.032+0000] {logging_mixin.py:115} INFO - [2024-08-12T10:07:28.032+0000] {dag.py:2429} INFO - Sync 1 DAGs
[2024-08-12T10:07:28.050+0000] {logging_mixin.py:115} INFO - [2024-08-12T10:07:28.050+0000] {dag.py:2981} INFO - Setting next_dagrun for example_skip_dag to 2024-08-11T10:07:28.049667+00:00, run_after=2024-08-12T10:07:28.049667+00:00
[2024-08-12T10:07:28.061+0000] {processor.py:161} INFO - Processing /home/airflow/.local/lib/python3.7/site-packages/airflow/example_dags/example_skip_dag.py took 0.060 seconds
[2024-08-12T10:07:58.882+0000] {processor.py:153} INFO - Started process (PID=1356) to work on /home/airflow/.local/lib/python3.7/site-packages/airflow/example_dags/example_skip_dag.py
[2024-08-12T10:07:58.883+0000] {processor.py:640} INFO - Processing file /home/airflow/.local/lib/python3.7/site-packages/airflow/example_dags/example_skip_dag.py for tasks to queue
[2024-08-12T10:07:58.884+0000] {logging_mixin.py:115} INFO - [2024-08-12T10:07:58.884+0000] {dagbag.py:508} INFO - Filling up the DagBag from /home/airflow/.local/lib/python3.7/site-packages/airflow/example_dags/example_skip_dag.py
[2024-08-12T10:07:58.888+0000] {processor.py:650} INFO - DAG(s) dict_keys(['example_skip_dag']) retrieved from /home/airflow/.local/lib/python3.7/site-packages/airflow/example_dags/example_skip_dag.py
[2024-08-12T10:07:58.909+0000] {logging_mixin.py:115} INFO - [2024-08-12T10:07:58.909+0000] {dag.py:2429} INFO - Sync 1 DAGs
[2024-08-12T10:07:58.927+0000] {logging_mixin.py:115} INFO - [2024-08-12T10:07:58.927+0000] {dag.py:2981} INFO - Setting next_dagrun for example_skip_dag to 2024-08-11T10:07:58.927134+00:00, run_after=2024-08-12T10:07:58.927134+00:00
[2024-08-12T10:07:58.937+0000] {processor.py:161} INFO - Processing /home/airflow/.local/lib/python3.7/site-packages/airflow/example_dags/example_skip_dag.py took 0.057 seconds
[2024-08-12T10:08:29.616+0000] {processor.py:153} INFO - Started process (PID=1419) to work on /home/airflow/.local/lib/python3.7/site-packages/airflow/example_dags/example_skip_dag.py
[2024-08-12T10:08:29.617+0000] {processor.py:640} INFO - Processing file /home/airflow/.local/lib/python3.7/site-packages/airflow/example_dags/example_skip_dag.py for tasks to queue
[2024-08-12T10:08:29.617+0000] {logging_mixin.py:115} INFO - [2024-08-12T10:08:29.617+0000] {dagbag.py:508} INFO - Filling up the DagBag from /home/airflow/.local/lib/python3.7/site-packages/airflow/example_dags/example_skip_dag.py
[2024-08-12T10:08:29.622+0000] {processor.py:650} INFO - DAG(s) dict_keys(['example_skip_dag']) retrieved from /home/airflow/.local/lib/python3.7/site-packages/airflow/example_dags/example_skip_dag.py
[2024-08-12T10:08:29.644+0000] {logging_mixin.py:115} INFO - [2024-08-12T10:08:29.644+0000] {dag.py:2429} INFO - Sync 1 DAGs
[2024-08-12T10:08:29.662+0000] {logging_mixin.py:115} INFO - [2024-08-12T10:08:29.662+0000] {dag.py:2981} INFO - Setting next_dagrun for example_skip_dag to 2024-08-11T10:08:29.662276+00:00, run_after=2024-08-12T10:08:29.662276+00:00
[2024-08-12T10:08:29.673+0000] {processor.py:161} INFO - Processing /home/airflow/.local/lib/python3.7/site-packages/airflow/example_dags/example_skip_dag.py took 0.060 seconds
[2024-08-12T10:09:00.371+0000] {processor.py:153} INFO - Started process (PID=1482) to work on /home/airflow/.local/lib/python3.7/site-packages/airflow/example_dags/example_skip_dag.py
[2024-08-12T10:09:00.372+0000] {processor.py:640} INFO - Processing file /home/airflow/.local/lib/python3.7/site-packages/airflow/example_dags/example_skip_dag.py for tasks to queue
[2024-08-12T10:09:00.373+0000] {logging_mixin.py:115} INFO - [2024-08-12T10:09:00.373+0000] {dagbag.py:508} INFO - Filling up the DagBag from /home/airflow/.local/lib/python3.7/site-packages/airflow/example_dags/example_skip_dag.py
[2024-08-12T10:09:00.377+0000] {processor.py:650} INFO - DAG(s) dict_keys(['example_skip_dag']) retrieved from /home/airflow/.local/lib/python3.7/site-packages/airflow/example_dags/example_skip_dag.py
[2024-08-12T10:09:00.399+0000] {logging_mixin.py:115} INFO - [2024-08-12T10:09:00.399+0000] {dag.py:2429} INFO - Sync 1 DAGs
[2024-08-12T10:09:00.416+0000] {logging_mixin.py:115} INFO - [2024-08-12T10:09:00.416+0000] {dag.py:2981} INFO - Setting next_dagrun for example_skip_dag to 2024-08-11T10:09:00.416317+00:00, run_after=2024-08-12T10:09:00.416317+00:00
[2024-08-12T10:09:00.427+0000] {processor.py:161} INFO - Processing /home/airflow/.local/lib/python3.7/site-packages/airflow/example_dags/example_skip_dag.py took 0.058 seconds
[2024-08-12T10:09:31.090+0000] {processor.py:153} INFO - Started process (PID=1543) to work on /home/airflow/.local/lib/python3.7/site-packages/airflow/example_dags/example_skip_dag.py
[2024-08-12T10:09:31.091+0000] {processor.py:640} INFO - Processing file /home/airflow/.local/lib/python3.7/site-packages/airflow/example_dags/example_skip_dag.py for tasks to queue
[2024-08-12T10:09:31.091+0000] {logging_mixin.py:115} INFO - [2024-08-12T10:09:31.091+0000] {dagbag.py:508} INFO - Filling up the DagBag from /home/airflow/.local/lib/python3.7/site-packages/airflow/example_dags/example_skip_dag.py
[2024-08-12T10:09:31.096+0000] {processor.py:650} INFO - DAG(s) dict_keys(['example_skip_dag']) retrieved from /home/airflow/.local/lib/python3.7/site-packages/airflow/example_dags/example_skip_dag.py
[2024-08-12T10:09:31.118+0000] {logging_mixin.py:115} INFO - [2024-08-12T10:09:31.118+0000] {dag.py:2429} INFO - Sync 1 DAGs
[2024-08-12T10:09:31.137+0000] {logging_mixin.py:115} INFO - [2024-08-12T10:09:31.137+0000] {dag.py:2981} INFO - Setting next_dagrun for example_skip_dag to 2024-08-11T10:09:31.137224+00:00, run_after=2024-08-12T10:09:31.137224+00:00
[2024-08-12T10:09:31.148+0000] {processor.py:161} INFO - Processing /home/airflow/.local/lib/python3.7/site-packages/airflow/example_dags/example_skip_dag.py took 0.061 seconds
[2024-08-12T10:10:01.921+0000] {processor.py:153} INFO - Started process (PID=1599) to work on /home/airflow/.local/lib/python3.7/site-packages/airflow/example_dags/example_skip_dag.py
[2024-08-12T10:10:01.922+0000] {processor.py:640} INFO - Processing file /home/airflow/.local/lib/python3.7/site-packages/airflow/example_dags/example_skip_dag.py for tasks to queue
[2024-08-12T10:10:01.922+0000] {logging_mixin.py:115} INFO - [2024-08-12T10:10:01.922+0000] {dagbag.py:508} INFO - Filling up the DagBag from /home/airflow/.local/lib/python3.7/site-packages/airflow/example_dags/example_skip_dag.py
[2024-08-12T10:10:01.927+0000] {processor.py:650} INFO - DAG(s) dict_keys(['example_skip_dag']) retrieved from /home/airflow/.local/lib/python3.7/site-packages/airflow/example_dags/example_skip_dag.py
[2024-08-12T10:10:01.948+0000] {logging_mixin.py:115} INFO - [2024-08-12T10:10:01.948+0000] {dag.py:2429} INFO - Sync 1 DAGs
[2024-08-12T10:10:01.968+0000] {logging_mixin.py:115} INFO - [2024-08-12T10:10:01.967+0000] {dag.py:2981} INFO - Setting next_dagrun for example_skip_dag to 2024-08-11T10:10:01.967643+00:00, run_after=2024-08-12T10:10:01.967643+00:00
[2024-08-12T10:10:01.978+0000] {processor.py:161} INFO - Processing /home/airflow/.local/lib/python3.7/site-packages/airflow/example_dags/example_skip_dag.py took 0.059 seconds
[2024-08-12T10:10:32.618+0000] {processor.py:153} INFO - Started process (PID=1662) to work on /home/airflow/.local/lib/python3.7/site-packages/airflow/example_dags/example_skip_dag.py
[2024-08-12T10:10:32.619+0000] {processor.py:640} INFO - Processing file /home/airflow/.local/lib/python3.7/site-packages/airflow/example_dags/example_skip_dag.py for tasks to queue
[2024-08-12T10:10:32.619+0000] {logging_mixin.py:115} INFO - [2024-08-12T10:10:32.619+0000] {dagbag.py:508} INFO - Filling up the DagBag from /home/airflow/.local/lib/python3.7/site-packages/airflow/example_dags/example_skip_dag.py
[2024-08-12T10:10:32.624+0000] {processor.py:650} INFO - DAG(s) dict_keys(['example_skip_dag']) retrieved from /home/airflow/.local/lib/python3.7/site-packages/airflow/example_dags/example_skip_dag.py
[2024-08-12T10:10:32.645+0000] {logging_mixin.py:115} INFO - [2024-08-12T10:10:32.645+0000] {dag.py:2429} INFO - Sync 1 DAGs
[2024-08-12T10:10:32.663+0000] {logging_mixin.py:115} INFO - [2024-08-12T10:10:32.662+0000] {dag.py:2981} INFO - Setting next_dagrun for example_skip_dag to 2024-08-11T10:10:32.662689+00:00, run_after=2024-08-12T10:10:32.662689+00:00
[2024-08-12T10:10:32.673+0000] {processor.py:161} INFO - Processing /home/airflow/.local/lib/python3.7/site-packages/airflow/example_dags/example_skip_dag.py took 0.057 seconds
[2024-08-12T10:11:03.417+0000] {processor.py:153} INFO - Started process (PID=1725) to work on /home/airflow/.local/lib/python3.7/site-packages/airflow/example_dags/example_skip_dag.py
[2024-08-12T10:11:03.418+0000] {processor.py:640} INFO - Processing file /home/airflow/.local/lib/python3.7/site-packages/airflow/example_dags/example_skip_dag.py for tasks to queue
[2024-08-12T10:11:03.419+0000] {logging_mixin.py:115} INFO - [2024-08-12T10:11:03.419+0000] {dagbag.py:508} INFO - Filling up the DagBag from /home/airflow/.local/lib/python3.7/site-packages/airflow/example_dags/example_skip_dag.py
[2024-08-12T10:11:03.423+0000] {processor.py:650} INFO - DAG(s) dict_keys(['example_skip_dag']) retrieved from /home/airflow/.local/lib/python3.7/site-packages/airflow/example_dags/example_skip_dag.py
[2024-08-12T10:11:03.446+0000] {logging_mixin.py:115} INFO - [2024-08-12T10:11:03.445+0000] {dag.py:2429} INFO - Sync 1 DAGs
[2024-08-12T10:11:03.464+0000] {logging_mixin.py:115} INFO - [2024-08-12T10:11:03.464+0000] {dag.py:2981} INFO - Setting next_dagrun for example_skip_dag to 2024-08-11T10:11:03.464560+00:00, run_after=2024-08-12T10:11:03.464560+00:00
[2024-08-12T10:11:03.475+0000] {processor.py:161} INFO - Processing /home/airflow/.local/lib/python3.7/site-packages/airflow/example_dags/example_skip_dag.py took 0.061 seconds
[2024-08-12T10:11:34.191+0000] {processor.py:153} INFO - Started process (PID=1779) to work on /home/airflow/.local/lib/python3.7/site-packages/airflow/example_dags/example_skip_dag.py
[2024-08-12T10:11:34.192+0000] {processor.py:640} INFO - Processing file /home/airflow/.local/lib/python3.7/site-packages/airflow/example_dags/example_skip_dag.py for tasks to queue
[2024-08-12T10:11:34.193+0000] {logging_mixin.py:115} INFO - [2024-08-12T10:11:34.193+0000] {dagbag.py:508} INFO - Filling up the DagBag from /home/airflow/.local/lib/python3.7/site-packages/airflow/example_dags/example_skip_dag.py
[2024-08-12T10:11:34.197+0000] {processor.py:650} INFO - DAG(s) dict_keys(['example_skip_dag']) retrieved from /home/airflow/.local/lib/python3.7/site-packages/airflow/example_dags/example_skip_dag.py
[2024-08-12T10:11:34.218+0000] {logging_mixin.py:115} INFO - [2024-08-12T10:11:34.218+0000] {dag.py:2429} INFO - Sync 1 DAGs
[2024-08-12T10:11:34.236+0000] {logging_mixin.py:115} INFO - [2024-08-12T10:11:34.236+0000] {dag.py:2981} INFO - Setting next_dagrun for example_skip_dag to 2024-08-11T10:11:34.236139+00:00, run_after=2024-08-12T10:11:34.236139+00:00
[2024-08-12T10:11:34.246+0000] {processor.py:161} INFO - Processing /home/airflow/.local/lib/python3.7/site-packages/airflow/example_dags/example_skip_dag.py took 0.058 seconds
[2024-08-12T10:12:04.963+0000] {processor.py:153} INFO - Started process (PID=1842) to work on /home/airflow/.local/lib/python3.7/site-packages/airflow/example_dags/example_skip_dag.py
[2024-08-12T10:12:04.964+0000] {processor.py:640} INFO - Processing file /home/airflow/.local/lib/python3.7/site-packages/airflow/example_dags/example_skip_dag.py for tasks to queue
[2024-08-12T10:12:04.964+0000] {logging_mixin.py:115} INFO - [2024-08-12T10:12:04.964+0000] {dagbag.py:508} INFO - Filling up the DagBag from /home/airflow/.local/lib/python3.7/site-packages/airflow/example_dags/example_skip_dag.py
[2024-08-12T10:12:04.969+0000] {processor.py:650} INFO - DAG(s) dict_keys(['example_skip_dag']) retrieved from /home/airflow/.local/lib/python3.7/site-packages/airflow/example_dags/example_skip_dag.py
[2024-08-12T10:12:04.991+0000] {logging_mixin.py:115} INFO - [2024-08-12T10:12:04.991+0000] {dag.py:2429} INFO - Sync 1 DAGs
[2024-08-12T10:12:05.010+0000] {logging_mixin.py:115} INFO - [2024-08-12T10:12:05.010+0000] {dag.py:2981} INFO - Setting next_dagrun for example_skip_dag to 2024-08-11T10:12:05.009843+00:00, run_after=2024-08-12T10:12:05.009843+00:00
[2024-08-12T10:12:05.021+0000] {processor.py:161} INFO - Processing /home/airflow/.local/lib/python3.7/site-packages/airflow/example_dags/example_skip_dag.py took 0.060 seconds
[2024-08-12T10:12:35.922+0000] {processor.py:153} INFO - Started process (PID=1905) to work on /home/airflow/.local/lib/python3.7/site-packages/airflow/example_dags/example_skip_dag.py
[2024-08-12T10:12:35.923+0000] {processor.py:640} INFO - Processing file /home/airflow/.local/lib/python3.7/site-packages/airflow/example_dags/example_skip_dag.py for tasks to queue
[2024-08-12T10:12:35.923+0000] {logging_mixin.py:115} INFO - [2024-08-12T10:12:35.923+0000] {dagbag.py:508} INFO - Filling up the DagBag from /home/airflow/.local/lib/python3.7/site-packages/airflow/example_dags/example_skip_dag.py
[2024-08-12T10:12:35.927+0000] {processor.py:650} INFO - DAG(s) dict_keys(['example_skip_dag']) retrieved from /home/airflow/.local/lib/python3.7/site-packages/airflow/example_dags/example_skip_dag.py
[2024-08-12T10:12:35.952+0000] {logging_mixin.py:115} INFO - [2024-08-12T10:12:35.952+0000] {dag.py:2429} INFO - Sync 1 DAGs
[2024-08-12T10:12:35.971+0000] {logging_mixin.py:115} INFO - [2024-08-12T10:12:35.971+0000] {dag.py:2981} INFO - Setting next_dagrun for example_skip_dag to 2024-08-11T10:12:35.971000+00:00, run_after=2024-08-12T10:12:35.971000+00:00
[2024-08-12T10:12:35.984+0000] {processor.py:161} INFO - Processing /home/airflow/.local/lib/python3.7/site-packages/airflow/example_dags/example_skip_dag.py took 0.065 seconds
[2024-08-12T10:13:06.753+0000] {processor.py:153} INFO - Started process (PID=1968) to work on /home/airflow/.local/lib/python3.7/site-packages/airflow/example_dags/example_skip_dag.py
[2024-08-12T10:13:06.754+0000] {processor.py:640} INFO - Processing file /home/airflow/.local/lib/python3.7/site-packages/airflow/example_dags/example_skip_dag.py for tasks to queue
[2024-08-12T10:13:06.754+0000] {logging_mixin.py:115} INFO - [2024-08-12T10:13:06.754+0000] {dagbag.py:508} INFO - Filling up the DagBag from /home/airflow/.local/lib/python3.7/site-packages/airflow/example_dags/example_skip_dag.py
[2024-08-12T10:13:06.758+0000] {processor.py:650} INFO - DAG(s) dict_keys(['example_skip_dag']) retrieved from /home/airflow/.local/lib/python3.7/site-packages/airflow/example_dags/example_skip_dag.py
[2024-08-12T10:13:06.780+0000] {logging_mixin.py:115} INFO - [2024-08-12T10:13:06.780+0000] {dag.py:2429} INFO - Sync 1 DAGs
[2024-08-12T10:13:06.799+0000] {logging_mixin.py:115} INFO - [2024-08-12T10:13:06.799+0000] {dag.py:2981} INFO - Setting next_dagrun for example_skip_dag to 2024-08-11T10:13:06.798797+00:00, run_after=2024-08-12T10:13:06.798797+00:00
[2024-08-12T10:13:06.810+0000] {processor.py:161} INFO - Processing /home/airflow/.local/lib/python3.7/site-packages/airflow/example_dags/example_skip_dag.py took 0.060 seconds
[2024-08-12T10:13:37.420+0000] {processor.py:153} INFO - Started process (PID=2022) to work on /home/airflow/.local/lib/python3.7/site-packages/airflow/example_dags/example_skip_dag.py
[2024-08-12T10:13:37.421+0000] {processor.py:640} INFO - Processing file /home/airflow/.local/lib/python3.7/site-packages/airflow/example_dags/example_skip_dag.py for tasks to queue
[2024-08-12T10:13:37.421+0000] {logging_mixin.py:115} INFO - [2024-08-12T10:13:37.421+0000] {dagbag.py:508} INFO - Filling up the DagBag from /home/airflow/.local/lib/python3.7/site-packages/airflow/example_dags/example_skip_dag.py
[2024-08-12T10:13:37.426+0000] {processor.py:650} INFO - DAG(s) dict_keys(['example_skip_dag']) retrieved from /home/airflow/.local/lib/python3.7/site-packages/airflow/example_dags/example_skip_dag.py
[2024-08-12T10:13:37.447+0000] {logging_mixin.py:115} INFO - [2024-08-12T10:13:37.447+0000] {dag.py:2429} INFO - Sync 1 DAGs
[2024-08-12T10:13:37.464+0000] {logging_mixin.py:115} INFO - [2024-08-12T10:13:37.464+0000] {dag.py:2981} INFO - Setting next_dagrun for example_skip_dag to 2024-08-11T10:13:37.464221+00:00, run_after=2024-08-12T10:13:37.464221+00:00
[2024-08-12T10:13:37.476+0000] {processor.py:161} INFO - Processing /home/airflow/.local/lib/python3.7/site-packages/airflow/example_dags/example_skip_dag.py took 0.059 seconds
[2024-08-12T10:14:08.435+0000] {processor.py:153} INFO - Started process (PID=2085) to work on /home/airflow/.local/lib/python3.7/site-packages/airflow/example_dags/example_skip_dag.py
[2024-08-12T10:14:08.436+0000] {processor.py:640} INFO - Processing file /home/airflow/.local/lib/python3.7/site-packages/airflow/example_dags/example_skip_dag.py for tasks to queue
[2024-08-12T10:14:08.437+0000] {logging_mixin.py:115} INFO - [2024-08-12T10:14:08.437+0000] {dagbag.py:508} INFO - Filling up the DagBag from /home/airflow/.local/lib/python3.7/site-packages/airflow/example_dags/example_skip_dag.py
[2024-08-12T10:14:08.441+0000] {processor.py:650} INFO - DAG(s) dict_keys(['example_skip_dag']) retrieved from /home/airflow/.local/lib/python3.7/site-packages/airflow/example_dags/example_skip_dag.py
[2024-08-12T10:14:08.463+0000] {logging_mixin.py:115} INFO - [2024-08-12T10:14:08.463+0000] {dag.py:2429} INFO - Sync 1 DAGs
[2024-08-12T10:14:08.483+0000] {logging_mixin.py:115} INFO - [2024-08-12T10:14:08.483+0000] {dag.py:2981} INFO - Setting next_dagrun for example_skip_dag to 2024-08-11T10:14:08.483103+00:00, run_after=2024-08-12T10:14:08.483103+00:00
[2024-08-12T10:14:08.496+0000] {processor.py:161} INFO - Processing /home/airflow/.local/lib/python3.7/site-packages/airflow/example_dags/example_skip_dag.py took 0.064 seconds
