[2024-08-12T08:27:05.929+0000] {processor.py:153} INFO - Started process (PID=58) to work on /home/airflow/.local/lib/python3.7/site-packages/airflow/example_dags/example_kubernetes_executor.py
[2024-08-12T08:27:05.929+0000] {processor.py:640} INFO - Processing file /home/airflow/.local/lib/python3.7/site-packages/airflow/example_dags/example_kubernetes_executor.py for tasks to queue
[2024-08-12T08:27:05.930+0000] {logging_mixin.py:115} INFO - [2024-08-12T08:27:05.930+0000] {dagbag.py:508} INFO - Filling up the DagBag from /home/airflow/.local/lib/python3.7/site-packages/airflow/example_dags/example_kubernetes_executor.py
[2024-08-12T08:27:05.953+0000] {processor.py:650} INFO - DAG(s) dict_keys(['example_kubernetes_executor']) retrieved from /home/airflow/.local/lib/python3.7/site-packages/airflow/example_dags/example_kubernetes_executor.py
[2024-08-12T08:27:06.031+0000] {logging_mixin.py:115} INFO - [2024-08-12T08:27:06.031+0000] {manager.py:508} INFO - Created Permission View: can edit on DAG:example_kubernetes_executor
[2024-08-12T08:27:06.042+0000] {logging_mixin.py:115} INFO - [2024-08-12T08:27:06.042+0000] {manager.py:508} INFO - Created Permission View: can read on DAG:example_kubernetes_executor
[2024-08-12T08:27:06.051+0000] {logging_mixin.py:115} INFO - [2024-08-12T08:27:06.050+0000] {manager.py:508} INFO - Created Permission View: can delete on DAG:example_kubernetes_executor
[2024-08-12T08:27:06.051+0000] {logging_mixin.py:115} INFO - [2024-08-12T08:27:06.051+0000] {dag.py:2429} INFO - Sync 1 DAGs
[2024-08-12T08:27:06.060+0000] {logging_mixin.py:115} INFO - [2024-08-12T08:27:06.060+0000] {dag.py:2448} INFO - Creating ORM DAG for example_kubernetes_executor
[2024-08-12T08:27:06.074+0000] {logging_mixin.py:115} INFO - [2024-08-12T08:27:06.074+0000] {dag.py:2981} INFO - Setting next_dagrun for example_kubernetes_executor to None, run_after=None
[2024-08-12T08:27:06.093+0000] {processor.py:161} INFO - Processing /home/airflow/.local/lib/python3.7/site-packages/airflow/example_dags/example_kubernetes_executor.py took 0.167 seconds
[2024-08-12T08:27:36.549+0000] {processor.py:153} INFO - Started process (PID=112) to work on /home/airflow/.local/lib/python3.7/site-packages/airflow/example_dags/example_kubernetes_executor.py
[2024-08-12T08:27:36.551+0000] {processor.py:640} INFO - Processing file /home/airflow/.local/lib/python3.7/site-packages/airflow/example_dags/example_kubernetes_executor.py for tasks to queue
[2024-08-12T08:27:36.551+0000] {logging_mixin.py:115} INFO - [2024-08-12T08:27:36.551+0000] {dagbag.py:508} INFO - Filling up the DagBag from /home/airflow/.local/lib/python3.7/site-packages/airflow/example_dags/example_kubernetes_executor.py
[2024-08-12T08:27:36.574+0000] {processor.py:650} INFO - DAG(s) dict_keys(['example_kubernetes_executor']) retrieved from /home/airflow/.local/lib/python3.7/site-packages/airflow/example_dags/example_kubernetes_executor.py
[2024-08-12T08:27:36.600+0000] {logging_mixin.py:115} INFO - [2024-08-12T08:27:36.600+0000] {dag.py:2429} INFO - Sync 1 DAGs
[2024-08-12T08:27:36.620+0000] {logging_mixin.py:115} INFO - [2024-08-12T08:27:36.620+0000] {dag.py:2981} INFO - Setting next_dagrun for example_kubernetes_executor to None, run_after=None
[2024-08-12T08:27:36.633+0000] {processor.py:161} INFO - Processing /home/airflow/.local/lib/python3.7/site-packages/airflow/example_dags/example_kubernetes_executor.py took 0.087 seconds
[2024-08-12T08:28:07.309+0000] {processor.py:153} INFO - Started process (PID=173) to work on /home/airflow/.local/lib/python3.7/site-packages/airflow/example_dags/example_kubernetes_executor.py
[2024-08-12T08:28:07.310+0000] {processor.py:640} INFO - Processing file /home/airflow/.local/lib/python3.7/site-packages/airflow/example_dags/example_kubernetes_executor.py for tasks to queue
[2024-08-12T08:28:07.311+0000] {logging_mixin.py:115} INFO - [2024-08-12T08:28:07.311+0000] {dagbag.py:508} INFO - Filling up the DagBag from /home/airflow/.local/lib/python3.7/site-packages/airflow/example_dags/example_kubernetes_executor.py
[2024-08-12T08:28:07.330+0000] {processor.py:650} INFO - DAG(s) dict_keys(['example_kubernetes_executor']) retrieved from /home/airflow/.local/lib/python3.7/site-packages/airflow/example_dags/example_kubernetes_executor.py
[2024-08-12T08:28:07.352+0000] {logging_mixin.py:115} INFO - [2024-08-12T08:28:07.352+0000] {dag.py:2429} INFO - Sync 1 DAGs
[2024-08-12T08:28:07.371+0000] {logging_mixin.py:115} INFO - [2024-08-12T08:28:07.371+0000] {dag.py:2981} INFO - Setting next_dagrun for example_kubernetes_executor to None, run_after=None
[2024-08-12T08:28:07.381+0000] {processor.py:161} INFO - Processing /home/airflow/.local/lib/python3.7/site-packages/airflow/example_dags/example_kubernetes_executor.py took 0.074 seconds
[2024-08-12T08:28:38.064+0000] {processor.py:153} INFO - Started process (PID=234) to work on /home/airflow/.local/lib/python3.7/site-packages/airflow/example_dags/example_kubernetes_executor.py
[2024-08-12T08:28:38.065+0000] {processor.py:640} INFO - Processing file /home/airflow/.local/lib/python3.7/site-packages/airflow/example_dags/example_kubernetes_executor.py for tasks to queue
[2024-08-12T08:28:38.066+0000] {logging_mixin.py:115} INFO - [2024-08-12T08:28:38.066+0000] {dagbag.py:508} INFO - Filling up the DagBag from /home/airflow/.local/lib/python3.7/site-packages/airflow/example_dags/example_kubernetes_executor.py
[2024-08-12T08:28:38.091+0000] {processor.py:650} INFO - DAG(s) dict_keys(['example_kubernetes_executor']) retrieved from /home/airflow/.local/lib/python3.7/site-packages/airflow/example_dags/example_kubernetes_executor.py
[2024-08-12T08:28:38.116+0000] {logging_mixin.py:115} INFO - [2024-08-12T08:28:38.116+0000] {dag.py:2429} INFO - Sync 1 DAGs
[2024-08-12T08:28:38.140+0000] {logging_mixin.py:115} INFO - [2024-08-12T08:28:38.140+0000] {dag.py:2981} INFO - Setting next_dagrun for example_kubernetes_executor to None, run_after=None
[2024-08-12T08:28:38.154+0000] {processor.py:161} INFO - Processing /home/airflow/.local/lib/python3.7/site-packages/airflow/example_dags/example_kubernetes_executor.py took 0.094 seconds
[2024-08-12T09:57:10.425+0000] {processor.py:153} INFO - Started process (PID=62) to work on /home/airflow/.local/lib/python3.7/site-packages/airflow/example_dags/example_kubernetes_executor.py
[2024-08-12T09:57:10.426+0000] {processor.py:640} INFO - Processing file /home/airflow/.local/lib/python3.7/site-packages/airflow/example_dags/example_kubernetes_executor.py for tasks to queue
[2024-08-12T09:57:10.427+0000] {logging_mixin.py:115} INFO - [2024-08-12T09:57:10.427+0000] {dagbag.py:508} INFO - Filling up the DagBag from /home/airflow/.local/lib/python3.7/site-packages/airflow/example_dags/example_kubernetes_executor.py
[2024-08-12T09:57:10.464+0000] {processor.py:650} INFO - DAG(s) dict_keys(['example_kubernetes_executor']) retrieved from /home/airflow/.local/lib/python3.7/site-packages/airflow/example_dags/example_kubernetes_executor.py
[2024-08-12T09:57:10.504+0000] {logging_mixin.py:115} INFO - [2024-08-12T09:57:10.504+0000] {dag.py:2429} INFO - Sync 1 DAGs
[2024-08-12T09:57:10.532+0000] {logging_mixin.py:115} INFO - [2024-08-12T09:57:10.531+0000] {dag.py:2981} INFO - Setting next_dagrun for example_kubernetes_executor to None, run_after=None
[2024-08-12T09:57:10.548+0000] {processor.py:161} INFO - Processing /home/airflow/.local/lib/python3.7/site-packages/airflow/example_dags/example_kubernetes_executor.py took 0.126 seconds
[2024-08-12T09:57:41.401+0000] {processor.py:153} INFO - Started process (PID=116) to work on /home/airflow/.local/lib/python3.7/site-packages/airflow/example_dags/example_kubernetes_executor.py
[2024-08-12T09:57:41.402+0000] {processor.py:640} INFO - Processing file /home/airflow/.local/lib/python3.7/site-packages/airflow/example_dags/example_kubernetes_executor.py for tasks to queue
[2024-08-12T09:57:41.402+0000] {logging_mixin.py:115} INFO - [2024-08-12T09:57:41.402+0000] {dagbag.py:508} INFO - Filling up the DagBag from /home/airflow/.local/lib/python3.7/site-packages/airflow/example_dags/example_kubernetes_executor.py
[2024-08-12T09:57:41.423+0000] {processor.py:650} INFO - DAG(s) dict_keys(['example_kubernetes_executor']) retrieved from /home/airflow/.local/lib/python3.7/site-packages/airflow/example_dags/example_kubernetes_executor.py
[2024-08-12T09:57:41.451+0000] {logging_mixin.py:115} INFO - [2024-08-12T09:57:41.451+0000] {dag.py:2429} INFO - Sync 1 DAGs
[2024-08-12T09:57:41.475+0000] {logging_mixin.py:115} INFO - [2024-08-12T09:57:41.475+0000] {dag.py:2981} INFO - Setting next_dagrun for example_kubernetes_executor to None, run_after=None
[2024-08-12T09:57:41.490+0000] {processor.py:161} INFO - Processing /home/airflow/.local/lib/python3.7/site-packages/airflow/example_dags/example_kubernetes_executor.py took 0.092 seconds
[2024-08-12T09:58:12.453+0000] {processor.py:153} INFO - Started process (PID=179) to work on /home/airflow/.local/lib/python3.7/site-packages/airflow/example_dags/example_kubernetes_executor.py
[2024-08-12T09:58:12.453+0000] {processor.py:640} INFO - Processing file /home/airflow/.local/lib/python3.7/site-packages/airflow/example_dags/example_kubernetes_executor.py for tasks to queue
[2024-08-12T09:58:12.454+0000] {logging_mixin.py:115} INFO - [2024-08-12T09:58:12.454+0000] {dagbag.py:508} INFO - Filling up the DagBag from /home/airflow/.local/lib/python3.7/site-packages/airflow/example_dags/example_kubernetes_executor.py
[2024-08-12T09:58:12.480+0000] {processor.py:650} INFO - DAG(s) dict_keys(['example_kubernetes_executor']) retrieved from /home/airflow/.local/lib/python3.7/site-packages/airflow/example_dags/example_kubernetes_executor.py
[2024-08-12T09:58:12.502+0000] {logging_mixin.py:115} INFO - [2024-08-12T09:58:12.502+0000] {dag.py:2429} INFO - Sync 1 DAGs
[2024-08-12T09:58:12.522+0000] {logging_mixin.py:115} INFO - [2024-08-12T09:58:12.521+0000] {dag.py:2981} INFO - Setting next_dagrun for example_kubernetes_executor to None, run_after=None
[2024-08-12T09:58:12.531+0000] {processor.py:161} INFO - Processing /home/airflow/.local/lib/python3.7/site-packages/airflow/example_dags/example_kubernetes_executor.py took 0.081 seconds
[2024-08-12T09:58:43.292+0000] {processor.py:153} INFO - Started process (PID=242) to work on /home/airflow/.local/lib/python3.7/site-packages/airflow/example_dags/example_kubernetes_executor.py
[2024-08-12T09:58:43.293+0000] {processor.py:640} INFO - Processing file /home/airflow/.local/lib/python3.7/site-packages/airflow/example_dags/example_kubernetes_executor.py for tasks to queue
[2024-08-12T09:58:43.294+0000] {logging_mixin.py:115} INFO - [2024-08-12T09:58:43.294+0000] {dagbag.py:508} INFO - Filling up the DagBag from /home/airflow/.local/lib/python3.7/site-packages/airflow/example_dags/example_kubernetes_executor.py
[2024-08-12T09:58:43.313+0000] {processor.py:650} INFO - DAG(s) dict_keys(['example_kubernetes_executor']) retrieved from /home/airflow/.local/lib/python3.7/site-packages/airflow/example_dags/example_kubernetes_executor.py
[2024-08-12T09:58:43.335+0000] {logging_mixin.py:115} INFO - [2024-08-12T09:58:43.335+0000] {dag.py:2429} INFO - Sync 1 DAGs
[2024-08-12T09:58:43.355+0000] {logging_mixin.py:115} INFO - [2024-08-12T09:58:43.355+0000] {dag.py:2981} INFO - Setting next_dagrun for example_kubernetes_executor to None, run_after=None
[2024-08-12T09:58:43.365+0000] {processor.py:161} INFO - Processing /home/airflow/.local/lib/python3.7/site-packages/airflow/example_dags/example_kubernetes_executor.py took 0.075 seconds
[2024-08-12T09:59:14.212+0000] {processor.py:153} INFO - Started process (PID=305) to work on /home/airflow/.local/lib/python3.7/site-packages/airflow/example_dags/example_kubernetes_executor.py
[2024-08-12T09:59:14.213+0000] {processor.py:640} INFO - Processing file /home/airflow/.local/lib/python3.7/site-packages/airflow/example_dags/example_kubernetes_executor.py for tasks to queue
[2024-08-12T09:59:14.213+0000] {logging_mixin.py:115} INFO - [2024-08-12T09:59:14.213+0000] {dagbag.py:508} INFO - Filling up the DagBag from /home/airflow/.local/lib/python3.7/site-packages/airflow/example_dags/example_kubernetes_executor.py
[2024-08-12T09:59:14.232+0000] {processor.py:650} INFO - DAG(s) dict_keys(['example_kubernetes_executor']) retrieved from /home/airflow/.local/lib/python3.7/site-packages/airflow/example_dags/example_kubernetes_executor.py
[2024-08-12T09:59:14.255+0000] {logging_mixin.py:115} INFO - [2024-08-12T09:59:14.255+0000] {dag.py:2429} INFO - Sync 1 DAGs
[2024-08-12T09:59:14.276+0000] {logging_mixin.py:115} INFO - [2024-08-12T09:59:14.276+0000] {dag.py:2981} INFO - Setting next_dagrun for example_kubernetes_executor to None, run_after=None
[2024-08-12T09:59:14.288+0000] {processor.py:161} INFO - Processing /home/airflow/.local/lib/python3.7/site-packages/airflow/example_dags/example_kubernetes_executor.py took 0.079 seconds
[2024-08-12T09:59:44.340+0000] {processor.py:153} INFO - Started process (PID=357) to work on /home/airflow/.local/lib/python3.7/site-packages/airflow/example_dags/example_kubernetes_executor.py
[2024-08-12T09:59:44.341+0000] {processor.py:640} INFO - Processing file /home/airflow/.local/lib/python3.7/site-packages/airflow/example_dags/example_kubernetes_executor.py for tasks to queue
[2024-08-12T09:59:44.342+0000] {logging_mixin.py:115} INFO - [2024-08-12T09:59:44.342+0000] {dagbag.py:508} INFO - Filling up the DagBag from /home/airflow/.local/lib/python3.7/site-packages/airflow/example_dags/example_kubernetes_executor.py
[2024-08-12T09:59:44.362+0000] {processor.py:650} INFO - DAG(s) dict_keys(['example_kubernetes_executor']) retrieved from /home/airflow/.local/lib/python3.7/site-packages/airflow/example_dags/example_kubernetes_executor.py
[2024-08-12T09:59:44.384+0000] {logging_mixin.py:115} INFO - [2024-08-12T09:59:44.383+0000] {dag.py:2429} INFO - Sync 1 DAGs
[2024-08-12T09:59:44.402+0000] {logging_mixin.py:115} INFO - [2024-08-12T09:59:44.402+0000] {dag.py:2981} INFO - Setting next_dagrun for example_kubernetes_executor to None, run_after=None
[2024-08-12T09:59:44.412+0000] {processor.py:161} INFO - Processing /home/airflow/.local/lib/python3.7/site-packages/airflow/example_dags/example_kubernetes_executor.py took 0.075 seconds
[2024-08-12T10:00:15.366+0000] {processor.py:153} INFO - Started process (PID=421) to work on /home/airflow/.local/lib/python3.7/site-packages/airflow/example_dags/example_kubernetes_executor.py
[2024-08-12T10:00:15.367+0000] {processor.py:640} INFO - Processing file /home/airflow/.local/lib/python3.7/site-packages/airflow/example_dags/example_kubernetes_executor.py for tasks to queue
[2024-08-12T10:00:15.368+0000] {logging_mixin.py:115} INFO - [2024-08-12T10:00:15.367+0000] {dagbag.py:508} INFO - Filling up the DagBag from /home/airflow/.local/lib/python3.7/site-packages/airflow/example_dags/example_kubernetes_executor.py
[2024-08-12T10:00:15.386+0000] {processor.py:650} INFO - DAG(s) dict_keys(['example_kubernetes_executor']) retrieved from /home/airflow/.local/lib/python3.7/site-packages/airflow/example_dags/example_kubernetes_executor.py
[2024-08-12T10:00:15.409+0000] {logging_mixin.py:115} INFO - [2024-08-12T10:00:15.409+0000] {dag.py:2429} INFO - Sync 1 DAGs
[2024-08-12T10:00:15.428+0000] {logging_mixin.py:115} INFO - [2024-08-12T10:00:15.428+0000] {dag.py:2981} INFO - Setting next_dagrun for example_kubernetes_executor to None, run_after=None
[2024-08-12T10:00:15.438+0000] {processor.py:161} INFO - Processing /home/airflow/.local/lib/python3.7/site-packages/airflow/example_dags/example_kubernetes_executor.py took 0.074 seconds
[2024-08-12T10:00:46.095+0000] {processor.py:153} INFO - Started process (PID=484) to work on /home/airflow/.local/lib/python3.7/site-packages/airflow/example_dags/example_kubernetes_executor.py
[2024-08-12T10:00:46.096+0000] {processor.py:640} INFO - Processing file /home/airflow/.local/lib/python3.7/site-packages/airflow/example_dags/example_kubernetes_executor.py for tasks to queue
[2024-08-12T10:00:46.096+0000] {logging_mixin.py:115} INFO - [2024-08-12T10:00:46.096+0000] {dagbag.py:508} INFO - Filling up the DagBag from /home/airflow/.local/lib/python3.7/site-packages/airflow/example_dags/example_kubernetes_executor.py
[2024-08-12T10:00:46.114+0000] {processor.py:650} INFO - DAG(s) dict_keys(['example_kubernetes_executor']) retrieved from /home/airflow/.local/lib/python3.7/site-packages/airflow/example_dags/example_kubernetes_executor.py
[2024-08-12T10:00:46.136+0000] {logging_mixin.py:115} INFO - [2024-08-12T10:00:46.136+0000] {dag.py:2429} INFO - Sync 1 DAGs
[2024-08-12T10:00:46.155+0000] {logging_mixin.py:115} INFO - [2024-08-12T10:00:46.155+0000] {dag.py:2981} INFO - Setting next_dagrun for example_kubernetes_executor to None, run_after=None
[2024-08-12T10:00:46.164+0000] {processor.py:161} INFO - Processing /home/airflow/.local/lib/python3.7/site-packages/airflow/example_dags/example_kubernetes_executor.py took 0.072 seconds
[2024-08-12T10:01:16.929+0000] {processor.py:153} INFO - Started process (PID=538) to work on /home/airflow/.local/lib/python3.7/site-packages/airflow/example_dags/example_kubernetes_executor.py
[2024-08-12T10:01:16.929+0000] {processor.py:640} INFO - Processing file /home/airflow/.local/lib/python3.7/site-packages/airflow/example_dags/example_kubernetes_executor.py for tasks to queue
[2024-08-12T10:01:16.930+0000] {logging_mixin.py:115} INFO - [2024-08-12T10:01:16.930+0000] {dagbag.py:508} INFO - Filling up the DagBag from /home/airflow/.local/lib/python3.7/site-packages/airflow/example_dags/example_kubernetes_executor.py
[2024-08-12T10:01:16.948+0000] {processor.py:650} INFO - DAG(s) dict_keys(['example_kubernetes_executor']) retrieved from /home/airflow/.local/lib/python3.7/site-packages/airflow/example_dags/example_kubernetes_executor.py
[2024-08-12T10:01:16.969+0000] {logging_mixin.py:115} INFO - [2024-08-12T10:01:16.969+0000] {dag.py:2429} INFO - Sync 1 DAGs
[2024-08-12T10:01:16.987+0000] {logging_mixin.py:115} INFO - [2024-08-12T10:01:16.987+0000] {dag.py:2981} INFO - Setting next_dagrun for example_kubernetes_executor to None, run_after=None
[2024-08-12T10:01:16.997+0000] {processor.py:161} INFO - Processing /home/airflow/.local/lib/python3.7/site-packages/airflow/example_dags/example_kubernetes_executor.py took 0.070 seconds
[2024-08-12T10:01:47.774+0000] {processor.py:153} INFO - Started process (PID=601) to work on /home/airflow/.local/lib/python3.7/site-packages/airflow/example_dags/example_kubernetes_executor.py
[2024-08-12T10:01:47.774+0000] {processor.py:640} INFO - Processing file /home/airflow/.local/lib/python3.7/site-packages/airflow/example_dags/example_kubernetes_executor.py for tasks to queue
[2024-08-12T10:01:47.775+0000] {logging_mixin.py:115} INFO - [2024-08-12T10:01:47.775+0000] {dagbag.py:508} INFO - Filling up the DagBag from /home/airflow/.local/lib/python3.7/site-packages/airflow/example_dags/example_kubernetes_executor.py
[2024-08-12T10:01:47.794+0000] {processor.py:650} INFO - DAG(s) dict_keys(['example_kubernetes_executor']) retrieved from /home/airflow/.local/lib/python3.7/site-packages/airflow/example_dags/example_kubernetes_executor.py
[2024-08-12T10:01:47.821+0000] {logging_mixin.py:115} INFO - [2024-08-12T10:01:47.821+0000] {dag.py:2429} INFO - Sync 1 DAGs
[2024-08-12T10:01:47.846+0000] {logging_mixin.py:115} INFO - [2024-08-12T10:01:47.845+0000] {dag.py:2981} INFO - Setting next_dagrun for example_kubernetes_executor to None, run_after=None
[2024-08-12T10:01:47.856+0000] {processor.py:161} INFO - Processing /home/airflow/.local/lib/python3.7/site-packages/airflow/example_dags/example_kubernetes_executor.py took 0.085 seconds
[2024-08-12T10:02:18.517+0000] {processor.py:153} INFO - Started process (PID=664) to work on /home/airflow/.local/lib/python3.7/site-packages/airflow/example_dags/example_kubernetes_executor.py
[2024-08-12T10:02:18.518+0000] {processor.py:640} INFO - Processing file /home/airflow/.local/lib/python3.7/site-packages/airflow/example_dags/example_kubernetes_executor.py for tasks to queue
[2024-08-12T10:02:18.518+0000] {logging_mixin.py:115} INFO - [2024-08-12T10:02:18.518+0000] {dagbag.py:508} INFO - Filling up the DagBag from /home/airflow/.local/lib/python3.7/site-packages/airflow/example_dags/example_kubernetes_executor.py
[2024-08-12T10:02:18.537+0000] {processor.py:650} INFO - DAG(s) dict_keys(['example_kubernetes_executor']) retrieved from /home/airflow/.local/lib/python3.7/site-packages/airflow/example_dags/example_kubernetes_executor.py
[2024-08-12T10:02:18.558+0000] {logging_mixin.py:115} INFO - [2024-08-12T10:02:18.558+0000] {dag.py:2429} INFO - Sync 1 DAGs
[2024-08-12T10:02:18.577+0000] {logging_mixin.py:115} INFO - [2024-08-12T10:02:18.577+0000] {dag.py:2981} INFO - Setting next_dagrun for example_kubernetes_executor to None, run_after=None
[2024-08-12T10:02:18.587+0000] {processor.py:161} INFO - Processing /home/airflow/.local/lib/python3.7/site-packages/airflow/example_dags/example_kubernetes_executor.py took 0.073 seconds
[2024-08-12T10:02:49.353+0000] {processor.py:153} INFO - Started process (PID=727) to work on /home/airflow/.local/lib/python3.7/site-packages/airflow/example_dags/example_kubernetes_executor.py
[2024-08-12T10:02:49.354+0000] {processor.py:640} INFO - Processing file /home/airflow/.local/lib/python3.7/site-packages/airflow/example_dags/example_kubernetes_executor.py for tasks to queue
[2024-08-12T10:02:49.355+0000] {logging_mixin.py:115} INFO - [2024-08-12T10:02:49.355+0000] {dagbag.py:508} INFO - Filling up the DagBag from /home/airflow/.local/lib/python3.7/site-packages/airflow/example_dags/example_kubernetes_executor.py
[2024-08-12T10:02:49.372+0000] {processor.py:650} INFO - DAG(s) dict_keys(['example_kubernetes_executor']) retrieved from /home/airflow/.local/lib/python3.7/site-packages/airflow/example_dags/example_kubernetes_executor.py
[2024-08-12T10:02:49.394+0000] {logging_mixin.py:115} INFO - [2024-08-12T10:02:49.394+0000] {dag.py:2429} INFO - Sync 1 DAGs
[2024-08-12T10:02:49.412+0000] {logging_mixin.py:115} INFO - [2024-08-12T10:02:49.412+0000] {dag.py:2981} INFO - Setting next_dagrun for example_kubernetes_executor to None, run_after=None
[2024-08-12T10:02:49.423+0000] {processor.py:161} INFO - Processing /home/airflow/.local/lib/python3.7/site-packages/airflow/example_dags/example_kubernetes_executor.py took 0.072 seconds
[2024-08-12T10:03:20.188+0000] {processor.py:153} INFO - Started process (PID=781) to work on /home/airflow/.local/lib/python3.7/site-packages/airflow/example_dags/example_kubernetes_executor.py
[2024-08-12T10:03:20.188+0000] {processor.py:640} INFO - Processing file /home/airflow/.local/lib/python3.7/site-packages/airflow/example_dags/example_kubernetes_executor.py for tasks to queue
[2024-08-12T10:03:20.189+0000] {logging_mixin.py:115} INFO - [2024-08-12T10:03:20.189+0000] {dagbag.py:508} INFO - Filling up the DagBag from /home/airflow/.local/lib/python3.7/site-packages/airflow/example_dags/example_kubernetes_executor.py
[2024-08-12T10:03:20.207+0000] {processor.py:650} INFO - DAG(s) dict_keys(['example_kubernetes_executor']) retrieved from /home/airflow/.local/lib/python3.7/site-packages/airflow/example_dags/example_kubernetes_executor.py
[2024-08-12T10:03:20.229+0000] {logging_mixin.py:115} INFO - [2024-08-12T10:03:20.229+0000] {dag.py:2429} INFO - Sync 1 DAGs
[2024-08-12T10:03:20.247+0000] {logging_mixin.py:115} INFO - [2024-08-12T10:03:20.247+0000] {dag.py:2981} INFO - Setting next_dagrun for example_kubernetes_executor to None, run_after=None
[2024-08-12T10:03:20.257+0000] {processor.py:161} INFO - Processing /home/airflow/.local/lib/python3.7/site-packages/airflow/example_dags/example_kubernetes_executor.py took 0.072 seconds
[2024-08-12T10:03:51.050+0000] {processor.py:153} INFO - Started process (PID=844) to work on /home/airflow/.local/lib/python3.7/site-packages/airflow/example_dags/example_kubernetes_executor.py
[2024-08-12T10:03:51.051+0000] {processor.py:640} INFO - Processing file /home/airflow/.local/lib/python3.7/site-packages/airflow/example_dags/example_kubernetes_executor.py for tasks to queue
[2024-08-12T10:03:51.051+0000] {logging_mixin.py:115} INFO - [2024-08-12T10:03:51.051+0000] {dagbag.py:508} INFO - Filling up the DagBag from /home/airflow/.local/lib/python3.7/site-packages/airflow/example_dags/example_kubernetes_executor.py
[2024-08-12T10:03:51.070+0000] {processor.py:650} INFO - DAG(s) dict_keys(['example_kubernetes_executor']) retrieved from /home/airflow/.local/lib/python3.7/site-packages/airflow/example_dags/example_kubernetes_executor.py
[2024-08-12T10:03:51.092+0000] {logging_mixin.py:115} INFO - [2024-08-12T10:03:51.092+0000] {dag.py:2429} INFO - Sync 1 DAGs
[2024-08-12T10:03:51.112+0000] {logging_mixin.py:115} INFO - [2024-08-12T10:03:51.111+0000] {dag.py:2981} INFO - Setting next_dagrun for example_kubernetes_executor to None, run_after=None
[2024-08-12T10:03:51.122+0000] {processor.py:161} INFO - Processing /home/airflow/.local/lib/python3.7/site-packages/airflow/example_dags/example_kubernetes_executor.py took 0.074 seconds
[2024-08-12T10:04:21.970+0000] {processor.py:153} INFO - Started process (PID=907) to work on /home/airflow/.local/lib/python3.7/site-packages/airflow/example_dags/example_kubernetes_executor.py
[2024-08-12T10:04:21.970+0000] {processor.py:640} INFO - Processing file /home/airflow/.local/lib/python3.7/site-packages/airflow/example_dags/example_kubernetes_executor.py for tasks to queue
[2024-08-12T10:04:21.971+0000] {logging_mixin.py:115} INFO - [2024-08-12T10:04:21.971+0000] {dagbag.py:508} INFO - Filling up the DagBag from /home/airflow/.local/lib/python3.7/site-packages/airflow/example_dags/example_kubernetes_executor.py
[2024-08-12T10:04:21.991+0000] {processor.py:650} INFO - DAG(s) dict_keys(['example_kubernetes_executor']) retrieved from /home/airflow/.local/lib/python3.7/site-packages/airflow/example_dags/example_kubernetes_executor.py
[2024-08-12T10:04:22.014+0000] {logging_mixin.py:115} INFO - [2024-08-12T10:04:22.013+0000] {dag.py:2429} INFO - Sync 1 DAGs
[2024-08-12T10:04:22.032+0000] {logging_mixin.py:115} INFO - [2024-08-12T10:04:22.032+0000] {dag.py:2981} INFO - Setting next_dagrun for example_kubernetes_executor to None, run_after=None
[2024-08-12T10:04:22.042+0000] {processor.py:161} INFO - Processing /home/airflow/.local/lib/python3.7/site-packages/airflow/example_dags/example_kubernetes_executor.py took 0.075 seconds
[2024-08-12T10:04:52.776+0000] {processor.py:153} INFO - Started process (PID=970) to work on /home/airflow/.local/lib/python3.7/site-packages/airflow/example_dags/example_kubernetes_executor.py
[2024-08-12T10:04:52.776+0000] {processor.py:640} INFO - Processing file /home/airflow/.local/lib/python3.7/site-packages/airflow/example_dags/example_kubernetes_executor.py for tasks to queue
[2024-08-12T10:04:52.777+0000] {logging_mixin.py:115} INFO - [2024-08-12T10:04:52.777+0000] {dagbag.py:508} INFO - Filling up the DagBag from /home/airflow/.local/lib/python3.7/site-packages/airflow/example_dags/example_kubernetes_executor.py
[2024-08-12T10:04:52.795+0000] {processor.py:650} INFO - DAG(s) dict_keys(['example_kubernetes_executor']) retrieved from /home/airflow/.local/lib/python3.7/site-packages/airflow/example_dags/example_kubernetes_executor.py
[2024-08-12T10:04:52.817+0000] {logging_mixin.py:115} INFO - [2024-08-12T10:04:52.817+0000] {dag.py:2429} INFO - Sync 1 DAGs
[2024-08-12T10:04:52.836+0000] {logging_mixin.py:115} INFO - [2024-08-12T10:04:52.836+0000] {dag.py:2981} INFO - Setting next_dagrun for example_kubernetes_executor to None, run_after=None
[2024-08-12T10:04:52.847+0000] {processor.py:161} INFO - Processing /home/airflow/.local/lib/python3.7/site-packages/airflow/example_dags/example_kubernetes_executor.py took 0.074 seconds
[2024-08-12T10:05:23.632+0000] {processor.py:153} INFO - Started process (PID=1024) to work on /home/airflow/.local/lib/python3.7/site-packages/airflow/example_dags/example_kubernetes_executor.py
[2024-08-12T10:05:23.633+0000] {processor.py:640} INFO - Processing file /home/airflow/.local/lib/python3.7/site-packages/airflow/example_dags/example_kubernetes_executor.py for tasks to queue
[2024-08-12T10:05:23.633+0000] {logging_mixin.py:115} INFO - [2024-08-12T10:05:23.633+0000] {dagbag.py:508} INFO - Filling up the DagBag from /home/airflow/.local/lib/python3.7/site-packages/airflow/example_dags/example_kubernetes_executor.py
[2024-08-12T10:05:23.651+0000] {processor.py:650} INFO - DAG(s) dict_keys(['example_kubernetes_executor']) retrieved from /home/airflow/.local/lib/python3.7/site-packages/airflow/example_dags/example_kubernetes_executor.py
[2024-08-12T10:05:23.675+0000] {logging_mixin.py:115} INFO - [2024-08-12T10:05:23.675+0000] {dag.py:2429} INFO - Sync 1 DAGs
[2024-08-12T10:05:23.695+0000] {logging_mixin.py:115} INFO - [2024-08-12T10:05:23.695+0000] {dag.py:2981} INFO - Setting next_dagrun for example_kubernetes_executor to None, run_after=None
[2024-08-12T10:05:23.705+0000] {processor.py:161} INFO - Processing /home/airflow/.local/lib/python3.7/site-packages/airflow/example_dags/example_kubernetes_executor.py took 0.076 seconds
[2024-08-12T10:05:54.516+0000] {processor.py:153} INFO - Started process (PID=1087) to work on /home/airflow/.local/lib/python3.7/site-packages/airflow/example_dags/example_kubernetes_executor.py
[2024-08-12T10:05:54.516+0000] {processor.py:640} INFO - Processing file /home/airflow/.local/lib/python3.7/site-packages/airflow/example_dags/example_kubernetes_executor.py for tasks to queue
[2024-08-12T10:05:54.517+0000] {logging_mixin.py:115} INFO - [2024-08-12T10:05:54.517+0000] {dagbag.py:508} INFO - Filling up the DagBag from /home/airflow/.local/lib/python3.7/site-packages/airflow/example_dags/example_kubernetes_executor.py
[2024-08-12T10:05:54.535+0000] {processor.py:650} INFO - DAG(s) dict_keys(['example_kubernetes_executor']) retrieved from /home/airflow/.local/lib/python3.7/site-packages/airflow/example_dags/example_kubernetes_executor.py
[2024-08-12T10:05:54.556+0000] {logging_mixin.py:115} INFO - [2024-08-12T10:05:54.556+0000] {dag.py:2429} INFO - Sync 1 DAGs
[2024-08-12T10:05:54.574+0000] {logging_mixin.py:115} INFO - [2024-08-12T10:05:54.574+0000] {dag.py:2981} INFO - Setting next_dagrun for example_kubernetes_executor to None, run_after=None
[2024-08-12T10:05:54.584+0000] {processor.py:161} INFO - Processing /home/airflow/.local/lib/python3.7/site-packages/airflow/example_dags/example_kubernetes_executor.py took 0.070 seconds
[2024-08-12T10:06:25.246+0000] {processor.py:153} INFO - Started process (PID=1150) to work on /home/airflow/.local/lib/python3.7/site-packages/airflow/example_dags/example_kubernetes_executor.py
[2024-08-12T10:06:25.247+0000] {processor.py:640} INFO - Processing file /home/airflow/.local/lib/python3.7/site-packages/airflow/example_dags/example_kubernetes_executor.py for tasks to queue
[2024-08-12T10:06:25.248+0000] {logging_mixin.py:115} INFO - [2024-08-12T10:06:25.248+0000] {dagbag.py:508} INFO - Filling up the DagBag from /home/airflow/.local/lib/python3.7/site-packages/airflow/example_dags/example_kubernetes_executor.py
[2024-08-12T10:06:25.265+0000] {processor.py:650} INFO - DAG(s) dict_keys(['example_kubernetes_executor']) retrieved from /home/airflow/.local/lib/python3.7/site-packages/airflow/example_dags/example_kubernetes_executor.py
[2024-08-12T10:06:25.287+0000] {logging_mixin.py:115} INFO - [2024-08-12T10:06:25.287+0000] {dag.py:2429} INFO - Sync 1 DAGs
[2024-08-12T10:06:25.306+0000] {logging_mixin.py:115} INFO - [2024-08-12T10:06:25.306+0000] {dag.py:2981} INFO - Setting next_dagrun for example_kubernetes_executor to None, run_after=None
[2024-08-12T10:06:25.316+0000] {processor.py:161} INFO - Processing /home/airflow/.local/lib/python3.7/site-packages/airflow/example_dags/example_kubernetes_executor.py took 0.071 seconds
[2024-08-12T10:06:56.147+0000] {processor.py:153} INFO - Started process (PID=1213) to work on /home/airflow/.local/lib/python3.7/site-packages/airflow/example_dags/example_kubernetes_executor.py
[2024-08-12T10:06:56.148+0000] {processor.py:640} INFO - Processing file /home/airflow/.local/lib/python3.7/site-packages/airflow/example_dags/example_kubernetes_executor.py for tasks to queue
[2024-08-12T10:06:56.149+0000] {logging_mixin.py:115} INFO - [2024-08-12T10:06:56.149+0000] {dagbag.py:508} INFO - Filling up the DagBag from /home/airflow/.local/lib/python3.7/site-packages/airflow/example_dags/example_kubernetes_executor.py
[2024-08-12T10:06:56.167+0000] {processor.py:650} INFO - DAG(s) dict_keys(['example_kubernetes_executor']) retrieved from /home/airflow/.local/lib/python3.7/site-packages/airflow/example_dags/example_kubernetes_executor.py
[2024-08-12T10:06:56.193+0000] {logging_mixin.py:115} INFO - [2024-08-12T10:06:56.192+0000] {dag.py:2429} INFO - Sync 1 DAGs
[2024-08-12T10:06:56.213+0000] {logging_mixin.py:115} INFO - [2024-08-12T10:06:56.213+0000] {dag.py:2981} INFO - Setting next_dagrun for example_kubernetes_executor to None, run_after=None
[2024-08-12T10:06:56.224+0000] {processor.py:161} INFO - Processing /home/airflow/.local/lib/python3.7/site-packages/airflow/example_dags/example_kubernetes_executor.py took 0.079 seconds
[2024-08-12T10:07:26.246+0000] {processor.py:153} INFO - Started process (PID=1266) to work on /home/airflow/.local/lib/python3.7/site-packages/airflow/example_dags/example_kubernetes_executor.py
[2024-08-12T10:07:26.247+0000] {processor.py:640} INFO - Processing file /home/airflow/.local/lib/python3.7/site-packages/airflow/example_dags/example_kubernetes_executor.py for tasks to queue
[2024-08-12T10:07:26.248+0000] {logging_mixin.py:115} INFO - [2024-08-12T10:07:26.248+0000] {dagbag.py:508} INFO - Filling up the DagBag from /home/airflow/.local/lib/python3.7/site-packages/airflow/example_dags/example_kubernetes_executor.py
[2024-08-12T10:07:26.267+0000] {processor.py:650} INFO - DAG(s) dict_keys(['example_kubernetes_executor']) retrieved from /home/airflow/.local/lib/python3.7/site-packages/airflow/example_dags/example_kubernetes_executor.py
[2024-08-12T10:07:26.289+0000] {logging_mixin.py:115} INFO - [2024-08-12T10:07:26.289+0000] {dag.py:2429} INFO - Sync 1 DAGs
[2024-08-12T10:07:26.308+0000] {logging_mixin.py:115} INFO - [2024-08-12T10:07:26.308+0000] {dag.py:2981} INFO - Setting next_dagrun for example_kubernetes_executor to None, run_after=None
[2024-08-12T10:07:26.319+0000] {processor.py:161} INFO - Processing /home/airflow/.local/lib/python3.7/site-packages/airflow/example_dags/example_kubernetes_executor.py took 0.075 seconds
[2024-08-12T10:07:56.496+0000] {processor.py:153} INFO - Started process (PID=1329) to work on /home/airflow/.local/lib/python3.7/site-packages/airflow/example_dags/example_kubernetes_executor.py
[2024-08-12T10:07:56.497+0000] {processor.py:640} INFO - Processing file /home/airflow/.local/lib/python3.7/site-packages/airflow/example_dags/example_kubernetes_executor.py for tasks to queue
[2024-08-12T10:07:56.497+0000] {logging_mixin.py:115} INFO - [2024-08-12T10:07:56.497+0000] {dagbag.py:508} INFO - Filling up the DagBag from /home/airflow/.local/lib/python3.7/site-packages/airflow/example_dags/example_kubernetes_executor.py
[2024-08-12T10:07:56.516+0000] {processor.py:650} INFO - DAG(s) dict_keys(['example_kubernetes_executor']) retrieved from /home/airflow/.local/lib/python3.7/site-packages/airflow/example_dags/example_kubernetes_executor.py
[2024-08-12T10:07:56.537+0000] {logging_mixin.py:115} INFO - [2024-08-12T10:07:56.537+0000] {dag.py:2429} INFO - Sync 1 DAGs
[2024-08-12T10:07:56.557+0000] {logging_mixin.py:115} INFO - [2024-08-12T10:07:56.557+0000] {dag.py:2981} INFO - Setting next_dagrun for example_kubernetes_executor to None, run_after=None
[2024-08-12T10:07:56.567+0000] {processor.py:161} INFO - Processing /home/airflow/.local/lib/python3.7/site-packages/airflow/example_dags/example_kubernetes_executor.py took 0.074 seconds
[2024-08-12T10:08:27.273+0000] {processor.py:153} INFO - Started process (PID=1392) to work on /home/airflow/.local/lib/python3.7/site-packages/airflow/example_dags/example_kubernetes_executor.py
[2024-08-12T10:08:27.274+0000] {processor.py:640} INFO - Processing file /home/airflow/.local/lib/python3.7/site-packages/airflow/example_dags/example_kubernetes_executor.py for tasks to queue
[2024-08-12T10:08:27.274+0000] {logging_mixin.py:115} INFO - [2024-08-12T10:08:27.274+0000] {dagbag.py:508} INFO - Filling up the DagBag from /home/airflow/.local/lib/python3.7/site-packages/airflow/example_dags/example_kubernetes_executor.py
[2024-08-12T10:08:27.293+0000] {processor.py:650} INFO - DAG(s) dict_keys(['example_kubernetes_executor']) retrieved from /home/airflow/.local/lib/python3.7/site-packages/airflow/example_dags/example_kubernetes_executor.py
[2024-08-12T10:08:27.313+0000] {logging_mixin.py:115} INFO - [2024-08-12T10:08:27.313+0000] {dag.py:2429} INFO - Sync 1 DAGs
[2024-08-12T10:08:27.331+0000] {logging_mixin.py:115} INFO - [2024-08-12T10:08:27.331+0000] {dag.py:2981} INFO - Setting next_dagrun for example_kubernetes_executor to None, run_after=None
[2024-08-12T10:08:27.341+0000] {processor.py:161} INFO - Processing /home/airflow/.local/lib/python3.7/site-packages/airflow/example_dags/example_kubernetes_executor.py took 0.070 seconds
[2024-08-12T10:08:58.035+0000] {processor.py:153} INFO - Started process (PID=1455) to work on /home/airflow/.local/lib/python3.7/site-packages/airflow/example_dags/example_kubernetes_executor.py
[2024-08-12T10:08:58.036+0000] {processor.py:640} INFO - Processing file /home/airflow/.local/lib/python3.7/site-packages/airflow/example_dags/example_kubernetes_executor.py for tasks to queue
[2024-08-12T10:08:58.037+0000] {logging_mixin.py:115} INFO - [2024-08-12T10:08:58.036+0000] {dagbag.py:508} INFO - Filling up the DagBag from /home/airflow/.local/lib/python3.7/site-packages/airflow/example_dags/example_kubernetes_executor.py
[2024-08-12T10:08:58.056+0000] {processor.py:650} INFO - DAG(s) dict_keys(['example_kubernetes_executor']) retrieved from /home/airflow/.local/lib/python3.7/site-packages/airflow/example_dags/example_kubernetes_executor.py
[2024-08-12T10:08:58.077+0000] {logging_mixin.py:115} INFO - [2024-08-12T10:08:58.077+0000] {dag.py:2429} INFO - Sync 1 DAGs
[2024-08-12T10:08:58.097+0000] {logging_mixin.py:115} INFO - [2024-08-12T10:08:58.096+0000] {dag.py:2981} INFO - Setting next_dagrun for example_kubernetes_executor to None, run_after=None
[2024-08-12T10:08:58.107+0000] {processor.py:161} INFO - Processing /home/airflow/.local/lib/python3.7/site-packages/airflow/example_dags/example_kubernetes_executor.py took 0.075 seconds
[2024-08-12T10:09:28.764+0000] {processor.py:153} INFO - Started process (PID=1509) to work on /home/airflow/.local/lib/python3.7/site-packages/airflow/example_dags/example_kubernetes_executor.py
[2024-08-12T10:09:28.765+0000] {processor.py:640} INFO - Processing file /home/airflow/.local/lib/python3.7/site-packages/airflow/example_dags/example_kubernetes_executor.py for tasks to queue
[2024-08-12T10:09:28.765+0000] {logging_mixin.py:115} INFO - [2024-08-12T10:09:28.765+0000] {dagbag.py:508} INFO - Filling up the DagBag from /home/airflow/.local/lib/python3.7/site-packages/airflow/example_dags/example_kubernetes_executor.py
[2024-08-12T10:09:28.783+0000] {processor.py:650} INFO - DAG(s) dict_keys(['example_kubernetes_executor']) retrieved from /home/airflow/.local/lib/python3.7/site-packages/airflow/example_dags/example_kubernetes_executor.py
[2024-08-12T10:09:28.806+0000] {logging_mixin.py:115} INFO - [2024-08-12T10:09:28.806+0000] {dag.py:2429} INFO - Sync 1 DAGs
[2024-08-12T10:09:28.824+0000] {logging_mixin.py:115} INFO - [2024-08-12T10:09:28.824+0000] {dag.py:2981} INFO - Setting next_dagrun for example_kubernetes_executor to None, run_after=None
[2024-08-12T10:09:28.836+0000] {processor.py:161} INFO - Processing /home/airflow/.local/lib/python3.7/site-packages/airflow/example_dags/example_kubernetes_executor.py took 0.075 seconds
[2024-08-12T10:09:59.475+0000] {processor.py:153} INFO - Started process (PID=1572) to work on /home/airflow/.local/lib/python3.7/site-packages/airflow/example_dags/example_kubernetes_executor.py
[2024-08-12T10:09:59.475+0000] {processor.py:640} INFO - Processing file /home/airflow/.local/lib/python3.7/site-packages/airflow/example_dags/example_kubernetes_executor.py for tasks to queue
[2024-08-12T10:09:59.476+0000] {logging_mixin.py:115} INFO - [2024-08-12T10:09:59.476+0000] {dagbag.py:508} INFO - Filling up the DagBag from /home/airflow/.local/lib/python3.7/site-packages/airflow/example_dags/example_kubernetes_executor.py
[2024-08-12T10:09:59.495+0000] {processor.py:650} INFO - DAG(s) dict_keys(['example_kubernetes_executor']) retrieved from /home/airflow/.local/lib/python3.7/site-packages/airflow/example_dags/example_kubernetes_executor.py
[2024-08-12T10:09:59.515+0000] {logging_mixin.py:115} INFO - [2024-08-12T10:09:59.515+0000] {dag.py:2429} INFO - Sync 1 DAGs
[2024-08-12T10:09:59.535+0000] {logging_mixin.py:115} INFO - [2024-08-12T10:09:59.534+0000] {dag.py:2981} INFO - Setting next_dagrun for example_kubernetes_executor to None, run_after=None
[2024-08-12T10:09:59.545+0000] {processor.py:161} INFO - Processing /home/airflow/.local/lib/python3.7/site-packages/airflow/example_dags/example_kubernetes_executor.py took 0.072 seconds
[2024-08-12T10:10:30.315+0000] {processor.py:153} INFO - Started process (PID=1635) to work on /home/airflow/.local/lib/python3.7/site-packages/airflow/example_dags/example_kubernetes_executor.py
[2024-08-12T10:10:30.317+0000] {processor.py:640} INFO - Processing file /home/airflow/.local/lib/python3.7/site-packages/airflow/example_dags/example_kubernetes_executor.py for tasks to queue
[2024-08-12T10:10:30.317+0000] {logging_mixin.py:115} INFO - [2024-08-12T10:10:30.317+0000] {dagbag.py:508} INFO - Filling up the DagBag from /home/airflow/.local/lib/python3.7/site-packages/airflow/example_dags/example_kubernetes_executor.py
[2024-08-12T10:10:30.337+0000] {processor.py:650} INFO - DAG(s) dict_keys(['example_kubernetes_executor']) retrieved from /home/airflow/.local/lib/python3.7/site-packages/airflow/example_dags/example_kubernetes_executor.py
[2024-08-12T10:10:30.358+0000] {logging_mixin.py:115} INFO - [2024-08-12T10:10:30.357+0000] {dag.py:2429} INFO - Sync 1 DAGs
[2024-08-12T10:10:30.375+0000] {logging_mixin.py:115} INFO - [2024-08-12T10:10:30.375+0000] {dag.py:2981} INFO - Setting next_dagrun for example_kubernetes_executor to None, run_after=None
[2024-08-12T10:10:30.385+0000] {processor.py:161} INFO - Processing /home/airflow/.local/lib/python3.7/site-packages/airflow/example_dags/example_kubernetes_executor.py took 0.072 seconds
[2024-08-12T10:11:01.013+0000] {processor.py:153} INFO - Started process (PID=1698) to work on /home/airflow/.local/lib/python3.7/site-packages/airflow/example_dags/example_kubernetes_executor.py
[2024-08-12T10:11:01.014+0000] {processor.py:640} INFO - Processing file /home/airflow/.local/lib/python3.7/site-packages/airflow/example_dags/example_kubernetes_executor.py for tasks to queue
[2024-08-12T10:11:01.014+0000] {logging_mixin.py:115} INFO - [2024-08-12T10:11:01.014+0000] {dagbag.py:508} INFO - Filling up the DagBag from /home/airflow/.local/lib/python3.7/site-packages/airflow/example_dags/example_kubernetes_executor.py
[2024-08-12T10:11:01.033+0000] {processor.py:650} INFO - DAG(s) dict_keys(['example_kubernetes_executor']) retrieved from /home/airflow/.local/lib/python3.7/site-packages/airflow/example_dags/example_kubernetes_executor.py
[2024-08-12T10:11:01.057+0000] {logging_mixin.py:115} INFO - [2024-08-12T10:11:01.057+0000] {dag.py:2429} INFO - Sync 1 DAGs
[2024-08-12T10:11:01.078+0000] {logging_mixin.py:115} INFO - [2024-08-12T10:11:01.078+0000] {dag.py:2981} INFO - Setting next_dagrun for example_kubernetes_executor to None, run_after=None
[2024-08-12T10:11:01.093+0000] {processor.py:161} INFO - Processing /home/airflow/.local/lib/python3.7/site-packages/airflow/example_dags/example_kubernetes_executor.py took 0.083 seconds
[2024-08-12T10:11:31.842+0000] {processor.py:153} INFO - Started process (PID=1752) to work on /home/airflow/.local/lib/python3.7/site-packages/airflow/example_dags/example_kubernetes_executor.py
[2024-08-12T10:11:31.842+0000] {processor.py:640} INFO - Processing file /home/airflow/.local/lib/python3.7/site-packages/airflow/example_dags/example_kubernetes_executor.py for tasks to queue
[2024-08-12T10:11:31.843+0000] {logging_mixin.py:115} INFO - [2024-08-12T10:11:31.843+0000] {dagbag.py:508} INFO - Filling up the DagBag from /home/airflow/.local/lib/python3.7/site-packages/airflow/example_dags/example_kubernetes_executor.py
[2024-08-12T10:11:31.862+0000] {processor.py:650} INFO - DAG(s) dict_keys(['example_kubernetes_executor']) retrieved from /home/airflow/.local/lib/python3.7/site-packages/airflow/example_dags/example_kubernetes_executor.py
[2024-08-12T10:11:31.882+0000] {logging_mixin.py:115} INFO - [2024-08-12T10:11:31.882+0000] {dag.py:2429} INFO - Sync 1 DAGs
[2024-08-12T10:11:31.900+0000] {logging_mixin.py:115} INFO - [2024-08-12T10:11:31.900+0000] {dag.py:2981} INFO - Setting next_dagrun for example_kubernetes_executor to None, run_after=None
[2024-08-12T10:11:31.911+0000] {processor.py:161} INFO - Processing /home/airflow/.local/lib/python3.7/site-packages/airflow/example_dags/example_kubernetes_executor.py took 0.071 seconds
[2024-08-12T10:12:02.570+0000] {processor.py:153} INFO - Started process (PID=1815) to work on /home/airflow/.local/lib/python3.7/site-packages/airflow/example_dags/example_kubernetes_executor.py
[2024-08-12T10:12:02.571+0000] {processor.py:640} INFO - Processing file /home/airflow/.local/lib/python3.7/site-packages/airflow/example_dags/example_kubernetes_executor.py for tasks to queue
[2024-08-12T10:12:02.571+0000] {logging_mixin.py:115} INFO - [2024-08-12T10:12:02.571+0000] {dagbag.py:508} INFO - Filling up the DagBag from /home/airflow/.local/lib/python3.7/site-packages/airflow/example_dags/example_kubernetes_executor.py
[2024-08-12T10:12:02.590+0000] {processor.py:650} INFO - DAG(s) dict_keys(['example_kubernetes_executor']) retrieved from /home/airflow/.local/lib/python3.7/site-packages/airflow/example_dags/example_kubernetes_executor.py
[2024-08-12T10:12:02.609+0000] {logging_mixin.py:115} INFO - [2024-08-12T10:12:02.609+0000] {dag.py:2429} INFO - Sync 1 DAGs
[2024-08-12T10:12:02.626+0000] {logging_mixin.py:115} INFO - [2024-08-12T10:12:02.626+0000] {dag.py:2981} INFO - Setting next_dagrun for example_kubernetes_executor to None, run_after=None
[2024-08-12T10:12:02.637+0000] {processor.py:161} INFO - Processing /home/airflow/.local/lib/python3.7/site-packages/airflow/example_dags/example_kubernetes_executor.py took 0.069 seconds
[2024-08-12T10:12:33.372+0000] {processor.py:153} INFO - Started process (PID=1878) to work on /home/airflow/.local/lib/python3.7/site-packages/airflow/example_dags/example_kubernetes_executor.py
[2024-08-12T10:12:33.373+0000] {processor.py:640} INFO - Processing file /home/airflow/.local/lib/python3.7/site-packages/airflow/example_dags/example_kubernetes_executor.py for tasks to queue
[2024-08-12T10:12:33.373+0000] {logging_mixin.py:115} INFO - [2024-08-12T10:12:33.373+0000] {dagbag.py:508} INFO - Filling up the DagBag from /home/airflow/.local/lib/python3.7/site-packages/airflow/example_dags/example_kubernetes_executor.py
[2024-08-12T10:12:33.391+0000] {processor.py:650} INFO - DAG(s) dict_keys(['example_kubernetes_executor']) retrieved from /home/airflow/.local/lib/python3.7/site-packages/airflow/example_dags/example_kubernetes_executor.py
[2024-08-12T10:12:33.410+0000] {logging_mixin.py:115} INFO - [2024-08-12T10:12:33.410+0000] {dag.py:2429} INFO - Sync 1 DAGs
[2024-08-12T10:12:33.429+0000] {logging_mixin.py:115} INFO - [2024-08-12T10:12:33.429+0000] {dag.py:2981} INFO - Setting next_dagrun for example_kubernetes_executor to None, run_after=None
[2024-08-12T10:12:33.438+0000] {processor.py:161} INFO - Processing /home/airflow/.local/lib/python3.7/site-packages/airflow/example_dags/example_kubernetes_executor.py took 0.069 seconds
[2024-08-12T10:13:04.323+0000] {processor.py:153} INFO - Started process (PID=1941) to work on /home/airflow/.local/lib/python3.7/site-packages/airflow/example_dags/example_kubernetes_executor.py
[2024-08-12T10:13:04.323+0000] {processor.py:640} INFO - Processing file /home/airflow/.local/lib/python3.7/site-packages/airflow/example_dags/example_kubernetes_executor.py for tasks to queue
[2024-08-12T10:13:04.324+0000] {logging_mixin.py:115} INFO - [2024-08-12T10:13:04.324+0000] {dagbag.py:508} INFO - Filling up the DagBag from /home/airflow/.local/lib/python3.7/site-packages/airflow/example_dags/example_kubernetes_executor.py
[2024-08-12T10:13:04.343+0000] {processor.py:650} INFO - DAG(s) dict_keys(['example_kubernetes_executor']) retrieved from /home/airflow/.local/lib/python3.7/site-packages/airflow/example_dags/example_kubernetes_executor.py
[2024-08-12T10:13:04.364+0000] {logging_mixin.py:115} INFO - [2024-08-12T10:13:04.364+0000] {dag.py:2429} INFO - Sync 1 DAGs
[2024-08-12T10:13:04.382+0000] {logging_mixin.py:115} INFO - [2024-08-12T10:13:04.382+0000] {dag.py:2981} INFO - Setting next_dagrun for example_kubernetes_executor to None, run_after=None
[2024-08-12T10:13:04.394+0000] {processor.py:161} INFO - Processing /home/airflow/.local/lib/python3.7/site-packages/airflow/example_dags/example_kubernetes_executor.py took 0.073 seconds
[2024-08-12T10:13:35.154+0000] {processor.py:153} INFO - Started process (PID=1995) to work on /home/airflow/.local/lib/python3.7/site-packages/airflow/example_dags/example_kubernetes_executor.py
[2024-08-12T10:13:35.155+0000] {processor.py:640} INFO - Processing file /home/airflow/.local/lib/python3.7/site-packages/airflow/example_dags/example_kubernetes_executor.py for tasks to queue
[2024-08-12T10:13:35.155+0000] {logging_mixin.py:115} INFO - [2024-08-12T10:13:35.155+0000] {dagbag.py:508} INFO - Filling up the DagBag from /home/airflow/.local/lib/python3.7/site-packages/airflow/example_dags/example_kubernetes_executor.py
[2024-08-12T10:13:35.174+0000] {processor.py:650} INFO - DAG(s) dict_keys(['example_kubernetes_executor']) retrieved from /home/airflow/.local/lib/python3.7/site-packages/airflow/example_dags/example_kubernetes_executor.py
[2024-08-12T10:13:35.195+0000] {logging_mixin.py:115} INFO - [2024-08-12T10:13:35.195+0000] {dag.py:2429} INFO - Sync 1 DAGs
[2024-08-12T10:13:35.213+0000] {logging_mixin.py:115} INFO - [2024-08-12T10:13:35.213+0000] {dag.py:2981} INFO - Setting next_dagrun for example_kubernetes_executor to None, run_after=None
[2024-08-12T10:13:35.224+0000] {processor.py:161} INFO - Processing /home/airflow/.local/lib/python3.7/site-packages/airflow/example_dags/example_kubernetes_executor.py took 0.073 seconds
[2024-08-12T10:14:05.842+0000] {processor.py:153} INFO - Started process (PID=2058) to work on /home/airflow/.local/lib/python3.7/site-packages/airflow/example_dags/example_kubernetes_executor.py
[2024-08-12T10:14:05.843+0000] {processor.py:640} INFO - Processing file /home/airflow/.local/lib/python3.7/site-packages/airflow/example_dags/example_kubernetes_executor.py for tasks to queue
[2024-08-12T10:14:05.843+0000] {logging_mixin.py:115} INFO - [2024-08-12T10:14:05.843+0000] {dagbag.py:508} INFO - Filling up the DagBag from /home/airflow/.local/lib/python3.7/site-packages/airflow/example_dags/example_kubernetes_executor.py
[2024-08-12T10:14:05.863+0000] {processor.py:650} INFO - DAG(s) dict_keys(['example_kubernetes_executor']) retrieved from /home/airflow/.local/lib/python3.7/site-packages/airflow/example_dags/example_kubernetes_executor.py
[2024-08-12T10:14:05.893+0000] {logging_mixin.py:115} INFO - [2024-08-12T10:14:05.892+0000] {dag.py:2429} INFO - Sync 1 DAGs
[2024-08-12T10:14:05.913+0000] {logging_mixin.py:115} INFO - [2024-08-12T10:14:05.913+0000] {dag.py:2981} INFO - Setting next_dagrun for example_kubernetes_executor to None, run_after=None
[2024-08-12T10:14:05.925+0000] {processor.py:161} INFO - Processing /home/airflow/.local/lib/python3.7/site-packages/airflow/example_dags/example_kubernetes_executor.py took 0.085 seconds
