[2024-08-12T08:27:06.663+0000] {processor.py:153} INFO - Started process (PID=65) to work on /home/airflow/.local/lib/python3.7/site-packages/airflow/example_dags/tutorial_taskflow_api_etl_virtualenv.py
[2024-08-12T08:27:06.664+0000] {processor.py:640} INFO - Processing file /home/airflow/.local/lib/python3.7/site-packages/airflow/example_dags/tutorial_taskflow_api_etl_virtualenv.py for tasks to queue
[2024-08-12T08:27:06.664+0000] {logging_mixin.py:115} INFO - [2024-08-12T08:27:06.664+0000] {dagbag.py:508} INFO - Filling up the DagBag from /home/airflow/.local/lib/python3.7/site-packages/airflow/example_dags/tutorial_taskflow_api_etl_virtualenv.py
[2024-08-12T08:27:06.699+0000] {processor.py:650} INFO - DAG(s) dict_keys(['tutorial_taskflow_api_etl_virtualenv']) retrieved from /home/airflow/.local/lib/python3.7/site-packages/airflow/example_dags/tutorial_taskflow_api_etl_virtualenv.py
[2024-08-12T08:27:06.844+0000] {logging_mixin.py:115} INFO - [2024-08-12T08:27:06.844+0000] {manager.py:508} INFO - Created Permission View: can edit on DAG:tutorial_taskflow_api_etl_virtualenv
[2024-08-12T08:27:06.856+0000] {logging_mixin.py:115} INFO - [2024-08-12T08:27:06.856+0000] {manager.py:508} INFO - Created Permission View: can read on DAG:tutorial_taskflow_api_etl_virtualenv
[2024-08-12T08:27:06.865+0000] {logging_mixin.py:115} INFO - [2024-08-12T08:27:06.865+0000] {manager.py:508} INFO - Created Permission View: can delete on DAG:tutorial_taskflow_api_etl_virtualenv
[2024-08-12T08:27:06.866+0000] {logging_mixin.py:115} INFO - [2024-08-12T08:27:06.866+0000] {dag.py:2429} INFO - Sync 1 DAGs
[2024-08-12T08:27:06.877+0000] {logging_mixin.py:115} INFO - [2024-08-12T08:27:06.877+0000] {dag.py:2448} INFO - Creating ORM DAG for tutorial_taskflow_api_etl_virtualenv
[2024-08-12T08:27:06.892+0000] {logging_mixin.py:115} INFO - [2024-08-12T08:27:06.892+0000] {dag.py:2981} INFO - Setting next_dagrun for tutorial_taskflow_api_etl_virtualenv to None, run_after=None
[2024-08-12T08:27:06.910+0000] {processor.py:161} INFO - Processing /home/airflow/.local/lib/python3.7/site-packages/airflow/example_dags/tutorial_taskflow_api_etl_virtualenv.py took 0.250 seconds
[2024-08-12T08:27:37.877+0000] {processor.py:153} INFO - Started process (PID=117) to work on /home/airflow/.local/lib/python3.7/site-packages/airflow/example_dags/tutorial_taskflow_api_etl_virtualenv.py
[2024-08-12T08:27:37.878+0000] {processor.py:640} INFO - Processing file /home/airflow/.local/lib/python3.7/site-packages/airflow/example_dags/tutorial_taskflow_api_etl_virtualenv.py for tasks to queue
[2024-08-12T08:27:37.879+0000] {logging_mixin.py:115} INFO - [2024-08-12T08:27:37.879+0000] {dagbag.py:508} INFO - Filling up the DagBag from /home/airflow/.local/lib/python3.7/site-packages/airflow/example_dags/tutorial_taskflow_api_etl_virtualenv.py
[2024-08-12T08:27:37.891+0000] {processor.py:650} INFO - DAG(s) dict_keys(['tutorial_taskflow_api_etl_virtualenv']) retrieved from /home/airflow/.local/lib/python3.7/site-packages/airflow/example_dags/tutorial_taskflow_api_etl_virtualenv.py
[2024-08-12T08:27:37.943+0000] {logging_mixin.py:115} INFO - [2024-08-12T08:27:37.943+0000] {dag.py:2429} INFO - Sync 1 DAGs
[2024-08-12T08:27:37.957+0000] {logging_mixin.py:115} INFO - [2024-08-12T08:27:37.957+0000] {dag.py:2981} INFO - Setting next_dagrun for tutorial_taskflow_api_etl_virtualenv to None, run_after=None
[2024-08-12T08:27:37.969+0000] {processor.py:161} INFO - Processing /home/airflow/.local/lib/python3.7/site-packages/airflow/example_dags/tutorial_taskflow_api_etl_virtualenv.py took 0.094 seconds
[2024-08-12T08:28:08.581+0000] {processor.py:153} INFO - Started process (PID=178) to work on /home/airflow/.local/lib/python3.7/site-packages/airflow/example_dags/tutorial_taskflow_api_etl_virtualenv.py
[2024-08-12T08:28:08.581+0000] {processor.py:640} INFO - Processing file /home/airflow/.local/lib/python3.7/site-packages/airflow/example_dags/tutorial_taskflow_api_etl_virtualenv.py for tasks to queue
[2024-08-12T08:28:08.582+0000] {logging_mixin.py:115} INFO - [2024-08-12T08:28:08.582+0000] {dagbag.py:508} INFO - Filling up the DagBag from /home/airflow/.local/lib/python3.7/site-packages/airflow/example_dags/tutorial_taskflow_api_etl_virtualenv.py
[2024-08-12T08:28:08.595+0000] {processor.py:650} INFO - DAG(s) dict_keys(['tutorial_taskflow_api_etl_virtualenv']) retrieved from /home/airflow/.local/lib/python3.7/site-packages/airflow/example_dags/tutorial_taskflow_api_etl_virtualenv.py
[2024-08-12T08:28:08.644+0000] {logging_mixin.py:115} INFO - [2024-08-12T08:28:08.644+0000] {dag.py:2429} INFO - Sync 1 DAGs
[2024-08-12T08:28:08.659+0000] {logging_mixin.py:115} INFO - [2024-08-12T08:28:08.659+0000] {dag.py:2981} INFO - Setting next_dagrun for tutorial_taskflow_api_etl_virtualenv to None, run_after=None
[2024-08-12T08:28:08.672+0000] {processor.py:161} INFO - Processing /home/airflow/.local/lib/python3.7/site-packages/airflow/example_dags/tutorial_taskflow_api_etl_virtualenv.py took 0.094 seconds
[2024-08-12T09:57:11.184+0000] {processor.py:153} INFO - Started process (PID=67) to work on /home/airflow/.local/lib/python3.7/site-packages/airflow/example_dags/tutorial_taskflow_api_etl_virtualenv.py
[2024-08-12T09:57:11.185+0000] {processor.py:640} INFO - Processing file /home/airflow/.local/lib/python3.7/site-packages/airflow/example_dags/tutorial_taskflow_api_etl_virtualenv.py for tasks to queue
[2024-08-12T09:57:11.186+0000] {logging_mixin.py:115} INFO - [2024-08-12T09:57:11.186+0000] {dagbag.py:508} INFO - Filling up the DagBag from /home/airflow/.local/lib/python3.7/site-packages/airflow/example_dags/tutorial_taskflow_api_etl_virtualenv.py
[2024-08-12T09:57:11.212+0000] {processor.py:650} INFO - DAG(s) dict_keys(['tutorial_taskflow_api_etl_virtualenv']) retrieved from /home/airflow/.local/lib/python3.7/site-packages/airflow/example_dags/tutorial_taskflow_api_etl_virtualenv.py
[2024-08-12T09:57:11.276+0000] {logging_mixin.py:115} INFO - [2024-08-12T09:57:11.276+0000] {dag.py:2429} INFO - Sync 1 DAGs
[2024-08-12T09:57:11.295+0000] {logging_mixin.py:115} INFO - [2024-08-12T09:57:11.295+0000] {dag.py:2981} INFO - Setting next_dagrun for tutorial_taskflow_api_etl_virtualenv to None, run_after=None
[2024-08-12T09:57:11.311+0000] {processor.py:161} INFO - Processing /home/airflow/.local/lib/python3.7/site-packages/airflow/example_dags/tutorial_taskflow_api_etl_virtualenv.py took 0.129 seconds
[2024-08-12T09:57:41.898+0000] {processor.py:153} INFO - Started process (PID=121) to work on /home/airflow/.local/lib/python3.7/site-packages/airflow/example_dags/tutorial_taskflow_api_etl_virtualenv.py
[2024-08-12T09:57:41.899+0000] {processor.py:640} INFO - Processing file /home/airflow/.local/lib/python3.7/site-packages/airflow/example_dags/tutorial_taskflow_api_etl_virtualenv.py for tasks to queue
[2024-08-12T09:57:41.899+0000] {logging_mixin.py:115} INFO - [2024-08-12T09:57:41.899+0000] {dagbag.py:508} INFO - Filling up the DagBag from /home/airflow/.local/lib/python3.7/site-packages/airflow/example_dags/tutorial_taskflow_api_etl_virtualenv.py
[2024-08-12T09:57:41.913+0000] {processor.py:650} INFO - DAG(s) dict_keys(['tutorial_taskflow_api_etl_virtualenv']) retrieved from /home/airflow/.local/lib/python3.7/site-packages/airflow/example_dags/tutorial_taskflow_api_etl_virtualenv.py
[2024-08-12T09:57:41.936+0000] {logging_mixin.py:115} INFO - [2024-08-12T09:57:41.936+0000] {dag.py:2429} INFO - Sync 1 DAGs
[2024-08-12T09:57:41.955+0000] {logging_mixin.py:115} INFO - [2024-08-12T09:57:41.955+0000] {dag.py:2981} INFO - Setting next_dagrun for tutorial_taskflow_api_etl_virtualenv to None, run_after=None
[2024-08-12T09:57:41.965+0000] {processor.py:161} INFO - Processing /home/airflow/.local/lib/python3.7/site-packages/airflow/example_dags/tutorial_taskflow_api_etl_virtualenv.py took 0.070 seconds
[2024-08-12T09:58:12.802+0000] {processor.py:153} INFO - Started process (PID=184) to work on /home/airflow/.local/lib/python3.7/site-packages/airflow/example_dags/tutorial_taskflow_api_etl_virtualenv.py
[2024-08-12T09:58:12.803+0000] {processor.py:640} INFO - Processing file /home/airflow/.local/lib/python3.7/site-packages/airflow/example_dags/tutorial_taskflow_api_etl_virtualenv.py for tasks to queue
[2024-08-12T09:58:12.804+0000] {logging_mixin.py:115} INFO - [2024-08-12T09:58:12.804+0000] {dagbag.py:508} INFO - Filling up the DagBag from /home/airflow/.local/lib/python3.7/site-packages/airflow/example_dags/tutorial_taskflow_api_etl_virtualenv.py
[2024-08-12T09:58:12.817+0000] {processor.py:650} INFO - DAG(s) dict_keys(['tutorial_taskflow_api_etl_virtualenv']) retrieved from /home/airflow/.local/lib/python3.7/site-packages/airflow/example_dags/tutorial_taskflow_api_etl_virtualenv.py
[2024-08-12T09:58:12.870+0000] {logging_mixin.py:115} INFO - [2024-08-12T09:58:12.870+0000] {dag.py:2429} INFO - Sync 1 DAGs
[2024-08-12T09:58:12.886+0000] {logging_mixin.py:115} INFO - [2024-08-12T09:58:12.886+0000] {dag.py:2981} INFO - Setting next_dagrun for tutorial_taskflow_api_etl_virtualenv to None, run_after=None
[2024-08-12T09:58:12.898+0000] {processor.py:161} INFO - Processing /home/airflow/.local/lib/python3.7/site-packages/airflow/example_dags/tutorial_taskflow_api_etl_virtualenv.py took 0.098 seconds
[2024-08-12T09:58:43.707+0000] {processor.py:153} INFO - Started process (PID=247) to work on /home/airflow/.local/lib/python3.7/site-packages/airflow/example_dags/tutorial_taskflow_api_etl_virtualenv.py
[2024-08-12T09:58:43.708+0000] {processor.py:640} INFO - Processing file /home/airflow/.local/lib/python3.7/site-packages/airflow/example_dags/tutorial_taskflow_api_etl_virtualenv.py for tasks to queue
[2024-08-12T09:58:43.709+0000] {logging_mixin.py:115} INFO - [2024-08-12T09:58:43.708+0000] {dagbag.py:508} INFO - Filling up the DagBag from /home/airflow/.local/lib/python3.7/site-packages/airflow/example_dags/tutorial_taskflow_api_etl_virtualenv.py
[2024-08-12T09:58:43.727+0000] {processor.py:650} INFO - DAG(s) dict_keys(['tutorial_taskflow_api_etl_virtualenv']) retrieved from /home/airflow/.local/lib/python3.7/site-packages/airflow/example_dags/tutorial_taskflow_api_etl_virtualenv.py
[2024-08-12T09:58:43.795+0000] {logging_mixin.py:115} INFO - [2024-08-12T09:58:43.795+0000] {dag.py:2429} INFO - Sync 1 DAGs
[2024-08-12T09:58:43.813+0000] {logging_mixin.py:115} INFO - [2024-08-12T09:58:43.813+0000] {dag.py:2981} INFO - Setting next_dagrun for tutorial_taskflow_api_etl_virtualenv to None, run_after=None
[2024-08-12T09:58:43.826+0000] {processor.py:161} INFO - Processing /home/airflow/.local/lib/python3.7/site-packages/airflow/example_dags/tutorial_taskflow_api_etl_virtualenv.py took 0.123 seconds
[2024-08-12T09:59:14.584+0000] {processor.py:153} INFO - Started process (PID=310) to work on /home/airflow/.local/lib/python3.7/site-packages/airflow/example_dags/tutorial_taskflow_api_etl_virtualenv.py
[2024-08-12T09:59:14.585+0000] {processor.py:640} INFO - Processing file /home/airflow/.local/lib/python3.7/site-packages/airflow/example_dags/tutorial_taskflow_api_etl_virtualenv.py for tasks to queue
[2024-08-12T09:59:14.586+0000] {logging_mixin.py:115} INFO - [2024-08-12T09:59:14.586+0000] {dagbag.py:508} INFO - Filling up the DagBag from /home/airflow/.local/lib/python3.7/site-packages/airflow/example_dags/tutorial_taskflow_api_etl_virtualenv.py
[2024-08-12T09:59:14.599+0000] {processor.py:650} INFO - DAG(s) dict_keys(['tutorial_taskflow_api_etl_virtualenv']) retrieved from /home/airflow/.local/lib/python3.7/site-packages/airflow/example_dags/tutorial_taskflow_api_etl_virtualenv.py
[2024-08-12T09:59:14.653+0000] {logging_mixin.py:115} INFO - [2024-08-12T09:59:14.653+0000] {dag.py:2429} INFO - Sync 1 DAGs
[2024-08-12T09:59:14.669+0000] {logging_mixin.py:115} INFO - [2024-08-12T09:59:14.669+0000] {dag.py:2981} INFO - Setting next_dagrun for tutorial_taskflow_api_etl_virtualenv to None, run_after=None
[2024-08-12T09:59:14.681+0000] {processor.py:161} INFO - Processing /home/airflow/.local/lib/python3.7/site-packages/airflow/example_dags/tutorial_taskflow_api_etl_virtualenv.py took 0.099 seconds
[2024-08-12T09:59:44.793+0000] {processor.py:153} INFO - Started process (PID=364) to work on /home/airflow/.local/lib/python3.7/site-packages/airflow/example_dags/tutorial_taskflow_api_etl_virtualenv.py
[2024-08-12T09:59:44.794+0000] {processor.py:640} INFO - Processing file /home/airflow/.local/lib/python3.7/site-packages/airflow/example_dags/tutorial_taskflow_api_etl_virtualenv.py for tasks to queue
[2024-08-12T09:59:44.795+0000] {logging_mixin.py:115} INFO - [2024-08-12T09:59:44.795+0000] {dagbag.py:508} INFO - Filling up the DagBag from /home/airflow/.local/lib/python3.7/site-packages/airflow/example_dags/tutorial_taskflow_api_etl_virtualenv.py
[2024-08-12T09:59:44.809+0000] {processor.py:650} INFO - DAG(s) dict_keys(['tutorial_taskflow_api_etl_virtualenv']) retrieved from /home/airflow/.local/lib/python3.7/site-packages/airflow/example_dags/tutorial_taskflow_api_etl_virtualenv.py
[2024-08-12T09:59:44.830+0000] {logging_mixin.py:115} INFO - [2024-08-12T09:59:44.830+0000] {dag.py:2429} INFO - Sync 1 DAGs
[2024-08-12T09:59:44.850+0000] {logging_mixin.py:115} INFO - [2024-08-12T09:59:44.850+0000] {dag.py:2981} INFO - Setting next_dagrun for tutorial_taskflow_api_etl_virtualenv to None, run_after=None
[2024-08-12T09:59:44.861+0000] {processor.py:161} INFO - Processing /home/airflow/.local/lib/python3.7/site-packages/airflow/example_dags/tutorial_taskflow_api_etl_virtualenv.py took 0.070 seconds
[2024-08-12T10:00:15.786+0000] {processor.py:153} INFO - Started process (PID=427) to work on /home/airflow/.local/lib/python3.7/site-packages/airflow/example_dags/tutorial_taskflow_api_etl_virtualenv.py
[2024-08-12T10:00:15.787+0000] {processor.py:640} INFO - Processing file /home/airflow/.local/lib/python3.7/site-packages/airflow/example_dags/tutorial_taskflow_api_etl_virtualenv.py for tasks to queue
[2024-08-12T10:00:15.788+0000] {logging_mixin.py:115} INFO - [2024-08-12T10:00:15.788+0000] {dagbag.py:508} INFO - Filling up the DagBag from /home/airflow/.local/lib/python3.7/site-packages/airflow/example_dags/tutorial_taskflow_api_etl_virtualenv.py
[2024-08-12T10:00:15.801+0000] {processor.py:650} INFO - DAG(s) dict_keys(['tutorial_taskflow_api_etl_virtualenv']) retrieved from /home/airflow/.local/lib/python3.7/site-packages/airflow/example_dags/tutorial_taskflow_api_etl_virtualenv.py
[2024-08-12T10:00:15.821+0000] {logging_mixin.py:115} INFO - [2024-08-12T10:00:15.821+0000] {dag.py:2429} INFO - Sync 1 DAGs
[2024-08-12T10:00:15.840+0000] {logging_mixin.py:115} INFO - [2024-08-12T10:00:15.840+0000] {dag.py:2981} INFO - Setting next_dagrun for tutorial_taskflow_api_etl_virtualenv to None, run_after=None
[2024-08-12T10:00:15.850+0000] {processor.py:161} INFO - Processing /home/airflow/.local/lib/python3.7/site-packages/airflow/example_dags/tutorial_taskflow_api_etl_virtualenv.py took 0.066 seconds
[2024-08-12T10:00:46.526+0000] {processor.py:153} INFO - Started process (PID=490) to work on /home/airflow/.local/lib/python3.7/site-packages/airflow/example_dags/tutorial_taskflow_api_etl_virtualenv.py
[2024-08-12T10:00:46.527+0000] {processor.py:640} INFO - Processing file /home/airflow/.local/lib/python3.7/site-packages/airflow/example_dags/tutorial_taskflow_api_etl_virtualenv.py for tasks to queue
[2024-08-12T10:00:46.527+0000] {logging_mixin.py:115} INFO - [2024-08-12T10:00:46.527+0000] {dagbag.py:508} INFO - Filling up the DagBag from /home/airflow/.local/lib/python3.7/site-packages/airflow/example_dags/tutorial_taskflow_api_etl_virtualenv.py
[2024-08-12T10:00:46.540+0000] {processor.py:650} INFO - DAG(s) dict_keys(['tutorial_taskflow_api_etl_virtualenv']) retrieved from /home/airflow/.local/lib/python3.7/site-packages/airflow/example_dags/tutorial_taskflow_api_etl_virtualenv.py
[2024-08-12T10:00:46.592+0000] {logging_mixin.py:115} INFO - [2024-08-12T10:00:46.592+0000] {dag.py:2429} INFO - Sync 1 DAGs
[2024-08-12T10:00:46.609+0000] {logging_mixin.py:115} INFO - [2024-08-12T10:00:46.608+0000] {dag.py:2981} INFO - Setting next_dagrun for tutorial_taskflow_api_etl_virtualenv to None, run_after=None
[2024-08-12T10:00:46.620+0000] {processor.py:161} INFO - Processing /home/airflow/.local/lib/python3.7/site-packages/airflow/example_dags/tutorial_taskflow_api_etl_virtualenv.py took 0.097 seconds
[2024-08-12T10:01:17.371+0000] {processor.py:153} INFO - Started process (PID=551) to work on /home/airflow/.local/lib/python3.7/site-packages/airflow/example_dags/tutorial_taskflow_api_etl_virtualenv.py
[2024-08-12T10:01:17.372+0000] {processor.py:640} INFO - Processing file /home/airflow/.local/lib/python3.7/site-packages/airflow/example_dags/tutorial_taskflow_api_etl_virtualenv.py for tasks to queue
[2024-08-12T10:01:17.373+0000] {logging_mixin.py:115} INFO - [2024-08-12T10:01:17.372+0000] {dagbag.py:508} INFO - Filling up the DagBag from /home/airflow/.local/lib/python3.7/site-packages/airflow/example_dags/tutorial_taskflow_api_etl_virtualenv.py
[2024-08-12T10:01:17.386+0000] {processor.py:650} INFO - DAG(s) dict_keys(['tutorial_taskflow_api_etl_virtualenv']) retrieved from /home/airflow/.local/lib/python3.7/site-packages/airflow/example_dags/tutorial_taskflow_api_etl_virtualenv.py
[2024-08-12T10:01:17.407+0000] {logging_mixin.py:115} INFO - [2024-08-12T10:01:17.407+0000] {dag.py:2429} INFO - Sync 1 DAGs
[2024-08-12T10:01:17.430+0000] {logging_mixin.py:115} INFO - [2024-08-12T10:01:17.429+0000] {dag.py:2981} INFO - Setting next_dagrun for tutorial_taskflow_api_etl_virtualenv to None, run_after=None
[2024-08-12T10:01:17.440+0000] {processor.py:161} INFO - Processing /home/airflow/.local/lib/python3.7/site-packages/airflow/example_dags/tutorial_taskflow_api_etl_virtualenv.py took 0.072 seconds
[2024-08-12T10:01:48.205+0000] {processor.py:153} INFO - Started process (PID=607) to work on /home/airflow/.local/lib/python3.7/site-packages/airflow/example_dags/tutorial_taskflow_api_etl_virtualenv.py
[2024-08-12T10:01:48.206+0000] {processor.py:640} INFO - Processing file /home/airflow/.local/lib/python3.7/site-packages/airflow/example_dags/tutorial_taskflow_api_etl_virtualenv.py for tasks to queue
[2024-08-12T10:01:48.206+0000] {logging_mixin.py:115} INFO - [2024-08-12T10:01:48.206+0000] {dagbag.py:508} INFO - Filling up the DagBag from /home/airflow/.local/lib/python3.7/site-packages/airflow/example_dags/tutorial_taskflow_api_etl_virtualenv.py
[2024-08-12T10:01:48.219+0000] {processor.py:650} INFO - DAG(s) dict_keys(['tutorial_taskflow_api_etl_virtualenv']) retrieved from /home/airflow/.local/lib/python3.7/site-packages/airflow/example_dags/tutorial_taskflow_api_etl_virtualenv.py
[2024-08-12T10:01:48.238+0000] {logging_mixin.py:115} INFO - [2024-08-12T10:01:48.238+0000] {dag.py:2429} INFO - Sync 1 DAGs
[2024-08-12T10:01:48.256+0000] {logging_mixin.py:115} INFO - [2024-08-12T10:01:48.256+0000] {dag.py:2981} INFO - Setting next_dagrun for tutorial_taskflow_api_etl_virtualenv to None, run_after=None
[2024-08-12T10:01:48.266+0000] {processor.py:161} INFO - Processing /home/airflow/.local/lib/python3.7/site-packages/airflow/example_dags/tutorial_taskflow_api_etl_virtualenv.py took 0.064 seconds
[2024-08-12T10:02:18.947+0000] {processor.py:153} INFO - Started process (PID=670) to work on /home/airflow/.local/lib/python3.7/site-packages/airflow/example_dags/tutorial_taskflow_api_etl_virtualenv.py
[2024-08-12T10:02:18.948+0000] {processor.py:640} INFO - Processing file /home/airflow/.local/lib/python3.7/site-packages/airflow/example_dags/tutorial_taskflow_api_etl_virtualenv.py for tasks to queue
[2024-08-12T10:02:18.949+0000] {logging_mixin.py:115} INFO - [2024-08-12T10:02:18.949+0000] {dagbag.py:508} INFO - Filling up the DagBag from /home/airflow/.local/lib/python3.7/site-packages/airflow/example_dags/tutorial_taskflow_api_etl_virtualenv.py
[2024-08-12T10:02:18.963+0000] {processor.py:650} INFO - DAG(s) dict_keys(['tutorial_taskflow_api_etl_virtualenv']) retrieved from /home/airflow/.local/lib/python3.7/site-packages/airflow/example_dags/tutorial_taskflow_api_etl_virtualenv.py
[2024-08-12T10:02:19.021+0000] {logging_mixin.py:115} INFO - [2024-08-12T10:02:19.020+0000] {dag.py:2429} INFO - Sync 1 DAGs
[2024-08-12T10:02:19.036+0000] {logging_mixin.py:115} INFO - [2024-08-12T10:02:19.036+0000] {dag.py:2981} INFO - Setting next_dagrun for tutorial_taskflow_api_etl_virtualenv to None, run_after=None
[2024-08-12T10:02:19.048+0000] {processor.py:161} INFO - Processing /home/airflow/.local/lib/python3.7/site-packages/airflow/example_dags/tutorial_taskflow_api_etl_virtualenv.py took 0.103 seconds
[2024-08-12T10:02:49.747+0000] {processor.py:153} INFO - Started process (PID=733) to work on /home/airflow/.local/lib/python3.7/site-packages/airflow/example_dags/tutorial_taskflow_api_etl_virtualenv.py
[2024-08-12T10:02:49.748+0000] {processor.py:640} INFO - Processing file /home/airflow/.local/lib/python3.7/site-packages/airflow/example_dags/tutorial_taskflow_api_etl_virtualenv.py for tasks to queue
[2024-08-12T10:02:49.748+0000] {logging_mixin.py:115} INFO - [2024-08-12T10:02:49.748+0000] {dagbag.py:508} INFO - Filling up the DagBag from /home/airflow/.local/lib/python3.7/site-packages/airflow/example_dags/tutorial_taskflow_api_etl_virtualenv.py
[2024-08-12T10:02:49.761+0000] {processor.py:650} INFO - DAG(s) dict_keys(['tutorial_taskflow_api_etl_virtualenv']) retrieved from /home/airflow/.local/lib/python3.7/site-packages/airflow/example_dags/tutorial_taskflow_api_etl_virtualenv.py
[2024-08-12T10:02:49.815+0000] {logging_mixin.py:115} INFO - [2024-08-12T10:02:49.815+0000] {dag.py:2429} INFO - Sync 1 DAGs
[2024-08-12T10:02:49.833+0000] {logging_mixin.py:115} INFO - [2024-08-12T10:02:49.832+0000] {dag.py:2981} INFO - Setting next_dagrun for tutorial_taskflow_api_etl_virtualenv to None, run_after=None
[2024-08-12T10:02:49.844+0000] {processor.py:161} INFO - Processing /home/airflow/.local/lib/python3.7/site-packages/airflow/example_dags/tutorial_taskflow_api_etl_virtualenv.py took 0.099 seconds
[2024-08-12T10:03:20.618+0000] {processor.py:153} INFO - Started process (PID=787) to work on /home/airflow/.local/lib/python3.7/site-packages/airflow/example_dags/tutorial_taskflow_api_etl_virtualenv.py
[2024-08-12T10:03:20.619+0000] {processor.py:640} INFO - Processing file /home/airflow/.local/lib/python3.7/site-packages/airflow/example_dags/tutorial_taskflow_api_etl_virtualenv.py for tasks to queue
[2024-08-12T10:03:20.619+0000] {logging_mixin.py:115} INFO - [2024-08-12T10:03:20.619+0000] {dagbag.py:508} INFO - Filling up the DagBag from /home/airflow/.local/lib/python3.7/site-packages/airflow/example_dags/tutorial_taskflow_api_etl_virtualenv.py
[2024-08-12T10:03:20.632+0000] {processor.py:650} INFO - DAG(s) dict_keys(['tutorial_taskflow_api_etl_virtualenv']) retrieved from /home/airflow/.local/lib/python3.7/site-packages/airflow/example_dags/tutorial_taskflow_api_etl_virtualenv.py
[2024-08-12T10:03:20.652+0000] {logging_mixin.py:115} INFO - [2024-08-12T10:03:20.652+0000] {dag.py:2429} INFO - Sync 1 DAGs
[2024-08-12T10:03:20.671+0000] {logging_mixin.py:115} INFO - [2024-08-12T10:03:20.671+0000] {dag.py:2981} INFO - Setting next_dagrun for tutorial_taskflow_api_etl_virtualenv to None, run_after=None
[2024-08-12T10:03:20.681+0000] {processor.py:161} INFO - Processing /home/airflow/.local/lib/python3.7/site-packages/airflow/example_dags/tutorial_taskflow_api_etl_virtualenv.py took 0.066 seconds
[2024-08-12T10:03:51.481+0000] {processor.py:153} INFO - Started process (PID=850) to work on /home/airflow/.local/lib/python3.7/site-packages/airflow/example_dags/tutorial_taskflow_api_etl_virtualenv.py
[2024-08-12T10:03:51.482+0000] {processor.py:640} INFO - Processing file /home/airflow/.local/lib/python3.7/site-packages/airflow/example_dags/tutorial_taskflow_api_etl_virtualenv.py for tasks to queue
[2024-08-12T10:03:51.483+0000] {logging_mixin.py:115} INFO - [2024-08-12T10:03:51.483+0000] {dagbag.py:508} INFO - Filling up the DagBag from /home/airflow/.local/lib/python3.7/site-packages/airflow/example_dags/tutorial_taskflow_api_etl_virtualenv.py
[2024-08-12T10:03:51.496+0000] {processor.py:650} INFO - DAG(s) dict_keys(['tutorial_taskflow_api_etl_virtualenv']) retrieved from /home/airflow/.local/lib/python3.7/site-packages/airflow/example_dags/tutorial_taskflow_api_etl_virtualenv.py
[2024-08-12T10:03:51.517+0000] {logging_mixin.py:115} INFO - [2024-08-12T10:03:51.517+0000] {dag.py:2429} INFO - Sync 1 DAGs
[2024-08-12T10:03:51.537+0000] {logging_mixin.py:115} INFO - [2024-08-12T10:03:51.536+0000] {dag.py:2981} INFO - Setting next_dagrun for tutorial_taskflow_api_etl_virtualenv to None, run_after=None
[2024-08-12T10:03:51.546+0000] {processor.py:161} INFO - Processing /home/airflow/.local/lib/python3.7/site-packages/airflow/example_dags/tutorial_taskflow_api_etl_virtualenv.py took 0.067 seconds
[2024-08-12T10:04:22.397+0000] {processor.py:153} INFO - Started process (PID=913) to work on /home/airflow/.local/lib/python3.7/site-packages/airflow/example_dags/tutorial_taskflow_api_etl_virtualenv.py
[2024-08-12T10:04:22.398+0000] {processor.py:640} INFO - Processing file /home/airflow/.local/lib/python3.7/site-packages/airflow/example_dags/tutorial_taskflow_api_etl_virtualenv.py for tasks to queue
[2024-08-12T10:04:22.399+0000] {logging_mixin.py:115} INFO - [2024-08-12T10:04:22.398+0000] {dagbag.py:508} INFO - Filling up the DagBag from /home/airflow/.local/lib/python3.7/site-packages/airflow/example_dags/tutorial_taskflow_api_etl_virtualenv.py
[2024-08-12T10:04:22.411+0000] {processor.py:650} INFO - DAG(s) dict_keys(['tutorial_taskflow_api_etl_virtualenv']) retrieved from /home/airflow/.local/lib/python3.7/site-packages/airflow/example_dags/tutorial_taskflow_api_etl_virtualenv.py
[2024-08-12T10:04:22.464+0000] {logging_mixin.py:115} INFO - [2024-08-12T10:04:22.464+0000] {dag.py:2429} INFO - Sync 1 DAGs
[2024-08-12T10:04:22.478+0000] {logging_mixin.py:115} INFO - [2024-08-12T10:04:22.478+0000] {dag.py:2981} INFO - Setting next_dagrun for tutorial_taskflow_api_etl_virtualenv to None, run_after=None
[2024-08-12T10:04:22.489+0000] {processor.py:161} INFO - Processing /home/airflow/.local/lib/python3.7/site-packages/airflow/example_dags/tutorial_taskflow_api_etl_virtualenv.py took 0.095 seconds
[2024-08-12T10:04:53.165+0000] {processor.py:153} INFO - Started process (PID=976) to work on /home/airflow/.local/lib/python3.7/site-packages/airflow/example_dags/tutorial_taskflow_api_etl_virtualenv.py
[2024-08-12T10:04:53.166+0000] {processor.py:640} INFO - Processing file /home/airflow/.local/lib/python3.7/site-packages/airflow/example_dags/tutorial_taskflow_api_etl_virtualenv.py for tasks to queue
[2024-08-12T10:04:53.166+0000] {logging_mixin.py:115} INFO - [2024-08-12T10:04:53.166+0000] {dagbag.py:508} INFO - Filling up the DagBag from /home/airflow/.local/lib/python3.7/site-packages/airflow/example_dags/tutorial_taskflow_api_etl_virtualenv.py
[2024-08-12T10:04:53.179+0000] {processor.py:650} INFO - DAG(s) dict_keys(['tutorial_taskflow_api_etl_virtualenv']) retrieved from /home/airflow/.local/lib/python3.7/site-packages/airflow/example_dags/tutorial_taskflow_api_etl_virtualenv.py
[2024-08-12T10:04:53.232+0000] {logging_mixin.py:115} INFO - [2024-08-12T10:04:53.232+0000] {dag.py:2429} INFO - Sync 1 DAGs
[2024-08-12T10:04:53.248+0000] {logging_mixin.py:115} INFO - [2024-08-12T10:04:53.247+0000] {dag.py:2981} INFO - Setting next_dagrun for tutorial_taskflow_api_etl_virtualenv to None, run_after=None
[2024-08-12T10:04:53.259+0000] {processor.py:161} INFO - Processing /home/airflow/.local/lib/python3.7/site-packages/airflow/example_dags/tutorial_taskflow_api_etl_virtualenv.py took 0.096 seconds
[2024-08-12T10:05:24.031+0000] {processor.py:153} INFO - Started process (PID=1030) to work on /home/airflow/.local/lib/python3.7/site-packages/airflow/example_dags/tutorial_taskflow_api_etl_virtualenv.py
[2024-08-12T10:05:24.032+0000] {processor.py:640} INFO - Processing file /home/airflow/.local/lib/python3.7/site-packages/airflow/example_dags/tutorial_taskflow_api_etl_virtualenv.py for tasks to queue
[2024-08-12T10:05:24.033+0000] {logging_mixin.py:115} INFO - [2024-08-12T10:05:24.032+0000] {dagbag.py:508} INFO - Filling up the DagBag from /home/airflow/.local/lib/python3.7/site-packages/airflow/example_dags/tutorial_taskflow_api_etl_virtualenv.py
[2024-08-12T10:05:24.045+0000] {processor.py:650} INFO - DAG(s) dict_keys(['tutorial_taskflow_api_etl_virtualenv']) retrieved from /home/airflow/.local/lib/python3.7/site-packages/airflow/example_dags/tutorial_taskflow_api_etl_virtualenv.py
[2024-08-12T10:05:24.066+0000] {logging_mixin.py:115} INFO - [2024-08-12T10:05:24.066+0000] {dag.py:2429} INFO - Sync 1 DAGs
[2024-08-12T10:05:24.084+0000] {logging_mixin.py:115} INFO - [2024-08-12T10:05:24.084+0000] {dag.py:2981} INFO - Setting next_dagrun for tutorial_taskflow_api_etl_virtualenv to None, run_after=None
[2024-08-12T10:05:24.095+0000] {processor.py:161} INFO - Processing /home/airflow/.local/lib/python3.7/site-packages/airflow/example_dags/tutorial_taskflow_api_etl_virtualenv.py took 0.066 seconds
[2024-08-12T10:05:54.902+0000] {processor.py:153} INFO - Started process (PID=1093) to work on /home/airflow/.local/lib/python3.7/site-packages/airflow/example_dags/tutorial_taskflow_api_etl_virtualenv.py
[2024-08-12T10:05:54.903+0000] {processor.py:640} INFO - Processing file /home/airflow/.local/lib/python3.7/site-packages/airflow/example_dags/tutorial_taskflow_api_etl_virtualenv.py for tasks to queue
[2024-08-12T10:05:54.903+0000] {logging_mixin.py:115} INFO - [2024-08-12T10:05:54.903+0000] {dagbag.py:508} INFO - Filling up the DagBag from /home/airflow/.local/lib/python3.7/site-packages/airflow/example_dags/tutorial_taskflow_api_etl_virtualenv.py
[2024-08-12T10:05:54.917+0000] {processor.py:650} INFO - DAG(s) dict_keys(['tutorial_taskflow_api_etl_virtualenv']) retrieved from /home/airflow/.local/lib/python3.7/site-packages/airflow/example_dags/tutorial_taskflow_api_etl_virtualenv.py
[2024-08-12T10:05:54.938+0000] {logging_mixin.py:115} INFO - [2024-08-12T10:05:54.938+0000] {dag.py:2429} INFO - Sync 1 DAGs
[2024-08-12T10:05:54.957+0000] {logging_mixin.py:115} INFO - [2024-08-12T10:05:54.957+0000] {dag.py:2981} INFO - Setting next_dagrun for tutorial_taskflow_api_etl_virtualenv to None, run_after=None
[2024-08-12T10:05:54.967+0000] {processor.py:161} INFO - Processing /home/airflow/.local/lib/python3.7/site-packages/airflow/example_dags/tutorial_taskflow_api_etl_virtualenv.py took 0.068 seconds
[2024-08-12T10:06:25.635+0000] {processor.py:153} INFO - Started process (PID=1156) to work on /home/airflow/.local/lib/python3.7/site-packages/airflow/example_dags/tutorial_taskflow_api_etl_virtualenv.py
[2024-08-12T10:06:25.636+0000] {processor.py:640} INFO - Processing file /home/airflow/.local/lib/python3.7/site-packages/airflow/example_dags/tutorial_taskflow_api_etl_virtualenv.py for tasks to queue
[2024-08-12T10:06:25.636+0000] {logging_mixin.py:115} INFO - [2024-08-12T10:06:25.636+0000] {dagbag.py:508} INFO - Filling up the DagBag from /home/airflow/.local/lib/python3.7/site-packages/airflow/example_dags/tutorial_taskflow_api_etl_virtualenv.py
[2024-08-12T10:06:25.649+0000] {processor.py:650} INFO - DAG(s) dict_keys(['tutorial_taskflow_api_etl_virtualenv']) retrieved from /home/airflow/.local/lib/python3.7/site-packages/airflow/example_dags/tutorial_taskflow_api_etl_virtualenv.py
[2024-08-12T10:06:25.701+0000] {logging_mixin.py:115} INFO - [2024-08-12T10:06:25.701+0000] {dag.py:2429} INFO - Sync 1 DAGs
[2024-08-12T10:06:25.716+0000] {logging_mixin.py:115} INFO - [2024-08-12T10:06:25.716+0000] {dag.py:2981} INFO - Setting next_dagrun for tutorial_taskflow_api_etl_virtualenv to None, run_after=None
[2024-08-12T10:06:25.727+0000] {processor.py:161} INFO - Processing /home/airflow/.local/lib/python3.7/site-packages/airflow/example_dags/tutorial_taskflow_api_etl_virtualenv.py took 0.094 seconds
[2024-08-12T10:06:56.536+0000] {processor.py:153} INFO - Started process (PID=1219) to work on /home/airflow/.local/lib/python3.7/site-packages/airflow/example_dags/tutorial_taskflow_api_etl_virtualenv.py
[2024-08-12T10:06:56.537+0000] {processor.py:640} INFO - Processing file /home/airflow/.local/lib/python3.7/site-packages/airflow/example_dags/tutorial_taskflow_api_etl_virtualenv.py for tasks to queue
[2024-08-12T10:06:56.537+0000] {logging_mixin.py:115} INFO - [2024-08-12T10:06:56.537+0000] {dagbag.py:508} INFO - Filling up the DagBag from /home/airflow/.local/lib/python3.7/site-packages/airflow/example_dags/tutorial_taskflow_api_etl_virtualenv.py
[2024-08-12T10:06:56.550+0000] {processor.py:650} INFO - DAG(s) dict_keys(['tutorial_taskflow_api_etl_virtualenv']) retrieved from /home/airflow/.local/lib/python3.7/site-packages/airflow/example_dags/tutorial_taskflow_api_etl_virtualenv.py
[2024-08-12T10:06:56.601+0000] {logging_mixin.py:115} INFO - [2024-08-12T10:06:56.600+0000] {dag.py:2429} INFO - Sync 1 DAGs
[2024-08-12T10:06:56.615+0000] {logging_mixin.py:115} INFO - [2024-08-12T10:06:56.615+0000] {dag.py:2981} INFO - Setting next_dagrun for tutorial_taskflow_api_etl_virtualenv to None, run_after=None
[2024-08-12T10:06:56.626+0000] {processor.py:161} INFO - Processing /home/airflow/.local/lib/python3.7/site-packages/airflow/example_dags/tutorial_taskflow_api_etl_virtualenv.py took 0.092 seconds
[2024-08-12T10:07:26.919+0000] {processor.py:153} INFO - Started process (PID=1273) to work on /home/airflow/.local/lib/python3.7/site-packages/airflow/example_dags/tutorial_taskflow_api_etl_virtualenv.py
[2024-08-12T10:07:26.920+0000] {processor.py:640} INFO - Processing file /home/airflow/.local/lib/python3.7/site-packages/airflow/example_dags/tutorial_taskflow_api_etl_virtualenv.py for tasks to queue
[2024-08-12T10:07:26.921+0000] {logging_mixin.py:115} INFO - [2024-08-12T10:07:26.920+0000] {dagbag.py:508} INFO - Filling up the DagBag from /home/airflow/.local/lib/python3.7/site-packages/airflow/example_dags/tutorial_taskflow_api_etl_virtualenv.py
[2024-08-12T10:07:26.939+0000] {processor.py:650} INFO - DAG(s) dict_keys(['tutorial_taskflow_api_etl_virtualenv']) retrieved from /home/airflow/.local/lib/python3.7/site-packages/airflow/example_dags/tutorial_taskflow_api_etl_virtualenv.py
[2024-08-12T10:07:26.994+0000] {logging_mixin.py:115} INFO - [2024-08-12T10:07:26.994+0000] {dag.py:2429} INFO - Sync 1 DAGs
[2024-08-12T10:07:27.010+0000] {logging_mixin.py:115} INFO - [2024-08-12T10:07:27.010+0000] {dag.py:2981} INFO - Setting next_dagrun for tutorial_taskflow_api_etl_virtualenv to None, run_after=None
[2024-08-12T10:07:27.022+0000] {processor.py:161} INFO - Processing /home/airflow/.local/lib/python3.7/site-packages/airflow/example_dags/tutorial_taskflow_api_etl_virtualenv.py took 0.106 seconds
[2024-08-12T10:07:57.901+0000] {processor.py:153} INFO - Started process (PID=1336) to work on /home/airflow/.local/lib/python3.7/site-packages/airflow/example_dags/tutorial_taskflow_api_etl_virtualenv.py
[2024-08-12T10:07:57.902+0000] {processor.py:640} INFO - Processing file /home/airflow/.local/lib/python3.7/site-packages/airflow/example_dags/tutorial_taskflow_api_etl_virtualenv.py for tasks to queue
[2024-08-12T10:07:57.903+0000] {logging_mixin.py:115} INFO - [2024-08-12T10:07:57.903+0000] {dagbag.py:508} INFO - Filling up the DagBag from /home/airflow/.local/lib/python3.7/site-packages/airflow/example_dags/tutorial_taskflow_api_etl_virtualenv.py
[2024-08-12T10:07:57.916+0000] {processor.py:650} INFO - DAG(s) dict_keys(['tutorial_taskflow_api_etl_virtualenv']) retrieved from /home/airflow/.local/lib/python3.7/site-packages/airflow/example_dags/tutorial_taskflow_api_etl_virtualenv.py
[2024-08-12T10:07:57.936+0000] {logging_mixin.py:115} INFO - [2024-08-12T10:07:57.936+0000] {dag.py:2429} INFO - Sync 1 DAGs
[2024-08-12T10:07:57.956+0000] {logging_mixin.py:115} INFO - [2024-08-12T10:07:57.955+0000] {dag.py:2981} INFO - Setting next_dagrun for tutorial_taskflow_api_etl_virtualenv to None, run_after=None
[2024-08-12T10:07:57.967+0000] {processor.py:161} INFO - Processing /home/airflow/.local/lib/python3.7/site-packages/airflow/example_dags/tutorial_taskflow_api_etl_virtualenv.py took 0.068 seconds
[2024-08-12T10:08:28.664+0000] {processor.py:153} INFO - Started process (PID=1399) to work on /home/airflow/.local/lib/python3.7/site-packages/airflow/example_dags/tutorial_taskflow_api_etl_virtualenv.py
[2024-08-12T10:08:28.665+0000] {processor.py:640} INFO - Processing file /home/airflow/.local/lib/python3.7/site-packages/airflow/example_dags/tutorial_taskflow_api_etl_virtualenv.py for tasks to queue
[2024-08-12T10:08:28.665+0000] {logging_mixin.py:115} INFO - [2024-08-12T10:08:28.665+0000] {dagbag.py:508} INFO - Filling up the DagBag from /home/airflow/.local/lib/python3.7/site-packages/airflow/example_dags/tutorial_taskflow_api_etl_virtualenv.py
[2024-08-12T10:08:28.678+0000] {processor.py:650} INFO - DAG(s) dict_keys(['tutorial_taskflow_api_etl_virtualenv']) retrieved from /home/airflow/.local/lib/python3.7/site-packages/airflow/example_dags/tutorial_taskflow_api_etl_virtualenv.py
[2024-08-12T10:08:28.698+0000] {logging_mixin.py:115} INFO - [2024-08-12T10:08:28.698+0000] {dag.py:2429} INFO - Sync 1 DAGs
[2024-08-12T10:08:28.717+0000] {logging_mixin.py:115} INFO - [2024-08-12T10:08:28.717+0000] {dag.py:2981} INFO - Setting next_dagrun for tutorial_taskflow_api_etl_virtualenv to None, run_after=None
[2024-08-12T10:08:28.727+0000] {processor.py:161} INFO - Processing /home/airflow/.local/lib/python3.7/site-packages/airflow/example_dags/tutorial_taskflow_api_etl_virtualenv.py took 0.065 seconds
[2024-08-12T10:08:59.438+0000] {processor.py:153} INFO - Started process (PID=1462) to work on /home/airflow/.local/lib/python3.7/site-packages/airflow/example_dags/tutorial_taskflow_api_etl_virtualenv.py
[2024-08-12T10:08:59.439+0000] {processor.py:640} INFO - Processing file /home/airflow/.local/lib/python3.7/site-packages/airflow/example_dags/tutorial_taskflow_api_etl_virtualenv.py for tasks to queue
[2024-08-12T10:08:59.439+0000] {logging_mixin.py:115} INFO - [2024-08-12T10:08:59.439+0000] {dagbag.py:508} INFO - Filling up the DagBag from /home/airflow/.local/lib/python3.7/site-packages/airflow/example_dags/tutorial_taskflow_api_etl_virtualenv.py
[2024-08-12T10:08:59.452+0000] {processor.py:650} INFO - DAG(s) dict_keys(['tutorial_taskflow_api_etl_virtualenv']) retrieved from /home/airflow/.local/lib/python3.7/site-packages/airflow/example_dags/tutorial_taskflow_api_etl_virtualenv.py
[2024-08-12T10:08:59.472+0000] {logging_mixin.py:115} INFO - [2024-08-12T10:08:59.472+0000] {dag.py:2429} INFO - Sync 1 DAGs
[2024-08-12T10:08:59.491+0000] {logging_mixin.py:115} INFO - [2024-08-12T10:08:59.491+0000] {dag.py:2981} INFO - Setting next_dagrun for tutorial_taskflow_api_etl_virtualenv to None, run_after=None
[2024-08-12T10:08:59.501+0000] {processor.py:161} INFO - Processing /home/airflow/.local/lib/python3.7/site-packages/airflow/example_dags/tutorial_taskflow_api_etl_virtualenv.py took 0.065 seconds
[2024-08-12T10:09:30.140+0000] {processor.py:153} INFO - Started process (PID=1516) to work on /home/airflow/.local/lib/python3.7/site-packages/airflow/example_dags/tutorial_taskflow_api_etl_virtualenv.py
[2024-08-12T10:09:30.141+0000] {processor.py:640} INFO - Processing file /home/airflow/.local/lib/python3.7/site-packages/airflow/example_dags/tutorial_taskflow_api_etl_virtualenv.py for tasks to queue
[2024-08-12T10:09:30.142+0000] {logging_mixin.py:115} INFO - [2024-08-12T10:09:30.142+0000] {dagbag.py:508} INFO - Filling up the DagBag from /home/airflow/.local/lib/python3.7/site-packages/airflow/example_dags/tutorial_taskflow_api_etl_virtualenv.py
[2024-08-12T10:09:30.155+0000] {processor.py:650} INFO - DAG(s) dict_keys(['tutorial_taskflow_api_etl_virtualenv']) retrieved from /home/airflow/.local/lib/python3.7/site-packages/airflow/example_dags/tutorial_taskflow_api_etl_virtualenv.py
[2024-08-12T10:09:30.177+0000] {logging_mixin.py:115} INFO - [2024-08-12T10:09:30.177+0000] {dag.py:2429} INFO - Sync 1 DAGs
[2024-08-12T10:09:30.197+0000] {logging_mixin.py:115} INFO - [2024-08-12T10:09:30.197+0000] {dag.py:2981} INFO - Setting next_dagrun for tutorial_taskflow_api_etl_virtualenv to None, run_after=None
[2024-08-12T10:09:30.208+0000] {processor.py:161} INFO - Processing /home/airflow/.local/lib/python3.7/site-packages/airflow/example_dags/tutorial_taskflow_api_etl_virtualenv.py took 0.070 seconds
[2024-08-12T10:10:00.890+0000] {processor.py:153} INFO - Started process (PID=1579) to work on /home/airflow/.local/lib/python3.7/site-packages/airflow/example_dags/tutorial_taskflow_api_etl_virtualenv.py
[2024-08-12T10:10:00.891+0000] {processor.py:640} INFO - Processing file /home/airflow/.local/lib/python3.7/site-packages/airflow/example_dags/tutorial_taskflow_api_etl_virtualenv.py for tasks to queue
[2024-08-12T10:10:00.891+0000] {logging_mixin.py:115} INFO - [2024-08-12T10:10:00.891+0000] {dagbag.py:508} INFO - Filling up the DagBag from /home/airflow/.local/lib/python3.7/site-packages/airflow/example_dags/tutorial_taskflow_api_etl_virtualenv.py
[2024-08-12T10:10:00.904+0000] {processor.py:650} INFO - DAG(s) dict_keys(['tutorial_taskflow_api_etl_virtualenv']) retrieved from /home/airflow/.local/lib/python3.7/site-packages/airflow/example_dags/tutorial_taskflow_api_etl_virtualenv.py
[2024-08-12T10:10:00.924+0000] {logging_mixin.py:115} INFO - [2024-08-12T10:10:00.924+0000] {dag.py:2429} INFO - Sync 1 DAGs
[2024-08-12T10:10:00.943+0000] {logging_mixin.py:115} INFO - [2024-08-12T10:10:00.942+0000] {dag.py:2981} INFO - Setting next_dagrun for tutorial_taskflow_api_etl_virtualenv to None, run_after=None
[2024-08-12T10:10:00.953+0000] {processor.py:161} INFO - Processing /home/airflow/.local/lib/python3.7/site-packages/airflow/example_dags/tutorial_taskflow_api_etl_virtualenv.py took 0.065 seconds
[2024-08-12T10:10:31.689+0000] {processor.py:153} INFO - Started process (PID=1642) to work on /home/airflow/.local/lib/python3.7/site-packages/airflow/example_dags/tutorial_taskflow_api_etl_virtualenv.py
[2024-08-12T10:10:31.690+0000] {processor.py:640} INFO - Processing file /home/airflow/.local/lib/python3.7/site-packages/airflow/example_dags/tutorial_taskflow_api_etl_virtualenv.py for tasks to queue
[2024-08-12T10:10:31.690+0000] {logging_mixin.py:115} INFO - [2024-08-12T10:10:31.690+0000] {dagbag.py:508} INFO - Filling up the DagBag from /home/airflow/.local/lib/python3.7/site-packages/airflow/example_dags/tutorial_taskflow_api_etl_virtualenv.py
[2024-08-12T10:10:31.703+0000] {processor.py:650} INFO - DAG(s) dict_keys(['tutorial_taskflow_api_etl_virtualenv']) retrieved from /home/airflow/.local/lib/python3.7/site-packages/airflow/example_dags/tutorial_taskflow_api_etl_virtualenv.py
[2024-08-12T10:10:31.722+0000] {logging_mixin.py:115} INFO - [2024-08-12T10:10:31.722+0000] {dag.py:2429} INFO - Sync 1 DAGs
[2024-08-12T10:10:31.741+0000] {logging_mixin.py:115} INFO - [2024-08-12T10:10:31.741+0000] {dag.py:2981} INFO - Setting next_dagrun for tutorial_taskflow_api_etl_virtualenv to None, run_after=None
[2024-08-12T10:10:31.750+0000] {processor.py:161} INFO - Processing /home/airflow/.local/lib/python3.7/site-packages/airflow/example_dags/tutorial_taskflow_api_etl_virtualenv.py took 0.064 seconds
[2024-08-12T10:11:02.400+0000] {processor.py:153} INFO - Started process (PID=1705) to work on /home/airflow/.local/lib/python3.7/site-packages/airflow/example_dags/tutorial_taskflow_api_etl_virtualenv.py
[2024-08-12T10:11:02.401+0000] {processor.py:640} INFO - Processing file /home/airflow/.local/lib/python3.7/site-packages/airflow/example_dags/tutorial_taskflow_api_etl_virtualenv.py for tasks to queue
[2024-08-12T10:11:02.402+0000] {logging_mixin.py:115} INFO - [2024-08-12T10:11:02.402+0000] {dagbag.py:508} INFO - Filling up the DagBag from /home/airflow/.local/lib/python3.7/site-packages/airflow/example_dags/tutorial_taskflow_api_etl_virtualenv.py
[2024-08-12T10:11:02.415+0000] {processor.py:650} INFO - DAG(s) dict_keys(['tutorial_taskflow_api_etl_virtualenv']) retrieved from /home/airflow/.local/lib/python3.7/site-packages/airflow/example_dags/tutorial_taskflow_api_etl_virtualenv.py
[2024-08-12T10:11:02.436+0000] {logging_mixin.py:115} INFO - [2024-08-12T10:11:02.436+0000] {dag.py:2429} INFO - Sync 1 DAGs
[2024-08-12T10:11:02.455+0000] {logging_mixin.py:115} INFO - [2024-08-12T10:11:02.455+0000] {dag.py:2981} INFO - Setting next_dagrun for tutorial_taskflow_api_etl_virtualenv to None, run_after=None
[2024-08-12T10:11:02.465+0000] {processor.py:161} INFO - Processing /home/airflow/.local/lib/python3.7/site-packages/airflow/example_dags/tutorial_taskflow_api_etl_virtualenv.py took 0.067 seconds
[2024-08-12T10:11:33.207+0000] {processor.py:153} INFO - Started process (PID=1759) to work on /home/airflow/.local/lib/python3.7/site-packages/airflow/example_dags/tutorial_taskflow_api_etl_virtualenv.py
[2024-08-12T10:11:33.208+0000] {processor.py:640} INFO - Processing file /home/airflow/.local/lib/python3.7/site-packages/airflow/example_dags/tutorial_taskflow_api_etl_virtualenv.py for tasks to queue
[2024-08-12T10:11:33.209+0000] {logging_mixin.py:115} INFO - [2024-08-12T10:11:33.209+0000] {dagbag.py:508} INFO - Filling up the DagBag from /home/airflow/.local/lib/python3.7/site-packages/airflow/example_dags/tutorial_taskflow_api_etl_virtualenv.py
[2024-08-12T10:11:33.222+0000] {processor.py:650} INFO - DAG(s) dict_keys(['tutorial_taskflow_api_etl_virtualenv']) retrieved from /home/airflow/.local/lib/python3.7/site-packages/airflow/example_dags/tutorial_taskflow_api_etl_virtualenv.py
[2024-08-12T10:11:33.242+0000] {logging_mixin.py:115} INFO - [2024-08-12T10:11:33.242+0000] {dag.py:2429} INFO - Sync 1 DAGs
[2024-08-12T10:11:33.261+0000] {logging_mixin.py:115} INFO - [2024-08-12T10:11:33.260+0000] {dag.py:2981} INFO - Setting next_dagrun for tutorial_taskflow_api_etl_virtualenv to None, run_after=None
[2024-08-12T10:11:33.272+0000] {processor.py:161} INFO - Processing /home/airflow/.local/lib/python3.7/site-packages/airflow/example_dags/tutorial_taskflow_api_etl_virtualenv.py took 0.067 seconds
[2024-08-12T10:12:03.938+0000] {processor.py:153} INFO - Started process (PID=1822) to work on /home/airflow/.local/lib/python3.7/site-packages/airflow/example_dags/tutorial_taskflow_api_etl_virtualenv.py
[2024-08-12T10:12:03.939+0000] {processor.py:640} INFO - Processing file /home/airflow/.local/lib/python3.7/site-packages/airflow/example_dags/tutorial_taskflow_api_etl_virtualenv.py for tasks to queue
[2024-08-12T10:12:03.939+0000] {logging_mixin.py:115} INFO - [2024-08-12T10:12:03.939+0000] {dagbag.py:508} INFO - Filling up the DagBag from /home/airflow/.local/lib/python3.7/site-packages/airflow/example_dags/tutorial_taskflow_api_etl_virtualenv.py
[2024-08-12T10:12:03.952+0000] {processor.py:650} INFO - DAG(s) dict_keys(['tutorial_taskflow_api_etl_virtualenv']) retrieved from /home/airflow/.local/lib/python3.7/site-packages/airflow/example_dags/tutorial_taskflow_api_etl_virtualenv.py
[2024-08-12T10:12:03.972+0000] {logging_mixin.py:115} INFO - [2024-08-12T10:12:03.972+0000] {dag.py:2429} INFO - Sync 1 DAGs
[2024-08-12T10:12:03.991+0000] {logging_mixin.py:115} INFO - [2024-08-12T10:12:03.991+0000] {dag.py:2981} INFO - Setting next_dagrun for tutorial_taskflow_api_etl_virtualenv to None, run_after=None
[2024-08-12T10:12:04.001+0000] {processor.py:161} INFO - Processing /home/airflow/.local/lib/python3.7/site-packages/airflow/example_dags/tutorial_taskflow_api_etl_virtualenv.py took 0.065 seconds
[2024-08-12T10:12:34.770+0000] {processor.py:153} INFO - Started process (PID=1885) to work on /home/airflow/.local/lib/python3.7/site-packages/airflow/example_dags/tutorial_taskflow_api_etl_virtualenv.py
[2024-08-12T10:12:34.771+0000] {processor.py:640} INFO - Processing file /home/airflow/.local/lib/python3.7/site-packages/airflow/example_dags/tutorial_taskflow_api_etl_virtualenv.py for tasks to queue
[2024-08-12T10:12:34.772+0000] {logging_mixin.py:115} INFO - [2024-08-12T10:12:34.772+0000] {dagbag.py:508} INFO - Filling up the DagBag from /home/airflow/.local/lib/python3.7/site-packages/airflow/example_dags/tutorial_taskflow_api_etl_virtualenv.py
[2024-08-12T10:12:34.785+0000] {processor.py:650} INFO - DAG(s) dict_keys(['tutorial_taskflow_api_etl_virtualenv']) retrieved from /home/airflow/.local/lib/python3.7/site-packages/airflow/example_dags/tutorial_taskflow_api_etl_virtualenv.py
[2024-08-12T10:12:34.838+0000] {logging_mixin.py:115} INFO - [2024-08-12T10:12:34.838+0000] {dag.py:2429} INFO - Sync 1 DAGs
[2024-08-12T10:12:34.854+0000] {logging_mixin.py:115} INFO - [2024-08-12T10:12:34.854+0000] {dag.py:2981} INFO - Setting next_dagrun for tutorial_taskflow_api_etl_virtualenv to None, run_after=None
[2024-08-12T10:12:34.865+0000] {processor.py:161} INFO - Processing /home/airflow/.local/lib/python3.7/site-packages/airflow/example_dags/tutorial_taskflow_api_etl_virtualenv.py took 0.097 seconds
[2024-08-12T10:13:05.707+0000] {processor.py:153} INFO - Started process (PID=1948) to work on /home/airflow/.local/lib/python3.7/site-packages/airflow/example_dags/tutorial_taskflow_api_etl_virtualenv.py
[2024-08-12T10:13:05.708+0000] {processor.py:640} INFO - Processing file /home/airflow/.local/lib/python3.7/site-packages/airflow/example_dags/tutorial_taskflow_api_etl_virtualenv.py for tasks to queue
[2024-08-12T10:13:05.708+0000] {logging_mixin.py:115} INFO - [2024-08-12T10:13:05.708+0000] {dagbag.py:508} INFO - Filling up the DagBag from /home/airflow/.local/lib/python3.7/site-packages/airflow/example_dags/tutorial_taskflow_api_etl_virtualenv.py
[2024-08-12T10:13:05.721+0000] {processor.py:650} INFO - DAG(s) dict_keys(['tutorial_taskflow_api_etl_virtualenv']) retrieved from /home/airflow/.local/lib/python3.7/site-packages/airflow/example_dags/tutorial_taskflow_api_etl_virtualenv.py
[2024-08-12T10:13:05.741+0000] {logging_mixin.py:115} INFO - [2024-08-12T10:13:05.741+0000] {dag.py:2429} INFO - Sync 1 DAGs
[2024-08-12T10:13:05.759+0000] {logging_mixin.py:115} INFO - [2024-08-12T10:13:05.759+0000] {dag.py:2981} INFO - Setting next_dagrun for tutorial_taskflow_api_etl_virtualenv to None, run_after=None
[2024-08-12T10:13:05.769+0000] {processor.py:161} INFO - Processing /home/airflow/.local/lib/python3.7/site-packages/airflow/example_dags/tutorial_taskflow_api_etl_virtualenv.py took 0.065 seconds
[2024-08-12T10:13:36.476+0000] {processor.py:153} INFO - Started process (PID=2002) to work on /home/airflow/.local/lib/python3.7/site-packages/airflow/example_dags/tutorial_taskflow_api_etl_virtualenv.py
[2024-08-12T10:13:36.477+0000] {processor.py:640} INFO - Processing file /home/airflow/.local/lib/python3.7/site-packages/airflow/example_dags/tutorial_taskflow_api_etl_virtualenv.py for tasks to queue
[2024-08-12T10:13:36.478+0000] {logging_mixin.py:115} INFO - [2024-08-12T10:13:36.478+0000] {dagbag.py:508} INFO - Filling up the DagBag from /home/airflow/.local/lib/python3.7/site-packages/airflow/example_dags/tutorial_taskflow_api_etl_virtualenv.py
[2024-08-12T10:13:36.492+0000] {processor.py:650} INFO - DAG(s) dict_keys(['tutorial_taskflow_api_etl_virtualenv']) retrieved from /home/airflow/.local/lib/python3.7/site-packages/airflow/example_dags/tutorial_taskflow_api_etl_virtualenv.py
[2024-08-12T10:13:36.512+0000] {logging_mixin.py:115} INFO - [2024-08-12T10:13:36.512+0000] {dag.py:2429} INFO - Sync 1 DAGs
[2024-08-12T10:13:36.532+0000] {logging_mixin.py:115} INFO - [2024-08-12T10:13:36.532+0000] {dag.py:2981} INFO - Setting next_dagrun for tutorial_taskflow_api_etl_virtualenv to None, run_after=None
[2024-08-12T10:13:36.541+0000] {processor.py:161} INFO - Processing /home/airflow/.local/lib/python3.7/site-packages/airflow/example_dags/tutorial_taskflow_api_etl_virtualenv.py took 0.068 seconds
[2024-08-12T10:14:07.313+0000] {processor.py:153} INFO - Started process (PID=2065) to work on /home/airflow/.local/lib/python3.7/site-packages/airflow/example_dags/tutorial_taskflow_api_etl_virtualenv.py
[2024-08-12T10:14:07.314+0000] {processor.py:640} INFO - Processing file /home/airflow/.local/lib/python3.7/site-packages/airflow/example_dags/tutorial_taskflow_api_etl_virtualenv.py for tasks to queue
[2024-08-12T10:14:07.314+0000] {logging_mixin.py:115} INFO - [2024-08-12T10:14:07.314+0000] {dagbag.py:508} INFO - Filling up the DagBag from /home/airflow/.local/lib/python3.7/site-packages/airflow/example_dags/tutorial_taskflow_api_etl_virtualenv.py
[2024-08-12T10:14:07.328+0000] {processor.py:650} INFO - DAG(s) dict_keys(['tutorial_taskflow_api_etl_virtualenv']) retrieved from /home/airflow/.local/lib/python3.7/site-packages/airflow/example_dags/tutorial_taskflow_api_etl_virtualenv.py
[2024-08-12T10:14:07.386+0000] {logging_mixin.py:115} INFO - [2024-08-12T10:14:07.385+0000] {dag.py:2429} INFO - Sync 1 DAGs
[2024-08-12T10:14:07.404+0000] {logging_mixin.py:115} INFO - [2024-08-12T10:14:07.404+0000] {dag.py:2981} INFO - Setting next_dagrun for tutorial_taskflow_api_etl_virtualenv to None, run_after=None
[2024-08-12T10:14:07.417+0000] {processor.py:161} INFO - Processing /home/airflow/.local/lib/python3.7/site-packages/airflow/example_dags/tutorial_taskflow_api_etl_virtualenv.py took 0.106 seconds
