[2024-08-12T08:27:08.453+0000] {processor.py:153} INFO - Started process (PID=80) to work on /home/airflow/.local/lib/python3.7/site-packages/airflow/example_dags/tutorial.py
[2024-08-12T08:27:08.454+0000] {processor.py:640} INFO - Processing file /home/airflow/.local/lib/python3.7/site-packages/airflow/example_dags/tutorial.py for tasks to queue
[2024-08-12T08:27:08.455+0000] {logging_mixin.py:115} INFO - [2024-08-12T08:27:08.455+0000] {dagbag.py:508} INFO - Filling up the DagBag from /home/airflow/.local/lib/python3.7/site-packages/airflow/example_dags/tutorial.py
[2024-08-12T08:27:08.464+0000] {processor.py:650} INFO - DAG(s) dict_keys(['tutorial']) retrieved from /home/airflow/.local/lib/python3.7/site-packages/airflow/example_dags/tutorial.py
[2024-08-12T08:27:08.559+0000] {logging_mixin.py:115} INFO - [2024-08-12T08:27:08.558+0000] {manager.py:508} INFO - Created Permission View: can edit on DAG:tutorial
[2024-08-12T08:27:08.569+0000] {logging_mixin.py:115} INFO - [2024-08-12T08:27:08.568+0000] {manager.py:508} INFO - Created Permission View: can read on DAG:tutorial
[2024-08-12T08:27:08.576+0000] {logging_mixin.py:115} INFO - [2024-08-12T08:27:08.576+0000] {manager.py:508} INFO - Created Permission View: can delete on DAG:tutorial
[2024-08-12T08:27:08.577+0000] {logging_mixin.py:115} INFO - [2024-08-12T08:27:08.577+0000] {dag.py:2429} INFO - Sync 1 DAGs
[2024-08-12T08:27:08.586+0000] {logging_mixin.py:115} INFO - [2024-08-12T08:27:08.585+0000] {dag.py:2448} INFO - Creating ORM DAG for tutorial
[2024-08-12T08:27:08.599+0000] {logging_mixin.py:115} INFO - [2024-08-12T08:27:08.598+0000] {dag.py:2981} INFO - Setting next_dagrun for tutorial to 2024-08-11T08:27:08.598733+00:00, run_after=2024-08-12T08:27:08.598733+00:00
[2024-08-12T08:27:08.615+0000] {processor.py:161} INFO - Processing /home/airflow/.local/lib/python3.7/site-packages/airflow/example_dags/tutorial.py took 0.167 seconds
[2024-08-12T08:27:38.709+0000] {processor.py:153} INFO - Started process (PID=132) to work on /home/airflow/.local/lib/python3.7/site-packages/airflow/example_dags/tutorial.py
[2024-08-12T08:27:38.710+0000] {processor.py:640} INFO - Processing file /home/airflow/.local/lib/python3.7/site-packages/airflow/example_dags/tutorial.py for tasks to queue
[2024-08-12T08:27:38.711+0000] {logging_mixin.py:115} INFO - [2024-08-12T08:27:38.711+0000] {dagbag.py:508} INFO - Filling up the DagBag from /home/airflow/.local/lib/python3.7/site-packages/airflow/example_dags/tutorial.py
[2024-08-12T08:27:38.716+0000] {processor.py:650} INFO - DAG(s) dict_keys(['tutorial']) retrieved from /home/airflow/.local/lib/python3.7/site-packages/airflow/example_dags/tutorial.py
[2024-08-12T08:27:38.737+0000] {logging_mixin.py:115} INFO - [2024-08-12T08:27:38.737+0000] {dag.py:2429} INFO - Sync 1 DAGs
[2024-08-12T08:27:38.755+0000] {logging_mixin.py:115} INFO - [2024-08-12T08:27:38.755+0000] {dag.py:2981} INFO - Setting next_dagrun for tutorial to 2024-08-11T08:27:38.755200+00:00, run_after=2024-08-12T08:27:38.755200+00:00
[2024-08-12T08:27:38.766+0000] {processor.py:161} INFO - Processing /home/airflow/.local/lib/python3.7/site-packages/airflow/example_dags/tutorial.py took 0.059 seconds
[2024-08-12T08:28:09.339+0000] {processor.py:153} INFO - Started process (PID=193) to work on /home/airflow/.local/lib/python3.7/site-packages/airflow/example_dags/tutorial.py
[2024-08-12T08:28:09.340+0000] {processor.py:640} INFO - Processing file /home/airflow/.local/lib/python3.7/site-packages/airflow/example_dags/tutorial.py for tasks to queue
[2024-08-12T08:28:09.340+0000] {logging_mixin.py:115} INFO - [2024-08-12T08:28:09.340+0000] {dagbag.py:508} INFO - Filling up the DagBag from /home/airflow/.local/lib/python3.7/site-packages/airflow/example_dags/tutorial.py
[2024-08-12T08:28:09.344+0000] {processor.py:650} INFO - DAG(s) dict_keys(['tutorial']) retrieved from /home/airflow/.local/lib/python3.7/site-packages/airflow/example_dags/tutorial.py
[2024-08-12T08:28:09.364+0000] {logging_mixin.py:115} INFO - [2024-08-12T08:28:09.364+0000] {dag.py:2429} INFO - Sync 1 DAGs
[2024-08-12T08:28:09.380+0000] {logging_mixin.py:115} INFO - [2024-08-12T08:28:09.380+0000] {dag.py:2981} INFO - Setting next_dagrun for tutorial to 2024-08-11T08:28:09.380505+00:00, run_after=2024-08-12T08:28:09.380505+00:00
[2024-08-12T08:28:09.391+0000] {processor.py:161} INFO - Processing /home/airflow/.local/lib/python3.7/site-packages/airflow/example_dags/tutorial.py took 0.054 seconds
[2024-08-12T09:57:12.282+0000] {processor.py:153} INFO - Started process (PID=82) to work on /home/airflow/.local/lib/python3.7/site-packages/airflow/example_dags/tutorial.py
[2024-08-12T09:57:12.283+0000] {processor.py:640} INFO - Processing file /home/airflow/.local/lib/python3.7/site-packages/airflow/example_dags/tutorial.py for tasks to queue
[2024-08-12T09:57:12.284+0000] {logging_mixin.py:115} INFO - [2024-08-12T09:57:12.284+0000] {dagbag.py:508} INFO - Filling up the DagBag from /home/airflow/.local/lib/python3.7/site-packages/airflow/example_dags/tutorial.py
[2024-08-12T09:57:12.289+0000] {processor.py:650} INFO - DAG(s) dict_keys(['tutorial']) retrieved from /home/airflow/.local/lib/python3.7/site-packages/airflow/example_dags/tutorial.py
[2024-08-12T09:57:12.315+0000] {logging_mixin.py:115} INFO - [2024-08-12T09:57:12.315+0000] {dag.py:2429} INFO - Sync 1 DAGs
[2024-08-12T09:57:12.339+0000] {logging_mixin.py:115} INFO - [2024-08-12T09:57:12.338+0000] {dag.py:2981} INFO - Setting next_dagrun for tutorial to 2024-08-11T09:57:12.338630+00:00, run_after=2024-08-12T09:57:12.338630+00:00
[2024-08-12T09:57:12.355+0000] {processor.py:161} INFO - Processing /home/airflow/.local/lib/python3.7/site-packages/airflow/example_dags/tutorial.py took 0.076 seconds
[2024-08-12T09:57:42.723+0000] {processor.py:153} INFO - Started process (PID=136) to work on /home/airflow/.local/lib/python3.7/site-packages/airflow/example_dags/tutorial.py
[2024-08-12T09:57:42.724+0000] {processor.py:640} INFO - Processing file /home/airflow/.local/lib/python3.7/site-packages/airflow/example_dags/tutorial.py for tasks to queue
[2024-08-12T09:57:42.725+0000] {logging_mixin.py:115} INFO - [2024-08-12T09:57:42.725+0000] {dagbag.py:508} INFO - Filling up the DagBag from /home/airflow/.local/lib/python3.7/site-packages/airflow/example_dags/tutorial.py
[2024-08-12T09:57:42.729+0000] {processor.py:650} INFO - DAG(s) dict_keys(['tutorial']) retrieved from /home/airflow/.local/lib/python3.7/site-packages/airflow/example_dags/tutorial.py
[2024-08-12T09:57:42.752+0000] {logging_mixin.py:115} INFO - [2024-08-12T09:57:42.752+0000] {dag.py:2429} INFO - Sync 1 DAGs
[2024-08-12T09:57:42.771+0000] {logging_mixin.py:115} INFO - [2024-08-12T09:57:42.771+0000] {dag.py:2981} INFO - Setting next_dagrun for tutorial to 2024-08-11T09:57:42.771188+00:00, run_after=2024-08-12T09:57:42.771188+00:00
[2024-08-12T09:57:42.781+0000] {processor.py:161} INFO - Processing /home/airflow/.local/lib/python3.7/site-packages/airflow/example_dags/tutorial.py took 0.061 seconds
[2024-08-12T09:58:13.576+0000] {processor.py:153} INFO - Started process (PID=199) to work on /home/airflow/.local/lib/python3.7/site-packages/airflow/example_dags/tutorial.py
[2024-08-12T09:58:13.577+0000] {processor.py:640} INFO - Processing file /home/airflow/.local/lib/python3.7/site-packages/airflow/example_dags/tutorial.py for tasks to queue
[2024-08-12T09:58:13.577+0000] {logging_mixin.py:115} INFO - [2024-08-12T09:58:13.577+0000] {dagbag.py:508} INFO - Filling up the DagBag from /home/airflow/.local/lib/python3.7/site-packages/airflow/example_dags/tutorial.py
[2024-08-12T09:58:13.581+0000] {processor.py:650} INFO - DAG(s) dict_keys(['tutorial']) retrieved from /home/airflow/.local/lib/python3.7/site-packages/airflow/example_dags/tutorial.py
[2024-08-12T09:58:13.601+0000] {logging_mixin.py:115} INFO - [2024-08-12T09:58:13.601+0000] {dag.py:2429} INFO - Sync 1 DAGs
[2024-08-12T09:58:13.620+0000] {logging_mixin.py:115} INFO - [2024-08-12T09:58:13.620+0000] {dag.py:2981} INFO - Setting next_dagrun for tutorial to 2024-08-11T09:58:13.620035+00:00, run_after=2024-08-12T09:58:13.620035+00:00
[2024-08-12T09:58:13.631+0000] {processor.py:161} INFO - Processing /home/airflow/.local/lib/python3.7/site-packages/airflow/example_dags/tutorial.py took 0.057 seconds
[2024-08-12T09:58:44.526+0000] {processor.py:153} INFO - Started process (PID=262) to work on /home/airflow/.local/lib/python3.7/site-packages/airflow/example_dags/tutorial.py
[2024-08-12T09:58:44.527+0000] {processor.py:640} INFO - Processing file /home/airflow/.local/lib/python3.7/site-packages/airflow/example_dags/tutorial.py for tasks to queue
[2024-08-12T09:58:44.527+0000] {logging_mixin.py:115} INFO - [2024-08-12T09:58:44.527+0000] {dagbag.py:508} INFO - Filling up the DagBag from /home/airflow/.local/lib/python3.7/site-packages/airflow/example_dags/tutorial.py
[2024-08-12T09:58:44.532+0000] {processor.py:650} INFO - DAG(s) dict_keys(['tutorial']) retrieved from /home/airflow/.local/lib/python3.7/site-packages/airflow/example_dags/tutorial.py
[2024-08-12T09:58:44.553+0000] {logging_mixin.py:115} INFO - [2024-08-12T09:58:44.553+0000] {dag.py:2429} INFO - Sync 1 DAGs
[2024-08-12T09:58:44.570+0000] {logging_mixin.py:115} INFO - [2024-08-12T09:58:44.570+0000] {dag.py:2981} INFO - Setting next_dagrun for tutorial to 2024-08-11T09:58:44.570423+00:00, run_after=2024-08-12T09:58:44.570423+00:00
[2024-08-12T09:58:44.580+0000] {processor.py:161} INFO - Processing /home/airflow/.local/lib/python3.7/site-packages/airflow/example_dags/tutorial.py took 0.056 seconds
[2024-08-12T09:59:15.558+0000] {processor.py:153} INFO - Started process (PID=325) to work on /home/airflow/.local/lib/python3.7/site-packages/airflow/example_dags/tutorial.py
[2024-08-12T09:59:15.559+0000] {processor.py:640} INFO - Processing file /home/airflow/.local/lib/python3.7/site-packages/airflow/example_dags/tutorial.py for tasks to queue
[2024-08-12T09:59:15.559+0000] {logging_mixin.py:115} INFO - [2024-08-12T09:59:15.559+0000] {dagbag.py:508} INFO - Filling up the DagBag from /home/airflow/.local/lib/python3.7/site-packages/airflow/example_dags/tutorial.py
[2024-08-12T09:59:15.563+0000] {processor.py:650} INFO - DAG(s) dict_keys(['tutorial']) retrieved from /home/airflow/.local/lib/python3.7/site-packages/airflow/example_dags/tutorial.py
[2024-08-12T09:59:15.586+0000] {logging_mixin.py:115} INFO - [2024-08-12T09:59:15.586+0000] {dag.py:2429} INFO - Sync 1 DAGs
[2024-08-12T09:59:15.605+0000] {logging_mixin.py:115} INFO - [2024-08-12T09:59:15.604+0000] {dag.py:2981} INFO - Setting next_dagrun for tutorial to 2024-08-11T09:59:15.604773+00:00, run_after=2024-08-12T09:59:15.604773+00:00
[2024-08-12T09:59:15.616+0000] {processor.py:161} INFO - Processing /home/airflow/.local/lib/python3.7/site-packages/airflow/example_dags/tutorial.py took 0.061 seconds
[2024-08-12T09:59:45.733+0000] {processor.py:153} INFO - Started process (PID=379) to work on /home/airflow/.local/lib/python3.7/site-packages/airflow/example_dags/tutorial.py
[2024-08-12T09:59:45.734+0000] {processor.py:640} INFO - Processing file /home/airflow/.local/lib/python3.7/site-packages/airflow/example_dags/tutorial.py for tasks to queue
[2024-08-12T09:59:45.735+0000] {logging_mixin.py:115} INFO - [2024-08-12T09:59:45.735+0000] {dagbag.py:508} INFO - Filling up the DagBag from /home/airflow/.local/lib/python3.7/site-packages/airflow/example_dags/tutorial.py
[2024-08-12T09:59:45.739+0000] {processor.py:650} INFO - DAG(s) dict_keys(['tutorial']) retrieved from /home/airflow/.local/lib/python3.7/site-packages/airflow/example_dags/tutorial.py
[2024-08-12T09:59:45.760+0000] {logging_mixin.py:115} INFO - [2024-08-12T09:59:45.760+0000] {dag.py:2429} INFO - Sync 1 DAGs
[2024-08-12T09:59:45.778+0000] {logging_mixin.py:115} INFO - [2024-08-12T09:59:45.778+0000] {dag.py:2981} INFO - Setting next_dagrun for tutorial to 2024-08-11T09:59:45.777818+00:00, run_after=2024-08-12T09:59:45.777818+00:00
[2024-08-12T09:59:45.789+0000] {processor.py:161} INFO - Processing /home/airflow/.local/lib/python3.7/site-packages/airflow/example_dags/tutorial.py took 0.058 seconds
[2024-08-12T10:00:16.495+0000] {processor.py:153} INFO - Started process (PID=442) to work on /home/airflow/.local/lib/python3.7/site-packages/airflow/example_dags/tutorial.py
[2024-08-12T10:00:16.496+0000] {processor.py:640} INFO - Processing file /home/airflow/.local/lib/python3.7/site-packages/airflow/example_dags/tutorial.py for tasks to queue
[2024-08-12T10:00:16.496+0000] {logging_mixin.py:115} INFO - [2024-08-12T10:00:16.496+0000] {dagbag.py:508} INFO - Filling up the DagBag from /home/airflow/.local/lib/python3.7/site-packages/airflow/example_dags/tutorial.py
[2024-08-12T10:00:16.501+0000] {processor.py:650} INFO - DAG(s) dict_keys(['tutorial']) retrieved from /home/airflow/.local/lib/python3.7/site-packages/airflow/example_dags/tutorial.py
[2024-08-12T10:00:16.523+0000] {logging_mixin.py:115} INFO - [2024-08-12T10:00:16.523+0000] {dag.py:2429} INFO - Sync 1 DAGs
[2024-08-12T10:00:16.541+0000] {logging_mixin.py:115} INFO - [2024-08-12T10:00:16.541+0000] {dag.py:2981} INFO - Setting next_dagrun for tutorial to 2024-08-11T10:00:16.541414+00:00, run_after=2024-08-12T10:00:16.541414+00:00
[2024-08-12T10:00:16.552+0000] {processor.py:161} INFO - Processing /home/airflow/.local/lib/python3.7/site-packages/airflow/example_dags/tutorial.py took 0.060 seconds
[2024-08-12T10:00:47.305+0000] {processor.py:153} INFO - Started process (PID=505) to work on /home/airflow/.local/lib/python3.7/site-packages/airflow/example_dags/tutorial.py
[2024-08-12T10:00:47.306+0000] {processor.py:640} INFO - Processing file /home/airflow/.local/lib/python3.7/site-packages/airflow/example_dags/tutorial.py for tasks to queue
[2024-08-12T10:00:47.307+0000] {logging_mixin.py:115} INFO - [2024-08-12T10:00:47.306+0000] {dagbag.py:508} INFO - Filling up the DagBag from /home/airflow/.local/lib/python3.7/site-packages/airflow/example_dags/tutorial.py
[2024-08-12T10:00:47.311+0000] {processor.py:650} INFO - DAG(s) dict_keys(['tutorial']) retrieved from /home/airflow/.local/lib/python3.7/site-packages/airflow/example_dags/tutorial.py
[2024-08-12T10:00:47.332+0000] {logging_mixin.py:115} INFO - [2024-08-12T10:00:47.331+0000] {dag.py:2429} INFO - Sync 1 DAGs
[2024-08-12T10:00:47.350+0000] {logging_mixin.py:115} INFO - [2024-08-12T10:00:47.350+0000] {dag.py:2981} INFO - Setting next_dagrun for tutorial to 2024-08-11T10:00:47.349848+00:00, run_after=2024-08-12T10:00:47.349848+00:00
[2024-08-12T10:00:47.361+0000] {processor.py:161} INFO - Processing /home/airflow/.local/lib/python3.7/site-packages/airflow/example_dags/tutorial.py took 0.058 seconds
[2024-08-12T10:01:18.181+0000] {processor.py:153} INFO - Started process (PID=568) to work on /home/airflow/.local/lib/python3.7/site-packages/airflow/example_dags/tutorial.py
[2024-08-12T10:01:18.182+0000] {processor.py:640} INFO - Processing file /home/airflow/.local/lib/python3.7/site-packages/airflow/example_dags/tutorial.py for tasks to queue
[2024-08-12T10:01:18.182+0000] {logging_mixin.py:115} INFO - [2024-08-12T10:01:18.182+0000] {dagbag.py:508} INFO - Filling up the DagBag from /home/airflow/.local/lib/python3.7/site-packages/airflow/example_dags/tutorial.py
[2024-08-12T10:01:18.187+0000] {processor.py:650} INFO - DAG(s) dict_keys(['tutorial']) retrieved from /home/airflow/.local/lib/python3.7/site-packages/airflow/example_dags/tutorial.py
[2024-08-12T10:01:18.208+0000] {logging_mixin.py:115} INFO - [2024-08-12T10:01:18.208+0000] {dag.py:2429} INFO - Sync 1 DAGs
[2024-08-12T10:01:18.226+0000] {logging_mixin.py:115} INFO - [2024-08-12T10:01:18.226+0000] {dag.py:2981} INFO - Setting next_dagrun for tutorial to 2024-08-11T10:01:18.225933+00:00, run_after=2024-08-12T10:01:18.225933+00:00
[2024-08-12T10:01:18.237+0000] {processor.py:161} INFO - Processing /home/airflow/.local/lib/python3.7/site-packages/airflow/example_dags/tutorial.py took 0.059 seconds
[2024-08-12T10:01:48.905+0000] {processor.py:153} INFO - Started process (PID=622) to work on /home/airflow/.local/lib/python3.7/site-packages/airflow/example_dags/tutorial.py
[2024-08-12T10:01:48.906+0000] {processor.py:640} INFO - Processing file /home/airflow/.local/lib/python3.7/site-packages/airflow/example_dags/tutorial.py for tasks to queue
[2024-08-12T10:01:48.906+0000] {logging_mixin.py:115} INFO - [2024-08-12T10:01:48.906+0000] {dagbag.py:508} INFO - Filling up the DagBag from /home/airflow/.local/lib/python3.7/site-packages/airflow/example_dags/tutorial.py
[2024-08-12T10:01:48.910+0000] {processor.py:650} INFO - DAG(s) dict_keys(['tutorial']) retrieved from /home/airflow/.local/lib/python3.7/site-packages/airflow/example_dags/tutorial.py
[2024-08-12T10:01:48.931+0000] {logging_mixin.py:115} INFO - [2024-08-12T10:01:48.931+0000] {dag.py:2429} INFO - Sync 1 DAGs
[2024-08-12T10:01:48.949+0000] {logging_mixin.py:115} INFO - [2024-08-12T10:01:48.949+0000] {dag.py:2981} INFO - Setting next_dagrun for tutorial to 2024-08-11T10:01:48.949124+00:00, run_after=2024-08-12T10:01:48.949124+00:00
[2024-08-12T10:01:48.960+0000] {processor.py:161} INFO - Processing /home/airflow/.local/lib/python3.7/site-packages/airflow/example_dags/tutorial.py took 0.057 seconds
[2024-08-12T10:02:19.712+0000] {processor.py:153} INFO - Started process (PID=685) to work on /home/airflow/.local/lib/python3.7/site-packages/airflow/example_dags/tutorial.py
[2024-08-12T10:02:19.713+0000] {processor.py:640} INFO - Processing file /home/airflow/.local/lib/python3.7/site-packages/airflow/example_dags/tutorial.py for tasks to queue
[2024-08-12T10:02:19.714+0000] {logging_mixin.py:115} INFO - [2024-08-12T10:02:19.713+0000] {dagbag.py:508} INFO - Filling up the DagBag from /home/airflow/.local/lib/python3.7/site-packages/airflow/example_dags/tutorial.py
[2024-08-12T10:02:19.718+0000] {processor.py:650} INFO - DAG(s) dict_keys(['tutorial']) retrieved from /home/airflow/.local/lib/python3.7/site-packages/airflow/example_dags/tutorial.py
[2024-08-12T10:02:19.739+0000] {logging_mixin.py:115} INFO - [2024-08-12T10:02:19.739+0000] {dag.py:2429} INFO - Sync 1 DAGs
[2024-08-12T10:02:19.757+0000] {logging_mixin.py:115} INFO - [2024-08-12T10:02:19.757+0000] {dag.py:2981} INFO - Setting next_dagrun for tutorial to 2024-08-11T10:02:19.757382+00:00, run_after=2024-08-12T10:02:19.757382+00:00
[2024-08-12T10:02:19.768+0000] {processor.py:161} INFO - Processing /home/airflow/.local/lib/python3.7/site-packages/airflow/example_dags/tutorial.py took 0.058 seconds
[2024-08-12T10:02:50.559+0000] {processor.py:153} INFO - Started process (PID=748) to work on /home/airflow/.local/lib/python3.7/site-packages/airflow/example_dags/tutorial.py
[2024-08-12T10:02:50.560+0000] {processor.py:640} INFO - Processing file /home/airflow/.local/lib/python3.7/site-packages/airflow/example_dags/tutorial.py for tasks to queue
[2024-08-12T10:02:50.561+0000] {logging_mixin.py:115} INFO - [2024-08-12T10:02:50.561+0000] {dagbag.py:508} INFO - Filling up the DagBag from /home/airflow/.local/lib/python3.7/site-packages/airflow/example_dags/tutorial.py
[2024-08-12T10:02:50.565+0000] {processor.py:650} INFO - DAG(s) dict_keys(['tutorial']) retrieved from /home/airflow/.local/lib/python3.7/site-packages/airflow/example_dags/tutorial.py
[2024-08-12T10:02:50.586+0000] {logging_mixin.py:115} INFO - [2024-08-12T10:02:50.585+0000] {dag.py:2429} INFO - Sync 1 DAGs
[2024-08-12T10:02:50.604+0000] {logging_mixin.py:115} INFO - [2024-08-12T10:02:50.604+0000] {dag.py:2981} INFO - Setting next_dagrun for tutorial to 2024-08-11T10:02:50.604023+00:00, run_after=2024-08-12T10:02:50.604023+00:00
[2024-08-12T10:02:50.614+0000] {processor.py:161} INFO - Processing /home/airflow/.local/lib/python3.7/site-packages/airflow/example_dags/tutorial.py took 0.057 seconds
[2024-08-12T10:03:21.425+0000] {processor.py:153} INFO - Started process (PID=811) to work on /home/airflow/.local/lib/python3.7/site-packages/airflow/example_dags/tutorial.py
[2024-08-12T10:03:21.426+0000] {processor.py:640} INFO - Processing file /home/airflow/.local/lib/python3.7/site-packages/airflow/example_dags/tutorial.py for tasks to queue
[2024-08-12T10:03:21.427+0000] {logging_mixin.py:115} INFO - [2024-08-12T10:03:21.426+0000] {dagbag.py:508} INFO - Filling up the DagBag from /home/airflow/.local/lib/python3.7/site-packages/airflow/example_dags/tutorial.py
[2024-08-12T10:03:21.432+0000] {processor.py:650} INFO - DAG(s) dict_keys(['tutorial']) retrieved from /home/airflow/.local/lib/python3.7/site-packages/airflow/example_dags/tutorial.py
[2024-08-12T10:03:21.458+0000] {logging_mixin.py:115} INFO - [2024-08-12T10:03:21.458+0000] {dag.py:2429} INFO - Sync 1 DAGs
[2024-08-12T10:03:21.479+0000] {logging_mixin.py:115} INFO - [2024-08-12T10:03:21.479+0000] {dag.py:2981} INFO - Setting next_dagrun for tutorial to 2024-08-11T10:03:21.478971+00:00, run_after=2024-08-12T10:03:21.478971+00:00
[2024-08-12T10:03:21.491+0000] {processor.py:161} INFO - Processing /home/airflow/.local/lib/python3.7/site-packages/airflow/example_dags/tutorial.py took 0.070 seconds
[2024-08-12T10:03:52.368+0000] {processor.py:153} INFO - Started process (PID=865) to work on /home/airflow/.local/lib/python3.7/site-packages/airflow/example_dags/tutorial.py
[2024-08-12T10:03:52.369+0000] {processor.py:640} INFO - Processing file /home/airflow/.local/lib/python3.7/site-packages/airflow/example_dags/tutorial.py for tasks to queue
[2024-08-12T10:03:52.369+0000] {logging_mixin.py:115} INFO - [2024-08-12T10:03:52.369+0000] {dagbag.py:508} INFO - Filling up the DagBag from /home/airflow/.local/lib/python3.7/site-packages/airflow/example_dags/tutorial.py
[2024-08-12T10:03:52.373+0000] {processor.py:650} INFO - DAG(s) dict_keys(['tutorial']) retrieved from /home/airflow/.local/lib/python3.7/site-packages/airflow/example_dags/tutorial.py
[2024-08-12T10:03:52.394+0000] {logging_mixin.py:115} INFO - [2024-08-12T10:03:52.394+0000] {dag.py:2429} INFO - Sync 1 DAGs
[2024-08-12T10:03:52.411+0000] {logging_mixin.py:115} INFO - [2024-08-12T10:03:52.411+0000] {dag.py:2981} INFO - Setting next_dagrun for tutorial to 2024-08-11T10:03:52.411479+00:00, run_after=2024-08-12T10:03:52.411479+00:00
[2024-08-12T10:03:52.421+0000] {processor.py:161} INFO - Processing /home/airflow/.local/lib/python3.7/site-packages/airflow/example_dags/tutorial.py took 0.056 seconds
[2024-08-12T10:04:23.141+0000] {processor.py:153} INFO - Started process (PID=928) to work on /home/airflow/.local/lib/python3.7/site-packages/airflow/example_dags/tutorial.py
[2024-08-12T10:04:23.142+0000] {processor.py:640} INFO - Processing file /home/airflow/.local/lib/python3.7/site-packages/airflow/example_dags/tutorial.py for tasks to queue
[2024-08-12T10:04:23.143+0000] {logging_mixin.py:115} INFO - [2024-08-12T10:04:23.143+0000] {dagbag.py:508} INFO - Filling up the DagBag from /home/airflow/.local/lib/python3.7/site-packages/airflow/example_dags/tutorial.py
[2024-08-12T10:04:23.147+0000] {processor.py:650} INFO - DAG(s) dict_keys(['tutorial']) retrieved from /home/airflow/.local/lib/python3.7/site-packages/airflow/example_dags/tutorial.py
[2024-08-12T10:04:23.169+0000] {logging_mixin.py:115} INFO - [2024-08-12T10:04:23.169+0000] {dag.py:2429} INFO - Sync 1 DAGs
[2024-08-12T10:04:23.188+0000] {logging_mixin.py:115} INFO - [2024-08-12T10:04:23.188+0000] {dag.py:2981} INFO - Setting next_dagrun for tutorial to 2024-08-11T10:04:23.188105+00:00, run_after=2024-08-12T10:04:23.188105+00:00
[2024-08-12T10:04:23.200+0000] {processor.py:161} INFO - Processing /home/airflow/.local/lib/python3.7/site-packages/airflow/example_dags/tutorial.py took 0.061 seconds
[2024-08-12T10:04:53.989+0000] {processor.py:153} INFO - Started process (PID=991) to work on /home/airflow/.local/lib/python3.7/site-packages/airflow/example_dags/tutorial.py
[2024-08-12T10:04:53.990+0000] {processor.py:640} INFO - Processing file /home/airflow/.local/lib/python3.7/site-packages/airflow/example_dags/tutorial.py for tasks to queue
[2024-08-12T10:04:53.991+0000] {logging_mixin.py:115} INFO - [2024-08-12T10:04:53.991+0000] {dagbag.py:508} INFO - Filling up the DagBag from /home/airflow/.local/lib/python3.7/site-packages/airflow/example_dags/tutorial.py
[2024-08-12T10:04:53.995+0000] {processor.py:650} INFO - DAG(s) dict_keys(['tutorial']) retrieved from /home/airflow/.local/lib/python3.7/site-packages/airflow/example_dags/tutorial.py
[2024-08-12T10:04:54.016+0000] {logging_mixin.py:115} INFO - [2024-08-12T10:04:54.015+0000] {dag.py:2429} INFO - Sync 1 DAGs
[2024-08-12T10:04:54.033+0000] {logging_mixin.py:115} INFO - [2024-08-12T10:04:54.033+0000] {dag.py:2981} INFO - Setting next_dagrun for tutorial to 2024-08-11T10:04:54.033004+00:00, run_after=2024-08-12T10:04:54.033004+00:00
[2024-08-12T10:04:54.043+0000] {processor.py:161} INFO - Processing /home/airflow/.local/lib/python3.7/site-packages/airflow/example_dags/tutorial.py took 0.056 seconds
[2024-08-12T10:05:24.878+0000] {processor.py:153} INFO - Started process (PID=1054) to work on /home/airflow/.local/lib/python3.7/site-packages/airflow/example_dags/tutorial.py
[2024-08-12T10:05:24.879+0000] {processor.py:640} INFO - Processing file /home/airflow/.local/lib/python3.7/site-packages/airflow/example_dags/tutorial.py for tasks to queue
[2024-08-12T10:05:24.879+0000] {logging_mixin.py:115} INFO - [2024-08-12T10:05:24.879+0000] {dagbag.py:508} INFO - Filling up the DagBag from /home/airflow/.local/lib/python3.7/site-packages/airflow/example_dags/tutorial.py
[2024-08-12T10:05:24.884+0000] {processor.py:650} INFO - DAG(s) dict_keys(['tutorial']) retrieved from /home/airflow/.local/lib/python3.7/site-packages/airflow/example_dags/tutorial.py
[2024-08-12T10:05:24.909+0000] {logging_mixin.py:115} INFO - [2024-08-12T10:05:24.909+0000] {dag.py:2429} INFO - Sync 1 DAGs
[2024-08-12T10:05:24.929+0000] {logging_mixin.py:115} INFO - [2024-08-12T10:05:24.929+0000] {dag.py:2981} INFO - Setting next_dagrun for tutorial to 2024-08-11T10:05:24.928843+00:00, run_after=2024-08-12T10:05:24.928843+00:00
[2024-08-12T10:05:24.940+0000] {processor.py:161} INFO - Processing /home/airflow/.local/lib/python3.7/site-packages/airflow/example_dags/tutorial.py took 0.065 seconds
[2024-08-12T10:05:55.668+0000] {processor.py:153} INFO - Started process (PID=1108) to work on /home/airflow/.local/lib/python3.7/site-packages/airflow/example_dags/tutorial.py
[2024-08-12T10:05:55.669+0000] {processor.py:640} INFO - Processing file /home/airflow/.local/lib/python3.7/site-packages/airflow/example_dags/tutorial.py for tasks to queue
[2024-08-12T10:05:55.669+0000] {logging_mixin.py:115} INFO - [2024-08-12T10:05:55.669+0000] {dagbag.py:508} INFO - Filling up the DagBag from /home/airflow/.local/lib/python3.7/site-packages/airflow/example_dags/tutorial.py
[2024-08-12T10:05:55.673+0000] {processor.py:650} INFO - DAG(s) dict_keys(['tutorial']) retrieved from /home/airflow/.local/lib/python3.7/site-packages/airflow/example_dags/tutorial.py
[2024-08-12T10:05:55.695+0000] {logging_mixin.py:115} INFO - [2024-08-12T10:05:55.695+0000] {dag.py:2429} INFO - Sync 1 DAGs
[2024-08-12T10:05:55.713+0000] {logging_mixin.py:115} INFO - [2024-08-12T10:05:55.713+0000] {dag.py:2981} INFO - Setting next_dagrun for tutorial to 2024-08-11T10:05:55.713549+00:00, run_after=2024-08-12T10:05:55.713549+00:00
[2024-08-12T10:05:55.724+0000] {processor.py:161} INFO - Processing /home/airflow/.local/lib/python3.7/site-packages/airflow/example_dags/tutorial.py took 0.059 seconds
[2024-08-12T10:06:26.412+0000] {processor.py:153} INFO - Started process (PID=1171) to work on /home/airflow/.local/lib/python3.7/site-packages/airflow/example_dags/tutorial.py
[2024-08-12T10:06:26.412+0000] {processor.py:640} INFO - Processing file /home/airflow/.local/lib/python3.7/site-packages/airflow/example_dags/tutorial.py for tasks to queue
[2024-08-12T10:06:26.413+0000] {logging_mixin.py:115} INFO - [2024-08-12T10:06:26.413+0000] {dagbag.py:508} INFO - Filling up the DagBag from /home/airflow/.local/lib/python3.7/site-packages/airflow/example_dags/tutorial.py
[2024-08-12T10:06:26.417+0000] {processor.py:650} INFO - DAG(s) dict_keys(['tutorial']) retrieved from /home/airflow/.local/lib/python3.7/site-packages/airflow/example_dags/tutorial.py
[2024-08-12T10:06:26.438+0000] {logging_mixin.py:115} INFO - [2024-08-12T10:06:26.438+0000] {dag.py:2429} INFO - Sync 1 DAGs
[2024-08-12T10:06:26.457+0000] {logging_mixin.py:115} INFO - [2024-08-12T10:06:26.457+0000] {dag.py:2981} INFO - Setting next_dagrun for tutorial to 2024-08-11T10:06:26.457443+00:00, run_after=2024-08-12T10:06:26.457443+00:00
[2024-08-12T10:06:26.467+0000] {processor.py:161} INFO - Processing /home/airflow/.local/lib/python3.7/site-packages/airflow/example_dags/tutorial.py took 0.058 seconds
[2024-08-12T10:06:57.439+0000] {processor.py:153} INFO - Started process (PID=1234) to work on /home/airflow/.local/lib/python3.7/site-packages/airflow/example_dags/tutorial.py
[2024-08-12T10:06:57.440+0000] {processor.py:640} INFO - Processing file /home/airflow/.local/lib/python3.7/site-packages/airflow/example_dags/tutorial.py for tasks to queue
[2024-08-12T10:06:57.441+0000] {logging_mixin.py:115} INFO - [2024-08-12T10:06:57.441+0000] {dagbag.py:508} INFO - Filling up the DagBag from /home/airflow/.local/lib/python3.7/site-packages/airflow/example_dags/tutorial.py
[2024-08-12T10:06:57.445+0000] {processor.py:650} INFO - DAG(s) dict_keys(['tutorial']) retrieved from /home/airflow/.local/lib/python3.7/site-packages/airflow/example_dags/tutorial.py
[2024-08-12T10:06:57.467+0000] {logging_mixin.py:115} INFO - [2024-08-12T10:06:57.467+0000] {dag.py:2429} INFO - Sync 1 DAGs
[2024-08-12T10:06:57.485+0000] {logging_mixin.py:115} INFO - [2024-08-12T10:06:57.485+0000] {dag.py:2981} INFO - Setting next_dagrun for tutorial to 2024-08-11T10:06:57.485529+00:00, run_after=2024-08-12T10:06:57.485529+00:00
[2024-08-12T10:06:57.499+0000] {processor.py:161} INFO - Processing /home/airflow/.local/lib/python3.7/site-packages/airflow/example_dags/tutorial.py took 0.062 seconds
[2024-08-12T10:07:27.782+0000] {processor.py:153} INFO - Started process (PID=1297) to work on /home/airflow/.local/lib/python3.7/site-packages/airflow/example_dags/tutorial.py
[2024-08-12T10:07:27.783+0000] {processor.py:640} INFO - Processing file /home/airflow/.local/lib/python3.7/site-packages/airflow/example_dags/tutorial.py for tasks to queue
[2024-08-12T10:07:27.783+0000] {logging_mixin.py:115} INFO - [2024-08-12T10:07:27.783+0000] {dagbag.py:508} INFO - Filling up the DagBag from /home/airflow/.local/lib/python3.7/site-packages/airflow/example_dags/tutorial.py
[2024-08-12T10:07:27.788+0000] {processor.py:650} INFO - DAG(s) dict_keys(['tutorial']) retrieved from /home/airflow/.local/lib/python3.7/site-packages/airflow/example_dags/tutorial.py
[2024-08-12T10:07:27.811+0000] {logging_mixin.py:115} INFO - [2024-08-12T10:07:27.810+0000] {dag.py:2429} INFO - Sync 1 DAGs
[2024-08-12T10:07:27.830+0000] {logging_mixin.py:115} INFO - [2024-08-12T10:07:27.830+0000] {dag.py:2981} INFO - Setting next_dagrun for tutorial to 2024-08-11T10:07:27.829858+00:00, run_after=2024-08-12T10:07:27.829858+00:00
[2024-08-12T10:07:27.841+0000] {processor.py:161} INFO - Processing /home/airflow/.local/lib/python3.7/site-packages/airflow/example_dags/tutorial.py took 0.061 seconds
[2024-08-12T10:07:58.659+0000] {processor.py:153} INFO - Started process (PID=1351) to work on /home/airflow/.local/lib/python3.7/site-packages/airflow/example_dags/tutorial.py
[2024-08-12T10:07:58.660+0000] {processor.py:640} INFO - Processing file /home/airflow/.local/lib/python3.7/site-packages/airflow/example_dags/tutorial.py for tasks to queue
[2024-08-12T10:07:58.660+0000] {logging_mixin.py:115} INFO - [2024-08-12T10:07:58.660+0000] {dagbag.py:508} INFO - Filling up the DagBag from /home/airflow/.local/lib/python3.7/site-packages/airflow/example_dags/tutorial.py
[2024-08-12T10:07:58.664+0000] {processor.py:650} INFO - DAG(s) dict_keys(['tutorial']) retrieved from /home/airflow/.local/lib/python3.7/site-packages/airflow/example_dags/tutorial.py
[2024-08-12T10:07:58.684+0000] {logging_mixin.py:115} INFO - [2024-08-12T10:07:58.684+0000] {dag.py:2429} INFO - Sync 1 DAGs
[2024-08-12T10:07:58.702+0000] {logging_mixin.py:115} INFO - [2024-08-12T10:07:58.702+0000] {dag.py:2981} INFO - Setting next_dagrun for tutorial to 2024-08-11T10:07:58.702192+00:00, run_after=2024-08-12T10:07:58.702192+00:00
[2024-08-12T10:07:58.712+0000] {processor.py:161} INFO - Processing /home/airflow/.local/lib/python3.7/site-packages/airflow/example_dags/tutorial.py took 0.056 seconds
[2024-08-12T10:08:29.400+0000] {processor.py:153} INFO - Started process (PID=1414) to work on /home/airflow/.local/lib/python3.7/site-packages/airflow/example_dags/tutorial.py
[2024-08-12T10:08:29.400+0000] {processor.py:640} INFO - Processing file /home/airflow/.local/lib/python3.7/site-packages/airflow/example_dags/tutorial.py for tasks to queue
[2024-08-12T10:08:29.401+0000] {logging_mixin.py:115} INFO - [2024-08-12T10:08:29.401+0000] {dagbag.py:508} INFO - Filling up the DagBag from /home/airflow/.local/lib/python3.7/site-packages/airflow/example_dags/tutorial.py
[2024-08-12T10:08:29.405+0000] {processor.py:650} INFO - DAG(s) dict_keys(['tutorial']) retrieved from /home/airflow/.local/lib/python3.7/site-packages/airflow/example_dags/tutorial.py
[2024-08-12T10:08:29.427+0000] {logging_mixin.py:115} INFO - [2024-08-12T10:08:29.426+0000] {dag.py:2429} INFO - Sync 1 DAGs
[2024-08-12T10:08:29.445+0000] {logging_mixin.py:115} INFO - [2024-08-12T10:08:29.445+0000] {dag.py:2981} INFO - Setting next_dagrun for tutorial to 2024-08-11T10:08:29.444862+00:00, run_after=2024-08-12T10:08:29.444862+00:00
[2024-08-12T10:08:29.455+0000] {processor.py:161} INFO - Processing /home/airflow/.local/lib/python3.7/site-packages/airflow/example_dags/tutorial.py took 0.058 seconds
[2024-08-12T10:09:00.191+0000] {processor.py:153} INFO - Started process (PID=1477) to work on /home/airflow/.local/lib/python3.7/site-packages/airflow/example_dags/tutorial.py
[2024-08-12T10:09:00.192+0000] {processor.py:640} INFO - Processing file /home/airflow/.local/lib/python3.7/site-packages/airflow/example_dags/tutorial.py for tasks to queue
[2024-08-12T10:09:00.192+0000] {logging_mixin.py:115} INFO - [2024-08-12T10:09:00.192+0000] {dagbag.py:508} INFO - Filling up the DagBag from /home/airflow/.local/lib/python3.7/site-packages/airflow/example_dags/tutorial.py
[2024-08-12T10:09:00.197+0000] {processor.py:650} INFO - DAG(s) dict_keys(['tutorial']) retrieved from /home/airflow/.local/lib/python3.7/site-packages/airflow/example_dags/tutorial.py
[2024-08-12T10:09:00.217+0000] {logging_mixin.py:115} INFO - [2024-08-12T10:09:00.217+0000] {dag.py:2429} INFO - Sync 1 DAGs
[2024-08-12T10:09:00.235+0000] {logging_mixin.py:115} INFO - [2024-08-12T10:09:00.235+0000] {dag.py:2981} INFO - Setting next_dagrun for tutorial to 2024-08-11T10:09:00.235012+00:00, run_after=2024-08-12T10:09:00.235012+00:00
[2024-08-12T10:09:00.245+0000] {processor.py:161} INFO - Processing /home/airflow/.local/lib/python3.7/site-packages/airflow/example_dags/tutorial.py took 0.056 seconds
[2024-08-12T10:09:30.850+0000] {processor.py:153} INFO - Started process (PID=1531) to work on /home/airflow/.local/lib/python3.7/site-packages/airflow/example_dags/tutorial.py
[2024-08-12T10:09:30.851+0000] {processor.py:640} INFO - Processing file /home/airflow/.local/lib/python3.7/site-packages/airflow/example_dags/tutorial.py for tasks to queue
[2024-08-12T10:09:30.851+0000] {logging_mixin.py:115} INFO - [2024-08-12T10:09:30.851+0000] {dagbag.py:508} INFO - Filling up the DagBag from /home/airflow/.local/lib/python3.7/site-packages/airflow/example_dags/tutorial.py
[2024-08-12T10:09:30.855+0000] {processor.py:650} INFO - DAG(s) dict_keys(['tutorial']) retrieved from /home/airflow/.local/lib/python3.7/site-packages/airflow/example_dags/tutorial.py
[2024-08-12T10:09:30.877+0000] {logging_mixin.py:115} INFO - [2024-08-12T10:09:30.877+0000] {dag.py:2429} INFO - Sync 1 DAGs
[2024-08-12T10:09:30.894+0000] {logging_mixin.py:115} INFO - [2024-08-12T10:09:30.894+0000] {dag.py:2981} INFO - Setting next_dagrun for tutorial to 2024-08-11T10:09:30.894300+00:00, run_after=2024-08-12T10:09:30.894300+00:00
[2024-08-12T10:09:30.904+0000] {processor.py:161} INFO - Processing /home/airflow/.local/lib/python3.7/site-packages/airflow/example_dags/tutorial.py took 0.057 seconds
[2024-08-12T10:10:01.652+0000] {processor.py:153} INFO - Started process (PID=1594) to work on /home/airflow/.local/lib/python3.7/site-packages/airflow/example_dags/tutorial.py
[2024-08-12T10:10:01.653+0000] {processor.py:640} INFO - Processing file /home/airflow/.local/lib/python3.7/site-packages/airflow/example_dags/tutorial.py for tasks to queue
[2024-08-12T10:10:01.654+0000] {logging_mixin.py:115} INFO - [2024-08-12T10:10:01.653+0000] {dagbag.py:508} INFO - Filling up the DagBag from /home/airflow/.local/lib/python3.7/site-packages/airflow/example_dags/tutorial.py
[2024-08-12T10:10:01.658+0000] {processor.py:650} INFO - DAG(s) dict_keys(['tutorial']) retrieved from /home/airflow/.local/lib/python3.7/site-packages/airflow/example_dags/tutorial.py
[2024-08-12T10:10:01.680+0000] {logging_mixin.py:115} INFO - [2024-08-12T10:10:01.680+0000] {dag.py:2429} INFO - Sync 1 DAGs
[2024-08-12T10:10:01.700+0000] {logging_mixin.py:115} INFO - [2024-08-12T10:10:01.700+0000] {dag.py:2981} INFO - Setting next_dagrun for tutorial to 2024-08-11T10:10:01.699835+00:00, run_after=2024-08-12T10:10:01.699835+00:00
[2024-08-12T10:10:01.712+0000] {processor.py:161} INFO - Processing /home/airflow/.local/lib/python3.7/site-packages/airflow/example_dags/tutorial.py took 0.062 seconds
[2024-08-12T10:10:32.402+0000] {processor.py:153} INFO - Started process (PID=1657) to work on /home/airflow/.local/lib/python3.7/site-packages/airflow/example_dags/tutorial.py
[2024-08-12T10:10:32.403+0000] {processor.py:640} INFO - Processing file /home/airflow/.local/lib/python3.7/site-packages/airflow/example_dags/tutorial.py for tasks to queue
[2024-08-12T10:10:32.403+0000] {logging_mixin.py:115} INFO - [2024-08-12T10:10:32.403+0000] {dagbag.py:508} INFO - Filling up the DagBag from /home/airflow/.local/lib/python3.7/site-packages/airflow/example_dags/tutorial.py
[2024-08-12T10:10:32.407+0000] {processor.py:650} INFO - DAG(s) dict_keys(['tutorial']) retrieved from /home/airflow/.local/lib/python3.7/site-packages/airflow/example_dags/tutorial.py
[2024-08-12T10:10:32.428+0000] {logging_mixin.py:115} INFO - [2024-08-12T10:10:32.428+0000] {dag.py:2429} INFO - Sync 1 DAGs
[2024-08-12T10:10:32.445+0000] {logging_mixin.py:115} INFO - [2024-08-12T10:10:32.444+0000] {dag.py:2981} INFO - Setting next_dagrun for tutorial to 2024-08-11T10:10:32.444786+00:00, run_after=2024-08-12T10:10:32.444786+00:00
[2024-08-12T10:10:32.455+0000] {processor.py:161} INFO - Processing /home/airflow/.local/lib/python3.7/site-packages/airflow/example_dags/tutorial.py took 0.056 seconds
[2024-08-12T10:11:03.204+0000] {processor.py:153} INFO - Started process (PID=1720) to work on /home/airflow/.local/lib/python3.7/site-packages/airflow/example_dags/tutorial.py
[2024-08-12T10:11:03.205+0000] {processor.py:640} INFO - Processing file /home/airflow/.local/lib/python3.7/site-packages/airflow/example_dags/tutorial.py for tasks to queue
[2024-08-12T10:11:03.205+0000] {logging_mixin.py:115} INFO - [2024-08-12T10:11:03.205+0000] {dagbag.py:508} INFO - Filling up the DagBag from /home/airflow/.local/lib/python3.7/site-packages/airflow/example_dags/tutorial.py
[2024-08-12T10:11:03.210+0000] {processor.py:650} INFO - DAG(s) dict_keys(['tutorial']) retrieved from /home/airflow/.local/lib/python3.7/site-packages/airflow/example_dags/tutorial.py
[2024-08-12T10:11:03.231+0000] {logging_mixin.py:115} INFO - [2024-08-12T10:11:03.231+0000] {dag.py:2429} INFO - Sync 1 DAGs
[2024-08-12T10:11:03.250+0000] {logging_mixin.py:115} INFO - [2024-08-12T10:11:03.250+0000] {dag.py:2981} INFO - Setting next_dagrun for tutorial to 2024-08-11T10:11:03.250640+00:00, run_after=2024-08-12T10:11:03.250640+00:00
[2024-08-12T10:11:03.262+0000] {processor.py:161} INFO - Processing /home/airflow/.local/lib/python3.7/site-packages/airflow/example_dags/tutorial.py took 0.061 seconds
[2024-08-12T10:11:33.962+0000] {processor.py:153} INFO - Started process (PID=1774) to work on /home/airflow/.local/lib/python3.7/site-packages/airflow/example_dags/tutorial.py
[2024-08-12T10:11:33.963+0000] {processor.py:640} INFO - Processing file /home/airflow/.local/lib/python3.7/site-packages/airflow/example_dags/tutorial.py for tasks to queue
[2024-08-12T10:11:33.964+0000] {logging_mixin.py:115} INFO - [2024-08-12T10:11:33.964+0000] {dagbag.py:508} INFO - Filling up the DagBag from /home/airflow/.local/lib/python3.7/site-packages/airflow/example_dags/tutorial.py
[2024-08-12T10:11:33.968+0000] {processor.py:650} INFO - DAG(s) dict_keys(['tutorial']) retrieved from /home/airflow/.local/lib/python3.7/site-packages/airflow/example_dags/tutorial.py
[2024-08-12T10:11:33.989+0000] {logging_mixin.py:115} INFO - [2024-08-12T10:11:33.988+0000] {dag.py:2429} INFO - Sync 1 DAGs
[2024-08-12T10:11:34.007+0000] {logging_mixin.py:115} INFO - [2024-08-12T10:11:34.007+0000] {dag.py:2981} INFO - Setting next_dagrun for tutorial to 2024-08-11T10:11:34.006969+00:00, run_after=2024-08-12T10:11:34.006969+00:00
[2024-08-12T10:11:34.018+0000] {processor.py:161} INFO - Processing /home/airflow/.local/lib/python3.7/site-packages/airflow/example_dags/tutorial.py took 0.058 seconds
[2024-08-12T10:12:04.702+0000] {processor.py:153} INFO - Started process (PID=1837) to work on /home/airflow/.local/lib/python3.7/site-packages/airflow/example_dags/tutorial.py
[2024-08-12T10:12:04.703+0000] {processor.py:640} INFO - Processing file /home/airflow/.local/lib/python3.7/site-packages/airflow/example_dags/tutorial.py for tasks to queue
[2024-08-12T10:12:04.703+0000] {logging_mixin.py:115} INFO - [2024-08-12T10:12:04.703+0000] {dagbag.py:508} INFO - Filling up the DagBag from /home/airflow/.local/lib/python3.7/site-packages/airflow/example_dags/tutorial.py
[2024-08-12T10:12:04.708+0000] {processor.py:650} INFO - DAG(s) dict_keys(['tutorial']) retrieved from /home/airflow/.local/lib/python3.7/site-packages/airflow/example_dags/tutorial.py
[2024-08-12T10:12:04.731+0000] {logging_mixin.py:115} INFO - [2024-08-12T10:12:04.731+0000] {dag.py:2429} INFO - Sync 1 DAGs
[2024-08-12T10:12:04.752+0000] {logging_mixin.py:115} INFO - [2024-08-12T10:12:04.752+0000] {dag.py:2981} INFO - Setting next_dagrun for tutorial to 2024-08-11T10:12:04.752559+00:00, run_after=2024-08-12T10:12:04.752559+00:00
[2024-08-12T10:12:04.764+0000] {processor.py:161} INFO - Processing /home/airflow/.local/lib/python3.7/site-packages/airflow/example_dags/tutorial.py took 0.064 seconds
[2024-08-12T10:12:35.684+0000] {processor.py:153} INFO - Started process (PID=1900) to work on /home/airflow/.local/lib/python3.7/site-packages/airflow/example_dags/tutorial.py
[2024-08-12T10:12:35.685+0000] {processor.py:640} INFO - Processing file /home/airflow/.local/lib/python3.7/site-packages/airflow/example_dags/tutorial.py for tasks to queue
[2024-08-12T10:12:35.686+0000] {logging_mixin.py:115} INFO - [2024-08-12T10:12:35.685+0000] {dagbag.py:508} INFO - Filling up the DagBag from /home/airflow/.local/lib/python3.7/site-packages/airflow/example_dags/tutorial.py
[2024-08-12T10:12:35.690+0000] {processor.py:650} INFO - DAG(s) dict_keys(['tutorial']) retrieved from /home/airflow/.local/lib/python3.7/site-packages/airflow/example_dags/tutorial.py
[2024-08-12T10:12:35.713+0000] {logging_mixin.py:115} INFO - [2024-08-12T10:12:35.713+0000] {dag.py:2429} INFO - Sync 1 DAGs
[2024-08-12T10:12:35.731+0000] {logging_mixin.py:115} INFO - [2024-08-12T10:12:35.731+0000] {dag.py:2981} INFO - Setting next_dagrun for tutorial to 2024-08-11T10:12:35.731119+00:00, run_after=2024-08-12T10:12:35.731119+00:00
[2024-08-12T10:12:35.744+0000] {processor.py:161} INFO - Processing /home/airflow/.local/lib/python3.7/site-packages/airflow/example_dags/tutorial.py took 0.062 seconds
[2024-08-12T10:13:06.546+0000] {processor.py:153} INFO - Started process (PID=1963) to work on /home/airflow/.local/lib/python3.7/site-packages/airflow/example_dags/tutorial.py
[2024-08-12T10:13:06.546+0000] {processor.py:640} INFO - Processing file /home/airflow/.local/lib/python3.7/site-packages/airflow/example_dags/tutorial.py for tasks to queue
[2024-08-12T10:13:06.547+0000] {logging_mixin.py:115} INFO - [2024-08-12T10:13:06.547+0000] {dagbag.py:508} INFO - Filling up the DagBag from /home/airflow/.local/lib/python3.7/site-packages/airflow/example_dags/tutorial.py
[2024-08-12T10:13:06.551+0000] {processor.py:650} INFO - DAG(s) dict_keys(['tutorial']) retrieved from /home/airflow/.local/lib/python3.7/site-packages/airflow/example_dags/tutorial.py
[2024-08-12T10:13:06.572+0000] {logging_mixin.py:115} INFO - [2024-08-12T10:13:06.572+0000] {dag.py:2429} INFO - Sync 1 DAGs
[2024-08-12T10:13:06.591+0000] {logging_mixin.py:115} INFO - [2024-08-12T10:13:06.590+0000] {dag.py:2981} INFO - Setting next_dagrun for tutorial to 2024-08-11T10:13:06.590747+00:00, run_after=2024-08-12T10:13:06.590747+00:00
[2024-08-12T10:13:06.604+0000] {processor.py:161} INFO - Processing /home/airflow/.local/lib/python3.7/site-packages/airflow/example_dags/tutorial.py took 0.061 seconds
[2024-08-12T10:13:37.217+0000] {processor.py:153} INFO - Started process (PID=2017) to work on /home/airflow/.local/lib/python3.7/site-packages/airflow/example_dags/tutorial.py
[2024-08-12T10:13:37.218+0000] {processor.py:640} INFO - Processing file /home/airflow/.local/lib/python3.7/site-packages/airflow/example_dags/tutorial.py for tasks to queue
[2024-08-12T10:13:37.218+0000] {logging_mixin.py:115} INFO - [2024-08-12T10:13:37.218+0000] {dagbag.py:508} INFO - Filling up the DagBag from /home/airflow/.local/lib/python3.7/site-packages/airflow/example_dags/tutorial.py
[2024-08-12T10:13:37.222+0000] {processor.py:650} INFO - DAG(s) dict_keys(['tutorial']) retrieved from /home/airflow/.local/lib/python3.7/site-packages/airflow/example_dags/tutorial.py
[2024-08-12T10:13:37.244+0000] {logging_mixin.py:115} INFO - [2024-08-12T10:13:37.244+0000] {dag.py:2429} INFO - Sync 1 DAGs
[2024-08-12T10:13:37.261+0000] {logging_mixin.py:115} INFO - [2024-08-12T10:13:37.261+0000] {dag.py:2981} INFO - Setting next_dagrun for tutorial to 2024-08-11T10:13:37.261361+00:00, run_after=2024-08-12T10:13:37.261361+00:00
[2024-08-12T10:13:37.272+0000] {processor.py:161} INFO - Processing /home/airflow/.local/lib/python3.7/site-packages/airflow/example_dags/tutorial.py took 0.058 seconds
[2024-08-12T10:14:08.197+0000] {processor.py:153} INFO - Started process (PID=2080) to work on /home/airflow/.local/lib/python3.7/site-packages/airflow/example_dags/tutorial.py
[2024-08-12T10:14:08.198+0000] {processor.py:640} INFO - Processing file /home/airflow/.local/lib/python3.7/site-packages/airflow/example_dags/tutorial.py for tasks to queue
[2024-08-12T10:14:08.199+0000] {logging_mixin.py:115} INFO - [2024-08-12T10:14:08.198+0000] {dagbag.py:508} INFO - Filling up the DagBag from /home/airflow/.local/lib/python3.7/site-packages/airflow/example_dags/tutorial.py
[2024-08-12T10:14:08.203+0000] {processor.py:650} INFO - DAG(s) dict_keys(['tutorial']) retrieved from /home/airflow/.local/lib/python3.7/site-packages/airflow/example_dags/tutorial.py
[2024-08-12T10:14:08.224+0000] {logging_mixin.py:115} INFO - [2024-08-12T10:14:08.224+0000] {dag.py:2429} INFO - Sync 1 DAGs
[2024-08-12T10:14:08.242+0000] {logging_mixin.py:115} INFO - [2024-08-12T10:14:08.242+0000] {dag.py:2981} INFO - Setting next_dagrun for tutorial to 2024-08-11T10:14:08.242446+00:00, run_after=2024-08-12T10:14:08.242446+00:00
[2024-08-12T10:14:08.255+0000] {processor.py:161} INFO - Processing /home/airflow/.local/lib/python3.7/site-packages/airflow/example_dags/tutorial.py took 0.060 seconds
