[2024-08-12T08:27:06.932+0000] {processor.py:153} INFO - Started process (PID=67) to work on /home/airflow/.local/lib/python3.7/site-packages/airflow/example_dags/tutorial_etl_dag.py
[2024-08-12T08:27:06.933+0000] {processor.py:640} INFO - Processing file /home/airflow/.local/lib/python3.7/site-packages/airflow/example_dags/tutorial_etl_dag.py for tasks to queue
[2024-08-12T08:27:06.933+0000] {logging_mixin.py:115} INFO - [2024-08-12T08:27:06.933+0000] {dagbag.py:508} INFO - Filling up the DagBag from /home/airflow/.local/lib/python3.7/site-packages/airflow/example_dags/tutorial_etl_dag.py
[2024-08-12T08:27:06.940+0000] {processor.py:650} INFO - DAG(s) dict_keys(['tutorial_etl_dag']) retrieved from /home/airflow/.local/lib/python3.7/site-packages/airflow/example_dags/tutorial_etl_dag.py
[2024-08-12T08:27:07.050+0000] {logging_mixin.py:115} INFO - [2024-08-12T08:27:07.050+0000] {manager.py:508} INFO - Created Permission View: can edit on DAG:tutorial_etl_dag
[2024-08-12T08:27:07.065+0000] {logging_mixin.py:115} INFO - [2024-08-12T08:27:07.064+0000] {manager.py:508} INFO - Created Permission View: can read on DAG:tutorial_etl_dag
[2024-08-12T08:27:07.077+0000] {logging_mixin.py:115} INFO - [2024-08-12T08:27:07.076+0000] {manager.py:508} INFO - Created Permission View: can delete on DAG:tutorial_etl_dag
[2024-08-12T08:27:07.077+0000] {logging_mixin.py:115} INFO - [2024-08-12T08:27:07.077+0000] {dag.py:2429} INFO - Sync 1 DAGs
[2024-08-12T08:27:07.087+0000] {logging_mixin.py:115} INFO - [2024-08-12T08:27:07.087+0000] {dag.py:2448} INFO - Creating ORM DAG for tutorial_etl_dag
[2024-08-12T08:27:07.103+0000] {logging_mixin.py:115} INFO - [2024-08-12T08:27:07.103+0000] {dag.py:2981} INFO - Setting next_dagrun for tutorial_etl_dag to None, run_after=None
[2024-08-12T08:27:07.125+0000] {processor.py:161} INFO - Processing /home/airflow/.local/lib/python3.7/site-packages/airflow/example_dags/tutorial_etl_dag.py took 0.196 seconds
[2024-08-12T08:27:37.984+0000] {processor.py:153} INFO - Started process (PID=119) to work on /home/airflow/.local/lib/python3.7/site-packages/airflow/example_dags/tutorial_etl_dag.py
[2024-08-12T08:27:37.985+0000] {processor.py:640} INFO - Processing file /home/airflow/.local/lib/python3.7/site-packages/airflow/example_dags/tutorial_etl_dag.py for tasks to queue
[2024-08-12T08:27:37.985+0000] {logging_mixin.py:115} INFO - [2024-08-12T08:27:37.985+0000] {dagbag.py:508} INFO - Filling up the DagBag from /home/airflow/.local/lib/python3.7/site-packages/airflow/example_dags/tutorial_etl_dag.py
[2024-08-12T08:27:37.990+0000] {processor.py:650} INFO - DAG(s) dict_keys(['tutorial_etl_dag']) retrieved from /home/airflow/.local/lib/python3.7/site-packages/airflow/example_dags/tutorial_etl_dag.py
[2024-08-12T08:27:38.011+0000] {logging_mixin.py:115} INFO - [2024-08-12T08:27:38.011+0000] {dag.py:2429} INFO - Sync 1 DAGs
[2024-08-12T08:27:38.027+0000] {logging_mixin.py:115} INFO - [2024-08-12T08:27:38.027+0000] {dag.py:2981} INFO - Setting next_dagrun for tutorial_etl_dag to None, run_after=None
[2024-08-12T08:27:38.038+0000] {processor.py:161} INFO - Processing /home/airflow/.local/lib/python3.7/site-packages/airflow/example_dags/tutorial_etl_dag.py took 0.056 seconds
[2024-08-12T08:28:08.692+0000] {processor.py:153} INFO - Started process (PID=180) to work on /home/airflow/.local/lib/python3.7/site-packages/airflow/example_dags/tutorial_etl_dag.py
[2024-08-12T08:28:08.693+0000] {processor.py:640} INFO - Processing file /home/airflow/.local/lib/python3.7/site-packages/airflow/example_dags/tutorial_etl_dag.py for tasks to queue
[2024-08-12T08:28:08.694+0000] {logging_mixin.py:115} INFO - [2024-08-12T08:28:08.694+0000] {dagbag.py:508} INFO - Filling up the DagBag from /home/airflow/.local/lib/python3.7/site-packages/airflow/example_dags/tutorial_etl_dag.py
[2024-08-12T08:28:08.701+0000] {processor.py:650} INFO - DAG(s) dict_keys(['tutorial_etl_dag']) retrieved from /home/airflow/.local/lib/python3.7/site-packages/airflow/example_dags/tutorial_etl_dag.py
[2024-08-12T08:28:08.725+0000] {logging_mixin.py:115} INFO - [2024-08-12T08:28:08.724+0000] {dag.py:2429} INFO - Sync 1 DAGs
[2024-08-12T08:28:08.742+0000] {logging_mixin.py:115} INFO - [2024-08-12T08:28:08.742+0000] {dag.py:2981} INFO - Setting next_dagrun for tutorial_etl_dag to None, run_after=None
[2024-08-12T08:28:08.752+0000] {processor.py:161} INFO - Processing /home/airflow/.local/lib/python3.7/site-packages/airflow/example_dags/tutorial_etl_dag.py took 0.063 seconds
[2024-08-12T09:57:11.337+0000] {processor.py:153} INFO - Started process (PID=69) to work on /home/airflow/.local/lib/python3.7/site-packages/airflow/example_dags/tutorial_etl_dag.py
[2024-08-12T09:57:11.338+0000] {processor.py:640} INFO - Processing file /home/airflow/.local/lib/python3.7/site-packages/airflow/example_dags/tutorial_etl_dag.py for tasks to queue
[2024-08-12T09:57:11.339+0000] {logging_mixin.py:115} INFO - [2024-08-12T09:57:11.339+0000] {dagbag.py:508} INFO - Filling up the DagBag from /home/airflow/.local/lib/python3.7/site-packages/airflow/example_dags/tutorial_etl_dag.py
[2024-08-12T09:57:11.346+0000] {processor.py:650} INFO - DAG(s) dict_keys(['tutorial_etl_dag']) retrieved from /home/airflow/.local/lib/python3.7/site-packages/airflow/example_dags/tutorial_etl_dag.py
[2024-08-12T09:57:11.370+0000] {logging_mixin.py:115} INFO - [2024-08-12T09:57:11.370+0000] {dag.py:2429} INFO - Sync 1 DAGs
[2024-08-12T09:57:11.389+0000] {logging_mixin.py:115} INFO - [2024-08-12T09:57:11.389+0000] {dag.py:2981} INFO - Setting next_dagrun for tutorial_etl_dag to None, run_after=None
[2024-08-12T09:57:11.400+0000] {processor.py:161} INFO - Processing /home/airflow/.local/lib/python3.7/site-packages/airflow/example_dags/tutorial_etl_dag.py took 0.066 seconds
[2024-08-12T09:57:41.986+0000] {processor.py:153} INFO - Started process (PID=123) to work on /home/airflow/.local/lib/python3.7/site-packages/airflow/example_dags/tutorial_etl_dag.py
[2024-08-12T09:57:41.987+0000] {processor.py:640} INFO - Processing file /home/airflow/.local/lib/python3.7/site-packages/airflow/example_dags/tutorial_etl_dag.py for tasks to queue
[2024-08-12T09:57:41.987+0000] {logging_mixin.py:115} INFO - [2024-08-12T09:57:41.987+0000] {dagbag.py:508} INFO - Filling up the DagBag from /home/airflow/.local/lib/python3.7/site-packages/airflow/example_dags/tutorial_etl_dag.py
[2024-08-12T09:57:41.993+0000] {processor.py:650} INFO - DAG(s) dict_keys(['tutorial_etl_dag']) retrieved from /home/airflow/.local/lib/python3.7/site-packages/airflow/example_dags/tutorial_etl_dag.py
[2024-08-12T09:57:42.013+0000] {logging_mixin.py:115} INFO - [2024-08-12T09:57:42.013+0000] {dag.py:2429} INFO - Sync 1 DAGs
[2024-08-12T09:57:42.033+0000] {logging_mixin.py:115} INFO - [2024-08-12T09:57:42.033+0000] {dag.py:2981} INFO - Setting next_dagrun for tutorial_etl_dag to None, run_after=None
[2024-08-12T09:57:42.043+0000] {processor.py:161} INFO - Processing /home/airflow/.local/lib/python3.7/site-packages/airflow/example_dags/tutorial_etl_dag.py took 0.059 seconds
[2024-08-12T09:58:12.913+0000] {processor.py:153} INFO - Started process (PID=186) to work on /home/airflow/.local/lib/python3.7/site-packages/airflow/example_dags/tutorial_etl_dag.py
[2024-08-12T09:58:12.914+0000] {processor.py:640} INFO - Processing file /home/airflow/.local/lib/python3.7/site-packages/airflow/example_dags/tutorial_etl_dag.py for tasks to queue
[2024-08-12T09:58:12.915+0000] {logging_mixin.py:115} INFO - [2024-08-12T09:58:12.915+0000] {dagbag.py:508} INFO - Filling up the DagBag from /home/airflow/.local/lib/python3.7/site-packages/airflow/example_dags/tutorial_etl_dag.py
[2024-08-12T09:58:12.920+0000] {processor.py:650} INFO - DAG(s) dict_keys(['tutorial_etl_dag']) retrieved from /home/airflow/.local/lib/python3.7/site-packages/airflow/example_dags/tutorial_etl_dag.py
[2024-08-12T09:58:12.940+0000] {logging_mixin.py:115} INFO - [2024-08-12T09:58:12.940+0000] {dag.py:2429} INFO - Sync 1 DAGs
[2024-08-12T09:58:12.959+0000] {logging_mixin.py:115} INFO - [2024-08-12T09:58:12.959+0000] {dag.py:2981} INFO - Setting next_dagrun for tutorial_etl_dag to None, run_after=None
[2024-08-12T09:58:12.975+0000] {processor.py:161} INFO - Processing /home/airflow/.local/lib/python3.7/site-packages/airflow/example_dags/tutorial_etl_dag.py took 0.064 seconds
[2024-08-12T09:58:43.847+0000] {processor.py:153} INFO - Started process (PID=249) to work on /home/airflow/.local/lib/python3.7/site-packages/airflow/example_dags/tutorial_etl_dag.py
[2024-08-12T09:58:43.848+0000] {processor.py:640} INFO - Processing file /home/airflow/.local/lib/python3.7/site-packages/airflow/example_dags/tutorial_etl_dag.py for tasks to queue
[2024-08-12T09:58:43.849+0000] {logging_mixin.py:115} INFO - [2024-08-12T09:58:43.849+0000] {dagbag.py:508} INFO - Filling up the DagBag from /home/airflow/.local/lib/python3.7/site-packages/airflow/example_dags/tutorial_etl_dag.py
[2024-08-12T09:58:43.856+0000] {processor.py:650} INFO - DAG(s) dict_keys(['tutorial_etl_dag']) retrieved from /home/airflow/.local/lib/python3.7/site-packages/airflow/example_dags/tutorial_etl_dag.py
[2024-08-12T09:58:43.880+0000] {logging_mixin.py:115} INFO - [2024-08-12T09:58:43.880+0000] {dag.py:2429} INFO - Sync 1 DAGs
[2024-08-12T09:58:43.898+0000] {logging_mixin.py:115} INFO - [2024-08-12T09:58:43.897+0000] {dag.py:2981} INFO - Setting next_dagrun for tutorial_etl_dag to None, run_after=None
[2024-08-12T09:58:43.908+0000] {processor.py:161} INFO - Processing /home/airflow/.local/lib/python3.7/site-packages/airflow/example_dags/tutorial_etl_dag.py took 0.065 seconds
[2024-08-12T09:59:14.704+0000] {processor.py:153} INFO - Started process (PID=312) to work on /home/airflow/.local/lib/python3.7/site-packages/airflow/example_dags/tutorial_etl_dag.py
[2024-08-12T09:59:14.705+0000] {processor.py:640} INFO - Processing file /home/airflow/.local/lib/python3.7/site-packages/airflow/example_dags/tutorial_etl_dag.py for tasks to queue
[2024-08-12T09:59:14.706+0000] {logging_mixin.py:115} INFO - [2024-08-12T09:59:14.706+0000] {dagbag.py:508} INFO - Filling up the DagBag from /home/airflow/.local/lib/python3.7/site-packages/airflow/example_dags/tutorial_etl_dag.py
[2024-08-12T09:59:14.711+0000] {processor.py:650} INFO - DAG(s) dict_keys(['tutorial_etl_dag']) retrieved from /home/airflow/.local/lib/python3.7/site-packages/airflow/example_dags/tutorial_etl_dag.py
[2024-08-12T09:59:14.733+0000] {logging_mixin.py:115} INFO - [2024-08-12T09:59:14.733+0000] {dag.py:2429} INFO - Sync 1 DAGs
[2024-08-12T09:59:14.752+0000] {logging_mixin.py:115} INFO - [2024-08-12T09:59:14.752+0000] {dag.py:2981} INFO - Setting next_dagrun for tutorial_etl_dag to None, run_after=None
[2024-08-12T09:59:14.763+0000] {processor.py:161} INFO - Processing /home/airflow/.local/lib/python3.7/site-packages/airflow/example_dags/tutorial_etl_dag.py took 0.061 seconds
[2024-08-12T09:59:44.864+0000] {processor.py:153} INFO - Started process (PID=365) to work on /home/airflow/.local/lib/python3.7/site-packages/airflow/example_dags/tutorial_etl_dag.py
[2024-08-12T09:59:44.865+0000] {processor.py:640} INFO - Processing file /home/airflow/.local/lib/python3.7/site-packages/airflow/example_dags/tutorial_etl_dag.py for tasks to queue
[2024-08-12T09:59:44.865+0000] {logging_mixin.py:115} INFO - [2024-08-12T09:59:44.865+0000] {dagbag.py:508} INFO - Filling up the DagBag from /home/airflow/.local/lib/python3.7/site-packages/airflow/example_dags/tutorial_etl_dag.py
[2024-08-12T09:59:44.870+0000] {processor.py:650} INFO - DAG(s) dict_keys(['tutorial_etl_dag']) retrieved from /home/airflow/.local/lib/python3.7/site-packages/airflow/example_dags/tutorial_etl_dag.py
[2024-08-12T09:59:44.893+0000] {logging_mixin.py:115} INFO - [2024-08-12T09:59:44.893+0000] {dag.py:2429} INFO - Sync 1 DAGs
[2024-08-12T09:59:44.911+0000] {logging_mixin.py:115} INFO - [2024-08-12T09:59:44.911+0000] {dag.py:2981} INFO - Setting next_dagrun for tutorial_etl_dag to None, run_after=None
[2024-08-12T09:59:44.921+0000] {processor.py:161} INFO - Processing /home/airflow/.local/lib/python3.7/site-packages/airflow/example_dags/tutorial_etl_dag.py took 0.060 seconds
[2024-08-12T10:00:15.866+0000] {processor.py:153} INFO - Started process (PID=429) to work on /home/airflow/.local/lib/python3.7/site-packages/airflow/example_dags/tutorial_etl_dag.py
[2024-08-12T10:00:15.867+0000] {processor.py:640} INFO - Processing file /home/airflow/.local/lib/python3.7/site-packages/airflow/example_dags/tutorial_etl_dag.py for tasks to queue
[2024-08-12T10:00:15.867+0000] {logging_mixin.py:115} INFO - [2024-08-12T10:00:15.867+0000] {dagbag.py:508} INFO - Filling up the DagBag from /home/airflow/.local/lib/python3.7/site-packages/airflow/example_dags/tutorial_etl_dag.py
[2024-08-12T10:00:15.872+0000] {processor.py:650} INFO - DAG(s) dict_keys(['tutorial_etl_dag']) retrieved from /home/airflow/.local/lib/python3.7/site-packages/airflow/example_dags/tutorial_etl_dag.py
[2024-08-12T10:00:15.893+0000] {logging_mixin.py:115} INFO - [2024-08-12T10:00:15.893+0000] {dag.py:2429} INFO - Sync 1 DAGs
[2024-08-12T10:00:15.911+0000] {logging_mixin.py:115} INFO - [2024-08-12T10:00:15.911+0000] {dag.py:2981} INFO - Setting next_dagrun for tutorial_etl_dag to None, run_after=None
[2024-08-12T10:00:15.921+0000] {processor.py:161} INFO - Processing /home/airflow/.local/lib/python3.7/site-packages/airflow/example_dags/tutorial_etl_dag.py took 0.057 seconds
[2024-08-12T10:00:46.636+0000] {processor.py:153} INFO - Started process (PID=492) to work on /home/airflow/.local/lib/python3.7/site-packages/airflow/example_dags/tutorial_etl_dag.py
[2024-08-12T10:00:46.637+0000] {processor.py:640} INFO - Processing file /home/airflow/.local/lib/python3.7/site-packages/airflow/example_dags/tutorial_etl_dag.py for tasks to queue
[2024-08-12T10:00:46.638+0000] {logging_mixin.py:115} INFO - [2024-08-12T10:00:46.638+0000] {dagbag.py:508} INFO - Filling up the DagBag from /home/airflow/.local/lib/python3.7/site-packages/airflow/example_dags/tutorial_etl_dag.py
[2024-08-12T10:00:46.643+0000] {processor.py:650} INFO - DAG(s) dict_keys(['tutorial_etl_dag']) retrieved from /home/airflow/.local/lib/python3.7/site-packages/airflow/example_dags/tutorial_etl_dag.py
[2024-08-12T10:00:46.664+0000] {logging_mixin.py:115} INFO - [2024-08-12T10:00:46.663+0000] {dag.py:2429} INFO - Sync 1 DAGs
[2024-08-12T10:00:46.681+0000] {logging_mixin.py:115} INFO - [2024-08-12T10:00:46.681+0000] {dag.py:2981} INFO - Setting next_dagrun for tutorial_etl_dag to None, run_after=None
[2024-08-12T10:00:46.692+0000] {processor.py:161} INFO - Processing /home/airflow/.local/lib/python3.7/site-packages/airflow/example_dags/tutorial_etl_dag.py took 0.058 seconds
[2024-08-12T10:01:17.457+0000] {processor.py:153} INFO - Started process (PID=555) to work on /home/airflow/.local/lib/python3.7/site-packages/airflow/example_dags/tutorial_etl_dag.py
[2024-08-12T10:01:17.458+0000] {processor.py:640} INFO - Processing file /home/airflow/.local/lib/python3.7/site-packages/airflow/example_dags/tutorial_etl_dag.py for tasks to queue
[2024-08-12T10:01:17.458+0000] {logging_mixin.py:115} INFO - [2024-08-12T10:01:17.458+0000] {dagbag.py:508} INFO - Filling up the DagBag from /home/airflow/.local/lib/python3.7/site-packages/airflow/example_dags/tutorial_etl_dag.py
[2024-08-12T10:01:17.463+0000] {processor.py:650} INFO - DAG(s) dict_keys(['tutorial_etl_dag']) retrieved from /home/airflow/.local/lib/python3.7/site-packages/airflow/example_dags/tutorial_etl_dag.py
[2024-08-12T10:01:17.484+0000] {logging_mixin.py:115} INFO - [2024-08-12T10:01:17.484+0000] {dag.py:2429} INFO - Sync 1 DAGs
[2024-08-12T10:01:17.504+0000] {logging_mixin.py:115} INFO - [2024-08-12T10:01:17.504+0000] {dag.py:2981} INFO - Setting next_dagrun for tutorial_etl_dag to None, run_after=None
[2024-08-12T10:01:17.515+0000] {processor.py:161} INFO - Processing /home/airflow/.local/lib/python3.7/site-packages/airflow/example_dags/tutorial_etl_dag.py took 0.061 seconds
[2024-08-12T10:01:48.282+0000] {processor.py:153} INFO - Started process (PID=609) to work on /home/airflow/.local/lib/python3.7/site-packages/airflow/example_dags/tutorial_etl_dag.py
[2024-08-12T10:01:48.282+0000] {processor.py:640} INFO - Processing file /home/airflow/.local/lib/python3.7/site-packages/airflow/example_dags/tutorial_etl_dag.py for tasks to queue
[2024-08-12T10:01:48.283+0000] {logging_mixin.py:115} INFO - [2024-08-12T10:01:48.283+0000] {dagbag.py:508} INFO - Filling up the DagBag from /home/airflow/.local/lib/python3.7/site-packages/airflow/example_dags/tutorial_etl_dag.py
[2024-08-12T10:01:48.288+0000] {processor.py:650} INFO - DAG(s) dict_keys(['tutorial_etl_dag']) retrieved from /home/airflow/.local/lib/python3.7/site-packages/airflow/example_dags/tutorial_etl_dag.py
[2024-08-12T10:01:48.308+0000] {logging_mixin.py:115} INFO - [2024-08-12T10:01:48.308+0000] {dag.py:2429} INFO - Sync 1 DAGs
[2024-08-12T10:01:48.325+0000] {logging_mixin.py:115} INFO - [2024-08-12T10:01:48.325+0000] {dag.py:2981} INFO - Setting next_dagrun for tutorial_etl_dag to None, run_after=None
[2024-08-12T10:01:48.335+0000] {processor.py:161} INFO - Processing /home/airflow/.local/lib/python3.7/site-packages/airflow/example_dags/tutorial_etl_dag.py took 0.056 seconds
[2024-08-12T10:02:19.063+0000] {processor.py:153} INFO - Started process (PID=672) to work on /home/airflow/.local/lib/python3.7/site-packages/airflow/example_dags/tutorial_etl_dag.py
[2024-08-12T10:02:19.064+0000] {processor.py:640} INFO - Processing file /home/airflow/.local/lib/python3.7/site-packages/airflow/example_dags/tutorial_etl_dag.py for tasks to queue
[2024-08-12T10:02:19.064+0000] {logging_mixin.py:115} INFO - [2024-08-12T10:02:19.064+0000] {dagbag.py:508} INFO - Filling up the DagBag from /home/airflow/.local/lib/python3.7/site-packages/airflow/example_dags/tutorial_etl_dag.py
[2024-08-12T10:02:19.070+0000] {processor.py:650} INFO - DAG(s) dict_keys(['tutorial_etl_dag']) retrieved from /home/airflow/.local/lib/python3.7/site-packages/airflow/example_dags/tutorial_etl_dag.py
[2024-08-12T10:02:19.090+0000] {logging_mixin.py:115} INFO - [2024-08-12T10:02:19.089+0000] {dag.py:2429} INFO - Sync 1 DAGs
[2024-08-12T10:02:19.107+0000] {logging_mixin.py:115} INFO - [2024-08-12T10:02:19.107+0000] {dag.py:2981} INFO - Setting next_dagrun for tutorial_etl_dag to None, run_after=None
[2024-08-12T10:02:19.117+0000] {processor.py:161} INFO - Processing /home/airflow/.local/lib/python3.7/site-packages/airflow/example_dags/tutorial_etl_dag.py took 0.056 seconds
[2024-08-12T10:02:49.859+0000] {processor.py:153} INFO - Started process (PID=735) to work on /home/airflow/.local/lib/python3.7/site-packages/airflow/example_dags/tutorial_etl_dag.py
[2024-08-12T10:02:49.860+0000] {processor.py:640} INFO - Processing file /home/airflow/.local/lib/python3.7/site-packages/airflow/example_dags/tutorial_etl_dag.py for tasks to queue
[2024-08-12T10:02:49.860+0000] {logging_mixin.py:115} INFO - [2024-08-12T10:02:49.860+0000] {dagbag.py:508} INFO - Filling up the DagBag from /home/airflow/.local/lib/python3.7/site-packages/airflow/example_dags/tutorial_etl_dag.py
[2024-08-12T10:02:49.865+0000] {processor.py:650} INFO - DAG(s) dict_keys(['tutorial_etl_dag']) retrieved from /home/airflow/.local/lib/python3.7/site-packages/airflow/example_dags/tutorial_etl_dag.py
[2024-08-12T10:02:49.886+0000] {logging_mixin.py:115} INFO - [2024-08-12T10:02:49.886+0000] {dag.py:2429} INFO - Sync 1 DAGs
[2024-08-12T10:02:49.903+0000] {logging_mixin.py:115} INFO - [2024-08-12T10:02:49.903+0000] {dag.py:2981} INFO - Setting next_dagrun for tutorial_etl_dag to None, run_after=None
[2024-08-12T10:02:49.912+0000] {processor.py:161} INFO - Processing /home/airflow/.local/lib/python3.7/site-packages/airflow/example_dags/tutorial_etl_dag.py took 0.056 seconds
[2024-08-12T10:03:20.697+0000] {processor.py:153} INFO - Started process (PID=789) to work on /home/airflow/.local/lib/python3.7/site-packages/airflow/example_dags/tutorial_etl_dag.py
[2024-08-12T10:03:20.698+0000] {processor.py:640} INFO - Processing file /home/airflow/.local/lib/python3.7/site-packages/airflow/example_dags/tutorial_etl_dag.py for tasks to queue
[2024-08-12T10:03:20.698+0000] {logging_mixin.py:115} INFO - [2024-08-12T10:03:20.698+0000] {dagbag.py:508} INFO - Filling up the DagBag from /home/airflow/.local/lib/python3.7/site-packages/airflow/example_dags/tutorial_etl_dag.py
[2024-08-12T10:03:20.703+0000] {processor.py:650} INFO - DAG(s) dict_keys(['tutorial_etl_dag']) retrieved from /home/airflow/.local/lib/python3.7/site-packages/airflow/example_dags/tutorial_etl_dag.py
[2024-08-12T10:03:20.723+0000] {logging_mixin.py:115} INFO - [2024-08-12T10:03:20.723+0000] {dag.py:2429} INFO - Sync 1 DAGs
[2024-08-12T10:03:20.740+0000] {logging_mixin.py:115} INFO - [2024-08-12T10:03:20.740+0000] {dag.py:2981} INFO - Setting next_dagrun for tutorial_etl_dag to None, run_after=None
[2024-08-12T10:03:20.751+0000] {processor.py:161} INFO - Processing /home/airflow/.local/lib/python3.7/site-packages/airflow/example_dags/tutorial_etl_dag.py took 0.056 seconds
[2024-08-12T10:03:51.561+0000] {processor.py:153} INFO - Started process (PID=852) to work on /home/airflow/.local/lib/python3.7/site-packages/airflow/example_dags/tutorial_etl_dag.py
[2024-08-12T10:03:51.562+0000] {processor.py:640} INFO - Processing file /home/airflow/.local/lib/python3.7/site-packages/airflow/example_dags/tutorial_etl_dag.py for tasks to queue
[2024-08-12T10:03:51.562+0000] {logging_mixin.py:115} INFO - [2024-08-12T10:03:51.562+0000] {dagbag.py:508} INFO - Filling up the DagBag from /home/airflow/.local/lib/python3.7/site-packages/airflow/example_dags/tutorial_etl_dag.py
[2024-08-12T10:03:51.567+0000] {processor.py:650} INFO - DAG(s) dict_keys(['tutorial_etl_dag']) retrieved from /home/airflow/.local/lib/python3.7/site-packages/airflow/example_dags/tutorial_etl_dag.py
[2024-08-12T10:03:51.588+0000] {logging_mixin.py:115} INFO - [2024-08-12T10:03:51.588+0000] {dag.py:2429} INFO - Sync 1 DAGs
[2024-08-12T10:03:51.607+0000] {logging_mixin.py:115} INFO - [2024-08-12T10:03:51.606+0000] {dag.py:2981} INFO - Setting next_dagrun for tutorial_etl_dag to None, run_after=None
[2024-08-12T10:03:51.618+0000] {processor.py:161} INFO - Processing /home/airflow/.local/lib/python3.7/site-packages/airflow/example_dags/tutorial_etl_dag.py took 0.060 seconds
[2024-08-12T10:04:22.505+0000] {processor.py:153} INFO - Started process (PID=915) to work on /home/airflow/.local/lib/python3.7/site-packages/airflow/example_dags/tutorial_etl_dag.py
[2024-08-12T10:04:22.505+0000] {processor.py:640} INFO - Processing file /home/airflow/.local/lib/python3.7/site-packages/airflow/example_dags/tutorial_etl_dag.py for tasks to queue
[2024-08-12T10:04:22.506+0000] {logging_mixin.py:115} INFO - [2024-08-12T10:04:22.506+0000] {dagbag.py:508} INFO - Filling up the DagBag from /home/airflow/.local/lib/python3.7/site-packages/airflow/example_dags/tutorial_etl_dag.py
[2024-08-12T10:04:22.511+0000] {processor.py:650} INFO - DAG(s) dict_keys(['tutorial_etl_dag']) retrieved from /home/airflow/.local/lib/python3.7/site-packages/airflow/example_dags/tutorial_etl_dag.py
[2024-08-12T10:04:22.531+0000] {logging_mixin.py:115} INFO - [2024-08-12T10:04:22.531+0000] {dag.py:2429} INFO - Sync 1 DAGs
[2024-08-12T10:04:22.548+0000] {logging_mixin.py:115} INFO - [2024-08-12T10:04:22.548+0000] {dag.py:2981} INFO - Setting next_dagrun for tutorial_etl_dag to None, run_after=None
[2024-08-12T10:04:22.558+0000] {processor.py:161} INFO - Processing /home/airflow/.local/lib/python3.7/site-packages/airflow/example_dags/tutorial_etl_dag.py took 0.056 seconds
[2024-08-12T10:04:53.274+0000] {processor.py:153} INFO - Started process (PID=978) to work on /home/airflow/.local/lib/python3.7/site-packages/airflow/example_dags/tutorial_etl_dag.py
[2024-08-12T10:04:53.275+0000] {processor.py:640} INFO - Processing file /home/airflow/.local/lib/python3.7/site-packages/airflow/example_dags/tutorial_etl_dag.py for tasks to queue
[2024-08-12T10:04:53.276+0000] {logging_mixin.py:115} INFO - [2024-08-12T10:04:53.276+0000] {dagbag.py:508} INFO - Filling up the DagBag from /home/airflow/.local/lib/python3.7/site-packages/airflow/example_dags/tutorial_etl_dag.py
[2024-08-12T10:04:53.281+0000] {processor.py:650} INFO - DAG(s) dict_keys(['tutorial_etl_dag']) retrieved from /home/airflow/.local/lib/python3.7/site-packages/airflow/example_dags/tutorial_etl_dag.py
[2024-08-12T10:04:53.301+0000] {logging_mixin.py:115} INFO - [2024-08-12T10:04:53.301+0000] {dag.py:2429} INFO - Sync 1 DAGs
[2024-08-12T10:04:53.319+0000] {logging_mixin.py:115} INFO - [2024-08-12T10:04:53.319+0000] {dag.py:2981} INFO - Setting next_dagrun for tutorial_etl_dag to None, run_after=None
[2024-08-12T10:04:53.329+0000] {processor.py:161} INFO - Processing /home/airflow/.local/lib/python3.7/site-packages/airflow/example_dags/tutorial_etl_dag.py took 0.057 seconds
[2024-08-12T10:05:24.113+0000] {processor.py:153} INFO - Started process (PID=1032) to work on /home/airflow/.local/lib/python3.7/site-packages/airflow/example_dags/tutorial_etl_dag.py
[2024-08-12T10:05:24.114+0000] {processor.py:640} INFO - Processing file /home/airflow/.local/lib/python3.7/site-packages/airflow/example_dags/tutorial_etl_dag.py for tasks to queue
[2024-08-12T10:05:24.115+0000] {logging_mixin.py:115} INFO - [2024-08-12T10:05:24.115+0000] {dagbag.py:508} INFO - Filling up the DagBag from /home/airflow/.local/lib/python3.7/site-packages/airflow/example_dags/tutorial_etl_dag.py
[2024-08-12T10:05:24.120+0000] {processor.py:650} INFO - DAG(s) dict_keys(['tutorial_etl_dag']) retrieved from /home/airflow/.local/lib/python3.7/site-packages/airflow/example_dags/tutorial_etl_dag.py
[2024-08-12T10:05:24.140+0000] {logging_mixin.py:115} INFO - [2024-08-12T10:05:24.140+0000] {dag.py:2429} INFO - Sync 1 DAGs
[2024-08-12T10:05:24.157+0000] {logging_mixin.py:115} INFO - [2024-08-12T10:05:24.157+0000] {dag.py:2981} INFO - Setting next_dagrun for tutorial_etl_dag to None, run_after=None
[2024-08-12T10:05:24.167+0000] {processor.py:161} INFO - Processing /home/airflow/.local/lib/python3.7/site-packages/airflow/example_dags/tutorial_etl_dag.py took 0.057 seconds
[2024-08-12T10:05:54.983+0000] {processor.py:153} INFO - Started process (PID=1095) to work on /home/airflow/.local/lib/python3.7/site-packages/airflow/example_dags/tutorial_etl_dag.py
[2024-08-12T10:05:54.984+0000] {processor.py:640} INFO - Processing file /home/airflow/.local/lib/python3.7/site-packages/airflow/example_dags/tutorial_etl_dag.py for tasks to queue
[2024-08-12T10:05:54.984+0000] {logging_mixin.py:115} INFO - [2024-08-12T10:05:54.984+0000] {dagbag.py:508} INFO - Filling up the DagBag from /home/airflow/.local/lib/python3.7/site-packages/airflow/example_dags/tutorial_etl_dag.py
[2024-08-12T10:05:54.989+0000] {processor.py:650} INFO - DAG(s) dict_keys(['tutorial_etl_dag']) retrieved from /home/airflow/.local/lib/python3.7/site-packages/airflow/example_dags/tutorial_etl_dag.py
[2024-08-12T10:05:55.010+0000] {logging_mixin.py:115} INFO - [2024-08-12T10:05:55.010+0000] {dag.py:2429} INFO - Sync 1 DAGs
[2024-08-12T10:05:55.027+0000] {logging_mixin.py:115} INFO - [2024-08-12T10:05:55.027+0000] {dag.py:2981} INFO - Setting next_dagrun for tutorial_etl_dag to None, run_after=None
[2024-08-12T10:05:55.038+0000] {processor.py:161} INFO - Processing /home/airflow/.local/lib/python3.7/site-packages/airflow/example_dags/tutorial_etl_dag.py took 0.058 seconds
[2024-08-12T10:06:25.742+0000] {processor.py:153} INFO - Started process (PID=1158) to work on /home/airflow/.local/lib/python3.7/site-packages/airflow/example_dags/tutorial_etl_dag.py
[2024-08-12T10:06:25.743+0000] {processor.py:640} INFO - Processing file /home/airflow/.local/lib/python3.7/site-packages/airflow/example_dags/tutorial_etl_dag.py for tasks to queue
[2024-08-12T10:06:25.743+0000] {logging_mixin.py:115} INFO - [2024-08-12T10:06:25.743+0000] {dagbag.py:508} INFO - Filling up the DagBag from /home/airflow/.local/lib/python3.7/site-packages/airflow/example_dags/tutorial_etl_dag.py
[2024-08-12T10:06:25.748+0000] {processor.py:650} INFO - DAG(s) dict_keys(['tutorial_etl_dag']) retrieved from /home/airflow/.local/lib/python3.7/site-packages/airflow/example_dags/tutorial_etl_dag.py
[2024-08-12T10:06:25.769+0000] {logging_mixin.py:115} INFO - [2024-08-12T10:06:25.768+0000] {dag.py:2429} INFO - Sync 1 DAGs
[2024-08-12T10:06:25.785+0000] {logging_mixin.py:115} INFO - [2024-08-12T10:06:25.785+0000] {dag.py:2981} INFO - Setting next_dagrun for tutorial_etl_dag to None, run_after=None
[2024-08-12T10:06:25.795+0000] {processor.py:161} INFO - Processing /home/airflow/.local/lib/python3.7/site-packages/airflow/example_dags/tutorial_etl_dag.py took 0.056 seconds
[2024-08-12T10:06:56.641+0000] {processor.py:153} INFO - Started process (PID=1221) to work on /home/airflow/.local/lib/python3.7/site-packages/airflow/example_dags/tutorial_etl_dag.py
[2024-08-12T10:06:56.642+0000] {processor.py:640} INFO - Processing file /home/airflow/.local/lib/python3.7/site-packages/airflow/example_dags/tutorial_etl_dag.py for tasks to queue
[2024-08-12T10:06:56.642+0000] {logging_mixin.py:115} INFO - [2024-08-12T10:06:56.642+0000] {dagbag.py:508} INFO - Filling up the DagBag from /home/airflow/.local/lib/python3.7/site-packages/airflow/example_dags/tutorial_etl_dag.py
[2024-08-12T10:06:56.647+0000] {processor.py:650} INFO - DAG(s) dict_keys(['tutorial_etl_dag']) retrieved from /home/airflow/.local/lib/python3.7/site-packages/airflow/example_dags/tutorial_etl_dag.py
[2024-08-12T10:06:56.667+0000] {logging_mixin.py:115} INFO - [2024-08-12T10:06:56.667+0000] {dag.py:2429} INFO - Sync 1 DAGs
[2024-08-12T10:06:56.684+0000] {logging_mixin.py:115} INFO - [2024-08-12T10:06:56.683+0000] {dag.py:2981} INFO - Setting next_dagrun for tutorial_etl_dag to None, run_after=None
[2024-08-12T10:06:56.693+0000] {processor.py:161} INFO - Processing /home/airflow/.local/lib/python3.7/site-packages/airflow/example_dags/tutorial_etl_dag.py took 0.054 seconds
[2024-08-12T10:07:26.976+0000] {processor.py:153} INFO - Started process (PID=1274) to work on /home/airflow/.local/lib/python3.7/site-packages/airflow/example_dags/tutorial_etl_dag.py
[2024-08-12T10:07:26.977+0000] {processor.py:640} INFO - Processing file /home/airflow/.local/lib/python3.7/site-packages/airflow/example_dags/tutorial_etl_dag.py for tasks to queue
[2024-08-12T10:07:26.977+0000] {logging_mixin.py:115} INFO - [2024-08-12T10:07:26.977+0000] {dagbag.py:508} INFO - Filling up the DagBag from /home/airflow/.local/lib/python3.7/site-packages/airflow/example_dags/tutorial_etl_dag.py
[2024-08-12T10:07:26.983+0000] {processor.py:650} INFO - DAG(s) dict_keys(['tutorial_etl_dag']) retrieved from /home/airflow/.local/lib/python3.7/site-packages/airflow/example_dags/tutorial_etl_dag.py
[2024-08-12T10:07:27.003+0000] {logging_mixin.py:115} INFO - [2024-08-12T10:07:27.003+0000] {dag.py:2429} INFO - Sync 1 DAGs
[2024-08-12T10:07:27.020+0000] {logging_mixin.py:115} INFO - [2024-08-12T10:07:27.020+0000] {dag.py:2981} INFO - Setting next_dagrun for tutorial_etl_dag to None, run_after=None
[2024-08-12T10:07:27.032+0000] {processor.py:161} INFO - Processing /home/airflow/.local/lib/python3.7/site-packages/airflow/example_dags/tutorial_etl_dag.py took 0.058 seconds
[2024-08-12T10:07:57.984+0000] {processor.py:153} INFO - Started process (PID=1338) to work on /home/airflow/.local/lib/python3.7/site-packages/airflow/example_dags/tutorial_etl_dag.py
[2024-08-12T10:07:57.985+0000] {processor.py:640} INFO - Processing file /home/airflow/.local/lib/python3.7/site-packages/airflow/example_dags/tutorial_etl_dag.py for tasks to queue
[2024-08-12T10:07:57.986+0000] {logging_mixin.py:115} INFO - [2024-08-12T10:07:57.986+0000] {dagbag.py:508} INFO - Filling up the DagBag from /home/airflow/.local/lib/python3.7/site-packages/airflow/example_dags/tutorial_etl_dag.py
[2024-08-12T10:07:57.991+0000] {processor.py:650} INFO - DAG(s) dict_keys(['tutorial_etl_dag']) retrieved from /home/airflow/.local/lib/python3.7/site-packages/airflow/example_dags/tutorial_etl_dag.py
[2024-08-12T10:07:58.013+0000] {logging_mixin.py:115} INFO - [2024-08-12T10:07:58.013+0000] {dag.py:2429} INFO - Sync 1 DAGs
[2024-08-12T10:07:58.030+0000] {logging_mixin.py:115} INFO - [2024-08-12T10:07:58.030+0000] {dag.py:2981} INFO - Setting next_dagrun for tutorial_etl_dag to None, run_after=None
[2024-08-12T10:07:58.042+0000] {processor.py:161} INFO - Processing /home/airflow/.local/lib/python3.7/site-packages/airflow/example_dags/tutorial_etl_dag.py took 0.060 seconds
[2024-08-12T10:08:28.743+0000] {processor.py:153} INFO - Started process (PID=1401) to work on /home/airflow/.local/lib/python3.7/site-packages/airflow/example_dags/tutorial_etl_dag.py
[2024-08-12T10:08:28.744+0000] {processor.py:640} INFO - Processing file /home/airflow/.local/lib/python3.7/site-packages/airflow/example_dags/tutorial_etl_dag.py for tasks to queue
[2024-08-12T10:08:28.744+0000] {logging_mixin.py:115} INFO - [2024-08-12T10:08:28.744+0000] {dagbag.py:508} INFO - Filling up the DagBag from /home/airflow/.local/lib/python3.7/site-packages/airflow/example_dags/tutorial_etl_dag.py
[2024-08-12T10:08:28.749+0000] {processor.py:650} INFO - DAG(s) dict_keys(['tutorial_etl_dag']) retrieved from /home/airflow/.local/lib/python3.7/site-packages/airflow/example_dags/tutorial_etl_dag.py
[2024-08-12T10:08:28.769+0000] {logging_mixin.py:115} INFO - [2024-08-12T10:08:28.769+0000] {dag.py:2429} INFO - Sync 1 DAGs
[2024-08-12T10:08:28.786+0000] {logging_mixin.py:115} INFO - [2024-08-12T10:08:28.786+0000] {dag.py:2981} INFO - Setting next_dagrun for tutorial_etl_dag to None, run_after=None
[2024-08-12T10:08:28.797+0000] {processor.py:161} INFO - Processing /home/airflow/.local/lib/python3.7/site-packages/airflow/example_dags/tutorial_etl_dag.py took 0.057 seconds
[2024-08-12T10:08:59.517+0000] {processor.py:153} INFO - Started process (PID=1464) to work on /home/airflow/.local/lib/python3.7/site-packages/airflow/example_dags/tutorial_etl_dag.py
[2024-08-12T10:08:59.517+0000] {processor.py:640} INFO - Processing file /home/airflow/.local/lib/python3.7/site-packages/airflow/example_dags/tutorial_etl_dag.py for tasks to queue
[2024-08-12T10:08:59.518+0000] {logging_mixin.py:115} INFO - [2024-08-12T10:08:59.518+0000] {dagbag.py:508} INFO - Filling up the DagBag from /home/airflow/.local/lib/python3.7/site-packages/airflow/example_dags/tutorial_etl_dag.py
[2024-08-12T10:08:59.523+0000] {processor.py:650} INFO - DAG(s) dict_keys(['tutorial_etl_dag']) retrieved from /home/airflow/.local/lib/python3.7/site-packages/airflow/example_dags/tutorial_etl_dag.py
[2024-08-12T10:08:59.544+0000] {logging_mixin.py:115} INFO - [2024-08-12T10:08:59.544+0000] {dag.py:2429} INFO - Sync 1 DAGs
[2024-08-12T10:08:59.560+0000] {logging_mixin.py:115} INFO - [2024-08-12T10:08:59.560+0000] {dag.py:2981} INFO - Setting next_dagrun for tutorial_etl_dag to None, run_after=None
[2024-08-12T10:08:59.572+0000] {processor.py:161} INFO - Processing /home/airflow/.local/lib/python3.7/site-packages/airflow/example_dags/tutorial_etl_dag.py took 0.058 seconds
[2024-08-12T10:09:30.224+0000] {processor.py:153} INFO - Started process (PID=1518) to work on /home/airflow/.local/lib/python3.7/site-packages/airflow/example_dags/tutorial_etl_dag.py
[2024-08-12T10:09:30.225+0000] {processor.py:640} INFO - Processing file /home/airflow/.local/lib/python3.7/site-packages/airflow/example_dags/tutorial_etl_dag.py for tasks to queue
[2024-08-12T10:09:30.225+0000] {logging_mixin.py:115} INFO - [2024-08-12T10:09:30.225+0000] {dagbag.py:508} INFO - Filling up the DagBag from /home/airflow/.local/lib/python3.7/site-packages/airflow/example_dags/tutorial_etl_dag.py
[2024-08-12T10:09:30.231+0000] {processor.py:650} INFO - DAG(s) dict_keys(['tutorial_etl_dag']) retrieved from /home/airflow/.local/lib/python3.7/site-packages/airflow/example_dags/tutorial_etl_dag.py
[2024-08-12T10:09:30.251+0000] {logging_mixin.py:115} INFO - [2024-08-12T10:09:30.250+0000] {dag.py:2429} INFO - Sync 1 DAGs
[2024-08-12T10:09:30.268+0000] {logging_mixin.py:115} INFO - [2024-08-12T10:09:30.268+0000] {dag.py:2981} INFO - Setting next_dagrun for tutorial_etl_dag to None, run_after=None
[2024-08-12T10:09:30.280+0000] {processor.py:161} INFO - Processing /home/airflow/.local/lib/python3.7/site-packages/airflow/example_dags/tutorial_etl_dag.py took 0.058 seconds
[2024-08-12T10:10:00.968+0000] {processor.py:153} INFO - Started process (PID=1581) to work on /home/airflow/.local/lib/python3.7/site-packages/airflow/example_dags/tutorial_etl_dag.py
[2024-08-12T10:10:00.969+0000] {processor.py:640} INFO - Processing file /home/airflow/.local/lib/python3.7/site-packages/airflow/example_dags/tutorial_etl_dag.py for tasks to queue
[2024-08-12T10:10:00.969+0000] {logging_mixin.py:115} INFO - [2024-08-12T10:10:00.969+0000] {dagbag.py:508} INFO - Filling up the DagBag from /home/airflow/.local/lib/python3.7/site-packages/airflow/example_dags/tutorial_etl_dag.py
[2024-08-12T10:10:00.974+0000] {processor.py:650} INFO - DAG(s) dict_keys(['tutorial_etl_dag']) retrieved from /home/airflow/.local/lib/python3.7/site-packages/airflow/example_dags/tutorial_etl_dag.py
[2024-08-12T10:10:00.994+0000] {logging_mixin.py:115} INFO - [2024-08-12T10:10:00.994+0000] {dag.py:2429} INFO - Sync 1 DAGs
[2024-08-12T10:10:01.010+0000] {logging_mixin.py:115} INFO - [2024-08-12T10:10:01.010+0000] {dag.py:2981} INFO - Setting next_dagrun for tutorial_etl_dag to None, run_after=None
[2024-08-12T10:10:01.021+0000] {processor.py:161} INFO - Processing /home/airflow/.local/lib/python3.7/site-packages/airflow/example_dags/tutorial_etl_dag.py took 0.055 seconds
[2024-08-12T10:10:31.765+0000] {processor.py:153} INFO - Started process (PID=1644) to work on /home/airflow/.local/lib/python3.7/site-packages/airflow/example_dags/tutorial_etl_dag.py
[2024-08-12T10:10:31.766+0000] {processor.py:640} INFO - Processing file /home/airflow/.local/lib/python3.7/site-packages/airflow/example_dags/tutorial_etl_dag.py for tasks to queue
[2024-08-12T10:10:31.767+0000] {logging_mixin.py:115} INFO - [2024-08-12T10:10:31.767+0000] {dagbag.py:508} INFO - Filling up the DagBag from /home/airflow/.local/lib/python3.7/site-packages/airflow/example_dags/tutorial_etl_dag.py
[2024-08-12T10:10:31.772+0000] {processor.py:650} INFO - DAG(s) dict_keys(['tutorial_etl_dag']) retrieved from /home/airflow/.local/lib/python3.7/site-packages/airflow/example_dags/tutorial_etl_dag.py
[2024-08-12T10:10:31.793+0000] {logging_mixin.py:115} INFO - [2024-08-12T10:10:31.792+0000] {dag.py:2429} INFO - Sync 1 DAGs
[2024-08-12T10:10:31.809+0000] {logging_mixin.py:115} INFO - [2024-08-12T10:10:31.809+0000] {dag.py:2981} INFO - Setting next_dagrun for tutorial_etl_dag to None, run_after=None
[2024-08-12T10:10:31.820+0000] {processor.py:161} INFO - Processing /home/airflow/.local/lib/python3.7/site-packages/airflow/example_dags/tutorial_etl_dag.py took 0.057 seconds
[2024-08-12T10:11:02.482+0000] {processor.py:153} INFO - Started process (PID=1707) to work on /home/airflow/.local/lib/python3.7/site-packages/airflow/example_dags/tutorial_etl_dag.py
[2024-08-12T10:11:02.483+0000] {processor.py:640} INFO - Processing file /home/airflow/.local/lib/python3.7/site-packages/airflow/example_dags/tutorial_etl_dag.py for tasks to queue
[2024-08-12T10:11:02.484+0000] {logging_mixin.py:115} INFO - [2024-08-12T10:11:02.483+0000] {dagbag.py:508} INFO - Filling up the DagBag from /home/airflow/.local/lib/python3.7/site-packages/airflow/example_dags/tutorial_etl_dag.py
[2024-08-12T10:11:02.489+0000] {processor.py:650} INFO - DAG(s) dict_keys(['tutorial_etl_dag']) retrieved from /home/airflow/.local/lib/python3.7/site-packages/airflow/example_dags/tutorial_etl_dag.py
[2024-08-12T10:11:02.510+0000] {logging_mixin.py:115} INFO - [2024-08-12T10:11:02.509+0000] {dag.py:2429} INFO - Sync 1 DAGs
[2024-08-12T10:11:02.530+0000] {logging_mixin.py:115} INFO - [2024-08-12T10:11:02.530+0000] {dag.py:2981} INFO - Setting next_dagrun for tutorial_etl_dag to None, run_after=None
[2024-08-12T10:11:02.541+0000] {processor.py:161} INFO - Processing /home/airflow/.local/lib/python3.7/site-packages/airflow/example_dags/tutorial_etl_dag.py took 0.061 seconds
[2024-08-12T10:11:33.288+0000] {processor.py:153} INFO - Started process (PID=1761) to work on /home/airflow/.local/lib/python3.7/site-packages/airflow/example_dags/tutorial_etl_dag.py
[2024-08-12T10:11:33.289+0000] {processor.py:640} INFO - Processing file /home/airflow/.local/lib/python3.7/site-packages/airflow/example_dags/tutorial_etl_dag.py for tasks to queue
[2024-08-12T10:11:33.289+0000] {logging_mixin.py:115} INFO - [2024-08-12T10:11:33.289+0000] {dagbag.py:508} INFO - Filling up the DagBag from /home/airflow/.local/lib/python3.7/site-packages/airflow/example_dags/tutorial_etl_dag.py
[2024-08-12T10:11:33.295+0000] {processor.py:650} INFO - DAG(s) dict_keys(['tutorial_etl_dag']) retrieved from /home/airflow/.local/lib/python3.7/site-packages/airflow/example_dags/tutorial_etl_dag.py
[2024-08-12T10:11:33.314+0000] {logging_mixin.py:115} INFO - [2024-08-12T10:11:33.314+0000] {dag.py:2429} INFO - Sync 1 DAGs
[2024-08-12T10:11:33.331+0000] {logging_mixin.py:115} INFO - [2024-08-12T10:11:33.330+0000] {dag.py:2981} INFO - Setting next_dagrun for tutorial_etl_dag to None, run_after=None
[2024-08-12T10:11:33.341+0000] {processor.py:161} INFO - Processing /home/airflow/.local/lib/python3.7/site-packages/airflow/example_dags/tutorial_etl_dag.py took 0.056 seconds
[2024-08-12T10:12:04.016+0000] {processor.py:153} INFO - Started process (PID=1824) to work on /home/airflow/.local/lib/python3.7/site-packages/airflow/example_dags/tutorial_etl_dag.py
[2024-08-12T10:12:04.017+0000] {processor.py:640} INFO - Processing file /home/airflow/.local/lib/python3.7/site-packages/airflow/example_dags/tutorial_etl_dag.py for tasks to queue
[2024-08-12T10:12:04.017+0000] {logging_mixin.py:115} INFO - [2024-08-12T10:12:04.017+0000] {dagbag.py:508} INFO - Filling up the DagBag from /home/airflow/.local/lib/python3.7/site-packages/airflow/example_dags/tutorial_etl_dag.py
[2024-08-12T10:12:04.022+0000] {processor.py:650} INFO - DAG(s) dict_keys(['tutorial_etl_dag']) retrieved from /home/airflow/.local/lib/python3.7/site-packages/airflow/example_dags/tutorial_etl_dag.py
[2024-08-12T10:12:04.043+0000] {logging_mixin.py:115} INFO - [2024-08-12T10:12:04.043+0000] {dag.py:2429} INFO - Sync 1 DAGs
[2024-08-12T10:12:04.060+0000] {logging_mixin.py:115} INFO - [2024-08-12T10:12:04.060+0000] {dag.py:2981} INFO - Setting next_dagrun for tutorial_etl_dag to None, run_after=None
[2024-08-12T10:12:04.071+0000] {processor.py:161} INFO - Processing /home/airflow/.local/lib/python3.7/site-packages/airflow/example_dags/tutorial_etl_dag.py took 0.058 seconds
[2024-08-12T10:12:34.883+0000] {processor.py:153} INFO - Started process (PID=1887) to work on /home/airflow/.local/lib/python3.7/site-packages/airflow/example_dags/tutorial_etl_dag.py
[2024-08-12T10:12:34.884+0000] {processor.py:640} INFO - Processing file /home/airflow/.local/lib/python3.7/site-packages/airflow/example_dags/tutorial_etl_dag.py for tasks to queue
[2024-08-12T10:12:34.884+0000] {logging_mixin.py:115} INFO - [2024-08-12T10:12:34.884+0000] {dagbag.py:508} INFO - Filling up the DagBag from /home/airflow/.local/lib/python3.7/site-packages/airflow/example_dags/tutorial_etl_dag.py
[2024-08-12T10:12:34.889+0000] {processor.py:650} INFO - DAG(s) dict_keys(['tutorial_etl_dag']) retrieved from /home/airflow/.local/lib/python3.7/site-packages/airflow/example_dags/tutorial_etl_dag.py
[2024-08-12T10:12:34.913+0000] {logging_mixin.py:115} INFO - [2024-08-12T10:12:34.913+0000] {dag.py:2429} INFO - Sync 1 DAGs
[2024-08-12T10:12:34.931+0000] {logging_mixin.py:115} INFO - [2024-08-12T10:12:34.930+0000] {dag.py:2981} INFO - Setting next_dagrun for tutorial_etl_dag to None, run_after=None
[2024-08-12T10:12:34.942+0000] {processor.py:161} INFO - Processing /home/airflow/.local/lib/python3.7/site-packages/airflow/example_dags/tutorial_etl_dag.py took 0.063 seconds
[2024-08-12T10:13:05.785+0000] {processor.py:153} INFO - Started process (PID=1950) to work on /home/airflow/.local/lib/python3.7/site-packages/airflow/example_dags/tutorial_etl_dag.py
[2024-08-12T10:13:05.785+0000] {processor.py:640} INFO - Processing file /home/airflow/.local/lib/python3.7/site-packages/airflow/example_dags/tutorial_etl_dag.py for tasks to queue
[2024-08-12T10:13:05.786+0000] {logging_mixin.py:115} INFO - [2024-08-12T10:13:05.786+0000] {dagbag.py:508} INFO - Filling up the DagBag from /home/airflow/.local/lib/python3.7/site-packages/airflow/example_dags/tutorial_etl_dag.py
[2024-08-12T10:13:05.790+0000] {processor.py:650} INFO - DAG(s) dict_keys(['tutorial_etl_dag']) retrieved from /home/airflow/.local/lib/python3.7/site-packages/airflow/example_dags/tutorial_etl_dag.py
[2024-08-12T10:13:05.812+0000] {logging_mixin.py:115} INFO - [2024-08-12T10:13:05.812+0000] {dag.py:2429} INFO - Sync 1 DAGs
[2024-08-12T10:13:05.832+0000] {logging_mixin.py:115} INFO - [2024-08-12T10:13:05.832+0000] {dag.py:2981} INFO - Setting next_dagrun for tutorial_etl_dag to None, run_after=None
[2024-08-12T10:13:05.844+0000] {processor.py:161} INFO - Processing /home/airflow/.local/lib/python3.7/site-packages/airflow/example_dags/tutorial_etl_dag.py took 0.062 seconds
[2024-08-12T10:13:36.557+0000] {processor.py:153} INFO - Started process (PID=2004) to work on /home/airflow/.local/lib/python3.7/site-packages/airflow/example_dags/tutorial_etl_dag.py
[2024-08-12T10:13:36.558+0000] {processor.py:640} INFO - Processing file /home/airflow/.local/lib/python3.7/site-packages/airflow/example_dags/tutorial_etl_dag.py for tasks to queue
[2024-08-12T10:13:36.558+0000] {logging_mixin.py:115} INFO - [2024-08-12T10:13:36.558+0000] {dagbag.py:508} INFO - Filling up the DagBag from /home/airflow/.local/lib/python3.7/site-packages/airflow/example_dags/tutorial_etl_dag.py
[2024-08-12T10:13:36.563+0000] {processor.py:650} INFO - DAG(s) dict_keys(['tutorial_etl_dag']) retrieved from /home/airflow/.local/lib/python3.7/site-packages/airflow/example_dags/tutorial_etl_dag.py
[2024-08-12T10:13:36.583+0000] {logging_mixin.py:115} INFO - [2024-08-12T10:13:36.583+0000] {dag.py:2429} INFO - Sync 1 DAGs
[2024-08-12T10:13:36.600+0000] {logging_mixin.py:115} INFO - [2024-08-12T10:13:36.600+0000] {dag.py:2981} INFO - Setting next_dagrun for tutorial_etl_dag to None, run_after=None
[2024-08-12T10:13:36.612+0000] {processor.py:161} INFO - Processing /home/airflow/.local/lib/python3.7/site-packages/airflow/example_dags/tutorial_etl_dag.py took 0.058 seconds
[2024-08-12T10:14:07.433+0000] {processor.py:153} INFO - Started process (PID=2067) to work on /home/airflow/.local/lib/python3.7/site-packages/airflow/example_dags/tutorial_etl_dag.py
[2024-08-12T10:14:07.434+0000] {processor.py:640} INFO - Processing file /home/airflow/.local/lib/python3.7/site-packages/airflow/example_dags/tutorial_etl_dag.py for tasks to queue
[2024-08-12T10:14:07.434+0000] {logging_mixin.py:115} INFO - [2024-08-12T10:14:07.434+0000] {dagbag.py:508} INFO - Filling up the DagBag from /home/airflow/.local/lib/python3.7/site-packages/airflow/example_dags/tutorial_etl_dag.py
[2024-08-12T10:14:07.439+0000] {processor.py:650} INFO - DAG(s) dict_keys(['tutorial_etl_dag']) retrieved from /home/airflow/.local/lib/python3.7/site-packages/airflow/example_dags/tutorial_etl_dag.py
[2024-08-12T10:14:07.461+0000] {logging_mixin.py:115} INFO - [2024-08-12T10:14:07.460+0000] {dag.py:2429} INFO - Sync 1 DAGs
[2024-08-12T10:14:07.478+0000] {logging_mixin.py:115} INFO - [2024-08-12T10:14:07.477+0000] {dag.py:2981} INFO - Setting next_dagrun for tutorial_etl_dag to None, run_after=None
[2024-08-12T10:14:07.491+0000] {processor.py:161} INFO - Processing /home/airflow/.local/lib/python3.7/site-packages/airflow/example_dags/tutorial_etl_dag.py took 0.061 seconds
