[2024-08-12T08:27:07.768+0000] {processor.py:153} INFO - Started process (PID=74) to work on /home/airflow/.local/lib/python3.7/site-packages/airflow/example_dags/tutorial_taskflow_api_etl.py
[2024-08-12T08:27:07.769+0000] {processor.py:640} INFO - Processing file /home/airflow/.local/lib/python3.7/site-packages/airflow/example_dags/tutorial_taskflow_api_etl.py for tasks to queue
[2024-08-12T08:27:07.769+0000] {logging_mixin.py:115} INFO - [2024-08-12T08:27:07.769+0000] {dagbag.py:508} INFO - Filling up the DagBag from /home/airflow/.local/lib/python3.7/site-packages/airflow/example_dags/tutorial_taskflow_api_etl.py
[2024-08-12T08:27:07.791+0000] {processor.py:650} INFO - DAG(s) dict_keys(['tutorial_taskflow_api_etl']) retrieved from /home/airflow/.local/lib/python3.7/site-packages/airflow/example_dags/tutorial_taskflow_api_etl.py
[2024-08-12T08:27:07.917+0000] {logging_mixin.py:115} INFO - [2024-08-12T08:27:07.917+0000] {manager.py:508} INFO - Created Permission View: can edit on DAG:tutorial_taskflow_api_etl
[2024-08-12T08:27:07.931+0000] {logging_mixin.py:115} INFO - [2024-08-12T08:27:07.931+0000] {manager.py:508} INFO - Created Permission View: can read on DAG:tutorial_taskflow_api_etl
[2024-08-12T08:27:07.946+0000] {logging_mixin.py:115} INFO - [2024-08-12T08:27:07.946+0000] {manager.py:508} INFO - Created Permission View: can delete on DAG:tutorial_taskflow_api_etl
[2024-08-12T08:27:07.946+0000] {logging_mixin.py:115} INFO - [2024-08-12T08:27:07.946+0000] {dag.py:2429} INFO - Sync 1 DAGs
[2024-08-12T08:27:07.959+0000] {logging_mixin.py:115} INFO - [2024-08-12T08:27:07.959+0000] {dag.py:2448} INFO - Creating ORM DAG for tutorial_taskflow_api_etl
[2024-08-12T08:27:07.983+0000] {logging_mixin.py:115} INFO - [2024-08-12T08:27:07.983+0000] {dag.py:2981} INFO - Setting next_dagrun for tutorial_taskflow_api_etl to None, run_after=None
[2024-08-12T08:27:08.011+0000] {processor.py:161} INFO - Processing /home/airflow/.local/lib/python3.7/site-packages/airflow/example_dags/tutorial_taskflow_api_etl.py took 0.246 seconds
[2024-08-12T08:27:38.351+0000] {processor.py:153} INFO - Started process (PID=126) to work on /home/airflow/.local/lib/python3.7/site-packages/airflow/example_dags/tutorial_taskflow_api_etl.py
[2024-08-12T08:27:38.352+0000] {processor.py:640} INFO - Processing file /home/airflow/.local/lib/python3.7/site-packages/airflow/example_dags/tutorial_taskflow_api_etl.py for tasks to queue
[2024-08-12T08:27:38.352+0000] {logging_mixin.py:115} INFO - [2024-08-12T08:27:38.352+0000] {dagbag.py:508} INFO - Filling up the DagBag from /home/airflow/.local/lib/python3.7/site-packages/airflow/example_dags/tutorial_taskflow_api_etl.py
[2024-08-12T08:27:38.365+0000] {processor.py:650} INFO - DAG(s) dict_keys(['tutorial_taskflow_api_etl']) retrieved from /home/airflow/.local/lib/python3.7/site-packages/airflow/example_dags/tutorial_taskflow_api_etl.py
[2024-08-12T08:27:38.417+0000] {logging_mixin.py:115} INFO - [2024-08-12T08:27:38.417+0000] {dag.py:2429} INFO - Sync 1 DAGs
[2024-08-12T08:27:38.434+0000] {logging_mixin.py:115} INFO - [2024-08-12T08:27:38.434+0000] {dag.py:2981} INFO - Setting next_dagrun for tutorial_taskflow_api_etl to None, run_after=None
[2024-08-12T08:27:38.445+0000] {processor.py:161} INFO - Processing /home/airflow/.local/lib/python3.7/site-packages/airflow/example_dags/tutorial_taskflow_api_etl.py took 0.096 seconds
[2024-08-12T08:28:09.067+0000] {processor.py:153} INFO - Started process (PID=187) to work on /home/airflow/.local/lib/python3.7/site-packages/airflow/example_dags/tutorial_taskflow_api_etl.py
[2024-08-12T08:28:09.068+0000] {processor.py:640} INFO - Processing file /home/airflow/.local/lib/python3.7/site-packages/airflow/example_dags/tutorial_taskflow_api_etl.py for tasks to queue
[2024-08-12T08:28:09.069+0000] {logging_mixin.py:115} INFO - [2024-08-12T08:28:09.068+0000] {dagbag.py:508} INFO - Filling up the DagBag from /home/airflow/.local/lib/python3.7/site-packages/airflow/example_dags/tutorial_taskflow_api_etl.py
[2024-08-12T08:28:09.081+0000] {processor.py:650} INFO - DAG(s) dict_keys(['tutorial_taskflow_api_etl']) retrieved from /home/airflow/.local/lib/python3.7/site-packages/airflow/example_dags/tutorial_taskflow_api_etl.py
[2024-08-12T08:28:09.138+0000] {logging_mixin.py:115} INFO - [2024-08-12T08:28:09.138+0000] {dag.py:2429} INFO - Sync 1 DAGs
[2024-08-12T08:28:09.154+0000] {logging_mixin.py:115} INFO - [2024-08-12T08:28:09.154+0000] {dag.py:2981} INFO - Setting next_dagrun for tutorial_taskflow_api_etl to None, run_after=None
[2024-08-12T08:28:09.166+0000] {processor.py:161} INFO - Processing /home/airflow/.local/lib/python3.7/site-packages/airflow/example_dags/tutorial_taskflow_api_etl.py took 0.101 seconds
[2024-08-12T09:57:11.863+0000] {processor.py:153} INFO - Started process (PID=76) to work on /home/airflow/.local/lib/python3.7/site-packages/airflow/example_dags/tutorial_taskflow_api_etl.py
[2024-08-12T09:57:11.864+0000] {processor.py:640} INFO - Processing file /home/airflow/.local/lib/python3.7/site-packages/airflow/example_dags/tutorial_taskflow_api_etl.py for tasks to queue
[2024-08-12T09:57:11.864+0000] {logging_mixin.py:115} INFO - [2024-08-12T09:57:11.864+0000] {dagbag.py:508} INFO - Filling up the DagBag from /home/airflow/.local/lib/python3.7/site-packages/airflow/example_dags/tutorial_taskflow_api_etl.py
[2024-08-12T09:57:11.881+0000] {processor.py:650} INFO - DAG(s) dict_keys(['tutorial_taskflow_api_etl']) retrieved from /home/airflow/.local/lib/python3.7/site-packages/airflow/example_dags/tutorial_taskflow_api_etl.py
[2024-08-12T09:57:11.977+0000] {logging_mixin.py:115} INFO - [2024-08-12T09:57:11.977+0000] {dag.py:2429} INFO - Sync 1 DAGs
[2024-08-12T09:57:11.999+0000] {logging_mixin.py:115} INFO - [2024-08-12T09:57:11.999+0000] {dag.py:2981} INFO - Setting next_dagrun for tutorial_taskflow_api_etl to None, run_after=None
[2024-08-12T09:57:12.017+0000] {processor.py:161} INFO - Processing /home/airflow/.local/lib/python3.7/site-packages/airflow/example_dags/tutorial_taskflow_api_etl.py took 0.157 seconds
[2024-08-12T09:57:42.436+0000] {processor.py:153} INFO - Started process (PID=130) to work on /home/airflow/.local/lib/python3.7/site-packages/airflow/example_dags/tutorial_taskflow_api_etl.py
[2024-08-12T09:57:42.437+0000] {processor.py:640} INFO - Processing file /home/airflow/.local/lib/python3.7/site-packages/airflow/example_dags/tutorial_taskflow_api_etl.py for tasks to queue
[2024-08-12T09:57:42.437+0000] {logging_mixin.py:115} INFO - [2024-08-12T09:57:42.437+0000] {dagbag.py:508} INFO - Filling up the DagBag from /home/airflow/.local/lib/python3.7/site-packages/airflow/example_dags/tutorial_taskflow_api_etl.py
[2024-08-12T09:57:42.450+0000] {processor.py:650} INFO - DAG(s) dict_keys(['tutorial_taskflow_api_etl']) retrieved from /home/airflow/.local/lib/python3.7/site-packages/airflow/example_dags/tutorial_taskflow_api_etl.py
[2024-08-12T09:57:42.503+0000] {logging_mixin.py:115} INFO - [2024-08-12T09:57:42.503+0000] {dag.py:2429} INFO - Sync 1 DAGs
[2024-08-12T09:57:42.518+0000] {logging_mixin.py:115} INFO - [2024-08-12T09:57:42.518+0000] {dag.py:2981} INFO - Setting next_dagrun for tutorial_taskflow_api_etl to None, run_after=None
[2024-08-12T09:57:42.529+0000] {processor.py:161} INFO - Processing /home/airflow/.local/lib/python3.7/site-packages/airflow/example_dags/tutorial_taskflow_api_etl.py took 0.096 seconds
[2024-08-12T09:58:13.269+0000] {processor.py:153} INFO - Started process (PID=193) to work on /home/airflow/.local/lib/python3.7/site-packages/airflow/example_dags/tutorial_taskflow_api_etl.py
[2024-08-12T09:58:13.270+0000] {processor.py:640} INFO - Processing file /home/airflow/.local/lib/python3.7/site-packages/airflow/example_dags/tutorial_taskflow_api_etl.py for tasks to queue
[2024-08-12T09:58:13.270+0000] {logging_mixin.py:115} INFO - [2024-08-12T09:58:13.270+0000] {dagbag.py:508} INFO - Filling up the DagBag from /home/airflow/.local/lib/python3.7/site-packages/airflow/example_dags/tutorial_taskflow_api_etl.py
[2024-08-12T09:58:13.284+0000] {processor.py:650} INFO - DAG(s) dict_keys(['tutorial_taskflow_api_etl']) retrieved from /home/airflow/.local/lib/python3.7/site-packages/airflow/example_dags/tutorial_taskflow_api_etl.py
[2024-08-12T09:58:13.338+0000] {logging_mixin.py:115} INFO - [2024-08-12T09:58:13.338+0000] {dag.py:2429} INFO - Sync 1 DAGs
[2024-08-12T09:58:13.354+0000] {logging_mixin.py:115} INFO - [2024-08-12T09:58:13.354+0000] {dag.py:2981} INFO - Setting next_dagrun for tutorial_taskflow_api_etl to None, run_after=None
[2024-08-12T09:58:13.366+0000] {processor.py:161} INFO - Processing /home/airflow/.local/lib/python3.7/site-packages/airflow/example_dags/tutorial_taskflow_api_etl.py took 0.099 seconds
[2024-08-12T09:58:44.227+0000] {processor.py:153} INFO - Started process (PID=256) to work on /home/airflow/.local/lib/python3.7/site-packages/airflow/example_dags/tutorial_taskflow_api_etl.py
[2024-08-12T09:58:44.228+0000] {processor.py:640} INFO - Processing file /home/airflow/.local/lib/python3.7/site-packages/airflow/example_dags/tutorial_taskflow_api_etl.py for tasks to queue
[2024-08-12T09:58:44.229+0000] {logging_mixin.py:115} INFO - [2024-08-12T09:58:44.229+0000] {dagbag.py:508} INFO - Filling up the DagBag from /home/airflow/.local/lib/python3.7/site-packages/airflow/example_dags/tutorial_taskflow_api_etl.py
[2024-08-12T09:58:44.242+0000] {processor.py:650} INFO - DAG(s) dict_keys(['tutorial_taskflow_api_etl']) retrieved from /home/airflow/.local/lib/python3.7/site-packages/airflow/example_dags/tutorial_taskflow_api_etl.py
[2024-08-12T09:58:44.297+0000] {logging_mixin.py:115} INFO - [2024-08-12T09:58:44.297+0000] {dag.py:2429} INFO - Sync 1 DAGs
[2024-08-12T09:58:44.314+0000] {logging_mixin.py:115} INFO - [2024-08-12T09:58:44.314+0000] {dag.py:2981} INFO - Setting next_dagrun for tutorial_taskflow_api_etl to None, run_after=None
[2024-08-12T09:58:44.326+0000] {processor.py:161} INFO - Processing /home/airflow/.local/lib/python3.7/site-packages/airflow/example_dags/tutorial_taskflow_api_etl.py took 0.102 seconds
[2024-08-12T09:59:15.286+0000] {processor.py:153} INFO - Started process (PID=319) to work on /home/airflow/.local/lib/python3.7/site-packages/airflow/example_dags/tutorial_taskflow_api_etl.py
[2024-08-12T09:59:15.287+0000] {processor.py:640} INFO - Processing file /home/airflow/.local/lib/python3.7/site-packages/airflow/example_dags/tutorial_taskflow_api_etl.py for tasks to queue
[2024-08-12T09:59:15.287+0000] {logging_mixin.py:115} INFO - [2024-08-12T09:59:15.287+0000] {dagbag.py:508} INFO - Filling up the DagBag from /home/airflow/.local/lib/python3.7/site-packages/airflow/example_dags/tutorial_taskflow_api_etl.py
[2024-08-12T09:59:15.300+0000] {processor.py:650} INFO - DAG(s) dict_keys(['tutorial_taskflow_api_etl']) retrieved from /home/airflow/.local/lib/python3.7/site-packages/airflow/example_dags/tutorial_taskflow_api_etl.py
[2024-08-12T09:59:15.353+0000] {logging_mixin.py:115} INFO - [2024-08-12T09:59:15.353+0000] {dag.py:2429} INFO - Sync 1 DAGs
[2024-08-12T09:59:15.369+0000] {logging_mixin.py:115} INFO - [2024-08-12T09:59:15.369+0000] {dag.py:2981} INFO - Setting next_dagrun for tutorial_taskflow_api_etl to None, run_after=None
[2024-08-12T09:59:15.380+0000] {processor.py:161} INFO - Processing /home/airflow/.local/lib/python3.7/site-packages/airflow/example_dags/tutorial_taskflow_api_etl.py took 0.097 seconds
[2024-08-12T09:59:45.448+0000] {processor.py:153} INFO - Started process (PID=373) to work on /home/airflow/.local/lib/python3.7/site-packages/airflow/example_dags/tutorial_taskflow_api_etl.py
[2024-08-12T09:59:45.449+0000] {processor.py:640} INFO - Processing file /home/airflow/.local/lib/python3.7/site-packages/airflow/example_dags/tutorial_taskflow_api_etl.py for tasks to queue
[2024-08-12T09:59:45.450+0000] {logging_mixin.py:115} INFO - [2024-08-12T09:59:45.450+0000] {dagbag.py:508} INFO - Filling up the DagBag from /home/airflow/.local/lib/python3.7/site-packages/airflow/example_dags/tutorial_taskflow_api_etl.py
[2024-08-12T09:59:45.463+0000] {processor.py:650} INFO - DAG(s) dict_keys(['tutorial_taskflow_api_etl']) retrieved from /home/airflow/.local/lib/python3.7/site-packages/airflow/example_dags/tutorial_taskflow_api_etl.py
[2024-08-12T09:59:45.483+0000] {logging_mixin.py:115} INFO - [2024-08-12T09:59:45.483+0000] {dag.py:2429} INFO - Sync 1 DAGs
[2024-08-12T09:59:45.501+0000] {logging_mixin.py:115} INFO - [2024-08-12T09:59:45.501+0000] {dag.py:2981} INFO - Setting next_dagrun for tutorial_taskflow_api_etl to None, run_after=None
[2024-08-12T09:59:45.513+0000] {processor.py:161} INFO - Processing /home/airflow/.local/lib/python3.7/site-packages/airflow/example_dags/tutorial_taskflow_api_etl.py took 0.067 seconds
[2024-08-12T10:00:16.223+0000] {processor.py:153} INFO - Started process (PID=436) to work on /home/airflow/.local/lib/python3.7/site-packages/airflow/example_dags/tutorial_taskflow_api_etl.py
[2024-08-12T10:00:16.224+0000] {processor.py:640} INFO - Processing file /home/airflow/.local/lib/python3.7/site-packages/airflow/example_dags/tutorial_taskflow_api_etl.py for tasks to queue
[2024-08-12T10:00:16.224+0000] {logging_mixin.py:115} INFO - [2024-08-12T10:00:16.224+0000] {dagbag.py:508} INFO - Filling up the DagBag from /home/airflow/.local/lib/python3.7/site-packages/airflow/example_dags/tutorial_taskflow_api_etl.py
[2024-08-12T10:00:16.236+0000] {processor.py:650} INFO - DAG(s) dict_keys(['tutorial_taskflow_api_etl']) retrieved from /home/airflow/.local/lib/python3.7/site-packages/airflow/example_dags/tutorial_taskflow_api_etl.py
[2024-08-12T10:00:16.256+0000] {logging_mixin.py:115} INFO - [2024-08-12T10:00:16.256+0000] {dag.py:2429} INFO - Sync 1 DAGs
[2024-08-12T10:00:16.275+0000] {logging_mixin.py:115} INFO - [2024-08-12T10:00:16.275+0000] {dag.py:2981} INFO - Setting next_dagrun for tutorial_taskflow_api_etl to None, run_after=None
[2024-08-12T10:00:16.285+0000] {processor.py:161} INFO - Processing /home/airflow/.local/lib/python3.7/site-packages/airflow/example_dags/tutorial_taskflow_api_etl.py took 0.064 seconds
[2024-08-12T10:00:46.995+0000] {processor.py:153} INFO - Started process (PID=499) to work on /home/airflow/.local/lib/python3.7/site-packages/airflow/example_dags/tutorial_taskflow_api_etl.py
[2024-08-12T10:00:46.996+0000] {processor.py:640} INFO - Processing file /home/airflow/.local/lib/python3.7/site-packages/airflow/example_dags/tutorial_taskflow_api_etl.py for tasks to queue
[2024-08-12T10:00:46.996+0000] {logging_mixin.py:115} INFO - [2024-08-12T10:00:46.996+0000] {dagbag.py:508} INFO - Filling up the DagBag from /home/airflow/.local/lib/python3.7/site-packages/airflow/example_dags/tutorial_taskflow_api_etl.py
[2024-08-12T10:00:47.010+0000] {processor.py:650} INFO - DAG(s) dict_keys(['tutorial_taskflow_api_etl']) retrieved from /home/airflow/.local/lib/python3.7/site-packages/airflow/example_dags/tutorial_taskflow_api_etl.py
[2024-08-12T10:00:47.065+0000] {logging_mixin.py:115} INFO - [2024-08-12T10:00:47.064+0000] {dag.py:2429} INFO - Sync 1 DAGs
[2024-08-12T10:00:47.082+0000] {logging_mixin.py:115} INFO - [2024-08-12T10:00:47.081+0000] {dag.py:2981} INFO - Setting next_dagrun for tutorial_taskflow_api_etl to None, run_after=None
[2024-08-12T10:00:47.094+0000] {processor.py:161} INFO - Processing /home/airflow/.local/lib/python3.7/site-packages/airflow/example_dags/tutorial_taskflow_api_etl.py took 0.102 seconds
[2024-08-12T10:01:17.890+0000] {processor.py:153} INFO - Started process (PID=562) to work on /home/airflow/.local/lib/python3.7/site-packages/airflow/example_dags/tutorial_taskflow_api_etl.py
[2024-08-12T10:01:17.891+0000] {processor.py:640} INFO - Processing file /home/airflow/.local/lib/python3.7/site-packages/airflow/example_dags/tutorial_taskflow_api_etl.py for tasks to queue
[2024-08-12T10:01:17.892+0000] {logging_mixin.py:115} INFO - [2024-08-12T10:01:17.892+0000] {dagbag.py:508} INFO - Filling up the DagBag from /home/airflow/.local/lib/python3.7/site-packages/airflow/example_dags/tutorial_taskflow_api_etl.py
[2024-08-12T10:01:17.904+0000] {processor.py:650} INFO - DAG(s) dict_keys(['tutorial_taskflow_api_etl']) retrieved from /home/airflow/.local/lib/python3.7/site-packages/airflow/example_dags/tutorial_taskflow_api_etl.py
[2024-08-12T10:01:17.927+0000] {logging_mixin.py:115} INFO - [2024-08-12T10:01:17.927+0000] {dag.py:2429} INFO - Sync 1 DAGs
[2024-08-12T10:01:17.948+0000] {logging_mixin.py:115} INFO - [2024-08-12T10:01:17.948+0000] {dag.py:2981} INFO - Setting next_dagrun for tutorial_taskflow_api_etl to None, run_after=None
[2024-08-12T10:01:17.959+0000] {processor.py:161} INFO - Processing /home/airflow/.local/lib/python3.7/site-packages/airflow/example_dags/tutorial_taskflow_api_etl.py took 0.071 seconds
[2024-08-12T10:01:48.649+0000] {processor.py:153} INFO - Started process (PID=616) to work on /home/airflow/.local/lib/python3.7/site-packages/airflow/example_dags/tutorial_taskflow_api_etl.py
[2024-08-12T10:01:48.649+0000] {processor.py:640} INFO - Processing file /home/airflow/.local/lib/python3.7/site-packages/airflow/example_dags/tutorial_taskflow_api_etl.py for tasks to queue
[2024-08-12T10:01:48.650+0000] {logging_mixin.py:115} INFO - [2024-08-12T10:01:48.650+0000] {dagbag.py:508} INFO - Filling up the DagBag from /home/airflow/.local/lib/python3.7/site-packages/airflow/example_dags/tutorial_taskflow_api_etl.py
[2024-08-12T10:01:48.662+0000] {processor.py:650} INFO - DAG(s) dict_keys(['tutorial_taskflow_api_etl']) retrieved from /home/airflow/.local/lib/python3.7/site-packages/airflow/example_dags/tutorial_taskflow_api_etl.py
[2024-08-12T10:01:48.682+0000] {logging_mixin.py:115} INFO - [2024-08-12T10:01:48.682+0000] {dag.py:2429} INFO - Sync 1 DAGs
[2024-08-12T10:01:48.701+0000] {logging_mixin.py:115} INFO - [2024-08-12T10:01:48.701+0000] {dag.py:2981} INFO - Setting next_dagrun for tutorial_taskflow_api_etl to None, run_after=None
[2024-08-12T10:01:48.712+0000] {processor.py:161} INFO - Processing /home/airflow/.local/lib/python3.7/site-packages/airflow/example_dags/tutorial_taskflow_api_etl.py took 0.065 seconds
[2024-08-12T10:02:19.435+0000] {processor.py:153} INFO - Started process (PID=679) to work on /home/airflow/.local/lib/python3.7/site-packages/airflow/example_dags/tutorial_taskflow_api_etl.py
[2024-08-12T10:02:19.436+0000] {processor.py:640} INFO - Processing file /home/airflow/.local/lib/python3.7/site-packages/airflow/example_dags/tutorial_taskflow_api_etl.py for tasks to queue
[2024-08-12T10:02:19.436+0000] {logging_mixin.py:115} INFO - [2024-08-12T10:02:19.436+0000] {dagbag.py:508} INFO - Filling up the DagBag from /home/airflow/.local/lib/python3.7/site-packages/airflow/example_dags/tutorial_taskflow_api_etl.py
[2024-08-12T10:02:19.449+0000] {processor.py:650} INFO - DAG(s) dict_keys(['tutorial_taskflow_api_etl']) retrieved from /home/airflow/.local/lib/python3.7/site-packages/airflow/example_dags/tutorial_taskflow_api_etl.py
[2024-08-12T10:02:19.504+0000] {logging_mixin.py:115} INFO - [2024-08-12T10:02:19.504+0000] {dag.py:2429} INFO - Sync 1 DAGs
[2024-08-12T10:02:19.521+0000] {logging_mixin.py:115} INFO - [2024-08-12T10:02:19.520+0000] {dag.py:2981} INFO - Setting next_dagrun for tutorial_taskflow_api_etl to None, run_after=None
[2024-08-12T10:02:19.532+0000] {processor.py:161} INFO - Processing /home/airflow/.local/lib/python3.7/site-packages/airflow/example_dags/tutorial_taskflow_api_etl.py took 0.100 seconds
[2024-08-12T10:02:50.240+0000] {processor.py:153} INFO - Started process (PID=742) to work on /home/airflow/.local/lib/python3.7/site-packages/airflow/example_dags/tutorial_taskflow_api_etl.py
[2024-08-12T10:02:50.241+0000] {processor.py:640} INFO - Processing file /home/airflow/.local/lib/python3.7/site-packages/airflow/example_dags/tutorial_taskflow_api_etl.py for tasks to queue
[2024-08-12T10:02:50.242+0000] {logging_mixin.py:115} INFO - [2024-08-12T10:02:50.242+0000] {dagbag.py:508} INFO - Filling up the DagBag from /home/airflow/.local/lib/python3.7/site-packages/airflow/example_dags/tutorial_taskflow_api_etl.py
[2024-08-12T10:02:50.254+0000] {processor.py:650} INFO - DAG(s) dict_keys(['tutorial_taskflow_api_etl']) retrieved from /home/airflow/.local/lib/python3.7/site-packages/airflow/example_dags/tutorial_taskflow_api_etl.py
[2024-08-12T10:02:50.308+0000] {logging_mixin.py:115} INFO - [2024-08-12T10:02:50.308+0000] {dag.py:2429} INFO - Sync 1 DAGs
[2024-08-12T10:02:50.323+0000] {logging_mixin.py:115} INFO - [2024-08-12T10:02:50.323+0000] {dag.py:2981} INFO - Setting next_dagrun for tutorial_taskflow_api_etl to None, run_after=None
[2024-08-12T10:02:50.334+0000] {processor.py:161} INFO - Processing /home/airflow/.local/lib/python3.7/site-packages/airflow/example_dags/tutorial_taskflow_api_etl.py took 0.097 seconds
[2024-08-12T10:03:21.069+0000] {processor.py:153} INFO - Started process (PID=803) to work on /home/airflow/.local/lib/python3.7/site-packages/airflow/example_dags/tutorial_taskflow_api_etl.py
[2024-08-12T10:03:21.070+0000] {processor.py:640} INFO - Processing file /home/airflow/.local/lib/python3.7/site-packages/airflow/example_dags/tutorial_taskflow_api_etl.py for tasks to queue
[2024-08-12T10:03:21.070+0000] {logging_mixin.py:115} INFO - [2024-08-12T10:03:21.070+0000] {dagbag.py:508} INFO - Filling up the DagBag from /home/airflow/.local/lib/python3.7/site-packages/airflow/example_dags/tutorial_taskflow_api_etl.py
[2024-08-12T10:03:21.083+0000] {processor.py:650} INFO - DAG(s) dict_keys(['tutorial_taskflow_api_etl']) retrieved from /home/airflow/.local/lib/python3.7/site-packages/airflow/example_dags/tutorial_taskflow_api_etl.py
[2024-08-12T10:03:21.140+0000] {logging_mixin.py:115} INFO - [2024-08-12T10:03:21.139+0000] {dag.py:2429} INFO - Sync 1 DAGs
[2024-08-12T10:03:21.156+0000] {logging_mixin.py:115} INFO - [2024-08-12T10:03:21.156+0000] {dag.py:2981} INFO - Setting next_dagrun for tutorial_taskflow_api_etl to None, run_after=None
[2024-08-12T10:03:21.168+0000] {processor.py:161} INFO - Processing /home/airflow/.local/lib/python3.7/site-packages/airflow/example_dags/tutorial_taskflow_api_etl.py took 0.102 seconds
[2024-08-12T10:03:52.058+0000] {processor.py:153} INFO - Started process (PID=859) to work on /home/airflow/.local/lib/python3.7/site-packages/airflow/example_dags/tutorial_taskflow_api_etl.py
[2024-08-12T10:03:52.059+0000] {processor.py:640} INFO - Processing file /home/airflow/.local/lib/python3.7/site-packages/airflow/example_dags/tutorial_taskflow_api_etl.py for tasks to queue
[2024-08-12T10:03:52.060+0000] {logging_mixin.py:115} INFO - [2024-08-12T10:03:52.059+0000] {dagbag.py:508} INFO - Filling up the DagBag from /home/airflow/.local/lib/python3.7/site-packages/airflow/example_dags/tutorial_taskflow_api_etl.py
[2024-08-12T10:03:52.072+0000] {processor.py:650} INFO - DAG(s) dict_keys(['tutorial_taskflow_api_etl']) retrieved from /home/airflow/.local/lib/python3.7/site-packages/airflow/example_dags/tutorial_taskflow_api_etl.py
[2024-08-12T10:03:52.127+0000] {logging_mixin.py:115} INFO - [2024-08-12T10:03:52.127+0000] {dag.py:2429} INFO - Sync 1 DAGs
[2024-08-12T10:03:52.146+0000] {logging_mixin.py:115} INFO - [2024-08-12T10:03:52.145+0000] {dag.py:2981} INFO - Setting next_dagrun for tutorial_taskflow_api_etl to None, run_after=None
[2024-08-12T10:03:52.157+0000] {processor.py:161} INFO - Processing /home/airflow/.local/lib/python3.7/site-packages/airflow/example_dags/tutorial_taskflow_api_etl.py took 0.102 seconds
[2024-08-12T10:04:22.838+0000] {processor.py:153} INFO - Started process (PID=922) to work on /home/airflow/.local/lib/python3.7/site-packages/airflow/example_dags/tutorial_taskflow_api_etl.py
[2024-08-12T10:04:22.839+0000] {processor.py:640} INFO - Processing file /home/airflow/.local/lib/python3.7/site-packages/airflow/example_dags/tutorial_taskflow_api_etl.py for tasks to queue
[2024-08-12T10:04:22.839+0000] {logging_mixin.py:115} INFO - [2024-08-12T10:04:22.839+0000] {dagbag.py:508} INFO - Filling up the DagBag from /home/airflow/.local/lib/python3.7/site-packages/airflow/example_dags/tutorial_taskflow_api_etl.py
[2024-08-12T10:04:22.853+0000] {processor.py:650} INFO - DAG(s) dict_keys(['tutorial_taskflow_api_etl']) retrieved from /home/airflow/.local/lib/python3.7/site-packages/airflow/example_dags/tutorial_taskflow_api_etl.py
[2024-08-12T10:04:22.874+0000] {logging_mixin.py:115} INFO - [2024-08-12T10:04:22.874+0000] {dag.py:2429} INFO - Sync 1 DAGs
[2024-08-12T10:04:22.895+0000] {logging_mixin.py:115} INFO - [2024-08-12T10:04:22.895+0000] {dag.py:2981} INFO - Setting next_dagrun for tutorial_taskflow_api_etl to None, run_after=None
[2024-08-12T10:04:22.905+0000] {processor.py:161} INFO - Processing /home/airflow/.local/lib/python3.7/site-packages/airflow/example_dags/tutorial_taskflow_api_etl.py took 0.070 seconds
[2024-08-12T10:04:53.640+0000] {processor.py:153} INFO - Started process (PID=985) to work on /home/airflow/.local/lib/python3.7/site-packages/airflow/example_dags/tutorial_taskflow_api_etl.py
[2024-08-12T10:04:53.641+0000] {processor.py:640} INFO - Processing file /home/airflow/.local/lib/python3.7/site-packages/airflow/example_dags/tutorial_taskflow_api_etl.py for tasks to queue
[2024-08-12T10:04:53.641+0000] {logging_mixin.py:115} INFO - [2024-08-12T10:04:53.641+0000] {dagbag.py:508} INFO - Filling up the DagBag from /home/airflow/.local/lib/python3.7/site-packages/airflow/example_dags/tutorial_taskflow_api_etl.py
[2024-08-12T10:04:53.653+0000] {processor.py:650} INFO - DAG(s) dict_keys(['tutorial_taskflow_api_etl']) retrieved from /home/airflow/.local/lib/python3.7/site-packages/airflow/example_dags/tutorial_taskflow_api_etl.py
[2024-08-12T10:04:53.674+0000] {logging_mixin.py:115} INFO - [2024-08-12T10:04:53.673+0000] {dag.py:2429} INFO - Sync 1 DAGs
[2024-08-12T10:04:53.693+0000] {logging_mixin.py:115} INFO - [2024-08-12T10:04:53.693+0000] {dag.py:2981} INFO - Setting next_dagrun for tutorial_taskflow_api_etl to None, run_after=None
[2024-08-12T10:04:53.704+0000] {processor.py:161} INFO - Processing /home/airflow/.local/lib/python3.7/site-packages/airflow/example_dags/tutorial_taskflow_api_etl.py took 0.067 seconds
[2024-08-12T10:05:24.501+0000] {processor.py:153} INFO - Started process (PID=1046) to work on /home/airflow/.local/lib/python3.7/site-packages/airflow/example_dags/tutorial_taskflow_api_etl.py
[2024-08-12T10:05:24.502+0000] {processor.py:640} INFO - Processing file /home/airflow/.local/lib/python3.7/site-packages/airflow/example_dags/tutorial_taskflow_api_etl.py for tasks to queue
[2024-08-12T10:05:24.502+0000] {logging_mixin.py:115} INFO - [2024-08-12T10:05:24.502+0000] {dagbag.py:508} INFO - Filling up the DagBag from /home/airflow/.local/lib/python3.7/site-packages/airflow/example_dags/tutorial_taskflow_api_etl.py
[2024-08-12T10:05:24.515+0000] {processor.py:650} INFO - DAG(s) dict_keys(['tutorial_taskflow_api_etl']) retrieved from /home/airflow/.local/lib/python3.7/site-packages/airflow/example_dags/tutorial_taskflow_api_etl.py
[2024-08-12T10:05:24.536+0000] {logging_mixin.py:115} INFO - [2024-08-12T10:05:24.536+0000] {dag.py:2429} INFO - Sync 1 DAGs
[2024-08-12T10:05:24.555+0000] {logging_mixin.py:115} INFO - [2024-08-12T10:05:24.555+0000] {dag.py:2981} INFO - Setting next_dagrun for tutorial_taskflow_api_etl to None, run_after=None
[2024-08-12T10:05:24.566+0000] {processor.py:161} INFO - Processing /home/airflow/.local/lib/python3.7/site-packages/airflow/example_dags/tutorial_taskflow_api_etl.py took 0.068 seconds
[2024-08-12T10:05:55.324+0000] {processor.py:153} INFO - Started process (PID=1102) to work on /home/airflow/.local/lib/python3.7/site-packages/airflow/example_dags/tutorial_taskflow_api_etl.py
[2024-08-12T10:05:55.325+0000] {processor.py:640} INFO - Processing file /home/airflow/.local/lib/python3.7/site-packages/airflow/example_dags/tutorial_taskflow_api_etl.py for tasks to queue
[2024-08-12T10:05:55.326+0000] {logging_mixin.py:115} INFO - [2024-08-12T10:05:55.326+0000] {dagbag.py:508} INFO - Filling up the DagBag from /home/airflow/.local/lib/python3.7/site-packages/airflow/example_dags/tutorial_taskflow_api_etl.py
[2024-08-12T10:05:55.338+0000] {processor.py:650} INFO - DAG(s) dict_keys(['tutorial_taskflow_api_etl']) retrieved from /home/airflow/.local/lib/python3.7/site-packages/airflow/example_dags/tutorial_taskflow_api_etl.py
[2024-08-12T10:05:55.360+0000] {logging_mixin.py:115} INFO - [2024-08-12T10:05:55.360+0000] {dag.py:2429} INFO - Sync 1 DAGs
[2024-08-12T10:05:55.379+0000] {logging_mixin.py:115} INFO - [2024-08-12T10:05:55.379+0000] {dag.py:2981} INFO - Setting next_dagrun for tutorial_taskflow_api_etl to None, run_after=None
[2024-08-12T10:05:55.389+0000] {processor.py:161} INFO - Processing /home/airflow/.local/lib/python3.7/site-packages/airflow/example_dags/tutorial_taskflow_api_etl.py took 0.067 seconds
[2024-08-12T10:06:26.169+0000] {processor.py:153} INFO - Started process (PID=1165) to work on /home/airflow/.local/lib/python3.7/site-packages/airflow/example_dags/tutorial_taskflow_api_etl.py
[2024-08-12T10:06:26.170+0000] {processor.py:640} INFO - Processing file /home/airflow/.local/lib/python3.7/site-packages/airflow/example_dags/tutorial_taskflow_api_etl.py for tasks to queue
[2024-08-12T10:06:26.170+0000] {logging_mixin.py:115} INFO - [2024-08-12T10:06:26.170+0000] {dagbag.py:508} INFO - Filling up the DagBag from /home/airflow/.local/lib/python3.7/site-packages/airflow/example_dags/tutorial_taskflow_api_etl.py
[2024-08-12T10:06:26.183+0000] {processor.py:650} INFO - DAG(s) dict_keys(['tutorial_taskflow_api_etl']) retrieved from /home/airflow/.local/lib/python3.7/site-packages/airflow/example_dags/tutorial_taskflow_api_etl.py
[2024-08-12T10:06:26.203+0000] {logging_mixin.py:115} INFO - [2024-08-12T10:06:26.202+0000] {dag.py:2429} INFO - Sync 1 DAGs
[2024-08-12T10:06:26.221+0000] {logging_mixin.py:115} INFO - [2024-08-12T10:06:26.220+0000] {dag.py:2981} INFO - Setting next_dagrun for tutorial_taskflow_api_etl to None, run_after=None
[2024-08-12T10:06:26.230+0000] {processor.py:161} INFO - Processing /home/airflow/.local/lib/python3.7/site-packages/airflow/example_dags/tutorial_taskflow_api_etl.py took 0.064 seconds
[2024-08-12T10:06:57.117+0000] {processor.py:153} INFO - Started process (PID=1228) to work on /home/airflow/.local/lib/python3.7/site-packages/airflow/example_dags/tutorial_taskflow_api_etl.py
[2024-08-12T10:06:57.118+0000] {processor.py:640} INFO - Processing file /home/airflow/.local/lib/python3.7/site-packages/airflow/example_dags/tutorial_taskflow_api_etl.py for tasks to queue
[2024-08-12T10:06:57.119+0000] {logging_mixin.py:115} INFO - [2024-08-12T10:06:57.119+0000] {dagbag.py:508} INFO - Filling up the DagBag from /home/airflow/.local/lib/python3.7/site-packages/airflow/example_dags/tutorial_taskflow_api_etl.py
[2024-08-12T10:06:57.131+0000] {processor.py:650} INFO - DAG(s) dict_keys(['tutorial_taskflow_api_etl']) retrieved from /home/airflow/.local/lib/python3.7/site-packages/airflow/example_dags/tutorial_taskflow_api_etl.py
[2024-08-12T10:06:57.150+0000] {logging_mixin.py:115} INFO - [2024-08-12T10:06:57.150+0000] {dag.py:2429} INFO - Sync 1 DAGs
[2024-08-12T10:06:57.170+0000] {logging_mixin.py:115} INFO - [2024-08-12T10:06:57.169+0000] {dag.py:2981} INFO - Setting next_dagrun for tutorial_taskflow_api_etl to None, run_after=None
[2024-08-12T10:06:57.182+0000] {processor.py:161} INFO - Processing /home/airflow/.local/lib/python3.7/site-packages/airflow/example_dags/tutorial_taskflow_api_etl.py took 0.067 seconds
[2024-08-12T10:07:27.444+0000] {processor.py:153} INFO - Started process (PID=1289) to work on /home/airflow/.local/lib/python3.7/site-packages/airflow/example_dags/tutorial_taskflow_api_etl.py
[2024-08-12T10:07:27.445+0000] {processor.py:640} INFO - Processing file /home/airflow/.local/lib/python3.7/site-packages/airflow/example_dags/tutorial_taskflow_api_etl.py for tasks to queue
[2024-08-12T10:07:27.445+0000] {logging_mixin.py:115} INFO - [2024-08-12T10:07:27.445+0000] {dagbag.py:508} INFO - Filling up the DagBag from /home/airflow/.local/lib/python3.7/site-packages/airflow/example_dags/tutorial_taskflow_api_etl.py
[2024-08-12T10:07:27.458+0000] {processor.py:650} INFO - DAG(s) dict_keys(['tutorial_taskflow_api_etl']) retrieved from /home/airflow/.local/lib/python3.7/site-packages/airflow/example_dags/tutorial_taskflow_api_etl.py
[2024-08-12T10:07:27.513+0000] {logging_mixin.py:115} INFO - [2024-08-12T10:07:27.512+0000] {dag.py:2429} INFO - Sync 1 DAGs
[2024-08-12T10:07:27.530+0000] {logging_mixin.py:115} INFO - [2024-08-12T10:07:27.530+0000] {dag.py:2981} INFO - Setting next_dagrun for tutorial_taskflow_api_etl to None, run_after=None
[2024-08-12T10:07:27.543+0000] {processor.py:161} INFO - Processing /home/airflow/.local/lib/python3.7/site-packages/airflow/example_dags/tutorial_taskflow_api_etl.py took 0.102 seconds
[2024-08-12T10:07:58.411+0000] {processor.py:153} INFO - Started process (PID=1345) to work on /home/airflow/.local/lib/python3.7/site-packages/airflow/example_dags/tutorial_taskflow_api_etl.py
[2024-08-12T10:07:58.412+0000] {processor.py:640} INFO - Processing file /home/airflow/.local/lib/python3.7/site-packages/airflow/example_dags/tutorial_taskflow_api_etl.py for tasks to queue
[2024-08-12T10:07:58.412+0000] {logging_mixin.py:115} INFO - [2024-08-12T10:07:58.412+0000] {dagbag.py:508} INFO - Filling up the DagBag from /home/airflow/.local/lib/python3.7/site-packages/airflow/example_dags/tutorial_taskflow_api_etl.py
[2024-08-12T10:07:58.426+0000] {processor.py:650} INFO - DAG(s) dict_keys(['tutorial_taskflow_api_etl']) retrieved from /home/airflow/.local/lib/python3.7/site-packages/airflow/example_dags/tutorial_taskflow_api_etl.py
[2024-08-12T10:07:58.446+0000] {logging_mixin.py:115} INFO - [2024-08-12T10:07:58.446+0000] {dag.py:2429} INFO - Sync 1 DAGs
[2024-08-12T10:07:58.464+0000] {logging_mixin.py:115} INFO - [2024-08-12T10:07:58.463+0000] {dag.py:2981} INFO - Setting next_dagrun for tutorial_taskflow_api_etl to None, run_after=None
[2024-08-12T10:07:58.473+0000] {processor.py:161} INFO - Processing /home/airflow/.local/lib/python3.7/site-packages/airflow/example_dags/tutorial_taskflow_api_etl.py took 0.064 seconds
[2024-08-12T10:08:29.140+0000] {processor.py:153} INFO - Started process (PID=1408) to work on /home/airflow/.local/lib/python3.7/site-packages/airflow/example_dags/tutorial_taskflow_api_etl.py
[2024-08-12T10:08:29.141+0000] {processor.py:640} INFO - Processing file /home/airflow/.local/lib/python3.7/site-packages/airflow/example_dags/tutorial_taskflow_api_etl.py for tasks to queue
[2024-08-12T10:08:29.141+0000] {logging_mixin.py:115} INFO - [2024-08-12T10:08:29.141+0000] {dagbag.py:508} INFO - Filling up the DagBag from /home/airflow/.local/lib/python3.7/site-packages/airflow/example_dags/tutorial_taskflow_api_etl.py
[2024-08-12T10:08:29.154+0000] {processor.py:650} INFO - DAG(s) dict_keys(['tutorial_taskflow_api_etl']) retrieved from /home/airflow/.local/lib/python3.7/site-packages/airflow/example_dags/tutorial_taskflow_api_etl.py
[2024-08-12T10:08:29.175+0000] {logging_mixin.py:115} INFO - [2024-08-12T10:08:29.175+0000] {dag.py:2429} INFO - Sync 1 DAGs
[2024-08-12T10:08:29.193+0000] {logging_mixin.py:115} INFO - [2024-08-12T10:08:29.193+0000] {dag.py:2981} INFO - Setting next_dagrun for tutorial_taskflow_api_etl to None, run_after=None
[2024-08-12T10:08:29.203+0000] {processor.py:161} INFO - Processing /home/airflow/.local/lib/python3.7/site-packages/airflow/example_dags/tutorial_taskflow_api_etl.py took 0.065 seconds
[2024-08-12T10:08:59.932+0000] {processor.py:153} INFO - Started process (PID=1471) to work on /home/airflow/.local/lib/python3.7/site-packages/airflow/example_dags/tutorial_taskflow_api_etl.py
[2024-08-12T10:08:59.933+0000] {processor.py:640} INFO - Processing file /home/airflow/.local/lib/python3.7/site-packages/airflow/example_dags/tutorial_taskflow_api_etl.py for tasks to queue
[2024-08-12T10:08:59.934+0000] {logging_mixin.py:115} INFO - [2024-08-12T10:08:59.934+0000] {dagbag.py:508} INFO - Filling up the DagBag from /home/airflow/.local/lib/python3.7/site-packages/airflow/example_dags/tutorial_taskflow_api_etl.py
[2024-08-12T10:08:59.948+0000] {processor.py:650} INFO - DAG(s) dict_keys(['tutorial_taskflow_api_etl']) retrieved from /home/airflow/.local/lib/python3.7/site-packages/airflow/example_dags/tutorial_taskflow_api_etl.py
[2024-08-12T10:08:59.968+0000] {logging_mixin.py:115} INFO - [2024-08-12T10:08:59.968+0000] {dag.py:2429} INFO - Sync 1 DAGs
[2024-08-12T10:08:59.986+0000] {logging_mixin.py:115} INFO - [2024-08-12T10:08:59.986+0000] {dag.py:2981} INFO - Setting next_dagrun for tutorial_taskflow_api_etl to None, run_after=None
[2024-08-12T10:08:59.996+0000] {processor.py:161} INFO - Processing /home/airflow/.local/lib/python3.7/site-packages/airflow/example_dags/tutorial_taskflow_api_etl.py took 0.066 seconds
[2024-08-12T10:09:30.600+0000] {processor.py:153} INFO - Started process (PID=1525) to work on /home/airflow/.local/lib/python3.7/site-packages/airflow/example_dags/tutorial_taskflow_api_etl.py
[2024-08-12T10:09:30.601+0000] {processor.py:640} INFO - Processing file /home/airflow/.local/lib/python3.7/site-packages/airflow/example_dags/tutorial_taskflow_api_etl.py for tasks to queue
[2024-08-12T10:09:30.601+0000] {logging_mixin.py:115} INFO - [2024-08-12T10:09:30.601+0000] {dagbag.py:508} INFO - Filling up the DagBag from /home/airflow/.local/lib/python3.7/site-packages/airflow/example_dags/tutorial_taskflow_api_etl.py
[2024-08-12T10:09:30.614+0000] {processor.py:650} INFO - DAG(s) dict_keys(['tutorial_taskflow_api_etl']) retrieved from /home/airflow/.local/lib/python3.7/site-packages/airflow/example_dags/tutorial_taskflow_api_etl.py
[2024-08-12T10:09:30.636+0000] {logging_mixin.py:115} INFO - [2024-08-12T10:09:30.636+0000] {dag.py:2429} INFO - Sync 1 DAGs
[2024-08-12T10:09:30.656+0000] {logging_mixin.py:115} INFO - [2024-08-12T10:09:30.655+0000] {dag.py:2981} INFO - Setting next_dagrun for tutorial_taskflow_api_etl to None, run_after=None
[2024-08-12T10:09:30.667+0000] {processor.py:161} INFO - Processing /home/airflow/.local/lib/python3.7/site-packages/airflow/example_dags/tutorial_taskflow_api_etl.py took 0.070 seconds
[2024-08-12T10:10:01.398+0000] {processor.py:153} INFO - Started process (PID=1588) to work on /home/airflow/.local/lib/python3.7/site-packages/airflow/example_dags/tutorial_taskflow_api_etl.py
[2024-08-12T10:10:01.398+0000] {processor.py:640} INFO - Processing file /home/airflow/.local/lib/python3.7/site-packages/airflow/example_dags/tutorial_taskflow_api_etl.py for tasks to queue
[2024-08-12T10:10:01.399+0000] {logging_mixin.py:115} INFO - [2024-08-12T10:10:01.399+0000] {dagbag.py:508} INFO - Filling up the DagBag from /home/airflow/.local/lib/python3.7/site-packages/airflow/example_dags/tutorial_taskflow_api_etl.py
[2024-08-12T10:10:01.412+0000] {processor.py:650} INFO - DAG(s) dict_keys(['tutorial_taskflow_api_etl']) retrieved from /home/airflow/.local/lib/python3.7/site-packages/airflow/example_dags/tutorial_taskflow_api_etl.py
[2024-08-12T10:10:01.434+0000] {logging_mixin.py:115} INFO - [2024-08-12T10:10:01.433+0000] {dag.py:2429} INFO - Sync 1 DAGs
[2024-08-12T10:10:01.453+0000] {logging_mixin.py:115} INFO - [2024-08-12T10:10:01.453+0000] {dag.py:2981} INFO - Setting next_dagrun for tutorial_taskflow_api_etl to None, run_after=None
[2024-08-12T10:10:01.464+0000] {processor.py:161} INFO - Processing /home/airflow/.local/lib/python3.7/site-packages/airflow/example_dags/tutorial_taskflow_api_etl.py took 0.069 seconds
[2024-08-12T10:10:32.129+0000] {processor.py:153} INFO - Started process (PID=1651) to work on /home/airflow/.local/lib/python3.7/site-packages/airflow/example_dags/tutorial_taskflow_api_etl.py
[2024-08-12T10:10:32.129+0000] {processor.py:640} INFO - Processing file /home/airflow/.local/lib/python3.7/site-packages/airflow/example_dags/tutorial_taskflow_api_etl.py for tasks to queue
[2024-08-12T10:10:32.130+0000] {logging_mixin.py:115} INFO - [2024-08-12T10:10:32.130+0000] {dagbag.py:508} INFO - Filling up the DagBag from /home/airflow/.local/lib/python3.7/site-packages/airflow/example_dags/tutorial_taskflow_api_etl.py
[2024-08-12T10:10:32.142+0000] {processor.py:650} INFO - DAG(s) dict_keys(['tutorial_taskflow_api_etl']) retrieved from /home/airflow/.local/lib/python3.7/site-packages/airflow/example_dags/tutorial_taskflow_api_etl.py
[2024-08-12T10:10:32.163+0000] {logging_mixin.py:115} INFO - [2024-08-12T10:10:32.163+0000] {dag.py:2429} INFO - Sync 1 DAGs
[2024-08-12T10:10:32.182+0000] {logging_mixin.py:115} INFO - [2024-08-12T10:10:32.182+0000] {dag.py:2981} INFO - Setting next_dagrun for tutorial_taskflow_api_etl to None, run_after=None
[2024-08-12T10:10:32.192+0000] {processor.py:161} INFO - Processing /home/airflow/.local/lib/python3.7/site-packages/airflow/example_dags/tutorial_taskflow_api_etl.py took 0.066 seconds
[2024-08-12T10:11:02.861+0000] {processor.py:153} INFO - Started process (PID=1714) to work on /home/airflow/.local/lib/python3.7/site-packages/airflow/example_dags/tutorial_taskflow_api_etl.py
[2024-08-12T10:11:02.862+0000] {processor.py:640} INFO - Processing file /home/airflow/.local/lib/python3.7/site-packages/airflow/example_dags/tutorial_taskflow_api_etl.py for tasks to queue
[2024-08-12T10:11:02.863+0000] {logging_mixin.py:115} INFO - [2024-08-12T10:11:02.863+0000] {dagbag.py:508} INFO - Filling up the DagBag from /home/airflow/.local/lib/python3.7/site-packages/airflow/example_dags/tutorial_taskflow_api_etl.py
[2024-08-12T10:11:02.875+0000] {processor.py:650} INFO - DAG(s) dict_keys(['tutorial_taskflow_api_etl']) retrieved from /home/airflow/.local/lib/python3.7/site-packages/airflow/example_dags/tutorial_taskflow_api_etl.py
[2024-08-12T10:11:02.896+0000] {logging_mixin.py:115} INFO - [2024-08-12T10:11:02.896+0000] {dag.py:2429} INFO - Sync 1 DAGs
[2024-08-12T10:11:02.916+0000] {logging_mixin.py:115} INFO - [2024-08-12T10:11:02.916+0000] {dag.py:2981} INFO - Setting next_dagrun for tutorial_taskflow_api_etl to None, run_after=None
[2024-08-12T10:11:02.927+0000] {processor.py:161} INFO - Processing /home/airflow/.local/lib/python3.7/site-packages/airflow/example_dags/tutorial_taskflow_api_etl.py took 0.068 seconds
[2024-08-12T10:11:33.654+0000] {processor.py:153} INFO - Started process (PID=1768) to work on /home/airflow/.local/lib/python3.7/site-packages/airflow/example_dags/tutorial_taskflow_api_etl.py
[2024-08-12T10:11:33.655+0000] {processor.py:640} INFO - Processing file /home/airflow/.local/lib/python3.7/site-packages/airflow/example_dags/tutorial_taskflow_api_etl.py for tasks to queue
[2024-08-12T10:11:33.655+0000] {logging_mixin.py:115} INFO - [2024-08-12T10:11:33.655+0000] {dagbag.py:508} INFO - Filling up the DagBag from /home/airflow/.local/lib/python3.7/site-packages/airflow/example_dags/tutorial_taskflow_api_etl.py
[2024-08-12T10:11:33.669+0000] {processor.py:650} INFO - DAG(s) dict_keys(['tutorial_taskflow_api_etl']) retrieved from /home/airflow/.local/lib/python3.7/site-packages/airflow/example_dags/tutorial_taskflow_api_etl.py
[2024-08-12T10:11:33.690+0000] {logging_mixin.py:115} INFO - [2024-08-12T10:11:33.690+0000] {dag.py:2429} INFO - Sync 1 DAGs
[2024-08-12T10:11:33.709+0000] {logging_mixin.py:115} INFO - [2024-08-12T10:11:33.709+0000] {dag.py:2981} INFO - Setting next_dagrun for tutorial_taskflow_api_etl to None, run_after=None
[2024-08-12T10:11:33.721+0000] {processor.py:161} INFO - Processing /home/airflow/.local/lib/python3.7/site-packages/airflow/example_dags/tutorial_taskflow_api_etl.py took 0.070 seconds
[2024-08-12T10:12:04.382+0000] {processor.py:153} INFO - Started process (PID=1831) to work on /home/airflow/.local/lib/python3.7/site-packages/airflow/example_dags/tutorial_taskflow_api_etl.py
[2024-08-12T10:12:04.383+0000] {processor.py:640} INFO - Processing file /home/airflow/.local/lib/python3.7/site-packages/airflow/example_dags/tutorial_taskflow_api_etl.py for tasks to queue
[2024-08-12T10:12:04.383+0000] {logging_mixin.py:115} INFO - [2024-08-12T10:12:04.383+0000] {dagbag.py:508} INFO - Filling up the DagBag from /home/airflow/.local/lib/python3.7/site-packages/airflow/example_dags/tutorial_taskflow_api_etl.py
[2024-08-12T10:12:04.396+0000] {processor.py:650} INFO - DAG(s) dict_keys(['tutorial_taskflow_api_etl']) retrieved from /home/airflow/.local/lib/python3.7/site-packages/airflow/example_dags/tutorial_taskflow_api_etl.py
[2024-08-12T10:12:04.417+0000] {logging_mixin.py:115} INFO - [2024-08-12T10:12:04.416+0000] {dag.py:2429} INFO - Sync 1 DAGs
[2024-08-12T10:12:04.435+0000] {logging_mixin.py:115} INFO - [2024-08-12T10:12:04.435+0000] {dag.py:2981} INFO - Setting next_dagrun for tutorial_taskflow_api_etl to None, run_after=None
[2024-08-12T10:12:04.444+0000] {processor.py:161} INFO - Processing /home/airflow/.local/lib/python3.7/site-packages/airflow/example_dags/tutorial_taskflow_api_etl.py took 0.065 seconds
[2024-08-12T10:12:35.333+0000] {processor.py:153} INFO - Started process (PID=1894) to work on /home/airflow/.local/lib/python3.7/site-packages/airflow/example_dags/tutorial_taskflow_api_etl.py
[2024-08-12T10:12:35.334+0000] {processor.py:640} INFO - Processing file /home/airflow/.local/lib/python3.7/site-packages/airflow/example_dags/tutorial_taskflow_api_etl.py for tasks to queue
[2024-08-12T10:12:35.334+0000] {logging_mixin.py:115} INFO - [2024-08-12T10:12:35.334+0000] {dagbag.py:508} INFO - Filling up the DagBag from /home/airflow/.local/lib/python3.7/site-packages/airflow/example_dags/tutorial_taskflow_api_etl.py
[2024-08-12T10:12:35.347+0000] {processor.py:650} INFO - DAG(s) dict_keys(['tutorial_taskflow_api_etl']) retrieved from /home/airflow/.local/lib/python3.7/site-packages/airflow/example_dags/tutorial_taskflow_api_etl.py
[2024-08-12T10:12:35.401+0000] {logging_mixin.py:115} INFO - [2024-08-12T10:12:35.400+0000] {dag.py:2429} INFO - Sync 1 DAGs
[2024-08-12T10:12:35.416+0000] {logging_mixin.py:115} INFO - [2024-08-12T10:12:35.416+0000] {dag.py:2981} INFO - Setting next_dagrun for tutorial_taskflow_api_etl to None, run_after=None
[2024-08-12T10:12:35.428+0000] {processor.py:161} INFO - Processing /home/airflow/.local/lib/python3.7/site-packages/airflow/example_dags/tutorial_taskflow_api_etl.py took 0.098 seconds
[2024-08-12T10:13:06.133+0000] {processor.py:153} INFO - Started process (PID=1957) to work on /home/airflow/.local/lib/python3.7/site-packages/airflow/example_dags/tutorial_taskflow_api_etl.py
[2024-08-12T10:13:06.134+0000] {processor.py:640} INFO - Processing file /home/airflow/.local/lib/python3.7/site-packages/airflow/example_dags/tutorial_taskflow_api_etl.py for tasks to queue
[2024-08-12T10:13:06.134+0000] {logging_mixin.py:115} INFO - [2024-08-12T10:13:06.134+0000] {dagbag.py:508} INFO - Filling up the DagBag from /home/airflow/.local/lib/python3.7/site-packages/airflow/example_dags/tutorial_taskflow_api_etl.py
[2024-08-12T10:13:06.148+0000] {processor.py:650} INFO - DAG(s) dict_keys(['tutorial_taskflow_api_etl']) retrieved from /home/airflow/.local/lib/python3.7/site-packages/airflow/example_dags/tutorial_taskflow_api_etl.py
[2024-08-12T10:13:06.169+0000] {logging_mixin.py:115} INFO - [2024-08-12T10:13:06.169+0000] {dag.py:2429} INFO - Sync 1 DAGs
[2024-08-12T10:13:06.188+0000] {logging_mixin.py:115} INFO - [2024-08-12T10:13:06.187+0000] {dag.py:2981} INFO - Setting next_dagrun for tutorial_taskflow_api_etl to None, run_after=None
[2024-08-12T10:13:06.198+0000] {processor.py:161} INFO - Processing /home/airflow/.local/lib/python3.7/site-packages/airflow/example_dags/tutorial_taskflow_api_etl.py took 0.068 seconds
[2024-08-12T10:13:36.889+0000] {processor.py:153} INFO - Started process (PID=2011) to work on /home/airflow/.local/lib/python3.7/site-packages/airflow/example_dags/tutorial_taskflow_api_etl.py
[2024-08-12T10:13:36.890+0000] {processor.py:640} INFO - Processing file /home/airflow/.local/lib/python3.7/site-packages/airflow/example_dags/tutorial_taskflow_api_etl.py for tasks to queue
[2024-08-12T10:13:36.891+0000] {logging_mixin.py:115} INFO - [2024-08-12T10:13:36.891+0000] {dagbag.py:508} INFO - Filling up the DagBag from /home/airflow/.local/lib/python3.7/site-packages/airflow/example_dags/tutorial_taskflow_api_etl.py
[2024-08-12T10:13:36.904+0000] {processor.py:650} INFO - DAG(s) dict_keys(['tutorial_taskflow_api_etl']) retrieved from /home/airflow/.local/lib/python3.7/site-packages/airflow/example_dags/tutorial_taskflow_api_etl.py
[2024-08-12T10:13:36.925+0000] {logging_mixin.py:115} INFO - [2024-08-12T10:13:36.924+0000] {dag.py:2429} INFO - Sync 1 DAGs
[2024-08-12T10:13:36.943+0000] {logging_mixin.py:115} INFO - [2024-08-12T10:13:36.943+0000] {dag.py:2981} INFO - Setting next_dagrun for tutorial_taskflow_api_etl to None, run_after=None
[2024-08-12T10:13:36.952+0000] {processor.py:161} INFO - Processing /home/airflow/.local/lib/python3.7/site-packages/airflow/example_dags/tutorial_taskflow_api_etl.py took 0.066 seconds
[2024-08-12T10:14:07.830+0000] {processor.py:153} INFO - Started process (PID=2074) to work on /home/airflow/.local/lib/python3.7/site-packages/airflow/example_dags/tutorial_taskflow_api_etl.py
[2024-08-12T10:14:07.831+0000] {processor.py:640} INFO - Processing file /home/airflow/.local/lib/python3.7/site-packages/airflow/example_dags/tutorial_taskflow_api_etl.py for tasks to queue
[2024-08-12T10:14:07.831+0000] {logging_mixin.py:115} INFO - [2024-08-12T10:14:07.831+0000] {dagbag.py:508} INFO - Filling up the DagBag from /home/airflow/.local/lib/python3.7/site-packages/airflow/example_dags/tutorial_taskflow_api_etl.py
[2024-08-12T10:14:07.852+0000] {processor.py:650} INFO - DAG(s) dict_keys(['tutorial_taskflow_api_etl']) retrieved from /home/airflow/.local/lib/python3.7/site-packages/airflow/example_dags/tutorial_taskflow_api_etl.py
[2024-08-12T10:14:07.920+0000] {logging_mixin.py:115} INFO - [2024-08-12T10:14:07.920+0000] {dag.py:2429} INFO - Sync 1 DAGs
[2024-08-12T10:14:07.937+0000] {logging_mixin.py:115} INFO - [2024-08-12T10:14:07.937+0000] {dag.py:2981} INFO - Setting next_dagrun for tutorial_taskflow_api_etl to None, run_after=None
[2024-08-12T10:14:07.949+0000] {processor.py:161} INFO - Processing /home/airflow/.local/lib/python3.7/site-packages/airflow/example_dags/tutorial_taskflow_api_etl.py took 0.122 seconds
