[2024-08-12T10:03:01.373+0000] {taskinstance.py:1171} INFO - Dependencies all met for <TaskInstance: first_dag.load_data scheduled__2024-08-11T00:00:00+00:00 [queued]>
[2024-08-12T10:03:01.382+0000] {taskinstance.py:1171} INFO - Dependencies all met for <TaskInstance: first_dag.load_data scheduled__2024-08-11T00:00:00+00:00 [queued]>
[2024-08-12T10:03:01.382+0000] {taskinstance.py:1368} INFO - 
--------------------------------------------------------------------------------
[2024-08-12T10:03:01.382+0000] {taskinstance.py:1369} INFO - Starting attempt 1 of 2
[2024-08-12T10:03:01.382+0000] {taskinstance.py:1370} INFO - 
--------------------------------------------------------------------------------
[2024-08-12T10:03:01.394+0000] {taskinstance.py:1389} INFO - Executing <Task(PythonOperator): load_data> on 2024-08-11 00:00:00+00:00
[2024-08-12T10:03:01.400+0000] {standard_task_runner.py:52} INFO - Started process 353 to run task
[2024-08-12T10:03:01.402+0000] {standard_task_runner.py:79} INFO - Running: ['***', 'tasks', 'run', 'first_dag', 'load_data', 'scheduled__2024-08-11T00:00:00+00:00', '--job-id', '8', '--raw', '--subdir', 'DAGS_FOLDER/first_dags.py', '--cfg-path', '/tmp/tmpx2uevf61', '--error-file', '/tmp/tmp7njg8awn']
[2024-08-12T10:03:01.404+0000] {standard_task_runner.py:80} INFO - Job 8: Subtask load_data
[2024-08-12T10:03:01.456+0000] {task_command.py:371} INFO - Running <TaskInstance: first_dag.load_data scheduled__2024-08-11T00:00:00+00:00 [running]> on host 66cdb9626a78
[2024-08-12T10:03:01.516+0000] {taskinstance.py:1583} INFO - Exporting the following env vars:
AIRFLOW_CTX_DAG_OWNER=***
AIRFLOW_CTX_DAG_ID=first_dag
AIRFLOW_CTX_TASK_ID=load_data
AIRFLOW_CTX_EXECUTION_DATE=2024-08-11T00:00:00+00:00
AIRFLOW_CTX_TRY_NUMBER=1
AIRFLOW_CTX_DAG_RUN_ID=scheduled__2024-08-11T00:00:00+00:00
[2024-08-12T10:03:01.518+0000] {postgres.py:127} INFO - Running copy expert: COPY pipeline FROM stdin WITH DELIMITER as ',', filename: /tmp/agg_data.csv
[2024-08-12T10:03:01.525+0000] {base.py:68} INFO - Using connection ID 'postgres' for task execution.
[2024-08-12T10:03:01.531+0000] {first_dags.py:74} INFO - Data loaded successfully
[2024-08-12T10:03:01.531+0000] {python.py:173} INFO - Done. Returned value was: None
[2024-08-12T10:03:01.543+0000] {taskinstance.py:1412} INFO - Marking task as SUCCESS. dag_id=first_dag, task_id=load_data, execution_date=20240811T000000, start_date=20240812T100301, end_date=20240812T100301
[2024-08-12T10:03:01.574+0000] {local_task_job.py:156} INFO - Task exited with return code 0
[2024-08-12T10:03:01.604+0000] {local_task_job.py:279} INFO - 0 downstream tasks scheduled from follow-on schedule check
