[2024-08-12T10:03:00.325+0000] {taskinstance.py:1171} INFO - Dependencies all met for <TaskInstance: first_dag.transform_data scheduled__2024-08-11T00:00:00+00:00 [queued]>
[2024-08-12T10:03:00.334+0000] {taskinstance.py:1171} INFO - Dependencies all met for <TaskInstance: first_dag.transform_data scheduled__2024-08-11T00:00:00+00:00 [queued]>
[2024-08-12T10:03:00.335+0000] {taskinstance.py:1368} INFO - 
--------------------------------------------------------------------------------
[2024-08-12T10:03:00.335+0000] {taskinstance.py:1369} INFO - Starting attempt 1 of 2
[2024-08-12T10:03:00.335+0000] {taskinstance.py:1370} INFO - 
--------------------------------------------------------------------------------
[2024-08-12T10:03:00.347+0000] {taskinstance.py:1389} INFO - Executing <Task(PythonOperator): transform_data> on 2024-08-11 00:00:00+00:00
[2024-08-12T10:03:00.353+0000] {standard_task_runner.py:52} INFO - Started process 350 to run task
[2024-08-12T10:03:00.355+0000] {standard_task_runner.py:79} INFO - Running: ['***', 'tasks', 'run', 'first_dag', 'transform_data', 'scheduled__2024-08-11T00:00:00+00:00', '--job-id', '7', '--raw', '--subdir', 'DAGS_FOLDER/first_dags.py', '--cfg-path', '/tmp/tmpmb8a902k', '--error-file', '/tmp/tmp9ec44u5c']
[2024-08-12T10:03:00.357+0000] {standard_task_runner.py:80} INFO - Job 7: Subtask transform_data
[2024-08-12T10:03:00.412+0000] {task_command.py:371} INFO - Running <TaskInstance: first_dag.transform_data scheduled__2024-08-11T00:00:00+00:00 [running]> on host 66cdb9626a78
[2024-08-12T10:03:00.473+0000] {taskinstance.py:1583} INFO - Exporting the following env vars:
AIRFLOW_CTX_DAG_OWNER=***
AIRFLOW_CTX_DAG_ID=first_dag
AIRFLOW_CTX_TASK_ID=transform_data
AIRFLOW_CTX_EXECUTION_DATE=2024-08-11T00:00:00+00:00
AIRFLOW_CTX_TRY_NUMBER=1
AIRFLOW_CTX_DAG_RUN_ID=scheduled__2024-08-11T00:00:00+00:00
[2024-08-12T10:03:00.626+0000] {first_dags.py:44} INFO - Extracted data loaded successfully from XCom
[2024-08-12T10:03:00.666+0000] {python.py:173} INFO - Done. Returned value was: None
[2024-08-12T10:03:00.678+0000] {taskinstance.py:1412} INFO - Marking task as SUCCESS. dag_id=first_dag, task_id=transform_data, execution_date=20240811T000000, start_date=20240812T100300, end_date=20240812T100300
[2024-08-12T10:03:00.728+0000] {local_task_job.py:156} INFO - Task exited with return code 0
[2024-08-12T10:03:00.759+0000] {local_task_job.py:279} INFO - 1 downstream tasks scheduled from follow-on schedule check
