[2024-08-12T10:02:59.178+0000] {taskinstance.py:1171} INFO - Dependencies all met for <TaskInstance: first_dag.create_table scheduled__2024-08-11T00:00:00+00:00 [queued]>
[2024-08-12T10:02:59.187+0000] {taskinstance.py:1171} INFO - Dependencies all met for <TaskInstance: first_dag.create_table scheduled__2024-08-11T00:00:00+00:00 [queued]>
[2024-08-12T10:02:59.188+0000] {taskinstance.py:1368} INFO - 
--------------------------------------------------------------------------------
[2024-08-12T10:02:59.188+0000] {taskinstance.py:1369} INFO - Starting attempt 1 of 2
[2024-08-12T10:02:59.188+0000] {taskinstance.py:1370} INFO - 
--------------------------------------------------------------------------------
[2024-08-12T10:02:59.200+0000] {taskinstance.py:1389} INFO - Executing <Task(PostgresOperator): create_table> on 2024-08-11 00:00:00+00:00
[2024-08-12T10:02:59.207+0000] {standard_task_runner.py:52} INFO - Started process 347 to run task
[2024-08-12T10:02:59.210+0000] {standard_task_runner.py:79} INFO - Running: ['***', 'tasks', 'run', 'first_dag', 'create_table', 'scheduled__2024-08-11T00:00:00+00:00', '--job-id', '6', '--raw', '--subdir', 'DAGS_FOLDER/first_dags.py', '--cfg-path', '/tmp/tmpfuo6mxvb', '--error-file', '/tmp/tmpglru7_e7']
[2024-08-12T10:02:59.211+0000] {standard_task_runner.py:80} INFO - Job 6: Subtask create_table
[2024-08-12T10:02:59.276+0000] {task_command.py:371} INFO - Running <TaskInstance: first_dag.create_table scheduled__2024-08-11T00:00:00+00:00 [running]> on host 66cdb9626a78
[2024-08-12T10:02:59.353+0000] {taskinstance.py:1583} INFO - Exporting the following env vars:
AIRFLOW_CTX_DAG_OWNER=***
AIRFLOW_CTX_DAG_ID=first_dag
AIRFLOW_CTX_TASK_ID=create_table
AIRFLOW_CTX_EXECUTION_DATE=2024-08-11T00:00:00+00:00
AIRFLOW_CTX_TRY_NUMBER=1
AIRFLOW_CTX_DAG_RUN_ID=scheduled__2024-08-11T00:00:00+00:00
[2024-08-12T10:02:59.363+0000] {base.py:68} INFO - Using connection ID 'postgres' for task execution.
[2024-08-12T10:02:59.366+0000] {sql.py:315} INFO - Running statement: drop table if exists pipeline;
            create table pipeline(
                vehicletypes TEXT,
                crash_record_id INT
            ), parameters: None
[2024-08-12T10:02:59.392+0000] {postgres.py:94} INFO - NOTICE:  table "pipeline" does not exist, skipping

[2024-08-12T10:02:59.404+0000] {taskinstance.py:1412} INFO - Marking task as SUCCESS. dag_id=first_dag, task_id=create_table, execution_date=20240811T000000, start_date=20240812T100259, end_date=20240812T100259
[2024-08-12T10:02:59.462+0000] {local_task_job.py:156} INFO - Task exited with return code 0
[2024-08-12T10:02:59.535+0000] {local_task_job.py:279} INFO - 1 downstream tasks scheduled from follow-on schedule check
